No resources found
      "arrival_statistic": 4,
      "scheduling": "vram-aware",
         "arrival_seed": 123
Sending build context to Docker daemon  393.3MB
Step 1/12 : FROM nvidia/cuda:11.1.1-cudnn8-devel-ubuntu20.04
11.1.1-cudnn8-devel-ubuntu20.04: Pulling from nvidia/cuda
Digest: sha256:e014cb0151b818b56c4e61a95c4c2050d7c9ee7351e1b20d8e3007fcecbfb4d4
Status: Downloaded newer image for nvidia/cuda:11.1.1-cudnn8-devel-ubuntu20.04
 ---> ca0ba09cf0a2
Step 2/12 : ARG DEBIAN_FRONTEND=noninteractive
 ---> Using cache
 ---> ad5126f35a83
Step 3/12 : WORKDIR /opt/federation-lab
 ---> Using cache
 ---> 471a19dcbb4b
Step 4/12 : RUN apt-get update && apt-get install -y curl python3 python3-pip net-tools iproute2 git
 ---> Using cache
 ---> 53a5405a8c44
Step 5/12 : RUN python3 -m pip install numpy Cython cmake ninja
 ---> Using cache
 ---> cc55757e1112
Step 6/12 : RUN python3 -m pip install torch==1.9+cu111 torchvision==0.10+cu111 -f https://download.pytorch.org/whl/torch_stable.html
 ---> Using cache
 ---> d9fe2a0c835f
Step 7/12 : ADD requirements.txt ./
 ---> Using cache
 ---> a733432a2e03
Step 8/12 : RUN python3 -m pip install -r requirements.txt
 ---> Using cache
 ---> 2e6f69826ac1
Step 9/12 : ADD fltk fltk
 ---> Using cache
 ---> 90c7bfb43d9c
Step 10/12 : ADD configs configs
 ---> 24fcf298a98d
Step 11/12 : ADD charts charts
 ---> ff953e2226d2
Step 12/12 : ADD allresults.csv allresults.csv
 ---> 4879082f2166
Successfully built 4879082f2166
Successfully tagged 192.168.1.187:6000/fltk/fltk:latest
Using default tag: latest
The push refers to repository [192.168.1.187:6000/fltk/fltk]
4fe862e2970c: Preparing
bb963ecb8af9: Preparing
a9b49565e188: Preparing
0f90858730c4: Preparing
81a0a694f8fb: Preparing
1eb927d93505: Preparing
5faf23568bde: Preparing
b9e0fc92be93: Preparing
4e311038b14a: Preparing
307814c51c70: Preparing
b69dc9a1ae51: Preparing
a770b43c251e: Preparing
9debf17f1f41: Preparing
c7209b337a87: Preparing
4b5b20c7e93f: Preparing
8fa17e46d6a7: Preparing
1eb927d93505: Waiting
7b645d264080: Preparing
4ede1962eac3: Preparing
5faf23568bde: Waiting
3f397bf4a209: Preparing
4942a1abcbfa: Preparing
b9e0fc92be93: Waiting
307814c51c70: Waiting
4e311038b14a: Waiting
b69dc9a1ae51: Waiting
a770b43c251e: Waiting
7b645d264080: Waiting
4b5b20c7e93f: Waiting
4942a1abcbfa: Waiting
9debf17f1f41: Waiting
c7209b337a87: Waiting
8fa17e46d6a7: Waiting
3f397bf4a209: Waiting
0f90858730c4: Layer already exists
81a0a694f8fb: Layer already exists
5faf23568bde: Layer already exists
1eb927d93505: Layer already exists
b9e0fc92be93: Layer already exists
4e311038b14a: Layer already exists
307814c51c70: Layer already exists
b69dc9a1ae51: Layer already exists
a770b43c251e: Layer already exists
9debf17f1f41: Layer already exists
4b5b20c7e93f: Layer already exists
c7209b337a87: Layer already exists
8fa17e46d6a7: Layer already exists
7b645d264080: Layer already exists
3f397bf4a209: Layer already exists
4ede1962eac3: Layer already exists
4942a1abcbfa: Layer already exists
a9b49565e188: Pushed
bb963ecb8af9: Pushed
4fe862e2970c: Pushed
latest: digest: sha256:33c7689c9b6dbf15d892a33ecb079b47d604a1033f4258ea3dbbc3f6836031f5 size: 4530
NAME: flearner
LAST DEPLOYED: Mon Oct 25 09:12:22 2021
NAMESPACE: default
STATUS: deployed
REVISION: 1
TEST SUITE: None
release "flearner" uninstalled
pytorchjob.kubeflow.org "00019f4c-ffc2-4099-a7cc-715d8220f5f0" deleted
pytorchjob.kubeflow.org "07030d5b-49d6-49d2-8864-da90a4a19cb0" deleted
pytorchjob.kubeflow.org "0c27c001-64c5-4dc0-8074-6464b7947a3f" deleted
pytorchjob.kubeflow.org "0f3948a9-993a-4012-ab07-3227e486b57f" deleted
pytorchjob.kubeflow.org "0f5e57f7-7992-47ff-82c1-9972896b78c9" deleted
pytorchjob.kubeflow.org "11ca1f04-bdd1-4cb9-be18-f25f7232ac2e" deleted
pytorchjob.kubeflow.org "11e17c60-fe13-4cc1-99c6-dbd4876becb3" deleted
pytorchjob.kubeflow.org "13406069-3e95-4c9c-ac4e-551e11559f19" deleted
pytorchjob.kubeflow.org "1d21b6ac-4661-49fb-acb5-79bb4a02a6e9" deleted
pytorchjob.kubeflow.org "25c35cda-36fd-47e4-8712-20272baaaa1c" deleted
pytorchjob.kubeflow.org "25f6eae2-0968-420c-a86d-bd5a6a3e62ad" deleted
pytorchjob.kubeflow.org "282b9044-5cc9-4cc1-9314-2429d1366f98" deleted
pytorchjob.kubeflow.org "2b7f47bf-fb28-4dc7-9602-5af1daa2399e" deleted
pytorchjob.kubeflow.org "2bff724d-b6e5-491f-82e1-c1b3d268f220" deleted
pytorchjob.kubeflow.org "2f08dadf-f2eb-4c78-8c4c-5d0fa666d8a6" deleted
pytorchjob.kubeflow.org "344d9a20-e76e-42a1-9a36-6a854cb7a945" deleted
pytorchjob.kubeflow.org "35aec603-0b98-4b0f-818d-f8278705b8ab" deleted
pytorchjob.kubeflow.org "38fdd814-e57d-47b8-97fe-b59320d9f82b" deleted
pytorchjob.kubeflow.org "3a6511df-9457-4c3c-b9d0-cd440d2979f5" deleted
pytorchjob.kubeflow.org "3fb2e014-553d-4e9f-bce0-9d30ab4f680f" deleted
pytorchjob.kubeflow.org "442a16f6-dad7-46d3-8d97-849a0e038383" deleted
pytorchjob.kubeflow.org "46923459-9b5b-41b9-ac7a-91bc91134422" deleted
pytorchjob.kubeflow.org "473d6470-3f4f-48d1-8114-10b478cd6989" deleted
pytorchjob.kubeflow.org "4908064e-982a-4455-ad40-c2b0d52b18b3" deleted
pytorchjob.kubeflow.org "4a4c4353-b0dd-40c9-9f3a-48d31eae9c43" deleted
pytorchjob.kubeflow.org "4da1b523-0810-42b8-9dca-4430caab9384" deleted
pytorchjob.kubeflow.org "5131147f-6fe5-49c2-9366-541354f54bc5" deleted
pytorchjob.kubeflow.org "51e208d6-a0f7-4660-ab2c-005a94e4e68e" deleted
pytorchjob.kubeflow.org "522ad557-89ce-4551-9a6e-ae02309c3625" deleted
pytorchjob.kubeflow.org "53ad60aa-7830-4ef8-ab09-1e6f973d1dc1" deleted
pytorchjob.kubeflow.org "5535f3f8-486e-4612-8d7e-6df05c3e4bfa" deleted
pytorchjob.kubeflow.org "584d5511-b730-487c-890d-0bcceb09f3b2" deleted
pytorchjob.kubeflow.org "589436a5-90c6-46fa-9a10-489e37a17d3b" deleted
pytorchjob.kubeflow.org "5a658c68-ce63-445d-9ac4-8c380b1ed272" deleted
pytorchjob.kubeflow.org "5b992226-53c9-463b-a8fb-330438f235c6" deleted
pytorchjob.kubeflow.org "5bf0a6a2-0958-450b-9aa7-bebd8ef9a146" deleted
pytorchjob.kubeflow.org "5d45df24-ac3e-4567-b358-9f814097e412" deleted
pytorchjob.kubeflow.org "5fa2bb20-dff9-4c50-91f6-3ef0fe130b65" deleted
pytorchjob.kubeflow.org "6099560e-77b4-4761-9f7d-96f07732f834" deleted
pytorchjob.kubeflow.org "64ed3725-51dc-4698-b703-d3979f6daf5a" deleted
pytorchjob.kubeflow.org "66dfb8bb-2ebf-4a96-8cf7-39cb640c4822" deleted
pytorchjob.kubeflow.org "674e851c-f10c-4a33-9bef-4c599bacba8e" deleted
pytorchjob.kubeflow.org "6962c718-133e-4237-80dd-e3c609482982" deleted
pytorchjob.kubeflow.org "70cccbdd-8983-43b4-937a-964f2b04a7fb" deleted
pytorchjob.kubeflow.org "72931cfb-8eb6-442f-91c0-3300ff52b4ac" deleted
pytorchjob.kubeflow.org "764b269e-efd0-4a3d-b2c3-1f588d543717" deleted
pytorchjob.kubeflow.org "7716e1c6-5898-494b-b79f-5e9d7636bd0b" deleted
pytorchjob.kubeflow.org "771a1508-1659-44a0-a89e-439292b58c5f" deleted
pytorchjob.kubeflow.org "77c6eada-71eb-4c6d-bc7e-3e91b4571154" deleted
pytorchjob.kubeflow.org "79a3aa0c-1e0c-487f-91e9-93f79198dc4e" deleted
pytorchjob.kubeflow.org "79c3bd96-ba64-4307-bae9-e9f22261eb40" deleted
pytorchjob.kubeflow.org "79fefe52-f916-46c1-9ab9-e62631fa3917" deleted
pytorchjob.kubeflow.org "7a127c47-838c-4733-acef-52fee8ba714d" deleted
pytorchjob.kubeflow.org "7ae37986-9968-448f-a586-b66b2ba81c51" deleted
pytorchjob.kubeflow.org "7f46c172-4cbd-48c4-9fe6-641cccd56a6d" deleted
pytorchjob.kubeflow.org "7fe25770-230c-4dcb-8add-d8d455973d23" deleted
pytorchjob.kubeflow.org "8340b4ec-9441-4421-a133-d35f2a0bc2dd" deleted
pytorchjob.kubeflow.org "89344d7b-d977-4ae8-ada0-4e6321834202" deleted
pytorchjob.kubeflow.org "8aab4979-6892-4cc0-8968-d695c832a824" deleted
pytorchjob.kubeflow.org "8c0dfa5d-6a71-497d-8468-4799acdc77bf" deleted
pytorchjob.kubeflow.org "8c69071c-49e0-4cc2-85a6-69bf52ccb0fe" deleted
pytorchjob.kubeflow.org "8cefdf85-eaac-496e-bbb9-c7020f3ba923" deleted
pytorchjob.kubeflow.org "911eb423-e3ff-4e1e-88f5-9b94c2eb223b" deleted
pytorchjob.kubeflow.org "944ed1ad-4747-46cf-8ca7-1850ce6999ac" deleted
pytorchjob.kubeflow.org "9479c1a0-6f2f-4105-88c8-e60bd6848faf" deleted
pytorchjob.kubeflow.org "956662de-a1ba-43b1-8d52-ed2539afe4eb" deleted
pytorchjob.kubeflow.org "9b1f90e1-5059-498c-823b-4c6df517dd2b" deleted
pytorchjob.kubeflow.org "9c358784-a94e-4bf9-8959-1fcc68229eed" deleted
pytorchjob.kubeflow.org "9d2a82e6-799c-44a8-8340-de8f0b8380dd" deleted
pytorchjob.kubeflow.org "9fda5dad-6afb-45d3-8963-5d9be7f0a061" deleted
pytorchjob.kubeflow.org "a81f8877-f800-4e01-9a64-8b5fc66ce663" deleted
pytorchjob.kubeflow.org "ac1b7c63-889d-4948-a480-7b8d7d90b733" deleted
pytorchjob.kubeflow.org "ad6d5b75-b17f-43cb-8d20-c37afaa2ffdc" deleted
pytorchjob.kubeflow.org "adcfb231-2490-4689-815c-16a217280796" deleted
pytorchjob.kubeflow.org "b1a1e965-049a-47d8-9e51-5078163c3926" deleted
pytorchjob.kubeflow.org "b2416ebb-037e-4d7c-8146-cd3f62584ba2" deleted
pytorchjob.kubeflow.org "b2894f1a-2451-47a5-9f6c-45e4095646e7" deleted
pytorchjob.kubeflow.org "b3c6977e-60cd-4020-ac2b-a820ea49d744" deleted
pytorchjob.kubeflow.org "b41bcaa2-1870-4cbc-9164-35562a91c6d0" deleted
pytorchjob.kubeflow.org "b68692b5-1b8a-4e7b-b657-c386f6985d26" deleted
pytorchjob.kubeflow.org "b7144ace-7cd4-48be-bc64-b82eb0832324" deleted
pytorchjob.kubeflow.org "b946e0bb-580f-49e7-aa41-f4972337bf6f" deleted
pytorchjob.kubeflow.org "ba5b0d0e-67e4-459e-9729-a2eb26ef8ac0" deleted
pytorchjob.kubeflow.org "ba66c349-26ed-4e27-9d5f-e913a5631c2c" deleted
pytorchjob.kubeflow.org "bf1b62e1-a752-46b6-8b93-0ef8252ff412" deleted
pytorchjob.kubeflow.org "c0faa8b3-d2dc-47c7-93b1-1f57353416b4" deleted
pytorchjob.kubeflow.org "c29a040e-1770-4796-92de-e137c7712327" deleted
pytorchjob.kubeflow.org "c42b64bb-3a34-4769-a10b-64441942ba16" deleted
pytorchjob.kubeflow.org "cab880cb-caf0-40b4-a718-63a1a83b1735" deleted
pytorchjob.kubeflow.org "cc1bcc22-87a7-4382-a055-2ba808e69780" deleted
pytorchjob.kubeflow.org "cd9b21bc-6179-493b-94b5-df7a34fe18ac" deleted
pytorchjob.kubeflow.org "d33345b3-68f9-4e47-8912-c7ca6c7aa6c5" deleted
pytorchjob.kubeflow.org "d4397455-032c-4ad4-82ce-6a7b9343d21b" deleted
pytorchjob.kubeflow.org "d44962fa-a2a4-4b05-b494-4e3957e852c6" deleted
pytorchjob.kubeflow.org "d948d5c0-332d-434e-85ee-7b3d4ccdb07f" deleted
pytorchjob.kubeflow.org "d96700b1-602f-4047-b18e-ad73eb72b1c0" deleted
pytorchjob.kubeflow.org "d9980cfe-bd70-495a-a4f3-e187e7a89986" deleted
pytorchjob.kubeflow.org "da11fc5c-26a3-4fdb-b0dc-8293f31f7e51" deleted
pytorchjob.kubeflow.org "ddf973af-27e3-41c7-afab-d121bc460cfa" deleted
pytorchjob.kubeflow.org "e00c92c8-15a0-44f7-94eb-f08c1a6a97be" deleted
pytorchjob.kubeflow.org "e75a1da0-5e3d-45e0-a56e-0ca1827d4e1d" deleted
pytorchjob.kubeflow.org "e7c829c3-d819-434f-aa3e-3b8001f6dd24" deleted
pytorchjob.kubeflow.org "e7e63c48-f7a3-4165-8351-23e3d9d1d799" deleted
pytorchjob.kubeflow.org "e8e82463-7c6e-4dfe-874c-974b2b16ab13" deleted
pytorchjob.kubeflow.org "e9cb7d42-b33e-4914-a646-45dd141a62f1" deleted
pytorchjob.kubeflow.org "eade9e4d-3124-445d-9c87-8ebcdbf42540" deleted
pytorchjob.kubeflow.org "eb19da1a-6477-436d-8035-9e24aa663ed1" deleted
pytorchjob.kubeflow.org "eff7e5e0-51b2-4ad3-bbcf-8b64eed8df24" deleted
pytorchjob.kubeflow.org "f105891f-84b9-4521-b3b7-303b01501dd2" deleted
pytorchjob.kubeflow.org "f2ab26f0-cd24-4677-b711-bb178137f6c6" deleted
pytorchjob.kubeflow.org "f6b2575f-4043-461b-84c2-5d3f4db6da38" deleted
pytorchjob.kubeflow.org "fcdc9fc3-194b-471e-99b0-0725e075c2f4" deleted
      "arrival_statistic": 4,
      "scheduling": "vram-aware",
         "arrival_seed": 234
Sending build context to Docker daemon  393.6MB
Step 1/12 : FROM nvidia/cuda:11.1.1-cudnn8-devel-ubuntu20.04
11.1.1-cudnn8-devel-ubuntu20.04: Pulling from nvidia/cuda
Digest: sha256:e014cb0151b818b56c4e61a95c4c2050d7c9ee7351e1b20d8e3007fcecbfb4d4
Status: Downloaded newer image for nvidia/cuda:11.1.1-cudnn8-devel-ubuntu20.04
 ---> ca0ba09cf0a2
Step 2/12 : ARG DEBIAN_FRONTEND=noninteractive
 ---> Using cache
 ---> ad5126f35a83
Step 3/12 : WORKDIR /opt/federation-lab
 ---> Using cache
 ---> 471a19dcbb4b
Step 4/12 : RUN apt-get update && apt-get install -y curl python3 python3-pip net-tools iproute2 git
 ---> Using cache
 ---> 53a5405a8c44
Step 5/12 : RUN python3 -m pip install numpy Cython cmake ninja
 ---> Using cache
 ---> cc55757e1112
Step 6/12 : RUN python3 -m pip install torch==1.9+cu111 torchvision==0.10+cu111 -f https://download.pytorch.org/whl/torch_stable.html
 ---> Using cache
 ---> d9fe2a0c835f
Step 7/12 : ADD requirements.txt ./
 ---> Using cache
 ---> a733432a2e03
Step 8/12 : RUN python3 -m pip install -r requirements.txt
 ---> Using cache
 ---> 2e6f69826ac1
Step 9/12 : ADD fltk fltk
 ---> Using cache
 ---> 90c7bfb43d9c
Step 10/12 : ADD configs configs
 ---> 8767c6957e92
Step 11/12 : ADD charts charts
 ---> d9d3f3e04ff3
Step 12/12 : ADD allresults.csv allresults.csv
 ---> 3e36f13e59aa
Successfully built 3e36f13e59aa
Successfully tagged 192.168.1.187:6000/fltk/fltk:latest
Using default tag: latest
The push refers to repository [192.168.1.187:6000/fltk/fltk]
6205f46ec19c: Preparing
0ffaca0a9ea9: Preparing
56c463ed97c6: Preparing
0f90858730c4: Preparing
81a0a694f8fb: Preparing
1eb927d93505: Preparing
5faf23568bde: Preparing
b9e0fc92be93: Preparing
4e311038b14a: Preparing
307814c51c70: Preparing
b69dc9a1ae51: Preparing
a770b43c251e: Preparing
9debf17f1f41: Preparing
c7209b337a87: Preparing
4b5b20c7e93f: Preparing
8fa17e46d6a7: Preparing
7b645d264080: Preparing
4ede1962eac3: Preparing
3f397bf4a209: Preparing
4942a1abcbfa: Preparing
9debf17f1f41: Waiting
c7209b337a87: Waiting
5faf23568bde: Waiting
307814c51c70: Waiting
b69dc9a1ae51: Waiting
4b5b20c7e93f: Waiting
b9e0fc92be93: Waiting
8fa17e46d6a7: Waiting
4e311038b14a: Waiting
7b645d264080: Waiting
4ede1962eac3: Waiting
1eb927d93505: Waiting
3f397bf4a209: Waiting
4942a1abcbfa: Waiting
a770b43c251e: Waiting
81a0a694f8fb: Layer already exists
0f90858730c4: Layer already exists
5faf23568bde: Layer already exists
1eb927d93505: Layer already exists
b9e0fc92be93: Layer already exists
4e311038b14a: Layer already exists
307814c51c70: Layer already exists
b69dc9a1ae51: Layer already exists
a770b43c251e: Layer already exists
9debf17f1f41: Layer already exists
c7209b337a87: Layer already exists
8fa17e46d6a7: Layer already exists
4b5b20c7e93f: Layer already exists
7b645d264080: Layer already exists
4ede1962eac3: Layer already exists
3f397bf4a209: Layer already exists
4942a1abcbfa: Layer already exists
56c463ed97c6: Pushed
6205f46ec19c: Pushed
0ffaca0a9ea9: Pushed
latest: digest: sha256:0dc847c22a5f95b2808020f44657ce0ab3e2b91786a40c4fa6403b3c711cc4c7 size: 4530
NAME: flearner
LAST DEPLOYED: Mon Oct 25 09:23:22 2021
NAMESPACE: default
STATUS: deployed
REVISION: 1
TEST SUITE: None
