/usr/local/lib/python3.8/dist-packages/dataclasses_json/core.py:171: RuntimeWarning: `NoneType` object value of non-optional type config_path detected when decoding BareConfig.
  warnings.warn(f"`NoneType` object {warning}.", RuntimeWarning)
10-23-2021 14:20:10 root         INFO     Starting in cluster mode.
10-23-2021 14:20:10 root         INFO     Starting as Orchestrator
10-23-2021 14:20:10 root         INFO     Starting Orchestrator, initializing resources....
10-23-2021 14:20:10 root         INFO     Loading in cluster configuration file
10-23-2021 14:20:10 root         INFO     Pointing configuration to in cluster configuration.
10-23-2021 14:20:10 root         INFO     Starting cluster manager
10-23-2021 14:20:10 ClusterManager INFO     Spinning up cluster manager...
10-23-2021 14:20:10 ResourceWatchDog INFO     Starting resource watchdog
10-23-2021 14:20:10 root         INFO     Starting arrival generator
10-23-2021 14:20:10 ClusterManager INFO     Still alive...
10-23-2021 14:20:10 ResourceWatchDog INFO     Fetching node information of cluster...
10-23-2021 14:20:10 root         INFO     Starting orchestrator
10-23-2021 14:20:10 StyleGANExperimentGenerator INFO     Starting execution of arrival generator...
10-23-2021 14:20:10 StyleGANExperimentGenerator INFO     Populating tick lists with initial arrivals
10-23-2021 14:20:10 StyleGANExperimentGenerator INFO     Creating task for StyleGANInferenceJob
10-23-2021 14:20:10 Orchestrator INFO     Clearing old jobs in current namespace: default
10
10-23-2021 14:20:10 ResourceWatchDog INFO     Starting with watching resources
10-23-2021 14:20:20 ClusterManager INFO     Still alive...
10-23-2021 14:20:20 ResourceWatchDog INFO     Fetching job finish times...
10-23-2021 14:20:20 ResourceWatchDog INFO     Fetching resource information of cluster...
10-23-2021 14:20:20 ResourceWatchDog INFO     {'ubuntu94025': Resource(node_name='ubuntu94025', cpu_allocatable=<Quantity(24, 'dimensionless')>, memory_allocatable=<Quantity(65626416, 'Ki')>, cpu_requested=<Quantity(2.72, 'dimensionless')>, memory_requested=<Quantity(3570766848, 'dimensionless')>, cpu_limit=<Quantity(22.4, 'dimensionless')>, memory_limit=<Quantity(15637779456, 'dimensionless')>, vram_free=[11174.4375, 24264.6875], vram_total=[11178.5, 24268.3125])}
10-23-2021 14:20:21 StyleGANExperimentGenerator INFO     Creating task for StyleGANInferenceJob
10
10-23-2021 14:20:25 Orchestrator INFO     Scheduling arrival of Arrival: af163a11-a016-454e-ad46-7943eb5963e0
10-23-2021 14:20:25 Orchestrator INFO     Deploying on cluster: af163a11-a016-454e-ad46-7943eb5963e0
10-23-2021 14:20:27 StyleGANExperimentGenerator INFO     Creating task for StyleGANInferenceJob
10
10-23-2021 14:20:30 ClusterManager INFO     Still alive...
10-23-2021 14:20:30 Orchestrator INFO     Scheduling arrival of Arrival: 4ffa2ad6-1f49-47a5-a531-56b1f8b77401
10-23-2021 14:20:30 Orchestrator INFO     Deploying on cluster: 4ffa2ad6-1f49-47a5-a531-56b1f8b77401
10-23-2021 14:20:30 ResourceWatchDog INFO     Fetching job finish times...
10-23-2021 14:20:30 ResourceWatchDog INFO     Fetching resource information of cluster...
10-23-2021 14:20:31 ResourceWatchDog INFO     {'ubuntu94025': Resource(node_name='ubuntu94025', cpu_allocatable=<Quantity(24, 'dimensionless')>, memory_allocatable=<Quantity(65626416, 'Ki')>, cpu_requested=<Quantity(2.72, 'dimensionless')>, memory_requested=<Quantity(3570766848, 'dimensionless')>, cpu_limit=<Quantity(22.4, 'dimensionless')>, memory_limit=<Quantity(15637779456, 'dimensionless')>, vram_free=[10209.4375, 24264.6875], vram_total=[11178.5, 24268.3125])}
10-23-2021 14:20:38 StyleGANExperimentGenerator INFO     Creating task for StyleGANInferenceJob
10
10-23-2021 14:20:40 ClusterManager INFO     Still alive...
10-23-2021 14:20:40 Orchestrator INFO     Scheduling arrival of Arrival: bf079ead-0bc4-4f31-808d-777530d95190
10-23-2021 14:20:40 Orchestrator INFO     Deploying on cluster: bf079ead-0bc4-4f31-808d-777530d95190
10-23-2021 14:20:41 ResourceWatchDog INFO     Fetching job finish times...
10-23-2021 14:20:41 ResourceWatchDog INFO     Fetching resource information of cluster...
10-23-2021 14:20:41 ResourceWatchDog INFO     {'ubuntu94025': Resource(node_name='ubuntu94025', cpu_allocatable=<Quantity(24, 'dimensionless')>, memory_allocatable=<Quantity(65626416, 'Ki')>, cpu_requested=<Quantity(2.72, 'dimensionless')>, memory_requested=<Quantity(3570766848, 'dimensionless')>, cpu_limit=<Quantity(22.4, 'dimensionless')>, memory_limit=<Quantity(15637779456, 'dimensionless')>, vram_free=[5955.4375, 24264.6875], vram_total=[11178.5, 24268.3125])}
10-23-2021 14:20:50 ClusterManager INFO     Still alive...
10-23-2021 14:20:51 ResourceWatchDog INFO     Fetching job finish times...
10-23-2021 14:20:51 ResourceWatchDog INFO     Fetching resource information of cluster...
10-23-2021 14:20:51 ResourceWatchDog INFO     {'ubuntu94025': Resource(node_name='ubuntu94025', cpu_allocatable=<Quantity(24, 'dimensionless')>, memory_allocatable=<Quantity(65626416, 'Ki')>, cpu_requested=<Quantity(2.72, 'dimensionless')>, memory_requested=<Quantity(3570766848, 'dimensionless')>, cpu_limit=<Quantity(22.4, 'dimensionless')>, memory_limit=<Quantity(15637779456, 'dimensionless')>, vram_free=[5955.4375, 24264.6875], vram_total=[11178.5, 24268.3125])}
10-23-2021 14:20:52 StyleGANExperimentGenerator INFO     Creating task for StyleGANInferenceJob
10
10-23-2021 14:20:55 Orchestrator INFO     Scheduling arrival of Arrival: 748511b5-545b-4ac4-963a-493c3be93411
10-23-2021 14:20:55 Orchestrator INFO     Deploying on cluster: 748511b5-545b-4ac4-963a-493c3be93411
10-23-2021 14:20:59 StyleGANExperimentGenerator INFO     Creating task for StyleGANInferenceJob
10
10-23-2021 14:21:00 ClusterManager INFO     Still alive...
10-23-2021 14:21:00 Orchestrator INFO     Scheduling arrival of Arrival: bcf83441-24b2-48ba-9eb9-f4a8dbd255a5
10-23-2021 14:21:00 Orchestrator INFO     Deploying on cluster: bcf83441-24b2-48ba-9eb9-f4a8dbd255a5
10-23-2021 14:21:01 ResourceWatchDog INFO     Fetching job finish times...
10-23-2021 14:21:01 ResourceWatchDog INFO     Fetching resource information of cluster...
10-23-2021 14:21:02 ResourceWatchDog INFO     {'ubuntu94025': Resource(node_name='ubuntu94025', cpu_allocatable=<Quantity(24, 'dimensionless')>, memory_allocatable=<Quantity(65626416, 'Ki')>, cpu_requested=<Quantity(2.72, 'dimensionless')>, memory_requested=<Quantity(3570766848, 'dimensionless')>, cpu_limit=<Quantity(22.4, 'dimensionless')>, memory_limit=<Quantity(15637779456, 'dimensionless')>, vram_free=[8817.4375, 24264.6875], vram_total=[11178.5, 24268.3125])}
10-23-2021 14:21:07 StyleGANExperimentGenerator INFO     Creating task for StyleGANInferenceJob
10
10-23-2021 14:21:10 ClusterManager INFO     Still alive...
10-23-2021 14:21:10 Orchestrator INFO     Scheduling arrival of Arrival: fa97b749-dbfc-43cb-9e27-47aef6c7f245
10-23-2021 14:21:10 Orchestrator INFO     Deploying on cluster: fa97b749-dbfc-43cb-9e27-47aef6c7f245
10-23-2021 14:21:11 ResourceWatchDog INFO     Fetching resource information of cluster...
10-23-2021 14:21:11 ResourceWatchDog INFO     {'ubuntu94025': Resource(node_name='ubuntu94025', cpu_allocatable=<Quantity(24, 'dimensionless')>, memory_allocatable=<Quantity(65626416, 'Ki')>, cpu_requested=<Quantity(2.72, 'dimensionless')>, memory_requested=<Quantity(3570766848, 'dimensionless')>, cpu_limit=<Quantity(22.4, 'dimensionless')>, memory_limit=<Quantity(15637779456, 'dimensionless')>, vram_free=[6457.4375, 23901.6875], vram_total=[11178.5, 24268.3125])}
10-23-2021 14:21:12 ResourceWatchDog INFO     Fetching job finish times...
10-23-2021 14:21:12 ResourceWatchDog INFO     Fetching resource information of cluster...
10-23-2021 14:21:12 ResourceWatchDog INFO     {'ubuntu94025': Resource(node_name='ubuntu94025', cpu_allocatable=<Quantity(24, 'dimensionless')>, memory_allocatable=<Quantity(65626416, 'Ki')>, cpu_requested=<Quantity(2.72, 'dimensionless')>, memory_requested=<Quantity(3570766848, 'dimensionless')>, cpu_limit=<Quantity(22.4, 'dimensionless')>, memory_limit=<Quantity(15637779456, 'dimensionless')>, vram_free=[6457.4375, 23321.6875], vram_total=[11178.5, 24268.3125])}
10
10-23-2021 14:21:16 StyleGANExperimentGenerator INFO     Creating task for StyleGANInferenceJob
10-23-2021 14:21:20 ClusterManager INFO     Still alive...
10-23-2021 14:21:20 Orchestrator INFO     Scheduling arrival of Arrival: 524c6acc-632b-4c33-ae45-0cbcbcec93d1
10-23-2021 14:21:20 Orchestrator INFO     Deploying on cluster: 524c6acc-632b-4c33-ae45-0cbcbcec93d1
10-23-2021 14:21:22 ResourceWatchDog INFO     Fetching job finish times...
10-23-2021 14:21:22 ResourceWatchDog INFO     Fetching resource information of cluster...
10-23-2021 14:21:22 ResourceWatchDog INFO     {'ubuntu94025': Resource(node_name='ubuntu94025', cpu_allocatable=<Quantity(24, 'dimensionless')>, memory_allocatable=<Quantity(65626416, 'Ki')>, cpu_requested=<Quantity(2.72, 'dimensionless')>, memory_requested=<Quantity(3570766848, 'dimensionless')>, cpu_limit=<Quantity(22.4, 'dimensionless')>, memory_limit=<Quantity(15637779456, 'dimensionless')>, vram_free=[11174.4375, 4675.6875], vram_total=[11178.5, 24268.3125])}
10-23-2021 14:21:27 StyleGANExperimentGenerator INFO     Creating task for StyleGANInferenceJob
10
10-23-2021 14:21:30 ClusterManager INFO     Still alive...
10-23-2021 14:21:30 Orchestrator INFO     Scheduling arrival of Arrival: 612025a9-949b-4405-87ab-5888dcaabf78
10-23-2021 14:21:30 Orchestrator INFO     Deploying on cluster: 612025a9-949b-4405-87ab-5888dcaabf78
10-23-2021 14:21:32 ResourceWatchDog INFO     Fetching job finish times...
10-23-2021 14:21:32 ResourceWatchDog INFO     Fetching resource information of cluster...
10-23-2021 14:21:33 ResourceWatchDog INFO     {'ubuntu94025': Resource(node_name='ubuntu94025', cpu_allocatable=<Quantity(24, 'dimensionless')>, memory_allocatable=<Quantity(65626416, 'Ki')>, cpu_requested=<Quantity(2.72, 'dimensionless')>, memory_requested=<Quantity(3570766848, 'dimensionless')>, cpu_limit=<Quantity(22.4, 'dimensionless')>, memory_limit=<Quantity(15637779456, 'dimensionless')>, vram_free=[11174.4375, 184.6875], vram_total=[11178.5, 24268.3125])}
10-23-2021 14:21:35 StyleGANExperimentGenerator INFO     Creating task for StyleGANInferenceJob
10
10-23-2021 14:21:35 Orchestrator INFO     Scheduling arrival of Arrival: 3dd07346-8658-4221-9c26-531af38acc25
10-23-2021 14:21:35 Orchestrator INFO     Deploying on cluster: 3dd07346-8658-4221-9c26-531af38acc25
10-23-2021 14:21:40 ClusterManager INFO     Still alive...
10-23-2021 14:21:43 ResourceWatchDog INFO     Fetching job finish times...
10-23-2021 14:21:43 ResourceWatchDog INFO     Fetching resource information of cluster...
10-23-2021 14:21:43 ResourceWatchDog INFO     {'ubuntu94025': Resource(node_name='ubuntu94025', cpu_allocatable=<Quantity(24, 'dimensionless')>, memory_allocatable=<Quantity(65626416, 'Ki')>, cpu_requested=<Quantity(2.72, 'dimensionless')>, memory_requested=<Quantity(3570766848, 'dimensionless')>, cpu_limit=<Quantity(22.4, 'dimensionless')>, memory_limit=<Quantity(15637779456, 'dimensionless')>, vram_free=[7817.4375, 3353.6875], vram_total=[11178.5, 24268.3125])}
10-23-2021 14:21:45 StyleGANExperimentGenerator INFO     Creating task for StyleGANInferenceJob
10
10-23-2021 14:21:45 Orchestrator INFO     Scheduling arrival of Arrival: 920c70b0-b8f6-4ae4-94f0-54301f92246a
10-23-2021 14:21:45 Orchestrator INFO     Deploying on cluster: 920c70b0-b8f6-4ae4-94f0-54301f92246a
10-23-2021 14:21:50 ClusterManager INFO     Still alive...
10
10-23-2021 14:21:52 StyleGANExperimentGenerator INFO     Creating task for StyleGANInferenceJob
10-23-2021 14:21:53 ResourceWatchDog INFO     Fetching job finish times...
10-23-2021 14:21:53 ResourceWatchDog INFO     Fetching resource information of cluster...
10-23-2021 14:21:53 ResourceWatchDog INFO     {'ubuntu94025': Resource(node_name='ubuntu94025', cpu_allocatable=<Quantity(24, 'dimensionless')>, memory_allocatable=<Quantity(65626416, 'Ki')>, cpu_requested=<Quantity(2.72, 'dimensionless')>, memory_requested=<Quantity(3570766848, 'dimensionless')>, cpu_limit=<Quantity(22.4, 'dimensionless')>, memory_limit=<Quantity(15637779456, 'dimensionless')>, vram_free=[2802.4375, 19289.6875], vram_total=[11178.5, 24268.3125])}
10-23-2021 14:21:55 Orchestrator INFO     Scheduling arrival of Arrival: cdca5ad3-ee21-4909-990d-fdde5f3ca930
10-23-2021 14:21:55 Orchestrator INFO     Deploying on cluster: cdca5ad3-ee21-4909-990d-fdde5f3ca930
10-23-2021 14:22:00 ClusterManager INFO     Still alive...
10-23-2021 14:22:03 StyleGANExperimentGenerator INFO     Creating task for StyleGANInferenceJob
10
10-23-2021 14:22:04 ResourceWatchDog INFO     Fetching job finish times...
10-23-2021 14:22:04 ResourceWatchDog INFO     Fetching resource information of cluster...
10-23-2021 14:22:04 ResourceWatchDog INFO     {'ubuntu94025': Resource(node_name='ubuntu94025', cpu_allocatable=<Quantity(24, 'dimensionless')>, memory_allocatable=<Quantity(65626416, 'Ki')>, cpu_requested=<Quantity(2.72, 'dimensionless')>, memory_requested=<Quantity(3570766848, 'dimensionless')>, cpu_limit=<Quantity(22.4, 'dimensionless')>, memory_limit=<Quantity(15637779456, 'dimensionless')>, vram_free=[192.4375, 13487.6875], vram_total=[11178.5, 24268.3125])}
10-23-2021 14:22:05 Orchestrator INFO     Scheduling arrival of Arrival: 8315185b-a1af-4803-ac84-52ae46ab4f93
10-23-2021 14:22:05 Orchestrator INFO     Deploying on cluster: 8315185b-a1af-4803-ac84-52ae46ab4f93
10-23-2021 14:22:10 ClusterManager INFO     Still alive...
10-23-2021 14:22:11 ResourceWatchDog INFO     Fetching resource information of cluster...
10-23-2021 14:22:11 ResourceWatchDog INFO     {'ubuntu94025': Resource(node_name='ubuntu94025', cpu_allocatable=<Quantity(24, 'dimensionless')>, memory_allocatable=<Quantity(65626416, 'Ki')>, cpu_requested=<Quantity(2.72, 'dimensionless')>, memory_requested=<Quantity(3570766848, 'dimensionless')>, cpu_limit=<Quantity(22.4, 'dimensionless')>, memory_limit=<Quantity(15637779456, 'dimensionless')>, vram_free=[722.4375, 21836.6875], vram_total=[11178.5, 24268.3125])}
10-23-2021 14:22:14 ResourceWatchDog INFO     Fetching job finish times...
10-23-2021 14:22:14 StyleGANExperimentGenerator INFO     Creating task for StyleGANInferenceJob
10
10-23-2021 14:22:14 ResourceWatchDog INFO     Fetching resource information of cluster...
10-23-2021 14:22:14 ResourceWatchDog INFO     {'ubuntu94025': Resource(node_name='ubuntu94025', cpu_allocatable=<Quantity(24, 'dimensionless')>, memory_allocatable=<Quantity(65626416, 'Ki')>, cpu_requested=<Quantity(2.72, 'dimensionless')>, memory_requested=<Quantity(3570766848, 'dimensionless')>, cpu_limit=<Quantity(22.4, 'dimensionless')>, memory_limit=<Quantity(15637779456, 'dimensionless')>, vram_free=[3409.4375, 4421.6875], vram_total=[11178.5, 24268.3125])}
10-23-2021 14:22:15 Orchestrator INFO     Scheduling arrival of Arrival: e5adfa5a-07b5-4026-a978-b6a584d12389
10-23-2021 14:22:15 Orchestrator INFO     Deploying on cluster: e5adfa5a-07b5-4026-a978-b6a584d12389
10-23-2021 14:22:20 ClusterManager INFO     Still alive...
10
10-23-2021 14:22:22 StyleGANExperimentGenerator INFO     Creating task for StyleGANInferenceJob
10-23-2021 14:22:24 ResourceWatchDog INFO     Fetching job finish times...
10-23-2021 14:22:25 ResourceWatchDog INFO     Fetching resource information of cluster...
10-23-2021 14:22:25 ResourceWatchDog INFO     {'ubuntu94025': Resource(node_name='ubuntu94025', cpu_allocatable=<Quantity(24, 'dimensionless')>, memory_allocatable=<Quantity(65626416, 'Ki')>, cpu_requested=<Quantity(2.72, 'dimensionless')>, memory_requested=<Quantity(3570766848, 'dimensionless')>, cpu_limit=<Quantity(22.4, 'dimensionless')>, memory_limit=<Quantity(15637779456, 'dimensionless')>, vram_free=[192.4375, 24264.6875], vram_total=[11178.5, 24268.3125])}
10-23-2021 14:22:25 Orchestrator INFO     Scheduling arrival of Arrival: 14fede4c-0e2c-41f9-95bc-e54e99a6f8de
10-23-2021 14:22:25 Orchestrator INFO     Deploying on cluster: 14fede4c-0e2c-41f9-95bc-e54e99a6f8de
10-23-2021 14:22:30 ClusterManager INFO     Still alive...
10-23-2021 14:22:34 StyleGANExperimentGenerator INFO     Creating task for StyleGANInferenceJob
10
10-23-2021 14:22:35 ResourceWatchDog INFO     Fetching job finish times...
10-23-2021 14:22:35 ResourceWatchDog INFO     Fetching resource information of cluster...
10-23-2021 14:22:35 ResourceWatchDog INFO     {'ubuntu94025': Resource(node_name='ubuntu94025', cpu_allocatable=<Quantity(24, 'dimensionless')>, memory_allocatable=<Quantity(65626416, 'Ki')>, cpu_requested=<Quantity(2.72, 'dimensionless')>, memory_requested=<Quantity(3570766848, 'dimensionless')>, cpu_limit=<Quantity(22.4, 'dimensionless')>, memory_limit=<Quantity(15637779456, 'dimensionless')>, vram_free=[722.4375, 2746.6875], vram_total=[11178.5, 24268.3125])}
10-23-2021 14:22:35 Orchestrator INFO     Scheduling arrival of Arrival: 462bc8d8-8b0f-42da-8bbe-600eaf5f8db2
10-23-2021 14:22:35 Orchestrator INFO     Deploying on cluster: 462bc8d8-8b0f-42da-8bbe-600eaf5f8db2
10-23-2021 14:22:40 StyleGANExperimentGenerator INFO     Creating task for StyleGANInferenceJob
10
10-23-2021 14:22:40 ClusterManager INFO     Still alive...
10-23-2021 14:22:40 Orchestrator INFO     Scheduling arrival of Arrival: d0f511c3-cace-4884-80db-ba1ef0bf15a2
10-23-2021 14:22:40 Orchestrator INFO     Deploying on cluster: d0f511c3-cace-4884-80db-ba1ef0bf15a2
10-23-2021 14:22:45 ResourceWatchDog INFO     Fetching job finish times...
10-23-2021 14:22:45 ResourceWatchDog INFO     Fetching resource information of cluster...
10-23-2021 14:22:45 ResourceWatchDog INFO     {'ubuntu94025': Resource(node_name='ubuntu94025', cpu_allocatable=<Quantity(24, 'dimensionless')>, memory_allocatable=<Quantity(65626416, 'Ki')>, cpu_requested=<Quantity(2.72, 'dimensionless')>, memory_requested=<Quantity(3570766848, 'dimensionless')>, cpu_limit=<Quantity(22.4, 'dimensionless')>, memory_limit=<Quantity(15637779456, 'dimensionless')>, vram_free=[1040.4375, 24264.6875], vram_total=[11178.5, 24268.3125])}
10-23-2021 14:22:47 StyleGANExperimentGenerator INFO     Creating task for StyleGANInferenceJob
10
10-23-2021 14:22:50 ClusterManager INFO     Still alive...
10-23-2021 14:22:50 Orchestrator INFO     Scheduling arrival of Arrival: 9a292b21-8d64-4c2c-8f5c-0df8de106f37
10-23-2021 14:22:50 Orchestrator INFO     Deploying on cluster: 9a292b21-8d64-4c2c-8f5c-0df8de106f37
10-23-2021 14:22:55 StyleGANExperimentGenerator INFO     Creating task for StyleGANInferenceJob
10
10-23-2021 14:22:55 ResourceWatchDog INFO     Fetching job finish times...
10-23-2021 14:22:55 Orchestrator INFO     Scheduling arrival of Arrival: 92a18aea-de5c-4fd4-b474-def95f5ba19d
10-23-2021 14:22:55 Orchestrator INFO     Deploying on cluster: 92a18aea-de5c-4fd4-b474-def95f5ba19d
10-23-2021 14:22:56 ResourceWatchDog INFO     Fetching resource information of cluster...
10-23-2021 14:22:56 ResourceWatchDog INFO     {'ubuntu94025': Resource(node_name='ubuntu94025', cpu_allocatable=<Quantity(24, 'dimensionless')>, memory_allocatable=<Quantity(65626416, 'Ki')>, cpu_requested=<Quantity(2.72, 'dimensionless')>, memory_requested=<Quantity(3570766848, 'dimensionless')>, cpu_limit=<Quantity(22.4, 'dimensionless')>, memory_limit=<Quantity(15637779456, 'dimensionless')>, vram_free=[385.4375, 23881.6875], vram_total=[11178.5, 24268.3125])}
10-23-2021 14:23:00 ClusterManager INFO     Still alive...
10-23-2021 14:23:05 StyleGANExperimentGenerator INFO     Creating task for StyleGANInferenceJob
10
10-23-2021 14:23:05 Orchestrator INFO     Scheduling arrival of Arrival: f37d38a5-a996-41ed-9ea7-6ac4e65ce7c9
10-23-2021 14:23:05 Orchestrator INFO     Deploying on cluster: f37d38a5-a996-41ed-9ea7-6ac4e65ce7c9
10-23-2021 14:23:06 ResourceWatchDog INFO     Fetching job finish times...
10-23-2021 14:23:06 ResourceWatchDog INFO     Fetching resource information of cluster...
10-23-2021 14:23:06 ResourceWatchDog INFO     {'ubuntu94025': Resource(node_name='ubuntu94025', cpu_allocatable=<Quantity(24, 'dimensionless')>, memory_allocatable=<Quantity(65626416, 'Ki')>, cpu_requested=<Quantity(2.72, 'dimensionless')>, memory_requested=<Quantity(3570766848, 'dimensionless')>, cpu_limit=<Quantity(22.4, 'dimensionless')>, memory_limit=<Quantity(15637779456, 'dimensionless')>, vram_free=[614.4375, 24264.6875], vram_total=[11178.5, 24268.3125])}
10-23-2021 14:23:10 StyleGANExperimentGenerator INFO     Creating task for StyleGANInferenceJob
10
10-23-2021 14:23:10 ClusterManager INFO     Still alive...
10-23-2021 14:23:10 Orchestrator INFO     Scheduling arrival of Arrival: c2e8aa43-6203-42ce-b2ad-d2de2089216d
10-23-2021 14:23:10 Orchestrator INFO     Deploying on cluster: c2e8aa43-6203-42ce-b2ad-d2de2089216d
10-23-2021 14:23:11 ResourceWatchDog INFO     Fetching resource information of cluster...
10-23-2021 14:23:11 ResourceWatchDog INFO     {'ubuntu94025': Resource(node_name='ubuntu94025', cpu_allocatable=<Quantity(24, 'dimensionless')>, memory_allocatable=<Quantity(65626416, 'Ki')>, cpu_requested=<Quantity(2.72, 'dimensionless')>, memory_requested=<Quantity(3570766848, 'dimensionless')>, cpu_limit=<Quantity(22.4, 'dimensionless')>, memory_limit=<Quantity(15637779456, 'dimensionless')>, vram_free=[3409.4375, 23351.6875], vram_total=[11178.5, 24268.3125])}
10
10-23-2021 14:23:13 StyleGANExperimentGenerator INFO     Creating task for StyleGANInferenceJob
10-23-2021 14:23:15 Orchestrator INFO     Scheduling arrival of Arrival: e388600a-eafe-42c7-a633-202f928e5043
10-23-2021 14:23:15 Orchestrator INFO     Deploying on cluster: e388600a-eafe-42c7-a633-202f928e5043
10-23-2021 14:23:16 ResourceWatchDog INFO     Fetching job finish times...
10-23-2021 14:23:16 ResourceWatchDog INFO     Fetching resource information of cluster...
10-23-2021 14:23:17 ResourceWatchDog INFO     {'ubuntu94025': Resource(node_name='ubuntu94025', cpu_allocatable=<Quantity(24, 'dimensionless')>, memory_allocatable=<Quantity(65626416, 'Ki')>, cpu_requested=<Quantity(2.72, 'dimensionless')>, memory_requested=<Quantity(3570766848, 'dimensionless')>, cpu_limit=<Quantity(22.4, 'dimensionless')>, memory_limit=<Quantity(15637779456, 'dimensionless')>, vram_free=[3409.4375, 15028.6875], vram_total=[11178.5, 24268.3125])}
10-23-2021 14:23:20 ClusterManager INFO     Still alive...
10-23-2021 14:23:22 StyleGANExperimentGenerator INFO     Creating task for StyleGANInferenceJob
10
10-23-2021 14:23:25 Orchestrator INFO     Scheduling arrival of Arrival: 521fbeff-1c3c-479e-ba28-5772751d668d
10-23-2021 14:23:25 Orchestrator INFO     Deploying on cluster: 521fbeff-1c3c-479e-ba28-5772751d668d
10-23-2021 14:23:27 ResourceWatchDog INFO     Fetching job finish times...
10-23-2021 14:23:27 ResourceWatchDog INFO     Fetching resource information of cluster...
10-23-2021 14:23:27 ResourceWatchDog INFO     {'ubuntu94025': Resource(node_name='ubuntu94025', cpu_allocatable=<Quantity(24, 'dimensionless')>, memory_allocatable=<Quantity(65626416, 'Ki')>, cpu_requested=<Quantity(2.72, 'dimensionless')>, memory_requested=<Quantity(3570766848, 'dimensionless')>, cpu_limit=<Quantity(22.4, 'dimensionless')>, memory_limit=<Quantity(15637779456, 'dimensionless')>, vram_free=[812.4375, 3417.6875], vram_total=[11178.5, 24268.3125])}
10-23-2021 14:23:30 ClusterManager INFO     Still alive...
10-23-2021 14:23:35 StyleGANExperimentGenerator INFO     Creating task for StyleGANInferenceJob
10
10-23-2021 14:23:35 Orchestrator INFO     Scheduling arrival of Arrival: c2743a41-39cf-4484-a3c5-604596d28ed3
10-23-2021 14:23:35 Orchestrator INFO     Deploying on cluster: c2743a41-39cf-4484-a3c5-604596d28ed3
10-23-2021 14:23:37 ResourceWatchDog INFO     Fetching job finish times...
10-23-2021 14:23:37 ResourceWatchDog INFO     Fetching resource information of cluster...
10-23-2021 14:23:37 ResourceWatchDog INFO     {'ubuntu94025': Resource(node_name='ubuntu94025', cpu_allocatable=<Quantity(24, 'dimensionless')>, memory_allocatable=<Quantity(65626416, 'Ki')>, cpu_requested=<Quantity(2.72, 'dimensionless')>, memory_requested=<Quantity(3570766848, 'dimensionless')>, cpu_limit=<Quantity(22.4, 'dimensionless')>, memory_limit=<Quantity(15637779456, 'dimensionless')>, vram_free=[52.4375, 596.6875], vram_total=[11178.5, 24268.3125])}
10-23-2021 14:23:40 ClusterManager INFO     Still alive...
10-23-2021 14:23:43 StyleGANExperimentGenerator INFO     Creating task for StyleGANInferenceJob
10
10-23-2021 14:23:45 Orchestrator INFO     Scheduling arrival of Arrival: e8450822-ae1a-423c-8239-4b6b52755a07
10-23-2021 14:23:46 Orchestrator INFO     Deploying on cluster: e8450822-ae1a-423c-8239-4b6b52755a07
10-23-2021 14:23:47 ResourceWatchDog INFO     Fetching job finish times...
10-23-2021 14:23:48 ResourceWatchDog INFO     Fetching resource information of cluster...
10-23-2021 14:23:48 ResourceWatchDog INFO     {'ubuntu94025': Resource(node_name='ubuntu94025', cpu_allocatable=<Quantity(24, 'dimensionless')>, memory_allocatable=<Quantity(65626416, 'Ki')>, cpu_requested=<Quantity(2.72, 'dimensionless')>, memory_requested=<Quantity(3570766848, 'dimensionless')>, cpu_limit=<Quantity(22.4, 'dimensionless')>, memory_limit=<Quantity(15637779456, 'dimensionless')>, vram_free=[68.4375, 11775.6875], vram_total=[11178.5, 24268.3125])}
10-23-2021 14:23:49 StyleGANExperimentGenerator INFO     Creating task for StyleGANInferenceJob
10
10-23-2021 14:23:50 ClusterManager INFO     Still alive...
10-23-2021 14:23:51 Orchestrator INFO     Scheduling arrival of Arrival: 0f2ae345-97af-4bb5-b684-18739d093feb
10-23-2021 14:23:51 Orchestrator INFO     Deploying on cluster: 0f2ae345-97af-4bb5-b684-18739d093feb
10-23-2021 14:23:58 ResourceWatchDog INFO     Fetching job finish times...
10-23-2021 14:23:58 ResourceWatchDog INFO     Fetching resource information of cluster...
10-23-2021 14:23:58 ResourceWatchDog INFO     {'ubuntu94025': Resource(node_name='ubuntu94025', cpu_allocatable=<Quantity(24, 'dimensionless')>, memory_allocatable=<Quantity(65626416, 'Ki')>, cpu_requested=<Quantity(2.72, 'dimensionless')>, memory_requested=<Quantity(3570766848, 'dimensionless')>, cpu_limit=<Quantity(22.4, 'dimensionless')>, memory_limit=<Quantity(15637779456, 'dimensionless')>, vram_free=[1257.4375, 5406.6875], vram_total=[11178.5, 24268.3125])}
10-23-2021 14:24:00 ClusterManager INFO     Still alive...
10-23-2021 14:24:02 StyleGANExperimentGenerator INFO     Creating task for StyleGANInferenceJob
10
10-23-2021 14:24:06 Orchestrator INFO     Scheduling arrival of Arrival: 0c8d6876-a0f9-405e-9d64-e81e62291ad3
10-23-2021 14:24:06 Orchestrator INFO     Deploying on cluster: 0c8d6876-a0f9-405e-9d64-e81e62291ad3
10-23-2021 14:24:08 ResourceWatchDog INFO     Fetching job finish times...
10-23-2021 14:24:09 ResourceWatchDog INFO     Fetching resource information of cluster...
10-23-2021 14:24:09 ResourceWatchDog INFO     {'ubuntu94025': Resource(node_name='ubuntu94025', cpu_allocatable=<Quantity(24, 'dimensionless')>, memory_allocatable=<Quantity(65626416, 'Ki')>, cpu_requested=<Quantity(2.72, 'dimensionless')>, memory_requested=<Quantity(3570766848, 'dimensionless')>, cpu_limit=<Quantity(22.4, 'dimensionless')>, memory_limit=<Quantity(15637779456, 'dimensionless')>, vram_free=[270.4375, 2649.6875], vram_total=[11178.5, 24268.3125])}
10-23-2021 14:24:10 ClusterManager INFO     Still alive...
10-23-2021 14:24:12 ResourceWatchDog INFO     Fetching resource information of cluster...
10-23-2021 14:24:12 ResourceWatchDog INFO     {'ubuntu94025': Resource(node_name='ubuntu94025', cpu_allocatable=<Quantity(24, 'dimensionless')>, memory_allocatable=<Quantity(65626416, 'Ki')>, cpu_requested=<Quantity(2.72, 'dimensionless')>, memory_requested=<Quantity(3570766848, 'dimensionless')>, cpu_limit=<Quantity(22.4, 'dimensionless')>, memory_limit=<Quantity(15637779456, 'dimensionless')>, vram_free=[282.4375, 160.6875], vram_total=[11178.5, 24268.3125])}
10-23-2021 14:24:14 StyleGANExperimentGenerator INFO     Creating task for StyleGANInferenceJob
10
10-23-2021 14:24:16 Orchestrator INFO     Scheduling arrival of Arrival: 80c13de9-e669-433d-b341-be210d82538b
10-23-2021 14:24:16 Orchestrator INFO     Deploying on cluster: 80c13de9-e669-433d-b341-be210d82538b
10-23-2021 14:24:19 ResourceWatchDog INFO     Fetching job finish times...
10-23-2021 14:24:19 ResourceWatchDog INFO     Fetching resource information of cluster...
10-23-2021 14:24:19 ResourceWatchDog INFO     {'ubuntu94025': Resource(node_name='ubuntu94025', cpu_allocatable=<Quantity(24, 'dimensionless')>, memory_allocatable=<Quantity(65626416, 'Ki')>, cpu_requested=<Quantity(2.72, 'dimensionless')>, memory_requested=<Quantity(3570766848, 'dimensionless')>, cpu_limit=<Quantity(22.4, 'dimensionless')>, memory_limit=<Quantity(15637779456, 'dimensionless')>, vram_free=[5647.4375, 6196.6875], vram_total=[11178.5, 24268.3125])}
10-23-2021 14:24:20 ClusterManager INFO     Still alive...
10-23-2021 14:24:27 StyleGANExperimentGenerator INFO     Creating task for StyleGANInferenceJob
10
10-23-2021 14:24:29 ResourceWatchDog INFO     Fetching job finish times...
10-23-2021 14:24:30 ResourceWatchDog INFO     Fetching resource information of cluster...
10-23-2021 14:24:30 ResourceWatchDog INFO     {'ubuntu94025': Resource(node_name='ubuntu94025', cpu_allocatable=<Quantity(24, 'dimensionless')>, memory_allocatable=<Quantity(65626416, 'Ki')>, cpu_requested=<Quantity(2.72, 'dimensionless')>, memory_requested=<Quantity(3570766848, 'dimensionless')>, cpu_limit=<Quantity(22.4, 'dimensionless')>, memory_limit=<Quantity(15637779456, 'dimensionless')>, vram_free=[242.4375, 18308.6875], vram_total=[11178.5, 24268.3125])}
10-23-2021 14:24:30 ClusterManager INFO     Still alive...
10-23-2021 14:24:31 Orchestrator INFO     Scheduling arrival of Arrival: 923f9cb0-4cfc-46aa-add0-509565c5af5b
10-23-2021 14:24:31 Orchestrator INFO     Deploying on cluster: 923f9cb0-4cfc-46aa-add0-509565c5af5b
10-23-2021 14:24:36 StyleGANExperimentGenerator INFO     Creating task for StyleGANInferenceJob
10
10-23-2021 14:24:40 ResourceWatchDog INFO     Fetching job finish times...
10-23-2021 14:24:40 ResourceWatchDog INFO     Fetching resource information of cluster...
10-23-2021 14:24:40 ResourceWatchDog INFO     {'ubuntu94025': Resource(node_name='ubuntu94025', cpu_allocatable=<Quantity(24, 'dimensionless')>, memory_allocatable=<Quantity(65626416, 'Ki')>, cpu_requested=<Quantity(2.72, 'dimensionless')>, memory_requested=<Quantity(3570766848, 'dimensionless')>, cpu_limit=<Quantity(22.4, 'dimensionless')>, memory_limit=<Quantity(15637779456, 'dimensionless')>, vram_free=[1847.4375, 18989.6875], vram_total=[11178.5, 24268.3125])}
10-23-2021 14:24:40 ClusterManager INFO     Still alive...
10-23-2021 14:24:41 Orchestrator INFO     Scheduling arrival of Arrival: 449310df-a527-40cc-abfe-76c230e302c0
10-23-2021 14:24:41 Orchestrator INFO     Deploying on cluster: 449310df-a527-40cc-abfe-76c230e302c0
10-23-2021 14:24:50 ResourceWatchDog INFO     Fetching job finish times...
10-23-2021 14:24:50 StyleGANExperimentGenerator INFO     Creating task for StyleGANInferenceJob
10
10-23-2021 14:24:50 ClusterManager INFO     Still alive...
10-23-2021 14:24:50 ResourceWatchDog INFO     Fetching resource information of cluster...
10-23-2021 14:24:50 ResourceWatchDog INFO     {'ubuntu94025': Resource(node_name='ubuntu94025', cpu_allocatable=<Quantity(24, 'dimensionless')>, memory_allocatable=<Quantity(65626416, 'Ki')>, cpu_requested=<Quantity(2.72, 'dimensionless')>, memory_requested=<Quantity(3570766848, 'dimensionless')>, cpu_limit=<Quantity(22.4, 'dimensionless')>, memory_limit=<Quantity(15637779456, 'dimensionless')>, vram_free=[2106.4375, 24264.6875], vram_total=[11178.5, 24268.3125])}
10-23-2021 14:24:51 Orchestrator INFO     Scheduling arrival of Arrival: bf602fe9-cbd9-4847-8bfa-864e4c6cef94
10-23-2021 14:24:51 Orchestrator INFO     Deploying on cluster: bf602fe9-cbd9-4847-8bfa-864e4c6cef94
10-23-2021 14:24:58 StyleGANExperimentGenerator INFO     Creating task for StyleGANInferenceJob
10
10-23-2021 14:25:00 ClusterManager INFO     Still alive...
10-23-2021 14:25:01 ResourceWatchDog INFO     Fetching job finish times...
10-23-2021 14:25:01 Orchestrator INFO     Scheduling arrival of Arrival: 5e2376d2-dabc-4dac-bcd3-d8128d5b7fdc
10-23-2021 14:25:01 Orchestrator INFO     Deploying on cluster: 5e2376d2-dabc-4dac-bcd3-d8128d5b7fdc
10-23-2021 14:25:01 ResourceWatchDog INFO     Fetching resource information of cluster...
10-23-2021 14:25:01 ResourceWatchDog INFO     {'ubuntu94025': Resource(node_name='ubuntu94025', cpu_allocatable=<Quantity(24, 'dimensionless')>, memory_allocatable=<Quantity(65626416, 'Ki')>, cpu_requested=<Quantity(2.72, 'dimensionless')>, memory_requested=<Quantity(3570766848, 'dimensionless')>, cpu_limit=<Quantity(22.4, 'dimensionless')>, memory_limit=<Quantity(15637779456, 'dimensionless')>, vram_free=[5.4375, 22642.6875], vram_total=[11178.5, 24268.3125])}
10-23-2021 14:25:06 StyleGANExperimentGenerator INFO     Creating task for StyleGANInferenceJob
10
10-23-2021 14:25:10 ClusterManager INFO     Still alive...
10-23-2021 14:25:11 Orchestrator INFO     Scheduling arrival of Arrival: 4c751fbf-d6fe-427e-b277-944b290987fc
10-23-2021 14:25:11 Orchestrator INFO     Deploying on cluster: 4c751fbf-d6fe-427e-b277-944b290987fc
10-23-2021 14:25:11 ResourceWatchDog INFO     Fetching job finish times...
10-23-2021 14:25:11 ResourceWatchDog INFO     Fetching resource information of cluster...
10-23-2021 14:25:11 ResourceWatchDog INFO     {'ubuntu94025': Resource(node_name='ubuntu94025', cpu_allocatable=<Quantity(24, 'dimensionless')>, memory_allocatable=<Quantity(65626416, 'Ki')>, cpu_requested=<Quantity(2.72, 'dimensionless')>, memory_requested=<Quantity(3570766848, 'dimensionless')>, cpu_limit=<Quantity(22.4, 'dimensionless')>, memory_limit=<Quantity(15637779456, 'dimensionless')>, vram_free=[3447.4375, 22244.6875], vram_total=[11178.5, 24268.3125])}
10-23-2021 14:25:12 ResourceWatchDog INFO     Fetching resource information of cluster...
10-23-2021 14:25:12 ResourceWatchDog INFO     {'ubuntu94025': Resource(node_name='ubuntu94025', cpu_allocatable=<Quantity(24, 'dimensionless')>, memory_allocatable=<Quantity(65626416, 'Ki')>, cpu_requested=<Quantity(2.72, 'dimensionless')>, memory_requested=<Quantity(3570766848, 'dimensionless')>, cpu_limit=<Quantity(22.4, 'dimensionless')>, memory_limit=<Quantity(15637779456, 'dimensionless')>, vram_free=[2519.4375, 21414.6875], vram_total=[11178.5, 24268.3125])}
10-23-2021 14:25:18 StyleGANExperimentGenerator INFO     Creating task for StyleGANInferenceJob
10
10-23-2021 14:25:20 ClusterManager INFO     Still alive...
10-23-2021 14:25:21 Orchestrator INFO     Scheduling arrival of Arrival: e1922a73-4fc7-4d0d-a55c-b08a9de8a0f2
10-23-2021 14:25:21 Orchestrator INFO     Deploying on cluster: e1922a73-4fc7-4d0d-a55c-b08a9de8a0f2
10-23-2021 14:25:21 ResourceWatchDog INFO     Fetching job finish times...
10-23-2021 14:25:22 ResourceWatchDog INFO     Fetching resource information of cluster...
10-23-2021 14:25:22 ResourceWatchDog INFO     {'ubuntu94025': Resource(node_name='ubuntu94025', cpu_allocatable=<Quantity(24, 'dimensionless')>, memory_allocatable=<Quantity(65626416, 'Ki')>, cpu_requested=<Quantity(2.72, 'dimensionless')>, memory_requested=<Quantity(3570766848, 'dimensionless')>, cpu_limit=<Quantity(22.4, 'dimensionless')>, memory_limit=<Quantity(15637779456, 'dimensionless')>, vram_free=[1328.4375, 24264.6875], vram_total=[11178.5, 24268.3125])}
10-23-2021 14:25:30 ClusterManager INFO     Still alive...
10-23-2021 14:25:32 ResourceWatchDog INFO     Fetching job finish times...
10-23-2021 14:25:32 ResourceWatchDog INFO     Fetching resource information of cluster...
10-23-2021 14:25:32 ResourceWatchDog INFO     {'ubuntu94025': Resource(node_name='ubuntu94025', cpu_allocatable=<Quantity(24, 'dimensionless')>, memory_allocatable=<Quantity(65626416, 'Ki')>, cpu_requested=<Quantity(2.72, 'dimensionless')>, memory_requested=<Quantity(3570766848, 'dimensionless')>, cpu_limit=<Quantity(22.4, 'dimensionless')>, memory_limit=<Quantity(15637779456, 'dimensionless')>, vram_free=[184.4375, 24264.6875], vram_total=[11178.5, 24268.3125])}
10-23-2021 14:25:33 StyleGANExperimentGenerator INFO     Creating task for StyleGANInferenceJob
10
10-23-2021 14:25:36 Orchestrator INFO     Scheduling arrival of Arrival: 9cffcd01-649f-4ef6-b951-81da49d7e076
10-23-2021 14:25:36 Orchestrator INFO     Deploying on cluster: 9cffcd01-649f-4ef6-b951-81da49d7e076
10-23-2021 14:25:40 ClusterManager INFO     Still alive...
10-23-2021 14:25:42 ResourceWatchDog INFO     Fetching job finish times...
10-23-2021 14:25:43 ResourceWatchDog INFO     Fetching resource information of cluster...
10-23-2021 14:25:43 ResourceWatchDog INFO     {'ubuntu94025': Resource(node_name='ubuntu94025', cpu_allocatable=<Quantity(24, 'dimensionless')>, memory_allocatable=<Quantity(65626416, 'Ki')>, cpu_requested=<Quantity(2.72, 'dimensionless')>, memory_requested=<Quantity(3570766848, 'dimensionless')>, cpu_limit=<Quantity(22.4, 'dimensionless')>, memory_limit=<Quantity(15637779456, 'dimensionless')>, vram_free=[684.4375, 22487.6875], vram_total=[11178.5, 24268.3125])}
10-23-2021 14:25:46 StyleGANExperimentGenerator INFO     Creating task for StyleGANInferenceJob
10
10-23-2021 14:25:50 ClusterManager INFO     Still alive...
10-23-2021 14:25:51 Orchestrator INFO     Scheduling arrival of Arrival: f1ab5141-cbff-4b80-ae56-0e5db103667e
10-23-2021 14:25:51 Orchestrator INFO     Deploying on cluster: f1ab5141-cbff-4b80-ae56-0e5db103667e
10-23-2021 14:25:53 ResourceWatchDog INFO     Fetching job finish times...
10-23-2021 14:25:53 ResourceWatchDog INFO     Fetching resource information of cluster...
10-23-2021 14:25:53 ResourceWatchDog INFO     {'ubuntu94025': Resource(node_name='ubuntu94025', cpu_allocatable=<Quantity(24, 'dimensionless')>, memory_allocatable=<Quantity(65626416, 'Ki')>, cpu_requested=<Quantity(2.72, 'dimensionless')>, memory_requested=<Quantity(3570766848, 'dimensionless')>, cpu_limit=<Quantity(22.4, 'dimensionless')>, memory_limit=<Quantity(15637779456, 'dimensionless')>, vram_free=[4639.4375, 24264.6875], vram_total=[11178.5, 24268.3125])}
10-23-2021 14:25:59 StyleGANExperimentGenerator INFO     Creating task for StyleGANInferenceJob
10
10-23-2021 14:26:00 ClusterManager INFO     Still alive...
10-23-2021 14:26:01 Orchestrator INFO     Scheduling arrival of Arrival: 6a349b65-27f0-434f-a954-4805195a1b5d
10-23-2021 14:26:01 Orchestrator INFO     Deploying on cluster: 6a349b65-27f0-434f-a954-4805195a1b5d
10-23-2021 14:26:03 ResourceWatchDog INFO     Fetching job finish times...
10-23-2021 14:26:03 ResourceWatchDog INFO     Fetching resource information of cluster...
10-23-2021 14:26:04 ResourceWatchDog INFO     {'ubuntu94025': Resource(node_name='ubuntu94025', cpu_allocatable=<Quantity(24, 'dimensionless')>, memory_allocatable=<Quantity(65626416, 'Ki')>, cpu_requested=<Quantity(2.72, 'dimensionless')>, memory_requested=<Quantity(3570766848, 'dimensionless')>, cpu_limit=<Quantity(22.4, 'dimensionless')>, memory_limit=<Quantity(15637779456, 'dimensionless')>, vram_free=[11174.4375, 24264.6875], vram_total=[11178.5, 24268.3125])}
10-23-2021 14:26:09 StyleGANExperimentGenerator INFO     Creating task for StyleGANInferenceJob
10
10-23-2021 14:26:10 ClusterManager INFO     Still alive...
10-23-2021 14:26:11 Orchestrator INFO     Scheduling arrival of Arrival: 2a5b703a-5e1d-46f9-a120-5ebb98cb84b7
10-23-2021 14:26:11 Orchestrator INFO     Deploying on cluster: 2a5b703a-5e1d-46f9-a120-5ebb98cb84b7
10-23-2021 14:26:13 ResourceWatchDog INFO     Fetching resource information of cluster...
10-23-2021 14:26:13 ResourceWatchDog INFO     {'ubuntu94025': Resource(node_name='ubuntu94025', cpu_allocatable=<Quantity(24, 'dimensionless')>, memory_allocatable=<Quantity(65626416, 'Ki')>, cpu_requested=<Quantity(2.72, 'dimensionless')>, memory_requested=<Quantity(3570766848, 'dimensionless')>, cpu_limit=<Quantity(22.4, 'dimensionless')>, memory_limit=<Quantity(15637779456, 'dimensionless')>, vram_free=[687.4375, 24264.6875], vram_total=[11178.5, 24268.3125])}
10-23-2021 14:26:14 ResourceWatchDog INFO     Fetching job finish times...
10-23-2021 14:26:14 ResourceWatchDog INFO     Fetching resource information of cluster...
10-23-2021 14:26:14 ResourceWatchDog INFO     {'ubuntu94025': Resource(node_name='ubuntu94025', cpu_allocatable=<Quantity(24, 'dimensionless')>, memory_allocatable=<Quantity(65626416, 'Ki')>, cpu_requested=<Quantity(2.72, 'dimensionless')>, memory_requested=<Quantity(3570766848, 'dimensionless')>, cpu_limit=<Quantity(22.4, 'dimensionless')>, memory_limit=<Quantity(15637779456, 'dimensionless')>, vram_free=[2549.4375, 24264.6875], vram_total=[11178.5, 24268.3125])}
10-23-2021 14:26:17 StyleGANExperimentGenerator INFO     Creating task for StyleGANInferenceJob
10
10-23-2021 14:26:20 ClusterManager INFO     Still alive...
10-23-2021 14:26:21 Orchestrator INFO     Scheduling arrival of Arrival: f87b0d68-7a3a-4cbb-8c0f-2bef90cb28a9
10-23-2021 14:26:21 Orchestrator INFO     Deploying on cluster: f87b0d68-7a3a-4cbb-8c0f-2bef90cb28a9
10-23-2021 14:26:24 ResourceWatchDog INFO     Fetching job finish times...
10-23-2021 14:26:24 ResourceWatchDog INFO     Fetching resource information of cluster...
10-23-2021 14:26:25 ResourceWatchDog INFO     {'ubuntu94025': Resource(node_name='ubuntu94025', cpu_allocatable=<Quantity(24, 'dimensionless')>, memory_allocatable=<Quantity(65626416, 'Ki')>, cpu_requested=<Quantity(2.72, 'dimensionless')>, memory_requested=<Quantity(3570766848, 'dimensionless')>, cpu_limit=<Quantity(22.4, 'dimensionless')>, memory_limit=<Quantity(15637779456, 'dimensionless')>, vram_free=[6777.4375, 21329.6875], vram_total=[11178.5, 24268.3125])}
10-23-2021 14:26:30 ClusterManager INFO     Still alive...
10
10-23-2021 14:26:32 StyleGANExperimentGenerator INFO     Creating task for StyleGANInferenceJob
10-23-2021 14:26:35 ResourceWatchDog INFO     Fetching job finish times...
10-23-2021 14:26:35 ResourceWatchDog INFO     Fetching resource information of cluster...
10-23-2021 14:26:35 ResourceWatchDog INFO     {'ubuntu94025': Resource(node_name='ubuntu94025', cpu_allocatable=<Quantity(24, 'dimensionless')>, memory_allocatable=<Quantity(65626416, 'Ki')>, cpu_requested=<Quantity(2.72, 'dimensionless')>, memory_requested=<Quantity(3570766848, 'dimensionless')>, cpu_limit=<Quantity(22.4, 'dimensionless')>, memory_limit=<Quantity(15637779456, 'dimensionless')>, vram_free=[7497.4375, 24264.6875], vram_total=[11178.5, 24268.3125])}
10-23-2021 14:26:36 Orchestrator INFO     Scheduling arrival of Arrival: 317a35b4-617c-4482-bc27-7b9c34b66327
10-23-2021 14:26:36 Orchestrator INFO     Deploying on cluster: 317a35b4-617c-4482-bc27-7b9c34b66327
10-23-2021 14:26:40 ClusterManager INFO     Still alive...
10-23-2021 14:26:41 StyleGANExperimentGenerator INFO     Creating task for StyleGANInferenceJob
10
10-23-2021 14:26:45 ResourceWatchDog INFO     Fetching job finish times...
10-23-2021 14:26:45 ResourceWatchDog INFO     Fetching resource information of cluster...
10-23-2021 14:26:45 ResourceWatchDog INFO     {'ubuntu94025': Resource(node_name='ubuntu94025', cpu_allocatable=<Quantity(24, 'dimensionless')>, memory_allocatable=<Quantity(65626416, 'Ki')>, cpu_requested=<Quantity(2.72, 'dimensionless')>, memory_requested=<Quantity(3570766848, 'dimensionless')>, cpu_limit=<Quantity(22.4, 'dimensionless')>, memory_limit=<Quantity(15637779456, 'dimensionless')>, vram_free=[6887.4375, 4020.6875], vram_total=[11178.5, 24268.3125])}
10-23-2021 14:26:46 Orchestrator INFO     Scheduling arrival of Arrival: defe42df-cff7-4e96-8752-628966146634
10-23-2021 14:26:46 Orchestrator INFO     Deploying on cluster: defe42df-cff7-4e96-8752-628966146634
10
10-23-2021 14:26:48 StyleGANExperimentGenerator INFO     Creating task for StyleGANInferenceJob
10-23-2021 14:26:50 ClusterManager INFO     Still alive...
10-23-2021 14:26:51 Orchestrator INFO     Scheduling arrival of Arrival: e7a5a8f5-0ab1-45d9-b899-ab17c309b059
10-23-2021 14:26:51 Orchestrator INFO     Deploying on cluster: e7a5a8f5-0ab1-45d9-b899-ab17c309b059
10-23-2021 14:26:55 ResourceWatchDog INFO     Fetching job finish times...
10-23-2021 14:26:56 ResourceWatchDog INFO     Fetching resource information of cluster...
10-23-2021 14:26:56 ResourceWatchDog INFO     {'ubuntu94025': Resource(node_name='ubuntu94025', cpu_allocatable=<Quantity(24, 'dimensionless')>, memory_allocatable=<Quantity(65626416, 'Ki')>, cpu_requested=<Quantity(2.72, 'dimensionless')>, memory_requested=<Quantity(3570766848, 'dimensionless')>, cpu_limit=<Quantity(22.4, 'dimensionless')>, memory_limit=<Quantity(15637779456, 'dimensionless')>, vram_free=[11174.4375, 4034.6875], vram_total=[11178.5, 24268.3125])}
10-23-2021 14:26:56 StyleGANExperimentGenerator INFO     Creating task for StyleGANInferenceJob
10
10-23-2021 14:27:00 ClusterManager INFO     Still alive...
10-23-2021 14:27:01 Orchestrator INFO     Scheduling arrival of Arrival: 33d1013b-6153-480b-bcb1-edd46cbe4a11
10-23-2021 14:27:01 Orchestrator INFO     Deploying on cluster: 33d1013b-6153-480b-bcb1-edd46cbe4a11
10-23-2021 14:27:06 ResourceWatchDog INFO     Fetching job finish times...
10-23-2021 14:27:06 ResourceWatchDog INFO     Fetching resource information of cluster...
10-23-2021 14:27:06 ResourceWatchDog INFO     {'ubuntu94025': Resource(node_name='ubuntu94025', cpu_allocatable=<Quantity(24, 'dimensionless')>, memory_allocatable=<Quantity(65626416, 'Ki')>, cpu_requested=<Quantity(2.72, 'dimensionless')>, memory_requested=<Quantity(3570766848, 'dimensionless')>, cpu_limit=<Quantity(22.4, 'dimensionless')>, memory_limit=<Quantity(15637779456, 'dimensionless')>, vram_free=[3097.4375, 21603.6875], vram_total=[11178.5, 24268.3125])}
10
10-23-2021 14:27:09 StyleGANExperimentGenerator INFO     Creating task for StyleGANInferenceJob
10-23-2021 14:27:10 ClusterManager INFO     Still alive...
10-23-2021 14:27:11 Orchestrator INFO     Scheduling arrival of Arrival: 0c351347-96ec-477c-be0b-fdd06409d930
10-23-2021 14:27:11 Orchestrator INFO     Deploying on cluster: 0c351347-96ec-477c-be0b-fdd06409d930
10-23-2021 14:27:13 ResourceWatchDog INFO     Fetching resource information of cluster...
10-23-2021 14:27:13 ResourceWatchDog INFO     {'ubuntu94025': Resource(node_name='ubuntu94025', cpu_allocatable=<Quantity(24, 'dimensionless')>, memory_allocatable=<Quantity(65626416, 'Ki')>, cpu_requested=<Quantity(2.72, 'dimensionless')>, memory_requested=<Quantity(3570766848, 'dimensionless')>, cpu_limit=<Quantity(22.4, 'dimensionless')>, memory_limit=<Quantity(15637779456, 'dimensionless')>, vram_free=[505.4375, 22820.6875], vram_total=[11178.5, 24268.3125])}
10-23-2021 14:27:16 ResourceWatchDog INFO     Fetching job finish times...
10-23-2021 14:27:17 ResourceWatchDog INFO     Fetching resource information of cluster...
10-23-2021 14:27:17 ResourceWatchDog INFO     {'ubuntu94025': Resource(node_name='ubuntu94025', cpu_allocatable=<Quantity(24, 'dimensionless')>, memory_allocatable=<Quantity(65626416, 'Ki')>, cpu_requested=<Quantity(2.72, 'dimensionless')>, memory_requested=<Quantity(3570766848, 'dimensionless')>, cpu_limit=<Quantity(22.4, 'dimensionless')>, memory_limit=<Quantity(15637779456, 'dimensionless')>, vram_free=[6777.4375, 24264.6875], vram_total=[11178.5, 24268.3125])}
10-23-2021 14:27:20 ClusterManager INFO     Still alive...
10-23-2021 14:27:24 StyleGANExperimentGenerator INFO     Creating task for StyleGANInferenceJob
10
10-23-2021 14:27:26 Orchestrator INFO     Scheduling arrival of Arrival: 6e0991ab-140d-4275-8785-eb5a1d92e16f
10-23-2021 14:27:26 Orchestrator INFO     Deploying on cluster: 6e0991ab-140d-4275-8785-eb5a1d92e16f
10-23-2021 14:27:27 ResourceWatchDog INFO     Fetching job finish times...
10-23-2021 14:27:27 ResourceWatchDog INFO     Fetching resource information of cluster...
10-23-2021 14:27:27 ResourceWatchDog INFO     {'ubuntu94025': Resource(node_name='ubuntu94025', cpu_allocatable=<Quantity(24, 'dimensionless')>, memory_allocatable=<Quantity(65626416, 'Ki')>, cpu_requested=<Quantity(2.72, 'dimensionless')>, memory_requested=<Quantity(3570766848, 'dimensionless')>, cpu_limit=<Quantity(22.4, 'dimensionless')>, memory_limit=<Quantity(15637779456, 'dimensionless')>, vram_free=[2461.4375, 2300.6875], vram_total=[11178.5, 24268.3125])}
10-23-2021 14:27:30 ClusterManager INFO     Still alive...
10-23-2021 14:27:32 StyleGANExperimentGenerator INFO     Creating task for StyleGANInferenceJob
10
10-23-2021 14:27:36 Orchestrator INFO     Scheduling arrival of Arrival: dcdd721b-5f8c-4dbb-a158-2bf61bdce0a3
10-23-2021 14:27:36 Orchestrator INFO     Deploying on cluster: dcdd721b-5f8c-4dbb-a158-2bf61bdce0a3
10-23-2021 14:27:37 ResourceWatchDog INFO     Fetching job finish times...
10-23-2021 14:27:38 ResourceWatchDog INFO     Fetching resource information of cluster...
10-23-2021 14:27:38 ResourceWatchDog INFO     {'ubuntu94025': Resource(node_name='ubuntu94025', cpu_allocatable=<Quantity(24, 'dimensionless')>, memory_allocatable=<Quantity(65626416, 'Ki')>, cpu_requested=<Quantity(2.72, 'dimensionless')>, memory_requested=<Quantity(3570766848, 'dimensionless')>, cpu_limit=<Quantity(22.4, 'dimensionless')>, memory_limit=<Quantity(15637779456, 'dimensionless')>, vram_free=[3542.4375, 3351.6875], vram_total=[11178.5, 24268.3125])}
10-23-2021 14:27:39 StyleGANExperimentGenerator INFO     Creating task for StyleGANInferenceJob
10
10-23-2021 14:27:40 ClusterManager INFO     Still alive...
10-23-2021 14:27:41 Orchestrator INFO     Scheduling arrival of Arrival: ea1911f4-ee65-42b1-b575-d6a307766ebf
10-23-2021 14:27:41 Orchestrator INFO     Deploying on cluster: ea1911f4-ee65-42b1-b575-d6a307766ebf
10-23-2021 14:27:48 ResourceWatchDog INFO     Fetching job finish times...
10-23-2021 14:27:48 ResourceWatchDog INFO     Fetching resource information of cluster...
10-23-2021 14:27:48 StyleGANExperimentGenerator INFO     Creating task for StyleGANInferenceJob
10
10-23-2021 14:27:48 ResourceWatchDog INFO     {'ubuntu94025': Resource(node_name='ubuntu94025', cpu_allocatable=<Quantity(24, 'dimensionless')>, memory_allocatable=<Quantity(65626416, 'Ki')>, cpu_requested=<Quantity(2.72, 'dimensionless')>, memory_requested=<Quantity(3570766848, 'dimensionless')>, cpu_limit=<Quantity(22.4, 'dimensionless')>, memory_limit=<Quantity(15637779456, 'dimensionless')>, vram_free=[2934.4375, 3351.6875], vram_total=[11178.5, 24268.3125])}
10-23-2021 14:27:50 ClusterManager INFO     Still alive...
10-23-2021 14:27:51 Orchestrator INFO     Scheduling arrival of Arrival: 3b84f787-0599-4e62-89df-97af3d1325d7
10-23-2021 14:27:51 Orchestrator INFO     Deploying on cluster: 3b84f787-0599-4e62-89df-97af3d1325d7
10-23-2021 14:27:54 StyleGANExperimentGenerator INFO     Creating task for StyleGANInferenceJob
10
10-23-2021 14:27:56 Orchestrator INFO     Scheduling arrival of Arrival: 5df77a1b-7b38-4ef6-a651-6a000c625320
10-23-2021 14:27:56 Orchestrator INFO     Deploying on cluster: 5df77a1b-7b38-4ef6-a651-6a000c625320
10-23-2021 14:27:58 ResourceWatchDog INFO     Fetching job finish times...
10-23-2021 14:27:59 ResourceWatchDog INFO     Fetching resource information of cluster...
10-23-2021 14:27:59 ResourceWatchDog INFO     {'ubuntu94025': Resource(node_name='ubuntu94025', cpu_allocatable=<Quantity(24, 'dimensionless')>, memory_allocatable=<Quantity(65626416, 'Ki')>, cpu_requested=<Quantity(2.72, 'dimensionless')>, memory_requested=<Quantity(3570766848, 'dimensionless')>, cpu_limit=<Quantity(22.4, 'dimensionless')>, memory_limit=<Quantity(15637779456, 'dimensionless')>, vram_free=[4118.4375, 13161.6875], vram_total=[11178.5, 24268.3125])}
10-23-2021 14:28:00 ClusterManager INFO     Still alive...
10-23-2021 14:28:09 ResourceWatchDog INFO     Fetching job finish times...
10-23-2021 14:28:09 ResourceWatchDog INFO     Fetching resource information of cluster...
10-23-2021 14:28:09 ResourceWatchDog INFO     {'ubuntu94025': Resource(node_name='ubuntu94025', cpu_allocatable=<Quantity(24, 'dimensionless')>, memory_allocatable=<Quantity(65626416, 'Ki')>, cpu_requested=<Quantity(2.72, 'dimensionless')>, memory_requested=<Quantity(3570766848, 'dimensionless')>, cpu_limit=<Quantity(22.4, 'dimensionless')>, memory_limit=<Quantity(15637779456, 'dimensionless')>, vram_free=[1026.4375, 6300.6875], vram_total=[11178.5, 24268.3125])}
10-23-2021 14:28:10 StyleGANExperimentGenerator INFO     Creating task for StyleGANInferenceJob
10
10-23-2021 14:28:10 ClusterManager INFO     Still alive...
10-23-2021 14:28:11 Orchestrator INFO     Scheduling arrival of Arrival: 93bfb3a9-db58-4b7d-931e-d39aca91c697
10-23-2021 14:28:11 Orchestrator INFO     Deploying on cluster: 93bfb3a9-db58-4b7d-931e-d39aca91c697
10-23-2021 14:28:14 ResourceWatchDog INFO     Fetching resource information of cluster...
10-23-2021 14:28:14 ResourceWatchDog INFO     {'ubuntu94025': Resource(node_name='ubuntu94025', cpu_allocatable=<Quantity(24, 'dimensionless')>, memory_allocatable=<Quantity(65626416, 'Ki')>, cpu_requested=<Quantity(2.72, 'dimensionless')>, memory_requested=<Quantity(3570766848, 'dimensionless')>, cpu_limit=<Quantity(22.4, 'dimensionless')>, memory_limit=<Quantity(15637779456, 'dimensionless')>, vram_free=[4981.4375, 19469.6875], vram_total=[11178.5, 24268.3125])}
10-23-2021 14:28:19 ResourceWatchDog INFO     Fetching job finish times...
10-23-2021 14:28:20 ResourceWatchDog INFO     Fetching resource information of cluster...
10-23-2021 14:28:20 ResourceWatchDog INFO     {'ubuntu94025': Resource(node_name='ubuntu94025', cpu_allocatable=<Quantity(24, 'dimensionless')>, memory_allocatable=<Quantity(65626416, 'Ki')>, cpu_requested=<Quantity(2.72, 'dimensionless')>, memory_requested=<Quantity(3570766848, 'dimensionless')>, cpu_limit=<Quantity(22.4, 'dimensionless')>, memory_limit=<Quantity(15637779456, 'dimensionless')>, vram_free=[4973.4375, 24264.6875], vram_total=[11178.5, 24268.3125])}
10-23-2021 14:28:20 StyleGANExperimentGenerator INFO     Creating task for StyleGANInferenceJob
10
10-23-2021 14:28:20 ClusterManager INFO     Still alive...
10-23-2021 14:28:21 Orchestrator INFO     Scheduling arrival of Arrival: d5f14bd2-d05a-447e-896b-b6b4b952cb63
10-23-2021 14:28:21 Orchestrator INFO     Deploying on cluster: d5f14bd2-d05a-447e-896b-b6b4b952cb63
10-23-2021 14:28:30 ResourceWatchDog INFO     Fetching job finish times...
10-23-2021 14:28:30 ResourceWatchDog INFO     Fetching resource information of cluster...
10-23-2021 14:28:30 ResourceWatchDog INFO     {'ubuntu94025': Resource(node_name='ubuntu94025', cpu_allocatable=<Quantity(24, 'dimensionless')>, memory_allocatable=<Quantity(65626416, 'Ki')>, cpu_requested=<Quantity(2.72, 'dimensionless')>, memory_requested=<Quantity(3570766848, 'dimensionless')>, cpu_limit=<Quantity(22.4, 'dimensionless')>, memory_limit=<Quantity(15637779456, 'dimensionless')>, vram_free=[1049.4375, 24264.6875], vram_total=[11178.5, 24268.3125])}
10-23-2021 14:28:30 ClusterManager INFO     Still alive...
10-23-2021 14:28:38 StyleGANExperimentGenerator INFO     Creating task for StyleGANInferenceJob
10
10-23-2021 14:28:40 ResourceWatchDog INFO     Fetching job finish times...
10-23-2021 14:28:40 ClusterManager INFO     Still alive...
10-23-2021 14:28:41 ResourceWatchDog INFO     Fetching resource information of cluster...
10-23-2021 14:28:41 ResourceWatchDog INFO     {'ubuntu94025': Resource(node_name='ubuntu94025', cpu_allocatable=<Quantity(24, 'dimensionless')>, memory_allocatable=<Quantity(65626416, 'Ki')>, cpu_requested=<Quantity(2.72, 'dimensionless')>, memory_requested=<Quantity(3570766848, 'dimensionless')>, cpu_limit=<Quantity(22.4, 'dimensionless')>, memory_limit=<Quantity(15637779456, 'dimensionless')>, vram_free=[4981.4375, 24264.6875], vram_total=[11178.5, 24268.3125])}
10-23-2021 14:28:41 Orchestrator INFO     Scheduling arrival of Arrival: 68e7f03d-db09-48ce-94f6-5f11b63b08df
10-23-2021 14:28:41 Orchestrator INFO     Deploying on cluster: 68e7f03d-db09-48ce-94f6-5f11b63b08df
10-23-2021 14:28:48 StyleGANExperimentGenerator INFO     Creating task for StyleGANInferenceJob
10
10-23-2021 14:28:51 ClusterManager INFO     Still alive...
10-23-2021 14:28:51 ResourceWatchDog INFO     Fetching job finish times...
10-23-2021 14:28:51 Orchestrator INFO     Scheduling arrival of Arrival: ea985b05-ea14-470f-b346-2d1f1e3aab7e
10-23-2021 14:28:51 Orchestrator INFO     Deploying on cluster: ea985b05-ea14-470f-b346-2d1f1e3aab7e
10-23-2021 14:28:51 ResourceWatchDog INFO     Fetching resource information of cluster...
10-23-2021 14:28:51 ResourceWatchDog INFO     {'ubuntu94025': Resource(node_name='ubuntu94025', cpu_allocatable=<Quantity(24, 'dimensionless')>, memory_allocatable=<Quantity(65626416, 'Ki')>, cpu_requested=<Quantity(2.72, 'dimensionless')>, memory_requested=<Quantity(3570766848, 'dimensionless')>, cpu_limit=<Quantity(22.4, 'dimensionless')>, memory_limit=<Quantity(15637779456, 'dimensionless')>, vram_free=[4514.4375, 22710.6875], vram_total=[11178.5, 24268.3125])}
10-23-2021 14:28:56 StyleGANExperimentGenerator INFO     Creating task for StyleGANInferenceJob
10
10-23-2021 14:29:01 ClusterManager INFO     Still alive...
10-23-2021 14:29:01 Orchestrator INFO     Scheduling arrival of Arrival: 4b33029a-6d9c-4f01-8504-062b40be81de
10-23-2021 14:29:01 Orchestrator INFO     Deploying on cluster: 4b33029a-6d9c-4f01-8504-062b40be81de
10-23-2021 14:29:01 ResourceWatchDog INFO     Fetching job finish times...
10-23-2021 14:29:02 ResourceWatchDog INFO     Fetching resource information of cluster...
10-23-2021 14:29:02 ResourceWatchDog INFO     {'ubuntu94025': Resource(node_name='ubuntu94025', cpu_allocatable=<Quantity(24, 'dimensionless')>, memory_allocatable=<Quantity(65626416, 'Ki')>, cpu_requested=<Quantity(2.72, 'dimensionless')>, memory_requested=<Quantity(3570766848, 'dimensionless')>, cpu_limit=<Quantity(22.4, 'dimensionless')>, memory_limit=<Quantity(15637779456, 'dimensionless')>, vram_free=[2008.4375, 18081.6875], vram_total=[11178.5, 24268.3125])}
10-23-2021 14:29:07 StyleGANExperimentGenerator INFO     Creating task for StyleGANInferenceJob
10
10-23-2021 14:29:10 StyleGANExperimentGenerator INFO     Creating task for StyleGANInferenceJob
10
10-23-2021 14:29:11 ClusterManager INFO     Still alive...
10-23-2021 14:29:11 Orchestrator INFO     Scheduling arrival of Arrival: 5eecf754-2aa2-4fc3-be5d-8005bad1f4e3
10-23-2021 14:29:11 Orchestrator INFO     Deploying on cluster: 5eecf754-2aa2-4fc3-be5d-8005bad1f4e3
10-23-2021 14:29:11 Orchestrator INFO     Scheduling arrival of Arrival: 0620df20-e260-4eb6-b9b5-7bea0b45dd65
10-23-2021 14:29:11 Orchestrator INFO     Deploying on cluster: 0620df20-e260-4eb6-b9b5-7bea0b45dd65
10-23-2021 14:29:12 ResourceWatchDog INFO     Fetching job finish times...
10-23-2021 14:29:12 ResourceWatchDog INFO     Fetching resource information of cluster...
10-23-2021 14:29:12 ResourceWatchDog INFO     {'ubuntu94025': Resource(node_name='ubuntu94025', cpu_allocatable=<Quantity(24, 'dimensionless')>, memory_allocatable=<Quantity(65626416, 'Ki')>, cpu_requested=<Quantity(2.72, 'dimensionless')>, memory_requested=<Quantity(3570766848, 'dimensionless')>, cpu_limit=<Quantity(22.4, 'dimensionless')>, memory_limit=<Quantity(15637779456, 'dimensionless')>, vram_free=[7.4375, 24247.6875], vram_total=[11178.5, 24268.3125])}
10-23-2021 14:29:15 ResourceWatchDog INFO     Fetching resource information of cluster...
10-23-2021 14:29:15 ResourceWatchDog INFO     {'ubuntu94025': Resource(node_name='ubuntu94025', cpu_allocatable=<Quantity(24, 'dimensionless')>, memory_allocatable=<Quantity(65626416, 'Ki')>, cpu_requested=<Quantity(2.72, 'dimensionless')>, memory_requested=<Quantity(3570766848, 'dimensionless')>, cpu_limit=<Quantity(22.4, 'dimensionless')>, memory_limit=<Quantity(15637779456, 'dimensionless')>, vram_free=[811.4375, 22623.6875], vram_total=[11178.5, 24268.3125])}
10-23-2021 14:29:21 ClusterManager INFO     Still alive...
10-23-2021 14:29:22 ResourceWatchDog INFO     Fetching job finish times...
10-23-2021 14:29:23 ResourceWatchDog INFO     Fetching resource information of cluster...
10-23-2021 14:29:23 ResourceWatchDog INFO     {'ubuntu94025': Resource(node_name='ubuntu94025', cpu_allocatable=<Quantity(24, 'dimensionless')>, memory_allocatable=<Quantity(65626416, 'Ki')>, cpu_requested=<Quantity(2.72, 'dimensionless')>, memory_requested=<Quantity(3570766848, 'dimensionless')>, cpu_limit=<Quantity(22.4, 'dimensionless')>, memory_limit=<Quantity(15637779456, 'dimensionless')>, vram_free=[1322.4375, 23253.6875], vram_total=[11178.5, 24268.3125])}
10-23-2021 14:29:25 StyleGANExperimentGenerator INFO     Creating task for StyleGANInferenceJob
10
10-23-2021 14:29:26 Orchestrator INFO     Scheduling arrival of Arrival: eb611467-d7d4-4777-8e44-ae163619dc27
10-23-2021 14:29:26 Orchestrator INFO     Deploying on cluster: eb611467-d7d4-4777-8e44-ae163619dc27
10-23-2021 14:29:31 ClusterManager INFO     Still alive...
10-23-2021 14:29:31 StyleGANExperimentGenerator INFO     Creating task for StyleGANInferenceJob
10
10-23-2021 14:29:33 ResourceWatchDog INFO     Fetching job finish times...
10-23-2021 14:29:33 ResourceWatchDog INFO     Fetching resource information of cluster...
10-23-2021 14:29:33 ResourceWatchDog INFO     {'ubuntu94025': Resource(node_name='ubuntu94025', cpu_allocatable=<Quantity(24, 'dimensionless')>, memory_allocatable=<Quantity(65626416, 'Ki')>, cpu_requested=<Quantity(2.72, 'dimensionless')>, memory_requested=<Quantity(3570766848, 'dimensionless')>, cpu_limit=<Quantity(22.4, 'dimensionless')>, memory_limit=<Quantity(15637779456, 'dimensionless')>, vram_free=[5448.4375, 23167.6875], vram_total=[11178.5, 24268.3125])}
10-23-2021 14:29:36 Orchestrator INFO     Scheduling arrival of Arrival: 59bf0be9-109a-42b6-8c2d-abf2870df189
10-23-2021 14:29:36 Orchestrator INFO     Deploying on cluster: 59bf0be9-109a-42b6-8c2d-abf2870df189
10
10-23-2021 14:29:38 StyleGANExperimentGenerator INFO     Creating task for StyleGANInferenceJob
10-23-2021 14:29:41 ClusterManager INFO     Still alive...
10-23-2021 14:29:41 Orchestrator INFO     Scheduling arrival of Arrival: d463c45a-ca03-4fc7-a6b9-4438f9b87981
10-23-2021 14:29:41 Orchestrator INFO     Deploying on cluster: d463c45a-ca03-4fc7-a6b9-4438f9b87981
10-23-2021 14:29:43 ResourceWatchDog INFO     Fetching job finish times...
10-23-2021 14:29:44 ResourceWatchDog INFO     Fetching resource information of cluster...
10-23-2021 14:29:44 ResourceWatchDog INFO     {'ubuntu94025': Resource(node_name='ubuntu94025', cpu_allocatable=<Quantity(24, 'dimensionless')>, memory_allocatable=<Quantity(65626416, 'Ki')>, cpu_requested=<Quantity(2.72, 'dimensionless')>, memory_requested=<Quantity(3570766848, 'dimensionless')>, cpu_limit=<Quantity(22.4, 'dimensionless')>, memory_limit=<Quantity(15637779456, 'dimensionless')>, vram_free=[4345.4375, 24264.6875], vram_total=[11178.5, 24268.3125])}
10-23-2021 14:29:47 StyleGANExperimentGenerator INFO     Creating task for StyleGANInferenceJob
10
10-23-2021 14:29:51 ClusterManager INFO     Still alive...
10-23-2021 14:29:51 Orchestrator INFO     Scheduling arrival of Arrival: 8fcba890-396d-4d8a-a592-1f695a44ba56
10-23-2021 14:29:51 Orchestrator INFO     Deploying on cluster: 8fcba890-396d-4d8a-a592-1f695a44ba56
10-23-2021 14:29:54 ResourceWatchDog INFO     Fetching job finish times...
10-23-2021 14:29:54 ResourceWatchDog INFO     Fetching resource information of cluster...
10-23-2021 14:29:54 ResourceWatchDog INFO     {'ubuntu94025': Resource(node_name='ubuntu94025', cpu_allocatable=<Quantity(24, 'dimensionless')>, memory_allocatable=<Quantity(65626416, 'Ki')>, cpu_requested=<Quantity(2.72, 'dimensionless')>, memory_requested=<Quantity(3570766848, 'dimensionless')>, cpu_limit=<Quantity(22.4, 'dimensionless')>, memory_limit=<Quantity(15637779456, 'dimensionless')>, vram_free=[135.4375, 21769.6875], vram_total=[11178.5, 24268.3125])}
10-23-2021 14:29:58 StyleGANExperimentGenerator INFO     Creating task for StyleGANInferenceJob
10
10-23-2021 14:30:01 ClusterManager INFO     Still alive...
10-23-2021 14:30:01 Orchestrator INFO     Scheduling arrival of Arrival: 4bc28b3f-e5f2-4eea-b503-5dcff707f9ff
10-23-2021 14:30:01 Orchestrator INFO     Deploying on cluster: 4bc28b3f-e5f2-4eea-b503-5dcff707f9ff
10-23-2021 14:30:04 ResourceWatchDog INFO     Fetching job finish times...
10-23-2021 14:30:05 ResourceWatchDog INFO     Fetching resource information of cluster...
10-23-2021 14:30:05 ResourceWatchDog INFO     {'ubuntu94025': Resource(node_name='ubuntu94025', cpu_allocatable=<Quantity(24, 'dimensionless')>, memory_allocatable=<Quantity(65626416, 'Ki')>, cpu_requested=<Quantity(2.72, 'dimensionless')>, memory_requested=<Quantity(3570766848, 'dimensionless')>, cpu_limit=<Quantity(22.4, 'dimensionless')>, memory_limit=<Quantity(15637779456, 'dimensionless')>, vram_free=[7491.4375, 15465.6875], vram_total=[11178.5, 24268.3125])}
10-23-2021 14:30:06 StyleGANExperimentGenerator INFO     Creating task for StyleGANInferenceJob
10
10-23-2021 14:30:10 StyleGANExperimentGenerator INFO     Stopped execution at: 1634999410.8842397, duration: 600.3864576816559/600
10-23-2021 14:30:11 ClusterManager INFO     Still alive...
10-23-2021 14:30:11 Orchestrator INFO     Received stop signal for the Orchestrator. Waiting 2 minutes for jobs to finish
10-23-2021 14:30:15 ResourceWatchDog INFO     Fetching job finish times...
10-23-2021 14:30:15 ResourceWatchDog INFO     Fetching resource information of cluster...
10-23-2021 14:30:15 ResourceWatchDog INFO     {'ubuntu94025': Resource(node_name='ubuntu94025', cpu_allocatable=<Quantity(24, 'dimensionless')>, memory_allocatable=<Quantity(65626416, 'Ki')>, cpu_requested=<Quantity(2.72, 'dimensionless')>, memory_requested=<Quantity(3570766848, 'dimensionless')>, cpu_limit=<Quantity(22.4, 'dimensionless')>, memory_limit=<Quantity(15637779456, 'dimensionless')>, vram_free=[4981.4375, 24264.6875], vram_total=[11178.5, 24268.3125])}
10-23-2021 14:30:16 ResourceWatchDog INFO     Fetching resource information of cluster...
10-23-2021 14:30:16 ResourceWatchDog INFO     {'ubuntu94025': Resource(node_name='ubuntu94025', cpu_allocatable=<Quantity(24, 'dimensionless')>, memory_allocatable=<Quantity(65626416, 'Ki')>, cpu_requested=<Quantity(2.72, 'dimensionless')>, memory_requested=<Quantity(3570766848, 'dimensionless')>, cpu_limit=<Quantity(22.4, 'dimensionless')>, memory_limit=<Quantity(15637779456, 'dimensionless')>, vram_free=[4981.4375, 24264.6875], vram_total=[11178.5, 24268.3125])}
10-23-2021 14:30:21 ClusterManager INFO     Still alive...
10-23-2021 14:30:25 ResourceWatchDog INFO     Fetching job finish times...
10-23-2021 14:30:26 ResourceWatchDog INFO     Fetching resource information of cluster...
10-23-2021 14:30:26 ResourceWatchDog INFO     {'ubuntu94025': Resource(node_name='ubuntu94025', cpu_allocatable=<Quantity(24, 'dimensionless')>, memory_allocatable=<Quantity(65626416, 'Ki')>, cpu_requested=<Quantity(2.72, 'dimensionless')>, memory_requested=<Quantity(3570766848, 'dimensionless')>, cpu_limit=<Quantity(22.4, 'dimensionless')>, memory_limit=<Quantity(15637779456, 'dimensionless')>, vram_free=[8817.4375, 24264.6875], vram_total=[11178.5, 24268.3125])}
10-23-2021 14:30:31 ClusterManager INFO     Still alive...
10-23-2021 14:30:36 ResourceWatchDog INFO     Fetching job finish times...
10-23-2021 14:30:36 ResourceWatchDog INFO     Fetching resource information of cluster...
10-23-2021 14:30:36 ResourceWatchDog INFO     {'ubuntu94025': Resource(node_name='ubuntu94025', cpu_allocatable=<Quantity(24, 'dimensionless')>, memory_allocatable=<Quantity(65626416, 'Ki')>, cpu_requested=<Quantity(2.72, 'dimensionless')>, memory_requested=<Quantity(3570766848, 'dimensionless')>, cpu_limit=<Quantity(22.4, 'dimensionless')>, memory_limit=<Quantity(15637779456, 'dimensionless')>, vram_free=[11174.4375, 24264.6875], vram_total=[11178.5, 24268.3125])}
10-23-2021 14:30:41 ClusterManager INFO     Still alive...
10-23-2021 14:30:46 ResourceWatchDog INFO     Fetching job finish times...
10-23-2021 14:30:47 ResourceWatchDog INFO     Fetching resource information of cluster...
10-23-2021 14:30:47 ResourceWatchDog INFO     {'ubuntu94025': Resource(node_name='ubuntu94025', cpu_allocatable=<Quantity(24, 'dimensionless')>, memory_allocatable=<Quantity(65626416, 'Ki')>, cpu_requested=<Quantity(2.72, 'dimensionless')>, memory_requested=<Quantity(3570766848, 'dimensionless')>, cpu_limit=<Quantity(22.4, 'dimensionless')>, memory_limit=<Quantity(15637779456, 'dimensionless')>, vram_free=[11174.4375, 24264.6875], vram_total=[11178.5, 24268.3125])}
10-23-2021 14:30:51 ClusterManager INFO     Still alive...
10-23-2021 14:30:57 ResourceWatchDog INFO     Fetching job finish times...
10-23-2021 14:30:57 ResourceWatchDog INFO     Fetching resource information of cluster...
10-23-2021 14:30:57 ResourceWatchDog INFO     {'ubuntu94025': Resource(node_name='ubuntu94025', cpu_allocatable=<Quantity(24, 'dimensionless')>, memory_allocatable=<Quantity(65626416, 'Ki')>, cpu_requested=<Quantity(2.72, 'dimensionless')>, memory_requested=<Quantity(3570766848, 'dimensionless')>, cpu_limit=<Quantity(22.4, 'dimensionless')>, memory_limit=<Quantity(15637779456, 'dimensionless')>, vram_free=[8629.4375, 24264.6875], vram_total=[11178.5, 24268.3125])}
10-23-2021 14:31:01 ClusterManager INFO     Still alive...
10-23-2021 14:31:07 ResourceWatchDog INFO     Fetching job finish times...
10-23-2021 14:31:07 ResourceWatchDog INFO     Fetching resource information of cluster...
10-23-2021 14:31:08 ResourceWatchDog INFO     {'ubuntu94025': Resource(node_name='ubuntu94025', cpu_allocatable=<Quantity(24, 'dimensionless')>, memory_allocatable=<Quantity(65626416, 'Ki')>, cpu_requested=<Quantity(2.72, 'dimensionless')>, memory_requested=<Quantity(3570766848, 'dimensionless')>, cpu_limit=<Quantity(22.4, 'dimensionless')>, memory_limit=<Quantity(15637779456, 'dimensionless')>, vram_free=[11174.4375, 24264.6875], vram_total=[11178.5, 24268.3125])}
10-23-2021 14:31:11 ClusterManager INFO     Still alive...
10-23-2021 14:31:17 ResourceWatchDog INFO     Fetching resource information of cluster...
10-23-2021 14:31:17 ResourceWatchDog INFO     {'ubuntu94025': Resource(node_name='ubuntu94025', cpu_allocatable=<Quantity(24, 'dimensionless')>, memory_allocatable=<Quantity(65626416, 'Ki')>, cpu_requested=<Quantity(2.72, 'dimensionless')>, memory_requested=<Quantity(3570766848, 'dimensionless')>, cpu_limit=<Quantity(22.4, 'dimensionless')>, memory_limit=<Quantity(15637779456, 'dimensionless')>, vram_free=[11174.4375, 24264.6875], vram_total=[11178.5, 24268.3125])}
10-23-2021 14:31:18 ResourceWatchDog INFO     Fetching job finish times...
10-23-2021 14:31:18 ResourceWatchDog INFO     Fetching resource information of cluster...
10-23-2021 14:31:18 ResourceWatchDog INFO     {'ubuntu94025': Resource(node_name='ubuntu94025', cpu_allocatable=<Quantity(24, 'dimensionless')>, memory_allocatable=<Quantity(65626416, 'Ki')>, cpu_requested=<Quantity(2.72, 'dimensionless')>, memory_requested=<Quantity(3570766848, 'dimensionless')>, cpu_limit=<Quantity(22.4, 'dimensionless')>, memory_limit=<Quantity(15637779456, 'dimensionless')>, vram_free=[11174.4375, 24264.6875], vram_total=[11178.5, 24268.3125])}
10-23-2021 14:31:21 ClusterManager INFO     Still alive...
10-23-2021 14:31:28 ResourceWatchDog INFO     Fetching job finish times...
10-23-2021 14:31:28 ResourceWatchDog INFO     Fetching resource information of cluster...
10-23-2021 14:31:29 ResourceWatchDog INFO     {'ubuntu94025': Resource(node_name='ubuntu94025', cpu_allocatable=<Quantity(24, 'dimensionless')>, memory_allocatable=<Quantity(65626416, 'Ki')>, cpu_requested=<Quantity(2.72, 'dimensionless')>, memory_requested=<Quantity(3570766848, 'dimensionless')>, cpu_limit=<Quantity(22.4, 'dimensionless')>, memory_limit=<Quantity(15637779456, 'dimensionless')>, vram_free=[11174.4375, 24264.6875], vram_total=[11178.5, 24268.3125])}
10-23-2021 14:31:31 ClusterManager INFO     Still alive...
10-23-2021 14:31:39 ResourceWatchDog INFO     Fetching job finish times...
10-23-2021 14:31:39 ResourceWatchDog INFO     Fetching resource information of cluster...
10-23-2021 14:31:39 ResourceWatchDog INFO     {'ubuntu94025': Resource(node_name='ubuntu94025', cpu_allocatable=<Quantity(24, 'dimensionless')>, memory_allocatable=<Quantity(65626416, 'Ki')>, cpu_requested=<Quantity(2.72, 'dimensionless')>, memory_requested=<Quantity(3570766848, 'dimensionless')>, cpu_limit=<Quantity(22.4, 'dimensionless')>, memory_limit=<Quantity(15637779456, 'dimensionless')>, vram_free=[11174.4375, 24264.6875], vram_total=[11178.5, 24268.3125])}
10-23-2021 14:31:41 ClusterManager INFO     Still alive...
10-23-2021 14:31:49 ResourceWatchDog INFO     Fetching job finish times...
10-23-2021 14:31:49 ResourceWatchDog INFO     Fetching resource information of cluster...
10-23-2021 14:31:49 ResourceWatchDog INFO     {'ubuntu94025': Resource(node_name='ubuntu94025', cpu_allocatable=<Quantity(24, 'dimensionless')>, memory_allocatable=<Quantity(65626416, 'Ki')>, cpu_requested=<Quantity(2.72, 'dimensionless')>, memory_requested=<Quantity(3570766848, 'dimensionless')>, cpu_limit=<Quantity(22.4, 'dimensionless')>, memory_limit=<Quantity(15637779456, 'dimensionless')>, vram_free=[11174.4375, 24264.6875], vram_total=[11178.5, 24268.3125])}
10-23-2021 14:31:51 ClusterManager INFO     Still alive...
10-23-2021 14:31:59 ResourceWatchDog INFO     Fetching job finish times...
10-23-2021 14:32:00 ResourceWatchDog INFO     Fetching resource information of cluster...
10-23-2021 14:32:00 ResourceWatchDog INFO     {'ubuntu94025': Resource(node_name='ubuntu94025', cpu_allocatable=<Quantity(24, 'dimensionless')>, memory_allocatable=<Quantity(65626416, 'Ki')>, cpu_requested=<Quantity(2.72, 'dimensionless')>, memory_requested=<Quantity(3570766848, 'dimensionless')>, cpu_limit=<Quantity(22.4, 'dimensionless')>, memory_limit=<Quantity(15637779456, 'dimensionless')>, vram_free=[11174.4375, 24264.6875], vram_total=[11178.5, 24268.3125])}
10-23-2021 14:32:01 ClusterManager INFO     Still alive...
10-23-2021 14:32:10 ResourceWatchDog INFO     Fetching job finish times...
10-23-2021 14:32:10 ResourceWatchDog INFO     Fetching resource information of cluster...
10-23-2021 14:32:10 ResourceWatchDog INFO     {'ubuntu94025': Resource(node_name='ubuntu94025', cpu_allocatable=<Quantity(24, 'dimensionless')>, memory_allocatable=<Quantity(65626416, 'Ki')>, cpu_requested=<Quantity(2.72, 'dimensionless')>, memory_requested=<Quantity(3570766848, 'dimensionless')>, cpu_limit=<Quantity(22.4, 'dimensionless')>, memory_limit=<Quantity(15637779456, 'dimensionless')>, vram_free=[11174.4375, 24264.6875], vram_total=[11178.5, 24268.3125])}
10-23-2021 14:32:11 ClusterManager INFO     Still alive...




task_info {UUID('af163a11-a016-454e-ad46-7943eb5963e0'): ('style2', 512, 'interpolation', 400, 'cuda:1', 8, 1), UUID('4ffa2ad6-1f49-47a5-a531-56b1f8b77401'): ('style1', 512, 'random', 200, 'cuda:0', 8, 1), UUID('bf079ead-0bc4-4f31-808d-777530d95190'): ('style1', 256, 'random', 400, 'cuda:0', 8, 1), UUID('748511b5-545b-4ac4-963a-493c3be93411'): ('style2ada', 256, 'interpolation', 400, 'cuda:1', 8, 1), UUID('bcf83441-24b2-48ba-9eb9-f4a8dbd255a5'): ('mobile', 512, 'random', 200, 'cuda:0', 8, 1), UUID('fa97b749-dbfc-43cb-9e27-47aef6c7f245'): ('style2', 1024, 'random', 400, 'cuda:0', 8, 1), UUID('524c6acc-632b-4c33-ae45-0cbcbcec93d1'): ('style2', 512, 'interpolation', 100, 'cuda:0', 8, 1), UUID('612025a9-949b-4405-87ab-5888dcaabf78'): ('stylemap', 512, 'interpolation', 100, 'cuda:0', 8, 1), UUID('3dd07346-8658-4221-9c26-531af38acc25'): ('stylemap', 512, 'random', 800, 'cuda:1', 8, 1), UUID('920c70b0-b8f6-4ae4-94f0-54301f92246a'): ('anycost', 1024, 'interpolation', 800, 'cuda:1', 8, 1), UUID('cdca5ad3-ee21-4909-990d-fdde5f3ca930'): ('swa', 512, 'random', 200, 'cuda:0', 8, 1), UUID('8315185b-a1af-4803-ac84-52ae46ab4f93'): ('anycost', 512, 'random', 200, 'cuda:0', 8, 1), UUID('e5adfa5a-07b5-4026-a978-b6a584d12389'): ('mobile', 256, 'random', 100, 'cuda:0', 8, 1), UUID('14fede4c-0e2c-41f9-95bc-e54e99a6f8de'): ('stylemap', 256, 'interpolation', 100, 'cuda:0', 8, 1), UUID('462bc8d8-8b0f-42da-8bbe-600eaf5f8db2'): ('style2', 512, 'interpolation', 400, 'cuda:1', 8, 1), UUID('d0f511c3-cace-4884-80db-ba1ef0bf15a2'): ('stylemap', 512, 'interpolation', 200, 'cuda:1', 8, 1), UUID('9a292b21-8d64-4c2c-8f5c-0df8de106f37'): ('style2ada', 1024, 'interpolation', 400, 'cuda:1', 8, 1), UUID('92a18aea-de5c-4fd4-b474-def95f5ba19d'): ('style1', 256, 'random', 200, 'cuda:0', 8, 1), UUID('f37d38a5-a996-41ed-9ea7-6ac4e65ce7c9'): ('swa', 1024, 'interpolation', 800, 'cuda:0', 8, 1), UUID('c2e8aa43-6203-42ce-b2ad-d2de2089216d'): ('stylemap', 1024, 'interpolation', 100, 'cuda:0', 8, 1), UUID('e388600a-eafe-42c7-a633-202f928e5043'): ('stylemap', 256, 'interpolation', 200, 'cuda:1', 8, 1), UUID('521fbeff-1c3c-479e-ba28-5772751d668d'): ('mobile', 512, 'random', 800, 'cuda:0', 8, 1), UUID('c2743a41-39cf-4484-a3c5-604596d28ed3'): ('mobile', 512, 'interpolation', 800, 'cuda:1', 8, 1), UUID('e8450822-ae1a-423c-8239-4b6b52755a07'): ('stylemap', 1024, 'interpolation', 100, 'cuda:0', 8, 1), UUID('0f2ae345-97af-4bb5-b684-18739d093feb'): ('swa', 256, 'random', 100, 'cuda:1', 8, 1), UUID('0c8d6876-a0f9-405e-9d64-e81e62291ad3'): ('swa', 512, 'random', 200, 'cuda:0', 8, 1), UUID('80c13de9-e669-433d-b341-be210d82538b'): ('swa', 1024, 'interpolation', 100, 'cuda:0', 8, 1), UUID('923f9cb0-4cfc-46aa-add0-509565c5af5b'): ('style1', 1024, 'interpolation', 200, 'cuda:0', 8, 1), UUID('449310df-a527-40cc-abfe-76c230e302c0'): ('swa', 256, 'random', 200, 'cuda:1', 8, 1), UUID('bf602fe9-cbd9-4847-8bfa-864e4c6cef94'): ('style1', 256, 'interpolation', 200, 'cuda:1', 8, 1), UUID('5e2376d2-dabc-4dac-bcd3-d8128d5b7fdc'): ('style1', 512, 'interpolation', 100, 'cuda:1', 8, 1), UUID('4c751fbf-d6fe-427e-b277-944b290987fc'): ('style1', 1024, 'random', 400, 'cuda:1', 8, 1), UUID('e1922a73-4fc7-4d0d-a55c-b08a9de8a0f2'): ('swa', 1024, 'random', 100, 'cuda:1', 8, 1), UUID('9cffcd01-649f-4ef6-b951-81da49d7e076'): ('style2ada', 512, 'interpolation', 100, 'cuda:0', 8, 1), UUID('f1ab5141-cbff-4b80-ae56-0e5db103667e'): ('stylemap', 256, 'interpolation', 200, 'cuda:1', 8, 1), UUID('6a349b65-27f0-434f-a954-4805195a1b5d'): ('style2ada', 256, 'interpolation', 200, 'cuda:1', 8, 1), UUID('2a5b703a-5e1d-46f9-a120-5ebb98cb84b7'): ('style1', 1024, 'interpolation', 100, 'cuda:0', 8, 1), UUID('f87b0d68-7a3a-4cbb-8c0f-2bef90cb28a9'): ('swa', 1024, 'interpolation', 200, 'cuda:1', 8, 1), UUID('317a35b4-617c-4482-bc27-7b9c34b66327'): ('swa', 256, 'interpolation', 400, 'cuda:0', 8, 1), UUID('defe42df-cff7-4e96-8752-628966146634'): ('swa', 256, 'random', 800, 'cuda:0', 8, 1), UUID('e7a5a8f5-0ab1-45d9-b899-ab17c309b059'): ('swa', 256, 'interpolation', 800, 'cuda:0', 8, 1), UUID('33d1013b-6153-480b-bcb1-edd46cbe4a11'): ('style1', 1024, 'random', 800, 'cuda:1', 8, 1), UUID('0c351347-96ec-477c-be0b-fdd06409d930'): ('stylemap', 256, 'random', 800, 'cuda:0', 8, 1), UUID('6e0991ab-140d-4275-8785-eb5a1d92e16f'): ('mobile', 1024, 'interpolation', 400, 'cuda:0', 8, 1), UUID('dcdd721b-5f8c-4dbb-a158-2bf61bdce0a3'): ('swa', 512, 'interpolation', 200, 'cuda:0', 8, 1), UUID('ea1911f4-ee65-42b1-b575-d6a307766ebf'): ('style2ada', 256, 'interpolation', 400, 'cuda:0', 8, 1), UUID('3b84f787-0599-4e62-89df-97af3d1325d7'): ('style1', 512, 'interpolation', 100, 'cuda:0', 8, 1), UUID('5df77a1b-7b38-4ef6-a651-6a000c625320'): ('stylemap', 256, 'random', 400, 'cuda:1', 8, 1), UUID('93bfb3a9-db58-4b7d-931e-d39aca91c697'): ('anycost', 512, 'random', 800, 'cuda:1', 8, 1), UUID('d5f14bd2-d05a-447e-896b-b6b4b952cb63'): ('swa', 512, 'random', 200, 'cuda:1', 8, 1), UUID('68e7f03d-db09-48ce-94f6-5f11b63b08df'): ('style2', 1024, 'random', 100, 'cuda:0', 8, 1), UUID('ea985b05-ea14-470f-b346-2d1f1e3aab7e'): ('style1', 1024, 'interpolation', 400, 'cuda:1', 8, 1), UUID('4b33029a-6d9c-4f01-8504-062b40be81de'): ('style2ada', 256, 'random', 100, 'cuda:1', 8, 1), UUID('0620df20-e260-4eb6-b9b5-7bea0b45dd65'): ('anycost', 512, 'random', 200, 'cuda:1', 8, 1), UUID('eb611467-d7d4-4777-8e44-ae163619dc27'): ('style2ada', 512, 'random', 100, 'cuda:0', 8, 1), UUID('59bf0be9-109a-42b6-8c2d-abf2870df189'): ('style2', 512, 'interpolation', 400, 'cuda:1', 8, 1), UUID('d463c45a-ca03-4fc7-a6b9-4438f9b87981'): ('mobile', 512, 'random', 100, 'cuda:0', 8, 1), UUID('8fcba890-396d-4d8a-a592-1f695a44ba56'): ('swa', 512, 'interpolation', 800, 'cuda:0', 8, 1), UUID('4bc28b3f-e5f2-4eea-b503-5dcff707f9ff'): ('stylemap', 256, 'interpolation', 100, 'cuda:1', 8, 1)}
arrival_times {UUID('af163a11-a016-454e-ad46-7943eb5963e0'): datetime.datetime(2021, 10, 23, 14, 20, 25, 526847), UUID('4ffa2ad6-1f49-47a5-a531-56b1f8b77401'): datetime.datetime(2021, 10, 23, 14, 20, 30, 538856), UUID('bf079ead-0bc4-4f31-808d-777530d95190'): datetime.datetime(2021, 10, 23, 14, 20, 40, 555959), UUID('748511b5-545b-4ac4-963a-493c3be93411'): datetime.datetime(2021, 10, 23, 14, 20, 55, 576997), UUID('bcf83441-24b2-48ba-9eb9-f4a8dbd255a5'): datetime.datetime(2021, 10, 23, 14, 21, 0, 586835), UUID('fa97b749-dbfc-43cb-9e27-47aef6c7f245'): datetime.datetime(2021, 10, 23, 14, 21, 10, 600690), UUID('524c6acc-632b-4c33-ae45-0cbcbcec93d1'): datetime.datetime(2021, 10, 23, 14, 21, 20, 615052), UUID('612025a9-949b-4405-87ab-5888dcaabf78'): datetime.datetime(2021, 10, 23, 14, 21, 30, 630967), UUID('3dd07346-8658-4221-9c26-531af38acc25'): datetime.datetime(2021, 10, 23, 14, 21, 35, 646918), UUID('920c70b0-b8f6-4ae4-94f0-54301f92246a'): datetime.datetime(2021, 10, 23, 14, 21, 45, 662996), UUID('cdca5ad3-ee21-4909-990d-fdde5f3ca930'): datetime.datetime(2021, 10, 23, 14, 21, 55, 680334), UUID('8315185b-a1af-4803-ac84-52ae46ab4f93'): datetime.datetime(2021, 10, 23, 14, 22, 5, 694802), UUID('e5adfa5a-07b5-4026-a978-b6a584d12389'): datetime.datetime(2021, 10, 23, 14, 22, 15, 716081), UUID('14fede4c-0e2c-41f9-95bc-e54e99a6f8de'): datetime.datetime(2021, 10, 23, 14, 22, 25, 735411), UUID('462bc8d8-8b0f-42da-8bbe-600eaf5f8db2'): datetime.datetime(2021, 10, 23, 14, 22, 35, 755956), UUID('d0f511c3-cace-4884-80db-ba1ef0bf15a2'): datetime.datetime(2021, 10, 23, 14, 22, 40, 766987), UUID('9a292b21-8d64-4c2c-8f5c-0df8de106f37'): datetime.datetime(2021, 10, 23, 14, 22, 50, 782826), UUID('92a18aea-de5c-4fd4-b474-def95f5ba19d'): datetime.datetime(2021, 10, 23, 14, 22, 55, 804351), UUID('f37d38a5-a996-41ed-9ea7-6ac4e65ce7c9'): datetime.datetime(2021, 10, 23, 14, 23, 5, 910829), UUID('c2e8aa43-6203-42ce-b2ad-d2de2089216d'): datetime.datetime(2021, 10, 23, 14, 23, 10, 926818), UUID('e388600a-eafe-42c7-a633-202f928e5043'): datetime.datetime(2021, 10, 23, 14, 23, 15, 939234), UUID('521fbeff-1c3c-479e-ba28-5772751d668d'): datetime.datetime(2021, 10, 23, 14, 23, 25, 958804), UUID('c2743a41-39cf-4484-a3c5-604596d28ed3'): datetime.datetime(2021, 10, 23, 14, 23, 35, 978821), UUID('e8450822-ae1a-423c-8239-4b6b52755a07'): datetime.datetime(2021, 10, 23, 14, 23, 45, 999039), UUID('0f2ae345-97af-4bb5-b684-18739d093feb'): datetime.datetime(2021, 10, 23, 14, 23, 51, 14847), UUID('0c8d6876-a0f9-405e-9d64-e81e62291ad3'): datetime.datetime(2021, 10, 23, 14, 24, 6, 34858), UUID('80c13de9-e669-433d-b341-be210d82538b'): datetime.datetime(2021, 10, 23, 14, 24, 16, 55927), UUID('923f9cb0-4cfc-46aa-add0-509565c5af5b'): datetime.datetime(2021, 10, 23, 14, 24, 31, 75787), UUID('449310df-a527-40cc-abfe-76c230e302c0'): datetime.datetime(2021, 10, 23, 14, 24, 41, 90818), UUID('bf602fe9-cbd9-4847-8bfa-864e4c6cef94'): datetime.datetime(2021, 10, 23, 14, 24, 51, 102970), UUID('5e2376d2-dabc-4dac-bcd3-d8128d5b7fdc'): datetime.datetime(2021, 10, 23, 14, 25, 1, 123882), UUID('4c751fbf-d6fe-427e-b277-944b290987fc'): datetime.datetime(2021, 10, 23, 14, 25, 11, 154859), UUID('e1922a73-4fc7-4d0d-a55c-b08a9de8a0f2'): datetime.datetime(2021, 10, 23, 14, 25, 21, 173854), UUID('9cffcd01-649f-4ef6-b951-81da49d7e076'): datetime.datetime(2021, 10, 23, 14, 25, 36, 191021), UUID('f1ab5141-cbff-4b80-ae56-0e5db103667e'): datetime.datetime(2021, 10, 23, 14, 25, 51, 212964), UUID('6a349b65-27f0-434f-a954-4805195a1b5d'): datetime.datetime(2021, 10, 23, 14, 26, 1, 233643), UUID('2a5b703a-5e1d-46f9-a120-5ebb98cb84b7'): datetime.datetime(2021, 10, 23, 14, 26, 11, 252740), UUID('f87b0d68-7a3a-4cbb-8c0f-2bef90cb28a9'): datetime.datetime(2021, 10, 23, 14, 26, 21, 266883), UUID('317a35b4-617c-4482-bc27-7b9c34b66327'): datetime.datetime(2021, 10, 23, 14, 26, 36, 288413), UUID('defe42df-cff7-4e96-8752-628966146634'): datetime.datetime(2021, 10, 23, 14, 26, 46, 302861), UUID('e7a5a8f5-0ab1-45d9-b899-ab17c309b059'): datetime.datetime(2021, 10, 23, 14, 26, 51, 314888), UUID('33d1013b-6153-480b-bcb1-edd46cbe4a11'): datetime.datetime(2021, 10, 23, 14, 27, 1, 330789), UUID('0c351347-96ec-477c-be0b-fdd06409d930'): datetime.datetime(2021, 10, 23, 14, 27, 11, 346988), UUID('6e0991ab-140d-4275-8785-eb5a1d92e16f'): datetime.datetime(2021, 10, 23, 14, 27, 26, 362826), UUID('dcdd721b-5f8c-4dbb-a158-2bf61bdce0a3'): datetime.datetime(2021, 10, 23, 14, 27, 36, 378836), UUID('ea1911f4-ee65-42b1-b575-d6a307766ebf'): datetime.datetime(2021, 10, 23, 14, 27, 41, 390830), UUID('3b84f787-0599-4e62-89df-97af3d1325d7'): datetime.datetime(2021, 10, 23, 14, 27, 51, 402883), UUID('5df77a1b-7b38-4ef6-a651-6a000c625320'): datetime.datetime(2021, 10, 23, 14, 27, 56, 412470), UUID('93bfb3a9-db58-4b7d-931e-d39aca91c697'): datetime.datetime(2021, 10, 23, 14, 28, 11, 434899), UUID('d5f14bd2-d05a-447e-896b-b6b4b952cb63'): datetime.datetime(2021, 10, 23, 14, 28, 21, 454965), UUID('68e7f03d-db09-48ce-94f6-5f11b63b08df'): datetime.datetime(2021, 10, 23, 14, 28, 41, 478816), UUID('ea985b05-ea14-470f-b346-2d1f1e3aab7e'): datetime.datetime(2021, 10, 23, 14, 28, 51, 499980), UUID('4b33029a-6d9c-4f01-8504-062b40be81de'): datetime.datetime(2021, 10, 23, 14, 29, 1, 539900), UUID('5eecf754-2aa2-4fc3-be5d-8005bad1f4e3'): datetime.datetime(2021, 10, 23, 14, 29, 11, 554973), UUID('0620df20-e260-4eb6-b9b5-7bea0b45dd65'): datetime.datetime(2021, 10, 23, 14, 29, 11, 555014), UUID('eb611467-d7d4-4777-8e44-ae163619dc27'): datetime.datetime(2021, 10, 23, 14, 29, 26, 578828), UUID('59bf0be9-109a-42b6-8c2d-abf2870df189'): datetime.datetime(2021, 10, 23, 14, 29, 36, 594809), UUID('d463c45a-ca03-4fc7-a6b9-4438f9b87981'): datetime.datetime(2021, 10, 23, 14, 29, 41, 606794), UUID('8fcba890-396d-4d8a-a592-1f695a44ba56'): datetime.datetime(2021, 10, 23, 14, 29, 51, 622892), UUID('4bc28b3f-e5f2-4eea-b503-5dcff707f9ff'): datetime.datetime(2021, 10, 23, 14, 30, 1, 643040)}




id,network,job_type,image_size,num_imgs,device,batch_size,data_parallelism,response_time
af163a11,style2,interpolation,512,400,cuda:1,8,1,29473
4ffa2ad6,style1,random,512,200,cuda:0,8,1,7461
bf079ead,style1,random,256,400,cuda:0,8,1,7444
748511b5,style2ada,interpolation,256,400,cuda:1,8,1,18423
bcf83441,mobile,random,512,200,cuda:0,8,1,7413
fa97b749,style2,random,1024,400,cuda:0,8,1,27399
524c6acc,style2,interpolation,512,100,cuda:0,8,1,16384
612025a9,stylemap,interpolation,512,100,cuda:0,8,1,23369
3dd07346,stylemap,random,512,800,cuda:1,8,1,132353
920c70b0,anycost,interpolation,1024,800,cuda:1,8,1,-1
cdca5ad3,swa,random,512,200,cuda:0,8,1,12319
8315185b,anycost,random,512,200,cuda:0,8,1,14305
e5adfa5a,mobile,random,256,100,cuda:0,8,1,7283
14fede4c,stylemap,interpolation,256,100,cuda:0,8,1,16264
462bc8d8,style2,interpolation,512,400,cuda:1,8,1,115244
d0f511c3,stylemap,interpolation,512,200,cuda:1,8,1,143233
9a292b21,style2ada,interpolation,1024,400,cuda:1,8,1,189217
92a18aea,style1,random,256,200,cuda:0,8,1,7195
f37d38a5,swa,interpolation,1024,800,cuda:0,8,1,52089
c2e8aa43,stylemap,interpolation,1024,100,cuda:0,8,1,34073
e388600a,stylemap,interpolation,256,200,cuda:1,8,1,254060
521fbeff,mobile,random,512,800,cuda:0,8,1,46041
c2743a41,mobile,interpolation,512,800,cuda:1,8,1,220021
e8450822,stylemap,interpolation,1024,100,cuda:0,8,1,34000
0f2ae345,swa,random,256,100,cuda:1,8,1,20985
0c8d6876,swa,random,512,200,cuda:0,8,1,17965
80c13de9,swa,interpolation,1024,100,cuda:0,8,1,19944
923f9cb0,style1,interpolation,1024,200,cuda:0,8,1,11924
449310df,swa,random,256,200,cuda:1,8,1,24909
bf602fe9,style1,interpolation,256,200,cuda:1,8,1,22897
5e2376d2,style1,interpolation,512,100,cuda:1,8,1,11876
4c751fbf,style1,random,1024,400,cuda:1,8,1,40845
e1922a73,swa,random,1024,100,cuda:1,8,1,164826
9cffcd01,style2ada,interpolation,512,100,cuda:0,8,1,9808
f1ab5141,stylemap,interpolation,256,200,cuda:1,8,1,41787
6a349b65,style2ada,interpolation,256,200,cuda:1,8,1,16766
2a5b703a,style1,interpolation,1024,100,cuda:0,8,1,14747
f87b0d68,swa,interpolation,1024,200,cuda:1,8,1,27733
317a35b4,swa,interpolation,256,400,cuda:0,8,1,12711
defe42df,swa,random,256,800,cuda:0,8,1,16697
e7a5a8f5,swa,interpolation,256,800,cuda:0,8,1,17685
33d1013b,style1,random,1024,800,cuda:1,8,1,70669
0c351347,stylemap,random,256,800,cuda:0,8,1,39653
6e0991ab,mobile,interpolation,1024,400,cuda:0,8,1,50637
dcdd721b,swa,interpolation,512,200,cuda:0,8,1,27621
ea1911f4,style2ada,interpolation,256,400,cuda:0,8,1,20609
3b84f787,style1,interpolation,512,100,cuda:0,8,1,12597
5df77a1b,stylemap,random,256,400,cuda:1,8,1,49587
93bfb3a9,anycost,random,512,800,cuda:1,8,1,88565
d5f14bd2,swa,random,512,200,cuda:1,8,1,162545
68e7f03d,style2,random,1024,100,cuda:0,8,1,23521
ea985b05,style1,interpolation,1024,400,cuda:1,8,1,41500
4b33029a,style2ada,random,256,100,cuda:1,8,1,91460
Traceback (most recent call last):
  File "/usr/lib/python3.8/runpy.py", line 194, in _run_module_as_main
    return _run_code(code, main_globals, None,
  File "/usr/lib/python3.8/runpy.py", line 87, in _run_code
    exec(code, run_globals)
  File "/opt/federation-lab/fltk/__main__.py", line 86, in <module>
    __main__()
  File "/opt/federation-lab/fltk/__main__.py", line 38, in __main__
    cluster_start(arguments, config)
  File "/opt/federation-lab/fltk/__main__.py", line 62, in cluster_start
    launch_orchestrator(args=args, conf=configuration)
  File "/opt/federation-lab/fltk/launch.py", line 127, in launch_orchestrator
    pool.apply(orchestrator.run)
  File "/usr/lib/python3.8/multiprocessing/pool.py", line 357, in apply
    return self.apply_async(func, args, kwds).get()
  File "/usr/lib/python3.8/multiprocessing/pool.py", line 771, in get
    raise self._value
  File "/usr/lib/python3.8/multiprocessing/pool.py", line 125, in worker
    result = (True, func(*args, **kwds))
  File "/opt/federation-lab/fltk/orchestrator.py", line 168, in run
    self.stop()
  File "/opt/federation-lab/fltk/orchestrator.py", line 70, in stop
    network, image_size, job_type, num_imgs, device, batch_size, data_parallelism = self.task_info[id]
KeyError: UUID('5eecf754-2aa2-4fc3-be5d-8005bad1f4e3')
