/usr/local/lib/python3.8/dist-packages/dataclasses_json/core.py:171: RuntimeWarning: `NoneType` object value of non-optional type config_path detected when decoding BareConfig.
  warnings.warn(f"`NoneType` object {warning}.", RuntimeWarning)
10-23-2021 13:54:42 root         INFO     Starting in cluster mode.
10-23-2021 13:54:42 root         INFO     Starting as Orchestrator
10-23-2021 13:54:42 root         INFO     Starting Orchestrator, initializing resources....
10-23-2021 13:54:42 root         INFO     Loading in cluster configuration file
10-23-2021 13:54:42 root         INFO     Pointing configuration to in cluster configuration.
10-23-2021 13:54:42 root         INFO     Starting cluster manager
10-23-2021 13:54:42 ClusterManager INFO     Spinning up cluster manager...
10-23-2021 13:54:42 ResourceWatchDog INFO     Starting resource watchdog
10-23-2021 13:54:42 root         INFO     Starting arrival generator
10-23-2021 13:54:42 ClusterManager INFO     Still alive...
10-23-2021 13:54:42 ResourceWatchDog INFO     Fetching node information of cluster...
10-23-2021 13:54:42 root         INFO     Starting orchestrator
10-23-2021 13:54:42 StyleGANExperimentGenerator INFO     Starting execution of arrival generator...
10-23-2021 13:54:42 StyleGANExperimentGenerator INFO     Populating tick lists with initial arrivals
10-23-2021 13:54:42 StyleGANExperimentGenerator INFO     Creating task for StyleGANInferenceJob
15
10-23-2021 13:54:42 Orchestrator INFO     Clearing old jobs in current namespace: default
10-23-2021 13:54:42 ResourceWatchDog INFO     Starting with watching resources
10-23-2021 13:54:52 ClusterManager INFO     Still alive...
10-23-2021 13:54:52 ResourceWatchDog INFO     Fetching job finish times...
10-23-2021 13:54:52 ResourceWatchDog INFO     Fetching resource information of cluster...
10-23-2021 13:54:52 ResourceWatchDog INFO     {'ubuntu94025': Resource(node_name='ubuntu94025', cpu_allocatable=<Quantity(24, 'dimensionless')>, memory_allocatable=<Quantity(65626416, 'Ki')>, cpu_requested=<Quantity(2.72, 'dimensionless')>, memory_requested=<Quantity(3570766848, 'dimensionless')>, cpu_limit=<Quantity(22.4, 'dimensionless')>, memory_limit=<Quantity(15637779456, 'dimensionless')>, vram_free=[11174.4375, 24264.6875], vram_total=[11178.5, 24268.3125])}
10-23-2021 13:54:59 StyleGANExperimentGenerator INFO     Creating task for StyleGANInferenceJob
15
10-23-2021 13:55:02 ClusterManager INFO     Still alive...
10-23-2021 13:55:02 Orchestrator INFO     Scheduling arrival of Arrival: 09824d59-496a-4ab5-b74b-cec863e7f67e
10-23-2021 13:55:02 Orchestrator INFO     Deploying on cluster: 09824d59-496a-4ab5-b74b-cec863e7f67e
10-23-2021 13:55:02 ResourceWatchDog INFO     Fetching job finish times...
10-23-2021 13:55:02 ResourceWatchDog INFO     Fetching resource information of cluster...
10-23-2021 13:55:02 ResourceWatchDog INFO     {'ubuntu94025': Resource(node_name='ubuntu94025', cpu_allocatable=<Quantity(24, 'dimensionless')>, memory_allocatable=<Quantity(65626416, 'Ki')>, cpu_requested=<Quantity(2.72, 'dimensionless')>, memory_requested=<Quantity(3570766848, 'dimensionless')>, cpu_limit=<Quantity(22.4, 'dimensionless')>, memory_limit=<Quantity(15637779456, 'dimensionless')>, vram_free=[11174.4375, 24264.6875], vram_total=[11178.5, 24268.3125])}
10-23-2021 13:55:09 StyleGANExperimentGenerator INFO     Creating task for StyleGANInferenceJob
15
10-23-2021 13:55:12 ClusterManager INFO     Still alive...
10-23-2021 13:55:12 Orchestrator INFO     Scheduling arrival of Arrival: 8ad814e5-53d1-4834-be5c-e710a2c90168
10-23-2021 13:55:12 Orchestrator INFO     Deploying on cluster: 8ad814e5-53d1-4834-be5c-e710a2c90168
10-23-2021 13:55:12 ResourceWatchDog INFO     Fetching job finish times...
10-23-2021 13:55:12 ResourceWatchDog INFO     Fetching resource information of cluster...
10-23-2021 13:55:13 ResourceWatchDog INFO     {'ubuntu94025': Resource(node_name='ubuntu94025', cpu_allocatable=<Quantity(24, 'dimensionless')>, memory_allocatable=<Quantity(65626416, 'Ki')>, cpu_requested=<Quantity(2.72, 'dimensionless')>, memory_requested=<Quantity(3570766848, 'dimensionless')>, cpu_limit=<Quantity(22.4, 'dimensionless')>, memory_limit=<Quantity(15637779456, 'dimensionless')>, vram_free=[9315.4375, 24264.6875], vram_total=[11178.5, 24268.3125])}
10-23-2021 13:55:22 ClusterManager INFO     Still alive...
10-23-2021 13:55:23 ResourceWatchDog INFO     Fetching job finish times...
10-23-2021 13:55:23 ResourceWatchDog INFO     Fetching resource information of cluster...
10-23-2021 13:55:23 ResourceWatchDog INFO     {'ubuntu94025': Resource(node_name='ubuntu94025', cpu_allocatable=<Quantity(24, 'dimensionless')>, memory_allocatable=<Quantity(65626416, 'Ki')>, cpu_requested=<Quantity(2.72, 'dimensionless')>, memory_requested=<Quantity(3570766848, 'dimensionless')>, cpu_limit=<Quantity(22.4, 'dimensionless')>, memory_limit=<Quantity(15637779456, 'dimensionless')>, vram_free=[8629.4375, 24264.6875], vram_total=[11178.5, 24268.3125])}
15
10-23-2021 13:55:25 StyleGANExperimentGenerator INFO     Creating task for StyleGANInferenceJob
10-23-2021 13:55:27 Orchestrator INFO     Scheduling arrival of Arrival: 080c9382-2985-48ba-a86e-60b86014725d
10-23-2021 13:55:27 Orchestrator INFO     Deploying on cluster: 080c9382-2985-48ba-a86e-60b86014725d
10-23-2021 13:55:32 ClusterManager INFO     Still alive...
10-23-2021 13:55:33 ResourceWatchDog INFO     Fetching job finish times...
10-23-2021 13:55:33 ResourceWatchDog INFO     Fetching resource information of cluster...
10-23-2021 13:55:33 ResourceWatchDog INFO     {'ubuntu94025': Resource(node_name='ubuntu94025', cpu_allocatable=<Quantity(24, 'dimensionless')>, memory_allocatable=<Quantity(65626416, 'Ki')>, cpu_requested=<Quantity(2.72, 'dimensionless')>, memory_requested=<Quantity(3570766848, 'dimensionless')>, cpu_limit=<Quantity(22.4, 'dimensionless')>, memory_limit=<Quantity(15637779456, 'dimensionless')>, vram_free=[9063.4375, 24264.6875], vram_total=[11178.5, 24268.3125])}
10-23-2021 13:55:42 ClusterManager INFO     Still alive...
10-23-2021 13:55:42 ResourceWatchDog INFO     Fetching resource information of cluster...
10-23-2021 13:55:42 ResourceWatchDog INFO     {'ubuntu94025': Resource(node_name='ubuntu94025', cpu_allocatable=<Quantity(24, 'dimensionless')>, memory_allocatable=<Quantity(65626416, 'Ki')>, cpu_requested=<Quantity(2.72, 'dimensionless')>, memory_requested=<Quantity(3570766848, 'dimensionless')>, cpu_limit=<Quantity(22.4, 'dimensionless')>, memory_limit=<Quantity(15637779456, 'dimensionless')>, vram_free=[11174.4375, 24264.6875], vram_total=[11178.5, 24268.3125])}
10-23-2021 13:55:43 ResourceWatchDog INFO     Fetching job finish times...
10-23-2021 13:55:43 ResourceWatchDog INFO     Fetching resource information of cluster...
10-23-2021 13:55:43 ResourceWatchDog INFO     {'ubuntu94025': Resource(node_name='ubuntu94025', cpu_allocatable=<Quantity(24, 'dimensionless')>, memory_allocatable=<Quantity(65626416, 'Ki')>, cpu_requested=<Quantity(2.72, 'dimensionless')>, memory_requested=<Quantity(3570766848, 'dimensionless')>, cpu_limit=<Quantity(22.4, 'dimensionless')>, memory_limit=<Quantity(15637779456, 'dimensionless')>, vram_free=[11174.4375, 24264.6875], vram_total=[11178.5, 24268.3125])}
10-23-2021 13:55:44 StyleGANExperimentGenerator INFO     Creating task for StyleGANInferenceJob
15
10-23-2021 13:55:47 Orchestrator INFO     Scheduling arrival of Arrival: cb5533ec-99dd-4048-b2b7-0a78436b16a0
10-23-2021 13:55:47 Orchestrator INFO     Deploying on cluster: cb5533ec-99dd-4048-b2b7-0a78436b16a0
10-23-2021 13:55:52 ClusterManager INFO     Still alive...
10-23-2021 13:55:53 ResourceWatchDog INFO     Fetching job finish times...
10-23-2021 13:55:54 ResourceWatchDog INFO     Fetching resource information of cluster...
10-23-2021 13:55:54 ResourceWatchDog INFO     {'ubuntu94025': Resource(node_name='ubuntu94025', cpu_allocatable=<Quantity(24, 'dimensionless')>, memory_allocatable=<Quantity(65626416, 'Ki')>, cpu_requested=<Quantity(2.72, 'dimensionless')>, memory_requested=<Quantity(3570766848, 'dimensionless')>, cpu_limit=<Quantity(22.4, 'dimensionless')>, memory_limit=<Quantity(15637779456, 'dimensionless')>, vram_free=[11174.4375, 20367.6875], vram_total=[11178.5, 24268.3125])}
10-23-2021 13:55:55 StyleGANExperimentGenerator INFO     Creating task for StyleGANInferenceJob
15
10-23-2021 13:55:57 Orchestrator INFO     Scheduling arrival of Arrival: 0fe8b154-e2c7-415d-ad92-2f4c288c4763
10-23-2021 13:55:57 Orchestrator INFO     Deploying on cluster: 0fe8b154-e2c7-415d-ad92-2f4c288c4763
10-23-2021 13:56:02 ClusterManager INFO     Still alive...
10-23-2021 13:56:04 ResourceWatchDog INFO     Fetching job finish times...
10-23-2021 13:56:04 ResourceWatchDog INFO     Fetching resource information of cluster...
10-23-2021 13:56:04 ResourceWatchDog INFO     {'ubuntu94025': Resource(node_name='ubuntu94025', cpu_allocatable=<Quantity(24, 'dimensionless')>, memory_allocatable=<Quantity(65626416, 'Ki')>, cpu_requested=<Quantity(2.72, 'dimensionless')>, memory_requested=<Quantity(3570766848, 'dimensionless')>, cpu_limit=<Quantity(22.4, 'dimensionless')>, memory_limit=<Quantity(15637779456, 'dimensionless')>, vram_free=[11174.4375, 4901.6875], vram_total=[11178.5, 24268.3125])}
15
10-23-2021 13:56:08 StyleGANExperimentGenerator INFO     Creating task for StyleGANInferenceJob
10-23-2021 13:56:12 ClusterManager INFO     Still alive...
10-23-2021 13:56:12 Orchestrator INFO     Scheduling arrival of Arrival: df9c5323-b5a2-4228-9915-3ef0e5405c64
10-23-2021 13:56:12 Orchestrator INFO     Deploying on cluster: df9c5323-b5a2-4228-9915-3ef0e5405c64
10-23-2021 13:56:14 ResourceWatchDog INFO     Fetching job finish times...
10-23-2021 13:56:14 ResourceWatchDog INFO     Fetching resource information of cluster...
10-23-2021 13:56:14 ResourceWatchDog INFO     {'ubuntu94025': Resource(node_name='ubuntu94025', cpu_allocatable=<Quantity(24, 'dimensionless')>, memory_allocatable=<Quantity(65626416, 'Ki')>, cpu_requested=<Quantity(2.72, 'dimensionless')>, memory_requested=<Quantity(3570766848, 'dimensionless')>, cpu_limit=<Quantity(22.4, 'dimensionless')>, memory_limit=<Quantity(15637779456, 'dimensionless')>, vram_free=[11174.4375, 24264.6875], vram_total=[11178.5, 24268.3125])}
15
10-23-2021 13:56:22 StyleGANExperimentGenerator INFO     Creating task for StyleGANInferenceJob
10-23-2021 13:56:22 ClusterManager INFO     Still alive...
10-23-2021 13:56:22 Orchestrator INFO     Scheduling arrival of Arrival: 087aa865-cace-40a7-bf14-b1b9937f3c35
10-23-2021 13:56:22 Orchestrator INFO     Deploying on cluster: 087aa865-cace-40a7-bf14-b1b9937f3c35
10-23-2021 13:56:24 ResourceWatchDog INFO     Fetching job finish times...
10-23-2021 13:56:25 ResourceWatchDog INFO     Fetching resource information of cluster...
10-23-2021 13:56:25 ResourceWatchDog INFO     {'ubuntu94025': Resource(node_name='ubuntu94025', cpu_allocatable=<Quantity(24, 'dimensionless')>, memory_allocatable=<Quantity(65626416, 'Ki')>, cpu_requested=<Quantity(2.72, 'dimensionless')>, memory_requested=<Quantity(3570766848, 'dimensionless')>, cpu_limit=<Quantity(22.4, 'dimensionless')>, memory_limit=<Quantity(15637779456, 'dimensionless')>, vram_free=[7497.4375, 24264.6875], vram_total=[11178.5, 24268.3125])}
10-23-2021 13:56:32 ClusterManager INFO     Still alive...
10-23-2021 13:56:35 ResourceWatchDog INFO     Fetching job finish times...
10-23-2021 13:56:35 ResourceWatchDog INFO     Fetching resource information of cluster...
10-23-2021 13:56:35 ResourceWatchDog INFO     {'ubuntu94025': Resource(node_name='ubuntu94025', cpu_allocatable=<Quantity(24, 'dimensionless')>, memory_allocatable=<Quantity(65626416, 'Ki')>, cpu_requested=<Quantity(2.72, 'dimensionless')>, memory_requested=<Quantity(3570766848, 'dimensionless')>, cpu_limit=<Quantity(22.4, 'dimensionless')>, memory_limit=<Quantity(15637779456, 'dimensionless')>, vram_free=[6887.4375, 19827.6875], vram_total=[11178.5, 24268.3125])}
10-23-2021 13:56:38 StyleGANExperimentGenerator INFO     Creating task for StyleGANInferenceJob
15
10-23-2021 13:56:42 ClusterManager INFO     Still alive...
10-23-2021 13:56:42 Orchestrator INFO     Scheduling arrival of Arrival: 06b8c6ad-5004-4749-b2d7-c1cf3f0ae985
10-23-2021 13:56:42 Orchestrator INFO     Deploying on cluster: 06b8c6ad-5004-4749-b2d7-c1cf3f0ae985
10-23-2021 13:56:43 ResourceWatchDog INFO     Fetching resource information of cluster...
10-23-2021 13:56:43 ResourceWatchDog INFO     {'ubuntu94025': Resource(node_name='ubuntu94025', cpu_allocatable=<Quantity(24, 'dimensionless')>, memory_allocatable=<Quantity(65626416, 'Ki')>, cpu_requested=<Quantity(2.72, 'dimensionless')>, memory_requested=<Quantity(3570766848, 'dimensionless')>, cpu_limit=<Quantity(22.4, 'dimensionless')>, memory_limit=<Quantity(15637779456, 'dimensionless')>, vram_free=[6887.4375, 24264.6875], vram_total=[11178.5, 24268.3125])}
10-23-2021 13:56:45 ResourceWatchDog INFO     Fetching job finish times...
10-23-2021 13:56:45 ResourceWatchDog INFO     Fetching resource information of cluster...
10-23-2021 13:56:46 ResourceWatchDog INFO     {'ubuntu94025': Resource(node_name='ubuntu94025', cpu_allocatable=<Quantity(24, 'dimensionless')>, memory_allocatable=<Quantity(65626416, 'Ki')>, cpu_requested=<Quantity(2.72, 'dimensionless')>, memory_requested=<Quantity(3570766848, 'dimensionless')>, cpu_limit=<Quantity(22.4, 'dimensionless')>, memory_limit=<Quantity(15637779456, 'dimensionless')>, vram_free=[6887.4375, 23021.6875], vram_total=[11178.5, 24268.3125])}
10-23-2021 13:56:50 StyleGANExperimentGenerator INFO     Creating task for StyleGANInferenceJob
15
10-23-2021 13:56:52 ClusterManager INFO     Still alive...
10-23-2021 13:56:52 Orchestrator INFO     Scheduling arrival of Arrival: 1fac3505-dfaa-452d-b268-79a029ab8427
10-23-2021 13:56:52 Orchestrator INFO     Deploying on cluster: 1fac3505-dfaa-452d-b268-79a029ab8427
10-23-2021 13:56:56 ResourceWatchDog INFO     Fetching job finish times...
10-23-2021 13:56:56 ResourceWatchDog INFO     Fetching resource information of cluster...
10-23-2021 13:56:56 ResourceWatchDog INFO     {'ubuntu94025': Resource(node_name='ubuntu94025', cpu_allocatable=<Quantity(24, 'dimensionless')>, memory_allocatable=<Quantity(65626416, 'Ki')>, cpu_requested=<Quantity(2.72, 'dimensionless')>, memory_requested=<Quantity(3570766848, 'dimensionless')>, cpu_limit=<Quantity(22.4, 'dimensionless')>, memory_limit=<Quantity(15637779456, 'dimensionless')>, vram_free=[8629.4375, 24264.6875], vram_total=[11178.5, 24268.3125])}
10-23-2021 13:57:02 ClusterManager INFO     Still alive...
10-23-2021 13:57:04 StyleGANExperimentGenerator INFO     Creating task for StyleGANInferenceJob
15
10-23-2021 13:57:06 ResourceWatchDog INFO     Fetching job finish times...
10-23-2021 13:57:06 ResourceWatchDog INFO     Fetching resource information of cluster...
10-23-2021 13:57:06 ResourceWatchDog INFO     {'ubuntu94025': Resource(node_name='ubuntu94025', cpu_allocatable=<Quantity(24, 'dimensionless')>, memory_allocatable=<Quantity(65626416, 'Ki')>, cpu_requested=<Quantity(2.72, 'dimensionless')>, memory_requested=<Quantity(3570766848, 'dimensionless')>, cpu_limit=<Quantity(22.4, 'dimensionless')>, memory_limit=<Quantity(15637779456, 'dimensionless')>, vram_free=[11174.4375, 3349.6875], vram_total=[11178.5, 24268.3125])}
10-23-2021 13:57:07 Orchestrator INFO     Scheduling arrival of Arrival: 1860d8aa-3d8f-495f-bd54-e08c0c05be3e
10-23-2021 13:57:07 Orchestrator INFO     Deploying on cluster: 1860d8aa-3d8f-495f-bd54-e08c0c05be3e
10-23-2021 13:57:12 ClusterManager INFO     Still alive...
10-23-2021 13:57:15 StyleGANExperimentGenerator INFO     Creating task for StyleGANInferenceJob
15
10-23-2021 13:57:16 ResourceWatchDog INFO     Fetching job finish times...
10-23-2021 13:57:16 ResourceWatchDog INFO     Fetching resource information of cluster...
10-23-2021 13:57:16 ResourceWatchDog INFO     {'ubuntu94025': Resource(node_name='ubuntu94025', cpu_allocatable=<Quantity(24, 'dimensionless')>, memory_allocatable=<Quantity(65626416, 'Ki')>, cpu_requested=<Quantity(2.72, 'dimensionless')>, memory_requested=<Quantity(3570766848, 'dimensionless')>, cpu_limit=<Quantity(22.4, 'dimensionless')>, memory_limit=<Quantity(15637779456, 'dimensionless')>, vram_free=[11174.4375, 364.6875], vram_total=[11178.5, 24268.3125])}
10-23-2021 13:57:17 Orchestrator INFO     Scheduling arrival of Arrival: 3a3a9900-6242-4d6f-9efa-43aec15b3822
10-23-2021 13:57:17 Orchestrator INFO     Deploying on cluster: 3a3a9900-6242-4d6f-9efa-43aec15b3822
10-23-2021 13:57:22 ClusterManager INFO     Still alive...
10-23-2021 13:57:27 ResourceWatchDog INFO     Fetching job finish times...
10-23-2021 13:57:27 ResourceWatchDog INFO     Fetching resource information of cluster...
10-23-2021 13:57:27 ResourceWatchDog INFO     {'ubuntu94025': Resource(node_name='ubuntu94025', cpu_allocatable=<Quantity(24, 'dimensionless')>, memory_allocatable=<Quantity(65626416, 'Ki')>, cpu_requested=<Quantity(2.72, 'dimensionless')>, memory_requested=<Quantity(3570766848, 'dimensionless')>, cpu_limit=<Quantity(22.4, 'dimensionless')>, memory_limit=<Quantity(15637779456, 'dimensionless')>, vram_free=[11174.4375, 1870.6875], vram_total=[11178.5, 24268.3125])}
10-23-2021 13:57:31 StyleGANExperimentGenerator INFO     Creating task for StyleGANInferenceJob
15
10-23-2021 13:57:32 ClusterManager INFO     Still alive...
10-23-2021 13:57:32 Orchestrator INFO     Scheduling arrival of Arrival: 704e1c45-a7ec-405d-90ea-4213af3d57a2
10-23-2021 13:57:32 Orchestrator INFO     Deploying on cluster: 704e1c45-a7ec-405d-90ea-4213af3d57a2
10-23-2021 13:57:37 ResourceWatchDog INFO     Fetching job finish times...
10-23-2021 13:57:37 ResourceWatchDog INFO     Fetching resource information of cluster...
10-23-2021 13:57:37 ResourceWatchDog INFO     {'ubuntu94025': Resource(node_name='ubuntu94025', cpu_allocatable=<Quantity(24, 'dimensionless')>, memory_allocatable=<Quantity(65626416, 'Ki')>, cpu_requested=<Quantity(2.72, 'dimensionless')>, memory_requested=<Quantity(3570766848, 'dimensionless')>, cpu_limit=<Quantity(22.4, 'dimensionless')>, memory_limit=<Quantity(15637779456, 'dimensionless')>, vram_free=[10647.4375, 224.6875], vram_total=[11178.5, 24268.3125])}
10-23-2021 13:57:42 ClusterManager INFO     Still alive...
10-23-2021 13:57:44 ResourceWatchDog INFO     Fetching resource information of cluster...
10-23-2021 13:57:44 ResourceWatchDog INFO     {'ubuntu94025': Resource(node_name='ubuntu94025', cpu_allocatable=<Quantity(24, 'dimensionless')>, memory_allocatable=<Quantity(65626416, 'Ki')>, cpu_requested=<Quantity(2.72, 'dimensionless')>, memory_requested=<Quantity(3570766848, 'dimensionless')>, cpu_limit=<Quantity(22.4, 'dimensionless')>, memory_limit=<Quantity(15637779456, 'dimensionless')>, vram_free=[3413.4375, 2672.6875], vram_total=[11178.5, 24268.3125])}
10-23-2021 13:57:47 StyleGANExperimentGenerator INFO     Creating task for StyleGANInferenceJob
15
10-23-2021 13:57:47 Orchestrator INFO     Scheduling arrival of Arrival: 070c4b7f-525d-48a4-a318-2d6a3aed9354
10-23-2021 13:57:47 Orchestrator INFO     Deploying on cluster: 070c4b7f-525d-48a4-a318-2d6a3aed9354
10-23-2021 13:57:47 ResourceWatchDog INFO     Fetching job finish times...
10-23-2021 13:57:48 ResourceWatchDog INFO     Fetching resource information of cluster...
10-23-2021 13:57:48 ResourceWatchDog INFO     {'ubuntu94025': Resource(node_name='ubuntu94025', cpu_allocatable=<Quantity(24, 'dimensionless')>, memory_allocatable=<Quantity(65626416, 'Ki')>, cpu_requested=<Quantity(2.72, 'dimensionless')>, memory_requested=<Quantity(3570766848, 'dimensionless')>, cpu_limit=<Quantity(22.4, 'dimensionless')>, memory_limit=<Quantity(15637779456, 'dimensionless')>, vram_free=[3409.4375, 1786.6875], vram_total=[11178.5, 24268.3125])}
10-23-2021 13:57:52 ClusterManager INFO     Still alive...
10-23-2021 13:57:58 ResourceWatchDog INFO     Fetching job finish times...
10-23-2021 13:57:58 ResourceWatchDog INFO     Fetching resource information of cluster...
10-23-2021 13:57:58 ResourceWatchDog INFO     {'ubuntu94025': Resource(node_name='ubuntu94025', cpu_allocatable=<Quantity(24, 'dimensionless')>, memory_allocatable=<Quantity(65626416, 'Ki')>, cpu_requested=<Quantity(2.72, 'dimensionless')>, memory_requested=<Quantity(3570766848, 'dimensionless')>, cpu_limit=<Quantity(22.4, 'dimensionless')>, memory_limit=<Quantity(15637779456, 'dimensionless')>, vram_free=[3121.4375, 1051.6875], vram_total=[11178.5, 24268.3125])}
10-23-2021 13:58:00 StyleGANExperimentGenerator INFO     Creating task for StyleGANInferenceJob
15
10-23-2021 13:58:02 ClusterManager INFO     Still alive...
10-23-2021 13:58:02 Orchestrator INFO     Scheduling arrival of Arrival: dd22e22f-b616-44be-8e8a-91d3a4042f17
10-23-2021 13:58:02 Orchestrator INFO     Deploying on cluster: dd22e22f-b616-44be-8e8a-91d3a4042f17
10-23-2021 13:58:08 ResourceWatchDog INFO     Fetching job finish times...
10-23-2021 13:58:08 ResourceWatchDog INFO     Fetching resource information of cluster...
10-23-2021 13:58:08 ResourceWatchDog INFO     {'ubuntu94025': Resource(node_name='ubuntu94025', cpu_allocatable=<Quantity(24, 'dimensionless')>, memory_allocatable=<Quantity(65626416, 'Ki')>, cpu_requested=<Quantity(2.72, 'dimensionless')>, memory_requested=<Quantity(3570766848, 'dimensionless')>, cpu_limit=<Quantity(22.4, 'dimensionless')>, memory_limit=<Quantity(15637779456, 'dimensionless')>, vram_free=[11174.4375, 2364.6875], vram_total=[11178.5, 24268.3125])}
10-23-2021 13:58:12 ClusterManager INFO     Still alive...
10-23-2021 13:58:17 StyleGANExperimentGenerator INFO     Creating task for StyleGANInferenceJob
15
10-23-2021 13:58:17 Orchestrator INFO     Scheduling arrival of Arrival: b07e5f73-24ec-46f2-a9af-94fcb96508bb
10-23-2021 13:58:17 Orchestrator INFO     Deploying on cluster: b07e5f73-24ec-46f2-a9af-94fcb96508bb
10-23-2021 13:58:18 ResourceWatchDog INFO     Fetching job finish times...
10-23-2021 13:58:19 ResourceWatchDog INFO     Fetching resource information of cluster...
10-23-2021 13:58:19 ResourceWatchDog INFO     {'ubuntu94025': Resource(node_name='ubuntu94025', cpu_allocatable=<Quantity(24, 'dimensionless')>, memory_allocatable=<Quantity(65626416, 'Ki')>, cpu_requested=<Quantity(2.72, 'dimensionless')>, memory_requested=<Quantity(3570766848, 'dimensionless')>, cpu_limit=<Quantity(22.4, 'dimensionless')>, memory_limit=<Quantity(15637779456, 'dimensionless')>, vram_free=[11174.4375, 1063.6875], vram_total=[11178.5, 24268.3125])}
10-23-2021 13:58:22 ClusterManager INFO     Still alive...
10-23-2021 13:58:27 StyleGANExperimentGenerator INFO     Creating task for StyleGANInferenceJob
15
10-23-2021 13:58:27 Orchestrator INFO     Scheduling arrival of Arrival: 5081fec8-6c20-41e6-ad64-ec5a98484803
10-23-2021 13:58:27 Orchestrator INFO     Deploying on cluster: 5081fec8-6c20-41e6-ad64-ec5a98484803
10-23-2021 13:58:29 ResourceWatchDog INFO     Fetching job finish times...
10-23-2021 13:58:29 ResourceWatchDog INFO     Fetching resource information of cluster...
10-23-2021 13:58:29 ResourceWatchDog INFO     {'ubuntu94025': Resource(node_name='ubuntu94025', cpu_allocatable=<Quantity(24, 'dimensionless')>, memory_allocatable=<Quantity(65626416, 'Ki')>, cpu_requested=<Quantity(2.72, 'dimensionless')>, memory_requested=<Quantity(3570766848, 'dimensionless')>, cpu_limit=<Quantity(22.4, 'dimensionless')>, memory_limit=<Quantity(15637779456, 'dimensionless')>, vram_free=[11174.4375, 3339.6875], vram_total=[11178.5, 24268.3125])}
10-23-2021 13:58:32 ClusterManager INFO     Still alive...
10-23-2021 13:58:39 StyleGANExperimentGenerator INFO     Creating task for StyleGANInferenceJob
15
10-23-2021 13:58:39 ResourceWatchDog INFO     Fetching job finish times...
10-23-2021 13:58:39 ResourceWatchDog INFO     Fetching resource information of cluster...
10-23-2021 13:58:39 ResourceWatchDog INFO     {'ubuntu94025': Resource(node_name='ubuntu94025', cpu_allocatable=<Quantity(24, 'dimensionless')>, memory_allocatable=<Quantity(65626416, 'Ki')>, cpu_requested=<Quantity(2.72, 'dimensionless')>, memory_requested=<Quantity(3570766848, 'dimensionless')>, cpu_limit=<Quantity(22.4, 'dimensionless')>, memory_limit=<Quantity(15637779456, 'dimensionless')>, vram_free=[6459.4375, 22793.6875], vram_total=[11178.5, 24268.3125])}
10-23-2021 13:58:42 ClusterManager INFO     Still alive...
10-23-2021 13:58:42 Orchestrator INFO     Scheduling arrival of Arrival: ca25201e-af58-469f-b09f-67ad5f77c086
10-23-2021 13:58:42 Orchestrator INFO     Deploying on cluster: ca25201e-af58-469f-b09f-67ad5f77c086
10-23-2021 13:58:44 ResourceWatchDog INFO     Fetching resource information of cluster...
10-23-2021 13:58:45 ResourceWatchDog INFO     {'ubuntu94025': Resource(node_name='ubuntu94025', cpu_allocatable=<Quantity(24, 'dimensionless')>, memory_allocatable=<Quantity(65626416, 'Ki')>, cpu_requested=<Quantity(2.72, 'dimensionless')>, memory_requested=<Quantity(3570766848, 'dimensionless')>, cpu_limit=<Quantity(22.4, 'dimensionless')>, memory_limit=<Quantity(15637779456, 'dimensionless')>, vram_free=[6459.4375, 19473.6875], vram_total=[11178.5, 24268.3125])}
10-23-2021 13:58:50 ResourceWatchDog INFO     Fetching job finish times...
10-23-2021 13:58:50 ResourceWatchDog INFO     Fetching resource information of cluster...
10-23-2021 13:58:50 ResourceWatchDog INFO     {'ubuntu94025': Resource(node_name='ubuntu94025', cpu_allocatable=<Quantity(24, 'dimensionless')>, memory_allocatable=<Quantity(65626416, 'Ki')>, cpu_requested=<Quantity(2.72, 'dimensionless')>, memory_requested=<Quantity(3570766848, 'dimensionless')>, cpu_limit=<Quantity(22.4, 'dimensionless')>, memory_limit=<Quantity(15637779456, 'dimensionless')>, vram_free=[6459.4375, 4200.6875], vram_total=[11178.5, 24268.3125])}
10-23-2021 13:58:52 ClusterManager INFO     Still alive...
10-23-2021 13:58:52 StyleGANExperimentGenerator INFO     Creating task for StyleGANInferenceJob
15
10-23-2021 13:58:52 Orchestrator INFO     Scheduling arrival of Arrival: e3529bd0-dd99-4af8-8695-7725b5b2a4e9
10-23-2021 13:58:52 Orchestrator INFO     Deploying on cluster: e3529bd0-dd99-4af8-8695-7725b5b2a4e9
10-23-2021 13:59:00 ResourceWatchDog INFO     Fetching job finish times...
10-23-2021 13:59:00 ResourceWatchDog INFO     Fetching resource information of cluster...
10-23-2021 13:59:00 ResourceWatchDog INFO     {'ubuntu94025': Resource(node_name='ubuntu94025', cpu_allocatable=<Quantity(24, 'dimensionless')>, memory_allocatable=<Quantity(65626416, 'Ki')>, cpu_requested=<Quantity(2.72, 'dimensionless')>, memory_requested=<Quantity(3570766848, 'dimensionless')>, cpu_limit=<Quantity(22.4, 'dimensionless')>, memory_limit=<Quantity(15637779456, 'dimensionless')>, vram_free=[11174.4375, 7577.6875], vram_total=[11178.5, 24268.3125])}
10-23-2021 13:59:02 ClusterManager INFO     Still alive...
10-23-2021 13:59:07 StyleGANExperimentGenerator INFO     Creating task for StyleGANInferenceJob
15
10-23-2021 13:59:07 Orchestrator INFO     Scheduling arrival of Arrival: a46bcb6f-86c9-436f-aba5-c5d57fdf9bee
10-23-2021 13:59:07 Orchestrator INFO     Deploying on cluster: a46bcb6f-86c9-436f-aba5-c5d57fdf9bee
10-23-2021 13:59:10 ResourceWatchDog INFO     Fetching job finish times...
10-23-2021 13:59:10 ResourceWatchDog INFO     Fetching resource information of cluster...
10-23-2021 13:59:11 ResourceWatchDog INFO     {'ubuntu94025': Resource(node_name='ubuntu94025', cpu_allocatable=<Quantity(24, 'dimensionless')>, memory_allocatable=<Quantity(65626416, 'Ki')>, cpu_requested=<Quantity(2.72, 'dimensionless')>, memory_requested=<Quantity(3570766848, 'dimensionless')>, cpu_limit=<Quantity(22.4, 'dimensionless')>, memory_limit=<Quantity(15637779456, 'dimensionless')>, vram_free=[11174.4375, 24264.6875], vram_total=[11178.5, 24268.3125])}
10-23-2021 13:59:12 ClusterManager INFO     Still alive...
10-23-2021 13:59:16 StyleGANExperimentGenerator INFO     Creating task for StyleGANInferenceJob
15
10-23-2021 13:59:17 Orchestrator INFO     Scheduling arrival of Arrival: 3a51af45-0c4e-40c5-a6ad-9e7beca4a3d0
10-23-2021 13:59:17 Orchestrator INFO     Deploying on cluster: 3a51af45-0c4e-40c5-a6ad-9e7beca4a3d0
10-23-2021 13:59:21 ResourceWatchDog INFO     Fetching job finish times...
10-23-2021 13:59:21 ResourceWatchDog INFO     Fetching resource information of cluster...
10-23-2021 13:59:21 ResourceWatchDog INFO     {'ubuntu94025': Resource(node_name='ubuntu94025', cpu_allocatable=<Quantity(24, 'dimensionless')>, memory_allocatable=<Quantity(65626416, 'Ki')>, cpu_requested=<Quantity(2.72, 'dimensionless')>, memory_requested=<Quantity(3570766848, 'dimensionless')>, cpu_limit=<Quantity(22.4, 'dimensionless')>, memory_limit=<Quantity(15637779456, 'dimensionless')>, vram_free=[11174.4375, 22796.6875], vram_total=[11178.5, 24268.3125])}
10-23-2021 13:59:22 ClusterManager INFO     Still alive...
10-23-2021 13:59:22 StyleGANExperimentGenerator INFO     Creating task for StyleGANInferenceJob
15
10-23-2021 13:59:22 Orchestrator INFO     Scheduling arrival of Arrival: 590314fc-eb5c-48a8-a925-529b5540cf44
10-23-2021 13:59:22 Orchestrator INFO     Deploying on cluster: 590314fc-eb5c-48a8-a925-529b5540cf44
10-23-2021 13:59:31 ResourceWatchDog INFO     Fetching job finish times...
10-23-2021 13:59:31 ResourceWatchDog INFO     Fetching resource information of cluster...
10-23-2021 13:59:31 ResourceWatchDog INFO     {'ubuntu94025': Resource(node_name='ubuntu94025', cpu_allocatable=<Quantity(24, 'dimensionless')>, memory_allocatable=<Quantity(65626416, 'Ki')>, cpu_requested=<Quantity(2.72, 'dimensionless')>, memory_requested=<Quantity(3570766848, 'dimensionless')>, cpu_limit=<Quantity(22.4, 'dimensionless')>, memory_limit=<Quantity(15637779456, 'dimensionless')>, vram_free=[11174.4375, 13108.6875], vram_total=[11178.5, 24268.3125])}
10-23-2021 13:59:32 ClusterManager INFO     Still alive...
10-23-2021 13:59:36 StyleGANExperimentGenerator INFO     Creating task for StyleGANInferenceJob
15
10-23-2021 13:59:37 Orchestrator INFO     Scheduling arrival of Arrival: a8855354-7022-43ed-803c-d2438169d08a
10-23-2021 13:59:37 Orchestrator INFO     Deploying on cluster: a8855354-7022-43ed-803c-d2438169d08a
10-23-2021 13:59:41 ResourceWatchDog INFO     Fetching job finish times...
10-23-2021 13:59:42 ResourceWatchDog INFO     Fetching resource information of cluster...
10-23-2021 13:59:42 ResourceWatchDog INFO     {'ubuntu94025': Resource(node_name='ubuntu94025', cpu_allocatable=<Quantity(24, 'dimensionless')>, memory_allocatable=<Quantity(65626416, 'Ki')>, cpu_requested=<Quantity(2.72, 'dimensionless')>, memory_requested=<Quantity(3570766848, 'dimensionless')>, cpu_limit=<Quantity(22.4, 'dimensionless')>, memory_limit=<Quantity(15637779456, 'dimensionless')>, vram_free=[10899.4375, 23161.6875], vram_total=[11178.5, 24268.3125])}
10-23-2021 13:59:42 ClusterManager INFO     Still alive...
10-23-2021 13:59:45 ResourceWatchDog INFO     Fetching resource information of cluster...
10-23-2021 13:59:45 ResourceWatchDog INFO     {'ubuntu94025': Resource(node_name='ubuntu94025', cpu_allocatable=<Quantity(24, 'dimensionless')>, memory_allocatable=<Quantity(65626416, 'Ki')>, cpu_requested=<Quantity(2.72, 'dimensionless')>, memory_requested=<Quantity(3570766848, 'dimensionless')>, cpu_limit=<Quantity(22.4, 'dimensionless')>, memory_limit=<Quantity(15637779456, 'dimensionless')>, vram_free=[7187.4375, 24264.6875], vram_total=[11178.5, 24268.3125])}
10-23-2021 13:59:52 ClusterManager INFO     Still alive...
10-23-2021 13:59:52 ResourceWatchDog INFO     Fetching job finish times...
10-23-2021 13:59:52 ResourceWatchDog INFO     Fetching resource information of cluster...
10-23-2021 13:59:52 ResourceWatchDog INFO     {'ubuntu94025': Resource(node_name='ubuntu94025', cpu_allocatable=<Quantity(24, 'dimensionless')>, memory_allocatable=<Quantity(65626416, 'Ki')>, cpu_requested=<Quantity(2.72, 'dimensionless')>, memory_requested=<Quantity(3570766848, 'dimensionless')>, cpu_limit=<Quantity(22.4, 'dimensionless')>, memory_limit=<Quantity(15637779456, 'dimensionless')>, vram_free=[11174.4375, 24264.6875], vram_total=[11178.5, 24268.3125])}
10-23-2021 13:59:55 StyleGANExperimentGenerator INFO     Creating task for StyleGANInferenceJob
15
10-23-2021 13:59:57 Orchestrator INFO     Scheduling arrival of Arrival: 0f14c832-210f-4d0f-9938-3d0141adb122
10-23-2021 13:59:57 Orchestrator INFO     Deploying on cluster: 0f14c832-210f-4d0f-9938-3d0141adb122
10-23-2021 14:00:02 ClusterManager INFO     Still alive...
10-23-2021 14:00:02 ResourceWatchDog INFO     Fetching job finish times...
10-23-2021 14:00:02 ResourceWatchDog INFO     Fetching resource information of cluster...
10-23-2021 14:00:03 ResourceWatchDog INFO     {'ubuntu94025': Resource(node_name='ubuntu94025', cpu_allocatable=<Quantity(24, 'dimensionless')>, memory_allocatable=<Quantity(65626416, 'Ki')>, cpu_requested=<Quantity(2.72, 'dimensionless')>, memory_requested=<Quantity(3570766848, 'dimensionless')>, cpu_limit=<Quantity(22.4, 'dimensionless')>, memory_limit=<Quantity(15637779456, 'dimensionless')>, vram_free=[10727.4375, 21227.6875], vram_total=[11178.5, 24268.3125])}
10-23-2021 14:00:07 StyleGANExperimentGenerator INFO     Creating task for StyleGANInferenceJob
15
10-23-2021 14:00:07 Orchestrator INFO     Scheduling arrival of Arrival: 49ed8cc0-df5e-4e45-a20c-b99ac5aa7791
10-23-2021 14:00:07 Orchestrator INFO     Deploying on cluster: 49ed8cc0-df5e-4e45-a20c-b99ac5aa7791
10-23-2021 14:00:12 ClusterManager INFO     Still alive...
10-23-2021 14:00:13 ResourceWatchDog INFO     Fetching job finish times...
10-23-2021 14:00:13 ResourceWatchDog INFO     Fetching resource information of cluster...
10-23-2021 14:00:13 ResourceWatchDog INFO     {'ubuntu94025': Resource(node_name='ubuntu94025', cpu_allocatable=<Quantity(24, 'dimensionless')>, memory_allocatable=<Quantity(65626416, 'Ki')>, cpu_requested=<Quantity(2.72, 'dimensionless')>, memory_requested=<Quantity(3570766848, 'dimensionless')>, cpu_limit=<Quantity(22.4, 'dimensionless')>, memory_limit=<Quantity(15637779456, 'dimensionless')>, vram_free=[4074.4375, 24264.6875], vram_total=[11178.5, 24268.3125])}
10-23-2021 14:00:17 StyleGANExperimentGenerator INFO     Creating task for StyleGANInferenceJob
15
10-23-2021 14:00:17 Orchestrator INFO     Scheduling arrival of Arrival: ecfd0e6d-fbba-49ec-88f8-4e8b9d52dd17
10-23-2021 14:00:17 Orchestrator INFO     Deploying on cluster: ecfd0e6d-fbba-49ec-88f8-4e8b9d52dd17
10-23-2021 14:00:22 ClusterManager INFO     Still alive...
10-23-2021 14:00:23 ResourceWatchDog INFO     Fetching job finish times...
10-23-2021 14:00:23 ResourceWatchDog INFO     Fetching resource information of cluster...
10-23-2021 14:00:23 ResourceWatchDog INFO     {'ubuntu94025': Resource(node_name='ubuntu94025', cpu_allocatable=<Quantity(24, 'dimensionless')>, memory_allocatable=<Quantity(65626416, 'Ki')>, cpu_requested=<Quantity(2.72, 'dimensionless')>, memory_requested=<Quantity(3570766848, 'dimensionless')>, cpu_limit=<Quantity(22.4, 'dimensionless')>, memory_limit=<Quantity(15637779456, 'dimensionless')>, vram_free=[1065.4375, 21207.6875], vram_total=[11178.5, 24268.3125])}
10-23-2021 14:00:32 ClusterManager INFO     Still alive...
10-23-2021 14:00:33 ResourceWatchDog INFO     Fetching job finish times...
10-23-2021 14:00:34 ResourceWatchDog INFO     Fetching resource information of cluster...
10-23-2021 14:00:34 ResourceWatchDog INFO     {'ubuntu94025': Resource(node_name='ubuntu94025', cpu_allocatable=<Quantity(24, 'dimensionless')>, memory_allocatable=<Quantity(65626416, 'Ki')>, cpu_requested=<Quantity(2.72, 'dimensionless')>, memory_requested=<Quantity(3570766848, 'dimensionless')>, cpu_limit=<Quantity(22.4, 'dimensionless')>, memory_limit=<Quantity(15637779456, 'dimensionless')>, vram_free=[4639.4375, 24264.6875], vram_total=[11178.5, 24268.3125])}
10-23-2021 14:00:35 StyleGANExperimentGenerator INFO     Creating task for StyleGANInferenceJob
15
10-23-2021 14:00:37 Orchestrator INFO     Scheduling arrival of Arrival: 9ee1c5b1-4c3b-4331-8102-cad7851a1e59
10-23-2021 14:00:37 Orchestrator INFO     Deploying on cluster: 9ee1c5b1-4c3b-4331-8102-cad7851a1e59
10-23-2021 14:00:42 ClusterManager INFO     Still alive...
10-23-2021 14:00:44 ResourceWatchDog INFO     Fetching job finish times...
10-23-2021 14:00:44 ResourceWatchDog INFO     Fetching resource information of cluster...
10-23-2021 14:00:44 ResourceWatchDog INFO     {'ubuntu94025': Resource(node_name='ubuntu94025', cpu_allocatable=<Quantity(24, 'dimensionless')>, memory_allocatable=<Quantity(65626416, 'Ki')>, cpu_requested=<Quantity(2.72, 'dimensionless')>, memory_requested=<Quantity(3570766848, 'dimensionless')>, cpu_limit=<Quantity(22.4, 'dimensionless')>, memory_limit=<Quantity(15637779456, 'dimensionless')>, vram_free=[1028.4375, 13569.6875], vram_total=[11178.5, 24268.3125])}
10-23-2021 14:00:45 ResourceWatchDog INFO     Fetching resource information of cluster...
10-23-2021 14:00:45 ResourceWatchDog INFO     {'ubuntu94025': Resource(node_name='ubuntu94025', cpu_allocatable=<Quantity(24, 'dimensionless')>, memory_allocatable=<Quantity(65626416, 'Ki')>, cpu_requested=<Quantity(2.72, 'dimensionless')>, memory_requested=<Quantity(3570766848, 'dimensionless')>, cpu_limit=<Quantity(22.4, 'dimensionless')>, memory_limit=<Quantity(15637779456, 'dimensionless')>, vram_free=[1028.4375, 13266.6875], vram_total=[11178.5, 24268.3125])}
10-23-2021 14:00:52 StyleGANExperimentGenerator INFO     Creating task for StyleGANInferenceJob
15
10-23-2021 14:00:52 ClusterManager INFO     Still alive...
10-23-2021 14:00:52 Orchestrator INFO     Scheduling arrival of Arrival: 07f971f1-bb78-407a-a881-3b635196494e
10-23-2021 14:00:52 Orchestrator INFO     Deploying on cluster: 07f971f1-bb78-407a-a881-3b635196494e
10-23-2021 14:00:54 ResourceWatchDog INFO     Fetching job finish times...
10-23-2021 14:00:55 ResourceWatchDog INFO     Fetching resource information of cluster...
10-23-2021 14:00:55 ResourceWatchDog INFO     {'ubuntu94025': Resource(node_name='ubuntu94025', cpu_allocatable=<Quantity(24, 'dimensionless')>, memory_allocatable=<Quantity(65626416, 'Ki')>, cpu_requested=<Quantity(2.72, 'dimensionless')>, memory_requested=<Quantity(3570766848, 'dimensionless')>, cpu_limit=<Quantity(22.4, 'dimensionless')>, memory_limit=<Quantity(15637779456, 'dimensionless')>, vram_free=[4639.4375, 15723.6875], vram_total=[11178.5, 24268.3125])}
10-23-2021 14:01:02 ClusterManager INFO     Still alive...
10-23-2021 14:01:05 ResourceWatchDog INFO     Fetching job finish times...
10-23-2021 14:01:05 ResourceWatchDog INFO     Fetching resource information of cluster...
10-23-2021 14:01:05 ResourceWatchDog INFO     {'ubuntu94025': Resource(node_name='ubuntu94025', cpu_allocatable=<Quantity(24, 'dimensionless')>, memory_allocatable=<Quantity(65626416, 'Ki')>, cpu_requested=<Quantity(2.72, 'dimensionless')>, memory_requested=<Quantity(3570766848, 'dimensionless')>, cpu_limit=<Quantity(22.4, 'dimensionless')>, memory_limit=<Quantity(15637779456, 'dimensionless')>, vram_free=[1472.4375, 14088.6875], vram_total=[11178.5, 24268.3125])}
10-23-2021 14:01:10 StyleGANExperimentGenerator INFO     Creating task for StyleGANInferenceJob
15
10-23-2021 14:01:12 ClusterManager INFO     Still alive...
10-23-2021 14:01:12 Orchestrator INFO     Scheduling arrival of Arrival: abb0dd72-93f8-4dcd-99f9-d12509a20663
10-23-2021 14:01:12 Orchestrator INFO     Deploying on cluster: abb0dd72-93f8-4dcd-99f9-d12509a20663
10-23-2021 14:01:15 ResourceWatchDog INFO     Fetching job finish times...
10-23-2021 14:01:15 ResourceWatchDog INFO     Fetching resource information of cluster...
10-23-2021 14:01:16 ResourceWatchDog INFO     {'ubuntu94025': Resource(node_name='ubuntu94025', cpu_allocatable=<Quantity(24, 'dimensionless')>, memory_allocatable=<Quantity(65626416, 'Ki')>, cpu_requested=<Quantity(2.72, 'dimensionless')>, memory_requested=<Quantity(3570766848, 'dimensionless')>, cpu_limit=<Quantity(22.4, 'dimensionless')>, memory_limit=<Quantity(15637779456, 'dimensionless')>, vram_free=[89.4375, 7499.6875], vram_total=[11178.5, 24268.3125])}
10-23-2021 14:01:22 ClusterManager INFO     Still alive...
10-23-2021 14:01:23 StyleGANExperimentGenerator INFO     Creating task for StyleGANInferenceJob
15
10-23-2021 14:01:26 ResourceWatchDog INFO     Fetching job finish times...
10-23-2021 14:01:26 ResourceWatchDog INFO     Fetching resource information of cluster...
10-23-2021 14:01:26 ResourceWatchDog INFO     {'ubuntu94025': Resource(node_name='ubuntu94025', cpu_allocatable=<Quantity(24, 'dimensionless')>, memory_allocatable=<Quantity(65626416, 'Ki')>, cpu_requested=<Quantity(2.72, 'dimensionless')>, memory_requested=<Quantity(3570766848, 'dimensionless')>, cpu_limit=<Quantity(22.4, 'dimensionless')>, memory_limit=<Quantity(15637779456, 'dimensionless')>, vram_free=[11174.4375, 15046.6875], vram_total=[11178.5, 24268.3125])}
10-23-2021 14:01:27 Orchestrator INFO     Scheduling arrival of Arrival: 14727f9b-1cf2-4e44-b590-ce84afd5e024
10-23-2021 14:01:27 Orchestrator INFO     Deploying on cluster: 14727f9b-1cf2-4e44-b590-ce84afd5e024
10-23-2021 14:01:32 ClusterManager INFO     Still alive...
10-23-2021 14:01:36 ResourceWatchDog INFO     Fetching job finish times...
10-23-2021 14:01:36 ResourceWatchDog INFO     Fetching resource information of cluster...
10-23-2021 14:01:36 ResourceWatchDog INFO     {'ubuntu94025': Resource(node_name='ubuntu94025', cpu_allocatable=<Quantity(24, 'dimensionless')>, memory_allocatable=<Quantity(65626416, 'Ki')>, cpu_requested=<Quantity(2.72, 'dimensionless')>, memory_requested=<Quantity(3570766848, 'dimensionless')>, cpu_limit=<Quantity(22.4, 'dimensionless')>, memory_limit=<Quantity(15637779456, 'dimensionless')>, vram_free=[6457.4375, 24264.6875], vram_total=[11178.5, 24268.3125])}
10-23-2021 14:01:42 ClusterManager INFO     Still alive...
10-23-2021 14:01:43 StyleGANExperimentGenerator INFO     Creating task for StyleGANInferenceJob
15
10-23-2021 14:01:46 ResourceWatchDog INFO     Fetching resource information of cluster...
10-23-2021 14:01:46 ResourceWatchDog INFO     {'ubuntu94025': Resource(node_name='ubuntu94025', cpu_allocatable=<Quantity(24, 'dimensionless')>, memory_allocatable=<Quantity(65626416, 'Ki')>, cpu_requested=<Quantity(2.72, 'dimensionless')>, memory_requested=<Quantity(3570766848, 'dimensionless')>, cpu_limit=<Quantity(22.4, 'dimensionless')>, memory_limit=<Quantity(15637779456, 'dimensionless')>, vram_free=[11174.4375, 24264.6875], vram_total=[11178.5, 24268.3125])}
10-23-2021 14:01:46 ResourceWatchDog INFO     Fetching job finish times...
10-23-2021 14:01:47 ResourceWatchDog INFO     Fetching resource information of cluster...
10-23-2021 14:01:47 ResourceWatchDog INFO     {'ubuntu94025': Resource(node_name='ubuntu94025', cpu_allocatable=<Quantity(24, 'dimensionless')>, memory_allocatable=<Quantity(65626416, 'Ki')>, cpu_requested=<Quantity(2.72, 'dimensionless')>, memory_requested=<Quantity(3570766848, 'dimensionless')>, cpu_limit=<Quantity(22.4, 'dimensionless')>, memory_limit=<Quantity(15637779456, 'dimensionless')>, vram_free=[11174.4375, 24264.6875], vram_total=[11178.5, 24268.3125])}
10-23-2021 14:01:47 Orchestrator INFO     Scheduling arrival of Arrival: f092bd27-f63b-489a-a81a-4c31417d0905
10-23-2021 14:01:47 Orchestrator INFO     Deploying on cluster: f092bd27-f63b-489a-a81a-4c31417d0905
10-23-2021 14:01:52 ClusterManager INFO     Still alive...
10-23-2021 14:01:56 StyleGANExperimentGenerator INFO     Creating task for StyleGANInferenceJob
15
10-23-2021 14:01:57 ResourceWatchDog INFO     Fetching job finish times...
10-23-2021 14:01:57 ResourceWatchDog INFO     Fetching resource information of cluster...
10-23-2021 14:01:57 ResourceWatchDog INFO     {'ubuntu94025': Resource(node_name='ubuntu94025', cpu_allocatable=<Quantity(24, 'dimensionless')>, memory_allocatable=<Quantity(65626416, 'Ki')>, cpu_requested=<Quantity(2.72, 'dimensionless')>, memory_requested=<Quantity(3570766848, 'dimensionless')>, cpu_limit=<Quantity(22.4, 'dimensionless')>, memory_limit=<Quantity(15637779456, 'dimensionless')>, vram_free=[6439.4375, 24264.6875], vram_total=[11178.5, 24268.3125])}
10-23-2021 14:01:57 Orchestrator INFO     Scheduling arrival of Arrival: 29376713-62ad-41ff-94c3-55cd608bee18
10-23-2021 14:01:57 Orchestrator INFO     Deploying on cluster: 29376713-62ad-41ff-94c3-55cd608bee18
10-23-2021 14:02:02 ClusterManager INFO     Still alive...
10-23-2021 14:02:07 ResourceWatchDog INFO     Fetching job finish times...
10-23-2021 14:02:07 ResourceWatchDog INFO     Fetching resource information of cluster...
10-23-2021 14:02:08 ResourceWatchDog INFO     {'ubuntu94025': Resource(node_name='ubuntu94025', cpu_allocatable=<Quantity(24, 'dimensionless')>, memory_allocatable=<Quantity(65626416, 'Ki')>, cpu_requested=<Quantity(2.72, 'dimensionless')>, memory_requested=<Quantity(3570766848, 'dimensionless')>, cpu_limit=<Quantity(22.4, 'dimensionless')>, memory_limit=<Quantity(15637779456, 'dimensionless')>, vram_free=[7241.4375, 15446.6875], vram_total=[11178.5, 24268.3125])}
15
10-23-2021 14:02:09 StyleGANExperimentGenerator INFO     Creating task for StyleGANInferenceJob
10-23-2021 14:02:12 ClusterManager INFO     Still alive...
10-23-2021 14:02:12 Orchestrator INFO     Scheduling arrival of Arrival: 1ea4c9af-7ba4-4a05-a12d-f37398e45d34
10-23-2021 14:02:12 Orchestrator INFO     Deploying on cluster: 1ea4c9af-7ba4-4a05-a12d-f37398e45d34
10-23-2021 14:02:18 ResourceWatchDog INFO     Fetching job finish times...
10-23-2021 14:02:18 ResourceWatchDog INFO     Fetching resource information of cluster...
10-23-2021 14:02:18 ResourceWatchDog INFO     {'ubuntu94025': Resource(node_name='ubuntu94025', cpu_allocatable=<Quantity(24, 'dimensionless')>, memory_allocatable=<Quantity(65626416, 'Ki')>, cpu_requested=<Quantity(2.72, 'dimensionless')>, memory_requested=<Quantity(3570766848, 'dimensionless')>, cpu_limit=<Quantity(22.4, 'dimensionless')>, memory_limit=<Quantity(15637779456, 'dimensionless')>, vram_free=[11174.4375, 15767.6875], vram_total=[11178.5, 24268.3125])}
10-23-2021 14:02:22 ClusterManager INFO     Still alive...
10-23-2021 14:02:27 StyleGANExperimentGenerator INFO     Creating task for StyleGANInferenceJob
15
10-23-2021 14:02:27 Orchestrator INFO     Scheduling arrival of Arrival: bf141474-3996-4fa5-90f3-f84aa0ef235c
10-23-2021 14:02:27 Orchestrator INFO     Deploying on cluster: bf141474-3996-4fa5-90f3-f84aa0ef235c
10-23-2021 14:02:28 ResourceWatchDog INFO     Fetching job finish times...
10-23-2021 14:02:28 ResourceWatchDog INFO     Fetching resource information of cluster...
10-23-2021 14:02:28 ResourceWatchDog INFO     {'ubuntu94025': Resource(node_name='ubuntu94025', cpu_allocatable=<Quantity(24, 'dimensionless')>, memory_allocatable=<Quantity(65626416, 'Ki')>, cpu_requested=<Quantity(2.72, 'dimensionless')>, memory_requested=<Quantity(3570766848, 'dimensionless')>, cpu_limit=<Quantity(22.4, 'dimensionless')>, memory_limit=<Quantity(15637779456, 'dimensionless')>, vram_free=[11174.4375, 6412.6875], vram_total=[11178.5, 24268.3125])}
10-23-2021 14:02:32 ClusterManager INFO     Still alive...
10-23-2021 14:02:38 ResourceWatchDog INFO     Fetching job finish times...
10-23-2021 14:02:39 ResourceWatchDog INFO     Fetching resource information of cluster...
10-23-2021 14:02:39 ResourceWatchDog INFO     {'ubuntu94025': Resource(node_name='ubuntu94025', cpu_allocatable=<Quantity(24, 'dimensionless')>, memory_allocatable=<Quantity(65626416, 'Ki')>, cpu_requested=<Quantity(2.72, 'dimensionless')>, memory_requested=<Quantity(3570766848, 'dimensionless')>, cpu_limit=<Quantity(22.4, 'dimensionless')>, memory_limit=<Quantity(15637779456, 'dimensionless')>, vram_free=[11174.4375, 1668.6875], vram_total=[11178.5, 24268.3125])}
10-23-2021 14:02:42 ClusterManager INFO     Still alive...
10-23-2021 14:02:47 ResourceWatchDog INFO     Fetching resource information of cluster...
10-23-2021 14:02:47 ResourceWatchDog INFO     {'ubuntu94025': Resource(node_name='ubuntu94025', cpu_allocatable=<Quantity(24, 'dimensionless')>, memory_allocatable=<Quantity(65626416, 'Ki')>, cpu_requested=<Quantity(2.72, 'dimensionless')>, memory_requested=<Quantity(3570766848, 'dimensionless')>, cpu_limit=<Quantity(22.4, 'dimensionless')>, memory_limit=<Quantity(15637779456, 'dimensionless')>, vram_free=[11174.4375, 9137.6875], vram_total=[11178.5, 24268.3125])}
10-23-2021 14:02:48 StyleGANExperimentGenerator INFO     Creating task for StyleGANInferenceJob
15
10-23-2021 14:02:49 ResourceWatchDog INFO     Fetching job finish times...
10-23-2021 14:02:49 ResourceWatchDog INFO     Fetching resource information of cluster...
10-23-2021 14:02:49 ResourceWatchDog INFO     {'ubuntu94025': Resource(node_name='ubuntu94025', cpu_allocatable=<Quantity(24, 'dimensionless')>, memory_allocatable=<Quantity(65626416, 'Ki')>, cpu_requested=<Quantity(2.72, 'dimensionless')>, memory_requested=<Quantity(3570766848, 'dimensionless')>, cpu_limit=<Quantity(22.4, 'dimensionless')>, memory_limit=<Quantity(15637779456, 'dimensionless')>, vram_free=[11174.4375, 9137.6875], vram_total=[11178.5, 24268.3125])}
10-23-2021 14:02:52 ClusterManager INFO     Still alive...
10-23-2021 14:02:52 Orchestrator INFO     Scheduling arrival of Arrival: d37975c3-17b5-4d1e-8d0b-b29594f13616
10-23-2021 14:02:52 Orchestrator INFO     Deploying on cluster: d37975c3-17b5-4d1e-8d0b-b29594f13616
10-23-2021 14:02:58 StyleGANExperimentGenerator INFO     Creating task for StyleGANInferenceJob
15
10-23-2021 14:02:59 ResourceWatchDog INFO     Fetching job finish times...
10-23-2021 14:02:59 ResourceWatchDog INFO     Fetching resource information of cluster...
10-23-2021 14:03:00 ResourceWatchDog INFO     {'ubuntu94025': Resource(node_name='ubuntu94025', cpu_allocatable=<Quantity(24, 'dimensionless')>, memory_allocatable=<Quantity(65626416, 'Ki')>, cpu_requested=<Quantity(2.72, 'dimensionless')>, memory_requested=<Quantity(3570766848, 'dimensionless')>, cpu_limit=<Quantity(22.4, 'dimensionless')>, memory_limit=<Quantity(15637779456, 'dimensionless')>, vram_free=[1253.4375, 9137.6875], vram_total=[11178.5, 24268.3125])}
10-23-2021 14:03:02 ClusterManager INFO     Still alive...
10-23-2021 14:03:02 Orchestrator INFO     Scheduling arrival of Arrival: 86966f12-e174-4488-885b-5f47493d23b5
10-23-2021 14:03:02 Orchestrator INFO     Deploying on cluster: 86966f12-e174-4488-885b-5f47493d23b5
10-23-2021 14:03:10 ResourceWatchDog INFO     Fetching job finish times...
10-23-2021 14:03:10 ResourceWatchDog INFO     Fetching resource information of cluster...
10-23-2021 14:03:10 ResourceWatchDog INFO     {'ubuntu94025': Resource(node_name='ubuntu94025', cpu_allocatable=<Quantity(24, 'dimensionless')>, memory_allocatable=<Quantity(65626416, 'Ki')>, cpu_requested=<Quantity(2.72, 'dimensionless')>, memory_requested=<Quantity(3570766848, 'dimensionless')>, cpu_limit=<Quantity(22.4, 'dimensionless')>, memory_limit=<Quantity(15637779456, 'dimensionless')>, vram_free=[5959.4375, 6747.6875], vram_total=[11178.5, 24268.3125])}
10-23-2021 14:03:12 ClusterManager INFO     Still alive...
10-23-2021 14:03:16 StyleGANExperimentGenerator INFO     Creating task for StyleGANInferenceJob
15
10-23-2021 14:03:17 Orchestrator INFO     Scheduling arrival of Arrival: 770bc7f5-f430-424c-a0d5-854038b5fd8d
10-23-2021 14:03:17 Orchestrator INFO     Deploying on cluster: 770bc7f5-f430-424c-a0d5-854038b5fd8d
10-23-2021 14:03:20 ResourceWatchDog INFO     Fetching job finish times...
10-23-2021 14:03:20 ResourceWatchDog INFO     Fetching resource information of cluster...
10-23-2021 14:03:20 ResourceWatchDog INFO     {'ubuntu94025': Resource(node_name='ubuntu94025', cpu_allocatable=<Quantity(24, 'dimensionless')>, memory_allocatable=<Quantity(65626416, 'Ki')>, cpu_requested=<Quantity(2.72, 'dimensionless')>, memory_requested=<Quantity(3570766848, 'dimensionless')>, cpu_limit=<Quantity(22.4, 'dimensionless')>, memory_limit=<Quantity(15637779456, 'dimensionless')>, vram_free=[11174.4375, 9137.6875], vram_total=[11178.5, 24268.3125])}
10-23-2021 14:03:22 ClusterManager INFO     Still alive...
10-23-2021 14:03:30 ResourceWatchDog INFO     Fetching job finish times...
10-23-2021 14:03:31 ResourceWatchDog INFO     Fetching resource information of cluster...
10-23-2021 14:03:31 ResourceWatchDog INFO     {'ubuntu94025': Resource(node_name='ubuntu94025', cpu_allocatable=<Quantity(24, 'dimensionless')>, memory_allocatable=<Quantity(65626416, 'Ki')>, cpu_requested=<Quantity(2.72, 'dimensionless')>, memory_requested=<Quantity(3570766848, 'dimensionless')>, cpu_limit=<Quantity(22.4, 'dimensionless')>, memory_limit=<Quantity(15637779456, 'dimensionless')>, vram_free=[11174.4375, 2274.6875], vram_total=[11178.5, 24268.3125])}
10-23-2021 14:03:32 ClusterManager INFO     Still alive...
10-23-2021 14:03:34 StyleGANExperimentGenerator INFO     Creating task for StyleGANInferenceJob
15
10-23-2021 14:03:37 Orchestrator INFO     Scheduling arrival of Arrival: f1184508-e4d7-4634-9a77-2a8b03ab46f3
10-23-2021 14:03:37 Orchestrator INFO     Deploying on cluster: f1184508-e4d7-4634-9a77-2a8b03ab46f3
10-23-2021 14:03:41 ResourceWatchDog INFO     Fetching job finish times...
10-23-2021 14:03:41 ResourceWatchDog INFO     Fetching resource information of cluster...
10-23-2021 14:03:41 ResourceWatchDog INFO     {'ubuntu94025': Resource(node_name='ubuntu94025', cpu_allocatable=<Quantity(24, 'dimensionless')>, memory_allocatable=<Quantity(65626416, 'Ki')>, cpu_requested=<Quantity(2.72, 'dimensionless')>, memory_requested=<Quantity(3570766848, 'dimensionless')>, cpu_limit=<Quantity(22.4, 'dimensionless')>, memory_limit=<Quantity(15637779456, 'dimensionless')>, vram_free=[11174.4375, 2274.6875], vram_total=[11178.5, 24268.3125])}
10-23-2021 14:03:42 ClusterManager INFO     Still alive...
10-23-2021 14:03:47 ResourceWatchDog INFO     Fetching resource information of cluster...
10-23-2021 14:03:47 ResourceWatchDog INFO     {'ubuntu94025': Resource(node_name='ubuntu94025', cpu_allocatable=<Quantity(24, 'dimensionless')>, memory_allocatable=<Quantity(65626416, 'Ki')>, cpu_requested=<Quantity(2.72, 'dimensionless')>, memory_requested=<Quantity(3570766848, 'dimensionless')>, cpu_limit=<Quantity(22.4, 'dimensionless')>, memory_limit=<Quantity(15637779456, 'dimensionless')>, vram_free=[11174.4375, 731.6875], vram_total=[11178.5, 24268.3125])}
10-23-2021 14:03:49 StyleGANExperimentGenerator INFO     Creating task for StyleGANInferenceJob
15
10-23-2021 14:03:51 ResourceWatchDog INFO     Fetching job finish times...
10-23-2021 14:03:52 ResourceWatchDog INFO     Fetching resource information of cluster...
10-23-2021 14:03:52 ResourceWatchDog INFO     {'ubuntu94025': Resource(node_name='ubuntu94025', cpu_allocatable=<Quantity(24, 'dimensionless')>, memory_allocatable=<Quantity(65626416, 'Ki')>, cpu_requested=<Quantity(2.72, 'dimensionless')>, memory_requested=<Quantity(3570766848, 'dimensionless')>, cpu_limit=<Quantity(22.4, 'dimensionless')>, memory_limit=<Quantity(15637779456, 'dimensionless')>, vram_free=[11174.4375, 9137.6875], vram_total=[11178.5, 24268.3125])}
10-23-2021 14:03:52 ClusterManager INFO     Still alive...
10-23-2021 14:03:52 Orchestrator INFO     Scheduling arrival of Arrival: 1d3c2912-2d37-4bc0-bfc6-7a9a8794b12b
10-23-2021 14:03:52 Orchestrator INFO     Deploying on cluster: 1d3c2912-2d37-4bc0-bfc6-7a9a8794b12b
10-23-2021 14:04:02 ResourceWatchDog INFO     Fetching job finish times...
10-23-2021 14:04:02 ResourceWatchDog INFO     Fetching resource information of cluster...
10-23-2021 14:04:02 StyleGANExperimentGenerator INFO     Creating task for StyleGANInferenceJob
15
10-23-2021 14:04:02 ClusterManager INFO     Still alive...
10-23-2021 14:04:02 ResourceWatchDog INFO     {'ubuntu94025': Resource(node_name='ubuntu94025', cpu_allocatable=<Quantity(24, 'dimensionless')>, memory_allocatable=<Quantity(65626416, 'Ki')>, cpu_requested=<Quantity(2.72, 'dimensionless')>, memory_requested=<Quantity(3570766848, 'dimensionless')>, cpu_limit=<Quantity(22.4, 'dimensionless')>, memory_limit=<Quantity(15637779456, 'dimensionless')>, vram_free=[8553.4375, 1672.6875], vram_total=[11178.5, 24268.3125])}
10-23-2021 14:04:02 Orchestrator INFO     Scheduling arrival of Arrival: 56c85527-af7a-4c28-9e80-04580ba0dcfa
10-23-2021 14:04:02 Orchestrator INFO     Deploying on cluster: 56c85527-af7a-4c28-9e80-04580ba0dcfa
10-23-2021 14:04:12 ClusterManager INFO     Still alive...
10-23-2021 14:04:12 ResourceWatchDog INFO     Fetching job finish times...
10-23-2021 14:04:12 ResourceWatchDog INFO     Fetching resource information of cluster...
10-23-2021 14:04:13 ResourceWatchDog INFO     {'ubuntu94025': Resource(node_name='ubuntu94025', cpu_allocatable=<Quantity(24, 'dimensionless')>, memory_allocatable=<Quantity(65626416, 'Ki')>, cpu_requested=<Quantity(2.72, 'dimensionless')>, memory_requested=<Quantity(3570766848, 'dimensionless')>, cpu_limit=<Quantity(22.4, 'dimensionless')>, memory_limit=<Quantity(15637779456, 'dimensionless')>, vram_free=[8777.4375, 7414.6875], vram_total=[11178.5, 24268.3125])}
10-23-2021 14:04:22 ClusterManager INFO     Still alive...
10-23-2021 14:04:23 ResourceWatchDog INFO     Fetching job finish times...
10-23-2021 14:04:23 ResourceWatchDog INFO     Fetching resource information of cluster...
10-23-2021 14:04:23 ResourceWatchDog INFO     {'ubuntu94025': Resource(node_name='ubuntu94025', cpu_allocatable=<Quantity(24, 'dimensionless')>, memory_allocatable=<Quantity(65626416, 'Ki')>, cpu_requested=<Quantity(2.72, 'dimensionless')>, memory_requested=<Quantity(3570766848, 'dimensionless')>, cpu_limit=<Quantity(22.4, 'dimensionless')>, memory_limit=<Quantity(15637779456, 'dimensionless')>, vram_free=[8777.4375, 15444.6875], vram_total=[11178.5, 24268.3125])}
10-23-2021 14:04:23 StyleGANExperimentGenerator INFO     Creating task for StyleGANInferenceJob
15
10-23-2021 14:04:28 Orchestrator INFO     Scheduling arrival of Arrival: 1ce83460-ae8a-413b-aeb3-843b783a528c
10-23-2021 14:04:28 Orchestrator INFO     Deploying on cluster: 1ce83460-ae8a-413b-aeb3-843b783a528c
10-23-2021 14:04:32 ClusterManager INFO     Still alive...
10-23-2021 14:04:33 ResourceWatchDog INFO     Fetching job finish times...
10-23-2021 14:04:33 ResourceWatchDog INFO     Fetching resource information of cluster...
10-23-2021 14:04:33 ResourceWatchDog INFO     {'ubuntu94025': Resource(node_name='ubuntu94025', cpu_allocatable=<Quantity(24, 'dimensionless')>, memory_allocatable=<Quantity(65626416, 'Ki')>, cpu_requested=<Quantity(2.72, 'dimensionless')>, memory_requested=<Quantity(3570766848, 'dimensionless')>, cpu_limit=<Quantity(22.4, 'dimensionless')>, memory_limit=<Quantity(15637779456, 'dimensionless')>, vram_free=[11174.4375, 15420.6875], vram_total=[11178.5, 24268.3125])}
10-23-2021 14:04:37 StyleGANExperimentGenerator INFO     Creating task for StyleGANInferenceJob
15
10-23-2021 14:04:38 Orchestrator INFO     Scheduling arrival of Arrival: 4bd15e95-f3e1-45cc-b99d-a840c8cbf4f3
10-23-2021 14:04:38 Orchestrator INFO     Deploying on cluster: 4bd15e95-f3e1-45cc-b99d-a840c8cbf4f3
10-23-2021 14:04:42 StyleGANExperimentGenerator INFO     Stopped execution at: 1634997882.5258446, duration: 600.3941986560822/600
10-23-2021 14:04:42 ClusterManager INFO     Still alive...
10-23-2021 14:04:43 Orchestrator INFO     Received stop signal for the Orchestrator. Waiting 2 minutes for jobs to finish
10-23-2021 14:04:43 ResourceWatchDog INFO     Fetching job finish times...
10-23-2021 14:04:44 ResourceWatchDog INFO     Fetching resource information of cluster...
10-23-2021 14:04:44 ResourceWatchDog INFO     {'ubuntu94025': Resource(node_name='ubuntu94025', cpu_allocatable=<Quantity(24, 'dimensionless')>, memory_allocatable=<Quantity(65626416, 'Ki')>, cpu_requested=<Quantity(2.72, 'dimensionless')>, memory_requested=<Quantity(3570766848, 'dimensionless')>, cpu_limit=<Quantity(22.4, 'dimensionless')>, memory_limit=<Quantity(15637779456, 'dimensionless')>, vram_free=[11174.4375, 23267.6875], vram_total=[11178.5, 24268.3125])}
10-23-2021 14:04:48 ResourceWatchDog INFO     Fetching resource information of cluster...
10-23-2021 14:04:48 ResourceWatchDog INFO     {'ubuntu94025': Resource(node_name='ubuntu94025', cpu_allocatable=<Quantity(24, 'dimensionless')>, memory_allocatable=<Quantity(65626416, 'Ki')>, cpu_requested=<Quantity(2.72, 'dimensionless')>, memory_requested=<Quantity(3570766848, 'dimensionless')>, cpu_limit=<Quantity(22.4, 'dimensionless')>, memory_limit=<Quantity(15637779456, 'dimensionless')>, vram_free=[11174.4375, 15767.6875], vram_total=[11178.5, 24268.3125])}
10-23-2021 14:04:52 ClusterManager INFO     Still alive...
10-23-2021 14:04:54 ResourceWatchDog INFO     Fetching job finish times...
10-23-2021 14:04:54 ResourceWatchDog INFO     Fetching resource information of cluster...
10-23-2021 14:04:54 ResourceWatchDog INFO     {'ubuntu94025': Resource(node_name='ubuntu94025', cpu_allocatable=<Quantity(24, 'dimensionless')>, memory_allocatable=<Quantity(65626416, 'Ki')>, cpu_requested=<Quantity(2.72, 'dimensionless')>, memory_requested=<Quantity(3570766848, 'dimensionless')>, cpu_limit=<Quantity(22.4, 'dimensionless')>, memory_limit=<Quantity(15637779456, 'dimensionless')>, vram_free=[11174.4375, 15767.6875], vram_total=[11178.5, 24268.3125])}
10-23-2021 14:05:02 ClusterManager INFO     Still alive...
10-23-2021 14:05:04 ResourceWatchDog INFO     Fetching job finish times...
10-23-2021 14:05:05 ResourceWatchDog INFO     Fetching resource information of cluster...
10-23-2021 14:05:05 ResourceWatchDog INFO     {'ubuntu94025': Resource(node_name='ubuntu94025', cpu_allocatable=<Quantity(24, 'dimensionless')>, memory_allocatable=<Quantity(65626416, 'Ki')>, cpu_requested=<Quantity(2.72, 'dimensionless')>, memory_requested=<Quantity(3570766848, 'dimensionless')>, cpu_limit=<Quantity(22.4, 'dimensionless')>, memory_limit=<Quantity(15637779456, 'dimensionless')>, vram_free=[11174.4375, 15767.6875], vram_total=[11178.5, 24268.3125])}
10-23-2021 14:05:12 ClusterManager INFO     Still alive...
10-23-2021 14:05:15 ResourceWatchDog INFO     Fetching job finish times...
10-23-2021 14:05:15 ResourceWatchDog INFO     Fetching resource information of cluster...
10-23-2021 14:05:15 ResourceWatchDog INFO     {'ubuntu94025': Resource(node_name='ubuntu94025', cpu_allocatable=<Quantity(24, 'dimensionless')>, memory_allocatable=<Quantity(65626416, 'Ki')>, cpu_requested=<Quantity(2.72, 'dimensionless')>, memory_requested=<Quantity(3570766848, 'dimensionless')>, cpu_limit=<Quantity(22.4, 'dimensionless')>, memory_limit=<Quantity(15637779456, 'dimensionless')>, vram_free=[11174.4375, 24264.6875], vram_total=[11178.5, 24268.3125])}
10-23-2021 14:05:22 ClusterManager INFO     Still alive...
10-23-2021 14:05:25 ResourceWatchDog INFO     Fetching job finish times...
10-23-2021 14:05:25 ResourceWatchDog INFO     Fetching resource information of cluster...
10-23-2021 14:05:25 ResourceWatchDog INFO     {'ubuntu94025': Resource(node_name='ubuntu94025', cpu_allocatable=<Quantity(24, 'dimensionless')>, memory_allocatable=<Quantity(65626416, 'Ki')>, cpu_requested=<Quantity(2.72, 'dimensionless')>, memory_requested=<Quantity(3570766848, 'dimensionless')>, cpu_limit=<Quantity(22.4, 'dimensionless')>, memory_limit=<Quantity(15637779456, 'dimensionless')>, vram_free=[11174.4375, 24264.6875], vram_total=[11178.5, 24268.3125])}
10-23-2021 14:05:32 ClusterManager INFO     Still alive...
10-23-2021 14:05:35 ResourceWatchDog INFO     Fetching job finish times...
10-23-2021 14:05:36 ResourceWatchDog INFO     Fetching resource information of cluster...
10-23-2021 14:05:36 ResourceWatchDog INFO     {'ubuntu94025': Resource(node_name='ubuntu94025', cpu_allocatable=<Quantity(24, 'dimensionless')>, memory_allocatable=<Quantity(65626416, 'Ki')>, cpu_requested=<Quantity(2.72, 'dimensionless')>, memory_requested=<Quantity(3570766848, 'dimensionless')>, cpu_limit=<Quantity(22.4, 'dimensionless')>, memory_limit=<Quantity(15637779456, 'dimensionless')>, vram_free=[11174.4375, 24264.6875], vram_total=[11178.5, 24268.3125])}
10-23-2021 14:05:42 ClusterManager INFO     Still alive...
10-23-2021 14:05:46 ResourceWatchDog INFO     Fetching job finish times...
10-23-2021 14:05:46 ResourceWatchDog INFO     Fetching resource information of cluster...
10-23-2021 14:05:46 ResourceWatchDog INFO     {'ubuntu94025': Resource(node_name='ubuntu94025', cpu_allocatable=<Quantity(24, 'dimensionless')>, memory_allocatable=<Quantity(65626416, 'Ki')>, cpu_requested=<Quantity(2.72, 'dimensionless')>, memory_requested=<Quantity(3570766848, 'dimensionless')>, cpu_limit=<Quantity(22.4, 'dimensionless')>, memory_limit=<Quantity(15637779456, 'dimensionless')>, vram_free=[11174.4375, 24264.6875], vram_total=[11178.5, 24268.3125])}
10-23-2021 14:05:48 ResourceWatchDog INFO     Fetching resource information of cluster...
10-23-2021 14:05:48 ResourceWatchDog INFO     {'ubuntu94025': Resource(node_name='ubuntu94025', cpu_allocatable=<Quantity(24, 'dimensionless')>, memory_allocatable=<Quantity(65626416, 'Ki')>, cpu_requested=<Quantity(2.72, 'dimensionless')>, memory_requested=<Quantity(3570766848, 'dimensionless')>, cpu_limit=<Quantity(22.4, 'dimensionless')>, memory_limit=<Quantity(15637779456, 'dimensionless')>, vram_free=[11174.4375, 24264.6875], vram_total=[11178.5, 24268.3125])}
10-23-2021 14:05:52 ClusterManager INFO     Still alive...
10-23-2021 14:05:56 ResourceWatchDog INFO     Fetching job finish times...
10-23-2021 14:05:57 ResourceWatchDog INFO     Fetching resource information of cluster...
10-23-2021 14:05:57 ResourceWatchDog INFO     {'ubuntu94025': Resource(node_name='ubuntu94025', cpu_allocatable=<Quantity(24, 'dimensionless')>, memory_allocatable=<Quantity(65626416, 'Ki')>, cpu_requested=<Quantity(2.72, 'dimensionless')>, memory_requested=<Quantity(3570766848, 'dimensionless')>, cpu_limit=<Quantity(22.4, 'dimensionless')>, memory_limit=<Quantity(15637779456, 'dimensionless')>, vram_free=[11174.4375, 24264.6875], vram_total=[11178.5, 24268.3125])}
10-23-2021 14:06:02 ClusterManager INFO     Still alive...
10-23-2021 14:06:07 ResourceWatchDog INFO     Fetching job finish times...
10-23-2021 14:06:07 ResourceWatchDog INFO     Fetching resource information of cluster...
10-23-2021 14:06:07 ResourceWatchDog INFO     {'ubuntu94025': Resource(node_name='ubuntu94025', cpu_allocatable=<Quantity(24, 'dimensionless')>, memory_allocatable=<Quantity(65626416, 'Ki')>, cpu_requested=<Quantity(2.72, 'dimensionless')>, memory_requested=<Quantity(3570766848, 'dimensionless')>, cpu_limit=<Quantity(22.4, 'dimensionless')>, memory_limit=<Quantity(15637779456, 'dimensionless')>, vram_free=[11174.4375, 24264.6875], vram_total=[11178.5, 24268.3125])}
10-23-2021 14:06:12 ClusterManager INFO     Still alive...
10-23-2021 14:06:17 ResourceWatchDog INFO     Fetching job finish times...
10-23-2021 14:06:17 ResourceWatchDog INFO     Fetching resource information of cluster...
10-23-2021 14:06:17 ResourceWatchDog INFO     {'ubuntu94025': Resource(node_name='ubuntu94025', cpu_allocatable=<Quantity(24, 'dimensionless')>, memory_allocatable=<Quantity(65626416, 'Ki')>, cpu_requested=<Quantity(2.72, 'dimensionless')>, memory_requested=<Quantity(3570766848, 'dimensionless')>, cpu_limit=<Quantity(22.4, 'dimensionless')>, memory_limit=<Quantity(15637779456, 'dimensionless')>, vram_free=[11174.4375, 24264.6875], vram_total=[11178.5, 24268.3125])}
10-23-2021 14:06:22 ClusterManager INFO     Still alive...
10-23-2021 14:06:27 ResourceWatchDog INFO     Fetching job finish times...
10-23-2021 14:06:28 ResourceWatchDog INFO     Fetching resource information of cluster...
10-23-2021 14:06:28 ResourceWatchDog INFO     {'ubuntu94025': Resource(node_name='ubuntu94025', cpu_allocatable=<Quantity(24, 'dimensionless')>, memory_allocatable=<Quantity(65626416, 'Ki')>, cpu_requested=<Quantity(2.72, 'dimensionless')>, memory_requested=<Quantity(3570766848, 'dimensionless')>, cpu_limit=<Quantity(22.4, 'dimensionless')>, memory_limit=<Quantity(15637779456, 'dimensionless')>, vram_free=[11174.4375, 24264.6875], vram_total=[11178.5, 24268.3125])}
10-23-2021 14:06:32 ClusterManager INFO     Still alive...
10-23-2021 14:06:38 ResourceWatchDog INFO     Fetching job finish times...
10-23-2021 14:06:38 ResourceWatchDog INFO     Fetching resource information of cluster...
10-23-2021 14:06:38 ResourceWatchDog INFO     {'ubuntu94025': Resource(node_name='ubuntu94025', cpu_allocatable=<Quantity(24, 'dimensionless')>, memory_allocatable=<Quantity(65626416, 'Ki')>, cpu_requested=<Quantity(2.72, 'dimensionless')>, memory_requested=<Quantity(3570766848, 'dimensionless')>, cpu_limit=<Quantity(22.4, 'dimensionless')>, memory_limit=<Quantity(15637779456, 'dimensionless')>, vram_free=[11174.4375, 24264.6875], vram_total=[11178.5, 24268.3125])}
10-23-2021 14:06:42 ClusterManager INFO     Still alive...




task_info {UUID('09824d59-496a-4ab5-b74b-cec863e7f67e'): ('swa', 256, 'random', 200, 'cuda:1', 8, 1), UUID('8ad814e5-53d1-4834-be5c-e710a2c90168'): ('swa', 512, 'interpolation', 100, 'cuda:1', 8, 1), UUID('080c9382-2985-48ba-a86e-60b86014725d'): ('style1', 512, 'interpolation', 400, 'cuda:1', 8, 1), UUID('cb5533ec-99dd-4048-b2b7-0a78436b16a0'): ('mobile', 512, 'random', 400, 'cuda:0', 8, 1), UUID('0fe8b154-e2c7-415d-ad92-2f4c288c4763'): ('swa', 1024, 'interpolation', 100, 'cuda:0', 8, 1), UUID('df9c5323-b5a2-4228-9915-3ef0e5405c64'): ('swa', 1024, 'random', 400, 'cuda:1', 8, 1), UUID('087aa865-cace-40a7-bf14-b1b9937f3c35'): ('swa', 1024, 'interpolation', 100, 'cuda:0', 8, 1), UUID('06b8c6ad-5004-4749-b2d7-c1cf3f0ae985'): ('swa', 512, 'random', 200, 'cuda:1', 8, 1), UUID('1fac3505-dfaa-452d-b268-79a029ab8427'): ('stylemap', 1024, 'interpolation', 800, 'cuda:0', 8, 1), UUID('1860d8aa-3d8f-495f-bd54-e08c0c05be3e'): ('style2', 512, 'random', 100, 'cuda:0', 8, 1), UUID('3a3a9900-6242-4d6f-9efa-43aec15b3822'): ('anycost', 512, 'random', 800, 'cuda:0', 8, 1), UUID('704e1c45-a7ec-405d-90ea-4213af3d57a2'): ('stylemap', 512, 'random', 100, 'cuda:1', 8, 1), UUID('070c4b7f-525d-48a4-a318-2d6a3aed9354'): ('style1', 512, 'interpolation', 200, 'cuda:0', 8, 1), UUID('dd22e22f-b616-44be-8e8a-91d3a4042f17'): ('style2ada', 1024, 'random', 100, 'cuda:0', 8, 1), UUID('b07e5f73-24ec-46f2-a9af-94fcb96508bb'): ('style2ada', 256, 'interpolation', 800, 'cuda:0', 8, 1), UUID('5081fec8-6c20-41e6-ad64-ec5a98484803'): ('style2ada', 256, 'interpolation', 800, 'cuda:1', 8, 1), UUID('ca25201e-af58-469f-b09f-67ad5f77c086'): ('anycost', 256, 'random', 400, 'cuda:0', 8, 1), UUID('e3529bd0-dd99-4af8-8695-7725b5b2a4e9'): ('style2ada', 1024, 'random', 100, 'cuda:0', 8, 1), UUID('a46bcb6f-86c9-436f-aba5-c5d57fdf9bee'): ('style1', 512, 'interpolation', 800, 'cuda:0', 8, 1), UUID('3a51af45-0c4e-40c5-a6ad-9e7beca4a3d0'): ('mobile', 1024, 'interpolation', 100, 'cuda:0', 8, 1), UUID('590314fc-eb5c-48a8-a925-529b5540cf44'): ('anycost', 256, 'random', 400, 'cuda:0', 8, 1), UUID('a8855354-7022-43ed-803c-d2438169d08a'): ('mobile', 1024, 'random', 100, 'cuda:1', 8, 1), UUID('0f14c832-210f-4d0f-9938-3d0141adb122'): ('style2ada', 1024, 'interpolation', 800, 'cuda:1', 8, 1), UUID('49ed8cc0-df5e-4e45-a20c-b99ac5aa7791'): ('style2', 256, 'random', 200, 'cuda:1', 8, 1), UUID('ecfd0e6d-fbba-49ec-88f8-4e8b9d52dd17'): ('style2ada', 1024, 'interpolation', 100, 'cuda:1', 8, 1), UUID('9ee1c5b1-4c3b-4331-8102-cad7851a1e59'): ('swa', 1024, 'random', 800, 'cuda:0', 8, 1), UUID('07f971f1-bb78-407a-a881-3b635196494e'): ('style2', 256, 'random', 100, 'cuda:1', 8, 1), UUID('abb0dd72-93f8-4dcd-99f9-d12509a20663'): ('swa', 256, 'interpolation', 800, 'cuda:0', 8, 1), UUID('14727f9b-1cf2-4e44-b590-ce84afd5e024'): ('style2ada', 256, 'interpolation', 200, 'cuda:1', 8, 1), UUID('f092bd27-f63b-489a-a81a-4c31417d0905'): ('style2ada', 256, 'interpolation', 200, 'cuda:0', 8, 1), UUID('29376713-62ad-41ff-94c3-55cd608bee18'): ('style2ada', 1024, 'interpolation', 800, 'cuda:0', 8, 1), UUID('1ea4c9af-7ba4-4a05-a12d-f37398e45d34'): ('stylemap', 1024, 'random', 800, 'cuda:0', 8, 1), UUID('bf141474-3996-4fa5-90f3-f84aa0ef235c'): ('style2ada', 1024, 'interpolation', 100, 'cuda:0', 8, 1), UUID('d37975c3-17b5-4d1e-8d0b-b29594f13616'): ('style2', 256, 'random', 200, 'cuda:1', 8, 1), UUID('86966f12-e174-4488-885b-5f47493d23b5'): ('mobile', 1024, 'random', 200, 'cuda:0', 8, 1), UUID('770bc7f5-f430-424c-a0d5-854038b5fd8d'): ('style2', 256, 'interpolation', 800, 'cuda:0', 8, 1), UUID('f1184508-e4d7-4634-9a77-2a8b03ab46f3'): ('style2ada', 1024, 'random', 100, 'cuda:0', 8, 1), UUID('1d3c2912-2d37-4bc0-bfc6-7a9a8794b12b'): ('swa', 512, 'interpolation', 800, 'cuda:1', 8, 1), UUID('56c85527-af7a-4c28-9e80-04580ba0dcfa'): ('stylemap', 256, 'interpolation', 800, 'cuda:0', 8, 1), UUID('1ce83460-ae8a-413b-aeb3-843b783a528c'): ('style1', 1024, 'interpolation', 200, 'cuda:0', 8, 1), UUID('4bd15e95-f3e1-45cc-b99d-a840c8cbf4f3'): ('style2ada', 1024, 'interpolation', 800, 'cuda:0', 8, 1)}
arrival_times {UUID('09824d59-496a-4ab5-b74b-cec863e7f67e'): datetime.datetime(2021, 10, 23, 13, 55, 2, 154842), UUID('8ad814e5-53d1-4834-be5c-e710a2c90168'): datetime.datetime(2021, 10, 23, 13, 55, 12, 175267), UUID('080c9382-2985-48ba-a86e-60b86014725d'): datetime.datetime(2021, 10, 23, 13, 55, 27, 192602), UUID('cb5533ec-99dd-4048-b2b7-0a78436b16a0'): datetime.datetime(2021, 10, 23, 13, 55, 47, 216229), UUID('0fe8b154-e2c7-415d-ad92-2f4c288c4763'): datetime.datetime(2021, 10, 23, 13, 55, 57, 237749), UUID('df9c5323-b5a2-4228-9915-3ef0e5405c64'): datetime.datetime(2021, 10, 23, 13, 56, 12, 258830), UUID('087aa865-cace-40a7-bf14-b1b9937f3c35'): datetime.datetime(2021, 10, 23, 13, 56, 22, 274808), UUID('06b8c6ad-5004-4749-b2d7-c1cf3f0ae985'): datetime.datetime(2021, 10, 23, 13, 56, 42, 302880), UUID('1fac3505-dfaa-452d-b268-79a029ab8427'): datetime.datetime(2021, 10, 23, 13, 56, 52, 318835), UUID('1860d8aa-3d8f-495f-bd54-e08c0c05be3e'): datetime.datetime(2021, 10, 23, 13, 57, 7, 345156), UUID('3a3a9900-6242-4d6f-9efa-43aec15b3822'): datetime.datetime(2021, 10, 23, 13, 57, 17, 359495), UUID('704e1c45-a7ec-405d-90ea-4213af3d57a2'): datetime.datetime(2021, 10, 23, 13, 57, 32, 378850), UUID('070c4b7f-525d-48a4-a318-2d6a3aed9354'): datetime.datetime(2021, 10, 23, 13, 57, 47, 402909), UUID('dd22e22f-b616-44be-8e8a-91d3a4042f17'): datetime.datetime(2021, 10, 23, 13, 58, 2, 427975), UUID('b07e5f73-24ec-46f2-a9af-94fcb96508bb'): datetime.datetime(2021, 10, 23, 13, 58, 17, 450824), UUID('5081fec8-6c20-41e6-ad64-ec5a98484803'): datetime.datetime(2021, 10, 23, 13, 58, 27, 467660), UUID('ca25201e-af58-469f-b09f-67ad5f77c086'): datetime.datetime(2021, 10, 23, 13, 58, 42, 486796), UUID('e3529bd0-dd99-4af8-8695-7725b5b2a4e9'): datetime.datetime(2021, 10, 23, 13, 58, 52, 504195), UUID('a46bcb6f-86c9-436f-aba5-c5d57fdf9bee'): datetime.datetime(2021, 10, 23, 13, 59, 7, 526180), UUID('3a51af45-0c4e-40c5-a6ad-9e7beca4a3d0'): datetime.datetime(2021, 10, 23, 13, 59, 17, 538850), UUID('590314fc-eb5c-48a8-a925-529b5540cf44'): datetime.datetime(2021, 10, 23, 13, 59, 22, 558843), UUID('a8855354-7022-43ed-803c-d2438169d08a'): datetime.datetime(2021, 10, 23, 13, 59, 37, 574825), UUID('0f14c832-210f-4d0f-9938-3d0141adb122'): datetime.datetime(2021, 10, 23, 13, 59, 57, 599004), UUID('49ed8cc0-df5e-4e45-a20c-b99ac5aa7791'): datetime.datetime(2021, 10, 23, 14, 0, 7, 634163), UUID('ecfd0e6d-fbba-49ec-88f8-4e8b9d52dd17'): datetime.datetime(2021, 10, 23, 14, 0, 17, 650994), UUID('9ee1c5b1-4c3b-4331-8102-cad7851a1e59'): datetime.datetime(2021, 10, 23, 14, 0, 37, 680039), UUID('07f971f1-bb78-407a-a881-3b635196494e'): datetime.datetime(2021, 10, 23, 14, 0, 52, 710880), UUID('abb0dd72-93f8-4dcd-99f9-d12509a20663'): datetime.datetime(2021, 10, 23, 14, 1, 12, 740043), UUID('14727f9b-1cf2-4e44-b590-ce84afd5e024'): datetime.datetime(2021, 10, 23, 14, 1, 27, 762454), UUID('f092bd27-f63b-489a-a81a-4c31417d0905'): datetime.datetime(2021, 10, 23, 14, 1, 47, 793776), UUID('29376713-62ad-41ff-94c3-55cd608bee18'): datetime.datetime(2021, 10, 23, 14, 1, 57, 810802), UUID('1ea4c9af-7ba4-4a05-a12d-f37398e45d34'): datetime.datetime(2021, 10, 23, 14, 2, 12, 838844), UUID('bf141474-3996-4fa5-90f3-f84aa0ef235c'): datetime.datetime(2021, 10, 23, 14, 2, 27, 854863), UUID('d37975c3-17b5-4d1e-8d0b-b29594f13616'): datetime.datetime(2021, 10, 23, 14, 2, 52, 886809), UUID('86966f12-e174-4488-885b-5f47493d23b5'): datetime.datetime(2021, 10, 23, 14, 3, 2, 902846), UUID('770bc7f5-f430-424c-a0d5-854038b5fd8d'): datetime.datetime(2021, 10, 23, 14, 3, 17, 927572), UUID('f1184508-e4d7-4634-9a77-2a8b03ab46f3'): datetime.datetime(2021, 10, 23, 14, 3, 37, 951899), UUID('1d3c2912-2d37-4bc0-bfc6-7a9a8794b12b'): datetime.datetime(2021, 10, 23, 14, 3, 52, 967828), UUID('56c85527-af7a-4c28-9e80-04580ba0dcfa'): datetime.datetime(2021, 10, 23, 14, 4, 2, 982832), UUID('1ce83460-ae8a-413b-aeb3-843b783a528c'): datetime.datetime(2021, 10, 23, 14, 4, 28, 15890), UUID('4bd15e95-f3e1-45cc-b99d-a840c8cbf4f3'): datetime.datetime(2021, 10, 23, 14, 4, 38, 34993)}




id,network,job_type,image_size,num_imgs,device,batch_size,data_parallelism,response_time
09824d59,swa,random,256,200,cuda:1,8,1,14845
8ad814e5,swa,interpolation,512,100,cuda:1,8,1,17824
080c9382,style1,interpolation,512,400,cuda:1,8,1,12807
cb5533ec,mobile,random,512,400,cuda:0,8,1,8783
0fe8b154,swa,interpolation,1024,100,cuda:0,8,1,16762
df9c5323,swa,random,1024,400,cuda:1,8,1,34741
087aa865,swa,interpolation,1024,100,cuda:0,8,1,16725
06b8c6ad,swa,random,512,200,cuda:1,8,1,19697
1fac3505,stylemap,interpolation,1024,800,cuda:0,8,1,105681
1860d8aa,style2,random,512,100,cuda:0,8,1,144654
3a3a9900,anycost,random,512,800,cuda:0,8,1,253640
704e1c45,stylemap,random,512,100,cuda:1,8,1,27621
070c4b7f,style1,interpolation,512,200,cuda:0,8,1,117597
dd22e22f,style2ada,random,1024,100,cuda:0,8,1,42572
b07e5f73,style2ada,interpolation,256,800,cuda:0,8,1,133549
5081fec8,style2ada,interpolation,256,800,cuda:1,8,1,27532
ca25201e,anycost,random,256,400,cuda:0,8,1,14513
e3529bd0,style2ada,random,1024,100,cuda:0,8,1,11495
a46bcb6f,style1,interpolation,512,800,cuda:0,8,1,9473
3a51af45,mobile,interpolation,1024,100,cuda:0,8,1,45461
590314fc,anycost,random,256,400,cuda:0,8,1,19441
a8855354,mobile,random,1024,100,cuda:1,8,1,14425
0f14c832,style2ada,interpolation,1024,800,cuda:1,8,1,85400
49ed8cc0,style2,random,256,200,cuda:1,8,1,23365
ecfd0e6d,style2ada,interpolation,1024,100,cuda:1,8,1,114349
9ee1c5b1,swa,random,1024,800,cuda:0,8,1,42319
07f971f1,style2,random,256,100,cuda:1,8,1,23289
abb0dd72,swa,interpolation,256,800,cuda:0,8,1,22259
14727f9b,style2ada,interpolation,256,200,cuda:1,8,1,14237
f092bd27,style2ada,interpolation,256,200,cuda:0,8,1,9206
29376713,style2ada,interpolation,1024,800,cuda:0,8,1,31189
1ea4c9af,stylemap,random,1024,800,cuda:0,8,1,122161
bf141474,style2ada,interpolation,1024,100,cuda:0,8,1,18145
d37975c3,style2,random,256,200,cuda:1,8,1,19113
86966f12,mobile,random,1024,200,cuda:0,8,1,15097
770bc7f5,style2,interpolation,256,800,cuda:0,8,1,31072
f1184508,style2ada,random,1024,100,cuda:0,8,1,31048
1d3c2912,swa,interpolation,512,800,cuda:1,8,1,33032
56c85527,stylemap,interpolation,256,800,cuda:0,8,1,39017
1ce83460,style1,interpolation,1024,200,cuda:0,8,1,14984
4bd15e95,style2ada,interpolation,1024,800,cuda:0,8,1,28965




10-23-2021 14:06:43 ClusterManager INFO     Stopping execution of ClusterManager, halting components...
10-23-2021 14:06:43 ResourceWatchDog INFO     [WatchDog] Received request to stop execution
