/usr/local/lib/python3.8/dist-packages/dataclasses_json/core.py:171: RuntimeWarning: `NoneType` object value of non-optional type config_path detected when decoding BareConfig.
  warnings.warn(f"`NoneType` object {warning}.", RuntimeWarning)
10-23-2021 13:02:45 root         INFO     Starting in cluster mode.
10-23-2021 13:02:45 root         INFO     Starting as Orchestrator
10-23-2021 13:02:45 root         INFO     Starting Orchestrator, initializing resources....
10-23-2021 13:02:45 root         INFO     Loading in cluster configuration file
10-23-2021 13:02:45 root         INFO     Pointing configuration to in cluster configuration.
10-23-2021 13:02:45 root         INFO     Starting cluster manager
10-23-2021 13:02:45 ClusterManager INFO     Spinning up cluster manager...
10-23-2021 13:02:45 ResourceWatchDog INFO     Starting resource watchdog
10-23-2021 13:02:45 ClusterManager INFO     Still alive...
10-23-2021 13:02:45 ResourceWatchDog INFO     Fetching node information of cluster...
10-23-2021 13:02:45 root         INFO     Starting arrival generator
10-23-2021 13:02:45 root         INFO     Starting orchestrator
10-23-2021 13:02:45 StyleGANExperimentGenerator INFO     Starting execution of arrival generator...
10-23-2021 13:02:45 StyleGANExperimentGenerator INFO     Populating tick lists with initial arrivals
10-23-2021 13:02:45 StyleGANExperimentGenerator INFO     Creating task for StyleGANInferenceJob
10-23-2021 13:02:45 Orchestrator INFO     Clearing old jobs in current namespace: default
15
10-23-2021 13:02:45 ResourceWatchDog INFO     Starting with watching resources
10-23-2021 13:02:55 ClusterManager INFO     Still alive...
10-23-2021 13:02:55 ResourceWatchDog INFO     Fetching job finish times...
10-23-2021 13:02:55 ResourceWatchDog INFO     Fetching resource information of cluster...
10-23-2021 13:02:55 ResourceWatchDog INFO     {'ubuntu94025': Resource(node_name='ubuntu94025', cpu_allocatable=<Quantity(24, 'dimensionless')>, memory_allocatable=<Quantity(65626416, 'Ki')>, cpu_requested=<Quantity(2.72, 'dimensionless')>, memory_requested=<Quantity(3570766848, 'dimensionless')>, cpu_limit=<Quantity(22.4, 'dimensionless')>, memory_limit=<Quantity(15637779456, 'dimensionless')>, vram_free=[11174.4375, 24264.6875], vram_total=[11178.5, 24268.3125])}
10-23-2021 13:03:02 StyleGANExperimentGenerator INFO     Creating task for StyleGANInferenceJob
15
10-23-2021 13:03:05 ClusterManager INFO     Still alive...
10-23-2021 13:03:05 Orchestrator INFO     Scheduling arrival of Arrival: 844fac06-464e-45f9-85dc-c6f1a5d81c69
10-23-2021 13:03:05 Orchestrator INFO     Deploying on cluster: 844fac06-464e-45f9-85dc-c6f1a5d81c69
10-23-2021 13:03:05 ResourceWatchDog INFO     Fetching job finish times...
10-23-2021 13:03:05 ResourceWatchDog INFO     Fetching resource information of cluster...
10-23-2021 13:03:05 ResourceWatchDog INFO     {'ubuntu94025': Resource(node_name='ubuntu94025', cpu_allocatable=<Quantity(24, 'dimensionless')>, memory_allocatable=<Quantity(65626416, 'Ki')>, cpu_requested=<Quantity(2.72, 'dimensionless')>, memory_requested=<Quantity(3570766848, 'dimensionless')>, cpu_limit=<Quantity(22.4, 'dimensionless')>, memory_limit=<Quantity(15637779456, 'dimensionless')>, vram_free=[11174.4375, 24264.6875], vram_total=[11178.5, 24268.3125])}
10-23-2021 13:03:12 StyleGANExperimentGenerator INFO     Creating task for StyleGANInferenceJob
15
10-23-2021 13:03:15 ClusterManager INFO     Still alive...
10-23-2021 13:03:15 Orchestrator INFO     Scheduling arrival of Arrival: f60c1115-99a3-4fe3-b053-7035e57504fc
10-23-2021 13:03:15 Orchestrator INFO     Deploying on cluster: f60c1115-99a3-4fe3-b053-7035e57504fc
10-23-2021 13:03:15 ResourceWatchDog INFO     Fetching job finish times...
10-23-2021 13:03:15 ResourceWatchDog INFO     Fetching resource information of cluster...
10-23-2021 13:03:16 ResourceWatchDog INFO     {'ubuntu94025': Resource(node_name='ubuntu94025', cpu_allocatable=<Quantity(24, 'dimensionless')>, memory_allocatable=<Quantity(65626416, 'Ki')>, cpu_requested=<Quantity(2.72, 'dimensionless')>, memory_requested=<Quantity(3570766848, 'dimensionless')>, cpu_limit=<Quantity(22.4, 'dimensionless')>, memory_limit=<Quantity(15637779456, 'dimensionless')>, vram_free=[11174.4375, 19469.6875], vram_total=[11178.5, 24268.3125])}
10-23-2021 13:03:25 ClusterManager INFO     Still alive...
10-23-2021 13:03:26 ResourceWatchDog INFO     Fetching job finish times...
10-23-2021 13:03:26 ResourceWatchDog INFO     Fetching resource information of cluster...
10-23-2021 13:03:26 ResourceWatchDog INFO     {'ubuntu94025': Resource(node_name='ubuntu94025', cpu_allocatable=<Quantity(24, 'dimensionless')>, memory_allocatable=<Quantity(65626416, 'Ki')>, cpu_requested=<Quantity(2.72, 'dimensionless')>, memory_requested=<Quantity(3570766848, 'dimensionless')>, cpu_limit=<Quantity(22.4, 'dimensionless')>, memory_limit=<Quantity(15637779456, 'dimensionless')>, vram_free=[8777.4375, 24264.6875], vram_total=[11178.5, 24268.3125])}
10-23-2021 13:03:28 StyleGANExperimentGenerator INFO     Creating task for StyleGANInferenceJob
15
10-23-2021 13:03:30 Orchestrator INFO     Scheduling arrival of Arrival: dd630d10-afc6-4d91-9876-ac3653040b1d
10-23-2021 13:03:30 Orchestrator INFO     Deploying on cluster: dd630d10-afc6-4d91-9876-ac3653040b1d
10-23-2021 13:03:35 ClusterManager INFO     Still alive...
10-23-2021 13:03:36 ResourceWatchDog INFO     Fetching job finish times...
10-23-2021 13:03:36 ResourceWatchDog INFO     Fetching resource information of cluster...
10-23-2021 13:03:36 ResourceWatchDog INFO     {'ubuntu94025': Resource(node_name='ubuntu94025', cpu_allocatable=<Quantity(24, 'dimensionless')>, memory_allocatable=<Quantity(65626416, 'Ki')>, cpu_requested=<Quantity(2.72, 'dimensionless')>, memory_requested=<Quantity(3570766848, 'dimensionless')>, cpu_limit=<Quantity(22.4, 'dimensionless')>, memory_limit=<Quantity(15637779456, 'dimensionless')>, vram_free=[8777.4375, 22721.6875], vram_total=[11178.5, 24268.3125])}
10-23-2021 13:03:45 ClusterManager INFO     Still alive...
10-23-2021 13:03:45 ResourceWatchDog INFO     Fetching resource information of cluster...
10-23-2021 13:03:45 ResourceWatchDog INFO     {'ubuntu94025': Resource(node_name='ubuntu94025', cpu_allocatable=<Quantity(24, 'dimensionless')>, memory_allocatable=<Quantity(65626416, 'Ki')>, cpu_requested=<Quantity(2.72, 'dimensionless')>, memory_requested=<Quantity(3570766848, 'dimensionless')>, cpu_limit=<Quantity(22.4, 'dimensionless')>, memory_limit=<Quantity(15637779456, 'dimensionless')>, vram_free=[8777.4375, 22863.6875], vram_total=[11178.5, 24268.3125])}
10-23-2021 13:03:46 ResourceWatchDog INFO     Fetching job finish times...
10-23-2021 13:03:47 ResourceWatchDog INFO     Fetching resource information of cluster...
10-23-2021 13:03:47 StyleGANExperimentGenerator INFO     Creating task for StyleGANInferenceJob
15
10-23-2021 13:03:47 ResourceWatchDog INFO     {'ubuntu94025': Resource(node_name='ubuntu94025', cpu_allocatable=<Quantity(24, 'dimensionless')>, memory_allocatable=<Quantity(65626416, 'Ki')>, cpu_requested=<Quantity(2.72, 'dimensionless')>, memory_requested=<Quantity(3570766848, 'dimensionless')>, cpu_limit=<Quantity(22.4, 'dimensionless')>, memory_limit=<Quantity(15637779456, 'dimensionless')>, vram_free=[11174.4375, 24264.6875], vram_total=[11178.5, 24268.3125])}
10-23-2021 13:03:50 Orchestrator INFO     Scheduling arrival of Arrival: aafbdae9-79ac-4144-90f4-62793db49606
10-23-2021 13:03:50 Orchestrator INFO     Deploying on cluster: aafbdae9-79ac-4144-90f4-62793db49606
10-23-2021 13:03:55 ClusterManager INFO     Still alive...
10-23-2021 13:03:57 ResourceWatchDog INFO     Fetching job finish times...
10-23-2021 13:03:57 ResourceWatchDog INFO     Fetching resource information of cluster...
10-23-2021 13:03:57 ResourceWatchDog INFO     {'ubuntu94025': Resource(node_name='ubuntu94025', cpu_allocatable=<Quantity(24, 'dimensionless')>, memory_allocatable=<Quantity(65626416, 'Ki')>, cpu_requested=<Quantity(2.72, 'dimensionless')>, memory_requested=<Quantity(3570766848, 'dimensionless')>, cpu_limit=<Quantity(22.4, 'dimensionless')>, memory_limit=<Quantity(15637779456, 'dimensionless')>, vram_free=[1199.4375, 24264.6875], vram_total=[11178.5, 24268.3125])}
10-23-2021 13:03:58 StyleGANExperimentGenerator INFO     Creating task for StyleGANInferenceJob
15
10-23-2021 13:04:00 Orchestrator INFO     Scheduling arrival of Arrival: fa03ebe8-8359-41fc-b05b-495936087eea
10-23-2021 13:04:00 Orchestrator INFO     Deploying on cluster: fa03ebe8-8359-41fc-b05b-495936087eea
10-23-2021 13:04:05 ClusterManager INFO     Still alive...
10-23-2021 13:04:07 ResourceWatchDog INFO     Fetching job finish times...
10-23-2021 13:04:07 ResourceWatchDog INFO     Fetching resource information of cluster...
10-23-2021 13:04:08 ResourceWatchDog INFO     {'ubuntu94025': Resource(node_name='ubuntu94025', cpu_allocatable=<Quantity(24, 'dimensionless')>, memory_allocatable=<Quantity(65626416, 'Ki')>, cpu_requested=<Quantity(2.72, 'dimensionless')>, memory_requested=<Quantity(3570766848, 'dimensionless')>, cpu_limit=<Quantity(22.4, 'dimensionless')>, memory_limit=<Quantity(15637779456, 'dimensionless')>, vram_free=[5957.4375, 13539.6875], vram_total=[11178.5, 24268.3125])}
15
10-23-2021 13:04:11 StyleGANExperimentGenerator INFO     Creating task for StyleGANInferenceJob
10-23-2021 13:04:15 ClusterManager INFO     Still alive...
10-23-2021 13:04:15 Orchestrator INFO     Scheduling arrival of Arrival: 0bf7c9f4-b971-4cff-ad69-5c39059e14df
10-23-2021 13:04:15 Orchestrator INFO     Deploying on cluster: 0bf7c9f4-b971-4cff-ad69-5c39059e14df
10-23-2021 13:04:18 ResourceWatchDog INFO     Fetching job finish times...
10-23-2021 13:04:18 ResourceWatchDog INFO     Fetching resource information of cluster...
10-23-2021 13:04:18 ResourceWatchDog INFO     {'ubuntu94025': Resource(node_name='ubuntu94025', cpu_allocatable=<Quantity(24, 'dimensionless')>, memory_allocatable=<Quantity(65626416, 'Ki')>, cpu_requested=<Quantity(2.72, 'dimensionless')>, memory_requested=<Quantity(3570766848, 'dimensionless')>, cpu_limit=<Quantity(22.4, 'dimensionless')>, memory_limit=<Quantity(15637779456, 'dimensionless')>, vram_free=[5957.4375, 24264.6875], vram_total=[11178.5, 24268.3125])}
15
10-23-2021 13:04:25 StyleGANExperimentGenerator INFO     Creating task for StyleGANInferenceJob
10-23-2021 13:04:25 ClusterManager INFO     Still alive...
10-23-2021 13:04:25 Orchestrator INFO     Scheduling arrival of Arrival: d9eaf83b-9b94-487c-b31e-5e17738e3c2f
10-23-2021 13:04:25 Orchestrator INFO     Deploying on cluster: d9eaf83b-9b94-487c-b31e-5e17738e3c2f
10-23-2021 13:04:28 ResourceWatchDog INFO     Fetching job finish times...
10-23-2021 13:04:28 ResourceWatchDog INFO     Fetching resource information of cluster...
10-23-2021 13:04:28 ResourceWatchDog INFO     {'ubuntu94025': Resource(node_name='ubuntu94025', cpu_allocatable=<Quantity(24, 'dimensionless')>, memory_allocatable=<Quantity(65626416, 'Ki')>, cpu_requested=<Quantity(2.72, 'dimensionless')>, memory_requested=<Quantity(3570766848, 'dimensionless')>, cpu_limit=<Quantity(22.4, 'dimensionless')>, memory_limit=<Quantity(15637779456, 'dimensionless')>, vram_free=[3846.4375, 24264.6875], vram_total=[11178.5, 24268.3125])}
10-23-2021 13:04:35 ClusterManager INFO     Still alive...
10-23-2021 13:04:38 ResourceWatchDog INFO     Fetching job finish times...
10-23-2021 13:04:39 ResourceWatchDog INFO     Fetching resource information of cluster...
10-23-2021 13:04:39 ResourceWatchDog INFO     {'ubuntu94025': Resource(node_name='ubuntu94025', cpu_allocatable=<Quantity(24, 'dimensionless')>, memory_allocatable=<Quantity(65626416, 'Ki')>, cpu_requested=<Quantity(2.72, 'dimensionless')>, memory_requested=<Quantity(3570766848, 'dimensionless')>, cpu_limit=<Quantity(22.4, 'dimensionless')>, memory_limit=<Quantity(15637779456, 'dimensionless')>, vram_free=[5651.4375, 24264.6875], vram_total=[11178.5, 24268.3125])}
10-23-2021 13:04:41 StyleGANExperimentGenerator INFO     Creating task for StyleGANInferenceJob
15
10-23-2021 13:04:45 ClusterManager INFO     Still alive...
10-23-2021 13:04:45 Orchestrator INFO     Scheduling arrival of Arrival: efdf1aae-e517-47aa-9b1d-2f2c6ca84b11
10-23-2021 13:04:45 Orchestrator INFO     Deploying on cluster: efdf1aae-e517-47aa-9b1d-2f2c6ca84b11
10-23-2021 13:04:46 ResourceWatchDog INFO     Fetching resource information of cluster...
10-23-2021 13:04:46 ResourceWatchDog INFO     {'ubuntu94025': Resource(node_name='ubuntu94025', cpu_allocatable=<Quantity(24, 'dimensionless')>, memory_allocatable=<Quantity(65626416, 'Ki')>, cpu_requested=<Quantity(2.72, 'dimensionless')>, memory_requested=<Quantity(3570766848, 'dimensionless')>, cpu_limit=<Quantity(22.4, 'dimensionless')>, memory_limit=<Quantity(15637779456, 'dimensionless')>, vram_free=[11174.4375, 24264.6875], vram_total=[11178.5, 24268.3125])}
10-23-2021 13:04:49 ResourceWatchDog INFO     Fetching job finish times...
10-23-2021 13:04:49 ResourceWatchDog INFO     Fetching resource information of cluster...
10-23-2021 13:04:49 ResourceWatchDog INFO     {'ubuntu94025': Resource(node_name='ubuntu94025', cpu_allocatable=<Quantity(24, 'dimensionless')>, memory_allocatable=<Quantity(65626416, 'Ki')>, cpu_requested=<Quantity(2.72, 'dimensionless')>, memory_requested=<Quantity(3570766848, 'dimensionless')>, cpu_limit=<Quantity(22.4, 'dimensionless')>, memory_limit=<Quantity(15637779456, 'dimensionless')>, vram_free=[11174.4375, 23773.6875], vram_total=[11178.5, 24268.3125])}
10-23-2021 13:04:53 StyleGANExperimentGenerator INFO     Creating task for StyleGANInferenceJob
15
10-23-2021 13:04:55 ClusterManager INFO     Still alive...
10-23-2021 13:04:55 Orchestrator INFO     Scheduling arrival of Arrival: c488f833-7cf6-4b07-b6ad-aa9150834635
10-23-2021 13:04:55 Orchestrator INFO     Deploying on cluster: c488f833-7cf6-4b07-b6ad-aa9150834635
10-23-2021 13:04:59 ResourceWatchDog INFO     Fetching job finish times...
10-23-2021 13:04:59 ResourceWatchDog INFO     Fetching resource information of cluster...
10-23-2021 13:04:59 ResourceWatchDog INFO     {'ubuntu94025': Resource(node_name='ubuntu94025', cpu_allocatable=<Quantity(24, 'dimensionless')>, memory_allocatable=<Quantity(65626416, 'Ki')>, cpu_requested=<Quantity(2.72, 'dimensionless')>, memory_requested=<Quantity(3570766848, 'dimensionless')>, cpu_limit=<Quantity(22.4, 'dimensionless')>, memory_limit=<Quantity(15637779456, 'dimensionless')>, vram_free=[10845.4375, 24264.6875], vram_total=[11178.5, 24268.3125])}
10-23-2021 13:05:05 ClusterManager INFO     Still alive...
10-23-2021 13:05:07 StyleGANExperimentGenerator INFO     Creating task for StyleGANInferenceJob
15
10-23-2021 13:05:09 ResourceWatchDog INFO     Fetching job finish times...
10-23-2021 13:05:10 ResourceWatchDog INFO     Fetching resource information of cluster...
10-23-2021 13:05:10 ResourceWatchDog INFO     {'ubuntu94025': Resource(node_name='ubuntu94025', cpu_allocatable=<Quantity(24, 'dimensionless')>, memory_allocatable=<Quantity(65626416, 'Ki')>, cpu_requested=<Quantity(2.72, 'dimensionless')>, memory_requested=<Quantity(3570766848, 'dimensionless')>, cpu_limit=<Quantity(22.4, 'dimensionless')>, memory_limit=<Quantity(15637779456, 'dimensionless')>, vram_free=[8141.4375, 24264.6875], vram_total=[11178.5, 24268.3125])}
10-23-2021 13:05:10 Orchestrator INFO     Scheduling arrival of Arrival: e2457267-6f9b-40c1-b2c0-03eed0bf86c1
10-23-2021 13:05:10 Orchestrator INFO     Deploying on cluster: e2457267-6f9b-40c1-b2c0-03eed0bf86c1
10-23-2021 13:05:15 ClusterManager INFO     Still alive...
10-23-2021 13:05:18 StyleGANExperimentGenerator INFO     Creating task for StyleGANInferenceJob
15
10-23-2021 13:05:20 ResourceWatchDog INFO     Fetching job finish times...
10-23-2021 13:05:20 Orchestrator INFO     Scheduling arrival of Arrival: 820a1dc4-8883-48e6-8c40-5f4e5f38a21f
10-23-2021 13:05:20 Orchestrator INFO     Deploying on cluster: 820a1dc4-8883-48e6-8c40-5f4e5f38a21f
10-23-2021 13:05:20 ResourceWatchDog INFO     Fetching resource information of cluster...
10-23-2021 13:05:20 ResourceWatchDog INFO     {'ubuntu94025': Resource(node_name='ubuntu94025', cpu_allocatable=<Quantity(24, 'dimensionless')>, memory_allocatable=<Quantity(65626416, 'Ki')>, cpu_requested=<Quantity(2.72, 'dimensionless')>, memory_requested=<Quantity(3570766848, 'dimensionless')>, cpu_limit=<Quantity(22.4, 'dimensionless')>, memory_limit=<Quantity(15637779456, 'dimensionless')>, vram_free=[11174.4375, 4677.6875], vram_total=[11178.5, 24268.3125])}
10-23-2021 13:05:25 ClusterManager INFO     Still alive...
10-23-2021 13:05:30 ResourceWatchDog INFO     Fetching job finish times...
10-23-2021 13:05:30 ResourceWatchDog INFO     Fetching resource information of cluster...
10-23-2021 13:05:30 ResourceWatchDog INFO     {'ubuntu94025': Resource(node_name='ubuntu94025', cpu_allocatable=<Quantity(24, 'dimensionless')>, memory_allocatable=<Quantity(65626416, 'Ki')>, cpu_requested=<Quantity(2.72, 'dimensionless')>, memory_requested=<Quantity(3570766848, 'dimensionless')>, cpu_limit=<Quantity(22.4, 'dimensionless')>, memory_limit=<Quantity(15637779456, 'dimensionless')>, vram_free=[11174.4375, 1468.6875], vram_total=[11178.5, 24268.3125])}
10-23-2021 13:05:34 StyleGANExperimentGenerator INFO     Creating task for StyleGANInferenceJob
15
10-23-2021 13:05:35 ClusterManager INFO     Still alive...
10-23-2021 13:05:35 Orchestrator INFO     Scheduling arrival of Arrival: 4f75b015-85ad-4c89-82d5-d3fb1df4fba9
10-23-2021 13:05:35 Orchestrator INFO     Deploying on cluster: 4f75b015-85ad-4c89-82d5-d3fb1df4fba9
10-23-2021 13:05:40 ResourceWatchDog INFO     Fetching job finish times...
10-23-2021 13:05:41 ResourceWatchDog INFO     Fetching resource information of cluster...
10-23-2021 13:05:41 ResourceWatchDog INFO     {'ubuntu94025': Resource(node_name='ubuntu94025', cpu_allocatable=<Quantity(24, 'dimensionless')>, memory_allocatable=<Quantity(65626416, 'Ki')>, cpu_requested=<Quantity(2.72, 'dimensionless')>, memory_requested=<Quantity(3570766848, 'dimensionless')>, cpu_limit=<Quantity(22.4, 'dimensionless')>, memory_limit=<Quantity(15637779456, 'dimensionless')>, vram_free=[11174.4375, 23253.6875], vram_total=[11178.5, 24268.3125])}
10-23-2021 13:05:45 ClusterManager INFO     Still alive...
10-23-2021 13:05:47 ResourceWatchDog INFO     Fetching resource information of cluster...
10-23-2021 13:05:47 ResourceWatchDog INFO     {'ubuntu94025': Resource(node_name='ubuntu94025', cpu_allocatable=<Quantity(24, 'dimensionless')>, memory_allocatable=<Quantity(65626416, 'Ki')>, cpu_requested=<Quantity(2.72, 'dimensionless')>, memory_requested=<Quantity(3570766848, 'dimensionless')>, cpu_limit=<Quantity(22.4, 'dimensionless')>, memory_limit=<Quantity(15637779456, 'dimensionless')>, vram_free=[11174.4375, 24264.6875], vram_total=[11178.5, 24268.3125])}
10-23-2021 13:05:50 StyleGANExperimentGenerator INFO     Creating task for StyleGANInferenceJob
15
10-23-2021 13:05:50 Orchestrator INFO     Scheduling arrival of Arrival: ec695f50-60ca-4ab4-8dc4-cea910d27bde
10-23-2021 13:05:50 Orchestrator INFO     Deploying on cluster: ec695f50-60ca-4ab4-8dc4-cea910d27bde
10-23-2021 13:05:51 ResourceWatchDog INFO     Fetching job finish times...
10-23-2021 13:05:51 ResourceWatchDog INFO     Fetching resource information of cluster...
10-23-2021 13:05:51 ResourceWatchDog INFO     {'ubuntu94025': Resource(node_name='ubuntu94025', cpu_allocatable=<Quantity(24, 'dimensionless')>, memory_allocatable=<Quantity(65626416, 'Ki')>, cpu_requested=<Quantity(2.72, 'dimensionless')>, memory_requested=<Quantity(3570766848, 'dimensionless')>, cpu_limit=<Quantity(22.4, 'dimensionless')>, memory_limit=<Quantity(15637779456, 'dimensionless')>, vram_free=[11174.4375, 24264.6875], vram_total=[11178.5, 24268.3125])}
10-23-2021 13:05:55 ClusterManager INFO     Still alive...
10-23-2021 13:06:01 ResourceWatchDog INFO     Fetching job finish times...
10-23-2021 13:06:01 ResourceWatchDog INFO     Fetching resource information of cluster...
10-23-2021 13:06:02 ResourceWatchDog INFO     {'ubuntu94025': Resource(node_name='ubuntu94025', cpu_allocatable=<Quantity(24, 'dimensionless')>, memory_allocatable=<Quantity(65626416, 'Ki')>, cpu_requested=<Quantity(2.72, 'dimensionless')>, memory_requested=<Quantity(3570766848, 'dimensionless')>, cpu_limit=<Quantity(22.4, 'dimensionless')>, memory_limit=<Quantity(15637779456, 'dimensionless')>, vram_free=[11174.4375, 24264.6875], vram_total=[11178.5, 24268.3125])}
10-23-2021 13:06:03 StyleGANExperimentGenerator INFO     Creating task for StyleGANInferenceJob
15
10-23-2021 13:06:05 ClusterManager INFO     Still alive...
10-23-2021 13:06:05 Orchestrator INFO     Scheduling arrival of Arrival: aa192397-8d0c-4734-b531-867f37ebef64
10-23-2021 13:06:05 Orchestrator INFO     Deploying on cluster: aa192397-8d0c-4734-b531-867f37ebef64
10-23-2021 13:06:12 ResourceWatchDog INFO     Fetching job finish times...
10-23-2021 13:06:12 ResourceWatchDog INFO     Fetching resource information of cluster...
10-23-2021 13:06:12 ResourceWatchDog INFO     {'ubuntu94025': Resource(node_name='ubuntu94025', cpu_allocatable=<Quantity(24, 'dimensionless')>, memory_allocatable=<Quantity(65626416, 'Ki')>, cpu_requested=<Quantity(2.72, 'dimensionless')>, memory_requested=<Quantity(3570766848, 'dimensionless')>, cpu_limit=<Quantity(22.4, 'dimensionless')>, memory_limit=<Quantity(15637779456, 'dimensionless')>, vram_free=[11174.4375, 20253.6875], vram_total=[11178.5, 24268.3125])}
10-23-2021 13:06:15 ClusterManager INFO     Still alive...
10-23-2021 13:06:20 StyleGANExperimentGenerator INFO     Creating task for StyleGANInferenceJob
15
10-23-2021 13:06:20 Orchestrator INFO     Scheduling arrival of Arrival: ffc7303d-9dc7-44d4-ae31-5005a6c6c903
10-23-2021 13:06:20 Orchestrator INFO     Deploying on cluster: ffc7303d-9dc7-44d4-ae31-5005a6c6c903
10-23-2021 13:06:22 ResourceWatchDog INFO     Fetching job finish times...
10-23-2021 13:06:22 ResourceWatchDog INFO     Fetching resource information of cluster...
10-23-2021 13:06:22 ResourceWatchDog INFO     {'ubuntu94025': Resource(node_name='ubuntu94025', cpu_allocatable=<Quantity(24, 'dimensionless')>, memory_allocatable=<Quantity(65626416, 'Ki')>, cpu_requested=<Quantity(2.72, 'dimensionless')>, memory_requested=<Quantity(3570766848, 'dimensionless')>, cpu_limit=<Quantity(22.4, 'dimensionless')>, memory_limit=<Quantity(15637779456, 'dimensionless')>, vram_free=[11174.4375, 24264.6875], vram_total=[11178.5, 24268.3125])}
10-23-2021 13:06:25 ClusterManager INFO     Still alive...
10-23-2021 13:06:30 StyleGANExperimentGenerator INFO     Creating task for StyleGANInferenceJob
15
10-23-2021 13:06:30 Orchestrator INFO     Scheduling arrival of Arrival: 544f87e9-747c-4288-ad21-54199abea7e4
10-23-2021 13:06:30 Orchestrator INFO     Deploying on cluster: 544f87e9-747c-4288-ad21-54199abea7e4
10-23-2021 13:06:32 ResourceWatchDog INFO     Fetching job finish times...
10-23-2021 13:06:32 ResourceWatchDog INFO     Fetching resource information of cluster...
10-23-2021 13:06:33 ResourceWatchDog INFO     {'ubuntu94025': Resource(node_name='ubuntu94025', cpu_allocatable=<Quantity(24, 'dimensionless')>, memory_allocatable=<Quantity(65626416, 'Ki')>, cpu_requested=<Quantity(2.72, 'dimensionless')>, memory_requested=<Quantity(3570766848, 'dimensionless')>, cpu_limit=<Quantity(22.4, 'dimensionless')>, memory_limit=<Quantity(15637779456, 'dimensionless')>, vram_free=[8777.4375, 24264.6875], vram_total=[11178.5, 24268.3125])}
10-23-2021 13:06:35 ClusterManager INFO     Still alive...
10-23-2021 13:06:42 StyleGANExperimentGenerator INFO     Creating task for StyleGANInferenceJob
15
10-23-2021 13:06:43 ResourceWatchDog INFO     Fetching job finish times...
10-23-2021 13:06:43 ResourceWatchDog INFO     Fetching resource information of cluster...
10-23-2021 13:06:43 ResourceWatchDog INFO     {'ubuntu94025': Resource(node_name='ubuntu94025', cpu_allocatable=<Quantity(24, 'dimensionless')>, memory_allocatable=<Quantity(65626416, 'Ki')>, cpu_requested=<Quantity(2.72, 'dimensionless')>, memory_requested=<Quantity(3570766848, 'dimensionless')>, cpu_limit=<Quantity(22.4, 'dimensionless')>, memory_limit=<Quantity(15637779456, 'dimensionless')>, vram_free=[8777.4375, 24264.6875], vram_total=[11178.5, 24268.3125])}
10-23-2021 13:06:45 ClusterManager INFO     Still alive...
10-23-2021 13:06:45 Orchestrator INFO     Scheduling arrival of Arrival: d4c18d57-1142-4834-bc7a-3571406475dd
10-23-2021 13:06:45 Orchestrator INFO     Deploying on cluster: d4c18d57-1142-4834-bc7a-3571406475dd
10-23-2021 13:06:48 ResourceWatchDog INFO     Fetching resource information of cluster...
10-23-2021 13:06:48 ResourceWatchDog INFO     {'ubuntu94025': Resource(node_name='ubuntu94025', cpu_allocatable=<Quantity(24, 'dimensionless')>, memory_allocatable=<Quantity(65626416, 'Ki')>, cpu_requested=<Quantity(2.72, 'dimensionless')>, memory_requested=<Quantity(3570766848, 'dimensionless')>, cpu_limit=<Quantity(22.4, 'dimensionless')>, memory_limit=<Quantity(15637779456, 'dimensionless')>, vram_free=[8777.4375, 24264.6875], vram_total=[11178.5, 24268.3125])}
10-23-2021 13:06:53 ResourceWatchDog INFO     Fetching job finish times...
10-23-2021 13:06:53 ResourceWatchDog INFO     Fetching resource information of cluster...
10-23-2021 13:06:53 ResourceWatchDog INFO     {'ubuntu94025': Resource(node_name='ubuntu94025', cpu_allocatable=<Quantity(24, 'dimensionless')>, memory_allocatable=<Quantity(65626416, 'Ki')>, cpu_requested=<Quantity(2.72, 'dimensionless')>, memory_requested=<Quantity(3570766848, 'dimensionless')>, cpu_limit=<Quantity(22.4, 'dimensionless')>, memory_limit=<Quantity(15637779456, 'dimensionless')>, vram_free=[11174.4375, 13537.6875], vram_total=[11178.5, 24268.3125])}
10-23-2021 13:06:55 StyleGANExperimentGenerator INFO     Creating task for StyleGANInferenceJob
15
10-23-2021 13:06:55 ClusterManager INFO     Still alive...
10-23-2021 13:06:55 Orchestrator INFO     Scheduling arrival of Arrival: 1a91ce08-0bf8-4370-892d-ef08ca9e3204
10-23-2021 13:06:55 Orchestrator INFO     Deploying on cluster: 1a91ce08-0bf8-4370-892d-ef08ca9e3204
10-23-2021 13:07:03 ResourceWatchDog INFO     Fetching job finish times...
10-23-2021 13:07:03 ResourceWatchDog INFO     Fetching resource information of cluster...
10-23-2021 13:07:04 ResourceWatchDog INFO     {'ubuntu94025': Resource(node_name='ubuntu94025', cpu_allocatable=<Quantity(24, 'dimensionless')>, memory_allocatable=<Quantity(65626416, 'Ki')>, cpu_requested=<Quantity(2.72, 'dimensionless')>, memory_requested=<Quantity(3570766848, 'dimensionless')>, cpu_limit=<Quantity(22.4, 'dimensionless')>, memory_limit=<Quantity(15637779456, 'dimensionless')>, vram_free=[11174.4375, 15465.6875], vram_total=[11178.5, 24268.3125])}
10-23-2021 13:07:05 ClusterManager INFO     Still alive...
10-23-2021 13:07:10 StyleGANExperimentGenerator INFO     Creating task for StyleGANInferenceJob
15
10-23-2021 13:07:10 Orchestrator INFO     Scheduling arrival of Arrival: 27854bce-a095-46e5-aa06-f2504f383853
10-23-2021 13:07:10 Orchestrator INFO     Deploying on cluster: 27854bce-a095-46e5-aa06-f2504f383853
10-23-2021 13:07:14 ResourceWatchDog INFO     Fetching job finish times...
10-23-2021 13:07:14 ResourceWatchDog INFO     Fetching resource information of cluster...
10-23-2021 13:07:14 ResourceWatchDog INFO     {'ubuntu94025': Resource(node_name='ubuntu94025', cpu_allocatable=<Quantity(24, 'dimensionless')>, memory_allocatable=<Quantity(65626416, 'Ki')>, cpu_requested=<Quantity(2.72, 'dimensionless')>, memory_requested=<Quantity(3570766848, 'dimensionless')>, cpu_limit=<Quantity(22.4, 'dimensionless')>, memory_limit=<Quantity(15637779456, 'dimensionless')>, vram_free=[11174.4375, 24264.6875], vram_total=[11178.5, 24268.3125])}
10-23-2021 13:07:15 ClusterManager INFO     Still alive...
15
10-23-2021 13:07:19 StyleGANExperimentGenerator INFO     Creating task for StyleGANInferenceJob
10-23-2021 13:07:20 Orchestrator INFO     Scheduling arrival of Arrival: 0e76477c-2ade-4668-80b1-6dd0f7f6b000
10-23-2021 13:07:20 Orchestrator INFO     Deploying on cluster: 0e76477c-2ade-4668-80b1-6dd0f7f6b000
10-23-2021 13:07:24 ResourceWatchDog INFO     Fetching job finish times...
10-23-2021 13:07:24 ResourceWatchDog INFO     Fetching resource information of cluster...
10-23-2021 13:07:24 ResourceWatchDog INFO     {'ubuntu94025': Resource(node_name='ubuntu94025', cpu_allocatable=<Quantity(24, 'dimensionless')>, memory_allocatable=<Quantity(65626416, 'Ki')>, cpu_requested=<Quantity(2.72, 'dimensionless')>, memory_requested=<Quantity(3570766848, 'dimensionless')>, cpu_limit=<Quantity(22.4, 'dimensionless')>, memory_limit=<Quantity(15637779456, 'dimensionless')>, vram_free=[11029.4375, 24264.6875], vram_total=[11178.5, 24268.3125])}
10-23-2021 13:07:25 StyleGANExperimentGenerator INFO     Creating task for StyleGANInferenceJob
15
10-23-2021 13:07:25 ClusterManager INFO     Still alive...
10-23-2021 13:07:25 Orchestrator INFO     Scheduling arrival of Arrival: 5c0def40-10ff-45ef-b62c-7a5774687ad7
10-23-2021 13:07:25 Orchestrator INFO     Deploying on cluster: 5c0def40-10ff-45ef-b62c-7a5774687ad7
10-23-2021 13:07:34 ResourceWatchDog INFO     Fetching job finish times...
10-23-2021 13:07:35 ResourceWatchDog INFO     Fetching resource information of cluster...
10-23-2021 13:07:35 ResourceWatchDog INFO     {'ubuntu94025': Resource(node_name='ubuntu94025', cpu_allocatable=<Quantity(24, 'dimensionless')>, memory_allocatable=<Quantity(65626416, 'Ki')>, cpu_requested=<Quantity(2.72, 'dimensionless')>, memory_requested=<Quantity(3570766848, 'dimensionless')>, cpu_limit=<Quantity(22.4, 'dimensionless')>, memory_limit=<Quantity(15637779456, 'dimensionless')>, vram_free=[8935.4375, 18224.6875], vram_total=[11178.5, 24268.3125])}
10-23-2021 13:07:35 ClusterManager INFO     Still alive...
10-23-2021 13:07:39 StyleGANExperimentGenerator INFO     Creating task for StyleGANInferenceJob
15
10-23-2021 13:07:40 Orchestrator INFO     Scheduling arrival of Arrival: d816229b-4ef2-4e32-928d-3a012062484c
10-23-2021 13:07:40 Orchestrator INFO     Deploying on cluster: d816229b-4ef2-4e32-928d-3a012062484c
10-23-2021 13:07:45 ResourceWatchDog INFO     Fetching job finish times...
10-23-2021 13:07:45 ResourceWatchDog INFO     Fetching resource information of cluster...
10-23-2021 13:07:45 ClusterManager INFO     Still alive...
10-23-2021 13:07:45 ResourceWatchDog INFO     {'ubuntu94025': Resource(node_name='ubuntu94025', cpu_allocatable=<Quantity(24, 'dimensionless')>, memory_allocatable=<Quantity(65626416, 'Ki')>, cpu_requested=<Quantity(2.72, 'dimensionless')>, memory_requested=<Quantity(3570766848, 'dimensionless')>, cpu_limit=<Quantity(22.4, 'dimensionless')>, memory_limit=<Quantity(15637779456, 'dimensionless')>, vram_free=[11011.4375, 24264.6875], vram_total=[11178.5, 24268.3125])}
10-23-2021 13:07:49 ResourceWatchDog INFO     Fetching resource information of cluster...
10-23-2021 13:07:49 ResourceWatchDog INFO     {'ubuntu94025': Resource(node_name='ubuntu94025', cpu_allocatable=<Quantity(24, 'dimensionless')>, memory_allocatable=<Quantity(65626416, 'Ki')>, cpu_requested=<Quantity(2.72, 'dimensionless')>, memory_requested=<Quantity(3570766848, 'dimensionless')>, cpu_limit=<Quantity(22.4, 'dimensionless')>, memory_limit=<Quantity(15637779456, 'dimensionless')>, vram_free=[3413.4375, 24264.6875], vram_total=[11178.5, 24268.3125])}
10-23-2021 13:07:55 ClusterManager INFO     Still alive...
10-23-2021 13:07:55 ResourceWatchDog INFO     Fetching job finish times...
10-23-2021 13:07:55 ResourceWatchDog INFO     Fetching resource information of cluster...
10-23-2021 13:07:55 ResourceWatchDog INFO     {'ubuntu94025': Resource(node_name='ubuntu94025', cpu_allocatable=<Quantity(24, 'dimensionless')>, memory_allocatable=<Quantity(65626416, 'Ki')>, cpu_requested=<Quantity(2.72, 'dimensionless')>, memory_requested=<Quantity(3570766848, 'dimensionless')>, cpu_limit=<Quantity(22.4, 'dimensionless')>, memory_limit=<Quantity(15637779456, 'dimensionless')>, vram_free=[1349.4375, 24264.6875], vram_total=[11178.5, 24268.3125])}
15
10-23-2021 13:07:58 StyleGANExperimentGenerator INFO     Creating task for StyleGANInferenceJob
10-23-2021 13:08:00 Orchestrator INFO     Scheduling arrival of Arrival: 15e76496-979e-4ae9-a498-cea1e4088d92
10-23-2021 13:08:00 Orchestrator INFO     Deploying on cluster: 15e76496-979e-4ae9-a498-cea1e4088d92
10-23-2021 13:08:05 ClusterManager INFO     Still alive...
10-23-2021 13:08:05 ResourceWatchDog INFO     Fetching job finish times...
10-23-2021 13:08:06 ResourceWatchDog INFO     Fetching resource information of cluster...
10-23-2021 13:08:06 ResourceWatchDog INFO     {'ubuntu94025': Resource(node_name='ubuntu94025', cpu_allocatable=<Quantity(24, 'dimensionless')>, memory_allocatable=<Quantity(65626416, 'Ki')>, cpu_requested=<Quantity(2.72, 'dimensionless')>, memory_requested=<Quantity(3570766848, 'dimensionless')>, cpu_limit=<Quantity(22.4, 'dimensionless')>, memory_limit=<Quantity(15637779456, 'dimensionless')>, vram_free=[10445.4375, 23149.6875], vram_total=[11178.5, 24268.3125])}
10-23-2021 13:08:10 StyleGANExperimentGenerator INFO     Creating task for StyleGANInferenceJob
15
10-23-2021 13:08:10 Orchestrator INFO     Scheduling arrival of Arrival: 851cff11-3d42-4904-b70a-ca366d6282ec
10-23-2021 13:08:10 Orchestrator INFO     Deploying on cluster: 851cff11-3d42-4904-b70a-ca366d6282ec
10-23-2021 13:08:15 ClusterManager INFO     Still alive...
10-23-2021 13:08:16 ResourceWatchDog INFO     Fetching job finish times...
10-23-2021 13:08:16 ResourceWatchDog INFO     Fetching resource information of cluster...
10-23-2021 13:08:16 ResourceWatchDog INFO     {'ubuntu94025': Resource(node_name='ubuntu94025', cpu_allocatable=<Quantity(24, 'dimensionless')>, memory_allocatable=<Quantity(65626416, 'Ki')>, cpu_requested=<Quantity(2.72, 'dimensionless')>, memory_requested=<Quantity(3570766848, 'dimensionless')>, cpu_limit=<Quantity(22.4, 'dimensionless')>, memory_limit=<Quantity(15637779456, 'dimensionless')>, vram_free=[1022.4375, 24264.6875], vram_total=[11178.5, 24268.3125])}
15
10-23-2021 13:08:20 StyleGANExperimentGenerator INFO     Creating task for StyleGANInferenceJob
10-23-2021 13:08:20 Orchestrator INFO     Scheduling arrival of Arrival: 80d9ff49-0579-4ab6-bf52-11385425b4b4
10-23-2021 13:08:20 Orchestrator INFO     Deploying on cluster: 80d9ff49-0579-4ab6-bf52-11385425b4b4
10-23-2021 13:08:25 ClusterManager INFO     Still alive...
10-23-2021 13:08:26 ResourceWatchDog INFO     Fetching job finish times...
10-23-2021 13:08:26 ResourceWatchDog INFO     Fetching resource information of cluster...
10-23-2021 13:08:27 ResourceWatchDog INFO     {'ubuntu94025': Resource(node_name='ubuntu94025', cpu_allocatable=<Quantity(24, 'dimensionless')>, memory_allocatable=<Quantity(65626416, 'Ki')>, cpu_requested=<Quantity(2.72, 'dimensionless')>, memory_requested=<Quantity(3570766848, 'dimensionless')>, cpu_limit=<Quantity(22.4, 'dimensionless')>, memory_limit=<Quantity(15637779456, 'dimensionless')>, vram_free=[2257.4375, 22879.6875], vram_total=[11178.5, 24268.3125])}
10-23-2021 13:08:35 ClusterManager INFO     Still alive...
10-23-2021 13:08:37 ResourceWatchDog INFO     Fetching job finish times...
10-23-2021 13:08:37 ResourceWatchDog INFO     Fetching resource information of cluster...
10-23-2021 13:08:37 ResourceWatchDog INFO     {'ubuntu94025': Resource(node_name='ubuntu94025', cpu_allocatable=<Quantity(24, 'dimensionless')>, memory_allocatable=<Quantity(65626416, 'Ki')>, cpu_requested=<Quantity(2.72, 'dimensionless')>, memory_requested=<Quantity(3570766848, 'dimensionless')>, cpu_limit=<Quantity(22.4, 'dimensionless')>, memory_limit=<Quantity(15637779456, 'dimensionless')>, vram_free=[4979.4375, 24264.6875], vram_total=[11178.5, 24268.3125])}
15
10-23-2021 13:08:38 StyleGANExperimentGenerator INFO     Creating task for StyleGANInferenceJob
10-23-2021 13:08:40 Orchestrator INFO     Scheduling arrival of Arrival: b83c801a-6658-4632-bcbd-4d7a0a8d7af2
10-23-2021 13:08:40 Orchestrator INFO     Deploying on cluster: b83c801a-6658-4632-bcbd-4d7a0a8d7af2
10-23-2021 13:08:45 ClusterManager INFO     Still alive...
10-23-2021 13:08:47 ResourceWatchDog INFO     Fetching job finish times...
10-23-2021 13:08:47 ResourceWatchDog INFO     Fetching resource information of cluster...
10-23-2021 13:08:47 ResourceWatchDog INFO     {'ubuntu94025': Resource(node_name='ubuntu94025', cpu_allocatable=<Quantity(24, 'dimensionless')>, memory_allocatable=<Quantity(65626416, 'Ki')>, cpu_requested=<Quantity(2.72, 'dimensionless')>, memory_requested=<Quantity(3570766848, 'dimensionless')>, cpu_limit=<Quantity(22.4, 'dimensionless')>, memory_limit=<Quantity(15637779456, 'dimensionless')>, vram_free=[1622.4375, 23121.6875], vram_total=[11178.5, 24268.3125])}
10-23-2021 13:08:49 ResourceWatchDog INFO     Fetching resource information of cluster...
10-23-2021 13:08:49 ResourceWatchDog INFO     {'ubuntu94025': Resource(node_name='ubuntu94025', cpu_allocatable=<Quantity(24, 'dimensionless')>, memory_allocatable=<Quantity(65626416, 'Ki')>, cpu_requested=<Quantity(2.72, 'dimensionless')>, memory_requested=<Quantity(3570766848, 'dimensionless')>, cpu_limit=<Quantity(22.4, 'dimensionless')>, memory_limit=<Quantity(15637779456, 'dimensionless')>, vram_free=[74.4375, 20367.6875], vram_total=[11178.5, 24268.3125])}
10-23-2021 13:08:55 StyleGANExperimentGenerator INFO     Creating task for StyleGANInferenceJob
15
10-23-2021 13:08:55 ClusterManager INFO     Still alive...
10-23-2021 13:08:55 Orchestrator INFO     Scheduling arrival of Arrival: e48bacaf-2dfa-4f4a-90e4-a06c84df513e
10-23-2021 13:08:55 Orchestrator INFO     Deploying on cluster: e48bacaf-2dfa-4f4a-90e4-a06c84df513e
10-23-2021 13:08:57 ResourceWatchDog INFO     Fetching job finish times...
10-23-2021 13:08:58 ResourceWatchDog INFO     Fetching resource information of cluster...
10-23-2021 13:08:58 ResourceWatchDog INFO     {'ubuntu94025': Resource(node_name='ubuntu94025', cpu_allocatable=<Quantity(24, 'dimensionless')>, memory_allocatable=<Quantity(65626416, 'Ki')>, cpu_requested=<Quantity(2.72, 'dimensionless')>, memory_requested=<Quantity(3570766848, 'dimensionless')>, cpu_limit=<Quantity(22.4, 'dimensionless')>, memory_limit=<Quantity(15637779456, 'dimensionless')>, vram_free=[4979.4375, 24264.6875], vram_total=[11178.5, 24268.3125])}
10-23-2021 13:09:05 ClusterManager INFO     Still alive...
10-23-2021 13:09:08 ResourceWatchDog INFO     Fetching job finish times...
10-23-2021 13:09:08 ResourceWatchDog INFO     Fetching resource information of cluster...
10-23-2021 13:09:08 ResourceWatchDog INFO     {'ubuntu94025': Resource(node_name='ubuntu94025', cpu_allocatable=<Quantity(24, 'dimensionless')>, memory_allocatable=<Quantity(65626416, 'Ki')>, cpu_requested=<Quantity(2.72, 'dimensionless')>, memory_requested=<Quantity(3570766848, 'dimensionless')>, cpu_limit=<Quantity(22.4, 'dimensionless')>, memory_limit=<Quantity(15637779456, 'dimensionless')>, vram_free=[11174.4375, 24264.6875], vram_total=[11178.5, 24268.3125])}
15
10-23-2021 13:09:13 StyleGANExperimentGenerator INFO     Creating task for StyleGANInferenceJob
10-23-2021 13:09:15 ClusterManager INFO     Still alive...
10-23-2021 13:09:15 Orchestrator INFO     Scheduling arrival of Arrival: 98a9f7ed-73ba-4dce-9ed7-7a73b39d03b7
10-23-2021 13:09:15 Orchestrator INFO     Deploying on cluster: 98a9f7ed-73ba-4dce-9ed7-7a73b39d03b7
10-23-2021 13:09:18 ResourceWatchDog INFO     Fetching job finish times...
10-23-2021 13:09:18 ResourceWatchDog INFO     Fetching resource information of cluster...
10-23-2021 13:09:19 ResourceWatchDog INFO     {'ubuntu94025': Resource(node_name='ubuntu94025', cpu_allocatable=<Quantity(24, 'dimensionless')>, memory_allocatable=<Quantity(65626416, 'Ki')>, cpu_requested=<Quantity(2.72, 'dimensionless')>, memory_requested=<Quantity(3570766848, 'dimensionless')>, cpu_limit=<Quantity(22.4, 'dimensionless')>, memory_limit=<Quantity(15637779456, 'dimensionless')>, vram_free=[11174.4375, 24264.6875], vram_total=[11178.5, 24268.3125])}
10-23-2021 13:09:25 ClusterManager INFO     Still alive...
10-23-2021 13:09:26 StyleGANExperimentGenerator INFO     Creating task for StyleGANInferenceJob
15
10-23-2021 13:09:29 ResourceWatchDog INFO     Fetching job finish times...
10-23-2021 13:09:29 ResourceWatchDog INFO     Fetching resource information of cluster...
10-23-2021 13:09:29 ResourceWatchDog INFO     {'ubuntu94025': Resource(node_name='ubuntu94025', cpu_allocatable=<Quantity(24, 'dimensionless')>, memory_allocatable=<Quantity(65626416, 'Ki')>, cpu_requested=<Quantity(2.72, 'dimensionless')>, memory_requested=<Quantity(3570766848, 'dimensionless')>, cpu_limit=<Quantity(22.4, 'dimensionless')>, memory_limit=<Quantity(15637779456, 'dimensionless')>, vram_free=[10375.4375, 4565.6875], vram_total=[11178.5, 24268.3125])}
10-23-2021 13:09:30 Orchestrator INFO     Scheduling arrival of Arrival: 2947dcd9-508c-4ab6-84b4-b59459de34f7
10-23-2021 13:09:30 Orchestrator INFO     Deploying on cluster: 2947dcd9-508c-4ab6-84b4-b59459de34f7
10-23-2021 13:09:35 ClusterManager INFO     Still alive...
10-23-2021 13:09:39 ResourceWatchDog INFO     Fetching job finish times...
10-23-2021 13:09:39 ResourceWatchDog INFO     Fetching resource information of cluster...
10-23-2021 13:09:39 ResourceWatchDog INFO     {'ubuntu94025': Resource(node_name='ubuntu94025', cpu_allocatable=<Quantity(24, 'dimensionless')>, memory_allocatable=<Quantity(65626416, 'Ki')>, cpu_requested=<Quantity(2.72, 'dimensionless')>, memory_requested=<Quantity(3570766848, 'dimensionless')>, cpu_limit=<Quantity(22.4, 'dimensionless')>, memory_limit=<Quantity(15637779456, 'dimensionless')>, vram_free=[841.4375, 2101.6875], vram_total=[11178.5, 24268.3125])}
10-23-2021 13:09:45 ClusterManager INFO     Still alive...
10-23-2021 13:09:46 StyleGANExperimentGenerator INFO     Creating task for StyleGANInferenceJob
15
10-23-2021 13:09:49 ResourceWatchDog INFO     Fetching job finish times...
10-23-2021 13:09:49 ResourceWatchDog INFO     Fetching resource information of cluster...
10-23-2021 13:09:50 ResourceWatchDog INFO     {'ubuntu94025': Resource(node_name='ubuntu94025', cpu_allocatable=<Quantity(24, 'dimensionless')>, memory_allocatable=<Quantity(65626416, 'Ki')>, cpu_requested=<Quantity(2.72, 'dimensionless')>, memory_requested=<Quantity(3570766848, 'dimensionless')>, cpu_limit=<Quantity(22.4, 'dimensionless')>, memory_limit=<Quantity(15637779456, 'dimensionless')>, vram_free=[11174.4375, 24264.6875], vram_total=[11178.5, 24268.3125])}
10-23-2021 13:09:50 Orchestrator INFO     Scheduling arrival of Arrival: fb7de993-ad34-4ca5-8f69-a88e499a578e
10-23-2021 13:09:50 Orchestrator INFO     Deploying on cluster: fb7de993-ad34-4ca5-8f69-a88e499a578e
10-23-2021 13:09:51 ResourceWatchDog INFO     Fetching resource information of cluster...
10-23-2021 13:09:51 ResourceWatchDog INFO     {'ubuntu94025': Resource(node_name='ubuntu94025', cpu_allocatable=<Quantity(24, 'dimensionless')>, memory_allocatable=<Quantity(65626416, 'Ki')>, cpu_requested=<Quantity(2.72, 'dimensionless')>, memory_requested=<Quantity(3570766848, 'dimensionless')>, cpu_limit=<Quantity(22.4, 'dimensionless')>, memory_limit=<Quantity(15637779456, 'dimensionless')>, vram_free=[11174.4375, 24264.6875], vram_total=[11178.5, 24268.3125])}
10-23-2021 13:09:55 ClusterManager INFO     Still alive...
10-23-2021 13:09:59 StyleGANExperimentGenerator INFO     Creating task for StyleGANInferenceJob
15
10-23-2021 13:10:00 ResourceWatchDog INFO     Fetching job finish times...
10-23-2021 13:10:00 ResourceWatchDog INFO     Fetching resource information of cluster...
10-23-2021 13:10:00 ResourceWatchDog INFO     {'ubuntu94025': Resource(node_name='ubuntu94025', cpu_allocatable=<Quantity(24, 'dimensionless')>, memory_allocatable=<Quantity(65626416, 'Ki')>, cpu_requested=<Quantity(2.72, 'dimensionless')>, memory_requested=<Quantity(3570766848, 'dimensionless')>, cpu_limit=<Quantity(22.4, 'dimensionless')>, memory_limit=<Quantity(15637779456, 'dimensionless')>, vram_free=[11174.4375, 4567.6875], vram_total=[11178.5, 24268.3125])}
10-23-2021 13:10:00 Orchestrator INFO     Scheduling arrival of Arrival: 97f7b61a-f005-4078-97ec-939c2c2589c6
10-23-2021 13:10:00 Orchestrator INFO     Deploying on cluster: 97f7b61a-f005-4078-97ec-939c2c2589c6
10-23-2021 13:10:05 ClusterManager INFO     Still alive...
10-23-2021 13:10:10 ResourceWatchDog INFO     Fetching job finish times...
10-23-2021 13:10:10 ResourceWatchDog INFO     Fetching resource information of cluster...
10-23-2021 13:10:10 ResourceWatchDog INFO     {'ubuntu94025': Resource(node_name='ubuntu94025', cpu_allocatable=<Quantity(24, 'dimensionless')>, memory_allocatable=<Quantity(65626416, 'Ki')>, cpu_requested=<Quantity(2.72, 'dimensionless')>, memory_requested=<Quantity(3570766848, 'dimensionless')>, cpu_limit=<Quantity(22.4, 'dimensionless')>, memory_limit=<Quantity(15637779456, 'dimensionless')>, vram_free=[11174.4375, 24264.6875], vram_total=[11178.5, 24268.3125])}
10-23-2021 13:10:12 StyleGANExperimentGenerator INFO     Creating task for StyleGANInferenceJob
15
10-23-2021 13:10:15 ClusterManager INFO     Still alive...
10-23-2021 13:10:15 Orchestrator INFO     Scheduling arrival of Arrival: 78841c38-c133-444e-bb7b-66ee07278e89
10-23-2021 13:10:15 Orchestrator INFO     Deploying on cluster: 78841c38-c133-444e-bb7b-66ee07278e89
10-23-2021 13:10:20 ResourceWatchDog INFO     Fetching job finish times...
10-23-2021 13:10:21 ResourceWatchDog INFO     Fetching resource information of cluster...
10-23-2021 13:10:21 ResourceWatchDog INFO     {'ubuntu94025': Resource(node_name='ubuntu94025', cpu_allocatable=<Quantity(24, 'dimensionless')>, memory_allocatable=<Quantity(65626416, 'Ki')>, cpu_requested=<Quantity(2.72, 'dimensionless')>, memory_requested=<Quantity(3570766848, 'dimensionless')>, cpu_limit=<Quantity(22.4, 'dimensionless')>, memory_limit=<Quantity(15637779456, 'dimensionless')>, vram_free=[11174.4375, 23111.6875], vram_total=[11178.5, 24268.3125])}
10-23-2021 13:10:25 ClusterManager INFO     Still alive...
10-23-2021 13:10:30 StyleGANExperimentGenerator INFO     Creating task for StyleGANInferenceJob
15
10-23-2021 13:10:30 Orchestrator INFO     Scheduling arrival of Arrival: 74ee5041-6ee2-4f72-ad36-a415f25c980a
10-23-2021 13:10:30 Orchestrator INFO     Deploying on cluster: 74ee5041-6ee2-4f72-ad36-a415f25c980a
10-23-2021 13:10:31 ResourceWatchDog INFO     Fetching job finish times...
10-23-2021 13:10:31 ResourceWatchDog INFO     Fetching resource information of cluster...
10-23-2021 13:10:31 ResourceWatchDog INFO     {'ubuntu94025': Resource(node_name='ubuntu94025', cpu_allocatable=<Quantity(24, 'dimensionless')>, memory_allocatable=<Quantity(65626416, 'Ki')>, cpu_requested=<Quantity(2.72, 'dimensionless')>, memory_requested=<Quantity(3570766848, 'dimensionless')>, cpu_limit=<Quantity(22.4, 'dimensionless')>, memory_limit=<Quantity(15637779456, 'dimensionless')>, vram_free=[11174.4375, 24264.6875], vram_total=[11178.5, 24268.3125])}
10-23-2021 13:10:35 ClusterManager INFO     Still alive...
10-23-2021 13:10:41 ResourceWatchDog INFO     Fetching job finish times...
10-23-2021 13:10:41 ResourceWatchDog INFO     Fetching resource information of cluster...
10-23-2021 13:10:42 ResourceWatchDog INFO     {'ubuntu94025': Resource(node_name='ubuntu94025', cpu_allocatable=<Quantity(24, 'dimensionless')>, memory_allocatable=<Quantity(65626416, 'Ki')>, cpu_requested=<Quantity(2.72, 'dimensionless')>, memory_requested=<Quantity(3570766848, 'dimensionless')>, cpu_limit=<Quantity(22.4, 'dimensionless')>, memory_limit=<Quantity(15637779456, 'dimensionless')>, vram_free=[1052.4375, 24264.6875], vram_total=[11178.5, 24268.3125])}
10-23-2021 13:10:45 ClusterManager INFO     Still alive...
10-23-2021 13:10:51 StyleGANExperimentGenerator INFO     Creating task for StyleGANInferenceJob
15
10-23-2021 13:10:52 ResourceWatchDog INFO     Fetching resource information of cluster...
10-23-2021 13:10:52 ResourceWatchDog INFO     {'ubuntu94025': Resource(node_name='ubuntu94025', cpu_allocatable=<Quantity(24, 'dimensionless')>, memory_allocatable=<Quantity(65626416, 'Ki')>, cpu_requested=<Quantity(2.72, 'dimensionless')>, memory_requested=<Quantity(3570766848, 'dimensionless')>, cpu_limit=<Quantity(22.4, 'dimensionless')>, memory_limit=<Quantity(15637779456, 'dimensionless')>, vram_free=[6457.4375, 23355.6875], vram_total=[11178.5, 24268.3125])}
10-23-2021 13:10:52 ResourceWatchDog INFO     Fetching job finish times...
10-23-2021 13:10:52 ResourceWatchDog INFO     Fetching resource information of cluster...
10-23-2021 13:10:52 ResourceWatchDog INFO     {'ubuntu94025': Resource(node_name='ubuntu94025', cpu_allocatable=<Quantity(24, 'dimensionless')>, memory_allocatable=<Quantity(65626416, 'Ki')>, cpu_requested=<Quantity(2.72, 'dimensionless')>, memory_requested=<Quantity(3570766848, 'dimensionless')>, cpu_limit=<Quantity(22.4, 'dimensionless')>, memory_limit=<Quantity(15637779456, 'dimensionless')>, vram_free=[6457.4375, 23189.6875], vram_total=[11178.5, 24268.3125])}
10-23-2021 13:10:55 ClusterManager INFO     Still alive...
10-23-2021 13:10:55 Orchestrator INFO     Scheduling arrival of Arrival: e39261e8-f9d8-4a8d-8fbe-72d4fe7af18d
10-23-2021 13:10:55 Orchestrator INFO     Deploying on cluster: e39261e8-f9d8-4a8d-8fbe-72d4fe7af18d
10-23-2021 13:11:01 StyleGANExperimentGenerator INFO     Creating task for StyleGANInferenceJob
15
10-23-2021 13:11:02 ResourceWatchDog INFO     Fetching job finish times...
10-23-2021 13:11:02 ResourceWatchDog INFO     Fetching resource information of cluster...
10-23-2021 13:11:02 ResourceWatchDog INFO     {'ubuntu94025': Resource(node_name='ubuntu94025', cpu_allocatable=<Quantity(24, 'dimensionless')>, memory_allocatable=<Quantity(65626416, 'Ki')>, cpu_requested=<Quantity(2.72, 'dimensionless')>, memory_requested=<Quantity(3570766848, 'dimensionless')>, cpu_limit=<Quantity(22.4, 'dimensionless')>, memory_limit=<Quantity(15637779456, 'dimensionless')>, vram_free=[6391.4375, 24264.6875], vram_total=[11178.5, 24268.3125])}
10-23-2021 13:11:05 ClusterManager INFO     Still alive...
10-23-2021 13:11:05 Orchestrator INFO     Scheduling arrival of Arrival: 4c489f17-0a8e-44aa-b3cd-47ff0d9f2674
10-23-2021 13:11:05 Orchestrator INFO     Deploying on cluster: 4c489f17-0a8e-44aa-b3cd-47ff0d9f2674
10-23-2021 13:11:12 ResourceWatchDog INFO     Fetching job finish times...
10-23-2021 13:11:13 ResourceWatchDog INFO     Fetching resource information of cluster...
10-23-2021 13:11:13 ResourceWatchDog INFO     {'ubuntu94025': Resource(node_name='ubuntu94025', cpu_allocatable=<Quantity(24, 'dimensionless')>, memory_allocatable=<Quantity(65626416, 'Ki')>, cpu_requested=<Quantity(2.72, 'dimensionless')>, memory_requested=<Quantity(3570766848, 'dimensionless')>, cpu_limit=<Quantity(22.4, 'dimensionless')>, memory_limit=<Quantity(15637779456, 'dimensionless')>, vram_free=[5500.4375, 24264.6875], vram_total=[11178.5, 24268.3125])}
10-23-2021 13:11:15 ClusterManager INFO     Still alive...
10-23-2021 13:11:19 StyleGANExperimentGenerator INFO     Creating task for StyleGANInferenceJob
15
10-23-2021 13:11:20 Orchestrator INFO     Scheduling arrival of Arrival: 86e12111-3690-4799-9cf9-fc9727c31939
10-23-2021 13:11:20 Orchestrator INFO     Deploying on cluster: 86e12111-3690-4799-9cf9-fc9727c31939
10-23-2021 13:11:23 ResourceWatchDog INFO     Fetching job finish times...
10-23-2021 13:11:23 ResourceWatchDog INFO     Fetching resource information of cluster...
10-23-2021 13:11:23 ResourceWatchDog INFO     {'ubuntu94025': Resource(node_name='ubuntu94025', cpu_allocatable=<Quantity(24, 'dimensionless')>, memory_allocatable=<Quantity(65626416, 'Ki')>, cpu_requested=<Quantity(2.72, 'dimensionless')>, memory_requested=<Quantity(3570766848, 'dimensionless')>, cpu_limit=<Quantity(22.4, 'dimensionless')>, memory_limit=<Quantity(15637779456, 'dimensionless')>, vram_free=[936.4375, 24264.6875], vram_total=[11178.5, 24268.3125])}
10-23-2021 13:11:25 ClusterManager INFO     Still alive...
10-23-2021 13:11:33 ResourceWatchDog INFO     Fetching job finish times...
10-23-2021 13:11:33 ResourceWatchDog INFO     Fetching resource information of cluster...
10-23-2021 13:11:34 ResourceWatchDog INFO     {'ubuntu94025': Resource(node_name='ubuntu94025', cpu_allocatable=<Quantity(24, 'dimensionless')>, memory_allocatable=<Quantity(65626416, 'Ki')>, cpu_requested=<Quantity(2.72, 'dimensionless')>, memory_requested=<Quantity(3570766848, 'dimensionless')>, cpu_limit=<Quantity(22.4, 'dimensionless')>, memory_limit=<Quantity(15637779456, 'dimensionless')>, vram_free=[11174.4375, 17775.6875], vram_total=[11178.5, 24268.3125])}
10-23-2021 13:11:35 ClusterManager INFO     Still alive...
10-23-2021 13:11:37 StyleGANExperimentGenerator INFO     Creating task for StyleGANInferenceJob
15
10-23-2021 13:11:40 Orchestrator INFO     Scheduling arrival of Arrival: 4b0df7cd-849b-4a89-9dcc-c16d50c0e3dd
10-23-2021 13:11:40 Orchestrator INFO     Deploying on cluster: 4b0df7cd-849b-4a89-9dcc-c16d50c0e3dd
10-23-2021 13:11:44 ResourceWatchDog INFO     Fetching job finish times...
10-23-2021 13:11:44 ResourceWatchDog INFO     Fetching resource information of cluster...
10-23-2021 13:11:44 ResourceWatchDog INFO     {'ubuntu94025': Resource(node_name='ubuntu94025', cpu_allocatable=<Quantity(24, 'dimensionless')>, memory_allocatable=<Quantity(65626416, 'Ki')>, cpu_requested=<Quantity(2.72, 'dimensionless')>, memory_requested=<Quantity(3570766848, 'dimensionless')>, cpu_limit=<Quantity(22.4, 'dimensionless')>, memory_limit=<Quantity(15637779456, 'dimensionless')>, vram_free=[11174.4375, 24264.6875], vram_total=[11178.5, 24268.3125])}
10-23-2021 13:11:45 ClusterManager INFO     Still alive...
10-23-2021 13:11:52 StyleGANExperimentGenerator INFO     Creating task for StyleGANInferenceJob
15
10-23-2021 13:11:52 ResourceWatchDog INFO     Fetching resource information of cluster...
10-23-2021 13:11:52 ResourceWatchDog INFO     {'ubuntu94025': Resource(node_name='ubuntu94025', cpu_allocatable=<Quantity(24, 'dimensionless')>, memory_allocatable=<Quantity(65626416, 'Ki')>, cpu_requested=<Quantity(2.72, 'dimensionless')>, memory_requested=<Quantity(3570766848, 'dimensionless')>, cpu_limit=<Quantity(22.4, 'dimensionless')>, memory_limit=<Quantity(15637779456, 'dimensionless')>, vram_free=[1201.4375, 24264.6875], vram_total=[11178.5, 24268.3125])}
10-23-2021 13:11:54 ResourceWatchDog INFO     Fetching job finish times...
10-23-2021 13:11:54 ResourceWatchDog INFO     Fetching resource information of cluster...
10-23-2021 13:11:55 ResourceWatchDog INFO     {'ubuntu94025': Resource(node_name='ubuntu94025', cpu_allocatable=<Quantity(24, 'dimensionless')>, memory_allocatable=<Quantity(65626416, 'Ki')>, cpu_requested=<Quantity(2.72, 'dimensionless')>, memory_requested=<Quantity(3570766848, 'dimensionless')>, cpu_limit=<Quantity(22.4, 'dimensionless')>, memory_limit=<Quantity(15637779456, 'dimensionless')>, vram_free=[5959.4375, 24264.6875], vram_total=[11178.5, 24268.3125])}
10-23-2021 13:11:55 ClusterManager INFO     Still alive...
10-23-2021 13:11:55 Orchestrator INFO     Scheduling arrival of Arrival: ad0f82b9-0d1d-46ba-800d-bbf8632ad827
10-23-2021 13:11:55 Orchestrator INFO     Deploying on cluster: ad0f82b9-0d1d-46ba-800d-bbf8632ad827
10-23-2021 13:12:05 ResourceWatchDog INFO     Fetching job finish times...
10-23-2021 13:12:05 ResourceWatchDog INFO     Fetching resource information of cluster...
10-23-2021 13:12:05 StyleGANExperimentGenerator INFO     Creating task for StyleGANInferenceJob
15
10-23-2021 13:12:05 ResourceWatchDog INFO     {'ubuntu94025': Resource(node_name='ubuntu94025', cpu_allocatable=<Quantity(24, 'dimensionless')>, memory_allocatable=<Quantity(65626416, 'Ki')>, cpu_requested=<Quantity(2.72, 'dimensionless')>, memory_requested=<Quantity(3570766848, 'dimensionless')>, cpu_limit=<Quantity(22.4, 'dimensionless')>, memory_limit=<Quantity(15637779456, 'dimensionless')>, vram_free=[5959.4375, 3620.6875], vram_total=[11178.5, 24268.3125])}
10-23-2021 13:12:05 ClusterManager INFO     Still alive...
10-23-2021 13:12:06 Orchestrator INFO     Scheduling arrival of Arrival: 0c789bbc-f6d2-41ed-9ed0-516ccb4db49b
10-23-2021 13:12:06 Orchestrator INFO     Deploying on cluster: 0c789bbc-f6d2-41ed-9ed0-516ccb4db49b
10-23-2021 13:12:15 ResourceWatchDog INFO     Fetching job finish times...
10-23-2021 13:12:15 ClusterManager INFO     Still alive...
10-23-2021 13:12:15 ResourceWatchDog INFO     Fetching resource information of cluster...
10-23-2021 13:12:15 ResourceWatchDog INFO     {'ubuntu94025': Resource(node_name='ubuntu94025', cpu_allocatable=<Quantity(24, 'dimensionless')>, memory_allocatable=<Quantity(65626416, 'Ki')>, cpu_requested=<Quantity(2.72, 'dimensionless')>, memory_requested=<Quantity(3570766848, 'dimensionless')>, cpu_limit=<Quantity(22.4, 'dimensionless')>, memory_limit=<Quantity(15637779456, 'dimensionless')>, vram_free=[5541.4375, 24264.6875], vram_total=[11178.5, 24268.3125])}
10-23-2021 13:12:25 ClusterManager INFO     Still alive...
10-23-2021 13:12:25 ResourceWatchDog INFO     Fetching job finish times...
10-23-2021 13:12:26 ResourceWatchDog INFO     Fetching resource information of cluster...
10-23-2021 13:12:26 ResourceWatchDog INFO     {'ubuntu94025': Resource(node_name='ubuntu94025', cpu_allocatable=<Quantity(24, 'dimensionless')>, memory_allocatable=<Quantity(65626416, 'Ki')>, cpu_requested=<Quantity(2.72, 'dimensionless')>, memory_requested=<Quantity(3570766848, 'dimensionless')>, cpu_limit=<Quantity(22.4, 'dimensionless')>, memory_limit=<Quantity(15637779456, 'dimensionless')>, vram_free=[5332.4375, 24264.6875], vram_total=[11178.5, 24268.3125])}
10-23-2021 13:12:26 StyleGANExperimentGenerator INFO     Creating task for StyleGANInferenceJob
15
10-23-2021 13:12:31 Orchestrator INFO     Scheduling arrival of Arrival: cc980f3e-805f-4568-a303-9732410ddb39
10-23-2021 13:12:31 Orchestrator INFO     Deploying on cluster: cc980f3e-805f-4568-a303-9732410ddb39
10-23-2021 13:12:35 ClusterManager INFO     Still alive...
10-23-2021 13:12:36 ResourceWatchDog INFO     Fetching job finish times...
10-23-2021 13:12:36 ResourceWatchDog INFO     Fetching resource information of cluster...
10-23-2021 13:12:36 ResourceWatchDog INFO     {'ubuntu94025': Resource(node_name='ubuntu94025', cpu_allocatable=<Quantity(24, 'dimensionless')>, memory_allocatable=<Quantity(65626416, 'Ki')>, cpu_requested=<Quantity(2.72, 'dimensionless')>, memory_requested=<Quantity(3570766848, 'dimensionless')>, cpu_limit=<Quantity(22.4, 'dimensionless')>, memory_limit=<Quantity(15637779456, 'dimensionless')>, vram_free=[290.4375, 22352.6875], vram_total=[11178.5, 24268.3125])}
10-23-2021 13:12:40 StyleGANExperimentGenerator INFO     Creating task for StyleGANInferenceJob
15
10-23-2021 13:12:41 Orchestrator INFO     Scheduling arrival of Arrival: 32eeea3f-eab0-44a5-a5ab-6219a1a6d3ac
10-23-2021 13:12:41 Orchestrator INFO     Deploying on cluster: 32eeea3f-eab0-44a5-a5ab-6219a1a6d3ac
10-23-2021 13:12:45 StyleGANExperimentGenerator INFO     Stopped execution at: 1634994765.4459121, duration: 600.3007552623749/600
10-23-2021 13:12:45 ClusterManager INFO     Still alive...
10-23-2021 13:12:46 Orchestrator INFO     Received stop signal for the Orchestrator. Waiting 2 minutes for jobs to finish
10-23-2021 13:12:46 ResourceWatchDog INFO     Fetching job finish times...
10-23-2021 13:12:46 ResourceWatchDog INFO     Fetching resource information of cluster...
10-23-2021 13:12:47 ResourceWatchDog INFO     {'ubuntu94025': Resource(node_name='ubuntu94025', cpu_allocatable=<Quantity(24, 'dimensionless')>, memory_allocatable=<Quantity(65626416, 'Ki')>, cpu_requested=<Quantity(2.72, 'dimensionless')>, memory_requested=<Quantity(3570766848, 'dimensionless')>, cpu_limit=<Quantity(22.4, 'dimensionless')>, memory_limit=<Quantity(15637779456, 'dimensionless')>, vram_free=[11174.4375, 24264.6875], vram_total=[11178.5, 24268.3125])}
10-23-2021 13:12:53 ResourceWatchDog INFO     Fetching resource information of cluster...
10-23-2021 13:12:53 ResourceWatchDog INFO     {'ubuntu94025': Resource(node_name='ubuntu94025', cpu_allocatable=<Quantity(24, 'dimensionless')>, memory_allocatable=<Quantity(65626416, 'Ki')>, cpu_requested=<Quantity(2.72, 'dimensionless')>, memory_requested=<Quantity(3570766848, 'dimensionless')>, cpu_limit=<Quantity(22.4, 'dimensionless')>, memory_limit=<Quantity(15637779456, 'dimensionless')>, vram_free=[11174.4375, 18989.6875], vram_total=[11178.5, 24268.3125])}
10-23-2021 13:12:55 ClusterManager INFO     Still alive...
10-23-2021 13:12:57 ResourceWatchDog INFO     Fetching job finish times...
10-23-2021 13:12:57 ResourceWatchDog INFO     Fetching resource information of cluster...
10-23-2021 13:12:57 ResourceWatchDog INFO     {'ubuntu94025': Resource(node_name='ubuntu94025', cpu_allocatable=<Quantity(24, 'dimensionless')>, memory_allocatable=<Quantity(65626416, 'Ki')>, cpu_requested=<Quantity(2.72, 'dimensionless')>, memory_requested=<Quantity(3570766848, 'dimensionless')>, cpu_limit=<Quantity(22.4, 'dimensionless')>, memory_limit=<Quantity(15637779456, 'dimensionless')>, vram_free=[11174.4375, 24264.6875], vram_total=[11178.5, 24268.3125])}
10-23-2021 13:13:05 ClusterManager INFO     Still alive...
10-23-2021 13:13:07 ResourceWatchDog INFO     Fetching job finish times...
10-23-2021 13:13:07 ResourceWatchDog INFO     Fetching resource information of cluster...
10-23-2021 13:13:08 ResourceWatchDog INFO     {'ubuntu94025': Resource(node_name='ubuntu94025', cpu_allocatable=<Quantity(24, 'dimensionless')>, memory_allocatable=<Quantity(65626416, 'Ki')>, cpu_requested=<Quantity(2.72, 'dimensionless')>, memory_requested=<Quantity(3570766848, 'dimensionless')>, cpu_limit=<Quantity(22.4, 'dimensionless')>, memory_limit=<Quantity(15637779456, 'dimensionless')>, vram_free=[11174.4375, 24264.6875], vram_total=[11178.5, 24268.3125])}
10-23-2021 13:13:15 ClusterManager INFO     Still alive...
10-23-2021 13:13:18 ResourceWatchDog INFO     Fetching job finish times...
10-23-2021 13:13:18 ResourceWatchDog INFO     Fetching resource information of cluster...
10-23-2021 13:13:18 ResourceWatchDog INFO     {'ubuntu94025': Resource(node_name='ubuntu94025', cpu_allocatable=<Quantity(24, 'dimensionless')>, memory_allocatable=<Quantity(65626416, 'Ki')>, cpu_requested=<Quantity(2.72, 'dimensionless')>, memory_requested=<Quantity(3570766848, 'dimensionless')>, cpu_limit=<Quantity(22.4, 'dimensionless')>, memory_limit=<Quantity(15637779456, 'dimensionless')>, vram_free=[11174.4375, 24264.6875], vram_total=[11178.5, 24268.3125])}
10-23-2021 13:13:25 ClusterManager INFO     Still alive...
10-23-2021 13:13:28 ResourceWatchDog INFO     Fetching job finish times...
10-23-2021 13:13:28 ResourceWatchDog INFO     Fetching resource information of cluster...
10-23-2021 13:13:28 ResourceWatchDog INFO     {'ubuntu94025': Resource(node_name='ubuntu94025', cpu_allocatable=<Quantity(24, 'dimensionless')>, memory_allocatable=<Quantity(65626416, 'Ki')>, cpu_requested=<Quantity(2.72, 'dimensionless')>, memory_requested=<Quantity(3570766848, 'dimensionless')>, cpu_limit=<Quantity(22.4, 'dimensionless')>, memory_limit=<Quantity(15637779456, 'dimensionless')>, vram_free=[11174.4375, 24264.6875], vram_total=[11178.5, 24268.3125])}
10-23-2021 13:13:35 ClusterManager INFO     Still alive...
10-23-2021 13:13:38 ResourceWatchDog INFO     Fetching job finish times...
10-23-2021 13:13:39 ResourceWatchDog INFO     Fetching resource information of cluster...
10-23-2021 13:13:39 ResourceWatchDog INFO     {'ubuntu94025': Resource(node_name='ubuntu94025', cpu_allocatable=<Quantity(24, 'dimensionless')>, memory_allocatable=<Quantity(65626416, 'Ki')>, cpu_requested=<Quantity(2.72, 'dimensionless')>, memory_requested=<Quantity(3570766848, 'dimensionless')>, cpu_limit=<Quantity(22.4, 'dimensionless')>, memory_limit=<Quantity(15637779456, 'dimensionless')>, vram_free=[11174.4375, 24264.6875], vram_total=[11178.5, 24268.3125])}
10-23-2021 13:13:45 ClusterManager INFO     Still alive...
10-23-2021 13:13:49 ResourceWatchDog INFO     Fetching job finish times...
10-23-2021 13:13:49 ResourceWatchDog INFO     Fetching resource information of cluster...
10-23-2021 13:13:49 ResourceWatchDog INFO     {'ubuntu94025': Resource(node_name='ubuntu94025', cpu_allocatable=<Quantity(24, 'dimensionless')>, memory_allocatable=<Quantity(65626416, 'Ki')>, cpu_requested=<Quantity(2.72, 'dimensionless')>, memory_requested=<Quantity(3570766848, 'dimensionless')>, cpu_limit=<Quantity(22.4, 'dimensionless')>, memory_limit=<Quantity(15637779456, 'dimensionless')>, vram_free=[11174.4375, 24264.6875], vram_total=[11178.5, 24268.3125])}
10-23-2021 13:13:53 ResourceWatchDog INFO     Fetching resource information of cluster...
10-23-2021 13:13:53 ResourceWatchDog INFO     {'ubuntu94025': Resource(node_name='ubuntu94025', cpu_allocatable=<Quantity(24, 'dimensionless')>, memory_allocatable=<Quantity(65626416, 'Ki')>, cpu_requested=<Quantity(2.72, 'dimensionless')>, memory_requested=<Quantity(3570766848, 'dimensionless')>, cpu_limit=<Quantity(22.4, 'dimensionless')>, memory_limit=<Quantity(15637779456, 'dimensionless')>, vram_free=[11174.4375, 24264.6875], vram_total=[11178.5, 24268.3125])}
10-23-2021 13:13:55 ClusterManager INFO     Still alive...
10-23-2021 13:13:59 ResourceWatchDog INFO     Fetching job finish times...
10-23-2021 13:14:00 ResourceWatchDog INFO     Fetching resource information of cluster...
10-23-2021 13:14:00 ResourceWatchDog INFO     {'ubuntu94025': Resource(node_name='ubuntu94025', cpu_allocatable=<Quantity(24, 'dimensionless')>, memory_allocatable=<Quantity(65626416, 'Ki')>, cpu_requested=<Quantity(2.72, 'dimensionless')>, memory_requested=<Quantity(3570766848, 'dimensionless')>, cpu_limit=<Quantity(22.4, 'dimensionless')>, memory_limit=<Quantity(15637779456, 'dimensionless')>, vram_free=[11174.4375, 24264.6875], vram_total=[11178.5, 24268.3125])}
10-23-2021 13:14:05 ClusterManager INFO     Still alive...
10-23-2021 13:14:10 ResourceWatchDog INFO     Fetching job finish times...
10-23-2021 13:14:10 ResourceWatchDog INFO     Fetching resource information of cluster...
10-23-2021 13:14:10 ResourceWatchDog INFO     {'ubuntu94025': Resource(node_name='ubuntu94025', cpu_allocatable=<Quantity(24, 'dimensionless')>, memory_allocatable=<Quantity(65626416, 'Ki')>, cpu_requested=<Quantity(2.72, 'dimensionless')>, memory_requested=<Quantity(3570766848, 'dimensionless')>, cpu_limit=<Quantity(22.4, 'dimensionless')>, memory_limit=<Quantity(15637779456, 'dimensionless')>, vram_free=[11174.4375, 24264.6875], vram_total=[11178.5, 24268.3125])}
10-23-2021 13:14:15 ClusterManager INFO     Still alive...
10-23-2021 13:14:20 ResourceWatchDog INFO     Fetching job finish times...
10-23-2021 13:14:20 ResourceWatchDog INFO     Fetching resource information of cluster...
10-23-2021 13:14:20 ResourceWatchDog INFO     {'ubuntu94025': Resource(node_name='ubuntu94025', cpu_allocatable=<Quantity(24, 'dimensionless')>, memory_allocatable=<Quantity(65626416, 'Ki')>, cpu_requested=<Quantity(2.72, 'dimensionless')>, memory_requested=<Quantity(3570766848, 'dimensionless')>, cpu_limit=<Quantity(22.4, 'dimensionless')>, memory_limit=<Quantity(15637779456, 'dimensionless')>, vram_free=[11174.4375, 24264.6875], vram_total=[11178.5, 24268.3125])}
10-23-2021 13:14:25 ClusterManager INFO     Still alive...
10-23-2021 13:14:30 ResourceWatchDog INFO     Fetching job finish times...
10-23-2021 13:14:31 ResourceWatchDog INFO     Fetching resource information of cluster...
10-23-2021 13:14:31 ResourceWatchDog INFO     {'ubuntu94025': Resource(node_name='ubuntu94025', cpu_allocatable=<Quantity(24, 'dimensionless')>, memory_allocatable=<Quantity(65626416, 'Ki')>, cpu_requested=<Quantity(2.72, 'dimensionless')>, memory_requested=<Quantity(3570766848, 'dimensionless')>, cpu_limit=<Quantity(22.4, 'dimensionless')>, memory_limit=<Quantity(15637779456, 'dimensionless')>, vram_free=[11174.4375, 24264.6875], vram_total=[11178.5, 24268.3125])}
10-23-2021 13:14:35 ClusterManager INFO     Still alive...
10-23-2021 13:14:41 ResourceWatchDog INFO     Fetching job finish times...
10-23-2021 13:14:41 ResourceWatchDog INFO     Fetching resource information of cluster...
10-23-2021 13:14:41 ResourceWatchDog INFO     {'ubuntu94025': Resource(node_name='ubuntu94025', cpu_allocatable=<Quantity(24, 'dimensionless')>, memory_allocatable=<Quantity(65626416, 'Ki')>, cpu_requested=<Quantity(2.72, 'dimensionless')>, memory_requested=<Quantity(3570766848, 'dimensionless')>, cpu_limit=<Quantity(22.4, 'dimensionless')>, memory_limit=<Quantity(15637779456, 'dimensionless')>, vram_free=[11174.4375, 24264.6875], vram_total=[11178.5, 24268.3125])}
10-23-2021 13:14:45 ClusterManager INFO     Still alive...




task_info {UUID('844fac06-464e-45f9-85dc-c6f1a5d81c69'): ('mobile', 1024, 'random', 200, 'cuda:0', 8, 1), UUID('f60c1115-99a3-4fe3-b053-7035e57504fc'): ('swa', 512, 'random', 800, 'cuda:1', 8, 1), UUID('dd630d10-afc6-4d91-9876-ac3653040b1d'): ('mobile', 1024, 'random', 400, 'cuda:0', 8, 1), UUID('aafbdae9-79ac-4144-90f4-62793db49606'): ('anycost', 512, 'interpolation', 800, 'cuda:1', 8, 1), UUID('fa03ebe8-8359-41fc-b05b-495936087eea'): ('swa', 256, 'interpolation', 100, 'cuda:0', 8, 1), UUID('0bf7c9f4-b971-4cff-ad69-5c39059e14df'): ('style1', 512, 'interpolation', 400, 'cuda:1', 8, 1), UUID('d9eaf83b-9b94-487c-b31e-5e17738e3c2f'): ('style2', 256, 'interpolation', 200, 'cuda:1', 8, 1), UUID('efdf1aae-e517-47aa-9b1d-2f2c6ca84b11'): ('anycost', 512, 'interpolation', 200, 'cuda:0', 8, 1), UUID('c488f833-7cf6-4b07-b6ad-aa9150834635'): ('style2', 256, 'interpolation', 100, 'cuda:1', 8, 1), UUID('e2457267-6f9b-40c1-b2c0-03eed0bf86c1'): ('anycost', 1024, 'random', 400, 'cuda:0', 8, 1), UUID('820a1dc4-8883-48e6-8c40-5f4e5f38a21f'): ('anycost', 256, 'interpolation', 200, 'cuda:0', 8, 1), UUID('4f75b015-85ad-4c89-82d5-d3fb1df4fba9'): ('style2ada', 256, 'random', 200, 'cuda:0', 8, 1), UUID('ec695f50-60ca-4ab4-8dc4-cea910d27bde'): ('style1', 1024, 'interpolation', 100, 'cuda:0', 8, 1), UUID('aa192397-8d0c-4734-b531-867f37ebef64'): ('mobile', 1024, 'interpolation', 100, 'cuda:0', 8, 1), UUID('ffc7303d-9dc7-44d4-ae31-5005a6c6c903'): ('swa', 512, 'interpolation', 800, 'cuda:1', 8, 1), UUID('544f87e9-747c-4288-ad21-54199abea7e4'): ('style2ada', 512, 'random', 200, 'cuda:0', 8, 1), UUID('d4c18d57-1142-4834-bc7a-3571406475dd'): ('swa', 512, 'interpolation', 800, 'cuda:0', 8, 1), UUID('1a91ce08-0bf8-4370-892d-ef08ca9e3204'): ('style1', 256, 'random', 200, 'cuda:0', 8, 1), UUID('27854bce-a095-46e5-aa06-f2504f383853'): ('style2ada', 512, 'random', 400, 'cuda:0', 8, 1), UUID('0e76477c-2ade-4668-80b1-6dd0f7f6b000'): ('mobile', 1024, 'interpolation', 100, 'cuda:1', 8, 1), UUID('5c0def40-10ff-45ef-b62c-7a5774687ad7'): ('mobile', 1024, 'interpolation', 200, 'cuda:0', 8, 1), UUID('d816229b-4ef2-4e32-928d-3a012062484c'): ('stylemap', 1024, 'interpolation', 800, 'cuda:1', 8, 1), UUID('15e76496-979e-4ae9-a498-cea1e4088d92'): ('swa', 512, 'interpolation', 100, 'cuda:0', 8, 1), UUID('851cff11-3d42-4904-b70a-ca366d6282ec'): ('stylemap', 256, 'interpolation', 400, 'cuda:1', 8, 1), UUID('80d9ff49-0579-4ab6-bf52-11385425b4b4'): ('style1', 512, 'random', 800, 'cuda:0', 8, 1), UUID('b83c801a-6658-4632-bcbd-4d7a0a8d7af2'): ('mobile', 512, 'random', 800, 'cuda:0', 8, 1), UUID('e48bacaf-2dfa-4f4a-90e4-a06c84df513e'): ('style2', 256, 'interpolation', 200, 'cuda:0', 8, 1), UUID('98a9f7ed-73ba-4dce-9ed7-7a73b39d03b7'): ('anycost', 512, 'random', 800, 'cuda:0', 8, 1), UUID('2947dcd9-508c-4ab6-84b4-b59459de34f7'): ('mobile', 256, 'interpolation', 800, 'cuda:0', 8, 1), UUID('fb7de993-ad34-4ca5-8f69-a88e499a578e'): ('anycost', 512, 'interpolation', 100, 'cuda:0', 8, 1), UUID('97f7b61a-f005-4078-97ec-939c2c2589c6'): ('style1', 256, 'random', 800, 'cuda:0', 8, 1), UUID('78841c38-c133-444e-bb7b-66ee07278e89'): ('mobile', 1024, 'interpolation', 200, 'cuda:0', 8, 1), UUID('74ee5041-6ee2-4f72-ad36-a415f25c980a'): ('style2ada', 256, 'interpolation', 400, 'cuda:1', 8, 1), UUID('e39261e8-f9d8-4a8d-8fbe-72d4fe7af18d'): ('style2ada', 256, 'random', 800, 'cuda:1', 8, 1), UUID('4c489f17-0a8e-44aa-b3cd-47ff0d9f2674'): ('style2', 256, 'random', 200, 'cuda:1', 8, 1), UUID('86e12111-3690-4799-9cf9-fc9727c31939'): ('style2ada', 256, 'random', 800, 'cuda:0', 8, 1), UUID('4b0df7cd-849b-4a89-9dcc-c16d50c0e3dd'): ('anycost', 256, 'random', 400, 'cuda:1', 8, 1), UUID('ad0f82b9-0d1d-46ba-800d-bbf8632ad827'): ('style2', 256, 'random', 100, 'cuda:0', 8, 1), UUID('0c789bbc-f6d2-41ed-9ed0-516ccb4db49b'): ('style2', 512, 'random', 400, 'cuda:1', 8, 1), UUID('cc980f3e-805f-4568-a303-9732410ddb39'): ('style2ada', 1024, 'interpolation', 200, 'cuda:0', 8, 1), UUID('32eeea3f-eab0-44a5-a5ab-6219a1a6d3ac'): ('style1', 1024, 'random', 200, 'cuda:0', 8, 1)}
arrival_times {UUID('844fac06-464e-45f9-85dc-c6f1a5d81c69'): datetime.datetime(2021, 10, 23, 13, 3, 5, 175453), UUID('f60c1115-99a3-4fe3-b053-7035e57504fc'): datetime.datetime(2021, 10, 23, 13, 3, 15, 190783), UUID('dd630d10-afc6-4d91-9876-ac3653040b1d'): datetime.datetime(2021, 10, 23, 13, 3, 30, 227316), UUID('aafbdae9-79ac-4144-90f4-62793db49606'): datetime.datetime(2021, 10, 23, 13, 3, 50, 250934), UUID('fa03ebe8-8359-41fc-b05b-495936087eea'): datetime.datetime(2021, 10, 23, 13, 4, 0, 266842), UUID('0bf7c9f4-b971-4cff-ad69-5c39059e14df'): datetime.datetime(2021, 10, 23, 13, 4, 15, 289017), UUID('d9eaf83b-9b94-487c-b31e-5e17738e3c2f'): datetime.datetime(2021, 10, 23, 13, 4, 25, 304630), UUID('efdf1aae-e517-47aa-9b1d-2f2c6ca84b11'): datetime.datetime(2021, 10, 23, 13, 4, 45, 331936), UUID('c488f833-7cf6-4b07-b6ad-aa9150834635'): datetime.datetime(2021, 10, 23, 13, 4, 55, 350074), UUID('e2457267-6f9b-40c1-b2c0-03eed0bf86c1'): datetime.datetime(2021, 10, 23, 13, 5, 10, 382261), UUID('820a1dc4-8883-48e6-8c40-5f4e5f38a21f'): datetime.datetime(2021, 10, 23, 13, 5, 20, 400196), UUID('4f75b015-85ad-4c89-82d5-d3fb1df4fba9'): datetime.datetime(2021, 10, 23, 13, 5, 35, 430857), UUID('ec695f50-60ca-4ab4-8dc4-cea910d27bde'): datetime.datetime(2021, 10, 23, 13, 5, 50, 454880), UUID('aa192397-8d0c-4734-b531-867f37ebef64'): datetime.datetime(2021, 10, 23, 13, 6, 5, 475977), UUID('ffc7303d-9dc7-44d4-ae31-5005a6c6c903'): datetime.datetime(2021, 10, 23, 13, 6, 20, 499248), UUID('544f87e9-747c-4288-ad21-54199abea7e4'): datetime.datetime(2021, 10, 23, 13, 6, 30, 515308), UUID('d4c18d57-1142-4834-bc7a-3571406475dd'): datetime.datetime(2021, 10, 23, 13, 6, 45, 534854), UUID('1a91ce08-0bf8-4370-892d-ef08ca9e3204'): datetime.datetime(2021, 10, 23, 13, 6, 55, 555410), UUID('27854bce-a095-46e5-aa06-f2504f383853'): datetime.datetime(2021, 10, 23, 13, 7, 10, 574827), UUID('0e76477c-2ade-4668-80b1-6dd0f7f6b000'): datetime.datetime(2021, 10, 23, 13, 7, 20, 590809), UUID('5c0def40-10ff-45ef-b62c-7a5774687ad7'): datetime.datetime(2021, 10, 23, 13, 7, 25, 602855), UUID('d816229b-4ef2-4e32-928d-3a012062484c'): datetime.datetime(2021, 10, 23, 13, 7, 40, 626852), UUID('15e76496-979e-4ae9-a498-cea1e4088d92'): datetime.datetime(2021, 10, 23, 13, 8, 0, 654820), UUID('851cff11-3d42-4904-b70a-ca366d6282ec'): datetime.datetime(2021, 10, 23, 13, 8, 10, 670830), UUID('80d9ff49-0579-4ab6-bf52-11385425b4b4'): datetime.datetime(2021, 10, 23, 13, 8, 20, 687952), UUID('b83c801a-6658-4632-bcbd-4d7a0a8d7af2'): datetime.datetime(2021, 10, 23, 13, 8, 40, 715503), UUID('e48bacaf-2dfa-4f4a-90e4-a06c84df513e'): datetime.datetime(2021, 10, 23, 13, 8, 55, 736066), UUID('98a9f7ed-73ba-4dce-9ed7-7a73b39d03b7'): datetime.datetime(2021, 10, 23, 13, 9, 15, 761754), UUID('2947dcd9-508c-4ab6-84b4-b59459de34f7'): datetime.datetime(2021, 10, 23, 13, 9, 30, 783930), UUID('fb7de993-ad34-4ca5-8f69-a88e499a578e'): datetime.datetime(2021, 10, 23, 13, 9, 50, 807930), UUID('97f7b61a-f005-4078-97ec-939c2c2589c6'): datetime.datetime(2021, 10, 23, 13, 10, 0, 827159), UUID('78841c38-c133-444e-bb7b-66ee07278e89'): datetime.datetime(2021, 10, 23, 13, 10, 15, 850837), UUID('74ee5041-6ee2-4f72-ad36-a415f25c980a'): datetime.datetime(2021, 10, 23, 13, 10, 30, 875557), UUID('e39261e8-f9d8-4a8d-8fbe-72d4fe7af18d'): datetime.datetime(2021, 10, 23, 13, 10, 55, 898833), UUID('4c489f17-0a8e-44aa-b3cd-47ff0d9f2674'): datetime.datetime(2021, 10, 23, 13, 11, 5, 914798), UUID('86e12111-3690-4799-9cf9-fc9727c31939'): datetime.datetime(2021, 10, 23, 13, 11, 20, 940200), UUID('4b0df7cd-849b-4a89-9dcc-c16d50c0e3dd'): datetime.datetime(2021, 10, 23, 13, 11, 40, 968024), UUID('ad0f82b9-0d1d-46ba-800d-bbf8632ad827'): datetime.datetime(2021, 10, 23, 13, 11, 55, 990863), UUID('0c789bbc-f6d2-41ed-9ed0-516ccb4db49b'): datetime.datetime(2021, 10, 23, 13, 12, 6, 6845), UUID('cc980f3e-805f-4568-a303-9732410ddb39'): datetime.datetime(2021, 10, 23, 13, 12, 31, 38728), UUID('32eeea3f-eab0-44a5-a5ab-6219a1a6d3ac'): datetime.datetime(2021, 10, 23, 13, 12, 41, 55985)}




id,network,job_type,image_size,num_imgs,device,batch_size,data_parallelism,response_time
844fac06,mobile,random,1024,200,cuda:0,8,1,11824
f60c1115,swa,random,512,800,cuda:1,8,1,30809
dd630d10,mobile,random,1024,400,cuda:0,8,1,13772
aafbdae9,anycost,interpolation,512,800,cuda:1,8,1,46749
fa03ebe8,swa,interpolation,256,100,cuda:0,8,1,11733
0bf7c9f4,style1,interpolation,512,400,cuda:1,8,1,17710
d9eaf83b,style2,interpolation,256,200,cuda:1,8,1,17695
efdf1aae,anycost,interpolation,512,200,cuda:0,8,1,13668
c488f833,style2,interpolation,256,100,cuda:1,8,1,17649
e2457267,anycost,random,1024,400,cuda:0,8,1,25617
820a1dc4,anycost,interpolation,256,200,cuda:0,8,1,12599
4f75b015,style2ada,random,256,200,cuda:0,8,1,9569
ec695f50,style1,interpolation,1024,100,cuda:0,8,1,9545
aa192397,mobile,interpolation,1024,100,cuda:0,8,1,9524
ffc7303d,swa,interpolation,512,800,cuda:1,8,1,31500
544f87e9,style2ada,random,512,200,cuda:0,8,1,10484
d4c18d57,swa,interpolation,512,800,cuda:0,8,1,19465
1a91ce08,style1,random,256,200,cuda:0,8,1,7444
27854bce,style2ada,random,512,400,cuda:0,8,1,13425
0e76477c,mobile,interpolation,1024,100,cuda:1,8,1,15409
5c0def40,mobile,interpolation,1024,200,cuda:0,8,1,11397
d816229b,stylemap,interpolation,1024,800,cuda:1,8,1,-1
15e76496,swa,interpolation,512,100,cuda:0,8,1,14345
851cff11,stylemap,interpolation,256,400,cuda:1,8,1,50329
80d9ff49,style1,random,512,800,cuda:0,8,1,10312
b83c801a,mobile,random,512,800,cuda:0,8,1,11284
e48bacaf,style2,interpolation,256,200,cuda:0,8,1,11263
98a9f7ed,anycost,random,512,800,cuda:0,8,1,25238
2947dcd9,mobile,interpolation,256,800,cuda:0,8,1,10216
fb7de993,anycost,interpolation,512,100,cuda:0,8,1,15192
97f7b61a,style1,random,256,800,cuda:0,8,1,8172
78841c38,mobile,interpolation,1024,200,cuda:0,8,1,10149
74ee5041,style2ada,interpolation,256,400,cuda:1,8,1,23124
e39261e8,style2ada,random,256,800,cuda:1,8,1,33101
4c489f17,style2,random,256,200,cuda:1,8,1,23085
86e12111,style2ada,random,256,800,cuda:0,8,1,14059
4b0df7cd,anycost,random,256,400,cuda:1,8,1,29031
ad0f82b9,style2,random,256,100,cuda:0,8,1,14009
0c789bbc,style2,random,512,400,cuda:1,8,1,36993
cc980f3e,style2ada,interpolation,1024,200,cuda:0,8,1,13961
32eeea3f,style1,random,1024,200,cuda:0,8,1,12944




10-23-2021 13:14:46 ClusterManager INFO     Stopping execution of ClusterManager, halting components...
10-23-2021 13:14:46 ResourceWatchDog INFO     [WatchDog] Received request to stop execution
