/usr/local/lib/python3.8/dist-packages/dataclasses_json/core.py:171: RuntimeWarning: `NoneType` object value of non-optional type config_path detected when decoding BareConfig.
  warnings.warn(f"`NoneType` object {warning}.", RuntimeWarning)
10-23-2021 14:32:37 root         INFO     Starting in cluster mode.
10-23-2021 14:32:37 root         INFO     Starting as Orchestrator
10-23-2021 14:32:37 root         INFO     Starting Orchestrator, initializing resources....
10-23-2021 14:32:37 root         INFO     Loading in cluster configuration file
10-23-2021 14:32:37 root         INFO     Pointing configuration to in cluster configuration.
10-23-2021 14:32:37 root         INFO     Starting cluster manager
10-23-2021 14:32:37 ClusterManager INFO     Spinning up cluster manager...
10-23-2021 14:32:37 ResourceWatchDog INFO     Starting resource watchdog
10-23-2021 14:32:37 root         INFO     Starting arrival generator
10-23-2021 14:32:37 ClusterManager INFO     Still alive...
10-23-2021 14:32:37 ResourceWatchDog INFO     Fetching node information of cluster...
10-23-2021 14:32:37 root         INFO     Starting orchestrator
10-23-2021 14:32:37 StyleGANExperimentGenerator INFO     Starting execution of arrival generator...
10-23-2021 14:32:37 StyleGANExperimentGenerator INFO     Populating tick lists with initial arrivals
10-23-2021 14:32:37 StyleGANExperimentGenerator INFO     Creating task for StyleGANInferenceJob
10-23-2021 14:32:37 Orchestrator INFO     Clearing old jobs in current namespace: default
10
10-23-2021 14:32:37 ResourceWatchDog INFO     Starting with watching resources
10-23-2021 14:32:47 ClusterManager INFO     Still alive...
10-23-2021 14:32:47 ResourceWatchDog INFO     Fetching job finish times...
10-23-2021 14:32:48 ResourceWatchDog INFO     Fetching resource information of cluster...
10-23-2021 14:32:48 ResourceWatchDog INFO     {'ubuntu94025': Resource(node_name='ubuntu94025', cpu_allocatable=<Quantity(24, 'dimensionless')>, memory_allocatable=<Quantity(65626416, 'Ki')>, cpu_requested=<Quantity(2.72, 'dimensionless')>, memory_requested=<Quantity(3570766848, 'dimensionless')>, cpu_limit=<Quantity(22.4, 'dimensionless')>, memory_limit=<Quantity(15637779456, 'dimensionless')>, vram_free=[11174.4375, 24264.6875], vram_total=[11178.5, 24268.3125])}
10
10-23-2021 14:32:48 StyleGANExperimentGenerator INFO     Creating task for StyleGANInferenceJob
10-23-2021 14:32:52 Orchestrator INFO     Scheduling arrival of Arrival: e2d596c4-7604-4cb8-97e5-a87166d2b97a
10-23-2021 14:32:52 Orchestrator INFO     Deploying on cluster: e2d596c4-7604-4cb8-97e5-a87166d2b97a
10
10-23-2021 14:32:54 StyleGANExperimentGenerator INFO     Creating task for StyleGANInferenceJob
10-23-2021 14:32:57 ClusterManager INFO     Still alive...
10-23-2021 14:32:57 Orchestrator INFO     Scheduling arrival of Arrival: 5c87ffdb-6d79-427a-8350-6fd45b17e194
10-23-2021 14:32:57 Orchestrator INFO     Deploying on cluster: 5c87ffdb-6d79-427a-8350-6fd45b17e194
10-23-2021 14:32:58 ResourceWatchDog INFO     Fetching job finish times...
10-23-2021 14:32:58 ResourceWatchDog INFO     Fetching resource information of cluster...
10-23-2021 14:32:58 ResourceWatchDog INFO     {'ubuntu94025': Resource(node_name='ubuntu94025', cpu_allocatable=<Quantity(24, 'dimensionless')>, memory_allocatable=<Quantity(65626416, 'Ki')>, cpu_requested=<Quantity(2.72, 'dimensionless')>, memory_requested=<Quantity(3570766848, 'dimensionless')>, cpu_limit=<Quantity(22.4, 'dimensionless')>, memory_limit=<Quantity(15637779456, 'dimensionless')>, vram_free=[10447.4375, 24264.6875], vram_total=[11178.5, 24268.3125])}
10-23-2021 14:33:05 StyleGANExperimentGenerator INFO     Creating task for StyleGANInferenceJob
10
10-23-2021 14:33:07 ClusterManager INFO     Still alive...
10-23-2021 14:33:08 Orchestrator INFO     Scheduling arrival of Arrival: 0b3fd205-7bc5-4834-aeee-55f46ac691a0
10-23-2021 14:33:08 Orchestrator INFO     Deploying on cluster: 0b3fd205-7bc5-4834-aeee-55f46ac691a0
10-23-2021 14:33:08 ResourceWatchDog INFO     Fetching job finish times...
10-23-2021 14:33:08 ResourceWatchDog INFO     Fetching resource information of cluster...
10-23-2021 14:33:08 ResourceWatchDog INFO     {'ubuntu94025': Resource(node_name='ubuntu94025', cpu_allocatable=<Quantity(24, 'dimensionless')>, memory_allocatable=<Quantity(65626416, 'Ki')>, cpu_requested=<Quantity(2.72, 'dimensionless')>, memory_requested=<Quantity(3570766848, 'dimensionless')>, cpu_limit=<Quantity(22.4, 'dimensionless')>, memory_limit=<Quantity(15637779456, 'dimensionless')>, vram_free=[2530.4375, 24264.6875], vram_total=[11178.5, 24268.3125])}
10-23-2021 14:33:17 ClusterManager INFO     Still alive...
10-23-2021 14:33:18 ResourceWatchDog INFO     Fetching job finish times...
10-23-2021 14:33:19 ResourceWatchDog INFO     Fetching resource information of cluster...
10-23-2021 14:33:19 ResourceWatchDog INFO     {'ubuntu94025': Resource(node_name='ubuntu94025', cpu_allocatable=<Quantity(24, 'dimensionless')>, memory_allocatable=<Quantity(65626416, 'Ki')>, cpu_requested=<Quantity(2.72, 'dimensionless')>, memory_requested=<Quantity(3570766848, 'dimensionless')>, cpu_limit=<Quantity(22.4, 'dimensionless')>, memory_limit=<Quantity(15637779456, 'dimensionless')>, vram_free=[1284.4375, 24264.6875], vram_total=[11178.5, 24268.3125])}
10-23-2021 14:33:20 StyleGANExperimentGenerator INFO     Creating task for StyleGANInferenceJob
10
10-23-2021 14:33:23 Orchestrator INFO     Scheduling arrival of Arrival: 07d9749d-d128-4b59-b740-b96869d667ea
10-23-2021 14:33:23 Orchestrator INFO     Deploying on cluster: 07d9749d-d128-4b59-b740-b96869d667ea
10-23-2021 14:33:27 StyleGANExperimentGenerator INFO     Creating task for StyleGANInferenceJob
10
10-23-2021 14:33:28 ClusterManager INFO     Still alive...
10-23-2021 14:33:28 Orchestrator INFO     Scheduling arrival of Arrival: d21c4ee5-3b1b-4fb8-9858-5af903d50bfb
10-23-2021 14:33:28 Orchestrator INFO     Deploying on cluster: d21c4ee5-3b1b-4fb8-9858-5af903d50bfb
10-23-2021 14:33:29 ResourceWatchDog INFO     Fetching job finish times...
10-23-2021 14:33:29 ResourceWatchDog INFO     Fetching resource information of cluster...
10-23-2021 14:33:29 ResourceWatchDog INFO     {'ubuntu94025': Resource(node_name='ubuntu94025', cpu_allocatable=<Quantity(24, 'dimensionless')>, memory_allocatable=<Quantity(65626416, 'Ki')>, cpu_requested=<Quantity(2.72, 'dimensionless')>, memory_requested=<Quantity(3570766848, 'dimensionless')>, cpu_limit=<Quantity(22.4, 'dimensionless')>, memory_limit=<Quantity(15637779456, 'dimensionless')>, vram_free=[256.4375, 22769.6875], vram_total=[11178.5, 24268.3125])}
10
10-23-2021 14:33:35 StyleGANExperimentGenerator INFO     Creating task for StyleGANInferenceJob
10-23-2021 14:33:38 ClusterManager INFO     Still alive...
10-23-2021 14:33:38 Orchestrator INFO     Scheduling arrival of Arrival: 17d4eb6a-8c02-4940-b95a-659a2a1b5bcc
10-23-2021 14:33:38 Orchestrator INFO     Deploying on cluster: 17d4eb6a-8c02-4940-b95a-659a2a1b5bcc
10-23-2021 14:33:38 ResourceWatchDog INFO     Fetching resource information of cluster...
10-23-2021 14:33:38 ResourceWatchDog INFO     {'ubuntu94025': Resource(node_name='ubuntu94025', cpu_allocatable=<Quantity(24, 'dimensionless')>, memory_allocatable=<Quantity(65626416, 'Ki')>, cpu_requested=<Quantity(2.72, 'dimensionless')>, memory_requested=<Quantity(3570766848, 'dimensionless')>, cpu_limit=<Quantity(22.4, 'dimensionless')>, memory_limit=<Quantity(15637779456, 'dimensionless')>, vram_free=[204.4375, 22623.6875], vram_total=[11178.5, 24268.3125])}
10-23-2021 14:33:39 ResourceWatchDog INFO     Fetching job finish times...
10-23-2021 14:33:39 ResourceWatchDog INFO     Fetching resource information of cluster...
10-23-2021 14:33:40 ResourceWatchDog INFO     {'ubuntu94025': Resource(node_name='ubuntu94025', cpu_allocatable=<Quantity(24, 'dimensionless')>, memory_allocatable=<Quantity(65626416, 'Ki')>, cpu_requested=<Quantity(2.72, 'dimensionless')>, memory_requested=<Quantity(3570766848, 'dimensionless')>, cpu_limit=<Quantity(22.4, 'dimensionless')>, memory_limit=<Quantity(15637779456, 'dimensionless')>, vram_free=[4639.4375, 24264.6875], vram_total=[11178.5, 24268.3125])}
10-23-2021 14:33:44 StyleGANExperimentGenerator INFO     Creating task for StyleGANInferenceJob
10
10-23-2021 14:33:48 ClusterManager INFO     Still alive...
10-23-2021 14:33:48 Orchestrator INFO     Scheduling arrival of Arrival: 6073344b-e6c4-4fe9-a1ef-49ff09f8b0cd
10-23-2021 14:33:48 Orchestrator INFO     Deploying on cluster: 6073344b-e6c4-4fe9-a1ef-49ff09f8b0cd
10-23-2021 14:33:50 ResourceWatchDog INFO     Fetching job finish times...
10-23-2021 14:33:50 ResourceWatchDog INFO     Fetching resource information of cluster...
10-23-2021 14:33:50 ResourceWatchDog INFO     {'ubuntu94025': Resource(node_name='ubuntu94025', cpu_allocatable=<Quantity(24, 'dimensionless')>, memory_allocatable=<Quantity(65626416, 'Ki')>, cpu_requested=<Quantity(2.72, 'dimensionless')>, memory_requested=<Quantity(3570766848, 'dimensionless')>, cpu_limit=<Quantity(22.4, 'dimensionless')>, memory_limit=<Quantity(15637779456, 'dimensionless')>, vram_free=[11174.4375, 3351.6875], vram_total=[11178.5, 24268.3125])}
10-23-2021 14:33:55 StyleGANExperimentGenerator INFO     Creating task for StyleGANInferenceJob
10
10-23-2021 14:33:58 ClusterManager INFO     Still alive...
10-23-2021 14:33:58 Orchestrator INFO     Scheduling arrival of Arrival: b2600611-58ed-4571-9ce5-5e7944e3a853
10-23-2021 14:33:58 Orchestrator INFO     Deploying on cluster: b2600611-58ed-4571-9ce5-5e7944e3a853
10-23-2021 14:34:00 ResourceWatchDog INFO     Fetching job finish times...
10-23-2021 14:34:00 ResourceWatchDog INFO     Fetching resource information of cluster...
10-23-2021 14:34:00 ResourceWatchDog INFO     {'ubuntu94025': Resource(node_name='ubuntu94025', cpu_allocatable=<Quantity(24, 'dimensionless')>, memory_allocatable=<Quantity(65626416, 'Ki')>, cpu_requested=<Quantity(2.72, 'dimensionless')>, memory_requested=<Quantity(3570766848, 'dimensionless')>, cpu_limit=<Quantity(22.4, 'dimensionless')>, memory_limit=<Quantity(15637779456, 'dimensionless')>, vram_free=[11174.4375, 24264.6875], vram_total=[11178.5, 24268.3125])}
10
10-23-2021 14:34:03 StyleGANExperimentGenerator INFO     Creating task for StyleGANInferenceJob
10-23-2021 14:34:03 Orchestrator INFO     Scheduling arrival of Arrival: 9a708948-f519-40fd-9a43-67cec454a0f3
10-23-2021 14:34:03 Orchestrator INFO     Deploying on cluster: 9a708948-f519-40fd-9a43-67cec454a0f3
10-23-2021 14:34:08 ClusterManager INFO     Still alive...
10-23-2021 14:34:10 ResourceWatchDog INFO     Fetching job finish times...
10-23-2021 14:34:11 ResourceWatchDog INFO     Fetching resource information of cluster...
10-23-2021 14:34:11 ResourceWatchDog INFO     {'ubuntu94025': Resource(node_name='ubuntu94025', cpu_allocatable=<Quantity(24, 'dimensionless')>, memory_allocatable=<Quantity(65626416, 'Ki')>, cpu_requested=<Quantity(2.72, 'dimensionless')>, memory_requested=<Quantity(3570766848, 'dimensionless')>, cpu_limit=<Quantity(22.4, 'dimensionless')>, memory_limit=<Quantity(15637779456, 'dimensionless')>, vram_free=[3377.4375, 4563.6875], vram_total=[11178.5, 24268.3125])}
10-23-2021 14:34:13 StyleGANExperimentGenerator INFO     Creating task for StyleGANInferenceJob
10
10-23-2021 14:34:13 Orchestrator INFO     Scheduling arrival of Arrival: 0ce8fb2f-70f2-4a29-97bb-aac77599c0d0
10-23-2021 14:34:13 Orchestrator INFO     Deploying on cluster: 0ce8fb2f-70f2-4a29-97bb-aac77599c0d0
10-23-2021 14:34:18 ClusterManager INFO     Still alive...
10-23-2021 14:34:20 StyleGANExperimentGenerator INFO     Creating task for StyleGANInferenceJob
10
10-23-2021 14:34:21 ResourceWatchDog INFO     Fetching job finish times...
10-23-2021 14:34:21 ResourceWatchDog INFO     Fetching resource information of cluster...
10-23-2021 14:34:21 ResourceWatchDog INFO     {'ubuntu94025': Resource(node_name='ubuntu94025', cpu_allocatable=<Quantity(24, 'dimensionless')>, memory_allocatable=<Quantity(65626416, 'Ki')>, cpu_requested=<Quantity(2.72, 'dimensionless')>, memory_requested=<Quantity(3570766848, 'dimensionless')>, cpu_limit=<Quantity(22.4, 'dimensionless')>, memory_limit=<Quantity(15637779456, 'dimensionless')>, vram_free=[3377.4375, 13537.6875], vram_total=[11178.5, 24268.3125])}
10-23-2021 14:34:23 Orchestrator INFO     Scheduling arrival of Arrival: 403054b2-b327-44ce-9025-0f25b47bfd90
10-23-2021 14:34:23 Orchestrator INFO     Deploying on cluster: 403054b2-b327-44ce-9025-0f25b47bfd90
10-23-2021 14:34:28 ClusterManager INFO     Still alive...
10-23-2021 14:34:31 StyleGANExperimentGenerator INFO     Creating task for StyleGANInferenceJob
10
10-23-2021 14:34:31 ResourceWatchDog INFO     Fetching job finish times...
10-23-2021 14:34:31 ResourceWatchDog INFO     Fetching resource information of cluster...
10-23-2021 14:34:31 ResourceWatchDog INFO     {'ubuntu94025': Resource(node_name='ubuntu94025', cpu_allocatable=<Quantity(24, 'dimensionless')>, memory_allocatable=<Quantity(65626416, 'Ki')>, cpu_requested=<Quantity(2.72, 'dimensionless')>, memory_requested=<Quantity(3570766848, 'dimensionless')>, cpu_limit=<Quantity(22.4, 'dimensionless')>, memory_limit=<Quantity(15637779456, 'dimensionless')>, vram_free=[11174.4375, 16317.6875], vram_total=[11178.5, 24268.3125])}
10-23-2021 14:34:33 Orchestrator INFO     Scheduling arrival of Arrival: d0f3bd02-4169-4fd0-9b88-7a0d39e365b2
10-23-2021 14:34:33 Orchestrator INFO     Deploying on cluster: d0f3bd02-4169-4fd0-9b88-7a0d39e365b2
10-23-2021 14:34:38 ClusterManager INFO     Still alive...
10-23-2021 14:34:38 ResourceWatchDog INFO     Fetching resource information of cluster...
10-23-2021 14:34:39 ResourceWatchDog INFO     {'ubuntu94025': Resource(node_name='ubuntu94025', cpu_allocatable=<Quantity(24, 'dimensionless')>, memory_allocatable=<Quantity(65626416, 'Ki')>, cpu_requested=<Quantity(2.72, 'dimensionless')>, memory_requested=<Quantity(3570766848, 'dimensionless')>, cpu_limit=<Quantity(22.4, 'dimensionless')>, memory_limit=<Quantity(15637779456, 'dimensionless')>, vram_free=[11174.4375, 15518.6875], vram_total=[11178.5, 24268.3125])}
10-23-2021 14:34:42 StyleGANExperimentGenerator INFO     Creating task for StyleGANInferenceJob
10
10-23-2021 14:34:42 ResourceWatchDog INFO     Fetching job finish times...
10-23-2021 14:34:42 ResourceWatchDog INFO     Fetching resource information of cluster...
10-23-2021 14:34:42 ResourceWatchDog INFO     {'ubuntu94025': Resource(node_name='ubuntu94025', cpu_allocatable=<Quantity(24, 'dimensionless')>, memory_allocatable=<Quantity(65626416, 'Ki')>, cpu_requested=<Quantity(2.72, 'dimensionless')>, memory_requested=<Quantity(3570766848, 'dimensionless')>, cpu_limit=<Quantity(22.4, 'dimensionless')>, memory_limit=<Quantity(15637779456, 'dimensionless')>, vram_free=[11174.4375, 13485.6875], vram_total=[11178.5, 24268.3125])}
10-23-2021 14:34:43 Orchestrator INFO     Scheduling arrival of Arrival: a2c828fa-a4fa-44cc-84d7-e304d10d92fc
10-23-2021 14:34:43 Orchestrator INFO     Deploying on cluster: a2c828fa-a4fa-44cc-84d7-e304d10d92fc
10-23-2021 14:34:48 ClusterManager INFO     Still alive...
10-23-2021 14:34:50 StyleGANExperimentGenerator INFO     Creating task for StyleGANInferenceJob
10
10-23-2021 14:34:52 ResourceWatchDog INFO     Fetching job finish times...
10-23-2021 14:34:52 ResourceWatchDog INFO     Fetching resource information of cluster...
10-23-2021 14:34:52 ResourceWatchDog INFO     {'ubuntu94025': Resource(node_name='ubuntu94025', cpu_allocatable=<Quantity(24, 'dimensionless')>, memory_allocatable=<Quantity(65626416, 'Ki')>, cpu_requested=<Quantity(2.72, 'dimensionless')>, memory_requested=<Quantity(3570766848, 'dimensionless')>, cpu_limit=<Quantity(22.4, 'dimensionless')>, memory_limit=<Quantity(15637779456, 'dimensionless')>, vram_free=[3413.4375, 24264.6875], vram_total=[11178.5, 24268.3125])}
10-23-2021 14:34:53 Orchestrator INFO     Scheduling arrival of Arrival: afd34eb5-72a5-4af6-9d6c-c490396e9afc
10-23-2021 14:34:53 Orchestrator INFO     Deploying on cluster: afd34eb5-72a5-4af6-9d6c-c490396e9afc
10-23-2021 14:34:58 ClusterManager INFO     Still alive...
10-23-2021 14:35:02 StyleGANExperimentGenerator INFO     Creating task for StyleGANInferenceJob
10
10-23-2021 14:35:02 ResourceWatchDog INFO     Fetching job finish times...
10-23-2021 14:35:02 ResourceWatchDog INFO     Fetching resource information of cluster...
10-23-2021 14:35:03 ResourceWatchDog INFO     {'ubuntu94025': Resource(node_name='ubuntu94025', cpu_allocatable=<Quantity(24, 'dimensionless')>, memory_allocatable=<Quantity(65626416, 'Ki')>, cpu_requested=<Quantity(2.72, 'dimensionless')>, memory_requested=<Quantity(3570766848, 'dimensionless')>, cpu_limit=<Quantity(22.4, 'dimensionless')>, memory_limit=<Quantity(15637779456, 'dimensionless')>, vram_free=[849.4375, 22623.6875], vram_total=[11178.5, 24268.3125])}
10-23-2021 14:35:03 Orchestrator INFO     Scheduling arrival of Arrival: 42803f95-e9bc-4522-b55e-0d9d24060db0
10-23-2021 14:35:03 Orchestrator INFO     Deploying on cluster: 42803f95-e9bc-4522-b55e-0d9d24060db0
10-23-2021 14:35:08 StyleGANExperimentGenerator INFO     Creating task for StyleGANInferenceJob
10
10-23-2021 14:35:08 ClusterManager INFO     Still alive...
10-23-2021 14:35:08 Orchestrator INFO     Scheduling arrival of Arrival: af6ea942-d342-4a75-81b9-85bc2f337fd7
10-23-2021 14:35:08 Orchestrator INFO     Deploying on cluster: af6ea942-d342-4a75-81b9-85bc2f337fd7
10-23-2021 14:35:13 ResourceWatchDog INFO     Fetching job finish times...
10-23-2021 14:35:13 ResourceWatchDog INFO     Fetching resource information of cluster...
10-23-2021 14:35:13 ResourceWatchDog INFO     {'ubuntu94025': Resource(node_name='ubuntu94025', cpu_allocatable=<Quantity(24, 'dimensionless')>, memory_allocatable=<Quantity(65626416, 'Ki')>, cpu_requested=<Quantity(2.72, 'dimensionless')>, memory_requested=<Quantity(3570766848, 'dimensionless')>, cpu_limit=<Quantity(22.4, 'dimensionless')>, memory_limit=<Quantity(15637779456, 'dimensionless')>, vram_free=[3086.4375, 3353.6875], vram_total=[11178.5, 24268.3125])}
10
10-23-2021 14:35:15 StyleGANExperimentGenerator INFO     Creating task for StyleGANInferenceJob
10-23-2021 14:35:18 ClusterManager INFO     Still alive...
10-23-2021 14:35:18 Orchestrator INFO     Scheduling arrival of Arrival: 58f56554-efbd-41ce-878b-7a9faaa0a0cd
10-23-2021 14:35:18 Orchestrator INFO     Deploying on cluster: 58f56554-efbd-41ce-878b-7a9faaa0a0cd
10-23-2021 14:35:23 StyleGANExperimentGenerator INFO     Creating task for StyleGANInferenceJob
10
10-23-2021 14:35:23 Orchestrator INFO     Scheduling arrival of Arrival: 5a59c03d-4fa4-46d8-b912-526bc3c06685
10-23-2021 14:35:23 Orchestrator INFO     Deploying on cluster: 5a59c03d-4fa4-46d8-b912-526bc3c06685
10-23-2021 14:35:23 ResourceWatchDog INFO     Fetching job finish times...
10-23-2021 14:35:23 ResourceWatchDog INFO     Fetching resource information of cluster...
10-23-2021 14:35:23 ResourceWatchDog INFO     {'ubuntu94025': Resource(node_name='ubuntu94025', cpu_allocatable=<Quantity(24, 'dimensionless')>, memory_allocatable=<Quantity(65626416, 'Ki')>, cpu_requested=<Quantity(2.72, 'dimensionless')>, memory_requested=<Quantity(3570766848, 'dimensionless')>, cpu_limit=<Quantity(22.4, 'dimensionless')>, memory_limit=<Quantity(15637779456, 'dimensionless')>, vram_free=[9947.4375, 1119.6875], vram_total=[11178.5, 24268.3125])}
10-23-2021 14:35:28 ClusterManager INFO     Still alive...
10-23-2021 14:35:33 StyleGANExperimentGenerator INFO     Creating task for StyleGANInferenceJob
10
10-23-2021 14:35:33 Orchestrator INFO     Scheduling arrival of Arrival: c3518822-e28b-4268-9688-7fac3017265d
10-23-2021 14:35:33 Orchestrator INFO     Deploying on cluster: c3518822-e28b-4268-9688-7fac3017265d
10-23-2021 14:35:33 ResourceWatchDog INFO     Fetching job finish times...
10-23-2021 14:35:34 ResourceWatchDog INFO     Fetching resource information of cluster...
10-23-2021 14:35:34 ResourceWatchDog INFO     {'ubuntu94025': Resource(node_name='ubuntu94025', cpu_allocatable=<Quantity(24, 'dimensionless')>, memory_allocatable=<Quantity(65626416, 'Ki')>, cpu_requested=<Quantity(2.72, 'dimensionless')>, memory_requested=<Quantity(3570766848, 'dimensionless')>, cpu_limit=<Quantity(22.4, 'dimensionless')>, memory_limit=<Quantity(15637779456, 'dimensionless')>, vram_free=[5651.4375, 3.6875], vram_total=[11178.5, 24268.3125])}
10-23-2021 14:35:38 StyleGANExperimentGenerator INFO     Creating task for StyleGANInferenceJob
10
10-23-2021 14:35:38 ClusterManager INFO     Still alive...
10-23-2021 14:35:38 Orchestrator INFO     Scheduling arrival of Arrival: a271d551-ce62-42e5-87fe-09dba92fc73a
10-23-2021 14:35:38 Orchestrator INFO     Deploying on cluster: a271d551-ce62-42e5-87fe-09dba92fc73a
10-23-2021 14:35:39 ResourceWatchDog INFO     Fetching resource information of cluster...
10-23-2021 14:35:39 ResourceWatchDog INFO     {'ubuntu94025': Resource(node_name='ubuntu94025', cpu_allocatable=<Quantity(24, 'dimensionless')>, memory_allocatable=<Quantity(65626416, 'Ki')>, cpu_requested=<Quantity(2.72, 'dimensionless')>, memory_requested=<Quantity(3570766848, 'dimensionless')>, cpu_limit=<Quantity(22.4, 'dimensionless')>, memory_limit=<Quantity(15637779456, 'dimensionless')>, vram_free=[5957.4375, 2077.6875], vram_total=[11178.5, 24268.3125])}
10-23-2021 14:35:41 StyleGANExperimentGenerator INFO     Creating task for StyleGANInferenceJob
10
10-23-2021 14:35:43 Orchestrator INFO     Scheduling arrival of Arrival: 574abb6a-1979-4c7b-8a5e-4f3dc6e17961
10-23-2021 14:35:43 Orchestrator INFO     Deploying on cluster: 574abb6a-1979-4c7b-8a5e-4f3dc6e17961
10-23-2021 14:35:44 ResourceWatchDog INFO     Fetching job finish times...
10-23-2021 14:35:44 ResourceWatchDog INFO     Fetching resource information of cluster...
10-23-2021 14:35:44 ResourceWatchDog INFO     {'ubuntu94025': Resource(node_name='ubuntu94025', cpu_allocatable=<Quantity(24, 'dimensionless')>, memory_allocatable=<Quantity(65626416, 'Ki')>, cpu_requested=<Quantity(2.72, 'dimensionless')>, memory_requested=<Quantity(3570766848, 'dimensionless')>, cpu_limit=<Quantity(22.4, 'dimensionless')>, memory_limit=<Quantity(15637779456, 'dimensionless')>, vram_free=[5100.4375, 3966.6875], vram_total=[11178.5, 24268.3125])}
10-23-2021 14:35:48 ClusterManager INFO     Still alive...
10-23-2021 14:35:50 StyleGANExperimentGenerator INFO     Creating task for StyleGANInferenceJob
10
10-23-2021 14:35:53 Orchestrator INFO     Scheduling arrival of Arrival: 13268a89-0aec-481b-bc80-307afdcf2d96
10-23-2021 14:35:53 Orchestrator INFO     Deploying on cluster: 13268a89-0aec-481b-bc80-307afdcf2d96
10-23-2021 14:35:54 ResourceWatchDog INFO     Fetching job finish times...
10-23-2021 14:35:55 ResourceWatchDog INFO     Fetching resource information of cluster...
10-23-2021 14:35:55 ResourceWatchDog INFO     {'ubuntu94025': Resource(node_name='ubuntu94025', cpu_allocatable=<Quantity(24, 'dimensionless')>, memory_allocatable=<Quantity(65626416, 'Ki')>, cpu_requested=<Quantity(2.72, 'dimensionless')>, memory_requested=<Quantity(3570766848, 'dimensionless')>, cpu_limit=<Quantity(22.4, 'dimensionless')>, memory_limit=<Quantity(15637779456, 'dimensionless')>, vram_free=[11174.4375, 2346.6875], vram_total=[11178.5, 24268.3125])}
10-23-2021 14:35:58 ClusterManager INFO     Still alive...
10-23-2021 14:36:03 StyleGANExperimentGenerator INFO     Creating task for StyleGANInferenceJob
10
10-23-2021 14:36:03 Orchestrator INFO     Scheduling arrival of Arrival: 0167e43d-f9d9-41d7-b826-a92beb76cf63
10-23-2021 14:36:03 Orchestrator INFO     Deploying on cluster: 0167e43d-f9d9-41d7-b826-a92beb76cf63
10-23-2021 14:36:05 ResourceWatchDog INFO     Fetching job finish times...
10-23-2021 14:36:05 ResourceWatchDog INFO     Fetching resource information of cluster...
10-23-2021 14:36:05 ResourceWatchDog INFO     {'ubuntu94025': Resource(node_name='ubuntu94025', cpu_allocatable=<Quantity(24, 'dimensionless')>, memory_allocatable=<Quantity(65626416, 'Ki')>, cpu_requested=<Quantity(2.72, 'dimensionless')>, memory_requested=<Quantity(3570766848, 'dimensionless')>, cpu_limit=<Quantity(22.4, 'dimensionless')>, memory_limit=<Quantity(15637779456, 'dimensionless')>, vram_free=[11174.4375, 1304.6875], vram_total=[11178.5, 24268.3125])}
10-23-2021 14:36:08 ClusterManager INFO     Still alive...
10
10-23-2021 14:36:11 StyleGANExperimentGenerator INFO     Creating task for StyleGANInferenceJob
10-23-2021 14:36:13 Orchestrator INFO     Scheduling arrival of Arrival: 923e7ca5-77aa-4947-9e1e-b94fcfbccd8d
10-23-2021 14:36:13 Orchestrator INFO     Deploying on cluster: 923e7ca5-77aa-4947-9e1e-b94fcfbccd8d
10-23-2021 14:36:15 ResourceWatchDog INFO     Fetching job finish times...
10-23-2021 14:36:15 ResourceWatchDog INFO     Fetching resource information of cluster...
10-23-2021 14:36:15 ResourceWatchDog INFO     {'ubuntu94025': Resource(node_name='ubuntu94025', cpu_allocatable=<Quantity(24, 'dimensionless')>, memory_allocatable=<Quantity(65626416, 'Ki')>, cpu_requested=<Quantity(2.72, 'dimensionless')>, memory_requested=<Quantity(3570766848, 'dimensionless')>, cpu_limit=<Quantity(22.4, 'dimensionless')>, memory_limit=<Quantity(15637779456, 'dimensionless')>, vram_free=[11174.4375, 1338.6875], vram_total=[11178.5, 24268.3125])}
10-23-2021 14:36:17 StyleGANExperimentGenerator INFO     Creating task for StyleGANInferenceJob
10
10-23-2021 14:36:18 ClusterManager INFO     Still alive...
10-23-2021 14:36:18 Orchestrator INFO     Scheduling arrival of Arrival: 073e3040-eab7-4ad2-b47c-26b7b5379593
10-23-2021 14:36:18 Orchestrator INFO     Deploying on cluster: 073e3040-eab7-4ad2-b47c-26b7b5379593
10-23-2021 14:36:25 ResourceWatchDog INFO     Fetching job finish times...
10-23-2021 14:36:26 ResourceWatchDog INFO     Fetching resource information of cluster...
10-23-2021 14:36:26 ResourceWatchDog INFO     {'ubuntu94025': Resource(node_name='ubuntu94025', cpu_allocatable=<Quantity(24, 'dimensionless')>, memory_allocatable=<Quantity(65626416, 'Ki')>, cpu_requested=<Quantity(2.72, 'dimensionless')>, memory_requested=<Quantity(3570766848, 'dimensionless')>, cpu_limit=<Quantity(22.4, 'dimensionless')>, memory_limit=<Quantity(15637779456, 'dimensionless')>, vram_free=[7714.4375, 22337.6875], vram_total=[11178.5, 24268.3125])}
10-23-2021 14:36:28 ClusterManager INFO     Still alive...
10-23-2021 14:36:30 StyleGANExperimentGenerator INFO     Creating task for StyleGANInferenceJob
10
10-23-2021 14:36:33 Orchestrator INFO     Scheduling arrival of Arrival: bc699e90-111d-4989-beb5-f8d28403e72a
10-23-2021 14:36:33 Orchestrator INFO     Deploying on cluster: bc699e90-111d-4989-beb5-f8d28403e72a
10-23-2021 14:36:36 ResourceWatchDog INFO     Fetching job finish times...
10-23-2021 14:36:36 ResourceWatchDog INFO     Fetching resource information of cluster...
10-23-2021 14:36:36 ResourceWatchDog INFO     {'ubuntu94025': Resource(node_name='ubuntu94025', cpu_allocatable=<Quantity(24, 'dimensionless')>, memory_allocatable=<Quantity(65626416, 'Ki')>, cpu_requested=<Quantity(2.72, 'dimensionless')>, memory_requested=<Quantity(3570766848, 'dimensionless')>, cpu_limit=<Quantity(22.4, 'dimensionless')>, memory_limit=<Quantity(15637779456, 'dimensionless')>, vram_free=[325.4375, 24264.6875], vram_total=[11178.5, 24268.3125])}
10-23-2021 14:36:38 ClusterManager INFO     Still alive...
10-23-2021 14:36:39 ResourceWatchDog INFO     Fetching resource information of cluster...
10-23-2021 14:36:39 ResourceWatchDog INFO     {'ubuntu94025': Resource(node_name='ubuntu94025', cpu_allocatable=<Quantity(24, 'dimensionless')>, memory_allocatable=<Quantity(65626416, 'Ki')>, cpu_requested=<Quantity(2.72, 'dimensionless')>, memory_requested=<Quantity(3570766848, 'dimensionless')>, cpu_limit=<Quantity(22.4, 'dimensionless')>, memory_limit=<Quantity(15637779456, 'dimensionless')>, vram_free=[325.4375, 21122.6875], vram_total=[11178.5, 24268.3125])}
10-23-2021 14:36:42 StyleGANExperimentGenerator INFO     Creating task for StyleGANInferenceJob
10
10-23-2021 14:36:43 Orchestrator INFO     Scheduling arrival of Arrival: cde92932-7903-41ce-aa9a-321bfe5228b4
10-23-2021 14:36:43 Orchestrator INFO     Deploying on cluster: cde92932-7903-41ce-aa9a-321bfe5228b4
10-23-2021 14:36:46 ResourceWatchDog INFO     Fetching job finish times...
10-23-2021 14:36:47 ResourceWatchDog INFO     Fetching resource information of cluster...
10-23-2021 14:36:47 ResourceWatchDog INFO     {'ubuntu94025': Resource(node_name='ubuntu94025', cpu_allocatable=<Quantity(24, 'dimensionless')>, memory_allocatable=<Quantity(65626416, 'Ki')>, cpu_requested=<Quantity(2.72, 'dimensionless')>, memory_requested=<Quantity(3570766848, 'dimensionless')>, cpu_limit=<Quantity(22.4, 'dimensionless')>, memory_limit=<Quantity(15637779456, 'dimensionless')>, vram_free=[11174.4375, 22781.6875], vram_total=[11178.5, 24268.3125])}
10-23-2021 14:36:48 ClusterManager INFO     Still alive...
10
10-23-2021 14:36:55 StyleGANExperimentGenerator INFO     Creating task for StyleGANInferenceJob
10-23-2021 14:36:57 ResourceWatchDog INFO     Fetching job finish times...
10-23-2021 14:36:57 ResourceWatchDog INFO     Fetching resource information of cluster...
10-23-2021 14:36:57 ResourceWatchDog INFO     {'ubuntu94025': Resource(node_name='ubuntu94025', cpu_allocatable=<Quantity(24, 'dimensionless')>, memory_allocatable=<Quantity(65626416, 'Ki')>, cpu_requested=<Quantity(2.72, 'dimensionless')>, memory_requested=<Quantity(3570766848, 'dimensionless')>, cpu_limit=<Quantity(22.4, 'dimensionless')>, memory_limit=<Quantity(15637779456, 'dimensionless')>, vram_free=[5959.4375, 356.6875], vram_total=[11178.5, 24268.3125])}
10-23-2021 14:36:58 ClusterManager INFO     Still alive...
10-23-2021 14:36:58 Orchestrator INFO     Scheduling arrival of Arrival: 467029d0-2ec6-4f87-95ea-b744a48ec6d6
10-23-2021 14:36:58 Orchestrator INFO     Deploying on cluster: 467029d0-2ec6-4f87-95ea-b744a48ec6d6
10-23-2021 14:37:04 StyleGANExperimentGenerator INFO     Creating task for StyleGANInferenceJob
10
10-23-2021 14:37:07 ResourceWatchDog INFO     Fetching job finish times...
10-23-2021 14:37:07 ResourceWatchDog INFO     Fetching resource information of cluster...
10-23-2021 14:37:07 ResourceWatchDog INFO     {'ubuntu94025': Resource(node_name='ubuntu94025', cpu_allocatable=<Quantity(24, 'dimensionless')>, memory_allocatable=<Quantity(65626416, 'Ki')>, cpu_requested=<Quantity(2.72, 'dimensionless')>, memory_requested=<Quantity(3570766848, 'dimensionless')>, cpu_limit=<Quantity(22.4, 'dimensionless')>, memory_limit=<Quantity(15637779456, 'dimensionless')>, vram_free=[5957.4375, 24264.6875], vram_total=[11178.5, 24268.3125])}
10-23-2021 14:37:08 ClusterManager INFO     Still alive...
10-23-2021 14:37:08 Orchestrator INFO     Scheduling arrival of Arrival: ea930776-3c47-473b-bab4-82e6ade4609f
10-23-2021 14:37:08 Orchestrator INFO     Deploying on cluster: ea930776-3c47-473b-bab4-82e6ade4609f
10-23-2021 14:37:17 ResourceWatchDog INFO     Fetching job finish times...
10-23-2021 14:37:18 ResourceWatchDog INFO     Fetching resource information of cluster...
10-23-2021 14:37:18 StyleGANExperimentGenerator INFO     Creating task for StyleGANInferenceJob
10
10-23-2021 14:37:18 ClusterManager INFO     Still alive...
10-23-2021 14:37:18 ResourceWatchDog INFO     {'ubuntu94025': Resource(node_name='ubuntu94025', cpu_allocatable=<Quantity(24, 'dimensionless')>, memory_allocatable=<Quantity(65626416, 'Ki')>, cpu_requested=<Quantity(2.72, 'dimensionless')>, memory_requested=<Quantity(3570766848, 'dimensionless')>, cpu_limit=<Quantity(22.4, 'dimensionless')>, memory_limit=<Quantity(15637779456, 'dimensionless')>, vram_free=[326.4375, 24264.6875], vram_total=[11178.5, 24268.3125])}
10-23-2021 14:37:18 Orchestrator INFO     Scheduling arrival of Arrival: 05b07ccf-7c66-4ed6-a3bb-5b8326099252
10-23-2021 14:37:18 Orchestrator INFO     Deploying on cluster: 05b07ccf-7c66-4ed6-a3bb-5b8326099252
10-23-2021 14:37:26 StyleGANExperimentGenerator INFO     Creating task for StyleGANInferenceJob
10
10-23-2021 14:37:28 ClusterManager INFO     Still alive...
10-23-2021 14:37:28 ResourceWatchDog INFO     Fetching job finish times...
10-23-2021 14:37:28 Orchestrator INFO     Scheduling arrival of Arrival: 23755148-aed1-4f49-afea-e58ba63c2bac
10-23-2021 14:37:28 Orchestrator INFO     Deploying on cluster: 23755148-aed1-4f49-afea-e58ba63c2bac
10-23-2021 14:37:28 ResourceWatchDog INFO     Fetching resource information of cluster...
10-23-2021 14:37:28 ResourceWatchDog INFO     {'ubuntu94025': Resource(node_name='ubuntu94025', cpu_allocatable=<Quantity(24, 'dimensionless')>, memory_allocatable=<Quantity(65626416, 'Ki')>, cpu_requested=<Quantity(2.72, 'dimensionless')>, memory_requested=<Quantity(3570766848, 'dimensionless')>, cpu_limit=<Quantity(22.4, 'dimensionless')>, memory_limit=<Quantity(15637779456, 'dimensionless')>, vram_free=[3746.4375, 19469.6875], vram_total=[11178.5, 24268.3125])}
10-23-2021 14:37:34 StyleGANExperimentGenerator INFO     Creating task for StyleGANInferenceJob
10
10-23-2021 14:37:38 ClusterManager INFO     Still alive...
10-23-2021 14:37:38 Orchestrator INFO     Scheduling arrival of Arrival: 91b721fb-45e0-44d5-8f1f-d7a5f46aaa5b
10-23-2021 14:37:38 Orchestrator INFO     Deploying on cluster: 91b721fb-45e0-44d5-8f1f-d7a5f46aaa5b
10-23-2021 14:37:38 ResourceWatchDog INFO     Fetching job finish times...
10-23-2021 14:37:38 ResourceWatchDog INFO     Fetching resource information of cluster...
10-23-2021 14:37:39 ResourceWatchDog INFO     {'ubuntu94025': Resource(node_name='ubuntu94025', cpu_allocatable=<Quantity(24, 'dimensionless')>, memory_allocatable=<Quantity(65626416, 'Ki')>, cpu_requested=<Quantity(2.72, 'dimensionless')>, memory_requested=<Quantity(3570766848, 'dimensionless')>, cpu_limit=<Quantity(22.4, 'dimensionless')>, memory_limit=<Quantity(15637779456, 'dimensionless')>, vram_free=[5053.4375, 23207.6875], vram_total=[11178.5, 24268.3125])}
10-23-2021 14:37:40 ResourceWatchDog INFO     Fetching resource information of cluster...
10-23-2021 14:37:40 ResourceWatchDog INFO     {'ubuntu94025': Resource(node_name='ubuntu94025', cpu_allocatable=<Quantity(24, 'dimensionless')>, memory_allocatable=<Quantity(65626416, 'Ki')>, cpu_requested=<Quantity(2.72, 'dimensionless')>, memory_requested=<Quantity(3570766848, 'dimensionless')>, cpu_limit=<Quantity(22.4, 'dimensionless')>, memory_limit=<Quantity(15637779456, 'dimensionless')>, vram_free=[4771.4375, 22677.6875], vram_total=[11178.5, 24268.3125])}
10-23-2021 14:37:46 StyleGANExperimentGenerator INFO     Creating task for StyleGANInferenceJob
10
10-23-2021 14:37:48 ClusterManager INFO     Still alive...
10-23-2021 14:37:48 Orchestrator INFO     Scheduling arrival of Arrival: 4db45abd-5aa0-4bbf-aa62-c6e60f3e58aa
10-23-2021 14:37:48 Orchestrator INFO     Deploying on cluster: 4db45abd-5aa0-4bbf-aa62-c6e60f3e58aa
10-23-2021 14:37:49 ResourceWatchDog INFO     Fetching job finish times...
10-23-2021 14:37:49 ResourceWatchDog INFO     Fetching resource information of cluster...
10-23-2021 14:37:49 ResourceWatchDog INFO     {'ubuntu94025': Resource(node_name='ubuntu94025', cpu_allocatable=<Quantity(24, 'dimensionless')>, memory_allocatable=<Quantity(65626416, 'Ki')>, cpu_requested=<Quantity(2.72, 'dimensionless')>, memory_requested=<Quantity(3570766848, 'dimensionless')>, cpu_limit=<Quantity(22.4, 'dimensionless')>, memory_limit=<Quantity(15637779456, 'dimensionless')>, vram_free=[604.4375, 19469.6875], vram_total=[11178.5, 24268.3125])}
10-23-2021 14:37:58 ClusterManager INFO     Still alive...
10-23-2021 14:37:59 ResourceWatchDog INFO     Fetching job finish times...
10-23-2021 14:38:00 ResourceWatchDog INFO     Fetching resource information of cluster...
10-23-2021 14:38:00 ResourceWatchDog INFO     {'ubuntu94025': Resource(node_name='ubuntu94025', cpu_allocatable=<Quantity(24, 'dimensionless')>, memory_allocatable=<Quantity(65626416, 'Ki')>, cpu_requested=<Quantity(2.72, 'dimensionless')>, memory_requested=<Quantity(3570766848, 'dimensionless')>, cpu_limit=<Quantity(22.4, 'dimensionless')>, memory_limit=<Quantity(15637779456, 'dimensionless')>, vram_free=[11174.4375, 19469.6875], vram_total=[11178.5, 24268.3125])}
10-23-2021 14:38:01 StyleGANExperimentGenerator INFO     Creating task for StyleGANInferenceJob
10
10-23-2021 14:38:03 Orchestrator INFO     Scheduling arrival of Arrival: 76177e84-1fe2-4e84-95bb-612c9fc0f46c
10-23-2021 14:38:03 Orchestrator INFO     Deploying on cluster: 76177e84-1fe2-4e84-95bb-612c9fc0f46c
10-23-2021 14:38:08 ClusterManager INFO     Still alive...
10-23-2021 14:38:10 ResourceWatchDog INFO     Fetching job finish times...
10-23-2021 14:38:10 ResourceWatchDog INFO     Fetching resource information of cluster...
10-23-2021 14:38:10 ResourceWatchDog INFO     {'ubuntu94025': Resource(node_name='ubuntu94025', cpu_allocatable=<Quantity(24, 'dimensionless')>, memory_allocatable=<Quantity(65626416, 'Ki')>, cpu_requested=<Quantity(2.72, 'dimensionless')>, memory_requested=<Quantity(3570766848, 'dimensionless')>, cpu_limit=<Quantity(22.4, 'dimensionless')>, memory_limit=<Quantity(15637779456, 'dimensionless')>, vram_free=[6439.4375, 24264.6875], vram_total=[11178.5, 24268.3125])}
10-23-2021 14:38:14 StyleGANExperimentGenerator INFO     Creating task for StyleGANInferenceJob
10
10-23-2021 14:38:18 ClusterManager INFO     Still alive...
10-23-2021 14:38:18 Orchestrator INFO     Scheduling arrival of Arrival: 423f3559-3aa8-4d4d-b8fb-1d5c071453e4
10-23-2021 14:38:18 Orchestrator INFO     Deploying on cluster: 423f3559-3aa8-4d4d-b8fb-1d5c071453e4
10-23-2021 14:38:20 ResourceWatchDog INFO     Fetching job finish times...
10-23-2021 14:38:20 ResourceWatchDog INFO     Fetching resource information of cluster...
10-23-2021 14:38:21 ResourceWatchDog INFO     {'ubuntu94025': Resource(node_name='ubuntu94025', cpu_allocatable=<Quantity(24, 'dimensionless')>, memory_allocatable=<Quantity(65626416, 'Ki')>, cpu_requested=<Quantity(2.72, 'dimensionless')>, memory_requested=<Quantity(3570766848, 'dimensionless')>, cpu_limit=<Quantity(22.4, 'dimensionless')>, memory_limit=<Quantity(15637779456, 'dimensionless')>, vram_free=[4544.4375, 23805.6875], vram_total=[11178.5, 24268.3125])}
10-23-2021 14:38:27 StyleGANExperimentGenerator INFO     Creating task for StyleGANInferenceJob
10
10-23-2021 14:38:28 ClusterManager INFO     Still alive...
10-23-2021 14:38:28 Orchestrator INFO     Scheduling arrival of Arrival: 9e4f9cdf-3cf6-4420-98dd-bb7184f86295
10-23-2021 14:38:28 Orchestrator INFO     Deploying on cluster: 9e4f9cdf-3cf6-4420-98dd-bb7184f86295
10-23-2021 14:38:31 ResourceWatchDog INFO     Fetching job finish times...
10-23-2021 14:38:31 ResourceWatchDog INFO     Fetching resource information of cluster...
10-23-2021 14:38:31 ResourceWatchDog INFO     {'ubuntu94025': Resource(node_name='ubuntu94025', cpu_allocatable=<Quantity(24, 'dimensionless')>, memory_allocatable=<Quantity(65626416, 'Ki')>, cpu_requested=<Quantity(2.72, 'dimensionless')>, memory_requested=<Quantity(3570766848, 'dimensionless')>, cpu_limit=<Quantity(22.4, 'dimensionless')>, memory_limit=<Quantity(15637779456, 'dimensionless')>, vram_free=[11174.4375, 24264.6875], vram_total=[11178.5, 24268.3125])}
10-23-2021 14:38:37 StyleGANExperimentGenerator INFO     Creating task for StyleGANInferenceJob
10
10-23-2021 14:38:38 ClusterManager INFO     Still alive...
10-23-2021 14:38:38 Orchestrator INFO     Scheduling arrival of Arrival: 51233d93-6756-45a2-990a-c9f8a72178f3
10-23-2021 14:38:38 Orchestrator INFO     Deploying on cluster: 51233d93-6756-45a2-990a-c9f8a72178f3
10-23-2021 14:38:40 ResourceWatchDog INFO     Fetching resource information of cluster...
10-23-2021 14:38:40 ResourceWatchDog INFO     {'ubuntu94025': Resource(node_name='ubuntu94025', cpu_allocatable=<Quantity(24, 'dimensionless')>, memory_allocatable=<Quantity(65626416, 'Ki')>, cpu_requested=<Quantity(2.72, 'dimensionless')>, memory_requested=<Quantity(3570766848, 'dimensionless')>, cpu_limit=<Quantity(22.4, 'dimensionless')>, memory_limit=<Quantity(15637779456, 'dimensionless')>, vram_free=[11174.4375, 3351.6875], vram_total=[11178.5, 24268.3125])}
10-23-2021 14:38:41 ResourceWatchDog INFO     Fetching job finish times...
10-23-2021 14:38:41 ResourceWatchDog INFO     Fetching resource information of cluster...
10-23-2021 14:38:42 ResourceWatchDog INFO     {'ubuntu94025': Resource(node_name='ubuntu94025', cpu_allocatable=<Quantity(24, 'dimensionless')>, memory_allocatable=<Quantity(65626416, 'Ki')>, cpu_requested=<Quantity(2.72, 'dimensionless')>, memory_requested=<Quantity(3570766848, 'dimensionless')>, cpu_limit=<Quantity(22.4, 'dimensionless')>, memory_limit=<Quantity(15637779456, 'dimensionless')>, vram_free=[11174.4375, 11525.6875], vram_total=[11178.5, 24268.3125])}
10
10-23-2021 14:38:45 StyleGANExperimentGenerator INFO     Creating task for StyleGANInferenceJob
10-23-2021 14:38:48 ClusterManager INFO     Still alive...
10-23-2021 14:38:48 Orchestrator INFO     Scheduling arrival of Arrival: 7a354eda-1736-4f72-b8f2-bf7e28b855ed
10-23-2021 14:38:48 Orchestrator INFO     Deploying on cluster: 7a354eda-1736-4f72-b8f2-bf7e28b855ed
10-23-2021 14:38:52 ResourceWatchDog INFO     Fetching job finish times...
10-23-2021 14:38:52 ResourceWatchDog INFO     Fetching resource information of cluster...
10-23-2021 14:38:52 ResourceWatchDog INFO     {'ubuntu94025': Resource(node_name='ubuntu94025', cpu_allocatable=<Quantity(24, 'dimensionless')>, memory_allocatable=<Quantity(65626416, 'Ki')>, cpu_requested=<Quantity(2.72, 'dimensionless')>, memory_requested=<Quantity(3570766848, 'dimensionless')>, cpu_limit=<Quantity(22.4, 'dimensionless')>, memory_limit=<Quantity(15637779456, 'dimensionless')>, vram_free=[11174.4375, 17771.6875], vram_total=[11178.5, 24268.3125])}
10-23-2021 14:38:58 ClusterManager INFO     Still alive...
10-23-2021 14:39:00 StyleGANExperimentGenerator INFO     Creating task for StyleGANInferenceJob
10
10-23-2021 14:39:02 ResourceWatchDog INFO     Fetching job finish times...
10-23-2021 14:39:02 ResourceWatchDog INFO     Fetching resource information of cluster...
10-23-2021 14:39:02 ResourceWatchDog INFO     {'ubuntu94025': Resource(node_name='ubuntu94025', cpu_allocatable=<Quantity(24, 'dimensionless')>, memory_allocatable=<Quantity(65626416, 'Ki')>, cpu_requested=<Quantity(2.72, 'dimensionless')>, memory_requested=<Quantity(3570766848, 'dimensionless')>, cpu_limit=<Quantity(22.4, 'dimensionless')>, memory_limit=<Quantity(15637779456, 'dimensionless')>, vram_free=[1349.4375, 24264.6875], vram_total=[11178.5, 24268.3125])}
10-23-2021 14:39:03 Orchestrator INFO     Scheduling arrival of Arrival: 752f7a04-e16c-42f2-93c8-4b406bb1608e
10-23-2021 14:39:03 Orchestrator INFO     Deploying on cluster: 752f7a04-e16c-42f2-93c8-4b406bb1608e
10-23-2021 14:39:08 ClusterManager INFO     Still alive...
10-23-2021 14:39:09 StyleGANExperimentGenerator INFO     Creating task for StyleGANInferenceJob
10
10-23-2021 14:39:12 ResourceWatchDog INFO     Fetching job finish times...
10-23-2021 14:39:13 ResourceWatchDog INFO     Fetching resource information of cluster...
10-23-2021 14:39:13 ResourceWatchDog INFO     {'ubuntu94025': Resource(node_name='ubuntu94025', cpu_allocatable=<Quantity(24, 'dimensionless')>, memory_allocatable=<Quantity(65626416, 'Ki')>, cpu_requested=<Quantity(2.72, 'dimensionless')>, memory_requested=<Quantity(3570766848, 'dimensionless')>, cpu_limit=<Quantity(22.4, 'dimensionless')>, memory_limit=<Quantity(15637779456, 'dimensionless')>, vram_free=[11174.4375, 4567.6875], vram_total=[11178.5, 24268.3125])}
10-23-2021 14:39:13 Orchestrator INFO     Scheduling arrival of Arrival: 9f16a97c-23fe-42a4-be59-849498c7d9e2
10-23-2021 14:39:13 Orchestrator INFO     Deploying on cluster: 9f16a97c-23fe-42a4-be59-849498c7d9e2
10-23-2021 14:39:16 StyleGANExperimentGenerator INFO     Creating task for StyleGANInferenceJob
10
10-23-2021 14:39:18 ClusterManager INFO     Still alive...
10-23-2021 14:39:18 Orchestrator INFO     Scheduling arrival of Arrival: 2000a5a7-8773-438b-8399-d338f609b0d3
10-23-2021 14:39:18 Orchestrator INFO     Deploying on cluster: 2000a5a7-8773-438b-8399-d338f609b0d3
10-23-2021 14:39:23 ResourceWatchDog INFO     Fetching job finish times...
10-23-2021 14:39:23 ResourceWatchDog INFO     Fetching resource information of cluster...
10-23-2021 14:39:23 ResourceWatchDog INFO     {'ubuntu94025': Resource(node_name='ubuntu94025', cpu_allocatable=<Quantity(24, 'dimensionless')>, memory_allocatable=<Quantity(65626416, 'Ki')>, cpu_requested=<Quantity(2.72, 'dimensionless')>, memory_requested=<Quantity(3570766848, 'dimensionless')>, cpu_limit=<Quantity(22.4, 'dimensionless')>, memory_limit=<Quantity(15637779456, 'dimensionless')>, vram_free=[8841.4375, 23132.6875], vram_total=[11178.5, 24268.3125])}
10-23-2021 14:39:24 StyleGANExperimentGenerator INFO     Creating task for StyleGANInferenceJob
10
10-23-2021 14:39:28 ClusterManager INFO     Still alive...
10-23-2021 14:39:28 Orchestrator INFO     Scheduling arrival of Arrival: e6d15a5a-cd76-4a49-adae-dd09ce318fc2
10-23-2021 14:39:28 Orchestrator INFO     Deploying on cluster: e6d15a5a-cd76-4a49-adae-dd09ce318fc2
10-23-2021 14:39:33 ResourceWatchDog INFO     Fetching job finish times...
10-23-2021 14:39:33 ResourceWatchDog INFO     Fetching resource information of cluster...
10-23-2021 14:39:34 ResourceWatchDog INFO     {'ubuntu94025': Resource(node_name='ubuntu94025', cpu_allocatable=<Quantity(24, 'dimensionless')>, memory_allocatable=<Quantity(65626416, 'Ki')>, cpu_requested=<Quantity(2.72, 'dimensionless')>, memory_requested=<Quantity(3570766848, 'dimensionless')>, cpu_limit=<Quantity(22.4, 'dimensionless')>, memory_limit=<Quantity(15637779456, 'dimensionless')>, vram_free=[841.4375, 22644.6875], vram_total=[11178.5, 24268.3125])}
10-23-2021 14:39:37 StyleGANExperimentGenerator INFO     Creating task for StyleGANInferenceJob
10
10-23-2021 14:39:38 ClusterManager INFO     Still alive...
10-23-2021 14:39:38 Orchestrator INFO     Scheduling arrival of Arrival: 0f75a5e7-d31d-4a5b-80a5-0bacdd3bbbcd
10-23-2021 14:39:38 Orchestrator INFO     Deploying on cluster: 0f75a5e7-d31d-4a5b-80a5-0bacdd3bbbcd
10-23-2021 14:39:41 ResourceWatchDog INFO     Fetching resource information of cluster...
10-23-2021 14:39:41 ResourceWatchDog INFO     {'ubuntu94025': Resource(node_name='ubuntu94025', cpu_allocatable=<Quantity(24, 'dimensionless')>, memory_allocatable=<Quantity(65626416, 'Ki')>, cpu_requested=<Quantity(2.72, 'dimensionless')>, memory_requested=<Quantity(3570766848, 'dimensionless')>, cpu_limit=<Quantity(22.4, 'dimensionless')>, memory_limit=<Quantity(15637779456, 'dimensionless')>, vram_free=[11174.4375, 24264.6875], vram_total=[11178.5, 24268.3125])}
10-23-2021 14:39:44 ResourceWatchDog INFO     Fetching job finish times...
10-23-2021 14:39:44 ResourceWatchDog INFO     Fetching resource information of cluster...
10-23-2021 14:39:44 ResourceWatchDog INFO     {'ubuntu94025': Resource(node_name='ubuntu94025', cpu_allocatable=<Quantity(24, 'dimensionless')>, memory_allocatable=<Quantity(65626416, 'Ki')>, cpu_requested=<Quantity(2.72, 'dimensionless')>, memory_requested=<Quantity(3570766848, 'dimensionless')>, cpu_limit=<Quantity(22.4, 'dimensionless')>, memory_limit=<Quantity(15637779456, 'dimensionless')>, vram_free=[10021.4375, 24264.6875], vram_total=[11178.5, 24268.3125])}
10-23-2021 14:39:48 ClusterManager INFO     Still alive...
10-23-2021 14:39:52 StyleGANExperimentGenerator INFO     Creating task for StyleGANInferenceJob
10
10-23-2021 14:39:53 Orchestrator INFO     Scheduling arrival of Arrival: 588169cb-4560-449c-9a35-0a914182f171
10-23-2021 14:39:53 Orchestrator INFO     Deploying on cluster: 588169cb-4560-449c-9a35-0a914182f171
10-23-2021 14:39:54 ResourceWatchDog INFO     Fetching job finish times...
10-23-2021 14:39:54 ResourceWatchDog INFO     Fetching resource information of cluster...
10-23-2021 14:39:55 ResourceWatchDog INFO     {'ubuntu94025': Resource(node_name='ubuntu94025', cpu_allocatable=<Quantity(24, 'dimensionless')>, memory_allocatable=<Quantity(65626416, 'Ki')>, cpu_requested=<Quantity(2.72, 'dimensionless')>, memory_requested=<Quantity(3570766848, 'dimensionless')>, cpu_limit=<Quantity(22.4, 'dimensionless')>, memory_limit=<Quantity(15637779456, 'dimensionless')>, vram_free=[4639.4375, 24264.6875], vram_total=[11178.5, 24268.3125])}
10-23-2021 14:39:58 ClusterManager INFO     Still alive...
10-23-2021 14:40:00 StyleGANExperimentGenerator INFO     Creating task for StyleGANInferenceJob
10
10-23-2021 14:40:03 Orchestrator INFO     Scheduling arrival of Arrival: f2186665-55dc-4fb4-9643-17fde270e910
10-23-2021 14:40:03 Orchestrator INFO     Deploying on cluster: f2186665-55dc-4fb4-9643-17fde270e910
10-23-2021 14:40:05 ResourceWatchDog INFO     Fetching job finish times...
10-23-2021 14:40:05 ResourceWatchDog INFO     Fetching resource information of cluster...
10-23-2021 14:40:05 ResourceWatchDog INFO     {'ubuntu94025': Resource(node_name='ubuntu94025', cpu_allocatable=<Quantity(24, 'dimensionless')>, memory_allocatable=<Quantity(65626416, 'Ki')>, cpu_requested=<Quantity(2.72, 'dimensionless')>, memory_requested=<Quantity(3570766848, 'dimensionless')>, cpu_limit=<Quantity(22.4, 'dimensionless')>, memory_limit=<Quantity(15637779456, 'dimensionless')>, vram_free=[3620.4375, 24264.6875], vram_total=[11178.5, 24268.3125])}
10-23-2021 14:40:07 StyleGANExperimentGenerator INFO     Creating task for StyleGANInferenceJob
10
10-23-2021 14:40:08 ClusterManager INFO     Still alive...
10-23-2021 14:40:08 Orchestrator INFO     Scheduling arrival of Arrival: 15e15d77-42df-4d94-b571-68eb362c0655
10-23-2021 14:40:08 Orchestrator INFO     Deploying on cluster: 15e15d77-42df-4d94-b571-68eb362c0655
10-23-2021 14:40:15 ResourceWatchDog INFO     Fetching job finish times...
10-23-2021 14:40:15 ResourceWatchDog INFO     Fetching resource information of cluster...
10-23-2021 14:40:15 ResourceWatchDog INFO     {'ubuntu94025': Resource(node_name='ubuntu94025', cpu_allocatable=<Quantity(24, 'dimensionless')>, memory_allocatable=<Quantity(65626416, 'Ki')>, cpu_requested=<Quantity(2.72, 'dimensionless')>, memory_requested=<Quantity(3570766848, 'dimensionless')>, cpu_limit=<Quantity(22.4, 'dimensionless')>, memory_limit=<Quantity(15637779456, 'dimensionless')>, vram_free=[4639.4375, 2372.6875], vram_total=[11178.5, 24268.3125])}
10-23-2021 14:40:16 StyleGANExperimentGenerator INFO     Creating task for StyleGANInferenceJob
10
10-23-2021 14:40:18 ClusterManager INFO     Still alive...
10-23-2021 14:40:18 Orchestrator INFO     Scheduling arrival of Arrival: bf1815c7-e1d2-4f90-9b57-563bd035d05e
10-23-2021 14:40:18 Orchestrator INFO     Deploying on cluster: bf1815c7-e1d2-4f90-9b57-563bd035d05e
10
10-23-2021 14:40:22 StyleGANExperimentGenerator INFO     Creating task for StyleGANInferenceJob
10-23-2021 14:40:23 Orchestrator INFO     Scheduling arrival of Arrival: 58f284f9-56ee-4f84-bc0a-1c9a04172171
10-23-2021 14:40:23 Orchestrator INFO     Deploying on cluster: 58f284f9-56ee-4f84-bc0a-1c9a04172171
10-23-2021 14:40:25 ResourceWatchDog INFO     Fetching job finish times...
10-23-2021 14:40:26 ResourceWatchDog INFO     Fetching resource information of cluster...
10-23-2021 14:40:26 ResourceWatchDog INFO     {'ubuntu94025': Resource(node_name='ubuntu94025', cpu_allocatable=<Quantity(24, 'dimensionless')>, memory_allocatable=<Quantity(65626416, 'Ki')>, cpu_requested=<Quantity(2.72, 'dimensionless')>, memory_requested=<Quantity(3570766848, 'dimensionless')>, cpu_limit=<Quantity(22.4, 'dimensionless')>, memory_limit=<Quantity(15637779456, 'dimensionless')>, vram_free=[11174.4375, 22832.6875], vram_total=[11178.5, 24268.3125])}
10-23-2021 14:40:28 ClusterManager INFO     Still alive...
10-23-2021 14:40:36 ResourceWatchDog INFO     Fetching job finish times...
10-23-2021 14:40:36 ResourceWatchDog INFO     Fetching resource information of cluster...
10-23-2021 14:40:36 ResourceWatchDog INFO     {'ubuntu94025': Resource(node_name='ubuntu94025', cpu_allocatable=<Quantity(24, 'dimensionless')>, memory_allocatable=<Quantity(65626416, 'Ki')>, cpu_requested=<Quantity(2.72, 'dimensionless')>, memory_requested=<Quantity(3570766848, 'dimensionless')>, cpu_limit=<Quantity(22.4, 'dimensionless')>, memory_limit=<Quantity(15637779456, 'dimensionless')>, vram_free=[11174.4375, 1241.6875], vram_total=[11178.5, 24268.3125])}
10-23-2021 14:40:38 StyleGANExperimentGenerator INFO     Creating task for StyleGANInferenceJob
10
10-23-2021 14:40:38 ClusterManager INFO     Still alive...
10-23-2021 14:40:38 Orchestrator INFO     Scheduling arrival of Arrival: 09d77a1f-054a-47b3-b0f1-cbcf105e45f8
10-23-2021 14:40:38 Orchestrator INFO     Deploying on cluster: 09d77a1f-054a-47b3-b0f1-cbcf105e45f8
10-23-2021 14:40:41 ResourceWatchDog INFO     Fetching resource information of cluster...
10-23-2021 14:40:42 ResourceWatchDog INFO     {'ubuntu94025': Resource(node_name='ubuntu94025', cpu_allocatable=<Quantity(24, 'dimensionless')>, memory_allocatable=<Quantity(65626416, 'Ki')>, cpu_requested=<Quantity(2.72, 'dimensionless')>, memory_requested=<Quantity(3570766848, 'dimensionless')>, cpu_limit=<Quantity(22.4, 'dimensionless')>, memory_limit=<Quantity(15637779456, 'dimensionless')>, vram_free=[11174.4375, 10818.6875], vram_total=[11178.5, 24268.3125])}
10-23-2021 14:40:47 ResourceWatchDog INFO     Fetching job finish times...
10-23-2021 14:40:47 ResourceWatchDog INFO     Fetching resource information of cluster...
10-23-2021 14:40:47 ResourceWatchDog INFO     {'ubuntu94025': Resource(node_name='ubuntu94025', cpu_allocatable=<Quantity(24, 'dimensionless')>, memory_allocatable=<Quantity(65626416, 'Ki')>, cpu_requested=<Quantity(2.72, 'dimensionless')>, memory_requested=<Quantity(3570766848, 'dimensionless')>, cpu_limit=<Quantity(22.4, 'dimensionless')>, memory_limit=<Quantity(15637779456, 'dimensionless')>, vram_free=[11174.4375, 12278.6875], vram_total=[11178.5, 24268.3125])}
10-23-2021 14:40:48 StyleGANExperimentGenerator INFO     Creating task for StyleGANInferenceJob
10
10-23-2021 14:40:48 ClusterManager INFO     Still alive...
10-23-2021 14:40:48 Orchestrator INFO     Scheduling arrival of Arrival: 09717a1a-2c99-496e-bb8a-974fa240efce
10-23-2021 14:40:48 Orchestrator INFO     Deploying on cluster: 09717a1a-2c99-496e-bb8a-974fa240efce
10-23-2021 14:40:57 ResourceWatchDog INFO     Fetching job finish times...
10-23-2021 14:40:57 ResourceWatchDog INFO     Fetching resource information of cluster...
10-23-2021 14:40:57 ResourceWatchDog INFO     {'ubuntu94025': Resource(node_name='ubuntu94025', cpu_allocatable=<Quantity(24, 'dimensionless')>, memory_allocatable=<Quantity(65626416, 'Ki')>, cpu_requested=<Quantity(2.72, 'dimensionless')>, memory_requested=<Quantity(3570766848, 'dimensionless')>, cpu_limit=<Quantity(22.4, 'dimensionless')>, memory_limit=<Quantity(15637779456, 'dimensionless')>, vram_free=[6799.4375, 24264.6875], vram_total=[11178.5, 24268.3125])}
10-23-2021 14:40:58 ClusterManager INFO     Still alive...
10-23-2021 14:41:06 StyleGANExperimentGenerator INFO     Creating task for StyleGANInferenceJob
10
10-23-2021 14:41:07 ResourceWatchDog INFO     Fetching job finish times...
10-23-2021 14:41:08 ResourceWatchDog INFO     Fetching resource information of cluster...
10-23-2021 14:41:08 ResourceWatchDog INFO     {'ubuntu94025': Resource(node_name='ubuntu94025', cpu_allocatable=<Quantity(24, 'dimensionless')>, memory_allocatable=<Quantity(65626416, 'Ki')>, cpu_requested=<Quantity(2.72, 'dimensionless')>, memory_requested=<Quantity(3570766848, 'dimensionless')>, cpu_limit=<Quantity(22.4, 'dimensionless')>, memory_limit=<Quantity(15637779456, 'dimensionless')>, vram_free=[3377.4375, 23243.6875], vram_total=[11178.5, 24268.3125])}
10-23-2021 14:41:08 ClusterManager INFO     Still alive...
10-23-2021 14:41:08 Orchestrator INFO     Scheduling arrival of Arrival: 08659068-4eb9-48c5-bb93-8d2eb2564c4c
10-23-2021 14:41:08 Orchestrator INFO     Deploying on cluster: 08659068-4eb9-48c5-bb93-8d2eb2564c4c
10-23-2021 14:41:16 StyleGANExperimentGenerator INFO     Creating task for StyleGANInferenceJob
10
10-23-2021 14:41:18 ResourceWatchDog INFO     Fetching job finish times...
10-23-2021 14:41:18 ClusterManager INFO     Still alive...
10-23-2021 14:41:18 ResourceWatchDog INFO     Fetching resource information of cluster...
10-23-2021 14:41:18 ResourceWatchDog INFO     {'ubuntu94025': Resource(node_name='ubuntu94025', cpu_allocatable=<Quantity(24, 'dimensionless')>, memory_allocatable=<Quantity(65626416, 'Ki')>, cpu_requested=<Quantity(2.72, 'dimensionless')>, memory_requested=<Quantity(3570766848, 'dimensionless')>, cpu_limit=<Quantity(22.4, 'dimensionless')>, memory_limit=<Quantity(15637779456, 'dimensionless')>, vram_free=[9317.4375, 24264.6875], vram_total=[11178.5, 24268.3125])}
10-23-2021 14:41:18 Orchestrator INFO     Scheduling arrival of Arrival: 14960332-81ec-4d48-a5ea-b64fdc2446f8
10-23-2021 14:41:18 Orchestrator INFO     Deploying on cluster: 14960332-81ec-4d48-a5ea-b64fdc2446f8
10-23-2021 14:41:24 StyleGANExperimentGenerator INFO     Creating task for StyleGANInferenceJob
10
10-23-2021 14:41:28 ClusterManager INFO     Still alive...
10-23-2021 14:41:28 ResourceWatchDog INFO     Fetching job finish times...
10-23-2021 14:41:28 Orchestrator INFO     Scheduling arrival of Arrival: 6532392a-4eb2-431b-ae5f-5b38698b013a
10-23-2021 14:41:28 Orchestrator INFO     Deploying on cluster: 6532392a-4eb2-431b-ae5f-5b38698b013a
10-23-2021 14:41:29 ResourceWatchDog INFO     Fetching resource information of cluster...
10-23-2021 14:41:29 ResourceWatchDog INFO     {'ubuntu94025': Resource(node_name='ubuntu94025', cpu_allocatable=<Quantity(24, 'dimensionless')>, memory_allocatable=<Quantity(65626416, 'Ki')>, cpu_requested=<Quantity(2.72, 'dimensionless')>, memory_requested=<Quantity(3570766848, 'dimensionless')>, cpu_limit=<Quantity(22.4, 'dimensionless')>, memory_limit=<Quantity(15637779456, 'dimensionless')>, vram_free=[8154.4375, 24264.6875], vram_total=[11178.5, 24268.3125])}
10-23-2021 14:41:35 StyleGANExperimentGenerator INFO     Creating task for StyleGANInferenceJob
10
10-23-2021 14:41:38 StyleGANExperimentGenerator INFO     Creating task for StyleGANInferenceJob
10
10-23-2021 14:41:38 ClusterManager INFO     Still alive...
10-23-2021 14:41:38 Orchestrator INFO     Scheduling arrival of Arrival: a307d4ee-15dc-4016-8c0f-6bbc9cb97a2a
10-23-2021 14:41:38 Orchestrator INFO     Deploying on cluster: a307d4ee-15dc-4016-8c0f-6bbc9cb97a2a
10-23-2021 14:41:38 Orchestrator INFO     Scheduling arrival of Arrival: 8dcbbc80-d622-4cf3-87d2-ff3cafdd1cd8
10-23-2021 14:41:38 Orchestrator INFO     Deploying on cluster: 8dcbbc80-d622-4cf3-87d2-ff3cafdd1cd8
10-23-2021 14:41:39 ResourceWatchDog INFO     Fetching job finish times...
10-23-2021 14:41:39 ResourceWatchDog INFO     Fetching resource information of cluster...
10-23-2021 14:41:39 ResourceWatchDog INFO     {'ubuntu94025': Resource(node_name='ubuntu94025', cpu_allocatable=<Quantity(24, 'dimensionless')>, memory_allocatable=<Quantity(65626416, 'Ki')>, cpu_requested=<Quantity(2.72, 'dimensionless')>, memory_requested=<Quantity(3570766848, 'dimensionless')>, cpu_limit=<Quantity(22.4, 'dimensionless')>, memory_limit=<Quantity(15637779456, 'dimensionless')>, vram_free=[3409.4375, 24264.6875], vram_total=[11178.5, 24268.3125])}
10-23-2021 14:41:42 ResourceWatchDog INFO     Fetching resource information of cluster...
10-23-2021 14:41:42 ResourceWatchDog INFO     {'ubuntu94025': Resource(node_name='ubuntu94025', cpu_allocatable=<Quantity(24, 'dimensionless')>, memory_allocatable=<Quantity(65626416, 'Ki')>, cpu_requested=<Quantity(2.72, 'dimensionless')>, memory_requested=<Quantity(3570766848, 'dimensionless')>, cpu_limit=<Quantity(22.4, 'dimensionless')>, memory_limit=<Quantity(15637779456, 'dimensionless')>, vram_free=[6731.4375, 23359.6875], vram_total=[11178.5, 24268.3125])}
10-23-2021 14:41:48 ClusterManager INFO     Still alive...
10-23-2021 14:41:50 ResourceWatchDog INFO     Fetching job finish times...
10-23-2021 14:41:50 ResourceWatchDog INFO     Fetching resource information of cluster...
10-23-2021 14:41:50 ResourceWatchDog INFO     {'ubuntu94025': Resource(node_name='ubuntu94025', cpu_allocatable=<Quantity(24, 'dimensionless')>, memory_allocatable=<Quantity(65626416, 'Ki')>, cpu_requested=<Quantity(2.72, 'dimensionless')>, memory_requested=<Quantity(3570766848, 'dimensionless')>, cpu_limit=<Quantity(22.4, 'dimensionless')>, memory_limit=<Quantity(15637779456, 'dimensionless')>, vram_free=[4392.4375, 17775.6875], vram_total=[11178.5, 24268.3125])}
10-23-2021 14:41:53 StyleGANExperimentGenerator INFO     Creating task for StyleGANInferenceJob
10
10-23-2021 14:41:53 Orchestrator INFO     Scheduling arrival of Arrival: a9b7c3e0-55bf-4fa3-aa11-07c933b3ba8f
10-23-2021 14:41:53 Orchestrator INFO     Deploying on cluster: a9b7c3e0-55bf-4fa3-aa11-07c933b3ba8f
10-23-2021 14:41:58 ClusterManager INFO     Still alive...
10-23-2021 14:41:59 StyleGANExperimentGenerator INFO     Creating task for StyleGANInferenceJob
10
10-23-2021 14:42:00 ResourceWatchDog INFO     Fetching job finish times...
10-23-2021 14:42:00 ResourceWatchDog INFO     Fetching resource information of cluster...
10-23-2021 14:42:00 ResourceWatchDog INFO     {'ubuntu94025': Resource(node_name='ubuntu94025', cpu_allocatable=<Quantity(24, 'dimensionless')>, memory_allocatable=<Quantity(65626416, 'Ki')>, cpu_requested=<Quantity(2.72, 'dimensionless')>, memory_requested=<Quantity(3570766848, 'dimensionless')>, cpu_limit=<Quantity(22.4, 'dimensionless')>, memory_limit=<Quantity(15637779456, 'dimensionless')>, vram_free=[2860.4375, 23349.6875], vram_total=[11178.5, 24268.3125])}
10-23-2021 14:42:03 Orchestrator INFO     Scheduling arrival of Arrival: aaa931e2-18f3-4f29-a296-36cd10cef44d
10-23-2021 14:42:03 Orchestrator INFO     Deploying on cluster: aaa931e2-18f3-4f29-a296-36cd10cef44d
10-23-2021 14:42:06 StyleGANExperimentGenerator INFO     Creating task for StyleGANInferenceJob
10
10-23-2021 14:42:08 ClusterManager INFO     Still alive...
10-23-2021 14:42:09 Orchestrator INFO     Scheduling arrival of Arrival: 67eab048-9e04-47a1-ae10-d500d3299547
10-23-2021 14:42:09 Orchestrator INFO     Deploying on cluster: 67eab048-9e04-47a1-ae10-d500d3299547
10-23-2021 14:42:10 ResourceWatchDog INFO     Fetching job finish times...
10-23-2021 14:42:11 ResourceWatchDog INFO     Fetching resource information of cluster...
10-23-2021 14:42:11 ResourceWatchDog INFO     {'ubuntu94025': Resource(node_name='ubuntu94025', cpu_allocatable=<Quantity(24, 'dimensionless')>, memory_allocatable=<Quantity(65626416, 'Ki')>, cpu_requested=<Quantity(2.72, 'dimensionless')>, memory_requested=<Quantity(3570766848, 'dimensionless')>, cpu_limit=<Quantity(22.4, 'dimensionless')>, memory_limit=<Quantity(15637779456, 'dimensionless')>, vram_free=[7739.4375, 15865.6875], vram_total=[11178.5, 24268.3125])}
10-23-2021 14:42:15 StyleGANExperimentGenerator INFO     Creating task for StyleGANInferenceJob
10
10-23-2021 14:42:18 ClusterManager INFO     Still alive...
10-23-2021 14:42:19 Orchestrator INFO     Scheduling arrival of Arrival: e9748b38-3aee-46bf-93d3-7a6c88d4ca91
10-23-2021 14:42:19 Orchestrator INFO     Deploying on cluster: e9748b38-3aee-46bf-93d3-7a6c88d4ca91
10-23-2021 14:42:21 ResourceWatchDog INFO     Fetching job finish times...
10-23-2021 14:42:21 ResourceWatchDog INFO     Fetching resource information of cluster...
10-23-2021 14:42:21 ResourceWatchDog INFO     {'ubuntu94025': Resource(node_name='ubuntu94025', cpu_allocatable=<Quantity(24, 'dimensionless')>, memory_allocatable=<Quantity(65626416, 'Ki')>, cpu_requested=<Quantity(2.72, 'dimensionless')>, memory_requested=<Quantity(3570766848, 'dimensionless')>, cpu_limit=<Quantity(22.4, 'dimensionless')>, memory_limit=<Quantity(15637779456, 'dimensionless')>, vram_free=[1546.4375, 24264.6875], vram_total=[11178.5, 24268.3125])}
10-23-2021 14:42:26 StyleGANExperimentGenerator INFO     Creating task for StyleGANInferenceJob
10
10-23-2021 14:42:28 ClusterManager INFO     Still alive...
10-23-2021 14:42:29 Orchestrator INFO     Scheduling arrival of Arrival: f424d64f-9a76-41b8-8904-5a76d88f23af
10-23-2021 14:42:29 Orchestrator INFO     Deploying on cluster: f424d64f-9a76-41b8-8904-5a76d88f23af
10-23-2021 14:42:31 ResourceWatchDog INFO     Fetching job finish times...
10-23-2021 14:42:32 ResourceWatchDog INFO     Fetching resource information of cluster...
10-23-2021 14:42:32 ResourceWatchDog INFO     {'ubuntu94025': Resource(node_name='ubuntu94025', cpu_allocatable=<Quantity(24, 'dimensionless')>, memory_allocatable=<Quantity(65626416, 'Ki')>, cpu_requested=<Quantity(2.72, 'dimensionless')>, memory_requested=<Quantity(3570766848, 'dimensionless')>, cpu_limit=<Quantity(22.4, 'dimensionless')>, memory_limit=<Quantity(15637779456, 'dimensionless')>, vram_free=[3296.4375, 19469.6875], vram_total=[11178.5, 24268.3125])}
10-23-2021 14:42:34 StyleGANExperimentGenerator INFO     Creating task for StyleGANInferenceJob
10
10-23-2021 14:42:38 StyleGANExperimentGenerator INFO     Stopped execution at: 1635000158.368775, duration: 600.4079537391663/600
10-23-2021 14:42:38 ClusterManager INFO     Still alive...
10-23-2021 14:42:39 Orchestrator INFO     Received stop signal for the Orchestrator. Waiting 2 minutes for jobs to finish
10-23-2021 14:42:42 ResourceWatchDog INFO     Fetching job finish times...
10-23-2021 14:42:42 ResourceWatchDog INFO     Fetching resource information of cluster...
10-23-2021 14:42:43 ResourceWatchDog INFO     {'ubuntu94025': Resource(node_name='ubuntu94025', cpu_allocatable=<Quantity(24, 'dimensionless')>, memory_allocatable=<Quantity(65626416, 'Ki')>, cpu_requested=<Quantity(2.72, 'dimensionless')>, memory_requested=<Quantity(3570766848, 'dimensionless')>, cpu_limit=<Quantity(22.4, 'dimensionless')>, memory_limit=<Quantity(15637779456, 'dimensionless')>, vram_free=[2074.4375, 17967.6875], vram_total=[11178.5, 24268.3125])}
10-23-2021 14:42:44 ResourceWatchDog INFO     Fetching resource information of cluster...
10-23-2021 14:42:44 ResourceWatchDog INFO     {'ubuntu94025': Resource(node_name='ubuntu94025', cpu_allocatable=<Quantity(24, 'dimensionless')>, memory_allocatable=<Quantity(65626416, 'Ki')>, cpu_requested=<Quantity(2.72, 'dimensionless')>, memory_requested=<Quantity(3570766848, 'dimensionless')>, cpu_limit=<Quantity(22.4, 'dimensionless')>, memory_limit=<Quantity(15637779456, 'dimensionless')>, vram_free=[2074.4375, 13445.6875], vram_total=[11178.5, 24268.3125])}
10-23-2021 14:42:48 ClusterManager INFO     Still alive...
10-23-2021 14:42:53 ResourceWatchDog INFO     Fetching job finish times...
10-23-2021 14:42:53 ResourceWatchDog INFO     Fetching resource information of cluster...
10-23-2021 14:42:53 ResourceWatchDog INFO     {'ubuntu94025': Resource(node_name='ubuntu94025', cpu_allocatable=<Quantity(24, 'dimensionless')>, memory_allocatable=<Quantity(65626416, 'Ki')>, cpu_requested=<Quantity(2.72, 'dimensionless')>, memory_requested=<Quantity(3570766848, 'dimensionless')>, cpu_limit=<Quantity(22.4, 'dimensionless')>, memory_limit=<Quantity(15637779456, 'dimensionless')>, vram_free=[7739.4375, 24264.6875], vram_total=[11178.5, 24268.3125])}
10-23-2021 14:42:58 ClusterManager INFO     Still alive...
10-23-2021 14:43:03 ResourceWatchDog INFO     Fetching job finish times...
10-23-2021 14:43:04 ResourceWatchDog INFO     Fetching resource information of cluster...
10-23-2021 14:43:04 ResourceWatchDog INFO     {'ubuntu94025': Resource(node_name='ubuntu94025', cpu_allocatable=<Quantity(24, 'dimensionless')>, memory_allocatable=<Quantity(65626416, 'Ki')>, cpu_requested=<Quantity(2.72, 'dimensionless')>, memory_requested=<Quantity(3570766848, 'dimensionless')>, cpu_limit=<Quantity(22.4, 'dimensionless')>, memory_limit=<Quantity(15637779456, 'dimensionless')>, vram_free=[7739.4375, 22815.6875], vram_total=[11178.5, 24268.3125])}
10-23-2021 14:43:08 ClusterManager INFO     Still alive...
10-23-2021 14:43:14 ResourceWatchDog INFO     Fetching job finish times...
10-23-2021 14:43:14 ResourceWatchDog INFO     Fetching resource information of cluster...
10-23-2021 14:43:14 ResourceWatchDog INFO     {'ubuntu94025': Resource(node_name='ubuntu94025', cpu_allocatable=<Quantity(24, 'dimensionless')>, memory_allocatable=<Quantity(65626416, 'Ki')>, cpu_requested=<Quantity(2.72, 'dimensionless')>, memory_requested=<Quantity(3570766848, 'dimensionless')>, cpu_limit=<Quantity(22.4, 'dimensionless')>, memory_limit=<Quantity(15637779456, 'dimensionless')>, vram_free=[11174.4375, 24264.6875], vram_total=[11178.5, 24268.3125])}
10-23-2021 14:43:18 ClusterManager INFO     Still alive...
10-23-2021 14:43:24 ResourceWatchDog INFO     Fetching job finish times...
10-23-2021 14:43:24 ResourceWatchDog INFO     Fetching resource information of cluster...
10-23-2021 14:43:25 ResourceWatchDog INFO     {'ubuntu94025': Resource(node_name='ubuntu94025', cpu_allocatable=<Quantity(24, 'dimensionless')>, memory_allocatable=<Quantity(65626416, 'Ki')>, cpu_requested=<Quantity(2.72, 'dimensionless')>, memory_requested=<Quantity(3570766848, 'dimensionless')>, cpu_limit=<Quantity(22.4, 'dimensionless')>, memory_limit=<Quantity(15637779456, 'dimensionless')>, vram_free=[11174.4375, 24264.6875], vram_total=[11178.5, 24268.3125])}
10-23-2021 14:43:28 ClusterManager INFO     Still alive...
10-23-2021 14:43:35 ResourceWatchDog INFO     Fetching job finish times...
10-23-2021 14:43:35 ResourceWatchDog INFO     Fetching resource information of cluster...
10-23-2021 14:43:35 ResourceWatchDog INFO     {'ubuntu94025': Resource(node_name='ubuntu94025', cpu_allocatable=<Quantity(24, 'dimensionless')>, memory_allocatable=<Quantity(65626416, 'Ki')>, cpu_requested=<Quantity(2.72, 'dimensionless')>, memory_requested=<Quantity(3570766848, 'dimensionless')>, cpu_limit=<Quantity(22.4, 'dimensionless')>, memory_limit=<Quantity(15637779456, 'dimensionless')>, vram_free=[11174.4375, 24264.6875], vram_total=[11178.5, 24268.3125])}
10-23-2021 14:43:38 ClusterManager INFO     Still alive...
10-23-2021 14:43:44 ResourceWatchDog INFO     Fetching resource information of cluster...
10-23-2021 14:43:44 ResourceWatchDog INFO     {'ubuntu94025': Resource(node_name='ubuntu94025', cpu_allocatable=<Quantity(24, 'dimensionless')>, memory_allocatable=<Quantity(65626416, 'Ki')>, cpu_requested=<Quantity(2.72, 'dimensionless')>, memory_requested=<Quantity(3570766848, 'dimensionless')>, cpu_limit=<Quantity(22.4, 'dimensionless')>, memory_limit=<Quantity(15637779456, 'dimensionless')>, vram_free=[11174.4375, 24264.6875], vram_total=[11178.5, 24268.3125])}
10-23-2021 14:43:45 ResourceWatchDog INFO     Fetching job finish times...
10-23-2021 14:43:45 ResourceWatchDog INFO     Fetching resource information of cluster...
10-23-2021 14:43:46 ResourceWatchDog INFO     {'ubuntu94025': Resource(node_name='ubuntu94025', cpu_allocatable=<Quantity(24, 'dimensionless')>, memory_allocatable=<Quantity(65626416, 'Ki')>, cpu_requested=<Quantity(2.72, 'dimensionless')>, memory_requested=<Quantity(3570766848, 'dimensionless')>, cpu_limit=<Quantity(22.4, 'dimensionless')>, memory_limit=<Quantity(15637779456, 'dimensionless')>, vram_free=[11174.4375, 24264.6875], vram_total=[11178.5, 24268.3125])}
10-23-2021 14:43:48 ClusterManager INFO     Still alive...
10-23-2021 14:43:56 ResourceWatchDog INFO     Fetching job finish times...
10-23-2021 14:43:56 ResourceWatchDog INFO     Fetching resource information of cluster...
10-23-2021 14:43:56 ResourceWatchDog INFO     {'ubuntu94025': Resource(node_name='ubuntu94025', cpu_allocatable=<Quantity(24, 'dimensionless')>, memory_allocatable=<Quantity(65626416, 'Ki')>, cpu_requested=<Quantity(2.72, 'dimensionless')>, memory_requested=<Quantity(3570766848, 'dimensionless')>, cpu_limit=<Quantity(22.4, 'dimensionless')>, memory_limit=<Quantity(15637779456, 'dimensionless')>, vram_free=[11174.4375, 24264.6875], vram_total=[11178.5, 24268.3125])}
10-23-2021 14:43:58 ClusterManager INFO     Still alive...
10-23-2021 14:44:06 ResourceWatchDog INFO     Fetching job finish times...
10-23-2021 14:44:06 ResourceWatchDog INFO     Fetching resource information of cluster...
10-23-2021 14:44:06 ResourceWatchDog INFO     {'ubuntu94025': Resource(node_name='ubuntu94025', cpu_allocatable=<Quantity(24, 'dimensionless')>, memory_allocatable=<Quantity(65626416, 'Ki')>, cpu_requested=<Quantity(2.72, 'dimensionless')>, memory_requested=<Quantity(3570766848, 'dimensionless')>, cpu_limit=<Quantity(22.4, 'dimensionless')>, memory_limit=<Quantity(15637779456, 'dimensionless')>, vram_free=[11174.4375, 24264.6875], vram_total=[11178.5, 24268.3125])}
10-23-2021 14:44:08 ClusterManager INFO     Still alive...
10-23-2021 14:44:16 ResourceWatchDog INFO     Fetching job finish times...
10-23-2021 14:44:17 ResourceWatchDog INFO     Fetching resource information of cluster...
10-23-2021 14:44:17 ResourceWatchDog INFO     {'ubuntu94025': Resource(node_name='ubuntu94025', cpu_allocatable=<Quantity(24, 'dimensionless')>, memory_allocatable=<Quantity(65626416, 'Ki')>, cpu_requested=<Quantity(2.72, 'dimensionless')>, memory_requested=<Quantity(3570766848, 'dimensionless')>, cpu_limit=<Quantity(22.4, 'dimensionless')>, memory_limit=<Quantity(15637779456, 'dimensionless')>, vram_free=[11174.4375, 24264.6875], vram_total=[11178.5, 24268.3125])}
10-23-2021 14:44:18 ClusterManager INFO     Still alive...
10-23-2021 14:44:27 ResourceWatchDog INFO     Fetching job finish times...
10-23-2021 14:44:27 ResourceWatchDog INFO     Fetching resource information of cluster...
10-23-2021 14:44:27 ResourceWatchDog INFO     {'ubuntu94025': Resource(node_name='ubuntu94025', cpu_allocatable=<Quantity(24, 'dimensionless')>, memory_allocatable=<Quantity(65626416, 'Ki')>, cpu_requested=<Quantity(2.72, 'dimensionless')>, memory_requested=<Quantity(3570766848, 'dimensionless')>, cpu_limit=<Quantity(22.4, 'dimensionless')>, memory_limit=<Quantity(15637779456, 'dimensionless')>, vram_free=[11174.4375, 24264.6875], vram_total=[11178.5, 24268.3125])}
10-23-2021 14:44:28 ClusterManager INFO     Still alive...
10-23-2021 14:44:37 ResourceWatchDog INFO     Fetching job finish times...
10-23-2021 14:44:38 ResourceWatchDog INFO     Fetching resource information of cluster...
10-23-2021 14:44:38 ResourceWatchDog INFO     {'ubuntu94025': Resource(node_name='ubuntu94025', cpu_allocatable=<Quantity(24, 'dimensionless')>, memory_allocatable=<Quantity(65626416, 'Ki')>, cpu_requested=<Quantity(2.72, 'dimensionless')>, memory_requested=<Quantity(3570766848, 'dimensionless')>, cpu_limit=<Quantity(22.4, 'dimensionless')>, memory_limit=<Quantity(15637779456, 'dimensionless')>, vram_free=[11174.4375, 24264.6875], vram_total=[11178.5, 24268.3125])}
10-23-2021 14:44:38 ClusterManager INFO     Still alive...




task_info {UUID('e2d596c4-7604-4cb8-97e5-a87166d2b97a'): ('style2ada', 1024, 'interpolation', 400, 'cuda:1', 8, 1), UUID('5c87ffdb-6d79-427a-8350-6fd45b17e194'): ('style1', 512, 'random', 100, 'cuda:1', 8, 1), UUID('0b3fd205-7bc5-4834-aeee-55f46ac691a0'): ('stylemap', 256, 'interpolation', 100, 'cuda:1', 8, 1), UUID('07d9749d-d128-4b59-b740-b96869d667ea'): ('mobile', 1024, 'random', 100, 'cuda:0', 8, 1), UUID('d21c4ee5-3b1b-4fb8-9858-5af903d50bfb'): ('style1', 512, 'random', 100, 'cuda:0', 8, 1), UUID('17d4eb6a-8c02-4940-b95a-659a2a1b5bcc'): ('stylemap', 256, 'random', 400, 'cuda:0', 8, 1), UUID('6073344b-e6c4-4fe9-a1ef-49ff09f8b0cd'): ('stylemap', 256, 'interpolation', 200, 'cuda:0', 8, 1), UUID('b2600611-58ed-4571-9ce5-5e7944e3a853'): ('anycost', 512, 'interpolation', 400, 'cuda:0', 8, 1), UUID('9a708948-f519-40fd-9a43-67cec454a0f3'): ('style1', 1024, 'interpolation', 400, 'cuda:1', 8, 1), UUID('0ce8fb2f-70f2-4a29-97bb-aac77599c0d0'): ('style2', 256, 'interpolation', 400, 'cuda:0', 8, 1), UUID('403054b2-b327-44ce-9025-0f25b47bfd90'): ('style1', 256, 'random', 200, 'cuda:0', 8, 1), UUID('d0f3bd02-4169-4fd0-9b88-7a0d39e365b2'): ('anycost', 256, 'interpolation', 200, 'cuda:0', 8, 1), UUID('a2c828fa-a4fa-44cc-84d7-e304d10d92fc'): ('stylemap', 1024, 'interpolation', 200, 'cuda:1', 8, 1), UUID('afd34eb5-72a5-4af6-9d6c-c490396e9afc'): ('style1', 256, 'random', 400, 'cuda:1', 8, 1), UUID('42803f95-e9bc-4522-b55e-0d9d24060db0'): ('stylemap', 512, 'random', 400, 'cuda:0', 8, 1), UUID('af6ea942-d342-4a75-81b9-85bc2f337fd7'): ('anycost', 512, 'random', 200, 'cuda:1', 8, 1), UUID('58f56554-efbd-41ce-878b-7a9faaa0a0cd'): ('mobile', 512, 'interpolation', 200, 'cuda:0', 8, 1), UUID('5a59c03d-4fa4-46d8-b912-526bc3c06685'): ('anycost', 1024, 'random', 800, 'cuda:0', 8, 1), UUID('c3518822-e28b-4268-9688-7fac3017265d'): ('style1', 256, 'interpolation', 100, 'cuda:0', 8, 1), UUID('a271d551-ce62-42e5-87fe-09dba92fc73a'): ('anycost', 512, 'interpolation', 400, 'cuda:0', 8, 1), UUID('574abb6a-1979-4c7b-8a5e-4f3dc6e17961'): ('swa', 512, 'random', 400, 'cuda:0', 8, 1), UUID('13268a89-0aec-481b-bc80-307afdcf2d96'): ('swa', 512, 'random', 100, 'cuda:0', 8, 1), UUID('0167e43d-f9d9-41d7-b826-a92beb76cf63'): ('anycost', 256, 'random', 400, 'cuda:0', 8, 1), UUID('923e7ca5-77aa-4947-9e1e-b94fcfbccd8d'): ('style1', 1024, 'random', 100, 'cuda:1', 8, 1), UUID('073e3040-eab7-4ad2-b47c-26b7b5379593'): ('mobile', 256, 'interpolation', 400, 'cuda:0', 8, 1), UUID('bc699e90-111d-4989-beb5-f8d28403e72a'): ('anycost', 256, 'random', 200, 'cuda:0', 8, 1), UUID('cde92932-7903-41ce-aa9a-321bfe5228b4'): ('anycost', 512, 'random', 800, 'cuda:1', 8, 1), UUID('467029d0-2ec6-4f87-95ea-b744a48ec6d6'): ('style1', 256, 'interpolation', 200, 'cuda:0', 8, 1), UUID('ea930776-3c47-473b-bab4-82e6ade4609f'): ('swa', 1024, 'random', 200, 'cuda:1', 8, 1), UUID('05b07ccf-7c66-4ed6-a3bb-5b8326099252'): ('mobile', 1024, 'random', 200, 'cuda:0', 8, 1), UUID('23755148-aed1-4f49-afea-e58ba63c2bac'): ('stylemap', 1024, 'random', 400, 'cuda:1', 8, 1), UUID('91b721fb-45e0-44d5-8f1f-d7a5f46aaa5b'): ('mobile', 1024, 'random', 400, 'cuda:0', 8, 1), UUID('4db45abd-5aa0-4bbf-aa62-c6e60f3e58aa'): ('mobile', 1024, 'random', 400, 'cuda:0', 8, 1), UUID('76177e84-1fe2-4e84-95bb-612c9fc0f46c'): ('style2ada', 1024, 'random', 100, 'cuda:1', 8, 1), UUID('423f3559-3aa8-4d4d-b8fb-1d5c071453e4'): ('style2ada', 256, 'interpolation', 100, 'cuda:0', 8, 1), UUID('9e4f9cdf-3cf6-4420-98dd-bb7184f86295'): ('stylemap', 256, 'random', 100, 'cuda:0', 8, 1), UUID('51233d93-6756-45a2-990a-c9f8a72178f3'): ('style2ada', 512, 'random', 400, 'cuda:0', 8, 1), UUID('7a354eda-1736-4f72-b8f2-bf7e28b855ed'): ('mobile', 256, 'interpolation', 200, 'cuda:0', 8, 1), UUID('752f7a04-e16c-42f2-93c8-4b406bb1608e'): ('style2', 512, 'interpolation', 400, 'cuda:0', 8, 1), UUID('9f16a97c-23fe-42a4-be59-849498c7d9e2'): ('mobile', 512, 'interpolation', 100, 'cuda:0', 8, 1), UUID('2000a5a7-8773-438b-8399-d338f609b0d3'): ('style1', 512, 'random', 100, 'cuda:0', 8, 1), UUID('e6d15a5a-cd76-4a49-adae-dd09ce318fc2'): ('mobile', 512, 'random', 200, 'cuda:0', 8, 1), UUID('0f75a5e7-d31d-4a5b-80a5-0bacdd3bbbcd'): ('style2ada', 1024, 'interpolation', 400, 'cuda:1', 8, 1), UUID('588169cb-4560-449c-9a35-0a914182f171'): ('style1', 512, 'random', 100, 'cuda:0', 8, 1), UUID('f2186665-55dc-4fb4-9643-17fde270e910'): ('stylemap', 512, 'random', 100, 'cuda:0', 8, 1), UUID('15e15d77-42df-4d94-b571-68eb362c0655'): ('stylemap', 256, 'interpolation', 200, 'cuda:0', 8, 1), UUID('bf1815c7-e1d2-4f90-9b57-563bd035d05e'): ('swa', 256, 'random', 100, 'cuda:0', 8, 1), UUID('58f284f9-56ee-4f84-bc0a-1c9a04172171'): ('swa', 256, 'interpolation', 400, 'cuda:0', 8, 1), UUID('09d77a1f-054a-47b3-b0f1-cbcf105e45f8'): ('style2ada', 512, 'random', 100, 'cuda:0', 8, 1), UUID('09717a1a-2c99-496e-bb8a-974fa240efce'): ('style1', 1024, 'interpolation', 200, 'cuda:1', 8, 1), UUID('08659068-4eb9-48c5-bb93-8d2eb2564c4c'): ('swa', 256, 'interpolation', 800, 'cuda:1', 8, 1), UUID('14960332-81ec-4d48-a5ea-b64fdc2446f8'): ('stylemap', 256, 'interpolation', 100, 'cuda:1', 8, 1), UUID('6532392a-4eb2-431b-ae5f-5b38698b013a'): ('style1', 512, 'random', 200, 'cuda:0', 8, 1), UUID('8dcbbc80-d622-4cf3-87d2-ff3cafdd1cd8'): ('style2ada', 256, 'random', 800, 'cuda:0', 8, 1), UUID('a9b7c3e0-55bf-4fa3-aa11-07c933b3ba8f'): ('swa', 1024, 'interpolation', 800, 'cuda:1', 8, 1), UUID('aaa931e2-18f3-4f29-a296-36cd10cef44d'): ('mobile', 1024, 'random', 200, 'cuda:0', 8, 1), UUID('67eab048-9e04-47a1-ae10-d500d3299547'): ('stylemap', 256, 'interpolation', 100, 'cuda:1', 8, 1), UUID('e9748b38-3aee-46bf-93d3-7a6c88d4ca91'): ('mobile', 1024, 'interpolation', 200, 'cuda:0', 8, 1), UUID('f424d64f-9a76-41b8-8904-5a76d88f23af'): ('style2', 512, 'interpolation', 100, 'cuda:0', 8, 1)}
arrival_times {UUID('e2d596c4-7604-4cb8-97e5-a87166d2b97a'): datetime.datetime(2021, 10, 23, 14, 32, 52, 986828), UUID('5c87ffdb-6d79-427a-8350-6fd45b17e194'): datetime.datetime(2021, 10, 23, 14, 32, 57, 998843), UUID('0b3fd205-7bc5-4834-aeee-55f46ac691a0'): datetime.datetime(2021, 10, 23, 14, 33, 8, 34777), UUID('07d9749d-d128-4b59-b740-b96869d667ea'): datetime.datetime(2021, 10, 23, 14, 33, 23, 54977), UUID('d21c4ee5-3b1b-4fb8-9858-5af903d50bfb'): datetime.datetime(2021, 10, 23, 14, 33, 28, 67782), UUID('17d4eb6a-8c02-4940-b95a-659a2a1b5bcc'): datetime.datetime(2021, 10, 23, 14, 33, 38, 88085), UUID('6073344b-e6c4-4fe9-a1ef-49ff09f8b0cd'): datetime.datetime(2021, 10, 23, 14, 33, 48, 103941), UUID('b2600611-58ed-4571-9ce5-5e7944e3a853'): datetime.datetime(2021, 10, 23, 14, 33, 58, 123237), UUID('9a708948-f519-40fd-9a43-67cec454a0f3'): datetime.datetime(2021, 10, 23, 14, 34, 3, 138835), UUID('0ce8fb2f-70f2-4a29-97bb-aac77599c0d0'): datetime.datetime(2021, 10, 23, 14, 34, 13, 154816), UUID('403054b2-b327-44ce-9025-0f25b47bfd90'): datetime.datetime(2021, 10, 23, 14, 34, 23, 166858), UUID('d0f3bd02-4169-4fd0-9b88-7a0d39e365b2'): datetime.datetime(2021, 10, 23, 14, 34, 33, 182844), UUID('a2c828fa-a4fa-44cc-84d7-e304d10d92fc'): datetime.datetime(2021, 10, 23, 14, 34, 43, 202440), UUID('afd34eb5-72a5-4af6-9d6c-c490396e9afc'): datetime.datetime(2021, 10, 23, 14, 34, 53, 214976), UUID('42803f95-e9bc-4522-b55e-0d9d24060db0'): datetime.datetime(2021, 10, 23, 14, 35, 3, 230805), UUID('af6ea942-d342-4a75-81b9-85bc2f337fd7'): datetime.datetime(2021, 10, 23, 14, 35, 8, 242863), UUID('58f56554-efbd-41ce-878b-7a9faaa0a0cd'): datetime.datetime(2021, 10, 23, 14, 35, 18, 265850), UUID('5a59c03d-4fa4-46d8-b912-526bc3c06685'): datetime.datetime(2021, 10, 23, 14, 35, 23, 274822), UUID('c3518822-e28b-4268-9688-7fac3017265d'): datetime.datetime(2021, 10, 23, 14, 35, 33, 290912), UUID('a271d551-ce62-42e5-87fe-09dba92fc73a'): datetime.datetime(2021, 10, 23, 14, 35, 38, 306818), UUID('574abb6a-1979-4c7b-8a5e-4f3dc6e17961'): datetime.datetime(2021, 10, 23, 14, 35, 43, 318844), UUID('13268a89-0aec-481b-bc80-307afdcf2d96'): datetime.datetime(2021, 10, 23, 14, 35, 53, 330815), UUID('0167e43d-f9d9-41d7-b826-a92beb76cf63'): datetime.datetime(2021, 10, 23, 14, 36, 3, 346839), UUID('923e7ca5-77aa-4947-9e1e-b94fcfbccd8d'): datetime.datetime(2021, 10, 23, 14, 36, 13, 370867), UUID('073e3040-eab7-4ad2-b47c-26b7b5379593'): datetime.datetime(2021, 10, 23, 14, 36, 18, 378875), UUID('bc699e90-111d-4989-beb5-f8d28403e72a'): datetime.datetime(2021, 10, 23, 14, 36, 33, 394940), UUID('cde92932-7903-41ce-aa9a-321bfe5228b4'): datetime.datetime(2021, 10, 23, 14, 36, 43, 415600), UUID('467029d0-2ec6-4f87-95ea-b744a48ec6d6'): datetime.datetime(2021, 10, 23, 14, 36, 58, 434967), UUID('ea930776-3c47-473b-bab4-82e6ade4609f'): datetime.datetime(2021, 10, 23, 14, 37, 8, 451932), UUID('05b07ccf-7c66-4ed6-a3bb-5b8326099252'): datetime.datetime(2021, 10, 23, 14, 37, 18, 470840), UUID('23755148-aed1-4f49-afea-e58ba63c2bac'): datetime.datetime(2021, 10, 23, 14, 37, 28, 496974), UUID('91b721fb-45e0-44d5-8f1f-d7a5f46aaa5b'): datetime.datetime(2021, 10, 23, 14, 37, 38, 534855), UUID('4db45abd-5aa0-4bbf-aa62-c6e60f3e58aa'): datetime.datetime(2021, 10, 23, 14, 37, 48, 554822), UUID('76177e84-1fe2-4e84-95bb-612c9fc0f46c'): datetime.datetime(2021, 10, 23, 14, 38, 3, 574972), UUID('423f3559-3aa8-4d4d-b8fb-1d5c071453e4'): datetime.datetime(2021, 10, 23, 14, 38, 18, 599813), UUID('9e4f9cdf-3cf6-4420-98dd-bb7184f86295'): datetime.datetime(2021, 10, 23, 14, 38, 28, 617013), UUID('51233d93-6756-45a2-990a-c9f8a72178f3'): datetime.datetime(2021, 10, 23, 14, 38, 38, 634839), UUID('7a354eda-1736-4f72-b8f2-bf7e28b855ed'): datetime.datetime(2021, 10, 23, 14, 38, 48, 651026), UUID('752f7a04-e16c-42f2-93c8-4b406bb1608e'): datetime.datetime(2021, 10, 23, 14, 39, 3, 679015), UUID('9f16a97c-23fe-42a4-be59-849498c7d9e2'): datetime.datetime(2021, 10, 23, 14, 39, 13, 700172), UUID('2000a5a7-8773-438b-8399-d338f609b0d3'): datetime.datetime(2021, 10, 23, 14, 39, 18, 710805), UUID('e6d15a5a-cd76-4a49-adae-dd09ce318fc2'): datetime.datetime(2021, 10, 23, 14, 39, 28, 727901), UUID('0f75a5e7-d31d-4a5b-80a5-0bacdd3bbbcd'): datetime.datetime(2021, 10, 23, 14, 39, 38, 744015), UUID('588169cb-4560-449c-9a35-0a914182f171'): datetime.datetime(2021, 10, 23, 14, 39, 53, 764874), UUID('f2186665-55dc-4fb4-9643-17fde270e910'): datetime.datetime(2021, 10, 23, 14, 40, 3, 782809), UUID('15e15d77-42df-4d94-b571-68eb362c0655'): datetime.datetime(2021, 10, 23, 14, 40, 8, 790848), UUID('bf1815c7-e1d2-4f90-9b57-563bd035d05e'): datetime.datetime(2021, 10, 23, 14, 40, 18, 806505), UUID('58f284f9-56ee-4f84-bc0a-1c9a04172171'): datetime.datetime(2021, 10, 23, 14, 40, 23, 814859), UUID('09d77a1f-054a-47b3-b0f1-cbcf105e45f8'): datetime.datetime(2021, 10, 23, 14, 40, 38, 834937), UUID('09717a1a-2c99-496e-bb8a-974fa240efce'): datetime.datetime(2021, 10, 23, 14, 40, 48, 850818), UUID('08659068-4eb9-48c5-bb93-8d2eb2564c4c'): datetime.datetime(2021, 10, 23, 14, 41, 8, 870932), UUID('14960332-81ec-4d48-a5ea-b64fdc2446f8'): datetime.datetime(2021, 10, 23, 14, 41, 18, 887072), UUID('6532392a-4eb2-431b-ae5f-5b38698b013a'): datetime.datetime(2021, 10, 23, 14, 41, 28, 908436), UUID('a307d4ee-15dc-4016-8c0f-6bbc9cb97a2a'): datetime.datetime(2021, 10, 23, 14, 41, 38, 947598), UUID('8dcbbc80-d622-4cf3-87d2-ff3cafdd1cd8'): datetime.datetime(2021, 10, 23, 14, 41, 38, 947649), UUID('a9b7c3e0-55bf-4fa3-aa11-07c933b3ba8f'): datetime.datetime(2021, 10, 23, 14, 41, 53, 976184), UUID('aaa931e2-18f3-4f29-a296-36cd10cef44d'): datetime.datetime(2021, 10, 23, 14, 42, 3, 991153), UUID('67eab048-9e04-47a1-ae10-d500d3299547'): datetime.datetime(2021, 10, 23, 14, 42, 9, 2849), UUID('e9748b38-3aee-46bf-93d3-7a6c88d4ca91'): datetime.datetime(2021, 10, 23, 14, 42, 19, 18841), UUID('f424d64f-9a76-41b8-8904-5a76d88f23af'): datetime.datetime(2021, 10, 23, 14, 42, 29, 31601)}




id,network,job_type,image_size,num_imgs,device,batch_size,data_parallelism,response_time
e2d596c4,style2ada,interpolation,1024,400,cuda:1,8,1,51013
5c87ffdb,style1,random,512,100,cuda:1,8,1,14001
0b3fd205,stylemap,interpolation,256,100,cuda:1,8,1,29965
07d9749d,mobile,random,1024,100,cuda:0,8,1,10945
d21c4ee5,style1,random,512,100,cuda:0,8,1,8932
17d4eb6a,stylemap,random,256,400,cuda:0,8,1,21911
6073344b,stylemap,interpolation,256,200,cuda:0,8,1,51896
b2600611,anycost,interpolation,512,400,cuda:0,8,1,18876
9a708948,style1,interpolation,1024,400,cuda:1,8,1,25861
0ce8fb2f,style2,interpolation,256,400,cuda:0,8,1,13845
403054b2,style1,random,256,200,cuda:0,8,1,7833
d0f3bd02,anycost,interpolation,256,200,cuda:0,8,1,11817
a2c828fa,stylemap,interpolation,1024,200,cuda:1,8,1,-1
afd34eb5,style1,random,256,400,cuda:1,8,1,18785
42803f95,stylemap,random,512,400,cuda:0,8,1,38769
af6ea942,anycost,random,512,200,cuda:1,8,1,41757
58f56554,mobile,interpolation,512,200,cuda:0,8,1,39734
5a59c03d,anycost,random,1024,800,cuda:0,8,1,57725
c3518822,style1,interpolation,256,100,cuda:0,8,1,9709
a271d551,anycost,interpolation,512,400,cuda:0,8,1,81693
574abb6a,swa,random,512,400,cuda:0,8,1,80681
13268a89,swa,random,512,100,cuda:0,8,1,15669
0167e43d,anycost,random,256,400,cuda:0,8,1,17653
923e7ca5,style1,random,1024,100,cuda:1,8,1,17629
073e3040,mobile,interpolation,256,400,cuda:0,8,1,8621
bc699e90,anycost,random,256,200,cuda:0,8,1,10605
cde92932,anycost,random,512,800,cuda:1,8,1,53584
467029d0,style1,interpolation,256,200,cuda:0,8,1,7565
ea930776,swa,random,1024,200,cuda:1,8,1,35548
05b07ccf,mobile,random,1024,200,cuda:0,8,1,10529
23755148,stylemap,random,1024,400,cuda:1,8,1,-1
91b721fb,mobile,random,1024,400,cuda:0,8,1,15465
4db45abd,mobile,random,1024,400,cuda:0,8,1,14445
76177e84,style2ada,random,1024,100,cuda:1,8,1,22425
423f3559,style2ada,interpolation,256,100,cuda:0,8,1,9400
9e4f9cdf,stylemap,random,256,100,cuda:0,8,1,15382
51233d93,style2ada,random,512,400,cuda:0,8,1,13365
7a354eda,mobile,interpolation,256,200,cuda:0,8,1,8348
752f7a04,style2,interpolation,512,400,cuda:0,8,1,17320
9f16a97c,mobile,interpolation,512,100,cuda:0,8,1,13299
2000a5a7,style1,random,512,100,cuda:0,8,1,9289
e6d15a5a,mobile,random,512,200,cuda:0,8,1,8272
0f75a5e7,style2ada,interpolation,1024,400,cuda:1,8,1,40255
588169cb,style1,random,512,100,cuda:0,8,1,7235
f2186665,stylemap,random,512,100,cuda:0,8,1,22217
15e15d77,stylemap,interpolation,256,200,cuda:0,8,1,29209
bf1815c7,swa,random,256,100,cuda:0,8,1,28193
58f284f9,swa,interpolation,256,400,cuda:0,8,1,22185
09d77a1f,style2ada,random,512,100,cuda:0,8,1,12165
09717a1a,style1,interpolation,1024,200,cuda:1,8,1,21149
08659068,swa,interpolation,256,800,cuda:1,8,1,24129
14960332,stylemap,interpolation,256,100,cuda:1,8,1,26112
6532392a,style1,random,512,200,cuda:0,8,1,8091
Traceback (most recent call last):
  File "/usr/lib/python3.8/runpy.py", line 194, in _run_module_as_main
    return _run_code(code, main_globals, None,
  File "/usr/lib/python3.8/runpy.py", line 87, in _run_code
    exec(code, run_globals)
  File "/opt/federation-lab/fltk/__main__.py", line 86, in <module>
    __main__()
  File "/opt/federation-lab/fltk/__main__.py", line 38, in __main__
    cluster_start(arguments, config)
  File "/opt/federation-lab/fltk/__main__.py", line 62, in cluster_start
    launch_orchestrator(args=args, conf=configuration)
  File "/opt/federation-lab/fltk/launch.py", line 127, in launch_orchestrator
    pool.apply(orchestrator.run)
  File "/usr/lib/python3.8/multiprocessing/pool.py", line 357, in apply
    return self.apply_async(func, args, kwds).get()
  File "/usr/lib/python3.8/multiprocessing/pool.py", line 771, in get
    raise self._value
  File "/usr/lib/python3.8/multiprocessing/pool.py", line 125, in worker
    result = (True, func(*args, **kwds))
  File "/opt/federation-lab/fltk/orchestrator.py", line 168, in run
    self.stop()
  File "/opt/federation-lab/fltk/orchestrator.py", line 70, in stop
    network, image_size, job_type, num_imgs, device, batch_size, data_parallelism = self.task_info[id]
KeyError: UUID('a307d4ee-15dc-4016-8c0f-6bbc9cb97a2a')
