/usr/local/lib/python3.8/dist-packages/dataclasses_json/core.py:171: RuntimeWarning: `NoneType` object value of non-optional type config_path detected when decoding BareConfig.
  warnings.warn(f"`NoneType` object {warning}.", RuntimeWarning)
10-23-2021 13:41:22 root         INFO     Starting in cluster mode.
10-23-2021 13:41:22 root         INFO     Starting as Orchestrator
10-23-2021 13:41:22 root         INFO     Starting Orchestrator, initializing resources....
10-23-2021 13:41:22 root         INFO     Loading in cluster configuration file
10-23-2021 13:41:22 root         INFO     Pointing configuration to in cluster configuration.
10-23-2021 13:41:22 root         INFO     Starting cluster manager
10-23-2021 13:41:22 ClusterManager INFO     Spinning up cluster manager...
10-23-2021 13:41:22 ResourceWatchDog INFO     Starting resource watchdog
10-23-2021 13:41:22 ClusterManager INFO     Still alive...
10-23-2021 13:41:22 ResourceWatchDog INFO     Fetching node information of cluster...
10-23-2021 13:41:22 root         INFO     Starting arrival generator
10-23-2021 13:41:22 root         INFO     Starting orchestrator
10-23-2021 13:41:22 StyleGANExperimentGenerator INFO     Starting execution of arrival generator...
10-23-2021 13:41:22 Orchestrator INFO     Clearing old jobs in current namespace: default
10-23-2021 13:41:22 StyleGANExperimentGenerator INFO     Populating tick lists with initial arrivals
10-23-2021 13:41:22 StyleGANExperimentGenerator INFO     Creating task for StyleGANInferenceJob
15
10-23-2021 13:41:22 ResourceWatchDog INFO     Starting with watching resources
10-23-2021 13:41:32 ClusterManager INFO     Still alive...
10-23-2021 13:41:32 ResourceWatchDog INFO     Fetching job finish times...
10-23-2021 13:41:32 ResourceWatchDog INFO     Fetching resource information of cluster...
10-23-2021 13:41:33 ResourceWatchDog INFO     {'ubuntu94025': Resource(node_name='ubuntu94025', cpu_allocatable=<Quantity(24, 'dimensionless')>, memory_allocatable=<Quantity(65626416, 'Ki')>, cpu_requested=<Quantity(2.72, 'dimensionless')>, memory_requested=<Quantity(3570766848, 'dimensionless')>, cpu_limit=<Quantity(22.4, 'dimensionless')>, memory_limit=<Quantity(15637779456, 'dimensionless')>, vram_free=[11174.4375, 24264.6875], vram_total=[11178.5, 24268.3125])}
10-23-2021 13:41:39 StyleGANExperimentGenerator INFO     Creating task for StyleGANInferenceJob
15
10-23-2021 13:41:42 ClusterManager INFO     Still alive...
10-23-2021 13:41:42 Orchestrator INFO     Scheduling arrival of Arrival: d0d76b9e-4830-4217-a698-8e6ec166f88b
10-23-2021 13:41:42 Orchestrator INFO     Deploying on cluster: d0d76b9e-4830-4217-a698-8e6ec166f88b
10-23-2021 13:41:43 ResourceWatchDog INFO     Fetching job finish times...
10-23-2021 13:41:43 ResourceWatchDog INFO     Fetching resource information of cluster...
10-23-2021 13:41:43 ResourceWatchDog INFO     {'ubuntu94025': Resource(node_name='ubuntu94025', cpu_allocatable=<Quantity(24, 'dimensionless')>, memory_allocatable=<Quantity(65626416, 'Ki')>, cpu_requested=<Quantity(2.72, 'dimensionless')>, memory_requested=<Quantity(3570766848, 'dimensionless')>, cpu_limit=<Quantity(22.4, 'dimensionless')>, memory_limit=<Quantity(15637779456, 'dimensionless')>, vram_free=[11174.4375, 24264.6875], vram_total=[11178.5, 24268.3125])}
10-23-2021 13:41:49 StyleGANExperimentGenerator INFO     Creating task for StyleGANInferenceJob
15
10-23-2021 13:41:52 ClusterManager INFO     Still alive...
10-23-2021 13:41:52 Orchestrator INFO     Scheduling arrival of Arrival: e40ad6a9-f3ef-4136-89e9-06fa1d0bd4b4
10-23-2021 13:41:52 Orchestrator INFO     Deploying on cluster: e40ad6a9-f3ef-4136-89e9-06fa1d0bd4b4
10-23-2021 13:41:53 ResourceWatchDog INFO     Fetching job finish times...
10-23-2021 13:41:53 ResourceWatchDog INFO     Fetching resource information of cluster...
10-23-2021 13:41:53 ResourceWatchDog INFO     {'ubuntu94025': Resource(node_name='ubuntu94025', cpu_allocatable=<Quantity(24, 'dimensionless')>, memory_allocatable=<Quantity(65626416, 'Ki')>, cpu_requested=<Quantity(2.72, 'dimensionless')>, memory_requested=<Quantity(3570766848, 'dimensionless')>, cpu_limit=<Quantity(22.4, 'dimensionless')>, memory_limit=<Quantity(15637779456, 'dimensionless')>, vram_free=[11174.4375, 24264.6875], vram_total=[11178.5, 24268.3125])}
10-23-2021 13:42:02 ClusterManager INFO     Still alive...
10-23-2021 13:42:03 ResourceWatchDog INFO     Fetching job finish times...
10-23-2021 13:42:03 ResourceWatchDog INFO     Fetching resource information of cluster...
10-23-2021 13:42:03 ResourceWatchDog INFO     {'ubuntu94025': Resource(node_name='ubuntu94025', cpu_allocatable=<Quantity(24, 'dimensionless')>, memory_allocatable=<Quantity(65626416, 'Ki')>, cpu_requested=<Quantity(2.72, 'dimensionless')>, memory_requested=<Quantity(3570766848, 'dimensionless')>, cpu_limit=<Quantity(22.4, 'dimensionless')>, memory_limit=<Quantity(15637779456, 'dimensionless')>, vram_free=[11174.4375, 19111.6875], vram_total=[11178.5, 24268.3125])}
10-23-2021 13:42:05 StyleGANExperimentGenerator INFO     Creating task for StyleGANInferenceJob
15
10-23-2021 13:42:07 Orchestrator INFO     Scheduling arrival of Arrival: 954c1b9b-d25e-444a-ad62-b3036a034c24
10-23-2021 13:42:07 Orchestrator INFO     Deploying on cluster: 954c1b9b-d25e-444a-ad62-b3036a034c24
10-23-2021 13:42:12 ClusterManager INFO     Still alive...
10-23-2021 13:42:13 ResourceWatchDog INFO     Fetching job finish times...
10-23-2021 13:42:14 ResourceWatchDog INFO     Fetching resource information of cluster...
10-23-2021 13:42:14 ResourceWatchDog INFO     {'ubuntu94025': Resource(node_name='ubuntu94025', cpu_allocatable=<Quantity(24, 'dimensionless')>, memory_allocatable=<Quantity(65626416, 'Ki')>, cpu_requested=<Quantity(2.72, 'dimensionless')>, memory_requested=<Quantity(3570766848, 'dimensionless')>, cpu_limit=<Quantity(22.4, 'dimensionless')>, memory_limit=<Quantity(15637779456, 'dimensionless')>, vram_free=[1283.4375, 24264.6875], vram_total=[11178.5, 24268.3125])}
10-23-2021 13:42:22 ClusterManager INFO     Still alive...
10-23-2021 13:42:23 ResourceWatchDog INFO     Fetching resource information of cluster...
10-23-2021 13:42:23 ResourceWatchDog INFO     {'ubuntu94025': Resource(node_name='ubuntu94025', cpu_allocatable=<Quantity(24, 'dimensionless')>, memory_allocatable=<Quantity(65626416, 'Ki')>, cpu_requested=<Quantity(2.72, 'dimensionless')>, memory_requested=<Quantity(3570766848, 'dimensionless')>, cpu_limit=<Quantity(22.4, 'dimensionless')>, memory_limit=<Quantity(15637779456, 'dimensionless')>, vram_free=[5955.4375, 24264.6875], vram_total=[11178.5, 24268.3125])}
10-23-2021 13:42:24 ResourceWatchDog INFO     Fetching job finish times...
10-23-2021 13:42:24 ResourceWatchDog INFO     Fetching resource information of cluster...
10-23-2021 13:42:24 ResourceWatchDog INFO     {'ubuntu94025': Resource(node_name='ubuntu94025', cpu_allocatable=<Quantity(24, 'dimensionless')>, memory_allocatable=<Quantity(65626416, 'Ki')>, cpu_requested=<Quantity(2.72, 'dimensionless')>, memory_requested=<Quantity(3570766848, 'dimensionless')>, cpu_limit=<Quantity(22.4, 'dimensionless')>, memory_limit=<Quantity(15637779456, 'dimensionless')>, vram_free=[5955.4375, 24264.6875], vram_total=[11178.5, 24268.3125])}
10-23-2021 13:42:24 StyleGANExperimentGenerator INFO     Creating task for StyleGANInferenceJob
15
10-23-2021 13:42:27 Orchestrator INFO     Scheduling arrival of Arrival: fa5b4bab-eb57-4d56-b3ab-04892eb2bb86
10-23-2021 13:42:27 Orchestrator INFO     Deploying on cluster: fa5b4bab-eb57-4d56-b3ab-04892eb2bb86
10-23-2021 13:42:32 ClusterManager INFO     Still alive...
10-23-2021 13:42:34 ResourceWatchDog INFO     Fetching job finish times...
10-23-2021 13:42:34 ResourceWatchDog INFO     Fetching resource information of cluster...
10-23-2021 13:42:35 ResourceWatchDog INFO     {'ubuntu94025': Resource(node_name='ubuntu94025', cpu_allocatable=<Quantity(24, 'dimensionless')>, memory_allocatable=<Quantity(65626416, 'Ki')>, cpu_requested=<Quantity(2.72, 'dimensionless')>, memory_requested=<Quantity(3570766848, 'dimensionless')>, cpu_limit=<Quantity(22.4, 'dimensionless')>, memory_limit=<Quantity(15637779456, 'dimensionless')>, vram_free=[4946.4375, 23799.6875], vram_total=[11178.5, 24268.3125])}
10-23-2021 13:42:35 StyleGANExperimentGenerator INFO     Creating task for StyleGANInferenceJob
15
10-23-2021 13:42:37 Orchestrator INFO     Scheduling arrival of Arrival: e85d074b-f3a0-4a1d-a5d2-8e8aaebeb19a
10-23-2021 13:42:37 Orchestrator INFO     Deploying on cluster: e85d074b-f3a0-4a1d-a5d2-8e8aaebeb19a
10-23-2021 13:42:42 ClusterManager INFO     Still alive...
10-23-2021 13:42:45 ResourceWatchDog INFO     Fetching job finish times...
10-23-2021 13:42:45 ResourceWatchDog INFO     Fetching resource information of cluster...
10-23-2021 13:42:45 ResourceWatchDog INFO     {'ubuntu94025': Resource(node_name='ubuntu94025', cpu_allocatable=<Quantity(24, 'dimensionless')>, memory_allocatable=<Quantity(65626416, 'Ki')>, cpu_requested=<Quantity(2.72, 'dimensionless')>, memory_requested=<Quantity(3570766848, 'dimensionless')>, cpu_limit=<Quantity(22.4, 'dimensionless')>, memory_limit=<Quantity(15637779456, 'dimensionless')>, vram_free=[10721.4375, 21349.6875], vram_total=[11178.5, 24268.3125])}
15
10-23-2021 13:42:48 StyleGANExperimentGenerator INFO     Creating task for StyleGANInferenceJob
10-23-2021 13:42:52 ClusterManager INFO     Still alive...
10-23-2021 13:42:52 Orchestrator INFO     Scheduling arrival of Arrival: 3c22bba7-b063-4887-aee5-0f2eaad10723
10-23-2021 13:42:52 Orchestrator INFO     Deploying on cluster: 3c22bba7-b063-4887-aee5-0f2eaad10723
10-23-2021 13:42:55 ResourceWatchDog INFO     Fetching job finish times...
10-23-2021 13:42:55 ResourceWatchDog INFO     Fetching resource information of cluster...
10-23-2021 13:42:55 ResourceWatchDog INFO     {'ubuntu94025': Resource(node_name='ubuntu94025', cpu_allocatable=<Quantity(24, 'dimensionless')>, memory_allocatable=<Quantity(65626416, 'Ki')>, cpu_requested=<Quantity(2.72, 'dimensionless')>, memory_requested=<Quantity(3570766848, 'dimensionless')>, cpu_limit=<Quantity(22.4, 'dimensionless')>, memory_limit=<Quantity(15637779456, 'dimensionless')>, vram_free=[4639.4375, 24264.6875], vram_total=[11178.5, 24268.3125])}
10-23-2021 13:43:02 ClusterManager INFO     Still alive...
10-23-2021 13:43:02 StyleGANExperimentGenerator INFO     Creating task for StyleGANInferenceJob
15
10-23-2021 13:43:02 Orchestrator INFO     Scheduling arrival of Arrival: 60b19600-b1e6-47e2-88a1-69b8cc90d5e7
10-23-2021 13:43:02 Orchestrator INFO     Deploying on cluster: 60b19600-b1e6-47e2-88a1-69b8cc90d5e7
10-23-2021 13:43:05 ResourceWatchDog INFO     Fetching job finish times...
10-23-2021 13:43:05 ResourceWatchDog INFO     Fetching resource information of cluster...
10-23-2021 13:43:06 ResourceWatchDog INFO     {'ubuntu94025': Resource(node_name='ubuntu94025', cpu_allocatable=<Quantity(24, 'dimensionless')>, memory_allocatable=<Quantity(65626416, 'Ki')>, cpu_requested=<Quantity(2.72, 'dimensionless')>, memory_requested=<Quantity(3570766848, 'dimensionless')>, cpu_limit=<Quantity(22.4, 'dimensionless')>, memory_limit=<Quantity(15637779456, 'dimensionless')>, vram_free=[4639.4375, 23027.6875], vram_total=[11178.5, 24268.3125])}
10-23-2021 13:43:12 ClusterManager INFO     Still alive...
10-23-2021 13:43:16 ResourceWatchDog INFO     Fetching job finish times...
10-23-2021 13:43:16 ResourceWatchDog INFO     Fetching resource information of cluster...
10-23-2021 13:43:16 ResourceWatchDog INFO     {'ubuntu94025': Resource(node_name='ubuntu94025', cpu_allocatable=<Quantity(24, 'dimensionless')>, memory_allocatable=<Quantity(65626416, 'Ki')>, cpu_requested=<Quantity(2.72, 'dimensionless')>, memory_requested=<Quantity(3570766848, 'dimensionless')>, cpu_limit=<Quantity(22.4, 'dimensionless')>, memory_limit=<Quantity(15637779456, 'dimensionless')>, vram_free=[11174.4375, 15465.6875], vram_total=[11178.5, 24268.3125])}
10-23-2021 13:43:18 StyleGANExperimentGenerator INFO     Creating task for StyleGANInferenceJob
15
10-23-2021 13:43:22 ClusterManager INFO     Still alive...
10-23-2021 13:43:22 Orchestrator INFO     Scheduling arrival of Arrival: 5d77b8be-762b-4158-965e-047a9826d670
10-23-2021 13:43:22 Orchestrator INFO     Deploying on cluster: 5d77b8be-762b-4158-965e-047a9826d670
10-23-2021 13:43:24 ResourceWatchDog INFO     Fetching resource information of cluster...
10-23-2021 13:43:24 ResourceWatchDog INFO     {'ubuntu94025': Resource(node_name='ubuntu94025', cpu_allocatable=<Quantity(24, 'dimensionless')>, memory_allocatable=<Quantity(65626416, 'Ki')>, cpu_requested=<Quantity(2.72, 'dimensionless')>, memory_requested=<Quantity(3570766848, 'dimensionless')>, cpu_limit=<Quantity(22.4, 'dimensionless')>, memory_limit=<Quantity(15637779456, 'dimensionless')>, vram_free=[11174.4375, 24264.6875], vram_total=[11178.5, 24268.3125])}
10-23-2021 13:43:26 ResourceWatchDog INFO     Fetching job finish times...
10-23-2021 13:43:26 ResourceWatchDog INFO     Fetching resource information of cluster...
10-23-2021 13:43:26 ResourceWatchDog INFO     {'ubuntu94025': Resource(node_name='ubuntu94025', cpu_allocatable=<Quantity(24, 'dimensionless')>, memory_allocatable=<Quantity(65626416, 'Ki')>, cpu_requested=<Quantity(2.72, 'dimensionless')>, memory_requested=<Quantity(3570766848, 'dimensionless')>, cpu_limit=<Quantity(22.4, 'dimensionless')>, memory_limit=<Quantity(15637779456, 'dimensionless')>, vram_free=[11174.4375, 23747.6875], vram_total=[11178.5, 24268.3125])}
10-23-2021 13:43:30 StyleGANExperimentGenerator INFO     Creating task for StyleGANInferenceJob
15
10-23-2021 13:43:32 ClusterManager INFO     Still alive...
10-23-2021 13:43:32 Orchestrator INFO     Scheduling arrival of Arrival: 3f26dc13-fa50-4900-8b6a-aa49fce58621
10-23-2021 13:43:32 Orchestrator INFO     Deploying on cluster: 3f26dc13-fa50-4900-8b6a-aa49fce58621
10-23-2021 13:43:36 ResourceWatchDog INFO     Fetching job finish times...
10-23-2021 13:43:36 ResourceWatchDog INFO     Fetching resource information of cluster...
10-23-2021 13:43:37 ResourceWatchDog INFO     {'ubuntu94025': Resource(node_name='ubuntu94025', cpu_allocatable=<Quantity(24, 'dimensionless')>, memory_allocatable=<Quantity(65626416, 'Ki')>, cpu_requested=<Quantity(2.72, 'dimensionless')>, memory_requested=<Quantity(3570766848, 'dimensionless')>, cpu_limit=<Quantity(22.4, 'dimensionless')>, memory_limit=<Quantity(15637779456, 'dimensionless')>, vram_free=[10917.4375, 24264.6875], vram_total=[11178.5, 24268.3125])}
10-23-2021 13:43:42 ClusterManager INFO     Still alive...
10-23-2021 13:43:44 StyleGANExperimentGenerator INFO     Creating task for StyleGANInferenceJob
15
10-23-2021 13:43:47 ResourceWatchDog INFO     Fetching job finish times...
10-23-2021 13:43:47 ResourceWatchDog INFO     Fetching resource information of cluster...
10-23-2021 13:43:47 ResourceWatchDog INFO     {'ubuntu94025': Resource(node_name='ubuntu94025', cpu_allocatable=<Quantity(24, 'dimensionless')>, memory_allocatable=<Quantity(65626416, 'Ki')>, cpu_requested=<Quantity(2.72, 'dimensionless')>, memory_requested=<Quantity(3570766848, 'dimensionless')>, cpu_limit=<Quantity(22.4, 'dimensionless')>, memory_limit=<Quantity(15637779456, 'dimensionless')>, vram_free=[5955.4375, 24264.6875], vram_total=[11178.5, 24268.3125])}
10-23-2021 13:43:47 Orchestrator INFO     Scheduling arrival of Arrival: 0d9ecd66-3be2-4316-8a97-89b4f5aceca2
10-23-2021 13:43:47 Orchestrator INFO     Deploying on cluster: 0d9ecd66-3be2-4316-8a97-89b4f5aceca2
10-23-2021 13:43:52 ClusterManager INFO     Still alive...
10-23-2021 13:43:55 StyleGANExperimentGenerator INFO     Creating task for StyleGANInferenceJob
15
10-23-2021 13:43:57 ResourceWatchDog INFO     Fetching job finish times...
10-23-2021 13:43:57 ResourceWatchDog INFO     Fetching resource information of cluster...
10-23-2021 13:43:57 ResourceWatchDog INFO     {'ubuntu94025': Resource(node_name='ubuntu94025', cpu_allocatable=<Quantity(24, 'dimensionless')>, memory_allocatable=<Quantity(65626416, 'Ki')>, cpu_requested=<Quantity(2.72, 'dimensionless')>, memory_requested=<Quantity(3570766848, 'dimensionless')>, cpu_limit=<Quantity(22.4, 'dimensionless')>, memory_limit=<Quantity(15637779456, 'dimensionless')>, vram_free=[5955.4375, 4569.6875], vram_total=[11178.5, 24268.3125])}
10-23-2021 13:43:57 Orchestrator INFO     Scheduling arrival of Arrival: 8c0926f4-e063-4a8d-a419-4cad825180cb
10-23-2021 13:43:57 Orchestrator INFO     Deploying on cluster: 8c0926f4-e063-4a8d-a419-4cad825180cb
10-23-2021 13:44:02 ClusterManager INFO     Still alive...
10-23-2021 13:44:07 ResourceWatchDog INFO     Fetching job finish times...
10-23-2021 13:44:07 ResourceWatchDog INFO     Fetching resource information of cluster...
10-23-2021 13:44:08 ResourceWatchDog INFO     {'ubuntu94025': Resource(node_name='ubuntu94025', cpu_allocatable=<Quantity(24, 'dimensionless')>, memory_allocatable=<Quantity(65626416, 'Ki')>, cpu_requested=<Quantity(2.72, 'dimensionless')>, memory_requested=<Quantity(3570766848, 'dimensionless')>, cpu_limit=<Quantity(22.4, 'dimensionless')>, memory_limit=<Quantity(15637779456, 'dimensionless')>, vram_free=[6069.4375, 4565.6875], vram_total=[11178.5, 24268.3125])}
10-23-2021 13:44:11 StyleGANExperimentGenerator INFO     Creating task for StyleGANInferenceJob
15
10-23-2021 13:44:12 ClusterManager INFO     Still alive...
10-23-2021 13:44:13 Orchestrator INFO     Scheduling arrival of Arrival: 3c5adb83-c7ef-479d-bc5b-c35cf566ba55
10-23-2021 13:44:13 Orchestrator INFO     Deploying on cluster: 3c5adb83-c7ef-479d-bc5b-c35cf566ba55
10-23-2021 13:44:18 ResourceWatchDog INFO     Fetching job finish times...
10-23-2021 13:44:18 ResourceWatchDog INFO     Fetching resource information of cluster...
10-23-2021 13:44:18 ResourceWatchDog INFO     {'ubuntu94025': Resource(node_name='ubuntu94025', cpu_allocatable=<Quantity(24, 'dimensionless')>, memory_allocatable=<Quantity(65626416, 'Ki')>, cpu_requested=<Quantity(2.72, 'dimensionless')>, memory_requested=<Quantity(3570766848, 'dimensionless')>, cpu_limit=<Quantity(22.4, 'dimensionless')>, memory_limit=<Quantity(15637779456, 'dimensionless')>, vram_free=[4658.4375, 24264.6875], vram_total=[11178.5, 24268.3125])}
10-23-2021 13:44:22 ClusterManager INFO     Still alive...
10-23-2021 13:44:25 ResourceWatchDog INFO     Fetching resource information of cluster...
10-23-2021 13:44:25 ResourceWatchDog INFO     {'ubuntu94025': Resource(node_name='ubuntu94025', cpu_allocatable=<Quantity(24, 'dimensionless')>, memory_allocatable=<Quantity(65626416, 'Ki')>, cpu_requested=<Quantity(2.72, 'dimensionless')>, memory_requested=<Quantity(3570766848, 'dimensionless')>, cpu_limit=<Quantity(22.4, 'dimensionless')>, memory_limit=<Quantity(15637779456, 'dimensionless')>, vram_free=[326.4375, 24264.6875], vram_total=[11178.5, 24268.3125])}
10-23-2021 13:44:27 StyleGANExperimentGenerator INFO     Creating task for StyleGANInferenceJob
15
10-23-2021 13:44:28 Orchestrator INFO     Scheduling arrival of Arrival: 1eb22c42-9741-4cfe-8f3c-dc45d073e2ff
10-23-2021 13:44:28 Orchestrator INFO     Deploying on cluster: 1eb22c42-9741-4cfe-8f3c-dc45d073e2ff
10-23-2021 13:44:28 ResourceWatchDog INFO     Fetching job finish times...
10-23-2021 13:44:28 ResourceWatchDog INFO     Fetching resource information of cluster...
10-23-2021 13:44:28 ResourceWatchDog INFO     {'ubuntu94025': Resource(node_name='ubuntu94025', cpu_allocatable=<Quantity(24, 'dimensionless')>, memory_allocatable=<Quantity(65626416, 'Ki')>, cpu_requested=<Quantity(2.72, 'dimensionless')>, memory_requested=<Quantity(3570766848, 'dimensionless')>, cpu_limit=<Quantity(22.4, 'dimensionless')>, memory_limit=<Quantity(15637779456, 'dimensionless')>, vram_free=[326.4375, 24264.6875], vram_total=[11178.5, 24268.3125])}
10-23-2021 13:44:32 ClusterManager INFO     Still alive...
10-23-2021 13:44:38 ResourceWatchDog INFO     Fetching job finish times...
10-23-2021 13:44:39 ResourceWatchDog INFO     Fetching resource information of cluster...
10-23-2021 13:44:39 ResourceWatchDog INFO     {'ubuntu94025': Resource(node_name='ubuntu94025', cpu_allocatable=<Quantity(24, 'dimensionless')>, memory_allocatable=<Quantity(65626416, 'Ki')>, cpu_requested=<Quantity(2.72, 'dimensionless')>, memory_requested=<Quantity(3570766848, 'dimensionless')>, cpu_limit=<Quantity(22.4, 'dimensionless')>, memory_limit=<Quantity(15637779456, 'dimensionless')>, vram_free=[326.4375, 21181.6875], vram_total=[11178.5, 24268.3125])}
10-23-2021 13:44:40 StyleGANExperimentGenerator INFO     Creating task for StyleGANInferenceJob
15
10-23-2021 13:44:42 ClusterManager INFO     Still alive...
10-23-2021 13:44:43 Orchestrator INFO     Scheduling arrival of Arrival: 9075a59e-e31e-4035-8629-f7eab920c356
10-23-2021 13:44:43 Orchestrator INFO     Deploying on cluster: 9075a59e-e31e-4035-8629-f7eab920c356
10-23-2021 13:44:49 ResourceWatchDog INFO     Fetching job finish times...
10-23-2021 13:44:49 ResourceWatchDog INFO     Fetching resource information of cluster...
10-23-2021 13:44:49 ResourceWatchDog INFO     {'ubuntu94025': Resource(node_name='ubuntu94025', cpu_allocatable=<Quantity(24, 'dimensionless')>, memory_allocatable=<Quantity(65626416, 'Ki')>, cpu_requested=<Quantity(2.72, 'dimensionless')>, memory_requested=<Quantity(3570766848, 'dimensionless')>, cpu_limit=<Quantity(22.4, 'dimensionless')>, memory_limit=<Quantity(15637779456, 'dimensionless')>, vram_free=[5043.4375, 22518.6875], vram_total=[11178.5, 24268.3125])}
10-23-2021 13:44:52 ClusterManager INFO     Still alive...
10-23-2021 13:44:57 StyleGANExperimentGenerator INFO     Creating task for StyleGANInferenceJob
15
10-23-2021 13:44:58 Orchestrator INFO     Scheduling arrival of Arrival: d128c95e-61f0-435d-be02-352f9e044c69
10-23-2021 13:44:58 Orchestrator INFO     Deploying on cluster: d128c95e-61f0-435d-be02-352f9e044c69
10-23-2021 13:44:59 ResourceWatchDog INFO     Fetching job finish times...
10-23-2021 13:44:59 ResourceWatchDog INFO     Fetching resource information of cluster...
10-23-2021 13:44:59 ResourceWatchDog INFO     {'ubuntu94025': Resource(node_name='ubuntu94025', cpu_allocatable=<Quantity(24, 'dimensionless')>, memory_allocatable=<Quantity(65626416, 'Ki')>, cpu_requested=<Quantity(2.72, 'dimensionless')>, memory_requested=<Quantity(3570766848, 'dimensionless')>, cpu_limit=<Quantity(22.4, 'dimensionless')>, memory_limit=<Quantity(15637779456, 'dimensionless')>, vram_free=[11174.4375, 3349.6875], vram_total=[11178.5, 24268.3125])}
10-23-2021 13:45:02 ClusterManager INFO     Still alive...
10-23-2021 13:45:07 StyleGANExperimentGenerator INFO     Creating task for StyleGANInferenceJob
15
10-23-2021 13:45:08 Orchestrator INFO     Scheduling arrival of Arrival: c16cb9c7-6254-43ed-a1c2-2491fdcc9182
10-23-2021 13:45:08 Orchestrator INFO     Deploying on cluster: c16cb9c7-6254-43ed-a1c2-2491fdcc9182
10-23-2021 13:45:09 ResourceWatchDog INFO     Fetching job finish times...
10-23-2021 13:45:10 ResourceWatchDog INFO     Fetching resource information of cluster...
10-23-2021 13:45:10 ResourceWatchDog INFO     {'ubuntu94025': Resource(node_name='ubuntu94025', cpu_allocatable=<Quantity(24, 'dimensionless')>, memory_allocatable=<Quantity(65626416, 'Ki')>, cpu_requested=<Quantity(2.72, 'dimensionless')>, memory_requested=<Quantity(3570766848, 'dimensionless')>, cpu_limit=<Quantity(22.4, 'dimensionless')>, memory_limit=<Quantity(15637779456, 'dimensionless')>, vram_free=[11174.4375, 4687.6875], vram_total=[11178.5, 24268.3125])}
10-23-2021 13:45:12 ClusterManager INFO     Still alive...
10-23-2021 13:45:20 StyleGANExperimentGenerator INFO     Creating task for StyleGANInferenceJob
15
10-23-2021 13:45:20 ResourceWatchDog INFO     Fetching job finish times...
10-23-2021 13:45:20 ResourceWatchDog INFO     Fetching resource information of cluster...
10-23-2021 13:45:20 ResourceWatchDog INFO     {'ubuntu94025': Resource(node_name='ubuntu94025', cpu_allocatable=<Quantity(24, 'dimensionless')>, memory_allocatable=<Quantity(65626416, 'Ki')>, cpu_requested=<Quantity(2.72, 'dimensionless')>, memory_requested=<Quantity(3570766848, 'dimensionless')>, cpu_limit=<Quantity(22.4, 'dimensionless')>, memory_limit=<Quantity(15637779456, 'dimensionless')>, vram_free=[11174.4375, 15767.6875], vram_total=[11178.5, 24268.3125])}
10-23-2021 13:45:22 ClusterManager INFO     Still alive...
10-23-2021 13:45:23 Orchestrator INFO     Scheduling arrival of Arrival: dbb3ba02-2d10-47ef-803a-98f17c2ce9ff
10-23-2021 13:45:23 Orchestrator INFO     Deploying on cluster: dbb3ba02-2d10-47ef-803a-98f17c2ce9ff
10-23-2021 13:45:25 ResourceWatchDog INFO     Fetching resource information of cluster...
10-23-2021 13:45:25 ResourceWatchDog INFO     {'ubuntu94025': Resource(node_name='ubuntu94025', cpu_allocatable=<Quantity(24, 'dimensionless')>, memory_allocatable=<Quantity(65626416, 'Ki')>, cpu_requested=<Quantity(2.72, 'dimensionless')>, memory_requested=<Quantity(3570766848, 'dimensionless')>, cpu_limit=<Quantity(22.4, 'dimensionless')>, memory_limit=<Quantity(15637779456, 'dimensionless')>, vram_free=[11174.4375, 24264.6875], vram_total=[11178.5, 24268.3125])}
10-23-2021 13:45:30 ResourceWatchDog INFO     Fetching job finish times...
10-23-2021 13:45:31 ResourceWatchDog INFO     Fetching resource information of cluster...
10-23-2021 13:45:31 ResourceWatchDog INFO     {'ubuntu94025': Resource(node_name='ubuntu94025', cpu_allocatable=<Quantity(24, 'dimensionless')>, memory_allocatable=<Quantity(65626416, 'Ki')>, cpu_requested=<Quantity(2.72, 'dimensionless')>, memory_requested=<Quantity(3570766848, 'dimensionless')>, cpu_limit=<Quantity(22.4, 'dimensionless')>, memory_limit=<Quantity(15637779456, 'dimensionless')>, vram_free=[11174.4375, 13557.6875], vram_total=[11178.5, 24268.3125])}
10-23-2021 13:45:32 ClusterManager INFO     Still alive...
10-23-2021 13:45:33 StyleGANExperimentGenerator INFO     Creating task for StyleGANInferenceJob
15
10-23-2021 13:45:33 Orchestrator INFO     Scheduling arrival of Arrival: e9c663d4-8154-4d74-9169-1fd3aec676a1
10-23-2021 13:45:33 Orchestrator INFO     Deploying on cluster: e9c663d4-8154-4d74-9169-1fd3aec676a1
10-23-2021 13:45:41 ResourceWatchDog INFO     Fetching job finish times...
10-23-2021 13:45:41 ResourceWatchDog INFO     Fetching resource information of cluster...
10-23-2021 13:45:41 ResourceWatchDog INFO     {'ubuntu94025': Resource(node_name='ubuntu94025', cpu_allocatable=<Quantity(24, 'dimensionless')>, memory_allocatable=<Quantity(65626416, 'Ki')>, cpu_requested=<Quantity(2.72, 'dimensionless')>, memory_requested=<Quantity(3570766848, 'dimensionless')>, cpu_limit=<Quantity(22.4, 'dimensionless')>, memory_limit=<Quantity(15637779456, 'dimensionless')>, vram_free=[11174.4375, 13483.6875], vram_total=[11178.5, 24268.3125])}
10-23-2021 13:45:42 ClusterManager INFO     Still alive...
10-23-2021 13:45:48 StyleGANExperimentGenerator INFO     Creating task for StyleGANInferenceJob
15
10-23-2021 13:45:48 Orchestrator INFO     Scheduling arrival of Arrival: 60f67e62-f23a-43f0-b431-91cdce8ced98
10-23-2021 13:45:48 Orchestrator INFO     Deploying on cluster: 60f67e62-f23a-43f0-b431-91cdce8ced98
10-23-2021 13:45:51 ResourceWatchDog INFO     Fetching job finish times...
10-23-2021 13:45:51 ResourceWatchDog INFO     Fetching resource information of cluster...
10-23-2021 13:45:51 ResourceWatchDog INFO     {'ubuntu94025': Resource(node_name='ubuntu94025', cpu_allocatable=<Quantity(24, 'dimensionless')>, memory_allocatable=<Quantity(65626416, 'Ki')>, cpu_requested=<Quantity(2.72, 'dimensionless')>, memory_requested=<Quantity(3570766848, 'dimensionless')>, cpu_limit=<Quantity(22.4, 'dimensionless')>, memory_limit=<Quantity(15637779456, 'dimensionless')>, vram_free=[11174.4375, 4314.6875], vram_total=[11178.5, 24268.3125])}
10-23-2021 13:45:52 ClusterManager INFO     Still alive...
15
10-23-2021 13:45:57 StyleGANExperimentGenerator INFO     Creating task for StyleGANInferenceJob
10-23-2021 13:45:58 Orchestrator INFO     Scheduling arrival of Arrival: 8295e160-616f-45c6-a27d-8b39bcd335cd
10-23-2021 13:45:58 Orchestrator INFO     Deploying on cluster: 8295e160-616f-45c6-a27d-8b39bcd335cd
10-23-2021 13:46:01 ResourceWatchDog INFO     Fetching job finish times...
10-23-2021 13:46:02 ResourceWatchDog INFO     Fetching resource information of cluster...
10-23-2021 13:46:02 ResourceWatchDog INFO     {'ubuntu94025': Resource(node_name='ubuntu94025', cpu_allocatable=<Quantity(24, 'dimensionless')>, memory_allocatable=<Quantity(65626416, 'Ki')>, cpu_requested=<Quantity(2.72, 'dimensionless')>, memory_requested=<Quantity(3570766848, 'dimensionless')>, cpu_limit=<Quantity(22.4, 'dimensionless')>, memory_limit=<Quantity(15637779456, 'dimensionless')>, vram_free=[11174.4375, 24264.6875], vram_total=[11178.5, 24268.3125])}
10-23-2021 13:46:02 ClusterManager INFO     Still alive...
10-23-2021 13:46:03 StyleGANExperimentGenerator INFO     Creating task for StyleGANInferenceJob
15
10-23-2021 13:46:03 Orchestrator INFO     Scheduling arrival of Arrival: 6281947e-3b00-4b17-b367-c71527594331
10-23-2021 13:46:03 Orchestrator INFO     Deploying on cluster: 6281947e-3b00-4b17-b367-c71527594331
10-23-2021 13:46:12 ResourceWatchDog INFO     Fetching job finish times...
10-23-2021 13:46:12 ResourceWatchDog INFO     Fetching resource information of cluster...
10-23-2021 13:46:12 ResourceWatchDog INFO     {'ubuntu94025': Resource(node_name='ubuntu94025', cpu_allocatable=<Quantity(24, 'dimensionless')>, memory_allocatable=<Quantity(65626416, 'Ki')>, cpu_requested=<Quantity(2.72, 'dimensionless')>, memory_requested=<Quantity(3570766848, 'dimensionless')>, cpu_limit=<Quantity(22.4, 'dimensionless')>, memory_limit=<Quantity(15637779456, 'dimensionless')>, vram_free=[3409.4375, 24264.6875], vram_total=[11178.5, 24268.3125])}
10-23-2021 13:46:12 ClusterManager INFO     Still alive...
15
10-23-2021 13:46:17 StyleGANExperimentGenerator INFO     Creating task for StyleGANInferenceJob
10-23-2021 13:46:18 Orchestrator INFO     Scheduling arrival of Arrival: ba9744e8-5f44-4ddb-94c6-aff4e7437e05
10-23-2021 13:46:18 Orchestrator INFO     Deploying on cluster: ba9744e8-5f44-4ddb-94c6-aff4e7437e05
10-23-2021 13:46:22 ResourceWatchDog INFO     Fetching job finish times...
10-23-2021 13:46:22 ResourceWatchDog INFO     Fetching resource information of cluster...
10-23-2021 13:46:22 ResourceWatchDog INFO     {'ubuntu94025': Resource(node_name='ubuntu94025', cpu_allocatable=<Quantity(24, 'dimensionless')>, memory_allocatable=<Quantity(65626416, 'Ki')>, cpu_requested=<Quantity(2.72, 'dimensionless')>, memory_requested=<Quantity(3570766848, 'dimensionless')>, cpu_limit=<Quantity(22.4, 'dimensionless')>, memory_limit=<Quantity(15637779456, 'dimensionless')>, vram_free=[3409.4375, 23609.6875], vram_total=[11178.5, 24268.3125])}
10-23-2021 13:46:22 ClusterManager INFO     Still alive...
10-23-2021 13:46:25 ResourceWatchDog INFO     Fetching resource information of cluster...
10-23-2021 13:46:26 ResourceWatchDog INFO     {'ubuntu94025': Resource(node_name='ubuntu94025', cpu_allocatable=<Quantity(24, 'dimensionless')>, memory_allocatable=<Quantity(65626416, 'Ki')>, cpu_requested=<Quantity(2.72, 'dimensionless')>, memory_requested=<Quantity(3570766848, 'dimensionless')>, cpu_limit=<Quantity(22.4, 'dimensionless')>, memory_limit=<Quantity(15637779456, 'dimensionless')>, vram_free=[3409.4375, 13535.6875], vram_total=[11178.5, 24268.3125])}
10-23-2021 13:46:33 ClusterManager INFO     Still alive...
10-23-2021 13:46:33 ResourceWatchDog INFO     Fetching job finish times...
10-23-2021 13:46:33 ResourceWatchDog INFO     Fetching resource information of cluster...
10-23-2021 13:46:33 ResourceWatchDog INFO     {'ubuntu94025': Resource(node_name='ubuntu94025', cpu_allocatable=<Quantity(24, 'dimensionless')>, memory_allocatable=<Quantity(65626416, 'Ki')>, cpu_requested=<Quantity(2.72, 'dimensionless')>, memory_requested=<Quantity(3570766848, 'dimensionless')>, cpu_limit=<Quantity(22.4, 'dimensionless')>, memory_limit=<Quantity(15637779456, 'dimensionless')>, vram_free=[3409.4375, 13607.6875], vram_total=[11178.5, 24268.3125])}
10-23-2021 13:46:36 StyleGANExperimentGenerator INFO     Creating task for StyleGANInferenceJob
15
10-23-2021 13:46:38 Orchestrator INFO     Scheduling arrival of Arrival: fda62585-c5cc-4bd2-8a7a-02eaa9b92fc9
10-23-2021 13:46:38 Orchestrator INFO     Deploying on cluster: fda62585-c5cc-4bd2-8a7a-02eaa9b92fc9
10-23-2021 13:46:43 ClusterManager INFO     Still alive...
10-23-2021 13:46:43 ResourceWatchDog INFO     Fetching job finish times...
10-23-2021 13:46:43 ResourceWatchDog INFO     Fetching resource information of cluster...
10-23-2021 13:46:44 ResourceWatchDog INFO     {'ubuntu94025': Resource(node_name='ubuntu94025', cpu_allocatable=<Quantity(24, 'dimensionless')>, memory_allocatable=<Quantity(65626416, 'Ki')>, cpu_requested=<Quantity(2.72, 'dimensionless')>, memory_requested=<Quantity(3570766848, 'dimensionless')>, cpu_limit=<Quantity(22.4, 'dimensionless')>, memory_limit=<Quantity(15637779456, 'dimensionless')>, vram_free=[3409.4375, 23069.6875], vram_total=[11178.5, 24268.3125])}
10-23-2021 13:46:48 StyleGANExperimentGenerator INFO     Creating task for StyleGANInferenceJob
15
10-23-2021 13:46:48 Orchestrator INFO     Scheduling arrival of Arrival: 711d6b34-ac3a-4be8-8cf8-20c4e6956ffd
10-23-2021 13:46:48 Orchestrator INFO     Deploying on cluster: 711d6b34-ac3a-4be8-8cf8-20c4e6956ffd
10-23-2021 13:46:53 ClusterManager INFO     Still alive...
10-23-2021 13:46:54 ResourceWatchDog INFO     Fetching job finish times...
10-23-2021 13:46:54 ResourceWatchDog INFO     Fetching resource information of cluster...
10-23-2021 13:46:54 ResourceWatchDog INFO     {'ubuntu94025': Resource(node_name='ubuntu94025', cpu_allocatable=<Quantity(24, 'dimensionless')>, memory_allocatable=<Quantity(65626416, 'Ki')>, cpu_requested=<Quantity(2.72, 'dimensionless')>, memory_requested=<Quantity(3570766848, 'dimensionless')>, cpu_limit=<Quantity(22.4, 'dimensionless')>, memory_limit=<Quantity(15637779456, 'dimensionless')>, vram_free=[2758.4375, 4116.6875], vram_total=[11178.5, 24268.3125])}
10-23-2021 13:46:58 StyleGANExperimentGenerator INFO     Creating task for StyleGANInferenceJob
15
10-23-2021 13:46:58 Orchestrator INFO     Scheduling arrival of Arrival: 0c1d5f15-4038-4df6-84c2-632ba77f4e12
10-23-2021 13:46:58 Orchestrator INFO     Deploying on cluster: 0c1d5f15-4038-4df6-84c2-632ba77f4e12
10-23-2021 13:47:03 ClusterManager INFO     Still alive...
10-23-2021 13:47:04 ResourceWatchDog INFO     Fetching job finish times...
10-23-2021 13:47:04 ResourceWatchDog INFO     Fetching resource information of cluster...
10-23-2021 13:47:04 ResourceWatchDog INFO     {'ubuntu94025': Resource(node_name='ubuntu94025', cpu_allocatable=<Quantity(24, 'dimensionless')>, memory_allocatable=<Quantity(65626416, 'Ki')>, cpu_requested=<Quantity(2.72, 'dimensionless')>, memory_requested=<Quantity(3570766848, 'dimensionless')>, cpu_limit=<Quantity(22.4, 'dimensionless')>, memory_limit=<Quantity(15637779456, 'dimensionless')>, vram_free=[11174.4375, 3486.6875], vram_total=[11178.5, 24268.3125])}
10-23-2021 13:47:13 ClusterManager INFO     Still alive...
10-23-2021 13:47:14 ResourceWatchDog INFO     Fetching job finish times...
10-23-2021 13:47:14 ResourceWatchDog INFO     Fetching resource information of cluster...
10-23-2021 13:47:15 ResourceWatchDog INFO     {'ubuntu94025': Resource(node_name='ubuntu94025', cpu_allocatable=<Quantity(24, 'dimensionless')>, memory_allocatable=<Quantity(65626416, 'Ki')>, cpu_requested=<Quantity(2.72, 'dimensionless')>, memory_requested=<Quantity(3570766848, 'dimensionless')>, cpu_limit=<Quantity(22.4, 'dimensionless')>, memory_limit=<Quantity(15637779456, 'dimensionless')>, vram_free=[1349.4375, 3398.6875], vram_total=[11178.5, 24268.3125])}
10-23-2021 13:47:16 StyleGANExperimentGenerator INFO     Creating task for StyleGANInferenceJob
15
10-23-2021 13:47:18 Orchestrator INFO     Scheduling arrival of Arrival: 5653c9a5-69fb-4f3c-850c-a5f039c95e89
10-23-2021 13:47:18 Orchestrator INFO     Deploying on cluster: 5653c9a5-69fb-4f3c-850c-a5f039c95e89
10-23-2021 13:47:23 ClusterManager INFO     Still alive...
10-23-2021 13:47:25 ResourceWatchDog INFO     Fetching job finish times...
10-23-2021 13:47:25 ResourceWatchDog INFO     Fetching resource information of cluster...
10-23-2021 13:47:25 ResourceWatchDog INFO     {'ubuntu94025': Resource(node_name='ubuntu94025', cpu_allocatable=<Quantity(24, 'dimensionless')>, memory_allocatable=<Quantity(65626416, 'Ki')>, cpu_requested=<Quantity(2.72, 'dimensionless')>, memory_requested=<Quantity(3570766848, 'dimensionless')>, cpu_limit=<Quantity(22.4, 'dimensionless')>, memory_limit=<Quantity(15637779456, 'dimensionless')>, vram_free=[11174.4375, 22399.6875], vram_total=[11178.5, 24268.3125])}
10-23-2021 13:47:26 ResourceWatchDog INFO     Fetching resource information of cluster...
10-23-2021 13:47:26 ResourceWatchDog INFO     {'ubuntu94025': Resource(node_name='ubuntu94025', cpu_allocatable=<Quantity(24, 'dimensionless')>, memory_allocatable=<Quantity(65626416, 'Ki')>, cpu_requested=<Quantity(2.72, 'dimensionless')>, memory_requested=<Quantity(3570766848, 'dimensionless')>, cpu_limit=<Quantity(22.4, 'dimensionless')>, memory_limit=<Quantity(15637779456, 'dimensionless')>, vram_free=[11174.4375, 2197.6875], vram_total=[11178.5, 24268.3125])}
10-23-2021 13:47:33 ClusterManager INFO     Still alive...
10-23-2021 13:47:33 StyleGANExperimentGenerator INFO     Creating task for StyleGANInferenceJob
15
10-23-2021 13:47:33 Orchestrator INFO     Scheduling arrival of Arrival: 30b1ca36-4463-48a7-b270-5e891749aaaf
10-23-2021 13:47:33 Orchestrator INFO     Deploying on cluster: 30b1ca36-4463-48a7-b270-5e891749aaaf
10-23-2021 13:47:35 ResourceWatchDog INFO     Fetching job finish times...
10-23-2021 13:47:35 ResourceWatchDog INFO     Fetching resource information of cluster...
10-23-2021 13:47:36 ResourceWatchDog INFO     {'ubuntu94025': Resource(node_name='ubuntu94025', cpu_allocatable=<Quantity(24, 'dimensionless')>, memory_allocatable=<Quantity(65626416, 'Ki')>, cpu_requested=<Quantity(2.72, 'dimensionless')>, memory_requested=<Quantity(3570766848, 'dimensionless')>, cpu_limit=<Quantity(22.4, 'dimensionless')>, memory_limit=<Quantity(15637779456, 'dimensionless')>, vram_free=[11174.4375, 3349.6875], vram_total=[11178.5, 24268.3125])}
10-23-2021 13:47:43 ClusterManager INFO     Still alive...
10-23-2021 13:47:46 ResourceWatchDog INFO     Fetching job finish times...
10-23-2021 13:47:46 ResourceWatchDog INFO     Fetching resource information of cluster...
10-23-2021 13:47:46 ResourceWatchDog INFO     {'ubuntu94025': Resource(node_name='ubuntu94025', cpu_allocatable=<Quantity(24, 'dimensionless')>, memory_allocatable=<Quantity(65626416, 'Ki')>, cpu_requested=<Quantity(2.72, 'dimensionless')>, memory_requested=<Quantity(3570766848, 'dimensionless')>, cpu_limit=<Quantity(22.4, 'dimensionless')>, memory_limit=<Quantity(15637779456, 'dimensionless')>, vram_free=[2964.4375, 3349.6875], vram_total=[11178.5, 24268.3125])}
15
10-23-2021 13:47:51 StyleGANExperimentGenerator INFO     Creating task for StyleGANInferenceJob
10-23-2021 13:47:53 ClusterManager INFO     Still alive...
10-23-2021 13:47:53 Orchestrator INFO     Scheduling arrival of Arrival: e4b8e73c-70d1-44fa-bc6a-b1474edde2bb
10-23-2021 13:47:53 Orchestrator INFO     Deploying on cluster: e4b8e73c-70d1-44fa-bc6a-b1474edde2bb
10-23-2021 13:47:56 ResourceWatchDog INFO     Fetching job finish times...
10-23-2021 13:47:56 ResourceWatchDog INFO     Fetching resource information of cluster...
10-23-2021 13:47:56 ResourceWatchDog INFO     {'ubuntu94025': Resource(node_name='ubuntu94025', cpu_allocatable=<Quantity(24, 'dimensionless')>, memory_allocatable=<Quantity(65626416, 'Ki')>, cpu_requested=<Quantity(2.72, 'dimensionless')>, memory_requested=<Quantity(3570766848, 'dimensionless')>, cpu_limit=<Quantity(22.4, 'dimensionless')>, memory_limit=<Quantity(15637779456, 'dimensionless')>, vram_free=[912.4375, 1708.6875], vram_total=[11178.5, 24268.3125])}
10-23-2021 13:48:03 ClusterManager INFO     Still alive...
10-23-2021 13:48:04 StyleGANExperimentGenerator INFO     Creating task for StyleGANInferenceJob
15
10-23-2021 13:48:06 ResourceWatchDog INFO     Fetching job finish times...
10-23-2021 13:48:07 ResourceWatchDog INFO     Fetching resource information of cluster...
10-23-2021 13:48:07 ResourceWatchDog INFO     {'ubuntu94025': Resource(node_name='ubuntu94025', cpu_allocatable=<Quantity(24, 'dimensionless')>, memory_allocatable=<Quantity(65626416, 'Ki')>, cpu_requested=<Quantity(2.72, 'dimensionless')>, memory_requested=<Quantity(3570766848, 'dimensionless')>, cpu_limit=<Quantity(22.4, 'dimensionless')>, memory_limit=<Quantity(15637779456, 'dimensionless')>, vram_free=[8141.4375, 3336.6875], vram_total=[11178.5, 24268.3125])}
10-23-2021 13:48:08 Orchestrator INFO     Scheduling arrival of Arrival: 3dbcfda9-d4d8-4453-b6c7-957a2b801e52
10-23-2021 13:48:08 Orchestrator INFO     Deploying on cluster: 3dbcfda9-d4d8-4453-b6c7-957a2b801e52
10-23-2021 13:48:13 ClusterManager INFO     Still alive...
10-23-2021 13:48:17 ResourceWatchDog INFO     Fetching job finish times...
10-23-2021 13:48:17 ResourceWatchDog INFO     Fetching resource information of cluster...
10-23-2021 13:48:17 ResourceWatchDog INFO     {'ubuntu94025': Resource(node_name='ubuntu94025', cpu_allocatable=<Quantity(24, 'dimensionless')>, memory_allocatable=<Quantity(65626416, 'Ki')>, cpu_requested=<Quantity(2.72, 'dimensionless')>, memory_requested=<Quantity(3570766848, 'dimensionless')>, cpu_limit=<Quantity(22.4, 'dimensionless')>, memory_limit=<Quantity(15637779456, 'dimensionless')>, vram_free=[11174.4375, 1584.6875], vram_total=[11178.5, 24268.3125])}
10-23-2021 13:48:23 ClusterManager INFO     Still alive...
10-23-2021 13:48:24 StyleGANExperimentGenerator INFO     Creating task for StyleGANInferenceJob
15
10-23-2021 13:48:27 ResourceWatchDog INFO     Fetching resource information of cluster...
10-23-2021 13:48:27 ResourceWatchDog INFO     {'ubuntu94025': Resource(node_name='ubuntu94025', cpu_allocatable=<Quantity(24, 'dimensionless')>, memory_allocatable=<Quantity(65626416, 'Ki')>, cpu_requested=<Quantity(2.72, 'dimensionless')>, memory_requested=<Quantity(3570766848, 'dimensionless')>, cpu_limit=<Quantity(22.4, 'dimensionless')>, memory_limit=<Quantity(15637779456, 'dimensionless')>, vram_free=[11011.4375, 3349.6875], vram_total=[11178.5, 24268.3125])}
10-23-2021 13:48:27 ResourceWatchDog INFO     Fetching job finish times...
10-23-2021 13:48:27 ResourceWatchDog INFO     Fetching resource information of cluster...
10-23-2021 13:48:28 ResourceWatchDog INFO     {'ubuntu94025': Resource(node_name='ubuntu94025', cpu_allocatable=<Quantity(24, 'dimensionless')>, memory_allocatable=<Quantity(65626416, 'Ki')>, cpu_requested=<Quantity(2.72, 'dimensionless')>, memory_requested=<Quantity(3570766848, 'dimensionless')>, cpu_limit=<Quantity(22.4, 'dimensionless')>, memory_limit=<Quantity(15637779456, 'dimensionless')>, vram_free=[10883.4375, 3349.6875], vram_total=[11178.5, 24268.3125])}
10-23-2021 13:48:28 Orchestrator INFO     Scheduling arrival of Arrival: 06fcc9d8-c9f5-481b-bb6c-1ac872bcf960
10-23-2021 13:48:28 Orchestrator INFO     Deploying on cluster: 06fcc9d8-c9f5-481b-bb6c-1ac872bcf960
10-23-2021 13:48:33 ClusterManager INFO     Still alive...
10-23-2021 13:48:37 StyleGANExperimentGenerator INFO     Creating task for StyleGANInferenceJob
15
10-23-2021 13:48:38 ResourceWatchDog INFO     Fetching job finish times...
10-23-2021 13:48:38 ResourceWatchDog INFO     Fetching resource information of cluster...
10-23-2021 13:48:38 Orchestrator INFO     Scheduling arrival of Arrival: 4a1eb524-be0a-463f-bbfb-4a92468b1f5b
10-23-2021 13:48:38 Orchestrator INFO     Deploying on cluster: 4a1eb524-be0a-463f-bbfb-4a92468b1f5b
10-23-2021 13:48:38 ResourceWatchDog INFO     {'ubuntu94025': Resource(node_name='ubuntu94025', cpu_allocatable=<Quantity(24, 'dimensionless')>, memory_allocatable=<Quantity(65626416, 'Ki')>, cpu_requested=<Quantity(2.72, 'dimensionless')>, memory_requested=<Quantity(3570766848, 'dimensionless')>, cpu_limit=<Quantity(22.4, 'dimensionless')>, memory_limit=<Quantity(15637779456, 'dimensionless')>, vram_free=[1349.4375, 64.6875], vram_total=[11178.5, 24268.3125])}
10-23-2021 13:48:43 ClusterManager INFO     Still alive...
10-23-2021 13:48:48 ResourceWatchDog INFO     Fetching job finish times...
10-23-2021 13:48:48 ResourceWatchDog INFO     Fetching resource information of cluster...
10-23-2021 13:48:48 ResourceWatchDog INFO     {'ubuntu94025': Resource(node_name='ubuntu94025', cpu_allocatable=<Quantity(24, 'dimensionless')>, memory_allocatable=<Quantity(65626416, 'Ki')>, cpu_requested=<Quantity(2.72, 'dimensionless')>, memory_requested=<Quantity(3570766848, 'dimensionless')>, cpu_limit=<Quantity(22.4, 'dimensionless')>, memory_limit=<Quantity(15637779456, 'dimensionless')>, vram_free=[11174.4375, 3349.6875], vram_total=[11178.5, 24268.3125])}
10-23-2021 13:48:50 StyleGANExperimentGenerator INFO     Creating task for StyleGANInferenceJob
15
10-23-2021 13:48:53 ClusterManager INFO     Still alive...
10-23-2021 13:48:53 Orchestrator INFO     Scheduling arrival of Arrival: 81ea7558-3510-4506-9197-78a036abcd22
10-23-2021 13:48:53 Orchestrator INFO     Deploying on cluster: 81ea7558-3510-4506-9197-78a036abcd22
10-23-2021 13:48:58 ResourceWatchDog INFO     Fetching job finish times...
10-23-2021 13:48:59 ResourceWatchDog INFO     Fetching resource information of cluster...
10-23-2021 13:48:59 ResourceWatchDog INFO     {'ubuntu94025': Resource(node_name='ubuntu94025', cpu_allocatable=<Quantity(24, 'dimensionless')>, memory_allocatable=<Quantity(65626416, 'Ki')>, cpu_requested=<Quantity(2.72, 'dimensionless')>, memory_requested=<Quantity(3570766848, 'dimensionless')>, cpu_limit=<Quantity(22.4, 'dimensionless')>, memory_limit=<Quantity(15637779456, 'dimensionless')>, vram_free=[11174.4375, 2582.6875], vram_total=[11178.5, 24268.3125])}
10-23-2021 13:49:03 ClusterManager INFO     Still alive...
10-23-2021 13:49:08 StyleGANExperimentGenerator INFO     Creating task for StyleGANInferenceJob
15
10-23-2021 13:49:08 Orchestrator INFO     Scheduling arrival of Arrival: f0ccb551-64e3-44df-a9cc-4ecbebb67165
10-23-2021 13:49:08 Orchestrator INFO     Deploying on cluster: f0ccb551-64e3-44df-a9cc-4ecbebb67165
10-23-2021 13:49:09 ResourceWatchDog INFO     Fetching job finish times...
10-23-2021 13:49:09 ResourceWatchDog INFO     Fetching resource information of cluster...
10-23-2021 13:49:09 ResourceWatchDog INFO     {'ubuntu94025': Resource(node_name='ubuntu94025', cpu_allocatable=<Quantity(24, 'dimensionless')>, memory_allocatable=<Quantity(65626416, 'Ki')>, cpu_requested=<Quantity(2.72, 'dimensionless')>, memory_requested=<Quantity(3570766848, 'dimensionless')>, cpu_limit=<Quantity(22.4, 'dimensionless')>, memory_limit=<Quantity(15637779456, 'dimensionless')>, vram_free=[11174.4375, 3349.6875], vram_total=[11178.5, 24268.3125])}
10-23-2021 13:49:13 ClusterManager INFO     Still alive...
10-23-2021 13:49:19 ResourceWatchDog INFO     Fetching job finish times...
10-23-2021 13:49:19 ResourceWatchDog INFO     Fetching resource information of cluster...
10-23-2021 13:49:20 ResourceWatchDog INFO     {'ubuntu94025': Resource(node_name='ubuntu94025', cpu_allocatable=<Quantity(24, 'dimensionless')>, memory_allocatable=<Quantity(65626416, 'Ki')>, cpu_requested=<Quantity(2.72, 'dimensionless')>, memory_requested=<Quantity(3570766848, 'dimensionless')>, cpu_limit=<Quantity(22.4, 'dimensionless')>, memory_limit=<Quantity(15637779456, 'dimensionless')>, vram_free=[11174.4375, 24264.6875], vram_total=[11178.5, 24268.3125])}
10-23-2021 13:49:23 ClusterManager INFO     Still alive...
10-23-2021 13:49:28 ResourceWatchDog INFO     Fetching resource information of cluster...
10-23-2021 13:49:28 ResourceWatchDog INFO     {'ubuntu94025': Resource(node_name='ubuntu94025', cpu_allocatable=<Quantity(24, 'dimensionless')>, memory_allocatable=<Quantity(65626416, 'Ki')>, cpu_requested=<Quantity(2.72, 'dimensionless')>, memory_requested=<Quantity(3570766848, 'dimensionless')>, cpu_limit=<Quantity(22.4, 'dimensionless')>, memory_limit=<Quantity(15637779456, 'dimensionless')>, vram_free=[11174.4375, 4567.6875], vram_total=[11178.5, 24268.3125])}
10-23-2021 13:49:29 StyleGANExperimentGenerator INFO     Creating task for StyleGANInferenceJob
15
10-23-2021 13:49:30 ResourceWatchDog INFO     Fetching job finish times...
10-23-2021 13:49:30 ResourceWatchDog INFO     Fetching resource information of cluster...
10-23-2021 13:49:30 ResourceWatchDog INFO     {'ubuntu94025': Resource(node_name='ubuntu94025', cpu_allocatable=<Quantity(24, 'dimensionless')>, memory_allocatable=<Quantity(65626416, 'Ki')>, cpu_requested=<Quantity(2.72, 'dimensionless')>, memory_requested=<Quantity(3570766848, 'dimensionless')>, cpu_limit=<Quantity(22.4, 'dimensionless')>, memory_limit=<Quantity(15637779456, 'dimensionless')>, vram_free=[11174.4375, 4567.6875], vram_total=[11178.5, 24268.3125])}
10-23-2021 13:49:33 ClusterManager INFO     Still alive...
10-23-2021 13:49:33 Orchestrator INFO     Scheduling arrival of Arrival: 2b137c63-7366-450e-9519-c0134da01fc2
10-23-2021 13:49:33 Orchestrator INFO     Deploying on cluster: 2b137c63-7366-450e-9519-c0134da01fc2
10-23-2021 13:49:39 StyleGANExperimentGenerator INFO     Creating task for StyleGANInferenceJob
15
10-23-2021 13:49:40 ResourceWatchDog INFO     Fetching job finish times...
10-23-2021 13:49:40 ResourceWatchDog INFO     Fetching resource information of cluster...
10-23-2021 13:49:41 ResourceWatchDog INFO     {'ubuntu94025': Resource(node_name='ubuntu94025', cpu_allocatable=<Quantity(24, 'dimensionless')>, memory_allocatable=<Quantity(65626416, 'Ki')>, cpu_requested=<Quantity(2.72, 'dimensionless')>, memory_requested=<Quantity(3570766848, 'dimensionless')>, cpu_limit=<Quantity(22.4, 'dimensionless')>, memory_limit=<Quantity(15637779456, 'dimensionless')>, vram_free=[11174.4375, 17796.6875], vram_total=[11178.5, 24268.3125])}
10-23-2021 13:49:43 ClusterManager INFO     Still alive...
10-23-2021 13:49:43 Orchestrator INFO     Scheduling arrival of Arrival: 593b82cc-2818-4749-8293-63f3559974f0
10-23-2021 13:49:43 Orchestrator INFO     Deploying on cluster: 593b82cc-2818-4749-8293-63f3559974f0
10-23-2021 13:49:51 ResourceWatchDog INFO     Fetching job finish times...
10-23-2021 13:49:51 ResourceWatchDog INFO     Fetching resource information of cluster...
10-23-2021 13:49:51 ResourceWatchDog INFO     {'ubuntu94025': Resource(node_name='ubuntu94025', cpu_allocatable=<Quantity(24, 'dimensionless')>, memory_allocatable=<Quantity(65626416, 'Ki')>, cpu_requested=<Quantity(2.72, 'dimensionless')>, memory_requested=<Quantity(3570766848, 'dimensionless')>, cpu_limit=<Quantity(22.4, 'dimensionless')>, memory_limit=<Quantity(15637779456, 'dimensionless')>, vram_free=[1349.4375, 8782.6875], vram_total=[11178.5, 24268.3125])}
10-23-2021 13:49:53 ClusterManager INFO     Still alive...
10-23-2021 13:49:57 StyleGANExperimentGenerator INFO     Creating task for StyleGANInferenceJob
15
10-23-2021 13:49:58 Orchestrator INFO     Scheduling arrival of Arrival: 263ebc52-7d0e-4b1f-97ea-6e75d07a3f56
10-23-2021 13:49:58 Orchestrator INFO     Deploying on cluster: 263ebc52-7d0e-4b1f-97ea-6e75d07a3f56
10-23-2021 13:50:01 ResourceWatchDog INFO     Fetching job finish times...
10-23-2021 13:50:01 ResourceWatchDog INFO     Fetching resource information of cluster...
10-23-2021 13:50:02 ResourceWatchDog INFO     {'ubuntu94025': Resource(node_name='ubuntu94025', cpu_allocatable=<Quantity(24, 'dimensionless')>, memory_allocatable=<Quantity(65626416, 'Ki')>, cpu_requested=<Quantity(2.72, 'dimensionless')>, memory_requested=<Quantity(3570766848, 'dimensionless')>, cpu_limit=<Quantity(22.4, 'dimensionless')>, memory_limit=<Quantity(15637779456, 'dimensionless')>, vram_free=[11174.4375, 2336.6875], vram_total=[11178.5, 24268.3125])}
10-23-2021 13:50:03 ClusterManager INFO     Still alive...
10-23-2021 13:50:12 ResourceWatchDog INFO     Fetching job finish times...
10-23-2021 13:50:12 ResourceWatchDog INFO     Fetching resource information of cluster...
10-23-2021 13:50:12 ResourceWatchDog INFO     {'ubuntu94025': Resource(node_name='ubuntu94025', cpu_allocatable=<Quantity(24, 'dimensionless')>, memory_allocatable=<Quantity(65626416, 'Ki')>, cpu_requested=<Quantity(2.72, 'dimensionless')>, memory_requested=<Quantity(3570766848, 'dimensionless')>, cpu_limit=<Quantity(22.4, 'dimensionless')>, memory_limit=<Quantity(15637779456, 'dimensionless')>, vram_free=[11174.4375, 2322.6875], vram_total=[11178.5, 24268.3125])}
10-23-2021 13:50:13 ClusterManager INFO     Still alive...
10-23-2021 13:50:15 StyleGANExperimentGenerator INFO     Creating task for StyleGANInferenceJob
15
10-23-2021 13:50:18 Orchestrator INFO     Scheduling arrival of Arrival: 75e9ddf7-459a-4b95-b514-ec435defabf4
10-23-2021 13:50:18 Orchestrator INFO     Deploying on cluster: 75e9ddf7-459a-4b95-b514-ec435defabf4
10-23-2021 13:50:22 ResourceWatchDog INFO     Fetching job finish times...
10-23-2021 13:50:22 ResourceWatchDog INFO     Fetching resource information of cluster...
10-23-2021 13:50:22 ResourceWatchDog INFO     {'ubuntu94025': Resource(node_name='ubuntu94025', cpu_allocatable=<Quantity(24, 'dimensionless')>, memory_allocatable=<Quantity(65626416, 'Ki')>, cpu_requested=<Quantity(2.72, 'dimensionless')>, memory_requested=<Quantity(3570766848, 'dimensionless')>, cpu_limit=<Quantity(22.4, 'dimensionless')>, memory_limit=<Quantity(15637779456, 'dimensionless')>, vram_free=[11174.4375, 22832.6875], vram_total=[11178.5, 24268.3125])}
10-23-2021 13:50:23 ClusterManager INFO     Still alive...
10-23-2021 13:50:28 ResourceWatchDog INFO     Fetching resource information of cluster...
10-23-2021 13:50:29 ResourceWatchDog INFO     {'ubuntu94025': Resource(node_name='ubuntu94025', cpu_allocatable=<Quantity(24, 'dimensionless')>, memory_allocatable=<Quantity(65626416, 'Ki')>, cpu_requested=<Quantity(2.72, 'dimensionless')>, memory_requested=<Quantity(3570766848, 'dimensionless')>, cpu_limit=<Quantity(22.4, 'dimensionless')>, memory_limit=<Quantity(15637779456, 'dimensionless')>, vram_free=[11174.4375, 2674.6875], vram_total=[11178.5, 24268.3125])}
15
10-23-2021 13:50:30 StyleGANExperimentGenerator INFO     Creating task for StyleGANInferenceJob
10-23-2021 13:50:33 ResourceWatchDog INFO     Fetching job finish times...
10-23-2021 13:50:33 ClusterManager INFO     Still alive...
10-23-2021 13:50:33 ResourceWatchDog INFO     Fetching resource information of cluster...
10-23-2021 13:50:33 ResourceWatchDog INFO     {'ubuntu94025': Resource(node_name='ubuntu94025', cpu_allocatable=<Quantity(24, 'dimensionless')>, memory_allocatable=<Quantity(65626416, 'Ki')>, cpu_requested=<Quantity(2.72, 'dimensionless')>, memory_requested=<Quantity(3570766848, 'dimensionless')>, cpu_limit=<Quantity(22.4, 'dimensionless')>, memory_limit=<Quantity(15637779456, 'dimensionless')>, vram_free=[11174.4375, 24264.6875], vram_total=[11178.5, 24268.3125])}
10-23-2021 13:50:33 Orchestrator INFO     Scheduling arrival of Arrival: 16c883e6-628c-4a30-8390-b7aa514c9d70
10-23-2021 13:50:33 Orchestrator INFO     Deploying on cluster: 16c883e6-628c-4a30-8390-b7aa514c9d70
10-23-2021 13:50:43 ClusterManager INFO     Still alive...
10-23-2021 13:50:43 StyleGANExperimentGenerator INFO     Creating task for StyleGANInferenceJob
15
10-23-2021 13:50:43 ResourceWatchDog INFO     Fetching job finish times...
10-23-2021 13:50:43 ResourceWatchDog INFO     Fetching resource information of cluster...
10-23-2021 13:50:43 Orchestrator INFO     Scheduling arrival of Arrival: 0322e470-cfbb-45df-94f6-422ffa414f73
10-23-2021 13:50:43 Orchestrator INFO     Deploying on cluster: 0322e470-cfbb-45df-94f6-422ffa414f73
10-23-2021 13:50:43 ResourceWatchDog INFO     {'ubuntu94025': Resource(node_name='ubuntu94025', cpu_allocatable=<Quantity(24, 'dimensionless')>, memory_allocatable=<Quantity(65626416, 'Ki')>, cpu_requested=<Quantity(2.72, 'dimensionless')>, memory_requested=<Quantity(3570766848, 'dimensionless')>, cpu_limit=<Quantity(22.4, 'dimensionless')>, memory_limit=<Quantity(15637779456, 'dimensionless')>, vram_free=[11174.4375, 6992.6875], vram_total=[11178.5, 24268.3125])}
10-23-2021 13:50:53 ClusterManager INFO     Still alive...
10-23-2021 13:50:53 ResourceWatchDog INFO     Fetching job finish times...
10-23-2021 13:50:54 ResourceWatchDog INFO     Fetching resource information of cluster...
10-23-2021 13:50:54 ResourceWatchDog INFO     {'ubuntu94025': Resource(node_name='ubuntu94025', cpu_allocatable=<Quantity(24, 'dimensionless')>, memory_allocatable=<Quantity(65626416, 'Ki')>, cpu_requested=<Quantity(2.72, 'dimensionless')>, memory_requested=<Quantity(3570766848, 'dimensionless')>, cpu_limit=<Quantity(22.4, 'dimensionless')>, memory_limit=<Quantity(15637779456, 'dimensionless')>, vram_free=[11174.4375, 13866.6875], vram_total=[11178.5, 24268.3125])}
10-23-2021 13:51:03 ClusterManager INFO     Still alive...
10-23-2021 13:51:04 ResourceWatchDog INFO     Fetching job finish times...
10-23-2021 13:51:04 StyleGANExperimentGenerator INFO     Creating task for StyleGANInferenceJob
15
10-23-2021 13:51:04 ResourceWatchDog INFO     Fetching resource information of cluster...
10-23-2021 13:51:04 ResourceWatchDog INFO     {'ubuntu94025': Resource(node_name='ubuntu94025', cpu_allocatable=<Quantity(24, 'dimensionless')>, memory_allocatable=<Quantity(65626416, 'Ki')>, cpu_requested=<Quantity(2.72, 'dimensionless')>, memory_requested=<Quantity(3570766848, 'dimensionless')>, cpu_limit=<Quantity(22.4, 'dimensionless')>, memory_limit=<Quantity(15637779456, 'dimensionless')>, vram_free=[11174.4375, 15473.6875], vram_total=[11178.5, 24268.3125])}
10-23-2021 13:51:08 Orchestrator INFO     Scheduling arrival of Arrival: 2a21ac5d-bb40-45a5-9036-fa46724878f1
10-23-2021 13:51:08 Orchestrator INFO     Deploying on cluster: 2a21ac5d-bb40-45a5-9036-fa46724878f1
10-23-2021 13:51:13 ClusterManager INFO     Still alive...
10-23-2021 13:51:14 ResourceWatchDog INFO     Fetching job finish times...
10-23-2021 13:51:14 ResourceWatchDog INFO     Fetching resource information of cluster...
10-23-2021 13:51:14 ResourceWatchDog INFO     {'ubuntu94025': Resource(node_name='ubuntu94025', cpu_allocatable=<Quantity(24, 'dimensionless')>, memory_allocatable=<Quantity(65626416, 'Ki')>, cpu_requested=<Quantity(2.72, 'dimensionless')>, memory_requested=<Quantity(3570766848, 'dimensionless')>, cpu_limit=<Quantity(22.4, 'dimensionless')>, memory_limit=<Quantity(15637779456, 'dimensionless')>, vram_free=[6621.4375, 24264.6875], vram_total=[11178.5, 24268.3125])}
10-23-2021 13:51:18 StyleGANExperimentGenerator INFO     Creating task for StyleGANInferenceJob
15
10-23-2021 13:51:18 Orchestrator INFO     Scheduling arrival of Arrival: 4a492804-d469-4656-aa65-4e4c00f510e0
10-23-2021 13:51:18 Orchestrator INFO     Deploying on cluster: 4a492804-d469-4656-aa65-4e4c00f510e0
10-23-2021 13:51:23 ClusterManager INFO     Still alive...
10-23-2021 13:51:23 StyleGANExperimentGenerator INFO     Stopped execution at: 1634997083.3264046, duration: 600.5773258209229/600
10-23-2021 13:51:23 Orchestrator INFO     Received stop signal for the Orchestrator. Waiting 2 minutes for jobs to finish
10-23-2021 13:51:25 ResourceWatchDog INFO     Fetching job finish times...
10-23-2021 13:51:25 ResourceWatchDog INFO     Fetching resource information of cluster...
10-23-2021 13:51:25 ResourceWatchDog INFO     {'ubuntu94025': Resource(node_name='ubuntu94025', cpu_allocatable=<Quantity(24, 'dimensionless')>, memory_allocatable=<Quantity(65626416, 'Ki')>, cpu_requested=<Quantity(2.72, 'dimensionless')>, memory_requested=<Quantity(3570766848, 'dimensionless')>, cpu_limit=<Quantity(22.4, 'dimensionless')>, memory_limit=<Quantity(15637779456, 'dimensionless')>, vram_free=[262.4375, 22206.6875], vram_total=[11178.5, 24268.3125])}
10-23-2021 13:51:29 ResourceWatchDog INFO     Fetching resource information of cluster...
10-23-2021 13:51:29 ResourceWatchDog INFO     {'ubuntu94025': Resource(node_name='ubuntu94025', cpu_allocatable=<Quantity(24, 'dimensionless')>, memory_allocatable=<Quantity(65626416, 'Ki')>, cpu_requested=<Quantity(2.72, 'dimensionless')>, memory_requested=<Quantity(3570766848, 'dimensionless')>, cpu_limit=<Quantity(22.4, 'dimensionless')>, memory_limit=<Quantity(15637779456, 'dimensionless')>, vram_free=[11174.4375, 24264.6875], vram_total=[11178.5, 24268.3125])}
10-23-2021 13:51:33 ClusterManager INFO     Still alive...
10-23-2021 13:51:35 ResourceWatchDog INFO     Fetching job finish times...
10-23-2021 13:51:35 ResourceWatchDog INFO     Fetching resource information of cluster...
10-23-2021 13:51:36 ResourceWatchDog INFO     {'ubuntu94025': Resource(node_name='ubuntu94025', cpu_allocatable=<Quantity(24, 'dimensionless')>, memory_allocatable=<Quantity(65626416, 'Ki')>, cpu_requested=<Quantity(2.72, 'dimensionless')>, memory_requested=<Quantity(3570766848, 'dimensionless')>, cpu_limit=<Quantity(22.4, 'dimensionless')>, memory_limit=<Quantity(15637779456, 'dimensionless')>, vram_free=[2257.4375, 24264.6875], vram_total=[11178.5, 24268.3125])}
10-23-2021 13:51:43 ClusterManager INFO     Still alive...
10-23-2021 13:51:46 ResourceWatchDog INFO     Fetching job finish times...
10-23-2021 13:51:46 ResourceWatchDog INFO     Fetching resource information of cluster...
10-23-2021 13:51:46 ResourceWatchDog INFO     {'ubuntu94025': Resource(node_name='ubuntu94025', cpu_allocatable=<Quantity(24, 'dimensionless')>, memory_allocatable=<Quantity(65626416, 'Ki')>, cpu_requested=<Quantity(2.72, 'dimensionless')>, memory_requested=<Quantity(3570766848, 'dimensionless')>, cpu_limit=<Quantity(22.4, 'dimensionless')>, memory_limit=<Quantity(15637779456, 'dimensionless')>, vram_free=[841.4375, 23259.6875], vram_total=[11178.5, 24268.3125])}
10-23-2021 13:51:53 ClusterManager INFO     Still alive...
10-23-2021 13:51:56 ResourceWatchDog INFO     Fetching job finish times...
10-23-2021 13:51:56 ResourceWatchDog INFO     Fetching resource information of cluster...
10-23-2021 13:51:56 ResourceWatchDog INFO     {'ubuntu94025': Resource(node_name='ubuntu94025', cpu_allocatable=<Quantity(24, 'dimensionless')>, memory_allocatable=<Quantity(65626416, 'Ki')>, cpu_requested=<Quantity(2.72, 'dimensionless')>, memory_requested=<Quantity(3570766848, 'dimensionless')>, cpu_limit=<Quantity(22.4, 'dimensionless')>, memory_limit=<Quantity(15637779456, 'dimensionless')>, vram_free=[11174.4375, 24264.6875], vram_total=[11178.5, 24268.3125])}
10-23-2021 13:52:03 ClusterManager INFO     Still alive...
10-23-2021 13:52:06 ResourceWatchDog INFO     Fetching job finish times...
10-23-2021 13:52:07 ResourceWatchDog INFO     Fetching resource information of cluster...
10-23-2021 13:52:07 ResourceWatchDog INFO     {'ubuntu94025': Resource(node_name='ubuntu94025', cpu_allocatable=<Quantity(24, 'dimensionless')>, memory_allocatable=<Quantity(65626416, 'Ki')>, cpu_requested=<Quantity(2.72, 'dimensionless')>, memory_requested=<Quantity(3570766848, 'dimensionless')>, cpu_limit=<Quantity(22.4, 'dimensionless')>, memory_limit=<Quantity(15637779456, 'dimensionless')>, vram_free=[3413.4375, 24264.6875], vram_total=[11178.5, 24268.3125])}
10-23-2021 13:52:13 ClusterManager INFO     Still alive...
10-23-2021 13:52:17 ResourceWatchDog INFO     Fetching job finish times...
10-23-2021 13:52:17 ResourceWatchDog INFO     Fetching resource information of cluster...
10-23-2021 13:52:17 ResourceWatchDog INFO     {'ubuntu94025': Resource(node_name='ubuntu94025', cpu_allocatable=<Quantity(24, 'dimensionless')>, memory_allocatable=<Quantity(65626416, 'Ki')>, cpu_requested=<Quantity(2.72, 'dimensionless')>, memory_requested=<Quantity(3570766848, 'dimensionless')>, cpu_limit=<Quantity(22.4, 'dimensionless')>, memory_limit=<Quantity(15637779456, 'dimensionless')>, vram_free=[849.4375, 22623.6875], vram_total=[11178.5, 24268.3125])}
10-23-2021 13:52:23 ClusterManager INFO     Still alive...
10-23-2021 13:52:27 ResourceWatchDog INFO     Fetching job finish times...
10-23-2021 13:52:27 ResourceWatchDog INFO     Fetching resource information of cluster...
10-23-2021 13:52:28 ResourceWatchDog INFO     {'ubuntu94025': Resource(node_name='ubuntu94025', cpu_allocatable=<Quantity(24, 'dimensionless')>, memory_allocatable=<Quantity(65626416, 'Ki')>, cpu_requested=<Quantity(2.72, 'dimensionless')>, memory_requested=<Quantity(3570766848, 'dimensionless')>, cpu_limit=<Quantity(22.4, 'dimensionless')>, memory_limit=<Quantity(15637779456, 'dimensionless')>, vram_free=[11174.4375, 24264.6875], vram_total=[11178.5, 24268.3125])}
10-23-2021 13:52:30 ResourceWatchDog INFO     Fetching resource information of cluster...
10-23-2021 13:52:30 ResourceWatchDog INFO     {'ubuntu94025': Resource(node_name='ubuntu94025', cpu_allocatable=<Quantity(24, 'dimensionless')>, memory_allocatable=<Quantity(65626416, 'Ki')>, cpu_requested=<Quantity(2.72, 'dimensionless')>, memory_requested=<Quantity(3570766848, 'dimensionless')>, cpu_limit=<Quantity(22.4, 'dimensionless')>, memory_limit=<Quantity(15637779456, 'dimensionless')>, vram_free=[11174.4375, 24264.6875], vram_total=[11178.5, 24268.3125])}
10-23-2021 13:52:33 ClusterManager INFO     Still alive...
10-23-2021 13:52:38 ResourceWatchDog INFO     Fetching job finish times...
10-23-2021 13:52:38 ResourceWatchDog INFO     Fetching resource information of cluster...
10-23-2021 13:52:38 ResourceWatchDog INFO     {'ubuntu94025': Resource(node_name='ubuntu94025', cpu_allocatable=<Quantity(24, 'dimensionless')>, memory_allocatable=<Quantity(65626416, 'Ki')>, cpu_requested=<Quantity(2.72, 'dimensionless')>, memory_requested=<Quantity(3570766848, 'dimensionless')>, cpu_limit=<Quantity(22.4, 'dimensionless')>, memory_limit=<Quantity(15637779456, 'dimensionless')>, vram_free=[11174.4375, 24264.6875], vram_total=[11178.5, 24268.3125])}
10-23-2021 13:52:43 ClusterManager INFO     Still alive...
10-23-2021 13:52:48 ResourceWatchDog INFO     Fetching job finish times...
10-23-2021 13:52:48 ResourceWatchDog INFO     Fetching resource information of cluster...
10-23-2021 13:52:48 ResourceWatchDog INFO     {'ubuntu94025': Resource(node_name='ubuntu94025', cpu_allocatable=<Quantity(24, 'dimensionless')>, memory_allocatable=<Quantity(65626416, 'Ki')>, cpu_requested=<Quantity(2.72, 'dimensionless')>, memory_requested=<Quantity(3570766848, 'dimensionless')>, cpu_limit=<Quantity(22.4, 'dimensionless')>, memory_limit=<Quantity(15637779456, 'dimensionless')>, vram_free=[2257.4375, 24264.6875], vram_total=[11178.5, 24268.3125])}
10-23-2021 13:52:53 ClusterManager INFO     Still alive...
10-23-2021 13:52:58 ResourceWatchDog INFO     Fetching job finish times...
10-23-2021 13:52:59 ResourceWatchDog INFO     Fetching resource information of cluster...
10-23-2021 13:52:59 ResourceWatchDog INFO     {'ubuntu94025': Resource(node_name='ubuntu94025', cpu_allocatable=<Quantity(24, 'dimensionless')>, memory_allocatable=<Quantity(65626416, 'Ki')>, cpu_requested=<Quantity(2.72, 'dimensionless')>, memory_requested=<Quantity(3570766848, 'dimensionless')>, cpu_limit=<Quantity(22.4, 'dimensionless')>, memory_limit=<Quantity(15637779456, 'dimensionless')>, vram_free=[841.4375, 23107.6875], vram_total=[11178.5, 24268.3125])}
10-23-2021 13:53:03 ClusterManager INFO     Still alive...
10-23-2021 13:53:09 ResourceWatchDog INFO     Fetching job finish times...
10-23-2021 13:53:09 ResourceWatchDog INFO     Fetching resource information of cluster...
10-23-2021 13:53:09 ResourceWatchDog INFO     {'ubuntu94025': Resource(node_name='ubuntu94025', cpu_allocatable=<Quantity(24, 'dimensionless')>, memory_allocatable=<Quantity(65626416, 'Ki')>, cpu_requested=<Quantity(2.72, 'dimensionless')>, memory_requested=<Quantity(3570766848, 'dimensionless')>, cpu_limit=<Quantity(22.4, 'dimensionless')>, memory_limit=<Quantity(15637779456, 'dimensionless')>, vram_free=[11174.4375, 24264.6875], vram_total=[11178.5, 24268.3125])}
10-23-2021 13:53:13 ClusterManager INFO     Still alive...
10-23-2021 13:53:19 ResourceWatchDog INFO     Fetching job finish times...
10-23-2021 13:53:19 ResourceWatchDog INFO     Fetching resource information of cluster...
10-23-2021 13:53:20 ResourceWatchDog INFO     {'ubuntu94025': Resource(node_name='ubuntu94025', cpu_allocatable=<Quantity(24, 'dimensionless')>, memory_allocatable=<Quantity(65626416, 'Ki')>, cpu_requested=<Quantity(2.72, 'dimensionless')>, memory_requested=<Quantity(3570766848, 'dimensionless')>, cpu_limit=<Quantity(22.4, 'dimensionless')>, memory_limit=<Quantity(15637779456, 'dimensionless')>, vram_free=[11174.4375, 24264.6875], vram_total=[11178.5, 24268.3125])}
10-23-2021 13:53:23 ClusterManager INFO     Still alive...




task_info {UUID('d0d76b9e-4830-4217-a698-8e6ec166f88b'): ('style2ada', 256, 'random', 100, 'cuda:0', 8, 1), UUID('e40ad6a9-f3ef-4136-89e9-06fa1d0bd4b4'): ('swa', 1024, 'random', 100, 'cuda:0', 8, 1), UUID('954c1b9b-d25e-444a-ad62-b3036a034c24'): ('anycost', 512, 'interpolation', 400, 'cuda:1', 8, 1), UUID('fa5b4bab-eb57-4d56-b3ab-04892eb2bb86'): ('style2ada', 1024, 'random', 200, 'cuda:1', 8, 1), UUID('e85d074b-f3a0-4a1d-a5d2-8e8aaebeb19a'): ('style1', 512, 'interpolation', 100, 'cuda:0', 8, 1), UUID('3c22bba7-b063-4887-aee5-0f2eaad10723'): ('style2', 256, 'interpolation', 200, 'cuda:0', 8, 1), UUID('60b19600-b1e6-47e2-88a1-69b8cc90d5e7'): ('swa', 512, 'random', 800, 'cuda:0', 8, 1), UUID('5d77b8be-762b-4158-965e-047a9826d670'): ('style1', 1024, 'random', 100, 'cuda:0', 8, 1), UUID('3f26dc13-fa50-4900-8b6a-aa49fce58621'): ('style2', 512, 'random', 400, 'cuda:1', 8, 1), UUID('0d9ecd66-3be2-4316-8a97-89b4f5aceca2'): ('style2', 512, 'interpolation', 800, 'cuda:0', 8, 1), UUID('8c0926f4-e063-4a8d-a419-4cad825180cb'): ('anycost', 1024, 'random', 400, 'cuda:1', 8, 1), UUID('3c5adb83-c7ef-479d-bc5b-c35cf566ba55'): ('style2ada', 256, 'random', 400, 'cuda:1', 8, 1), UUID('1eb22c42-9741-4cfe-8f3c-dc45d073e2ff'): ('swa', 512, 'random', 100, 'cuda:0', 8, 1), UUID('9075a59e-e31e-4035-8629-f7eab920c356'): ('stylemap', 512, 'random', 200, 'cuda:0', 8, 1), UUID('d128c95e-61f0-435d-be02-352f9e044c69'): ('style2', 512, 'random', 100, 'cuda:0', 8, 1), UUID('c16cb9c7-6254-43ed-a1c2-2491fdcc9182'): ('style2ada', 1024, 'interpolation', 200, 'cuda:0', 8, 1), UUID('dbb3ba02-2d10-47ef-803a-98f17c2ce9ff'): ('style2', 256, 'random', 200, 'cuda:0', 8, 1), UUID('e9c663d4-8154-4d74-9169-1fd3aec676a1'): ('style2', 512, 'interpolation', 800, 'cuda:0', 8, 1), UUID('60f67e62-f23a-43f0-b431-91cdce8ced98'): ('mobile', 256, 'random', 400, 'cuda:0', 8, 1), UUID('8295e160-616f-45c6-a27d-8b39bcd335cd'): ('stylemap', 512, 'random', 400, 'cuda:1', 8, 1), UUID('6281947e-3b00-4b17-b367-c71527594331'): ('style1', 256, 'interpolation', 800, 'cuda:0', 8, 1), UUID('ba9744e8-5f44-4ddb-94c6-aff4e7437e05'): ('swa', 1024, 'interpolation', 100, 'cuda:0', 8, 1), UUID('fda62585-c5cc-4bd2-8a7a-02eaa9b92fc9'): ('anycost', 1024, 'interpolation', 800, 'cuda:0', 8, 1), UUID('711d6b34-ac3a-4be8-8cf8-20c4e6956ffd'): ('stylemap', 1024, 'random', 100, 'cuda:1', 8, 1), UUID('0c1d5f15-4038-4df6-84c2-632ba77f4e12'): ('mobile', 1024, 'random', 200, 'cuda:0', 8, 1), UUID('5653c9a5-69fb-4f3c-850c-a5f039c95e89'): ('stylemap', 1024, 'interpolation', 800, 'cuda:0', 8, 1), UUID('30b1ca36-4463-48a7-b270-5e891749aaaf'): ('swa', 512, 'random', 400, 'cuda:1', 8, 1), UUID('e4b8e73c-70d1-44fa-bc6a-b1474edde2bb'): ('anycost', 256, 'interpolation', 100, 'cuda:1', 8, 1), UUID('3dbcfda9-d4d8-4453-b6c7-957a2b801e52'): ('swa', 256, 'interpolation', 100, 'cuda:0', 8, 1), UUID('06fcc9d8-c9f5-481b-bb6c-1ac872bcf960'): ('mobile', 1024, 'random', 200, 'cuda:0', 8, 1), UUID('4a1eb524-be0a-463f-bbfb-4a92468b1f5b'): ('stylemap', 1024, 'interpolation', 200, 'cuda:0', 8, 1), UUID('81ea7558-3510-4506-9197-78a036abcd22'): ('stylemap', 256, 'interpolation', 400, 'cuda:0', 8, 1), UUID('f0ccb551-64e3-44df-a9cc-4ecbebb67165'): ('anycost', 256, 'random', 800, 'cuda:0', 8, 1), UUID('2b137c63-7366-450e-9519-c0134da01fc2'): ('mobile', 256, 'interpolation', 800, 'cuda:0', 8, 1), UUID('593b82cc-2818-4749-8293-63f3559974f0'): ('anycost', 256, 'interpolation', 200, 'cuda:0', 8, 1), UUID('263ebc52-7d0e-4b1f-97ea-6e75d07a3f56'): ('style2ada', 512, 'interpolation', 800, 'cuda:0', 8, 1), UUID('75e9ddf7-459a-4b95-b514-ec435defabf4'): ('mobile', 256, 'random', 800, 'cuda:0', 8, 1), UUID('16c883e6-628c-4a30-8390-b7aa514c9d70'): ('swa', 512, 'random', 800, 'cuda:0', 8, 1), UUID('0322e470-cfbb-45df-94f6-422ffa414f73'): ('anycost', 512, 'random', 100, 'cuda:0', 8, 1), UUID('2a21ac5d-bb40-45a5-9036-fa46724878f1'): ('stylemap', 1024, 'interpolation', 200, 'cuda:1', 8, 1), UUID('4a492804-d469-4656-aa65-4e4c00f510e0'): ('style1', 512, 'random', 200, 'cuda:0', 8, 1)}
arrival_times {UUID('d0d76b9e-4830-4217-a698-8e6ec166f88b'): datetime.datetime(2021, 10, 23, 13, 41, 42, 787871), UUID('e40ad6a9-f3ef-4136-89e9-06fa1d0bd4b4'): datetime.datetime(2021, 10, 23, 13, 41, 52, 807863), UUID('954c1b9b-d25e-444a-ad62-b3036a034c24'): datetime.datetime(2021, 10, 23, 13, 42, 7, 827995), UUID('fa5b4bab-eb57-4d56-b3ab-04892eb2bb86'): datetime.datetime(2021, 10, 23, 13, 42, 27, 858792), UUID('e85d074b-f3a0-4a1d-a5d2-8e8aaebeb19a'): datetime.datetime(2021, 10, 23, 13, 42, 37, 874859), UUID('3c22bba7-b063-4887-aee5-0f2eaad10723'): datetime.datetime(2021, 10, 23, 13, 42, 52, 895359), UUID('60b19600-b1e6-47e2-88a1-69b8cc90d5e7'): datetime.datetime(2021, 10, 23, 13, 43, 2, 911454), UUID('5d77b8be-762b-4158-965e-047a9826d670'): datetime.datetime(2021, 10, 23, 13, 43, 22, 934833), UUID('3f26dc13-fa50-4900-8b6a-aa49fce58621'): datetime.datetime(2021, 10, 23, 13, 43, 32, 950812), UUID('0d9ecd66-3be2-4316-8a97-89b4f5aceca2'): datetime.datetime(2021, 10, 23, 13, 43, 47, 970841), UUID('8c0926f4-e063-4a8d-a419-4cad825180cb'): datetime.datetime(2021, 10, 23, 13, 43, 57, 986715), UUID('3c5adb83-c7ef-479d-bc5b-c35cf566ba55'): datetime.datetime(2021, 10, 23, 13, 44, 13, 9313), UUID('1eb22c42-9741-4cfe-8f3c-dc45d073e2ff'): datetime.datetime(2021, 10, 23, 13, 44, 28, 30929), UUID('9075a59e-e31e-4035-8629-f7eab920c356'): datetime.datetime(2021, 10, 23, 13, 44, 43, 51032), UUID('d128c95e-61f0-435d-be02-352f9e044c69'): datetime.datetime(2021, 10, 23, 13, 44, 58, 72896), UUID('c16cb9c7-6254-43ed-a1c2-2491fdcc9182'): datetime.datetime(2021, 10, 23, 13, 45, 8, 86826), UUID('dbb3ba02-2d10-47ef-803a-98f17c2ce9ff'): datetime.datetime(2021, 10, 23, 13, 45, 23, 107092), UUID('e9c663d4-8154-4d74-9169-1fd3aec676a1'): datetime.datetime(2021, 10, 23, 13, 45, 33, 122836), UUID('60f67e62-f23a-43f0-b431-91cdce8ced98'): datetime.datetime(2021, 10, 23, 13, 45, 48, 146857), UUID('8295e160-616f-45c6-a27d-8b39bcd335cd'): datetime.datetime(2021, 10, 23, 13, 45, 58, 162934), UUID('6281947e-3b00-4b17-b367-c71527594331'): datetime.datetime(2021, 10, 23, 13, 46, 3, 182805), UUID('ba9744e8-5f44-4ddb-94c6-aff4e7437e05'): datetime.datetime(2021, 10, 23, 13, 46, 18, 203535), UUID('fda62585-c5cc-4bd2-8a7a-02eaa9b92fc9'): datetime.datetime(2021, 10, 23, 13, 46, 38, 230849), UUID('711d6b34-ac3a-4be8-8cf8-20c4e6956ffd'): datetime.datetime(2021, 10, 23, 13, 46, 48, 248547), UUID('0c1d5f15-4038-4df6-84c2-632ba77f4e12'): datetime.datetime(2021, 10, 23, 13, 46, 58, 264066), UUID('5653c9a5-69fb-4f3c-850c-a5f039c95e89'): datetime.datetime(2021, 10, 23, 13, 47, 18, 286828), UUID('30b1ca36-4463-48a7-b270-5e891749aaaf'): datetime.datetime(2021, 10, 23, 13, 47, 33, 310830), UUID('e4b8e73c-70d1-44fa-bc6a-b1474edde2bb'): datetime.datetime(2021, 10, 23, 13, 47, 53, 335894), UUID('3dbcfda9-d4d8-4453-b6c7-957a2b801e52'): datetime.datetime(2021, 10, 23, 13, 48, 8, 362825), UUID('06fcc9d8-c9f5-481b-bb6c-1ac872bcf960'): datetime.datetime(2021, 10, 23, 13, 48, 28, 386994), UUID('4a1eb524-be0a-463f-bbfb-4a92468b1f5b'): datetime.datetime(2021, 10, 23, 13, 48, 38, 407943), UUID('81ea7558-3510-4506-9197-78a036abcd22'): datetime.datetime(2021, 10, 23, 13, 48, 53, 451890), UUID('f0ccb551-64e3-44df-a9cc-4ecbebb67165'): datetime.datetime(2021, 10, 23, 13, 49, 8, 472219), UUID('2b137c63-7366-450e-9519-c0134da01fc2'): datetime.datetime(2021, 10, 23, 13, 49, 33, 498831), UUID('593b82cc-2818-4749-8293-63f3559974f0'): datetime.datetime(2021, 10, 23, 13, 49, 43, 516127), UUID('263ebc52-7d0e-4b1f-97ea-6e75d07a3f56'): datetime.datetime(2021, 10, 23, 13, 49, 58, 539886), UUID('75e9ddf7-459a-4b95-b514-ec435defabf4'): datetime.datetime(2021, 10, 23, 13, 50, 18, 571746), UUID('16c883e6-628c-4a30-8390-b7aa514c9d70'): datetime.datetime(2021, 10, 23, 13, 50, 33, 590897), UUID('0322e470-cfbb-45df-94f6-422ffa414f73'): datetime.datetime(2021, 10, 23, 13, 50, 43, 609873), UUID('2a21ac5d-bb40-45a5-9036-fa46724878f1'): datetime.datetime(2021, 10, 23, 13, 51, 8, 638799), UUID('4a492804-d469-4656-aa65-4e4c00f510e0'): datetime.datetime(2021, 10, 23, 13, 51, 18, 658859)}




id,network,job_type,image_size,num_imgs,device,batch_size,data_parallelism,response_time
d0d76b9e,style2ada,random,256,100,cuda:0,8,1,8212
e40ad6a9,swa,random,1024,100,cuda:0,8,1,17192
954c1b9b,anycost,interpolation,512,400,cuda:1,8,1,30172
fa5b4bab,style2ada,random,1024,200,cuda:1,8,1,39141
e85d074b,style1,interpolation,512,100,cuda:0,8,1,8125
3c22bba7,style2,interpolation,256,200,cuda:0,8,1,12104
60b19600,swa,random,512,800,cuda:0,8,1,18088
5d77b8be,style1,random,1024,100,cuda:0,8,1,9065
3f26dc13,style2,random,512,400,cuda:1,8,1,32049
0d9ecd66,style2,interpolation,512,800,cuda:0,8,1,25029
8c0926f4,anycost,random,1024,400,cuda:1,8,1,56013
3c5adb83,style2ada,random,256,400,cuda:1,8,1,30990
1eb22c42,swa,random,512,100,cuda:0,8,1,13969
9075a59e,stylemap,random,512,200,cuda:0,8,1,23948
d128c95e,style2,random,512,100,cuda:0,8,1,14927
c16cb9c7,style2ada,interpolation,1024,200,cuda:0,8,1,13913
dbb3ba02,style2,random,256,200,cuda:0,8,1,10892
e9c663d4,style2,interpolation,512,800,cuda:0,8,1,25877
60f67e62,mobile,random,256,400,cuda:0,8,1,9853
8295e160,stylemap,random,512,400,cuda:1,8,1,60837
6281947e,style1,interpolation,256,800,cuda:0,8,1,7817
ba9744e8,swa,interpolation,1024,100,cuda:0,8,1,16796
fda62585,anycost,interpolation,1024,800,cuda:0,8,1,37769
711d6b34,stylemap,random,1024,100,cuda:1,8,1,-1
0c1d5f15,mobile,random,1024,200,cuda:0,8,1,22735
5653c9a5,stylemap,interpolation,1024,800,cuda:0,8,1,101713
30b1ca36,swa,random,512,400,cuda:1,8,1,30689
e4b8e73c,anycost,interpolation,256,100,cuda:1,8,1,18664
3dbcfda9,swa,interpolation,256,100,cuda:0,8,1,15637
06fcc9d8,mobile,random,1024,200,cuda:0,8,1,75613
4a1eb524,stylemap,interpolation,1024,200,cuda:0,8,1,101592
81ea7558,stylemap,interpolation,256,400,cuda:0,8,1,24548
f0ccb551,anycost,random,256,800,cuda:0,8,1,24527
2b137c63,mobile,interpolation,256,800,cuda:0,8,1,10501
593b82cc,anycost,interpolation,256,200,cuda:0,8,1,46483
263ebc52,style2ada,interpolation,512,800,cuda:0,8,1,53460
75e9ddf7,mobile,random,256,800,cuda:0,8,1,11428
16c883e6,swa,random,512,800,cuda:0,8,1,30409
0322e470,anycost,random,512,100,cuda:0,8,1,19390
2a21ac5d,stylemap,interpolation,1024,200,cuda:1,8,1,-1
4a492804,style1,random,512,200,cuda:0,8,1,8341




10-23-2021 13:53:23 ClusterManager INFO     Stopping execution of ClusterManager, halting components...
10-23-2021 13:53:23 ResourceWatchDog INFO     [WatchDog] Received request to stop execution
