/usr/local/lib/python3.8/dist-packages/dataclasses_json/core.py:171: RuntimeWarning: `NoneType` object value of non-optional type config_path detected when decoding BareConfig.
  warnings.warn(f"`NoneType` object {warning}.", RuntimeWarning)
10-23-2021 13:15:32 root         INFO     Starting in cluster mode.
10-23-2021 13:15:32 root         INFO     Starting as Orchestrator
10-23-2021 13:15:32 root         INFO     Starting Orchestrator, initializing resources....
10-23-2021 13:15:32 root         INFO     Loading in cluster configuration file
10-23-2021 13:15:32 root         INFO     Pointing configuration to in cluster configuration.
10-23-2021 13:15:32 root         INFO     Starting cluster manager
10-23-2021 13:15:32 ClusterManager INFO     Spinning up cluster manager...
10-23-2021 13:15:32 ResourceWatchDog INFO     Starting resource watchdog
10-23-2021 13:15:32 ResourceWatchDog INFO     Fetching node information of cluster...
10-23-2021 13:15:32 ClusterManager INFO     Still alive...
10-23-2021 13:15:32 root         INFO     Starting arrival generator
10-23-2021 13:15:32 root         INFO     Starting orchestrator
10-23-2021 13:15:32 StyleGANExperimentGenerator INFO     Starting execution of arrival generator...
10-23-2021 13:15:32 StyleGANExperimentGenerator INFO     Populating tick lists with initial arrivals
10-23-2021 13:15:32 StyleGANExperimentGenerator INFO     Creating task for StyleGANInferenceJob
15
10-23-2021 13:15:32 Orchestrator INFO     Clearing old jobs in current namespace: default
10-23-2021 13:15:32 ResourceWatchDog INFO     Starting with watching resources
10-23-2021 13:15:42 ClusterManager INFO     Still alive...
10-23-2021 13:15:42 ResourceWatchDog INFO     Fetching job finish times...
10-23-2021 13:15:42 ResourceWatchDog INFO     Fetching resource information of cluster...
10-23-2021 13:15:42 ResourceWatchDog INFO     {'ubuntu94025': Resource(node_name='ubuntu94025', cpu_allocatable=<Quantity(24, 'dimensionless')>, memory_allocatable=<Quantity(65626416, 'Ki')>, cpu_requested=<Quantity(2.72, 'dimensionless')>, memory_requested=<Quantity(3570766848, 'dimensionless')>, cpu_limit=<Quantity(22.4, 'dimensionless')>, memory_limit=<Quantity(15637779456, 'dimensionless')>, vram_free=[11174.4375, 24264.6875], vram_total=[11178.5, 24268.3125])}
10-23-2021 13:15:49 StyleGANExperimentGenerator INFO     Creating task for StyleGANInferenceJob
15
10-23-2021 13:15:52 ClusterManager INFO     Still alive...
10-23-2021 13:15:52 Orchestrator INFO     Scheduling arrival of Arrival: 5d325dbf-661c-4984-a1dd-31d73dc5d90c
10-23-2021 13:15:52 Orchestrator INFO     Deploying on cluster: 5d325dbf-661c-4984-a1dd-31d73dc5d90c
10-23-2021 13:15:52 ResourceWatchDog INFO     Fetching job finish times...
10-23-2021 13:15:53 ResourceWatchDog INFO     Fetching resource information of cluster...
10-23-2021 13:15:53 ResourceWatchDog INFO     {'ubuntu94025': Resource(node_name='ubuntu94025', cpu_allocatable=<Quantity(24, 'dimensionless')>, memory_allocatable=<Quantity(65626416, 'Ki')>, cpu_requested=<Quantity(2.72, 'dimensionless')>, memory_requested=<Quantity(3570766848, 'dimensionless')>, cpu_limit=<Quantity(22.4, 'dimensionless')>, memory_limit=<Quantity(15637779456, 'dimensionless')>, vram_free=[11174.4375, 24264.6875], vram_total=[11178.5, 24268.3125])}
10-23-2021 13:15:59 StyleGANExperimentGenerator INFO     Creating task for StyleGANInferenceJob
15
10-23-2021 13:16:02 ClusterManager INFO     Still alive...
10-23-2021 13:16:02 Orchestrator INFO     Scheduling arrival of Arrival: 7f53cfcb-8f1b-41e1-bc46-76e46b3af05c
10-23-2021 13:16:02 Orchestrator INFO     Deploying on cluster: 7f53cfcb-8f1b-41e1-bc46-76e46b3af05c
10-23-2021 13:16:03 ResourceWatchDog INFO     Fetching job finish times...
10-23-2021 13:16:03 ResourceWatchDog INFO     Fetching resource information of cluster...
10-23-2021 13:16:03 ResourceWatchDog INFO     {'ubuntu94025': Resource(node_name='ubuntu94025', cpu_allocatable=<Quantity(24, 'dimensionless')>, memory_allocatable=<Quantity(65626416, 'Ki')>, cpu_requested=<Quantity(2.72, 'dimensionless')>, memory_requested=<Quantity(3570766848, 'dimensionless')>, cpu_limit=<Quantity(22.4, 'dimensionless')>, memory_limit=<Quantity(15637779456, 'dimensionless')>, vram_free=[11174.4375, 21389.6875], vram_total=[11178.5, 24268.3125])}
10-23-2021 13:16:12 ClusterManager INFO     Still alive...
10-23-2021 13:16:13 ResourceWatchDog INFO     Fetching job finish times...
10-23-2021 13:16:13 ResourceWatchDog INFO     Fetching resource information of cluster...
10-23-2021 13:16:13 ResourceWatchDog INFO     {'ubuntu94025': Resource(node_name='ubuntu94025', cpu_allocatable=<Quantity(24, 'dimensionless')>, memory_allocatable=<Quantity(65626416, 'Ki')>, cpu_requested=<Quantity(2.72, 'dimensionless')>, memory_requested=<Quantity(3570766848, 'dimensionless')>, cpu_limit=<Quantity(22.4, 'dimensionless')>, memory_limit=<Quantity(15637779456, 'dimensionless')>, vram_free=[11174.4375, 4567.6875], vram_total=[11178.5, 24268.3125])}
10-23-2021 13:16:15 StyleGANExperimentGenerator INFO     Creating task for StyleGANInferenceJob
15
10-23-2021 13:16:17 Orchestrator INFO     Scheduling arrival of Arrival: c1dee6c8-80bc-4ee2-832c-6aefb71ffc53
10-23-2021 13:16:17 Orchestrator INFO     Deploying on cluster: c1dee6c8-80bc-4ee2-832c-6aefb71ffc53
10-23-2021 13:16:22 ClusterManager INFO     Still alive...
10-23-2021 13:16:23 ResourceWatchDog INFO     Fetching job finish times...
10-23-2021 13:16:23 ResourceWatchDog INFO     Fetching resource information of cluster...
10-23-2021 13:16:24 ResourceWatchDog INFO     {'ubuntu94025': Resource(node_name='ubuntu94025', cpu_allocatable=<Quantity(24, 'dimensionless')>, memory_allocatable=<Quantity(65626416, 'Ki')>, cpu_requested=<Quantity(2.72, 'dimensionless')>, memory_requested=<Quantity(3570766848, 'dimensionless')>, cpu_limit=<Quantity(22.4, 'dimensionless')>, memory_limit=<Quantity(15637779456, 'dimensionless')>, vram_free=[11174.4375, 22839.6875], vram_total=[11178.5, 24268.3125])}
10-23-2021 13:16:32 ClusterManager INFO     Still alive...
10-23-2021 13:16:33 ResourceWatchDog INFO     Fetching resource information of cluster...
10-23-2021 13:16:33 ResourceWatchDog INFO     {'ubuntu94025': Resource(node_name='ubuntu94025', cpu_allocatable=<Quantity(24, 'dimensionless')>, memory_allocatable=<Quantity(65626416, 'Ki')>, cpu_requested=<Quantity(2.72, 'dimensionless')>, memory_requested=<Quantity(3570766848, 'dimensionless')>, cpu_limit=<Quantity(22.4, 'dimensionless')>, memory_limit=<Quantity(15637779456, 'dimensionless')>, vram_free=[11174.4375, 3349.6875], vram_total=[11178.5, 24268.3125])}
10-23-2021 13:16:34 ResourceWatchDog INFO     Fetching job finish times...
10-23-2021 13:16:34 ResourceWatchDog INFO     Fetching resource information of cluster...
10-23-2021 13:16:34 ResourceWatchDog INFO     {'ubuntu94025': Resource(node_name='ubuntu94025', cpu_allocatable=<Quantity(24, 'dimensionless')>, memory_allocatable=<Quantity(65626416, 'Ki')>, cpu_requested=<Quantity(2.72, 'dimensionless')>, memory_requested=<Quantity(3570766848, 'dimensionless')>, cpu_limit=<Quantity(22.4, 'dimensionless')>, memory_limit=<Quantity(15637779456, 'dimensionless')>, vram_free=[11174.4375, 3349.6875], vram_total=[11178.5, 24268.3125])}
10-23-2021 13:16:34 StyleGANExperimentGenerator INFO     Creating task for StyleGANInferenceJob
15
10-23-2021 13:16:37 Orchestrator INFO     Scheduling arrival of Arrival: 37aa7268-f2e2-42d3-8491-401a2495adac
10-23-2021 13:16:37 Orchestrator INFO     Deploying on cluster: 37aa7268-f2e2-42d3-8491-401a2495adac
10-23-2021 13:16:42 ClusterManager INFO     Still alive...
10-23-2021 13:16:44 ResourceWatchDog INFO     Fetching job finish times...
10-23-2021 13:16:44 ResourceWatchDog INFO     Fetching resource information of cluster...
10-23-2021 13:16:44 ResourceWatchDog INFO     {'ubuntu94025': Resource(node_name='ubuntu94025', cpu_allocatable=<Quantity(24, 'dimensionless')>, memory_allocatable=<Quantity(65626416, 'Ki')>, cpu_requested=<Quantity(2.72, 'dimensionless')>, memory_requested=<Quantity(3570766848, 'dimensionless')>, cpu_limit=<Quantity(22.4, 'dimensionless')>, memory_limit=<Quantity(15637779456, 'dimensionless')>, vram_free=[9103.4375, 24264.6875], vram_total=[11178.5, 24268.3125])}
10-23-2021 13:16:45 StyleGANExperimentGenerator INFO     Creating task for StyleGANInferenceJob
15
10-23-2021 13:16:47 Orchestrator INFO     Scheduling arrival of Arrival: 2193b13b-da0d-4bd9-bc18-de37d30d2f9c
10-23-2021 13:16:47 Orchestrator INFO     Deploying on cluster: 2193b13b-da0d-4bd9-bc18-de37d30d2f9c
10-23-2021 13:16:52 ClusterManager INFO     Still alive...
10-23-2021 13:16:54 ResourceWatchDog INFO     Fetching job finish times...
10-23-2021 13:16:55 ResourceWatchDog INFO     Fetching resource information of cluster...
10-23-2021 13:16:55 ResourceWatchDog INFO     {'ubuntu94025': Resource(node_name='ubuntu94025', cpu_allocatable=<Quantity(24, 'dimensionless')>, memory_allocatable=<Quantity(65626416, 'Ki')>, cpu_requested=<Quantity(2.72, 'dimensionless')>, memory_requested=<Quantity(3570766848, 'dimensionless')>, cpu_limit=<Quantity(22.4, 'dimensionless')>, memory_limit=<Quantity(15637779456, 'dimensionless')>, vram_free=[3377.4375, 24264.6875], vram_total=[11178.5, 24268.3125])}
10-23-2021 13:16:58 StyleGANExperimentGenerator INFO     Creating task for StyleGANInferenceJob
15
10-23-2021 13:17:02 ClusterManager INFO     Still alive...
10-23-2021 13:17:02 Orchestrator INFO     Scheduling arrival of Arrival: bee96783-8d1e-4689-8db7-6f68fcf97e3a
10-23-2021 13:17:02 Orchestrator INFO     Deploying on cluster: bee96783-8d1e-4689-8db7-6f68fcf97e3a
10-23-2021 13:17:05 ResourceWatchDog INFO     Fetching job finish times...
10-23-2021 13:17:05 ResourceWatchDog INFO     Fetching resource information of cluster...
10-23-2021 13:17:05 ResourceWatchDog INFO     {'ubuntu94025': Resource(node_name='ubuntu94025', cpu_allocatable=<Quantity(24, 'dimensionless')>, memory_allocatable=<Quantity(65626416, 'Ki')>, cpu_requested=<Quantity(2.72, 'dimensionless')>, memory_requested=<Quantity(3570766848, 'dimensionless')>, cpu_limit=<Quantity(22.4, 'dimensionless')>, memory_limit=<Quantity(15637779456, 'dimensionless')>, vram_free=[11174.4375, 24264.6875], vram_total=[11178.5, 24268.3125])}
10-23-2021 13:17:12 ClusterManager INFO     Still alive...
10-23-2021 13:17:12 StyleGANExperimentGenerator INFO     Creating task for StyleGANInferenceJob
15
10-23-2021 13:17:12 Orchestrator INFO     Scheduling arrival of Arrival: f6e0259e-cf94-41fd-bdd9-05514b54c7d7
10-23-2021 13:17:12 Orchestrator INFO     Deploying on cluster: f6e0259e-cf94-41fd-bdd9-05514b54c7d7
10-23-2021 13:17:15 ResourceWatchDog INFO     Fetching job finish times...
10-23-2021 13:17:15 ResourceWatchDog INFO     Fetching resource information of cluster...
10-23-2021 13:17:15 ResourceWatchDog INFO     {'ubuntu94025': Resource(node_name='ubuntu94025', cpu_allocatable=<Quantity(24, 'dimensionless')>, memory_allocatable=<Quantity(65626416, 'Ki')>, cpu_requested=<Quantity(2.72, 'dimensionless')>, memory_requested=<Quantity(3570766848, 'dimensionless')>, cpu_limit=<Quantity(22.4, 'dimensionless')>, memory_limit=<Quantity(15637779456, 'dimensionless')>, vram_free=[5959.4375, 24264.6875], vram_total=[11178.5, 24268.3125])}
10-23-2021 13:17:22 ClusterManager INFO     Still alive...
10-23-2021 13:17:25 ResourceWatchDog INFO     Fetching job finish times...
10-23-2021 13:17:25 ResourceWatchDog INFO     Fetching resource information of cluster...
10-23-2021 13:17:26 ResourceWatchDog INFO     {'ubuntu94025': Resource(node_name='ubuntu94025', cpu_allocatable=<Quantity(24, 'dimensionless')>, memory_allocatable=<Quantity(65626416, 'Ki')>, cpu_requested=<Quantity(2.72, 'dimensionless')>, memory_requested=<Quantity(3570766848, 'dimensionless')>, cpu_limit=<Quantity(22.4, 'dimensionless')>, memory_limit=<Quantity(15637779456, 'dimensionless')>, vram_free=[5957.4375, 2296.6875], vram_total=[11178.5, 24268.3125])}
10-23-2021 13:17:28 StyleGANExperimentGenerator INFO     Creating task for StyleGANInferenceJob
15
10-23-2021 13:17:32 ClusterManager INFO     Still alive...
10-23-2021 13:17:32 Orchestrator INFO     Scheduling arrival of Arrival: fdeb3a1a-f525-4b69-8d9b-19cf19c9fe6f
10-23-2021 13:17:32 Orchestrator INFO     Deploying on cluster: fdeb3a1a-f525-4b69-8d9b-19cf19c9fe6f
10-23-2021 13:17:34 ResourceWatchDog INFO     Fetching resource information of cluster...
10-23-2021 13:17:34 ResourceWatchDog INFO     {'ubuntu94025': Resource(node_name='ubuntu94025', cpu_allocatable=<Quantity(24, 'dimensionless')>, memory_allocatable=<Quantity(65626416, 'Ki')>, cpu_requested=<Quantity(2.72, 'dimensionless')>, memory_requested=<Quantity(3570766848, 'dimensionless')>, cpu_limit=<Quantity(22.4, 'dimensionless')>, memory_limit=<Quantity(15637779456, 'dimensionless')>, vram_free=[11174.4375, 3349.6875], vram_total=[11178.5, 24268.3125])}
10-23-2021 13:17:36 ResourceWatchDog INFO     Fetching job finish times...
10-23-2021 13:17:36 ResourceWatchDog INFO     Fetching resource information of cluster...
10-23-2021 13:17:36 ResourceWatchDog INFO     {'ubuntu94025': Resource(node_name='ubuntu94025', cpu_allocatable=<Quantity(24, 'dimensionless')>, memory_allocatable=<Quantity(65626416, 'Ki')>, cpu_requested=<Quantity(2.72, 'dimensionless')>, memory_requested=<Quantity(3570766848, 'dimensionless')>, cpu_limit=<Quantity(22.4, 'dimensionless')>, memory_limit=<Quantity(15637779456, 'dimensionless')>, vram_free=[11174.4375, 24264.6875], vram_total=[11178.5, 24268.3125])}
10-23-2021 13:17:40 StyleGANExperimentGenerator INFO     Creating task for StyleGANInferenceJob
15
10-23-2021 13:17:42 ClusterManager INFO     Still alive...
10-23-2021 13:17:42 Orchestrator INFO     Scheduling arrival of Arrival: ef88591d-821d-4504-b2c7-219caed43e25
10-23-2021 13:17:42 Orchestrator INFO     Deploying on cluster: ef88591d-821d-4504-b2c7-219caed43e25
10-23-2021 13:17:46 ResourceWatchDog INFO     Fetching job finish times...
10-23-2021 13:17:46 ResourceWatchDog INFO     Fetching resource information of cluster...
10-23-2021 13:17:46 ResourceWatchDog INFO     {'ubuntu94025': Resource(node_name='ubuntu94025', cpu_allocatable=<Quantity(24, 'dimensionless')>, memory_allocatable=<Quantity(65626416, 'Ki')>, cpu_requested=<Quantity(2.72, 'dimensionless')>, memory_requested=<Quantity(3570766848, 'dimensionless')>, cpu_limit=<Quantity(22.4, 'dimensionless')>, memory_limit=<Quantity(15637779456, 'dimensionless')>, vram_free=[11174.4375, 4316.6875], vram_total=[11178.5, 24268.3125])}
10-23-2021 13:17:52 ClusterManager INFO     Still alive...
10-23-2021 13:17:54 StyleGANExperimentGenerator INFO     Creating task for StyleGANInferenceJob
15
10-23-2021 13:17:56 ResourceWatchDog INFO     Fetching job finish times...
10-23-2021 13:17:57 ResourceWatchDog INFO     Fetching resource information of cluster...
10-23-2021 13:17:57 ResourceWatchDog INFO     {'ubuntu94025': Resource(node_name='ubuntu94025', cpu_allocatable=<Quantity(24, 'dimensionless')>, memory_allocatable=<Quantity(65626416, 'Ki')>, cpu_requested=<Quantity(2.72, 'dimensionless')>, memory_requested=<Quantity(3570766848, 'dimensionless')>, cpu_limit=<Quantity(22.4, 'dimensionless')>, memory_limit=<Quantity(15637779456, 'dimensionless')>, vram_free=[11174.4375, 24264.6875], vram_total=[11178.5, 24268.3125])}
10-23-2021 13:17:57 Orchestrator INFO     Scheduling arrival of Arrival: 8bc780c5-2cb6-43a4-9143-76a364a4e1ee
10-23-2021 13:17:57 Orchestrator INFO     Deploying on cluster: 8bc780c5-2cb6-43a4-9143-76a364a4e1ee
10-23-2021 13:18:02 ClusterManager INFO     Still alive...
10-23-2021 13:18:05 StyleGANExperimentGenerator INFO     Creating task for StyleGANInferenceJob
15
10-23-2021 13:18:07 ResourceWatchDog INFO     Fetching job finish times...
10-23-2021 13:18:07 ResourceWatchDog INFO     Fetching resource information of cluster...
10-23-2021 13:18:07 ResourceWatchDog INFO     {'ubuntu94025': Resource(node_name='ubuntu94025', cpu_allocatable=<Quantity(24, 'dimensionless')>, memory_allocatable=<Quantity(65626416, 'Ki')>, cpu_requested=<Quantity(2.72, 'dimensionless')>, memory_requested=<Quantity(3570766848, 'dimensionless')>, cpu_limit=<Quantity(22.4, 'dimensionless')>, memory_limit=<Quantity(15637779456, 'dimensionless')>, vram_free=[5653.4375, 24264.6875], vram_total=[11178.5, 24268.3125])}
10-23-2021 13:18:07 Orchestrator INFO     Scheduling arrival of Arrival: f151b991-158a-4baf-8d1e-4c854e3f5461
10-23-2021 13:18:07 Orchestrator INFO     Deploying on cluster: f151b991-158a-4baf-8d1e-4c854e3f5461
10-23-2021 13:18:12 ClusterManager INFO     Still alive...
10-23-2021 13:18:17 ResourceWatchDog INFO     Fetching job finish times...
10-23-2021 13:18:17 ResourceWatchDog INFO     Fetching resource information of cluster...
10-23-2021 13:18:17 ResourceWatchDog INFO     {'ubuntu94025': Resource(node_name='ubuntu94025', cpu_allocatable=<Quantity(24, 'dimensionless')>, memory_allocatable=<Quantity(65626416, 'Ki')>, cpu_requested=<Quantity(2.72, 'dimensionless')>, memory_requested=<Quantity(3570766848, 'dimensionless')>, cpu_limit=<Quantity(22.4, 'dimensionless')>, memory_limit=<Quantity(15637779456, 'dimensionless')>, vram_free=[5959.4375, 24264.6875], vram_total=[11178.5, 24268.3125])}
10-23-2021 13:18:21 StyleGANExperimentGenerator INFO     Creating task for StyleGANInferenceJob
15
10-23-2021 13:18:22 ClusterManager INFO     Still alive...
10-23-2021 13:18:22 Orchestrator INFO     Scheduling arrival of Arrival: 2ef1ba15-72e9-46a3-afe9-7a4053237cf5
10-23-2021 13:18:22 Orchestrator INFO     Deploying on cluster: 2ef1ba15-72e9-46a3-afe9-7a4053237cf5
10-23-2021 13:18:27 ResourceWatchDog INFO     Fetching job finish times...
10-23-2021 13:18:27 ResourceWatchDog INFO     Fetching resource information of cluster...
10-23-2021 13:18:28 ResourceWatchDog INFO     {'ubuntu94025': Resource(node_name='ubuntu94025', cpu_allocatable=<Quantity(24, 'dimensionless')>, memory_allocatable=<Quantity(65626416, 'Ki')>, cpu_requested=<Quantity(2.72, 'dimensionless')>, memory_requested=<Quantity(3570766848, 'dimensionless')>, cpu_limit=<Quantity(22.4, 'dimensionless')>, memory_limit=<Quantity(15637779456, 'dimensionless')>, vram_free=[7588.4375, 23253.6875], vram_total=[11178.5, 24268.3125])}
10-23-2021 13:18:32 ClusterManager INFO     Still alive...
10-23-2021 13:18:35 ResourceWatchDog INFO     Fetching resource information of cluster...
10-23-2021 13:18:35 ResourceWatchDog INFO     {'ubuntu94025': Resource(node_name='ubuntu94025', cpu_allocatable=<Quantity(24, 'dimensionless')>, memory_allocatable=<Quantity(65626416, 'Ki')>, cpu_requested=<Quantity(2.72, 'dimensionless')>, memory_requested=<Quantity(3570766848, 'dimensionless')>, cpu_limit=<Quantity(22.4, 'dimensionless')>, memory_limit=<Quantity(15637779456, 'dimensionless')>, vram_free=[4981.4375, 24264.6875], vram_total=[11178.5, 24268.3125])}
15
10-23-2021 13:18:37 StyleGANExperimentGenerator INFO     Creating task for StyleGANInferenceJob
10-23-2021 13:18:37 Orchestrator INFO     Scheduling arrival of Arrival: b040c85d-f869-4596-a652-e4521d2ec915
10-23-2021 13:18:37 Orchestrator INFO     Deploying on cluster: b040c85d-f869-4596-a652-e4521d2ec915
10-23-2021 13:18:38 ResourceWatchDog INFO     Fetching job finish times...
10-23-2021 13:18:38 ResourceWatchDog INFO     Fetching resource information of cluster...
10-23-2021 13:18:38 ResourceWatchDog INFO     {'ubuntu94025': Resource(node_name='ubuntu94025', cpu_allocatable=<Quantity(24, 'dimensionless')>, memory_allocatable=<Quantity(65626416, 'Ki')>, cpu_requested=<Quantity(2.72, 'dimensionless')>, memory_requested=<Quantity(3570766848, 'dimensionless')>, cpu_limit=<Quantity(22.4, 'dimensionless')>, memory_limit=<Quantity(15637779456, 'dimensionless')>, vram_free=[4981.4375, 24264.6875], vram_total=[11178.5, 24268.3125])}
10-23-2021 13:18:42 ClusterManager INFO     Still alive...
10-23-2021 13:18:48 ResourceWatchDog INFO     Fetching job finish times...
10-23-2021 13:18:48 ResourceWatchDog INFO     Fetching resource information of cluster...
10-23-2021 13:18:48 ResourceWatchDog INFO     {'ubuntu94025': Resource(node_name='ubuntu94025', cpu_allocatable=<Quantity(24, 'dimensionless')>, memory_allocatable=<Quantity(65626416, 'Ki')>, cpu_requested=<Quantity(2.72, 'dimensionless')>, memory_requested=<Quantity(3570766848, 'dimensionless')>, cpu_limit=<Quantity(22.4, 'dimensionless')>, memory_limit=<Quantity(15637779456, 'dimensionless')>, vram_free=[4981.4375, 3353.6875], vram_total=[11178.5, 24268.3125])}
15
10-23-2021 13:18:50 StyleGANExperimentGenerator INFO     Creating task for StyleGANInferenceJob
10-23-2021 13:18:52 ClusterManager INFO     Still alive...
10-23-2021 13:18:52 Orchestrator INFO     Scheduling arrival of Arrival: 3b0b202c-45de-4549-94cd-e48b10f3109c
10-23-2021 13:18:52 Orchestrator INFO     Deploying on cluster: 3b0b202c-45de-4549-94cd-e48b10f3109c
10-23-2021 13:18:58 ResourceWatchDog INFO     Fetching job finish times...
10-23-2021 13:18:59 ResourceWatchDog INFO     Fetching resource information of cluster...
10-23-2021 13:18:59 ResourceWatchDog INFO     {'ubuntu94025': Resource(node_name='ubuntu94025', cpu_allocatable=<Quantity(24, 'dimensionless')>, memory_allocatable=<Quantity(65626416, 'Ki')>, cpu_requested=<Quantity(2.72, 'dimensionless')>, memory_requested=<Quantity(3570766848, 'dimensionless')>, cpu_limit=<Quantity(22.4, 'dimensionless')>, memory_limit=<Quantity(15637779456, 'dimensionless')>, vram_free=[4981.4375, 2532.6875], vram_total=[11178.5, 24268.3125])}
10-23-2021 13:19:02 ClusterManager INFO     Still alive...
10-23-2021 13:19:07 StyleGANExperimentGenerator INFO     Creating task for StyleGANInferenceJob
15
10-23-2021 13:19:07 Orchestrator INFO     Scheduling arrival of Arrival: a84c755b-6c0b-4ee7-8510-a8a23861114d
10-23-2021 13:19:07 Orchestrator INFO     Deploying on cluster: a84c755b-6c0b-4ee7-8510-a8a23861114d
10-23-2021 13:19:09 ResourceWatchDog INFO     Fetching job finish times...
10-23-2021 13:19:09 ResourceWatchDog INFO     Fetching resource information of cluster...
10-23-2021 13:19:09 ResourceWatchDog INFO     {'ubuntu94025': Resource(node_name='ubuntu94025', cpu_allocatable=<Quantity(24, 'dimensionless')>, memory_allocatable=<Quantity(65626416, 'Ki')>, cpu_requested=<Quantity(2.72, 'dimensionless')>, memory_requested=<Quantity(3570766848, 'dimensionless')>, cpu_limit=<Quantity(22.4, 'dimensionless')>, memory_limit=<Quantity(15637779456, 'dimensionless')>, vram_free=[4981.4375, 2622.6875], vram_total=[11178.5, 24268.3125])}
10-23-2021 13:19:12 ClusterManager INFO     Still alive...
10-23-2021 13:19:17 StyleGANExperimentGenerator INFO     Creating task for StyleGANInferenceJob
15
10-23-2021 13:19:17 Orchestrator INFO     Scheduling arrival of Arrival: e1264e7a-4d7d-46c9-9265-b5c2bf675ac7
10-23-2021 13:19:17 Orchestrator INFO     Deploying on cluster: e1264e7a-4d7d-46c9-9265-b5c2bf675ac7
10-23-2021 13:19:19 ResourceWatchDog INFO     Fetching job finish times...
10-23-2021 13:19:19 ResourceWatchDog INFO     Fetching resource information of cluster...
10-23-2021 13:19:19 ResourceWatchDog INFO     {'ubuntu94025': Resource(node_name='ubuntu94025', cpu_allocatable=<Quantity(24, 'dimensionless')>, memory_allocatable=<Quantity(65626416, 'Ki')>, cpu_requested=<Quantity(2.72, 'dimensionless')>, memory_requested=<Quantity(3570766848, 'dimensionless')>, cpu_limit=<Quantity(22.4, 'dimensionless')>, memory_limit=<Quantity(15637779456, 'dimensionless')>, vram_free=[588.4375, 3349.6875], vram_total=[11178.5, 24268.3125])}
10-23-2021 13:19:22 ClusterManager INFO     Still alive...
10-23-2021 13:19:29 StyleGANExperimentGenerator INFO     Creating task for StyleGANInferenceJob
15
10-23-2021 13:19:29 ResourceWatchDog INFO     Fetching job finish times...
10-23-2021 13:19:30 ResourceWatchDog INFO     Fetching resource information of cluster...
10-23-2021 13:19:30 ResourceWatchDog INFO     {'ubuntu94025': Resource(node_name='ubuntu94025', cpu_allocatable=<Quantity(24, 'dimensionless')>, memory_allocatable=<Quantity(65626416, 'Ki')>, cpu_requested=<Quantity(2.72, 'dimensionless')>, memory_requested=<Quantity(3570766848, 'dimensionless')>, cpu_limit=<Quantity(22.4, 'dimensionless')>, memory_limit=<Quantity(15637779456, 'dimensionless')>, vram_free=[4981.4375, 1888.6875], vram_total=[11178.5, 24268.3125])}
10-23-2021 13:19:32 ClusterManager INFO     Still alive...
10-23-2021 13:19:32 Orchestrator INFO     Scheduling arrival of Arrival: 15e4e0a1-dd7b-4d9b-8e73-723bace69ab4
10-23-2021 13:19:32 Orchestrator INFO     Deploying on cluster: 15e4e0a1-dd7b-4d9b-8e73-723bace69ab4
10-23-2021 13:19:35 ResourceWatchDog INFO     Fetching resource information of cluster...
10-23-2021 13:19:35 ResourceWatchDog INFO     {'ubuntu94025': Resource(node_name='ubuntu94025', cpu_allocatable=<Quantity(24, 'dimensionless')>, memory_allocatable=<Quantity(65626416, 'Ki')>, cpu_requested=<Quantity(2.72, 'dimensionless')>, memory_requested=<Quantity(3570766848, 'dimensionless')>, cpu_limit=<Quantity(22.4, 'dimensionless')>, memory_limit=<Quantity(15637779456, 'dimensionless')>, vram_free=[10433.4375, 22661.6875], vram_total=[11178.5, 24268.3125])}
10-23-2021 13:19:40 ResourceWatchDog INFO     Fetching job finish times...
10-23-2021 13:19:40 ResourceWatchDog INFO     Fetching resource information of cluster...
10-23-2021 13:19:40 ResourceWatchDog INFO     {'ubuntu94025': Resource(node_name='ubuntu94025', cpu_allocatable=<Quantity(24, 'dimensionless')>, memory_allocatable=<Quantity(65626416, 'Ki')>, cpu_requested=<Quantity(2.72, 'dimensionless')>, memory_requested=<Quantity(3570766848, 'dimensionless')>, cpu_limit=<Quantity(22.4, 'dimensionless')>, memory_limit=<Quantity(15637779456, 'dimensionless')>, vram_free=[3413.4375, 2148.6875], vram_total=[11178.5, 24268.3125])}
10-23-2021 13:19:42 ClusterManager INFO     Still alive...
10-23-2021 13:19:42 StyleGANExperimentGenerator INFO     Creating task for StyleGANInferenceJob
15
10-23-2021 13:19:42 Orchestrator INFO     Scheduling arrival of Arrival: 8681e833-cff9-48f2-a4b9-c23b6ca58ae5
10-23-2021 13:19:42 Orchestrator INFO     Deploying on cluster: 8681e833-cff9-48f2-a4b9-c23b6ca58ae5
10-23-2021 13:19:50 ResourceWatchDog INFO     Fetching job finish times...
10-23-2021 13:19:51 ResourceWatchDog INFO     Fetching resource information of cluster...
10-23-2021 13:19:51 ResourceWatchDog INFO     {'ubuntu94025': Resource(node_name='ubuntu94025', cpu_allocatable=<Quantity(24, 'dimensionless')>, memory_allocatable=<Quantity(65626416, 'Ki')>, cpu_requested=<Quantity(2.72, 'dimensionless')>, memory_requested=<Quantity(3570766848, 'dimensionless')>, cpu_limit=<Quantity(22.4, 'dimensionless')>, memory_limit=<Quantity(15637779456, 'dimensionless')>, vram_free=[11174.4375, 3351.6875], vram_total=[11178.5, 24268.3125])}
10-23-2021 13:19:52 ClusterManager INFO     Still alive...
10-23-2021 13:19:57 StyleGANExperimentGenerator INFO     Creating task for StyleGANInferenceJob
15
10-23-2021 13:19:58 Orchestrator INFO     Scheduling arrival of Arrival: 0cd0fc3f-4f7e-4c14-9292-ced80d0675b1
10-23-2021 13:19:58 Orchestrator INFO     Deploying on cluster: 0cd0fc3f-4f7e-4c14-9292-ced80d0675b1
10-23-2021 13:20:01 ResourceWatchDog INFO     Fetching job finish times...
10-23-2021 13:20:01 ResourceWatchDog INFO     Fetching resource information of cluster...
10-23-2021 13:20:01 ResourceWatchDog INFO     {'ubuntu94025': Resource(node_name='ubuntu94025', cpu_allocatable=<Quantity(24, 'dimensionless')>, memory_allocatable=<Quantity(65626416, 'Ki')>, cpu_requested=<Quantity(2.72, 'dimensionless')>, memory_requested=<Quantity(3570766848, 'dimensionless')>, cpu_limit=<Quantity(22.4, 'dimensionless')>, memory_limit=<Quantity(15637779456, 'dimensionless')>, vram_free=[11174.4375, 3351.6875], vram_total=[11178.5, 24268.3125])}
10-23-2021 13:20:02 ClusterManager INFO     Still alive...
10-23-2021 13:20:06 StyleGANExperimentGenerator INFO     Creating task for StyleGANInferenceJob
15
10-23-2021 13:20:08 Orchestrator INFO     Scheduling arrival of Arrival: 6a301921-6005-4d55-b904-322833f0afc6
10-23-2021 13:20:08 Orchestrator INFO     Deploying on cluster: 6a301921-6005-4d55-b904-322833f0afc6
10-23-2021 13:20:11 ResourceWatchDog INFO     Fetching job finish times...
10-23-2021 13:20:11 ResourceWatchDog INFO     Fetching resource information of cluster...
10-23-2021 13:20:11 ResourceWatchDog INFO     {'ubuntu94025': Resource(node_name='ubuntu94025', cpu_allocatable=<Quantity(24, 'dimensionless')>, memory_allocatable=<Quantity(65626416, 'Ki')>, cpu_requested=<Quantity(2.72, 'dimensionless')>, memory_requested=<Quantity(3570766848, 'dimensionless')>, cpu_limit=<Quantity(22.4, 'dimensionless')>, memory_limit=<Quantity(15637779456, 'dimensionless')>, vram_free=[1446.4375, 22752.6875], vram_total=[11178.5, 24268.3125])}
10-23-2021 13:20:12 ClusterManager INFO     Still alive...
10-23-2021 13:20:12 StyleGANExperimentGenerator INFO     Creating task for StyleGANInferenceJob
15
10-23-2021 13:20:13 Orchestrator INFO     Scheduling arrival of Arrival: 53bc29fe-7047-44a0-ae00-77611fe4569d
10-23-2021 13:20:13 Orchestrator INFO     Deploying on cluster: 53bc29fe-7047-44a0-ae00-77611fe4569d
10-23-2021 13:20:21 ResourceWatchDog INFO     Fetching job finish times...
10-23-2021 13:20:22 ResourceWatchDog INFO     Fetching resource information of cluster...
10-23-2021 13:20:22 ResourceWatchDog INFO     {'ubuntu94025': Resource(node_name='ubuntu94025', cpu_allocatable=<Quantity(24, 'dimensionless')>, memory_allocatable=<Quantity(65626416, 'Ki')>, cpu_requested=<Quantity(2.72, 'dimensionless')>, memory_requested=<Quantity(3570766848, 'dimensionless')>, cpu_limit=<Quantity(22.4, 'dimensionless')>, memory_limit=<Quantity(15637779456, 'dimensionless')>, vram_free=[11174.4375, 4565.6875], vram_total=[11178.5, 24268.3125])}
10-23-2021 13:20:22 ClusterManager INFO     Still alive...
10-23-2021 13:20:26 StyleGANExperimentGenerator INFO     Creating task for StyleGANInferenceJob
15
10-23-2021 13:20:28 Orchestrator INFO     Scheduling arrival of Arrival: ca121b1b-2244-44b1-8bd1-c0e2eeb80621
10-23-2021 13:20:28 Orchestrator INFO     Deploying on cluster: ca121b1b-2244-44b1-8bd1-c0e2eeb80621
10-23-2021 13:20:32 ResourceWatchDog INFO     Fetching job finish times...
10-23-2021 13:20:32 ResourceWatchDog INFO     Fetching resource information of cluster...
10-23-2021 13:20:32 ResourceWatchDog INFO     {'ubuntu94025': Resource(node_name='ubuntu94025', cpu_allocatable=<Quantity(24, 'dimensionless')>, memory_allocatable=<Quantity(65626416, 'Ki')>, cpu_requested=<Quantity(2.72, 'dimensionless')>, memory_requested=<Quantity(3570766848, 'dimensionless')>, cpu_limit=<Quantity(22.4, 'dimensionless')>, memory_limit=<Quantity(15637779456, 'dimensionless')>, vram_free=[4639.4375, 4214.6875], vram_total=[11178.5, 24268.3125])}
10-23-2021 13:20:32 ClusterManager INFO     Still alive...
10-23-2021 13:20:35 ResourceWatchDog INFO     Fetching resource information of cluster...
10-23-2021 13:20:35 ResourceWatchDog INFO     {'ubuntu94025': Resource(node_name='ubuntu94025', cpu_allocatable=<Quantity(24, 'dimensionless')>, memory_allocatable=<Quantity(65626416, 'Ki')>, cpu_requested=<Quantity(2.72, 'dimensionless')>, memory_requested=<Quantity(3570766848, 'dimensionless')>, cpu_limit=<Quantity(22.4, 'dimensionless')>, memory_limit=<Quantity(15637779456, 'dimensionless')>, vram_free=[4639.4375, 22653.6875], vram_total=[11178.5, 24268.3125])}
10-23-2021 13:20:42 ResourceWatchDog INFO     Fetching job finish times...
10-23-2021 13:20:42 ClusterManager INFO     Still alive...
10-23-2021 13:20:43 ResourceWatchDog INFO     Fetching resource information of cluster...
10-23-2021 13:20:43 ResourceWatchDog INFO     {'ubuntu94025': Resource(node_name='ubuntu94025', cpu_allocatable=<Quantity(24, 'dimensionless')>, memory_allocatable=<Quantity(65626416, 'Ki')>, cpu_requested=<Quantity(2.72, 'dimensionless')>, memory_requested=<Quantity(3570766848, 'dimensionless')>, cpu_limit=<Quantity(22.4, 'dimensionless')>, memory_limit=<Quantity(15637779456, 'dimensionless')>, vram_free=[4639.4375, 3351.6875], vram_total=[11178.5, 24268.3125])}
10-23-2021 13:20:45 StyleGANExperimentGenerator INFO     Creating task for StyleGANInferenceJob
15
10-23-2021 13:20:48 Orchestrator INFO     Scheduling arrival of Arrival: f0b4017a-70f7-4616-bf57-bd78712838c1
10-23-2021 13:20:48 Orchestrator INFO     Deploying on cluster: f0b4017a-70f7-4616-bf57-bd78712838c1
10-23-2021 13:20:52 ClusterManager INFO     Still alive...
10-23-2021 13:20:53 ResourceWatchDog INFO     Fetching job finish times...
10-23-2021 13:20:53 ResourceWatchDog INFO     Fetching resource information of cluster...
10-23-2021 13:20:53 ResourceWatchDog INFO     {'ubuntu94025': Resource(node_name='ubuntu94025', cpu_allocatable=<Quantity(24, 'dimensionless')>, memory_allocatable=<Quantity(65626416, 'Ki')>, cpu_requested=<Quantity(2.72, 'dimensionless')>, memory_requested=<Quantity(3570766848, 'dimensionless')>, cpu_limit=<Quantity(22.4, 'dimensionless')>, memory_limit=<Quantity(15637779456, 'dimensionless')>, vram_free=[4170.4375, 3351.6875], vram_total=[11178.5, 24268.3125])}
10-23-2021 13:20:57 StyleGANExperimentGenerator INFO     Creating task for StyleGANInferenceJob
15
10-23-2021 13:20:58 Orchestrator INFO     Scheduling arrival of Arrival: da461bf9-a5a8-4aaa-9f1a-5ee99a29454c
10-23-2021 13:20:58 Orchestrator INFO     Deploying on cluster: da461bf9-a5a8-4aaa-9f1a-5ee99a29454c
10-23-2021 13:21:02 ClusterManager INFO     Still alive...
10-23-2021 13:21:03 ResourceWatchDog INFO     Fetching job finish times...
10-23-2021 13:21:03 ResourceWatchDog INFO     Fetching resource information of cluster...
10-23-2021 13:21:04 ResourceWatchDog INFO     {'ubuntu94025': Resource(node_name='ubuntu94025', cpu_allocatable=<Quantity(24, 'dimensionless')>, memory_allocatable=<Quantity(65626416, 'Ki')>, cpu_requested=<Quantity(2.72, 'dimensionless')>, memory_requested=<Quantity(3570766848, 'dimensionless')>, cpu_limit=<Quantity(22.4, 'dimensionless')>, memory_limit=<Quantity(15637779456, 'dimensionless')>, vram_free=[10605.4375, 24264.6875], vram_total=[11178.5, 24268.3125])}
15
10-23-2021 13:21:07 StyleGANExperimentGenerator INFO     Creating task for StyleGANInferenceJob
10-23-2021 13:21:08 Orchestrator INFO     Scheduling arrival of Arrival: 9d9c3517-811d-475a-967c-73b8228172c3
10-23-2021 13:21:08 Orchestrator INFO     Deploying on cluster: 9d9c3517-811d-475a-967c-73b8228172c3
10-23-2021 13:21:12 ClusterManager INFO     Still alive...
10-23-2021 13:21:14 ResourceWatchDog INFO     Fetching job finish times...
10-23-2021 13:21:14 ResourceWatchDog INFO     Fetching resource information of cluster...
10-23-2021 13:21:14 ResourceWatchDog INFO     {'ubuntu94025': Resource(node_name='ubuntu94025', cpu_allocatable=<Quantity(24, 'dimensionless')>, memory_allocatable=<Quantity(65626416, 'Ki')>, cpu_requested=<Quantity(2.72, 'dimensionless')>, memory_requested=<Quantity(3570766848, 'dimensionless')>, cpu_limit=<Quantity(22.4, 'dimensionless')>, memory_limit=<Quantity(15637779456, 'dimensionless')>, vram_free=[1349.4375, 22731.6875], vram_total=[11178.5, 24268.3125])}
10-23-2021 13:21:22 ClusterManager INFO     Still alive...
10-23-2021 13:21:24 ResourceWatchDog INFO     Fetching job finish times...
10-23-2021 13:21:24 ResourceWatchDog INFO     Fetching resource information of cluster...
10-23-2021 13:21:24 ResourceWatchDog INFO     {'ubuntu94025': Resource(node_name='ubuntu94025', cpu_allocatable=<Quantity(24, 'dimensionless')>, memory_allocatable=<Quantity(65626416, 'Ki')>, cpu_requested=<Quantity(2.72, 'dimensionless')>, memory_requested=<Quantity(3570766848, 'dimensionless')>, cpu_limit=<Quantity(22.4, 'dimensionless')>, memory_limit=<Quantity(15637779456, 'dimensionless')>, vram_free=[10973.4375, 18298.6875], vram_total=[11178.5, 24268.3125])}
15
10-23-2021 13:21:25 StyleGANExperimentGenerator INFO     Creating task for StyleGANInferenceJob
10-23-2021 13:21:28 Orchestrator INFO     Scheduling arrival of Arrival: bfca390d-a99c-44d2-9fc7-3dbc4e1745b8
10-23-2021 13:21:28 Orchestrator INFO     Deploying on cluster: bfca390d-a99c-44d2-9fc7-3dbc4e1745b8
10-23-2021 13:21:32 ClusterManager INFO     Still alive...
10-23-2021 13:21:34 ResourceWatchDog INFO     Fetching job finish times...
10-23-2021 13:21:35 ResourceWatchDog INFO     Fetching resource information of cluster...
10-23-2021 13:21:35 ResourceWatchDog INFO     {'ubuntu94025': Resource(node_name='ubuntu94025', cpu_allocatable=<Quantity(24, 'dimensionless')>, memory_allocatable=<Quantity(65626416, 'Ki')>, cpu_requested=<Quantity(2.72, 'dimensionless')>, memory_requested=<Quantity(3570766848, 'dimensionless')>, cpu_limit=<Quantity(22.4, 'dimensionless')>, memory_limit=<Quantity(15637779456, 'dimensionless')>, vram_free=[1349.4375, 22649.6875], vram_total=[11178.5, 24268.3125])}
10-23-2021 13:21:36 ResourceWatchDog INFO     Fetching resource information of cluster...
10-23-2021 13:21:36 ResourceWatchDog INFO     {'ubuntu94025': Resource(node_name='ubuntu94025', cpu_allocatable=<Quantity(24, 'dimensionless')>, memory_allocatable=<Quantity(65626416, 'Ki')>, cpu_requested=<Quantity(2.72, 'dimensionless')>, memory_requested=<Quantity(3570766848, 'dimensionless')>, cpu_limit=<Quantity(22.4, 'dimensionless')>, memory_limit=<Quantity(15637779456, 'dimensionless')>, vram_free=[1349.4375, 13533.6875], vram_total=[11178.5, 24268.3125])}
10-23-2021 13:21:42 ClusterManager INFO     Still alive...
15
10-23-2021 13:21:42 StyleGANExperimentGenerator INFO     Creating task for StyleGANInferenceJob
10-23-2021 13:21:43 Orchestrator INFO     Scheduling arrival of Arrival: 88a03271-683d-47a4-8fe4-3c5134605f43
10-23-2021 13:21:43 Orchestrator INFO     Deploying on cluster: 88a03271-683d-47a4-8fe4-3c5134605f43
10-23-2021 13:21:45 ResourceWatchDog INFO     Fetching job finish times...
10-23-2021 13:21:45 ResourceWatchDog INFO     Fetching resource information of cluster...
10-23-2021 13:21:45 ResourceWatchDog INFO     {'ubuntu94025': Resource(node_name='ubuntu94025', cpu_allocatable=<Quantity(24, 'dimensionless')>, memory_allocatable=<Quantity(65626416, 'Ki')>, cpu_requested=<Quantity(2.72, 'dimensionless')>, memory_requested=<Quantity(3570766848, 'dimensionless')>, cpu_limit=<Quantity(22.4, 'dimensionless')>, memory_limit=<Quantity(15637779456, 'dimensionless')>, vram_free=[11174.4375, 4563.6875], vram_total=[11178.5, 24268.3125])}
10-23-2021 13:21:52 ClusterManager INFO     Still alive...
10-23-2021 13:21:55 ResourceWatchDog INFO     Fetching job finish times...
10-23-2021 13:21:56 ResourceWatchDog INFO     Fetching resource information of cluster...
10-23-2021 13:21:56 ResourceWatchDog INFO     {'ubuntu94025': Resource(node_name='ubuntu94025', cpu_allocatable=<Quantity(24, 'dimensionless')>, memory_allocatable=<Quantity(65626416, 'Ki')>, cpu_requested=<Quantity(2.72, 'dimensionless')>, memory_requested=<Quantity(3570766848, 'dimensionless')>, cpu_limit=<Quantity(22.4, 'dimensionless')>, memory_limit=<Quantity(15637779456, 'dimensionless')>, vram_free=[10515.4375, 15767.6875], vram_total=[11178.5, 24268.3125])}
15
10-23-2021 13:22:00 StyleGANExperimentGenerator INFO     Creating task for StyleGANInferenceJob
10-23-2021 13:22:02 ClusterManager INFO     Still alive...
10-23-2021 13:22:03 Orchestrator INFO     Scheduling arrival of Arrival: 72551afc-93cf-4476-8b7c-ae6c91afff6c
10-23-2021 13:22:03 Orchestrator INFO     Deploying on cluster: 72551afc-93cf-4476-8b7c-ae6c91afff6c
10-23-2021 13:22:06 ResourceWatchDog INFO     Fetching job finish times...
10-23-2021 13:22:06 ResourceWatchDog INFO     Fetching resource information of cluster...
10-23-2021 13:22:06 ResourceWatchDog INFO     {'ubuntu94025': Resource(node_name='ubuntu94025', cpu_allocatable=<Quantity(24, 'dimensionless')>, memory_allocatable=<Quantity(65626416, 'Ki')>, cpu_requested=<Quantity(2.72, 'dimensionless')>, memory_requested=<Quantity(3570766848, 'dimensionless')>, cpu_limit=<Quantity(22.4, 'dimensionless')>, memory_limit=<Quantity(15637779456, 'dimensionless')>, vram_free=[56.4375, 21327.6875], vram_total=[11178.5, 24268.3125])}
10-23-2021 13:22:12 ClusterManager INFO     Still alive...
10-23-2021 13:22:13 StyleGANExperimentGenerator INFO     Creating task for StyleGANInferenceJob
15
10-23-2021 13:22:16 ResourceWatchDog INFO     Fetching job finish times...
10-23-2021 13:22:16 ResourceWatchDog INFO     Fetching resource information of cluster...
10-23-2021 13:22:16 ResourceWatchDog INFO     {'ubuntu94025': Resource(node_name='ubuntu94025', cpu_allocatable=<Quantity(24, 'dimensionless')>, memory_allocatable=<Quantity(65626416, 'Ki')>, cpu_requested=<Quantity(2.72, 'dimensionless')>, memory_requested=<Quantity(3570766848, 'dimensionless')>, cpu_limit=<Quantity(22.4, 'dimensionless')>, memory_limit=<Quantity(15637779456, 'dimensionless')>, vram_free=[11174.4375, 18989.6875], vram_total=[11178.5, 24268.3125])}
10-23-2021 13:22:18 Orchestrator INFO     Scheduling arrival of Arrival: 7058e168-9a2e-49f4-b244-d978b4850a5c
10-23-2021 13:22:18 Orchestrator INFO     Deploying on cluster: 7058e168-9a2e-49f4-b244-d978b4850a5c
10-23-2021 13:22:22 ClusterManager INFO     Still alive...
10-23-2021 13:22:26 ResourceWatchDog INFO     Fetching job finish times...
10-23-2021 13:22:27 ResourceWatchDog INFO     Fetching resource information of cluster...
10-23-2021 13:22:27 ResourceWatchDog INFO     {'ubuntu94025': Resource(node_name='ubuntu94025', cpu_allocatable=<Quantity(24, 'dimensionless')>, memory_allocatable=<Quantity(65626416, 'Ki')>, cpu_requested=<Quantity(2.72, 'dimensionless')>, memory_requested=<Quantity(3570766848, 'dimensionless')>, cpu_limit=<Quantity(22.4, 'dimensionless')>, memory_limit=<Quantity(15637779456, 'dimensionless')>, vram_free=[11174.4375, 4423.6875], vram_total=[11178.5, 24268.3125])}
10-23-2021 13:22:32 ClusterManager INFO     Still alive...
10-23-2021 13:22:34 StyleGANExperimentGenerator INFO     Creating task for StyleGANInferenceJob
15
10-23-2021 13:22:37 ResourceWatchDog INFO     Fetching resource information of cluster...
10-23-2021 13:22:37 ResourceWatchDog INFO     {'ubuntu94025': Resource(node_name='ubuntu94025', cpu_allocatable=<Quantity(24, 'dimensionless')>, memory_allocatable=<Quantity(65626416, 'Ki')>, cpu_requested=<Quantity(2.72, 'dimensionless')>, memory_requested=<Quantity(3570766848, 'dimensionless')>, cpu_limit=<Quantity(22.4, 'dimensionless')>, memory_limit=<Quantity(15637779456, 'dimensionless')>, vram_free=[11174.4375, 19875.6875], vram_total=[11178.5, 24268.3125])}
10-23-2021 13:22:37 ResourceWatchDog INFO     Fetching job finish times...
10-23-2021 13:22:37 ResourceWatchDog INFO     Fetching resource information of cluster...
10-23-2021 13:22:37 ResourceWatchDog INFO     {'ubuntu94025': Resource(node_name='ubuntu94025', cpu_allocatable=<Quantity(24, 'dimensionless')>, memory_allocatable=<Quantity(65626416, 'Ki')>, cpu_requested=<Quantity(2.72, 'dimensionless')>, memory_requested=<Quantity(3570766848, 'dimensionless')>, cpu_limit=<Quantity(22.4, 'dimensionless')>, memory_limit=<Quantity(15637779456, 'dimensionless')>, vram_free=[11174.4375, 19875.6875], vram_total=[11178.5, 24268.3125])}
10-23-2021 13:22:38 Orchestrator INFO     Scheduling arrival of Arrival: 571729d5-5d40-4d7e-b77f-9478a185c695
10-23-2021 13:22:38 Orchestrator INFO     Deploying on cluster: 571729d5-5d40-4d7e-b77f-9478a185c695
10-23-2021 13:22:42 ClusterManager INFO     Still alive...
10-23-2021 13:22:47 StyleGANExperimentGenerator INFO     Creating task for StyleGANInferenceJob
15
10-23-2021 13:22:47 ResourceWatchDog INFO     Fetching job finish times...
10-23-2021 13:22:48 ResourceWatchDog INFO     Fetching resource information of cluster...
10-23-2021 13:22:48 Orchestrator INFO     Scheduling arrival of Arrival: db593afb-ac17-4bca-988e-1d3467391132
10-23-2021 13:22:48 Orchestrator INFO     Deploying on cluster: db593afb-ac17-4bca-988e-1d3467391132
10-23-2021 13:22:48 ResourceWatchDog INFO     {'ubuntu94025': Resource(node_name='ubuntu94025', cpu_allocatable=<Quantity(24, 'dimensionless')>, memory_allocatable=<Quantity(65626416, 'Ki')>, cpu_requested=<Quantity(2.72, 'dimensionless')>, memory_requested=<Quantity(3570766848, 'dimensionless')>, cpu_limit=<Quantity(22.4, 'dimensionless')>, memory_limit=<Quantity(15637779456, 'dimensionless')>, vram_free=[98.4375, 24264.6875], vram_total=[11178.5, 24268.3125])}
10-23-2021 13:22:52 ClusterManager INFO     Still alive...
10-23-2021 13:22:58 ResourceWatchDog INFO     Fetching job finish times...
10-23-2021 13:22:58 ResourceWatchDog INFO     Fetching resource information of cluster...
10-23-2021 13:22:58 ResourceWatchDog INFO     {'ubuntu94025': Resource(node_name='ubuntu94025', cpu_allocatable=<Quantity(24, 'dimensionless')>, memory_allocatable=<Quantity(65626416, 'Ki')>, cpu_requested=<Quantity(2.72, 'dimensionless')>, memory_requested=<Quantity(3570766848, 'dimensionless')>, cpu_limit=<Quantity(22.4, 'dimensionless')>, memory_limit=<Quantity(15637779456, 'dimensionless')>, vram_free=[2966.4375, 24264.6875], vram_total=[11178.5, 24268.3125])}
10-23-2021 13:23:00 StyleGANExperimentGenerator INFO     Creating task for StyleGANInferenceJob
15
10-23-2021 13:23:02 ClusterManager INFO     Still alive...
10-23-2021 13:23:03 Orchestrator INFO     Scheduling arrival of Arrival: 1b661d54-6b55-4ff1-af1f-f9595cd4be8e
10-23-2021 13:23:03 Orchestrator INFO     Deploying on cluster: 1b661d54-6b55-4ff1-af1f-f9595cd4be8e
10-23-2021 13:23:08 ResourceWatchDog INFO     Fetching job finish times...
10-23-2021 13:23:08 ResourceWatchDog INFO     Fetching resource information of cluster...
10-23-2021 13:23:08 ResourceWatchDog INFO     {'ubuntu94025': Resource(node_name='ubuntu94025', cpu_allocatable=<Quantity(24, 'dimensionless')>, memory_allocatable=<Quantity(65626416, 'Ki')>, cpu_requested=<Quantity(2.72, 'dimensionless')>, memory_requested=<Quantity(3570766848, 'dimensionless')>, cpu_limit=<Quantity(22.4, 'dimensionless')>, memory_limit=<Quantity(15637779456, 'dimensionless')>, vram_free=[11174.4375, 23175.6875], vram_total=[11178.5, 24268.3125])}
10-23-2021 13:23:12 ClusterManager INFO     Still alive...
10-23-2021 13:23:18 StyleGANExperimentGenerator INFO     Creating task for StyleGANInferenceJob
15
10-23-2021 13:23:18 Orchestrator INFO     Scheduling arrival of Arrival: 4a4dd7b7-6532-44e8-bcff-56f5d7efaf6a
10-23-2021 13:23:18 Orchestrator INFO     Deploying on cluster: 4a4dd7b7-6532-44e8-bcff-56f5d7efaf6a
10-23-2021 13:23:19 ResourceWatchDog INFO     Fetching job finish times...
10-23-2021 13:23:19 ResourceWatchDog INFO     Fetching resource information of cluster...
10-23-2021 13:23:19 ResourceWatchDog INFO     {'ubuntu94025': Resource(node_name='ubuntu94025', cpu_allocatable=<Quantity(24, 'dimensionless')>, memory_allocatable=<Quantity(65626416, 'Ki')>, cpu_requested=<Quantity(2.72, 'dimensionless')>, memory_requested=<Quantity(3570766848, 'dimensionless')>, cpu_limit=<Quantity(22.4, 'dimensionless')>, memory_limit=<Quantity(15637779456, 'dimensionless')>, vram_free=[1203.4375, 19849.6875], vram_total=[11178.5, 24268.3125])}
10-23-2021 13:23:22 ClusterManager INFO     Still alive...
10-23-2021 13:23:29 ResourceWatchDog INFO     Fetching job finish times...
10-23-2021 13:23:29 ResourceWatchDog INFO     Fetching resource information of cluster...
10-23-2021 13:23:29 ResourceWatchDog INFO     {'ubuntu94025': Resource(node_name='ubuntu94025', cpu_allocatable=<Quantity(24, 'dimensionless')>, memory_allocatable=<Quantity(65626416, 'Ki')>, cpu_requested=<Quantity(2.72, 'dimensionless')>, memory_requested=<Quantity(3570766848, 'dimensionless')>, cpu_limit=<Quantity(22.4, 'dimensionless')>, memory_limit=<Quantity(15637779456, 'dimensionless')>, vram_free=[10915.4375, 24264.6875], vram_total=[11178.5, 24268.3125])}
10-23-2021 13:23:32 ClusterManager INFO     Still alive...
10-23-2021 13:23:37 ResourceWatchDog INFO     Fetching resource information of cluster...
10-23-2021 13:23:37 ResourceWatchDog INFO     {'ubuntu94025': Resource(node_name='ubuntu94025', cpu_allocatable=<Quantity(24, 'dimensionless')>, memory_allocatable=<Quantity(65626416, 'Ki')>, cpu_requested=<Quantity(2.72, 'dimensionless')>, memory_requested=<Quantity(3570766848, 'dimensionless')>, cpu_limit=<Quantity(22.4, 'dimensionless')>, memory_limit=<Quantity(15637779456, 'dimensionless')>, vram_free=[1257.4375, 24264.6875], vram_total=[11178.5, 24268.3125])}
10-23-2021 13:23:39 StyleGANExperimentGenerator INFO     Creating task for StyleGANInferenceJob
15
10-23-2021 13:23:39 ResourceWatchDog INFO     Fetching job finish times...
10-23-2021 13:23:40 ResourceWatchDog INFO     Fetching resource information of cluster...
10-23-2021 13:23:40 ResourceWatchDog INFO     {'ubuntu94025': Resource(node_name='ubuntu94025', cpu_allocatable=<Quantity(24, 'dimensionless')>, memory_allocatable=<Quantity(65626416, 'Ki')>, cpu_requested=<Quantity(2.72, 'dimensionless')>, memory_requested=<Quantity(3570766848, 'dimensionless')>, cpu_limit=<Quantity(22.4, 'dimensionless')>, memory_limit=<Quantity(15637779456, 'dimensionless')>, vram_free=[1183.4375, 24264.6875], vram_total=[11178.5, 24268.3125])}
10-23-2021 13:23:43 ClusterManager INFO     Still alive...
10-23-2021 13:23:43 Orchestrator INFO     Scheduling arrival of Arrival: 1b395080-1eb7-4a43-8ed4-b1069ecd5801
10-23-2021 13:23:43 Orchestrator INFO     Deploying on cluster: 1b395080-1eb7-4a43-8ed4-b1069ecd5801
10-23-2021 13:23:49 StyleGANExperimentGenerator INFO     Creating task for StyleGANInferenceJob
15
10-23-2021 13:23:50 ResourceWatchDog INFO     Fetching job finish times...
10-23-2021 13:23:50 ResourceWatchDog INFO     Fetching resource information of cluster...
10-23-2021 13:23:50 ResourceWatchDog INFO     {'ubuntu94025': Resource(node_name='ubuntu94025', cpu_allocatable=<Quantity(24, 'dimensionless')>, memory_allocatable=<Quantity(65626416, 'Ki')>, cpu_requested=<Quantity(2.72, 'dimensionless')>, memory_requested=<Quantity(3570766848, 'dimensionless')>, cpu_limit=<Quantity(22.4, 'dimensionless')>, memory_limit=<Quantity(15637779456, 'dimensionless')>, vram_free=[7348.4375, 24264.6875], vram_total=[11178.5, 24268.3125])}
10-23-2021 13:23:53 ClusterManager INFO     Still alive...
10-23-2021 13:23:53 Orchestrator INFO     Scheduling arrival of Arrival: 4ece0505-2330-440a-8745-9ebbd6e0050d
10-23-2021 13:23:53 Orchestrator INFO     Deploying on cluster: 4ece0505-2330-440a-8745-9ebbd6e0050d
10-23-2021 13:24:00 ResourceWatchDog INFO     Fetching job finish times...
10-23-2021 13:24:01 ResourceWatchDog INFO     Fetching resource information of cluster...
10-23-2021 13:24:01 ResourceWatchDog INFO     {'ubuntu94025': Resource(node_name='ubuntu94025', cpu_allocatable=<Quantity(24, 'dimensionless')>, memory_allocatable=<Quantity(65626416, 'Ki')>, cpu_requested=<Quantity(2.72, 'dimensionless')>, memory_requested=<Quantity(3570766848, 'dimensionless')>, cpu_limit=<Quantity(22.4, 'dimensionless')>, memory_limit=<Quantity(15637779456, 'dimensionless')>, vram_free=[3174.4375, 2821.6875], vram_total=[11178.5, 24268.3125])}
10-23-2021 13:24:03 ClusterManager INFO     Still alive...
10-23-2021 13:24:07 StyleGANExperimentGenerator INFO     Creating task for StyleGANInferenceJob
15
10-23-2021 13:24:08 Orchestrator INFO     Scheduling arrival of Arrival: f90fc1ac-fb13-4624-87a6-b69cbdf67be0
10-23-2021 13:24:08 Orchestrator INFO     Deploying on cluster: f90fc1ac-fb13-4624-87a6-b69cbdf67be0
10-23-2021 13:24:11 ResourceWatchDog INFO     Fetching job finish times...
10-23-2021 13:24:11 ResourceWatchDog INFO     Fetching resource information of cluster...
10-23-2021 13:24:11 ResourceWatchDog INFO     {'ubuntu94025': Resource(node_name='ubuntu94025', cpu_allocatable=<Quantity(24, 'dimensionless')>, memory_allocatable=<Quantity(65626416, 'Ki')>, cpu_requested=<Quantity(2.72, 'dimensionless')>, memory_requested=<Quantity(3570766848, 'dimensionless')>, cpu_limit=<Quantity(22.4, 'dimensionless')>, memory_limit=<Quantity(15637779456, 'dimensionless')>, vram_free=[11174.4375, 21935.6875], vram_total=[11178.5, 24268.3125])}
10-23-2021 13:24:13 ClusterManager INFO     Still alive...
10-23-2021 13:24:21 ResourceWatchDog INFO     Fetching job finish times...
10-23-2021 13:24:22 ResourceWatchDog INFO     Fetching resource information of cluster...
10-23-2021 13:24:22 ResourceWatchDog INFO     {'ubuntu94025': Resource(node_name='ubuntu94025', cpu_allocatable=<Quantity(24, 'dimensionless')>, memory_allocatable=<Quantity(65626416, 'Ki')>, cpu_requested=<Quantity(2.72, 'dimensionless')>, memory_requested=<Quantity(3570766848, 'dimensionless')>, cpu_limit=<Quantity(22.4, 'dimensionless')>, memory_limit=<Quantity(15637779456, 'dimensionless')>, vram_free=[3413.4375, 13531.6875], vram_total=[11178.5, 24268.3125])}
10-23-2021 13:24:23 ClusterManager INFO     Still alive...
10-23-2021 13:24:25 StyleGANExperimentGenerator INFO     Creating task for StyleGANInferenceJob
15
10-23-2021 13:24:28 Orchestrator INFO     Scheduling arrival of Arrival: d2c28ff2-ade4-4f9a-b5e0-78704c9bb9e1
10-23-2021 13:24:28 Orchestrator INFO     Deploying on cluster: d2c28ff2-ade4-4f9a-b5e0-78704c9bb9e1
10-23-2021 13:24:32 ResourceWatchDog INFO     Fetching job finish times...
10-23-2021 13:24:32 ResourceWatchDog INFO     Fetching resource information of cluster...
10-23-2021 13:24:32 ResourceWatchDog INFO     {'ubuntu94025': Resource(node_name='ubuntu94025', cpu_allocatable=<Quantity(24, 'dimensionless')>, memory_allocatable=<Quantity(65626416, 'Ki')>, cpu_requested=<Quantity(2.72, 'dimensionless')>, memory_requested=<Quantity(3570766848, 'dimensionless')>, cpu_limit=<Quantity(22.4, 'dimensionless')>, memory_limit=<Quantity(15637779456, 'dimensionless')>, vram_free=[550.4375, 23055.6875], vram_total=[11178.5, 24268.3125])}
10-23-2021 13:24:33 ClusterManager INFO     Still alive...
10-23-2021 13:24:38 ResourceWatchDog INFO     Fetching resource information of cluster...
10-23-2021 13:24:38 ResourceWatchDog INFO     {'ubuntu94025': Resource(node_name='ubuntu94025', cpu_allocatable=<Quantity(24, 'dimensionless')>, memory_allocatable=<Quantity(65626416, 'Ki')>, cpu_requested=<Quantity(2.72, 'dimensionless')>, memory_requested=<Quantity(3570766848, 'dimensionless')>, cpu_limit=<Quantity(22.4, 'dimensionless')>, memory_limit=<Quantity(15637779456, 'dimensionless')>, vram_free=[1559.4375, 24264.6875], vram_total=[11178.5, 24268.3125])}
10-23-2021 13:24:40 StyleGANExperimentGenerator INFO     Creating task for StyleGANInferenceJob
15
10-23-2021 13:24:42 ResourceWatchDog INFO     Fetching job finish times...
10-23-2021 13:24:43 ResourceWatchDog INFO     Fetching resource information of cluster...
10-23-2021 13:24:43 ClusterManager INFO     Still alive...
10-23-2021 13:24:43 ResourceWatchDog INFO     {'ubuntu94025': Resource(node_name='ubuntu94025', cpu_allocatable=<Quantity(24, 'dimensionless')>, memory_allocatable=<Quantity(65626416, 'Ki')>, cpu_requested=<Quantity(2.72, 'dimensionless')>, memory_requested=<Quantity(3570766848, 'dimensionless')>, cpu_limit=<Quantity(22.4, 'dimensionless')>, memory_limit=<Quantity(15637779456, 'dimensionless')>, vram_free=[5959.4375, 24264.6875], vram_total=[11178.5, 24268.3125])}
10-23-2021 13:24:43 Orchestrator INFO     Scheduling arrival of Arrival: 35fc4464-f23d-4bb1-b96d-326d44608418
10-23-2021 13:24:43 Orchestrator INFO     Deploying on cluster: 35fc4464-f23d-4bb1-b96d-326d44608418
10-23-2021 13:24:53 StyleGANExperimentGenerator INFO     Creating task for StyleGANInferenceJob
15
10-23-2021 13:24:53 ClusterManager INFO     Still alive...
10-23-2021 13:24:53 ResourceWatchDog INFO     Fetching job finish times...
10-23-2021 13:24:53 ResourceWatchDog INFO     Fetching resource information of cluster...
10-23-2021 13:24:53 Orchestrator INFO     Scheduling arrival of Arrival: 147af542-7c28-48a8-974e-62178ebb2be5
10-23-2021 13:24:53 Orchestrator INFO     Deploying on cluster: 147af542-7c28-48a8-974e-62178ebb2be5
10-23-2021 13:24:53 ResourceWatchDog INFO     {'ubuntu94025': Resource(node_name='ubuntu94025', cpu_allocatable=<Quantity(24, 'dimensionless')>, memory_allocatable=<Quantity(65626416, 'Ki')>, cpu_requested=<Quantity(2.72, 'dimensionless')>, memory_requested=<Quantity(3570766848, 'dimensionless')>, cpu_limit=<Quantity(22.4, 'dimensionless')>, memory_limit=<Quantity(15637779456, 'dimensionless')>, vram_free=[11174.4375, 17775.6875], vram_total=[11178.5, 24268.3125])}
10-23-2021 13:25:03 ClusterManager INFO     Still alive...
10-23-2021 13:25:03 ResourceWatchDog INFO     Fetching job finish times...
10-23-2021 13:25:03 ResourceWatchDog INFO     Fetching resource information of cluster...
10-23-2021 13:25:03 ResourceWatchDog INFO     {'ubuntu94025': Resource(node_name='ubuntu94025', cpu_allocatable=<Quantity(24, 'dimensionless')>, memory_allocatable=<Quantity(65626416, 'Ki')>, cpu_requested=<Quantity(2.72, 'dimensionless')>, memory_requested=<Quantity(3570766848, 'dimensionless')>, cpu_limit=<Quantity(22.4, 'dimensionless')>, memory_limit=<Quantity(15637779456, 'dimensionless')>, vram_free=[3409.4375, 3353.6875], vram_total=[11178.5, 24268.3125])}
10-23-2021 13:25:13 ClusterManager INFO     Still alive...
10-23-2021 13:25:13 ResourceWatchDog INFO     Fetching job finish times...
10-23-2021 13:25:14 StyleGANExperimentGenerator INFO     Creating task for StyleGANInferenceJob
15
10-23-2021 13:25:14 ResourceWatchDog INFO     Fetching resource information of cluster...
10-23-2021 13:25:14 ResourceWatchDog INFO     {'ubuntu94025': Resource(node_name='ubuntu94025', cpu_allocatable=<Quantity(24, 'dimensionless')>, memory_allocatable=<Quantity(65626416, 'Ki')>, cpu_requested=<Quantity(2.72, 'dimensionless')>, memory_requested=<Quantity(3570766848, 'dimensionless')>, cpu_limit=<Quantity(22.4, 'dimensionless')>, memory_limit=<Quantity(15637779456, 'dimensionless')>, vram_free=[3409.4375, 3349.6875], vram_total=[11178.5, 24268.3125])}
10-23-2021 13:25:18 Orchestrator INFO     Scheduling arrival of Arrival: ba91b954-a029-450f-8f19-f2fbdd348f2d
10-23-2021 13:25:18 Orchestrator INFO     Deploying on cluster: ba91b954-a029-450f-8f19-f2fbdd348f2d
10-23-2021 13:25:23 ClusterManager INFO     Still alive...
10-23-2021 13:25:24 ResourceWatchDog INFO     Fetching job finish times...
10-23-2021 13:25:24 ResourceWatchDog INFO     Fetching resource information of cluster...
10-23-2021 13:25:24 ResourceWatchDog INFO     {'ubuntu94025': Resource(node_name='ubuntu94025', cpu_allocatable=<Quantity(24, 'dimensionless')>, memory_allocatable=<Quantity(65626416, 'Ki')>, cpu_requested=<Quantity(2.72, 'dimensionless')>, memory_requested=<Quantity(3570766848, 'dimensionless')>, cpu_limit=<Quantity(22.4, 'dimensionless')>, memory_limit=<Quantity(15637779456, 'dimensionless')>, vram_free=[2596.4375, 22943.6875], vram_total=[11178.5, 24268.3125])}
10-23-2021 13:25:28 StyleGANExperimentGenerator INFO     Creating task for StyleGANInferenceJob
15
10-23-2021 13:25:28 Orchestrator INFO     Scheduling arrival of Arrival: f042002d-9ced-422d-a0e4-e0404d65d957
10-23-2021 13:25:28 Orchestrator INFO     Deploying on cluster: f042002d-9ced-422d-a0e4-e0404d65d957
10-23-2021 13:25:33 StyleGANExperimentGenerator INFO     Stopped execution at: 1634995533.0591009, duration: 600.4837915897369/600
10-23-2021 13:25:33 ClusterManager INFO     Still alive...
10-23-2021 13:25:33 Orchestrator INFO     Received stop signal for the Orchestrator. Waiting 2 minutes for jobs to finish
10-23-2021 13:25:34 ResourceWatchDog INFO     Fetching job finish times...
10-23-2021 13:25:35 ResourceWatchDog INFO     Fetching resource information of cluster...
10-23-2021 13:25:35 ResourceWatchDog INFO     {'ubuntu94025': Resource(node_name='ubuntu94025', cpu_allocatable=<Quantity(24, 'dimensionless')>, memory_allocatable=<Quantity(65626416, 'Ki')>, cpu_requested=<Quantity(2.72, 'dimensionless')>, memory_requested=<Quantity(3570766848, 'dimensionless')>, cpu_limit=<Quantity(22.4, 'dimensionless')>, memory_limit=<Quantity(15637779456, 'dimensionless')>, vram_free=[52.4375, 22623.6875], vram_total=[11178.5, 24268.3125])}
10-23-2021 13:25:39 ResourceWatchDog INFO     Fetching resource information of cluster...
10-23-2021 13:25:39 ResourceWatchDog INFO     {'ubuntu94025': Resource(node_name='ubuntu94025', cpu_allocatable=<Quantity(24, 'dimensionless')>, memory_allocatable=<Quantity(65626416, 'Ki')>, cpu_requested=<Quantity(2.72, 'dimensionless')>, memory_requested=<Quantity(3570766848, 'dimensionless')>, cpu_limit=<Quantity(22.4, 'dimensionless')>, memory_limit=<Quantity(15637779456, 'dimensionless')>, vram_free=[2858.4375, 24264.6875], vram_total=[11178.5, 24268.3125])}
10-23-2021 13:25:43 ClusterManager INFO     Still alive...
10-23-2021 13:25:45 ResourceWatchDog INFO     Fetching job finish times...
10-23-2021 13:25:45 ResourceWatchDog INFO     Fetching resource information of cluster...
10-23-2021 13:25:45 ResourceWatchDog INFO     {'ubuntu94025': Resource(node_name='ubuntu94025', cpu_allocatable=<Quantity(24, 'dimensionless')>, memory_allocatable=<Quantity(65626416, 'Ki')>, cpu_requested=<Quantity(2.72, 'dimensionless')>, memory_requested=<Quantity(3570766848, 'dimensionless')>, cpu_limit=<Quantity(22.4, 'dimensionless')>, memory_limit=<Quantity(15637779456, 'dimensionless')>, vram_free=[1338.4375, 23101.6875], vram_total=[11178.5, 24268.3125])}
10-23-2021 13:25:53 ClusterManager INFO     Still alive...
10-23-2021 13:25:55 ResourceWatchDog INFO     Fetching job finish times...
10-23-2021 13:25:56 ResourceWatchDog INFO     Fetching resource information of cluster...
10-23-2021 13:25:56 ResourceWatchDog INFO     {'ubuntu94025': Resource(node_name='ubuntu94025', cpu_allocatable=<Quantity(24, 'dimensionless')>, memory_allocatable=<Quantity(65626416, 'Ki')>, cpu_requested=<Quantity(2.72, 'dimensionless')>, memory_requested=<Quantity(3570766848, 'dimensionless')>, cpu_limit=<Quantity(22.4, 'dimensionless')>, memory_limit=<Quantity(15637779456, 'dimensionless')>, vram_free=[11174.4375, 24264.6875], vram_total=[11178.5, 24268.3125])}
10-23-2021 13:26:03 ClusterManager INFO     Still alive...
10-23-2021 13:26:06 ResourceWatchDog INFO     Fetching job finish times...
10-23-2021 13:26:06 ResourceWatchDog INFO     Fetching resource information of cluster...
10-23-2021 13:26:06 ResourceWatchDog INFO     {'ubuntu94025': Resource(node_name='ubuntu94025', cpu_allocatable=<Quantity(24, 'dimensionless')>, memory_allocatable=<Quantity(65626416, 'Ki')>, cpu_requested=<Quantity(2.72, 'dimensionless')>, memory_requested=<Quantity(3570766848, 'dimensionless')>, cpu_limit=<Quantity(22.4, 'dimensionless')>, memory_limit=<Quantity(15637779456, 'dimensionless')>, vram_free=[11174.4375, 24264.6875], vram_total=[11178.5, 24268.3125])}
10-23-2021 13:26:13 ClusterManager INFO     Still alive...
10-23-2021 13:26:16 ResourceWatchDog INFO     Fetching job finish times...
10-23-2021 13:26:16 ResourceWatchDog INFO     Fetching resource information of cluster...
10-23-2021 13:26:16 ResourceWatchDog INFO     {'ubuntu94025': Resource(node_name='ubuntu94025', cpu_allocatable=<Quantity(24, 'dimensionless')>, memory_allocatable=<Quantity(65626416, 'Ki')>, cpu_requested=<Quantity(2.72, 'dimensionless')>, memory_requested=<Quantity(3570766848, 'dimensionless')>, cpu_limit=<Quantity(22.4, 'dimensionless')>, memory_limit=<Quantity(15637779456, 'dimensionless')>, vram_free=[11174.4375, 24264.6875], vram_total=[11178.5, 24268.3125])}
10-23-2021 13:26:23 ClusterManager INFO     Still alive...
10-23-2021 13:26:27 ResourceWatchDog INFO     Fetching job finish times...
10-23-2021 13:26:27 ResourceWatchDog INFO     Fetching resource information of cluster...
10-23-2021 13:26:27 ResourceWatchDog INFO     {'ubuntu94025': Resource(node_name='ubuntu94025', cpu_allocatable=<Quantity(24, 'dimensionless')>, memory_allocatable=<Quantity(65626416, 'Ki')>, cpu_requested=<Quantity(2.72, 'dimensionless')>, memory_requested=<Quantity(3570766848, 'dimensionless')>, cpu_limit=<Quantity(22.4, 'dimensionless')>, memory_limit=<Quantity(15637779456, 'dimensionless')>, vram_free=[11174.4375, 24264.6875], vram_total=[11178.5, 24268.3125])}
10-23-2021 13:26:33 ClusterManager INFO     Still alive...
10-23-2021 13:26:37 ResourceWatchDog INFO     Fetching job finish times...
10-23-2021 13:26:37 ResourceWatchDog INFO     Fetching resource information of cluster...
10-23-2021 13:26:37 ResourceWatchDog INFO     {'ubuntu94025': Resource(node_name='ubuntu94025', cpu_allocatable=<Quantity(24, 'dimensionless')>, memory_allocatable=<Quantity(65626416, 'Ki')>, cpu_requested=<Quantity(2.72, 'dimensionless')>, memory_requested=<Quantity(3570766848, 'dimensionless')>, cpu_limit=<Quantity(22.4, 'dimensionless')>, memory_limit=<Quantity(15637779456, 'dimensionless')>, vram_free=[10625.4375, 24264.6875], vram_total=[11178.5, 24268.3125])}
10-23-2021 13:26:39 ResourceWatchDog INFO     Fetching resource information of cluster...
10-23-2021 13:26:39 ResourceWatchDog INFO     {'ubuntu94025': Resource(node_name='ubuntu94025', cpu_allocatable=<Quantity(24, 'dimensionless')>, memory_allocatable=<Quantity(65626416, 'Ki')>, cpu_requested=<Quantity(2.72, 'dimensionless')>, memory_requested=<Quantity(3570766848, 'dimensionless')>, cpu_limit=<Quantity(22.4, 'dimensionless')>, memory_limit=<Quantity(15637779456, 'dimensionless')>, vram_free=[2257.4375, 24264.6875], vram_total=[11178.5, 24268.3125])}
10-23-2021 13:26:43 ClusterManager INFO     Still alive...
10-23-2021 13:26:47 ResourceWatchDog INFO     Fetching job finish times...
10-23-2021 13:26:48 ResourceWatchDog INFO     Fetching resource information of cluster...
10-23-2021 13:26:48 ResourceWatchDog INFO     {'ubuntu94025': Resource(node_name='ubuntu94025', cpu_allocatable=<Quantity(24, 'dimensionless')>, memory_allocatable=<Quantity(65626416, 'Ki')>, cpu_requested=<Quantity(2.72, 'dimensionless')>, memory_requested=<Quantity(3570766848, 'dimensionless')>, cpu_limit=<Quantity(22.4, 'dimensionless')>, memory_limit=<Quantity(15637779456, 'dimensionless')>, vram_free=[841.4375, 24264.6875], vram_total=[11178.5, 24268.3125])}
10-23-2021 13:26:53 ClusterManager INFO     Still alive...
10-23-2021 13:26:58 ResourceWatchDog INFO     Fetching job finish times...
10-23-2021 13:26:58 ResourceWatchDog INFO     Fetching resource information of cluster...
10-23-2021 13:26:58 ResourceWatchDog INFO     {'ubuntu94025': Resource(node_name='ubuntu94025', cpu_allocatable=<Quantity(24, 'dimensionless')>, memory_allocatable=<Quantity(65626416, 'Ki')>, cpu_requested=<Quantity(2.72, 'dimensionless')>, memory_requested=<Quantity(3570766848, 'dimensionless')>, cpu_limit=<Quantity(22.4, 'dimensionless')>, memory_limit=<Quantity(15637779456, 'dimensionless')>, vram_free=[11015.4375, 24264.6875], vram_total=[11178.5, 24268.3125])}
10-23-2021 13:27:03 ClusterManager INFO     Still alive...
10-23-2021 13:27:08 ResourceWatchDog INFO     Fetching job finish times...
10-23-2021 13:27:08 ResourceWatchDog INFO     Fetching resource information of cluster...
10-23-2021 13:27:09 ResourceWatchDog INFO     {'ubuntu94025': Resource(node_name='ubuntu94025', cpu_allocatable=<Quantity(24, 'dimensionless')>, memory_allocatable=<Quantity(65626416, 'Ki')>, cpu_requested=<Quantity(2.72, 'dimensionless')>, memory_requested=<Quantity(3570766848, 'dimensionless')>, cpu_limit=<Quantity(22.4, 'dimensionless')>, memory_limit=<Quantity(15637779456, 'dimensionless')>, vram_free=[1349.4375, 24264.6875], vram_total=[11178.5, 24268.3125])}
10-23-2021 13:27:13 ClusterManager INFO     Still alive...
10-23-2021 13:27:19 ResourceWatchDog INFO     Fetching job finish times...
10-23-2021 13:27:19 ResourceWatchDog INFO     Fetching resource information of cluster...
10-23-2021 13:27:19 ResourceWatchDog INFO     {'ubuntu94025': Resource(node_name='ubuntu94025', cpu_allocatable=<Quantity(24, 'dimensionless')>, memory_allocatable=<Quantity(65626416, 'Ki')>, cpu_requested=<Quantity(2.72, 'dimensionless')>, memory_requested=<Quantity(3570766848, 'dimensionless')>, cpu_limit=<Quantity(22.4, 'dimensionless')>, memory_limit=<Quantity(15637779456, 'dimensionless')>, vram_free=[11174.4375, 24264.6875], vram_total=[11178.5, 24268.3125])}
10-23-2021 13:27:23 ClusterManager INFO     Still alive...
10-23-2021 13:27:29 ResourceWatchDog INFO     Fetching job finish times...
10-23-2021 13:27:29 ResourceWatchDog INFO     Fetching resource information of cluster...
10-23-2021 13:27:29 ResourceWatchDog INFO     {'ubuntu94025': Resource(node_name='ubuntu94025', cpu_allocatable=<Quantity(24, 'dimensionless')>, memory_allocatable=<Quantity(65626416, 'Ki')>, cpu_requested=<Quantity(2.72, 'dimensionless')>, memory_requested=<Quantity(3570766848, 'dimensionless')>, cpu_limit=<Quantity(22.4, 'dimensionless')>, memory_limit=<Quantity(15637779456, 'dimensionless')>, vram_free=[11174.4375, 24264.6875], vram_total=[11178.5, 24268.3125])}
10-23-2021 13:27:33 ClusterManager INFO     Still alive...




task_info {UUID('5d325dbf-661c-4984-a1dd-31d73dc5d90c'): ('swa', 256, 'random', 800, 'cuda:0', 8, 1), UUID('7f53cfcb-8f1b-41e1-bc46-76e46b3af05c'): ('style2', 256, 'interpolation', 800, 'cuda:0', 8, 1), UUID('c1dee6c8-80bc-4ee2-832c-6aefb71ffc53'): ('stylemap', 256, 'interpolation', 400, 'cuda:0', 8, 1), UUID('37aa7268-f2e2-42d3-8491-401a2495adac'): ('style1', 256, 'random', 800, 'cuda:1', 8, 1), UUID('2193b13b-da0d-4bd9-bc18-de37d30d2f9c'): ('style1', 1024, 'interpolation', 200, 'cuda:1', 8, 1), UUID('bee96783-8d1e-4689-8db7-6f68fcf97e3a'): ('anycost', 512, 'random', 200, 'cuda:1', 8, 1), UUID('f6e0259e-cf94-41fd-bdd9-05514b54c7d7'): ('stylemap', 256, 'interpolation', 400, 'cuda:0', 8, 1), UUID('fdeb3a1a-f525-4b69-8d9b-19cf19c9fe6f'): ('style2', 1024, 'interpolation', 100, 'cuda:0', 8, 1), UUID('ef88591d-821d-4504-b2c7-219caed43e25'): ('mobile', 512, 'interpolation', 400, 'cuda:0', 8, 1), UUID('8bc780c5-2cb6-43a4-9143-76a364a4e1ee'): ('anycost', 256, 'interpolation', 200, 'cuda:1', 8, 1), UUID('f151b991-158a-4baf-8d1e-4c854e3f5461'): ('anycost', 512, 'interpolation', 100, 'cuda:1', 8, 1), UUID('2ef1ba15-72e9-46a3-afe9-7a4053237cf5'): ('stylemap', 256, 'interpolation', 800, 'cuda:1', 8, 1), UUID('b040c85d-f869-4596-a652-e4521d2ec915'): ('stylemap', 1024, 'interpolation', 400, 'cuda:0', 8, 1), UUID('3b0b202c-45de-4549-94cd-e48b10f3109c'): ('stylemap', 256, 'random', 800, 'cuda:0', 8, 1), UUID('a84c755b-6c0b-4ee7-8510-a8a23861114d'): ('stylemap', 1024, 'random', 400, 'cuda:1', 8, 1), UUID('e1264e7a-4d7d-46c9-9265-b5c2bf675ac7'): ('mobile', 512, 'random', 100, 'cuda:1', 8, 1), UUID('15e4e0a1-dd7b-4d9b-8e73-723bace69ab4'): ('style2', 512, 'random', 800, 'cuda:0', 8, 1), UUID('8681e833-cff9-48f2-a4b9-c23b6ca58ae5'): ('style1', 256, 'interpolation', 400, 'cuda:0', 8, 1), UUID('0cd0fc3f-4f7e-4c14-9292-ced80d0675b1'): ('style2', 256, 'interpolation', 200, 'cuda:1', 8, 1), UUID('6a301921-6005-4d55-b904-322833f0afc6'): ('mobile', 1024, 'random', 200, 'cuda:0', 8, 1), UUID('53bc29fe-7047-44a0-ae00-77611fe4569d'): ('style2ada', 1024, 'interpolation', 400, 'cuda:1', 8, 1), UUID('ca121b1b-2244-44b1-8bd1-c0e2eeb80621'): ('stylemap', 256, 'random', 800, 'cuda:0', 8, 1), UUID('f0b4017a-70f7-4616-bf57-bd78712838c1'): ('style1', 256, 'interpolation', 100, 'cuda:0', 8, 1), UUID('da461bf9-a5a8-4aaa-9f1a-5ee99a29454c'): ('stylemap', 1024, 'random', 200, 'cuda:1', 8, 1), UUID('9d9c3517-811d-475a-967c-73b8228172c3'): ('mobile', 1024, 'interpolation', 800, 'cuda:0', 8, 1), UUID('bfca390d-a99c-44d2-9fc7-3dbc4e1745b8'): ('style2', 512, 'interpolation', 400, 'cuda:0', 8, 1), UUID('88a03271-683d-47a4-8fe4-3c5134605f43'): ('style2ada', 1024, 'interpolation', 200, 'cuda:0', 8, 1), UUID('72551afc-93cf-4476-8b7c-ae6c91afff6c'): ('style1', 1024, 'interpolation', 400, 'cuda:0', 8, 1), UUID('7058e168-9a2e-49f4-b244-d978b4850a5c'): ('swa', 1024, 'random', 400, 'cuda:0', 8, 1), UUID('571729d5-5d40-4d7e-b77f-9478a185c695'): ('stylemap', 512, 'random', 400, 'cuda:1', 8, 1), UUID('db593afb-ac17-4bca-988e-1d3467391132'): ('stylemap', 1024, 'random', 100, 'cuda:1', 8, 1), UUID('1b661d54-6b55-4ff1-af1f-f9595cd4be8e'): ('style2', 1024, 'interpolation', 100, 'cuda:0', 8, 1), UUID('4a4dd7b7-6532-44e8-bcff-56f5d7efaf6a'): ('swa', 1024, 'random', 200, 'cuda:1', 8, 1), UUID('1b395080-1eb7-4a43-8ed4-b1069ecd5801'): ('style2ada', 256, 'random', 100, 'cuda:1', 8, 1), UUID('4ece0505-2330-440a-8745-9ebbd6e0050d'): ('style2', 1024, 'random', 100, 'cuda:0', 8, 1), UUID('f90fc1ac-fb13-4624-87a6-b69cbdf67be0'): ('swa', 256, 'interpolation', 100, 'cuda:0', 8, 1), UUID('d2c28ff2-ade4-4f9a-b5e0-78704c9bb9e1'): ('style2', 256, 'random', 400, 'cuda:1', 8, 1), UUID('35fc4464-f23d-4bb1-b96d-326d44608418'): ('style2ada', 256, 'random', 200, 'cuda:0', 8, 1), UUID('147af542-7c28-48a8-974e-62178ebb2be5'): ('stylemap', 512, 'random', 200, 'cuda:0', 8, 1), UUID('ba91b954-a029-450f-8f19-f2fbdd348f2d'): ('style2', 512, 'random', 100, 'cuda:0', 8, 1), UUID('f042002d-9ced-422d-a0e4-e0404d65d957'): ('style1', 256, 'random', 400, 'cuda:1', 8, 1)}
arrival_times {UUID('5d325dbf-661c-4984-a1dd-31d73dc5d90c'): datetime.datetime(2021, 10, 23, 13, 15, 52, 606855), UUID('7f53cfcb-8f1b-41e1-bc46-76e46b3af05c'): datetime.datetime(2021, 10, 23, 13, 16, 2, 625675), UUID('c1dee6c8-80bc-4ee2-832c-6aefb71ffc53'): datetime.datetime(2021, 10, 23, 13, 16, 17, 656166), UUID('37aa7268-f2e2-42d3-8491-401a2495adac'): datetime.datetime(2021, 10, 23, 13, 16, 37, 682854), UUID('2193b13b-da0d-4bd9-bc18-de37d30d2f9c'): datetime.datetime(2021, 10, 23, 13, 16, 47, 698849), UUID('bee96783-8d1e-4689-8db7-6f68fcf97e3a'): datetime.datetime(2021, 10, 23, 13, 17, 2, 718856), UUID('f6e0259e-cf94-41fd-bdd9-05514b54c7d7'): datetime.datetime(2021, 10, 23, 13, 17, 12, 739480), UUID('fdeb3a1a-f525-4b69-8d9b-19cf19c9fe6f'): datetime.datetime(2021, 10, 23, 13, 17, 32, 771879), UUID('ef88591d-821d-4504-b2c7-219caed43e25'): datetime.datetime(2021, 10, 23, 13, 17, 42, 792612), UUID('8bc780c5-2cb6-43a4-9143-76a364a4e1ee'): datetime.datetime(2021, 10, 23, 13, 17, 57, 818837), UUID('f151b991-158a-4baf-8d1e-4c854e3f5461'): datetime.datetime(2021, 10, 23, 13, 18, 7, 834823), UUID('2ef1ba15-72e9-46a3-afe9-7a4053237cf5'): datetime.datetime(2021, 10, 23, 13, 18, 22, 855208), UUID('b040c85d-f869-4596-a652-e4521d2ec915'): datetime.datetime(2021, 10, 23, 13, 18, 37, 882827), UUID('3b0b202c-45de-4549-94cd-e48b10f3109c'): datetime.datetime(2021, 10, 23, 13, 18, 52, 902843), UUID('a84c755b-6c0b-4ee7-8510-a8a23861114d'): datetime.datetime(2021, 10, 23, 13, 19, 7, 924800), UUID('e1264e7a-4d7d-46c9-9265-b5c2bf675ac7'): datetime.datetime(2021, 10, 23, 13, 19, 17, 938914), UUID('15e4e0a1-dd7b-4d9b-8e73-723bace69ab4'): datetime.datetime(2021, 10, 23, 13, 19, 32, 958829), UUID('8681e833-cff9-48f2-a4b9-c23b6ca58ae5'): datetime.datetime(2021, 10, 23, 13, 19, 42, 979961), UUID('0cd0fc3f-4f7e-4c14-9292-ced80d0675b1'): datetime.datetime(2021, 10, 23, 13, 19, 58, 2887), UUID('6a301921-6005-4d55-b904-322833f0afc6'): datetime.datetime(2021, 10, 23, 13, 20, 8, 19412), UUID('53bc29fe-7047-44a0-ae00-77611fe4569d'): datetime.datetime(2021, 10, 23, 13, 20, 13, 30842), UUID('ca121b1b-2244-44b1-8bd1-c0e2eeb80621'): datetime.datetime(2021, 10, 23, 13, 20, 28, 50861), UUID('f0b4017a-70f7-4616-bf57-bd78712838c1'): datetime.datetime(2021, 10, 23, 13, 20, 48, 78917), UUID('da461bf9-a5a8-4aaa-9f1a-5ee99a29454c'): datetime.datetime(2021, 10, 23, 13, 20, 58, 98829), UUID('9d9c3517-811d-475a-967c-73b8228172c3'): datetime.datetime(2021, 10, 23, 13, 21, 8, 118845), UUID('bfca390d-a99c-44d2-9fc7-3dbc4e1745b8'): datetime.datetime(2021, 10, 23, 13, 21, 28, 146417), UUID('88a03271-683d-47a4-8fe4-3c5134605f43'): datetime.datetime(2021, 10, 23, 13, 21, 43, 174882), UUID('72551afc-93cf-4476-8b7c-ae6c91afff6c'): datetime.datetime(2021, 10, 23, 13, 22, 3, 198908), UUID('7058e168-9a2e-49f4-b244-d978b4850a5c'): datetime.datetime(2021, 10, 23, 13, 22, 18, 223050), UUID('571729d5-5d40-4d7e-b77f-9478a185c695'): datetime.datetime(2021, 10, 23, 13, 22, 38, 246954), UUID('db593afb-ac17-4bca-988e-1d3467391132'): datetime.datetime(2021, 10, 23, 13, 22, 48, 268496), UUID('1b661d54-6b55-4ff1-af1f-f9595cd4be8e'): datetime.datetime(2021, 10, 23, 13, 23, 3, 289219), UUID('4a4dd7b7-6532-44e8-bcff-56f5d7efaf6a'): datetime.datetime(2021, 10, 23, 13, 23, 18, 306826), UUID('1b395080-1eb7-4a43-8ed4-b1069ecd5801'): datetime.datetime(2021, 10, 23, 13, 23, 43, 334962), UUID('4ece0505-2330-440a-8745-9ebbd6e0050d'): datetime.datetime(2021, 10, 23, 13, 23, 53, 360034), UUID('f90fc1ac-fb13-4624-87a6-b69cbdf67be0'): datetime.datetime(2021, 10, 23, 13, 24, 8, 382898), UUID('d2c28ff2-ade4-4f9a-b5e0-78704c9bb9e1'): datetime.datetime(2021, 10, 23, 13, 24, 28, 407925), UUID('35fc4464-f23d-4bb1-b96d-326d44608418'): datetime.datetime(2021, 10, 23, 13, 24, 43, 430848), UUID('147af542-7c28-48a8-974e-62178ebb2be5'): datetime.datetime(2021, 10, 23, 13, 24, 53, 520053), UUID('ba91b954-a029-450f-8f19-f2fbdd348f2d'): datetime.datetime(2021, 10, 23, 13, 25, 18, 562864), UUID('f042002d-9ced-422d-a0e4-e0404d65d957'): datetime.datetime(2021, 10, 23, 13, 25, 28, 578833)}




id,network,job_type,image_size,num_imgs,device,batch_size,data_parallelism,response_time
5d325dbf,swa,random,256,800,cuda:0,8,1,14393
7f53cfcb,style2,interpolation,256,800,cuda:0,8,1,15374
c1dee6c8,stylemap,interpolation,256,400,cuda:0,8,1,21343
37aa7268,style1,random,256,800,cuda:1,8,1,10317
2193b13b,style1,interpolation,1024,200,cuda:1,8,1,17301
bee96783,anycost,random,512,200,cuda:1,8,1,25281
f6e0259e,stylemap,interpolation,256,400,cuda:0,8,1,22260
fdeb3a1a,style2,interpolation,1024,100,cuda:0,8,1,18228
ef88591d,mobile,interpolation,512,400,cuda:0,8,1,11207
8bc780c5,anycost,interpolation,256,200,cuda:1,8,1,17181
f151b991,anycost,interpolation,512,100,cuda:1,8,1,21165
2ef1ba15,stylemap,interpolation,256,800,cuda:1,8,1,68144
b040c85d,stylemap,interpolation,1024,400,cuda:0,8,1,56117
3b0b202c,stylemap,random,256,800,cuda:0,8,1,72097
a84c755b,stylemap,random,1024,400,cuda:1,8,1,-1
e1264e7a,mobile,random,512,100,cuda:1,8,1,33061
15e4e0a1,style2,random,512,800,cuda:0,8,1,60041
8681e833,style1,interpolation,256,400,cuda:0,8,1,17020
0cd0fc3f,style2,interpolation,256,200,cuda:1,8,1,20997
6a301921,mobile,random,1024,200,cuda:0,8,1,83980
53bc29fe,style2ada,interpolation,1024,400,cuda:1,8,1,48969
ca121b1b,stylemap,random,256,800,cuda:0,8,1,35949
f0b4017a,style1,interpolation,256,100,cuda:0,8,1,34921
da461bf9,stylemap,random,1024,200,cuda:1,8,1,-1
9d9c3517,mobile,interpolation,1024,800,cuda:0,8,1,21881
bfca390d,style2,interpolation,512,400,cuda:0,8,1,18853
88a03271,style2ada,interpolation,1024,200,cuda:0,8,1,14825
72551afc,style1,interpolation,1024,400,cuda:0,8,1,13801
7058e168,swa,random,1024,400,cuda:0,8,1,22776
571729d5,stylemap,random,512,400,cuda:1,8,1,192753
db593afb,stylemap,random,1024,100,cuda:1,8,1,-1
1b661d54,style2,interpolation,1024,100,cuda:0,8,1,17710
4a4dd7b7,swa,random,1024,200,cuda:1,8,1,41693
1b395080,style2ada,random,256,100,cuda:1,8,1,18665
4ece0505,style2,random,1024,100,cuda:0,8,1,18639
f90fc1ac,swa,interpolation,256,100,cuda:0,8,1,13617
d2c28ff2,style2,random,256,400,cuda:1,8,1,21592
35fc4464,style2ada,random,256,200,cuda:0,8,1,10569
147af542,stylemap,random,512,200,cuda:0,8,1,23479
ba91b954,style2,random,512,100,cuda:0,8,1,16437
f042002d,style1,random,256,400,cuda:1,8,1,18421




10-23-2021 13:27:33 ClusterManager INFO     Stopping execution of ClusterManager, halting components...
10-23-2021 13:27:33 ResourceWatchDog INFO     [WatchDog] Received request to stop execution
