/usr/local/lib/python3.8/dist-packages/dataclasses_json/core.py:171: RuntimeWarning: `NoneType` object value of non-optional type config_path detected when decoding BareConfig.
  warnings.warn(f"`NoneType` object {warning}.", RuntimeWarning)
10-23-2021 13:28:33 root         INFO     Starting in cluster mode.
10-23-2021 13:28:33 root         INFO     Starting as Orchestrator
10-23-2021 13:28:33 root         INFO     Starting Orchestrator, initializing resources....
10-23-2021 13:28:33 root         INFO     Loading in cluster configuration file
10-23-2021 13:28:33 root         INFO     Pointing configuration to in cluster configuration.
10-23-2021 13:28:33 root         INFO     Starting cluster manager
10-23-2021 13:28:33 ClusterManager INFO     Spinning up cluster manager...
10-23-2021 13:28:33 ResourceWatchDog INFO     Starting resource watchdog
10-23-2021 13:28:33 root         INFO     Starting arrival generator
10-23-2021 13:28:33 ResourceWatchDog INFO     Fetching node information of cluster...
10-23-2021 13:28:33 ClusterManager INFO     Still alive...
10-23-2021 13:28:33 root         INFO     Starting orchestrator
10-23-2021 13:28:33 StyleGANExperimentGenerator INFO     Starting execution of arrival generator...
10-23-2021 13:28:33 StyleGANExperimentGenerator INFO     Populating tick lists with initial arrivals
10-23-2021 13:28:33 StyleGANExperimentGenerator INFO     Creating task for StyleGANInferenceJob
15
10-23-2021 13:28:33 Orchestrator INFO     Clearing old jobs in current namespace: default
10-23-2021 13:28:33 ResourceWatchDog INFO     Starting with watching resources
10-23-2021 13:28:43 ClusterManager INFO     Still alive...
10-23-2021 13:28:43 ResourceWatchDog INFO     Fetching job finish times...
10-23-2021 13:28:43 ResourceWatchDog INFO     Fetching resource information of cluster...
10-23-2021 13:28:43 ResourceWatchDog INFO     {'ubuntu94025': Resource(node_name='ubuntu94025', cpu_allocatable=<Quantity(24, 'dimensionless')>, memory_allocatable=<Quantity(65626416, 'Ki')>, cpu_requested=<Quantity(2.72, 'dimensionless')>, memory_requested=<Quantity(3570766848, 'dimensionless')>, cpu_limit=<Quantity(22.4, 'dimensionless')>, memory_limit=<Quantity(15637779456, 'dimensionless')>, vram_free=[11174.4375, 24264.6875], vram_total=[11178.5, 24268.3125])}
10-23-2021 13:28:50 StyleGANExperimentGenerator INFO     Creating task for StyleGANInferenceJob
15
10-23-2021 13:28:53 ClusterManager INFO     Still alive...
10-23-2021 13:28:53 Orchestrator INFO     Scheduling arrival of Arrival: d348f6f0-e7c6-46fb-a3ed-a861654ae29f
10-23-2021 13:28:53 Orchestrator INFO     Deploying on cluster: d348f6f0-e7c6-46fb-a3ed-a861654ae29f
10-23-2021 13:28:53 ResourceWatchDog INFO     Fetching job finish times...
10-23-2021 13:28:53 ResourceWatchDog INFO     Fetching resource information of cluster...
10-23-2021 13:28:53 ResourceWatchDog INFO     {'ubuntu94025': Resource(node_name='ubuntu94025', cpu_allocatable=<Quantity(24, 'dimensionless')>, memory_allocatable=<Quantity(65626416, 'Ki')>, cpu_requested=<Quantity(2.72, 'dimensionless')>, memory_requested=<Quantity(3570766848, 'dimensionless')>, cpu_limit=<Quantity(22.4, 'dimensionless')>, memory_limit=<Quantity(15637779456, 'dimensionless')>, vram_free=[11174.4375, 24264.6875], vram_total=[11178.5, 24268.3125])}
10-23-2021 13:29:00 StyleGANExperimentGenerator INFO     Creating task for StyleGANInferenceJob
15
10-23-2021 13:29:03 ClusterManager INFO     Still alive...
10-23-2021 13:29:03 Orchestrator INFO     Scheduling arrival of Arrival: 4d151aa3-19cc-40b1-a8d1-d66865c2a641
10-23-2021 13:29:03 Orchestrator INFO     Deploying on cluster: 4d151aa3-19cc-40b1-a8d1-d66865c2a641
10-23-2021 13:29:03 ResourceWatchDog INFO     Fetching job finish times...
10-23-2021 13:29:03 ResourceWatchDog INFO     Fetching resource information of cluster...
10-23-2021 13:29:03 ResourceWatchDog INFO     {'ubuntu94025': Resource(node_name='ubuntu94025', cpu_allocatable=<Quantity(24, 'dimensionless')>, memory_allocatable=<Quantity(65626416, 'Ki')>, cpu_requested=<Quantity(2.72, 'dimensionless')>, memory_requested=<Quantity(3570766848, 'dimensionless')>, cpu_limit=<Quantity(22.4, 'dimensionless')>, memory_limit=<Quantity(15637779456, 'dimensionless')>, vram_free=[11174.4375, 19469.6875], vram_total=[11178.5, 24268.3125])}
10-23-2021 13:29:13 ClusterManager INFO     Still alive...
10-23-2021 13:29:13 ResourceWatchDog INFO     Fetching job finish times...
10-23-2021 13:29:14 ResourceWatchDog INFO     Fetching resource information of cluster...
10-23-2021 13:29:14 ResourceWatchDog INFO     {'ubuntu94025': Resource(node_name='ubuntu94025', cpu_allocatable=<Quantity(24, 'dimensionless')>, memory_allocatable=<Quantity(65626416, 'Ki')>, cpu_requested=<Quantity(2.72, 'dimensionless')>, memory_requested=<Quantity(3570766848, 'dimensionless')>, cpu_limit=<Quantity(22.4, 'dimensionless')>, memory_limit=<Quantity(15637779456, 'dimensionless')>, vram_free=[11174.4375, 19469.6875], vram_total=[11178.5, 24268.3125])}
10-23-2021 13:29:16 StyleGANExperimentGenerator INFO     Creating task for StyleGANInferenceJob
15
10-23-2021 13:29:18 Orchestrator INFO     Scheduling arrival of Arrival: b7a0a8db-36ac-49af-aa6f-9aeeaf30ae5e
10-23-2021 13:29:18 Orchestrator INFO     Deploying on cluster: b7a0a8db-36ac-49af-aa6f-9aeeaf30ae5e
10-23-2021 13:29:23 ClusterManager INFO     Still alive...
10-23-2021 13:29:24 ResourceWatchDog INFO     Fetching job finish times...
10-23-2021 13:29:24 ResourceWatchDog INFO     Fetching resource information of cluster...
10-23-2021 13:29:24 ResourceWatchDog INFO     {'ubuntu94025': Resource(node_name='ubuntu94025', cpu_allocatable=<Quantity(24, 'dimensionless')>, memory_allocatable=<Quantity(65626416, 'Ki')>, cpu_requested=<Quantity(2.72, 'dimensionless')>, memory_requested=<Quantity(3570766848, 'dimensionless')>, cpu_limit=<Quantity(22.4, 'dimensionless')>, memory_limit=<Quantity(15637779456, 'dimensionless')>, vram_free=[11174.4375, 22937.6875], vram_total=[11178.5, 24268.3125])}
10-23-2021 13:29:33 ClusterManager INFO     Still alive...
10-23-2021 13:29:33 ResourceWatchDog INFO     Fetching resource information of cluster...
10-23-2021 13:29:33 ResourceWatchDog INFO     {'ubuntu94025': Resource(node_name='ubuntu94025', cpu_allocatable=<Quantity(24, 'dimensionless')>, memory_allocatable=<Quantity(65626416, 'Ki')>, cpu_requested=<Quantity(2.72, 'dimensionless')>, memory_requested=<Quantity(3570766848, 'dimensionless')>, cpu_limit=<Quantity(22.4, 'dimensionless')>, memory_limit=<Quantity(15637779456, 'dimensionless')>, vram_free=[11174.4375, 24264.6875], vram_total=[11178.5, 24268.3125])}
10-23-2021 13:29:34 ResourceWatchDog INFO     Fetching job finish times...
10-23-2021 13:29:34 ResourceWatchDog INFO     Fetching resource information of cluster...
10-23-2021 13:29:35 ResourceWatchDog INFO     {'ubuntu94025': Resource(node_name='ubuntu94025', cpu_allocatable=<Quantity(24, 'dimensionless')>, memory_allocatable=<Quantity(65626416, 'Ki')>, cpu_requested=<Quantity(2.72, 'dimensionless')>, memory_requested=<Quantity(3570766848, 'dimensionless')>, cpu_limit=<Quantity(22.4, 'dimensionless')>, memory_limit=<Quantity(15637779456, 'dimensionless')>, vram_free=[11174.4375, 24264.6875], vram_total=[11178.5, 24268.3125])}
15
10-23-2021 13:29:35 StyleGANExperimentGenerator INFO     Creating task for StyleGANInferenceJob
10-23-2021 13:29:38 Orchestrator INFO     Scheduling arrival of Arrival: 520f8a97-9b82-4644-8bb7-c84cc9c062d1
10-23-2021 13:29:38 Orchestrator INFO     Deploying on cluster: 520f8a97-9b82-4644-8bb7-c84cc9c062d1
10-23-2021 13:29:43 ClusterManager INFO     Still alive...
10-23-2021 13:29:45 ResourceWatchDog INFO     Fetching job finish times...
10-23-2021 13:29:45 ResourceWatchDog INFO     Fetching resource information of cluster...
10-23-2021 13:29:45 ResourceWatchDog INFO     {'ubuntu94025': Resource(node_name='ubuntu94025', cpu_allocatable=<Quantity(24, 'dimensionless')>, memory_allocatable=<Quantity(65626416, 'Ki')>, cpu_requested=<Quantity(2.72, 'dimensionless')>, memory_requested=<Quantity(3570766848, 'dimensionless')>, cpu_limit=<Quantity(22.4, 'dimensionless')>, memory_limit=<Quantity(15637779456, 'dimensionless')>, vram_free=[1251.4375, 24264.6875], vram_total=[11178.5, 24268.3125])}
10-23-2021 13:29:46 StyleGANExperimentGenerator INFO     Creating task for StyleGANInferenceJob
15
10-23-2021 13:29:48 Orchestrator INFO     Scheduling arrival of Arrival: 21f189a6-c369-4888-8f16-31ad4bfd27b3
10-23-2021 13:29:48 Orchestrator INFO     Deploying on cluster: 21f189a6-c369-4888-8f16-31ad4bfd27b3
10-23-2021 13:29:53 ClusterManager INFO     Still alive...
10-23-2021 13:29:55 ResourceWatchDog INFO     Fetching job finish times...
10-23-2021 13:29:55 ResourceWatchDog INFO     Fetching resource information of cluster...
10-23-2021 13:29:55 ResourceWatchDog INFO     {'ubuntu94025': Resource(node_name='ubuntu94025', cpu_allocatable=<Quantity(24, 'dimensionless')>, memory_allocatable=<Quantity(65626416, 'Ki')>, cpu_requested=<Quantity(2.72, 'dimensionless')>, memory_requested=<Quantity(3570766848, 'dimensionless')>, cpu_limit=<Quantity(22.4, 'dimensionless')>, memory_limit=<Quantity(15637779456, 'dimensionless')>, vram_free=[5955.4375, 17755.6875], vram_total=[11178.5, 24268.3125])}
10-23-2021 13:29:59 StyleGANExperimentGenerator INFO     Creating task for StyleGANInferenceJob
15
10-23-2021 13:30:03 ClusterManager INFO     Still alive...
10-23-2021 13:30:03 Orchestrator INFO     Scheduling arrival of Arrival: ec504194-9ac3-4b9c-9197-3b1753041174
10-23-2021 13:30:03 Orchestrator INFO     Deploying on cluster: ec504194-9ac3-4b9c-9197-3b1753041174
10-23-2021 13:30:05 ResourceWatchDog INFO     Fetching job finish times...
10-23-2021 13:30:05 ResourceWatchDog INFO     Fetching resource information of cluster...
10-23-2021 13:30:05 ResourceWatchDog INFO     {'ubuntu94025': Resource(node_name='ubuntu94025', cpu_allocatable=<Quantity(24, 'dimensionless')>, memory_allocatable=<Quantity(65626416, 'Ki')>, cpu_requested=<Quantity(2.72, 'dimensionless')>, memory_requested=<Quantity(3570766848, 'dimensionless')>, cpu_limit=<Quantity(22.4, 'dimensionless')>, memory_limit=<Quantity(15637779456, 'dimensionless')>, vram_free=[5955.4375, 23511.6875], vram_total=[11178.5, 24268.3125])}
10-23-2021 13:30:13 StyleGANExperimentGenerator INFO     Creating task for StyleGANInferenceJob
15
10-23-2021 13:30:13 ClusterManager INFO     Still alive...
10-23-2021 13:30:13 Orchestrator INFO     Scheduling arrival of Arrival: 10fa6fda-9586-43b4-b388-79b6b63beea1
10-23-2021 13:30:13 Orchestrator INFO     Deploying on cluster: 10fa6fda-9586-43b4-b388-79b6b63beea1
10-23-2021 13:30:15 ResourceWatchDog INFO     Fetching job finish times...
10-23-2021 13:30:16 ResourceWatchDog INFO     Fetching resource information of cluster...
10-23-2021 13:30:16 ResourceWatchDog INFO     {'ubuntu94025': Resource(node_name='ubuntu94025', cpu_allocatable=<Quantity(24, 'dimensionless')>, memory_allocatable=<Quantity(65626416, 'Ki')>, cpu_requested=<Quantity(2.72, 'dimensionless')>, memory_requested=<Quantity(3570766848, 'dimensionless')>, cpu_limit=<Quantity(22.4, 'dimensionless')>, memory_limit=<Quantity(15637779456, 'dimensionless')>, vram_free=[11174.4375, 24264.6875], vram_total=[11178.5, 24268.3125])}
10-23-2021 13:30:23 ClusterManager INFO     Still alive...
10-23-2021 13:30:26 ResourceWatchDog INFO     Fetching job finish times...
10-23-2021 13:30:26 ResourceWatchDog INFO     Fetching resource information of cluster...
10-23-2021 13:30:26 ResourceWatchDog INFO     {'ubuntu94025': Resource(node_name='ubuntu94025', cpu_allocatable=<Quantity(24, 'dimensionless')>, memory_allocatable=<Quantity(65626416, 'Ki')>, cpu_requested=<Quantity(2.72, 'dimensionless')>, memory_requested=<Quantity(3570766848, 'dimensionless')>, cpu_limit=<Quantity(22.4, 'dimensionless')>, memory_limit=<Quantity(15637779456, 'dimensionless')>, vram_free=[11174.4375, 24264.6875], vram_total=[11178.5, 24268.3125])}
10-23-2021 13:30:29 StyleGANExperimentGenerator INFO     Creating task for StyleGANInferenceJob
15
10-23-2021 13:30:33 ClusterManager INFO     Still alive...
10-23-2021 13:30:33 Orchestrator INFO     Scheduling arrival of Arrival: 612faca3-e5f8-4959-9222-7561a02d844d
10-23-2021 13:30:33 Orchestrator INFO     Deploying on cluster: 612faca3-e5f8-4959-9222-7561a02d844d
10-23-2021 13:30:34 ResourceWatchDog INFO     Fetching resource information of cluster...
10-23-2021 13:30:34 ResourceWatchDog INFO     {'ubuntu94025': Resource(node_name='ubuntu94025', cpu_allocatable=<Quantity(24, 'dimensionless')>, memory_allocatable=<Quantity(65626416, 'Ki')>, cpu_requested=<Quantity(2.72, 'dimensionless')>, memory_requested=<Quantity(3570766848, 'dimensionless')>, cpu_limit=<Quantity(22.4, 'dimensionless')>, memory_limit=<Quantity(15637779456, 'dimensionless')>, vram_free=[11174.4375, 24264.6875], vram_total=[11178.5, 24268.3125])}
10-23-2021 13:30:36 ResourceWatchDog INFO     Fetching job finish times...
10-23-2021 13:30:36 ResourceWatchDog INFO     Fetching resource information of cluster...
10-23-2021 13:30:36 ResourceWatchDog INFO     {'ubuntu94025': Resource(node_name='ubuntu94025', cpu_allocatable=<Quantity(24, 'dimensionless')>, memory_allocatable=<Quantity(65626416, 'Ki')>, cpu_requested=<Quantity(2.72, 'dimensionless')>, memory_requested=<Quantity(3570766848, 'dimensionless')>, cpu_limit=<Quantity(22.4, 'dimensionless')>, memory_limit=<Quantity(15637779456, 'dimensionless')>, vram_free=[11174.4375, 24264.6875], vram_total=[11178.5, 24268.3125])}
15
10-23-2021 13:30:41 StyleGANExperimentGenerator INFO     Creating task for StyleGANInferenceJob
10-23-2021 13:30:43 ClusterManager INFO     Still alive...
10-23-2021 13:30:43 Orchestrator INFO     Scheduling arrival of Arrival: d108d62c-be14-4955-8aff-3ba1c66c22af
10-23-2021 13:30:43 Orchestrator INFO     Deploying on cluster: d108d62c-be14-4955-8aff-3ba1c66c22af
10-23-2021 13:30:46 ResourceWatchDog INFO     Fetching job finish times...
10-23-2021 13:30:47 ResourceWatchDog INFO     Fetching resource information of cluster...
10-23-2021 13:30:47 ResourceWatchDog INFO     {'ubuntu94025': Resource(node_name='ubuntu94025', cpu_allocatable=<Quantity(24, 'dimensionless')>, memory_allocatable=<Quantity(65626416, 'Ki')>, cpu_requested=<Quantity(2.72, 'dimensionless')>, memory_requested=<Quantity(3570766848, 'dimensionless')>, cpu_limit=<Quantity(22.4, 'dimensionless')>, memory_limit=<Quantity(15637779456, 'dimensionless')>, vram_free=[5959.4375, 24209.6875], vram_total=[11178.5, 24268.3125])}
10-23-2021 13:30:53 ClusterManager INFO     Still alive...
10-23-2021 13:30:55 StyleGANExperimentGenerator INFO     Creating task for StyleGANInferenceJob
15
10-23-2021 13:30:57 ResourceWatchDog INFO     Fetching job finish times...
10-23-2021 13:30:57 ResourceWatchDog INFO     Fetching resource information of cluster...
10-23-2021 13:30:57 ResourceWatchDog INFO     {'ubuntu94025': Resource(node_name='ubuntu94025', cpu_allocatable=<Quantity(24, 'dimensionless')>, memory_allocatable=<Quantity(65626416, 'Ki')>, cpu_requested=<Quantity(2.72, 'dimensionless')>, memory_requested=<Quantity(3570766848, 'dimensionless')>, cpu_limit=<Quantity(22.4, 'dimensionless')>, memory_limit=<Quantity(15637779456, 'dimensionless')>, vram_free=[11174.4375, 4675.6875], vram_total=[11178.5, 24268.3125])}
10-23-2021 13:30:58 Orchestrator INFO     Scheduling arrival of Arrival: 3d92dc16-569a-448e-8e59-ec6aefc5ae70
10-23-2021 13:30:58 Orchestrator INFO     Deploying on cluster: 3d92dc16-569a-448e-8e59-ec6aefc5ae70
10-23-2021 13:31:03 ClusterManager INFO     Still alive...
10-23-2021 13:31:06 StyleGANExperimentGenerator INFO     Creating task for StyleGANInferenceJob
15
10-23-2021 13:31:07 ResourceWatchDog INFO     Fetching job finish times...
10-23-2021 13:31:07 ResourceWatchDog INFO     Fetching resource information of cluster...
10-23-2021 13:31:07 ResourceWatchDog INFO     {'ubuntu94025': Resource(node_name='ubuntu94025', cpu_allocatable=<Quantity(24, 'dimensionless')>, memory_allocatable=<Quantity(65626416, 'Ki')>, cpu_requested=<Quantity(2.72, 'dimensionless')>, memory_requested=<Quantity(3570766848, 'dimensionless')>, cpu_limit=<Quantity(22.4, 'dimensionless')>, memory_limit=<Quantity(15637779456, 'dimensionless')>, vram_free=[11174.4375, 3353.6875], vram_total=[11178.5, 24268.3125])}
10-23-2021 13:31:08 Orchestrator INFO     Scheduling arrival of Arrival: d7d94c89-dffb-406a-ae45-a3f303bdf86d
10-23-2021 13:31:08 Orchestrator INFO     Deploying on cluster: d7d94c89-dffb-406a-ae45-a3f303bdf86d
10-23-2021 13:31:13 ClusterManager INFO     Still alive...
10-23-2021 13:31:17 ResourceWatchDog INFO     Fetching job finish times...
10-23-2021 13:31:18 ResourceWatchDog INFO     Fetching resource information of cluster...
10-23-2021 13:31:18 ResourceWatchDog INFO     {'ubuntu94025': Resource(node_name='ubuntu94025', cpu_allocatable=<Quantity(24, 'dimensionless')>, memory_allocatable=<Quantity(65626416, 'Ki')>, cpu_requested=<Quantity(2.72, 'dimensionless')>, memory_requested=<Quantity(3570766848, 'dimensionless')>, cpu_limit=<Quantity(22.4, 'dimensionless')>, memory_limit=<Quantity(15637779456, 'dimensionless')>, vram_free=[11174.4375, 364.6875], vram_total=[11178.5, 24268.3125])}
10-23-2021 13:31:22 StyleGANExperimentGenerator INFO     Creating task for StyleGANInferenceJob
15
10-23-2021 13:31:23 ClusterManager INFO     Still alive...
10-23-2021 13:31:23 Orchestrator INFO     Scheduling arrival of Arrival: 71ef3209-2c10-4719-82f3-ecea4d171169
10-23-2021 13:31:23 Orchestrator INFO     Deploying on cluster: 71ef3209-2c10-4719-82f3-ecea4d171169
10-23-2021 13:31:28 ResourceWatchDog INFO     Fetching job finish times...
10-23-2021 13:31:28 ResourceWatchDog INFO     Fetching resource information of cluster...
10-23-2021 13:31:28 ResourceWatchDog INFO     {'ubuntu94025': Resource(node_name='ubuntu94025', cpu_allocatable=<Quantity(24, 'dimensionless')>, memory_allocatable=<Quantity(65626416, 'Ki')>, cpu_requested=<Quantity(2.72, 'dimensionless')>, memory_requested=<Quantity(3570766848, 'dimensionless')>, cpu_limit=<Quantity(22.4, 'dimensionless')>, memory_limit=<Quantity(15637779456, 'dimensionless')>, vram_free=[11174.4375, 1395.6875], vram_total=[11178.5, 24268.3125])}
10-23-2021 13:31:33 ClusterManager INFO     Still alive...
10-23-2021 13:31:35 ResourceWatchDog INFO     Fetching resource information of cluster...
10-23-2021 13:31:35 ResourceWatchDog INFO     {'ubuntu94025': Resource(node_name='ubuntu94025', cpu_allocatable=<Quantity(24, 'dimensionless')>, memory_allocatable=<Quantity(65626416, 'Ki')>, cpu_requested=<Quantity(2.72, 'dimensionless')>, memory_requested=<Quantity(3570766848, 'dimensionless')>, cpu_limit=<Quantity(22.4, 'dimensionless')>, memory_limit=<Quantity(15637779456, 'dimensionless')>, vram_free=[11174.4375, 2750.6875], vram_total=[11178.5, 24268.3125])}
10-23-2021 13:31:38 StyleGANExperimentGenerator INFO     Creating task for StyleGANInferenceJob
15
10-23-2021 13:31:38 Orchestrator INFO     Scheduling arrival of Arrival: a4880ba7-dd8e-445e-88dd-08e9602a92d1
10-23-2021 13:31:38 Orchestrator INFO     Deploying on cluster: a4880ba7-dd8e-445e-88dd-08e9602a92d1
10-23-2021 13:31:38 ResourceWatchDog INFO     Fetching job finish times...
10-23-2021 13:31:38 ResourceWatchDog INFO     Fetching resource information of cluster...
10-23-2021 13:31:38 ResourceWatchDog INFO     {'ubuntu94025': Resource(node_name='ubuntu94025', cpu_allocatable=<Quantity(24, 'dimensionless')>, memory_allocatable=<Quantity(65626416, 'Ki')>, cpu_requested=<Quantity(2.72, 'dimensionless')>, memory_requested=<Quantity(3570766848, 'dimensionless')>, cpu_limit=<Quantity(22.4, 'dimensionless')>, memory_limit=<Quantity(15637779456, 'dimensionless')>, vram_free=[11174.4375, 1832.6875], vram_total=[11178.5, 24268.3125])}
10-23-2021 13:31:43 ClusterManager INFO     Still alive...
10-23-2021 13:31:48 ResourceWatchDog INFO     Fetching job finish times...
10-23-2021 13:31:49 ResourceWatchDog INFO     Fetching resource information of cluster...
10-23-2021 13:31:49 ResourceWatchDog INFO     {'ubuntu94025': Resource(node_name='ubuntu94025', cpu_allocatable=<Quantity(24, 'dimensionless')>, memory_allocatable=<Quantity(65626416, 'Ki')>, cpu_requested=<Quantity(2.72, 'dimensionless')>, memory_requested=<Quantity(3570766848, 'dimensionless')>, cpu_limit=<Quantity(22.4, 'dimensionless')>, memory_limit=<Quantity(15637779456, 'dimensionless')>, vram_free=[11174.4375, 388.6875], vram_total=[11178.5, 24268.3125])}
10-23-2021 13:31:51 StyleGANExperimentGenerator INFO     Creating task for StyleGANInferenceJob
15
10-23-2021 13:31:53 ClusterManager INFO     Still alive...
10-23-2021 13:31:53 Orchestrator INFO     Scheduling arrival of Arrival: b68ebdb4-0b52-45b8-ad8f-2197907f5ccf
10-23-2021 13:31:53 Orchestrator INFO     Deploying on cluster: b68ebdb4-0b52-45b8-ad8f-2197907f5ccf
10-23-2021 13:31:59 ResourceWatchDog INFO     Fetching job finish times...
10-23-2021 13:31:59 ResourceWatchDog INFO     Fetching resource information of cluster...
10-23-2021 13:31:59 ResourceWatchDog INFO     {'ubuntu94025': Resource(node_name='ubuntu94025', cpu_allocatable=<Quantity(24, 'dimensionless')>, memory_allocatable=<Quantity(65626416, 'Ki')>, cpu_requested=<Quantity(2.72, 'dimensionless')>, memory_requested=<Quantity(3570766848, 'dimensionless')>, cpu_limit=<Quantity(22.4, 'dimensionless')>, memory_limit=<Quantity(15637779456, 'dimensionless')>, vram_free=[11174.4375, 1933.6875], vram_total=[11178.5, 24268.3125])}
10-23-2021 13:32:03 ClusterManager INFO     Still alive...
10-23-2021 13:32:08 StyleGANExperimentGenerator INFO     Creating task for StyleGANInferenceJob
15
10-23-2021 13:32:08 Orchestrator INFO     Scheduling arrival of Arrival: 4d0eb9c7-4722-49a0-a698-025a47e6e7ac
10-23-2021 13:32:08 Orchestrator INFO     Deploying on cluster: 4d0eb9c7-4722-49a0-a698-025a47e6e7ac
10-23-2021 13:32:09 ResourceWatchDog INFO     Fetching job finish times...
10-23-2021 13:32:09 ResourceWatchDog INFO     Fetching resource information of cluster...
10-23-2021 13:32:10 ResourceWatchDog INFO     {'ubuntu94025': Resource(node_name='ubuntu94025', cpu_allocatable=<Quantity(24, 'dimensionless')>, memory_allocatable=<Quantity(65626416, 'Ki')>, cpu_requested=<Quantity(2.72, 'dimensionless')>, memory_requested=<Quantity(3570766848, 'dimensionless')>, cpu_limit=<Quantity(22.4, 'dimensionless')>, memory_limit=<Quantity(15637779456, 'dimensionless')>, vram_free=[11174.4375, 22951.6875], vram_total=[11178.5, 24268.3125])}
10-23-2021 13:32:13 ClusterManager INFO     Still alive...
10-23-2021 13:32:18 StyleGANExperimentGenerator INFO     Creating task for StyleGANInferenceJob
15
10-23-2021 13:32:18 Orchestrator INFO     Scheduling arrival of Arrival: e8dc6d2e-0468-41ac-9ad0-cd2e9566389e
10-23-2021 13:32:18 Orchestrator INFO     Deploying on cluster: e8dc6d2e-0468-41ac-9ad0-cd2e9566389e
10-23-2021 13:32:20 ResourceWatchDog INFO     Fetching job finish times...
10-23-2021 13:32:20 ResourceWatchDog INFO     Fetching resource information of cluster...
10-23-2021 13:32:20 ResourceWatchDog INFO     {'ubuntu94025': Resource(node_name='ubuntu94025', cpu_allocatable=<Quantity(24, 'dimensionless')>, memory_allocatable=<Quantity(65626416, 'Ki')>, cpu_requested=<Quantity(2.72, 'dimensionless')>, memory_requested=<Quantity(3570766848, 'dimensionless')>, cpu_limit=<Quantity(22.4, 'dimensionless')>, memory_limit=<Quantity(15637779456, 'dimensionless')>, vram_free=[11174.4375, 13607.6875], vram_total=[11178.5, 24268.3125])}
10-23-2021 13:32:23 ClusterManager INFO     Still alive...
15
10-23-2021 13:32:30 StyleGANExperimentGenerator INFO     Creating task for StyleGANInferenceJob
10-23-2021 13:32:30 ResourceWatchDog INFO     Fetching job finish times...
10-23-2021 13:32:30 ResourceWatchDog INFO     Fetching resource information of cluster...
10-23-2021 13:32:30 ResourceWatchDog INFO     {'ubuntu94025': Resource(node_name='ubuntu94025', cpu_allocatable=<Quantity(24, 'dimensionless')>, memory_allocatable=<Quantity(65626416, 'Ki')>, cpu_requested=<Quantity(2.72, 'dimensionless')>, memory_requested=<Quantity(3570766848, 'dimensionless')>, cpu_limit=<Quantity(22.4, 'dimensionless')>, memory_limit=<Quantity(15637779456, 'dimensionless')>, vram_free=[11174.4375, 9809.6875], vram_total=[11178.5, 24268.3125])}
10-23-2021 13:32:33 ClusterManager INFO     Still alive...
10-23-2021 13:32:33 Orchestrator INFO     Scheduling arrival of Arrival: 25380a3e-84e6-49bb-8730-3d42afa64aa6
10-23-2021 13:32:33 Orchestrator INFO     Deploying on cluster: 25380a3e-84e6-49bb-8730-3d42afa64aa6
10-23-2021 13:32:35 ResourceWatchDog INFO     Fetching resource information of cluster...
10-23-2021 13:32:36 ResourceWatchDog INFO     {'ubuntu94025': Resource(node_name='ubuntu94025', cpu_allocatable=<Quantity(24, 'dimensionless')>, memory_allocatable=<Quantity(65626416, 'Ki')>, cpu_requested=<Quantity(2.72, 'dimensionless')>, memory_requested=<Quantity(3570766848, 'dimensionless')>, cpu_limit=<Quantity(22.4, 'dimensionless')>, memory_limit=<Quantity(15637779456, 'dimensionless')>, vram_free=[11174.4375, 7014.6875], vram_total=[11178.5, 24268.3125])}
10-23-2021 13:32:41 ResourceWatchDog INFO     Fetching job finish times...
10-23-2021 13:32:41 ResourceWatchDog INFO     Fetching resource information of cluster...
10-23-2021 13:32:41 ResourceWatchDog INFO     {'ubuntu94025': Resource(node_name='ubuntu94025', cpu_allocatable=<Quantity(24, 'dimensionless')>, memory_allocatable=<Quantity(65626416, 'Ki')>, cpu_requested=<Quantity(2.72, 'dimensionless')>, memory_requested=<Quantity(3570766848, 'dimensionless')>, cpu_limit=<Quantity(22.4, 'dimensionless')>, memory_limit=<Quantity(15637779456, 'dimensionless')>, vram_free=[1199.4375, 5903.6875], vram_total=[11178.5, 24268.3125])}
15
10-23-2021 13:32:43 StyleGANExperimentGenerator INFO     Creating task for StyleGANInferenceJob
10-23-2021 13:32:43 ClusterManager INFO     Still alive...
10-23-2021 13:32:43 Orchestrator INFO     Scheduling arrival of Arrival: a2eb1a6c-6dad-4559-bdcd-3298304c591b
10-23-2021 13:32:43 Orchestrator INFO     Deploying on cluster: a2eb1a6c-6dad-4559-bdcd-3298304c591b
10-23-2021 13:32:51 ResourceWatchDog INFO     Fetching job finish times...
10-23-2021 13:32:51 ResourceWatchDog INFO     Fetching resource information of cluster...
10-23-2021 13:32:51 ResourceWatchDog INFO     {'ubuntu94025': Resource(node_name='ubuntu94025', cpu_allocatable=<Quantity(24, 'dimensionless')>, memory_allocatable=<Quantity(65626416, 'Ki')>, cpu_requested=<Quantity(2.72, 'dimensionless')>, memory_requested=<Quantity(3570766848, 'dimensionless')>, cpu_limit=<Quantity(22.4, 'dimensionless')>, memory_limit=<Quantity(15637779456, 'dimensionless')>, vram_free=[5957.4375, 729.6875], vram_total=[11178.5, 24268.3125])}
10-23-2021 13:32:53 ClusterManager INFO     Still alive...
10-23-2021 13:32:58 StyleGANExperimentGenerator INFO     Creating task for StyleGANInferenceJob
15
10-23-2021 13:32:58 Orchestrator INFO     Scheduling arrival of Arrival: 7f291d67-4658-4316-b703-b4624fd7adc2
10-23-2021 13:32:58 Orchestrator INFO     Deploying on cluster: 7f291d67-4658-4316-b703-b4624fd7adc2
10-23-2021 13:33:01 ResourceWatchDog INFO     Fetching job finish times...
10-23-2021 13:33:02 ResourceWatchDog INFO     Fetching resource information of cluster...
10-23-2021 13:33:02 ResourceWatchDog INFO     {'ubuntu94025': Resource(node_name='ubuntu94025', cpu_allocatable=<Quantity(24, 'dimensionless')>, memory_allocatable=<Quantity(65626416, 'Ki')>, cpu_requested=<Quantity(2.72, 'dimensionless')>, memory_requested=<Quantity(3570766848, 'dimensionless')>, cpu_limit=<Quantity(22.4, 'dimensionless')>, memory_limit=<Quantity(15637779456, 'dimensionless')>, vram_free=[5957.4375, 1251.6875], vram_total=[11178.5, 24268.3125])}
10-23-2021 13:33:03 ClusterManager INFO     Still alive...
10-23-2021 13:33:07 StyleGANExperimentGenerator INFO     Creating task for StyleGANInferenceJob
15
10-23-2021 13:33:08 Orchestrator INFO     Scheduling arrival of Arrival: 33a95bfb-4839-4eb8-b204-d5f2b1a25b50
10-23-2021 13:33:08 Orchestrator INFO     Deploying on cluster: 33a95bfb-4839-4eb8-b204-d5f2b1a25b50
10-23-2021 13:33:12 ResourceWatchDog INFO     Fetching job finish times...
10-23-2021 13:33:12 ResourceWatchDog INFO     Fetching resource information of cluster...
10-23-2021 13:33:12 ResourceWatchDog INFO     {'ubuntu94025': Resource(node_name='ubuntu94025', cpu_allocatable=<Quantity(24, 'dimensionless')>, memory_allocatable=<Quantity(65626416, 'Ki')>, cpu_requested=<Quantity(2.72, 'dimensionless')>, memory_requested=<Quantity(3570766848, 'dimensionless')>, cpu_limit=<Quantity(22.4, 'dimensionless')>, memory_limit=<Quantity(15637779456, 'dimensionless')>, vram_free=[5957.4375, 8708.6875], vram_total=[11178.5, 24268.3125])}
10-23-2021 13:33:13 StyleGANExperimentGenerator INFO     Creating task for StyleGANInferenceJob
15
10-23-2021 13:33:13 ClusterManager INFO     Still alive...
10-23-2021 13:33:13 Orchestrator INFO     Scheduling arrival of Arrival: 6e51b091-96be-48c7-95c8-b273f22409ef
10-23-2021 13:33:13 Orchestrator INFO     Deploying on cluster: 6e51b091-96be-48c7-95c8-b273f22409ef
10-23-2021 13:33:22 ResourceWatchDog INFO     Fetching job finish times...
10-23-2021 13:33:22 ResourceWatchDog INFO     Fetching resource information of cluster...
10-23-2021 13:33:23 ResourceWatchDog INFO     {'ubuntu94025': Resource(node_name='ubuntu94025', cpu_allocatable=<Quantity(24, 'dimensionless')>, memory_allocatable=<Quantity(65626416, 'Ki')>, cpu_requested=<Quantity(2.72, 'dimensionless')>, memory_requested=<Quantity(3570766848, 'dimensionless')>, cpu_limit=<Quantity(22.4, 'dimensionless')>, memory_limit=<Quantity(15637779456, 'dimensionless')>, vram_free=[1251.4375, 9936.6875], vram_total=[11178.5, 24268.3125])}
10-23-2021 13:33:23 ClusterManager INFO     Still alive...
10-23-2021 13:33:27 StyleGANExperimentGenerator INFO     Creating task for StyleGANInferenceJob
15
10-23-2021 13:33:28 Orchestrator INFO     Scheduling arrival of Arrival: 136323b6-bcf2-4c93-8a57-d45204c07c09
10-23-2021 13:33:28 Orchestrator INFO     Deploying on cluster: 136323b6-bcf2-4c93-8a57-d45204c07c09
10-23-2021 13:33:33 ResourceWatchDog INFO     Fetching job finish times...
10-23-2021 13:33:33 ResourceWatchDog INFO     Fetching resource information of cluster...
10-23-2021 13:33:33 ResourceWatchDog INFO     {'ubuntu94025': Resource(node_name='ubuntu94025', cpu_allocatable=<Quantity(24, 'dimensionless')>, memory_allocatable=<Quantity(65626416, 'Ki')>, cpu_requested=<Quantity(2.72, 'dimensionless')>, memory_requested=<Quantity(3570766848, 'dimensionless')>, cpu_limit=<Quantity(22.4, 'dimensionless')>, memory_limit=<Quantity(15637779456, 'dimensionless')>, vram_free=[6071.4375, 23709.6875], vram_total=[11178.5, 24268.3125])}
10-23-2021 13:33:33 ClusterManager INFO     Still alive...
10-23-2021 13:33:36 ResourceWatchDog INFO     Fetching resource information of cluster...
10-23-2021 13:33:36 ResourceWatchDog INFO     {'ubuntu94025': Resource(node_name='ubuntu94025', cpu_allocatable=<Quantity(24, 'dimensionless')>, memory_allocatable=<Quantity(65626416, 'Ki')>, cpu_requested=<Quantity(2.72, 'dimensionless')>, memory_requested=<Quantity(3570766848, 'dimensionless')>, cpu_limit=<Quantity(22.4, 'dimensionless')>, memory_limit=<Quantity(15637779456, 'dimensionless')>, vram_free=[5043.4375, 13535.6875], vram_total=[11178.5, 24268.3125])}
10-23-2021 13:33:43 ClusterManager INFO     Still alive...
10-23-2021 13:33:43 ResourceWatchDog INFO     Fetching job finish times...
10-23-2021 13:33:43 ResourceWatchDog INFO     Fetching resource information of cluster...
10-23-2021 13:33:43 ResourceWatchDog INFO     {'ubuntu94025': Resource(node_name='ubuntu94025', cpu_allocatable=<Quantity(24, 'dimensionless')>, memory_allocatable=<Quantity(65626416, 'Ki')>, cpu_requested=<Quantity(2.72, 'dimensionless')>, memory_requested=<Quantity(3570766848, 'dimensionless')>, cpu_limit=<Quantity(22.4, 'dimensionless')>, memory_limit=<Quantity(15637779456, 'dimensionless')>, vram_free=[5043.4375, 20716.6875], vram_total=[11178.5, 24268.3125])}
10-23-2021 13:33:46 StyleGANExperimentGenerator INFO     Creating task for StyleGANInferenceJob
15
10-23-2021 13:33:48 Orchestrator INFO     Scheduling arrival of Arrival: 2462f158-4551-42f1-91ea-506f98b8437f
10-23-2021 13:33:48 Orchestrator INFO     Deploying on cluster: 2462f158-4551-42f1-91ea-506f98b8437f
10-23-2021 13:33:53 ClusterManager INFO     Still alive...
10-23-2021 13:33:53 ResourceWatchDog INFO     Fetching job finish times...
10-23-2021 13:33:54 ResourceWatchDog INFO     Fetching resource information of cluster...
10-23-2021 13:33:54 ResourceWatchDog INFO     {'ubuntu94025': Resource(node_name='ubuntu94025', cpu_allocatable=<Quantity(24, 'dimensionless')>, memory_allocatable=<Quantity(65626416, 'Ki')>, cpu_requested=<Quantity(2.72, 'dimensionless')>, memory_requested=<Quantity(3570766848, 'dimensionless')>, cpu_limit=<Quantity(22.4, 'dimensionless')>, memory_limit=<Quantity(15637779456, 'dimensionless')>, vram_free=[10509.4375, 15767.6875], vram_total=[11178.5, 24268.3125])}
10-23-2021 13:33:58 StyleGANExperimentGenerator INFO     Creating task for StyleGANInferenceJob
15
10-23-2021 13:33:58 Orchestrator INFO     Scheduling arrival of Arrival: ff957787-ff6e-449f-b62f-40d5772e66fe
10-23-2021 13:33:58 Orchestrator INFO     Deploying on cluster: ff957787-ff6e-449f-b62f-40d5772e66fe
10-23-2021 13:34:03 ClusterManager INFO     Still alive...
10-23-2021 13:34:04 ResourceWatchDog INFO     Fetching job finish times...
10-23-2021 13:34:04 ResourceWatchDog INFO     Fetching resource information of cluster...
10-23-2021 13:34:04 ResourceWatchDog INFO     {'ubuntu94025': Resource(node_name='ubuntu94025', cpu_allocatable=<Quantity(24, 'dimensionless')>, memory_allocatable=<Quantity(65626416, 'Ki')>, cpu_requested=<Quantity(2.72, 'dimensionless')>, memory_requested=<Quantity(3570766848, 'dimensionless')>, cpu_limit=<Quantity(22.4, 'dimensionless')>, memory_limit=<Quantity(15637779456, 'dimensionless')>, vram_free=[6455.4375, 22777.6875], vram_total=[11178.5, 24268.3125])}
10-23-2021 13:34:08 StyleGANExperimentGenerator INFO     Creating task for StyleGANInferenceJob
15
10-23-2021 13:34:08 Orchestrator INFO     Scheduling arrival of Arrival: 2c11e7e7-4b39-4cf4-a422-8d774e30ccd7
10-23-2021 13:34:08 Orchestrator INFO     Deploying on cluster: 2c11e7e7-4b39-4cf4-a422-8d774e30ccd7
10-23-2021 13:34:13 ClusterManager INFO     Still alive...
10-23-2021 13:34:14 ResourceWatchDog INFO     Fetching job finish times...
10-23-2021 13:34:14 ResourceWatchDog INFO     Fetching resource information of cluster...
10-23-2021 13:34:14 ResourceWatchDog INFO     {'ubuntu94025': Resource(node_name='ubuntu94025', cpu_allocatable=<Quantity(24, 'dimensionless')>, memory_allocatable=<Quantity(65626416, 'Ki')>, cpu_requested=<Quantity(2.72, 'dimensionless')>, memory_requested=<Quantity(3570766848, 'dimensionless')>, cpu_limit=<Quantity(22.4, 'dimensionless')>, memory_limit=<Quantity(15637779456, 'dimensionless')>, vram_free=[3258.4375, 22623.6875], vram_total=[11178.5, 24268.3125])}
10-23-2021 13:34:23 ClusterManager INFO     Still alive...
10-23-2021 13:34:25 ResourceWatchDog INFO     Fetching job finish times...
10-23-2021 13:34:25 ResourceWatchDog INFO     Fetching resource information of cluster...
10-23-2021 13:34:25 ResourceWatchDog INFO     {'ubuntu94025': Resource(node_name='ubuntu94025', cpu_allocatable=<Quantity(24, 'dimensionless')>, memory_allocatable=<Quantity(65626416, 'Ki')>, cpu_requested=<Quantity(2.72, 'dimensionless')>, memory_requested=<Quantity(3570766848, 'dimensionless')>, cpu_limit=<Quantity(22.4, 'dimensionless')>, memory_limit=<Quantity(15637779456, 'dimensionless')>, vram_free=[6929.4375, 24264.6875], vram_total=[11178.5, 24268.3125])}
10-23-2021 13:34:26 StyleGANExperimentGenerator INFO     Creating task for StyleGANInferenceJob
15
10-23-2021 13:34:28 Orchestrator INFO     Scheduling arrival of Arrival: 21fe4725-8735-4362-808e-8785b6b9707d
10-23-2021 13:34:28 Orchestrator INFO     Deploying on cluster: 21fe4725-8735-4362-808e-8785b6b9707d
10-23-2021 13:34:33 ClusterManager INFO     Still alive...
10-23-2021 13:34:35 ResourceWatchDog INFO     Fetching job finish times...
10-23-2021 13:34:35 ResourceWatchDog INFO     Fetching resource information of cluster...
10-23-2021 13:34:35 ResourceWatchDog INFO     {'ubuntu94025': Resource(node_name='ubuntu94025', cpu_allocatable=<Quantity(24, 'dimensionless')>, memory_allocatable=<Quantity(65626416, 'Ki')>, cpu_requested=<Quantity(2.72, 'dimensionless')>, memory_requested=<Quantity(3570766848, 'dimensionless')>, cpu_limit=<Quantity(22.4, 'dimensionless')>, memory_limit=<Quantity(15637779456, 'dimensionless')>, vram_free=[6120.4375, 24264.6875], vram_total=[11178.5, 24268.3125])}
10-23-2021 13:34:36 ResourceWatchDog INFO     Fetching resource information of cluster...
10-23-2021 13:34:36 ResourceWatchDog INFO     {'ubuntu94025': Resource(node_name='ubuntu94025', cpu_allocatable=<Quantity(24, 'dimensionless')>, memory_allocatable=<Quantity(65626416, 'Ki')>, cpu_requested=<Quantity(2.72, 'dimensionless')>, memory_requested=<Quantity(3570766848, 'dimensionless')>, cpu_limit=<Quantity(22.4, 'dimensionless')>, memory_limit=<Quantity(15637779456, 'dimensionless')>, vram_free=[5590.4375, 24264.6875], vram_total=[11178.5, 24268.3125])}
10-23-2021 13:34:43 StyleGANExperimentGenerator INFO     Creating task for StyleGANInferenceJob
15
10-23-2021 13:34:43 ClusterManager INFO     Still alive...
10-23-2021 13:34:43 Orchestrator INFO     Scheduling arrival of Arrival: 824038af-cf73-465b-9a6d-ea76f548bd4e
10-23-2021 13:34:43 Orchestrator INFO     Deploying on cluster: 824038af-cf73-465b-9a6d-ea76f548bd4e
10-23-2021 13:34:45 ResourceWatchDog INFO     Fetching job finish times...
10-23-2021 13:34:46 ResourceWatchDog INFO     Fetching resource information of cluster...
10-23-2021 13:34:46 ResourceWatchDog INFO     {'ubuntu94025': Resource(node_name='ubuntu94025', cpu_allocatable=<Quantity(24, 'dimensionless')>, memory_allocatable=<Quantity(65626416, 'Ki')>, cpu_requested=<Quantity(2.72, 'dimensionless')>, memory_requested=<Quantity(3570766848, 'dimensionless')>, cpu_limit=<Quantity(22.4, 'dimensionless')>, memory_limit=<Quantity(15637779456, 'dimensionless')>, vram_free=[1468.4375, 24264.6875], vram_total=[11178.5, 24268.3125])}
10-23-2021 13:34:53 ClusterManager INFO     Still alive...
10-23-2021 13:34:56 ResourceWatchDog INFO     Fetching job finish times...
10-23-2021 13:34:56 ResourceWatchDog INFO     Fetching resource information of cluster...
10-23-2021 13:34:56 ResourceWatchDog INFO     {'ubuntu94025': Resource(node_name='ubuntu94025', cpu_allocatable=<Quantity(24, 'dimensionless')>, memory_allocatable=<Quantity(65626416, 'Ki')>, cpu_requested=<Quantity(2.72, 'dimensionless')>, memory_requested=<Quantity(3570766848, 'dimensionless')>, cpu_limit=<Quantity(22.4, 'dimensionless')>, memory_limit=<Quantity(15637779456, 'dimensionless')>, vram_free=[11174.4375, 19469.6875], vram_total=[11178.5, 24268.3125])}
10-23-2021 13:35:01 StyleGANExperimentGenerator INFO     Creating task for StyleGANInferenceJob
15
10-23-2021 13:35:03 ClusterManager INFO     Still alive...
10-23-2021 13:35:03 Orchestrator INFO     Scheduling arrival of Arrival: ee18446f-357c-48de-8dde-9c9414c72b5e
10-23-2021 13:35:03 Orchestrator INFO     Deploying on cluster: ee18446f-357c-48de-8dde-9c9414c72b5e
10-23-2021 13:35:06 ResourceWatchDog INFO     Fetching job finish times...
10-23-2021 13:35:06 ResourceWatchDog INFO     Fetching resource information of cluster...
10-23-2021 13:35:07 ResourceWatchDog INFO     {'ubuntu94025': Resource(node_name='ubuntu94025', cpu_allocatable=<Quantity(24, 'dimensionless')>, memory_allocatable=<Quantity(65626416, 'Ki')>, cpu_requested=<Quantity(2.72, 'dimensionless')>, memory_requested=<Quantity(3570766848, 'dimensionless')>, cpu_limit=<Quantity(22.4, 'dimensionless')>, memory_limit=<Quantity(15637779456, 'dimensionless')>, vram_free=[11174.4375, 24264.6875], vram_total=[11178.5, 24268.3125])}
10-23-2021 13:35:13 ClusterManager INFO     Still alive...
10-23-2021 13:35:14 StyleGANExperimentGenerator INFO     Creating task for StyleGANInferenceJob
15
10-23-2021 13:35:17 ResourceWatchDog INFO     Fetching job finish times...
10-23-2021 13:35:17 ResourceWatchDog INFO     Fetching resource information of cluster...
10-23-2021 13:35:17 ResourceWatchDog INFO     {'ubuntu94025': Resource(node_name='ubuntu94025', cpu_allocatable=<Quantity(24, 'dimensionless')>, memory_allocatable=<Quantity(65626416, 'Ki')>, cpu_requested=<Quantity(2.72, 'dimensionless')>, memory_requested=<Quantity(3570766848, 'dimensionless')>, cpu_limit=<Quantity(22.4, 'dimensionless')>, memory_limit=<Quantity(15637779456, 'dimensionless')>, vram_free=[5961.4375, 24264.6875], vram_total=[11178.5, 24268.3125])}
10-23-2021 13:35:18 Orchestrator INFO     Scheduling arrival of Arrival: 3a78e5ea-365c-44ff-ae38-a7849a222c7b
10-23-2021 13:35:18 Orchestrator INFO     Deploying on cluster: 3a78e5ea-365c-44ff-ae38-a7849a222c7b
10-23-2021 13:35:23 ClusterManager INFO     Still alive...
10-23-2021 13:35:27 ResourceWatchDog INFO     Fetching job finish times...
10-23-2021 13:35:27 ResourceWatchDog INFO     Fetching resource information of cluster...
10-23-2021 13:35:27 ResourceWatchDog INFO     {'ubuntu94025': Resource(node_name='ubuntu94025', cpu_allocatable=<Quantity(24, 'dimensionless')>, memory_allocatable=<Quantity(65626416, 'Ki')>, cpu_requested=<Quantity(2.72, 'dimensionless')>, memory_requested=<Quantity(3570766848, 'dimensionless')>, cpu_limit=<Quantity(22.4, 'dimensionless')>, memory_limit=<Quantity(15637779456, 'dimensionless')>, vram_free=[3876.4375, 24264.6875], vram_total=[11178.5, 24268.3125])}
10-23-2021 13:35:33 ClusterManager INFO     Still alive...
10-23-2021 13:35:34 StyleGANExperimentGenerator INFO     Creating task for StyleGANInferenceJob
15
10-23-2021 13:35:37 ResourceWatchDog INFO     Fetching resource information of cluster...
10-23-2021 13:35:37 ResourceWatchDog INFO     {'ubuntu94025': Resource(node_name='ubuntu94025', cpu_allocatable=<Quantity(24, 'dimensionless')>, memory_allocatable=<Quantity(65626416, 'Ki')>, cpu_requested=<Quantity(2.72, 'dimensionless')>, memory_requested=<Quantity(3570766848, 'dimensionless')>, cpu_limit=<Quantity(22.4, 'dimensionless')>, memory_limit=<Quantity(15637779456, 'dimensionless')>, vram_free=[434.4375, 24264.6875], vram_total=[11178.5, 24268.3125])}
10-23-2021 13:35:37 ResourceWatchDog INFO     Fetching job finish times...
10-23-2021 13:35:38 ResourceWatchDog INFO     Fetching resource information of cluster...
10-23-2021 13:35:38 ResourceWatchDog INFO     {'ubuntu94025': Resource(node_name='ubuntu94025', cpu_allocatable=<Quantity(24, 'dimensionless')>, memory_allocatable=<Quantity(65626416, 'Ki')>, cpu_requested=<Quantity(2.72, 'dimensionless')>, memory_requested=<Quantity(3570766848, 'dimensionless')>, cpu_limit=<Quantity(22.4, 'dimensionless')>, memory_limit=<Quantity(15637779456, 'dimensionless')>, vram_free=[434.4375, 24264.6875], vram_total=[11178.5, 24268.3125])}
10-23-2021 13:35:38 Orchestrator INFO     Scheduling arrival of Arrival: 5ab5d43b-4628-4556-a738-61a128f2740d
10-23-2021 13:35:38 Orchestrator INFO     Deploying on cluster: 5ab5d43b-4628-4556-a738-61a128f2740d
10-23-2021 13:35:43 ClusterManager INFO     Still alive...
10-23-2021 13:35:47 StyleGANExperimentGenerator INFO     Creating task for StyleGANInferenceJob
15
10-23-2021 13:35:48 ResourceWatchDog INFO     Fetching job finish times...
10-23-2021 13:35:48 ResourceWatchDog INFO     Fetching resource information of cluster...
10-23-2021 13:35:48 ResourceWatchDog INFO     {'ubuntu94025': Resource(node_name='ubuntu94025', cpu_allocatable=<Quantity(24, 'dimensionless')>, memory_allocatable=<Quantity(65626416, 'Ki')>, cpu_requested=<Quantity(2.72, 'dimensionless')>, memory_requested=<Quantity(3570766848, 'dimensionless')>, cpu_limit=<Quantity(22.4, 'dimensionless')>, memory_limit=<Quantity(15637779456, 'dimensionless')>, vram_free=[5957.4375, 17783.6875], vram_total=[11178.5, 24268.3125])}
10-23-2021 13:35:48 Orchestrator INFO     Scheduling arrival of Arrival: eccf288a-2e6d-43a2-b622-a079dbbb8e2c
10-23-2021 13:35:48 Orchestrator INFO     Deploying on cluster: eccf288a-2e6d-43a2-b622-a079dbbb8e2c
10-23-2021 13:35:53 ClusterManager INFO     Still alive...
10-23-2021 13:35:58 ResourceWatchDog INFO     Fetching job finish times...
10-23-2021 13:35:58 ResourceWatchDog INFO     Fetching resource information of cluster...
10-23-2021 13:35:59 ResourceWatchDog INFO     {'ubuntu94025': Resource(node_name='ubuntu94025', cpu_allocatable=<Quantity(24, 'dimensionless')>, memory_allocatable=<Quantity(65626416, 'Ki')>, cpu_requested=<Quantity(2.72, 'dimensionless')>, memory_requested=<Quantity(3570766848, 'dimensionless')>, cpu_limit=<Quantity(22.4, 'dimensionless')>, memory_limit=<Quantity(15637779456, 'dimensionless')>, vram_free=[11174.4375, 4569.6875], vram_total=[11178.5, 24268.3125])}
10-23-2021 13:36:00 StyleGANExperimentGenerator INFO     Creating task for StyleGANInferenceJob
15
10-23-2021 13:36:03 ClusterManager INFO     Still alive...
10-23-2021 13:36:03 Orchestrator INFO     Scheduling arrival of Arrival: 96c8f3c8-3567-4c4a-ba55-f90b894e1a48
10-23-2021 13:36:03 Orchestrator INFO     Deploying on cluster: 96c8f3c8-3567-4c4a-ba55-f90b894e1a48
10-23-2021 13:36:09 ResourceWatchDog INFO     Fetching job finish times...
10-23-2021 13:36:09 ResourceWatchDog INFO     Fetching resource information of cluster...
10-23-2021 13:36:09 ResourceWatchDog INFO     {'ubuntu94025': Resource(node_name='ubuntu94025', cpu_allocatable=<Quantity(24, 'dimensionless')>, memory_allocatable=<Quantity(65626416, 'Ki')>, cpu_requested=<Quantity(2.72, 'dimensionless')>, memory_requested=<Quantity(3570766848, 'dimensionless')>, cpu_limit=<Quantity(22.4, 'dimensionless')>, memory_limit=<Quantity(15637779456, 'dimensionless')>, vram_free=[10443.4375, 24264.6875], vram_total=[11178.5, 24268.3125])}
10-23-2021 13:36:13 ClusterManager INFO     Still alive...
15
10-23-2021 13:36:18 StyleGANExperimentGenerator INFO     Creating task for StyleGANInferenceJob
10-23-2021 13:36:18 Orchestrator INFO     Scheduling arrival of Arrival: b06b481c-80fb-45fd-bb14-580d0110dcf1
10-23-2021 13:36:18 Orchestrator INFO     Deploying on cluster: b06b481c-80fb-45fd-bb14-580d0110dcf1
10-23-2021 13:36:19 ResourceWatchDog INFO     Fetching job finish times...
10-23-2021 13:36:19 ResourceWatchDog INFO     Fetching resource information of cluster...
10-23-2021 13:36:19 ResourceWatchDog INFO     {'ubuntu94025': Resource(node_name='ubuntu94025', cpu_allocatable=<Quantity(24, 'dimensionless')>, memory_allocatable=<Quantity(65626416, 'Ki')>, cpu_requested=<Quantity(2.72, 'dimensionless')>, memory_requested=<Quantity(3570766848, 'dimensionless')>, cpu_limit=<Quantity(22.4, 'dimensionless')>, memory_limit=<Quantity(15637779456, 'dimensionless')>, vram_free=[8141.4375, 23571.6875], vram_total=[11178.5, 24268.3125])}
10-23-2021 13:36:23 ClusterManager INFO     Still alive...
10-23-2021 13:36:29 ResourceWatchDog INFO     Fetching job finish times...
10-23-2021 13:36:30 ResourceWatchDog INFO     Fetching resource information of cluster...
10-23-2021 13:36:30 ResourceWatchDog INFO     {'ubuntu94025': Resource(node_name='ubuntu94025', cpu_allocatable=<Quantity(24, 'dimensionless')>, memory_allocatable=<Quantity(65626416, 'Ki')>, cpu_requested=<Quantity(2.72, 'dimensionless')>, memory_requested=<Quantity(3570766848, 'dimensionless')>, cpu_limit=<Quantity(22.4, 'dimensionless')>, memory_limit=<Quantity(15637779456, 'dimensionless')>, vram_free=[11174.4375, 24264.6875], vram_total=[11178.5, 24268.3125])}
10-23-2021 13:36:33 ClusterManager INFO     Still alive...
10-23-2021 13:36:38 ResourceWatchDog INFO     Fetching resource information of cluster...
10-23-2021 13:36:38 ResourceWatchDog INFO     {'ubuntu94025': Resource(node_name='ubuntu94025', cpu_allocatable=<Quantity(24, 'dimensionless')>, memory_allocatable=<Quantity(65626416, 'Ki')>, cpu_requested=<Quantity(2.72, 'dimensionless')>, memory_requested=<Quantity(3570766848, 'dimensionless')>, cpu_limit=<Quantity(22.4, 'dimensionless')>, memory_limit=<Quantity(15637779456, 'dimensionless')>, vram_free=[11174.4375, 24264.6875], vram_total=[11178.5, 24268.3125])}
10-23-2021 13:36:39 StyleGANExperimentGenerator INFO     Creating task for StyleGANInferenceJob
15
10-23-2021 13:36:40 ResourceWatchDog INFO     Fetching job finish times...
10-23-2021 13:36:40 ResourceWatchDog INFO     Fetching resource information of cluster...
10-23-2021 13:36:40 ResourceWatchDog INFO     {'ubuntu94025': Resource(node_name='ubuntu94025', cpu_allocatable=<Quantity(24, 'dimensionless')>, memory_allocatable=<Quantity(65626416, 'Ki')>, cpu_requested=<Quantity(2.72, 'dimensionless')>, memory_requested=<Quantity(3570766848, 'dimensionless')>, cpu_limit=<Quantity(22.4, 'dimensionless')>, memory_limit=<Quantity(15637779456, 'dimensionless')>, vram_free=[11174.4375, 24264.6875], vram_total=[11178.5, 24268.3125])}
10-23-2021 13:36:43 ClusterManager INFO     Still alive...
10-23-2021 13:36:43 Orchestrator INFO     Scheduling arrival of Arrival: 8315a622-a92c-4431-88dc-3c90b8c4b6c1
10-23-2021 13:36:43 Orchestrator INFO     Deploying on cluster: 8315a622-a92c-4431-88dc-3c90b8c4b6c1
10-23-2021 13:36:49 StyleGANExperimentGenerator INFO     Creating task for StyleGANInferenceJob
15
10-23-2021 13:36:50 ResourceWatchDog INFO     Fetching job finish times...
10-23-2021 13:36:50 ResourceWatchDog INFO     Fetching resource information of cluster...
10-23-2021 13:36:51 ResourceWatchDog INFO     {'ubuntu94025': Resource(node_name='ubuntu94025', cpu_allocatable=<Quantity(24, 'dimensionless')>, memory_allocatable=<Quantity(65626416, 'Ki')>, cpu_requested=<Quantity(2.72, 'dimensionless')>, memory_requested=<Quantity(3570766848, 'dimensionless')>, cpu_limit=<Quantity(22.4, 'dimensionless')>, memory_limit=<Quantity(15637779456, 'dimensionless')>, vram_free=[11174.4375, 22629.6875], vram_total=[11178.5, 24268.3125])}
10-23-2021 13:36:53 ClusterManager INFO     Still alive...
10-23-2021 13:36:53 Orchestrator INFO     Scheduling arrival of Arrival: dda38a88-cfd0-4e40-bc92-1c13fc44abeb
10-23-2021 13:36:53 Orchestrator INFO     Deploying on cluster: dda38a88-cfd0-4e40-bc92-1c13fc44abeb
10-23-2021 13:37:01 ResourceWatchDog INFO     Fetching job finish times...
10-23-2021 13:37:01 ResourceWatchDog INFO     Fetching resource information of cluster...
10-23-2021 13:37:01 ResourceWatchDog INFO     {'ubuntu94025': Resource(node_name='ubuntu94025', cpu_allocatable=<Quantity(24, 'dimensionless')>, memory_allocatable=<Quantity(65626416, 'Ki')>, cpu_requested=<Quantity(2.72, 'dimensionless')>, memory_requested=<Quantity(3570766848, 'dimensionless')>, cpu_limit=<Quantity(22.4, 'dimensionless')>, memory_limit=<Quantity(15637779456, 'dimensionless')>, vram_free=[11174.4375, 3370.6875], vram_total=[11178.5, 24268.3125])}
10-23-2021 13:37:03 ClusterManager INFO     Still alive...
10-23-2021 13:37:07 StyleGANExperimentGenerator INFO     Creating task for StyleGANInferenceJob
15
10-23-2021 13:37:08 Orchestrator INFO     Scheduling arrival of Arrival: 8f91896d-72de-460c-a00f-6a75acc80455
10-23-2021 13:37:08 Orchestrator INFO     Deploying on cluster: 8f91896d-72de-460c-a00f-6a75acc80455
10-23-2021 13:37:11 ResourceWatchDog INFO     Fetching job finish times...
10-23-2021 13:37:11 ResourceWatchDog INFO     Fetching resource information of cluster...
10-23-2021 13:37:11 ResourceWatchDog INFO     {'ubuntu94025': Resource(node_name='ubuntu94025', cpu_allocatable=<Quantity(24, 'dimensionless')>, memory_allocatable=<Quantity(65626416, 'Ki')>, cpu_requested=<Quantity(2.72, 'dimensionless')>, memory_requested=<Quantity(3570766848, 'dimensionless')>, cpu_limit=<Quantity(22.4, 'dimensionless')>, memory_limit=<Quantity(15637779456, 'dimensionless')>, vram_free=[11174.4375, 3349.6875], vram_total=[11178.5, 24268.3125])}
10-23-2021 13:37:13 ClusterManager INFO     Still alive...
10-23-2021 13:37:21 ResourceWatchDog INFO     Fetching job finish times...
10-23-2021 13:37:22 ResourceWatchDog INFO     Fetching resource information of cluster...
10-23-2021 13:37:22 ResourceWatchDog INFO     {'ubuntu94025': Resource(node_name='ubuntu94025', cpu_allocatable=<Quantity(24, 'dimensionless')>, memory_allocatable=<Quantity(65626416, 'Ki')>, cpu_requested=<Quantity(2.72, 'dimensionless')>, memory_requested=<Quantity(3570766848, 'dimensionless')>, cpu_limit=<Quantity(22.4, 'dimensionless')>, memory_limit=<Quantity(15637779456, 'dimensionless')>, vram_free=[6455.4375, 3349.6875], vram_total=[11178.5, 24268.3125])}
10-23-2021 13:37:23 ClusterManager INFO     Still alive...
10-23-2021 13:37:25 StyleGANExperimentGenerator INFO     Creating task for StyleGANInferenceJob
15
10-23-2021 13:37:28 Orchestrator INFO     Scheduling arrival of Arrival: 7f25054f-6580-4c3a-81ba-78e197d739ee
10-23-2021 13:37:28 Orchestrator INFO     Deploying on cluster: 7f25054f-6580-4c3a-81ba-78e197d739ee
10-23-2021 13:37:32 ResourceWatchDog INFO     Fetching job finish times...
10-23-2021 13:37:32 ResourceWatchDog INFO     Fetching resource information of cluster...
10-23-2021 13:37:32 ResourceWatchDog INFO     {'ubuntu94025': Resource(node_name='ubuntu94025', cpu_allocatable=<Quantity(24, 'dimensionless')>, memory_allocatable=<Quantity(65626416, 'Ki')>, cpu_requested=<Quantity(2.72, 'dimensionless')>, memory_requested=<Quantity(3570766848, 'dimensionless')>, cpu_limit=<Quantity(22.4, 'dimensionless')>, memory_limit=<Quantity(15637779456, 'dimensionless')>, vram_free=[6455.4375, 2760.6875], vram_total=[11178.5, 24268.3125])}
10-23-2021 13:37:33 ClusterManager INFO     Still alive...
10-23-2021 13:37:38 ResourceWatchDog INFO     Fetching resource information of cluster...
10-23-2021 13:37:38 ResourceWatchDog INFO     {'ubuntu94025': Resource(node_name='ubuntu94025', cpu_allocatable=<Quantity(24, 'dimensionless')>, memory_allocatable=<Quantity(65626416, 'Ki')>, cpu_requested=<Quantity(2.72, 'dimensionless')>, memory_requested=<Quantity(3570766848, 'dimensionless')>, cpu_limit=<Quantity(22.4, 'dimensionless')>, memory_limit=<Quantity(15637779456, 'dimensionless')>, vram_free=[11174.4375, 1178.6875], vram_total=[11178.5, 24268.3125])}
10-23-2021 13:37:40 StyleGANExperimentGenerator INFO     Creating task for StyleGANInferenceJob
15
10-23-2021 13:37:42 ResourceWatchDog INFO     Fetching job finish times...
10-23-2021 13:37:42 ResourceWatchDog INFO     Fetching resource information of cluster...
10-23-2021 13:37:43 ResourceWatchDog INFO     {'ubuntu94025': Resource(node_name='ubuntu94025', cpu_allocatable=<Quantity(24, 'dimensionless')>, memory_allocatable=<Quantity(65626416, 'Ki')>, cpu_requested=<Quantity(2.72, 'dimensionless')>, memory_requested=<Quantity(3570766848, 'dimensionless')>, cpu_limit=<Quantity(22.4, 'dimensionless')>, memory_limit=<Quantity(15637779456, 'dimensionless')>, vram_free=[11174.4375, 3349.6875], vram_total=[11178.5, 24268.3125])}
10-23-2021 13:37:43 ClusterManager INFO     Still alive...
10-23-2021 13:37:44 Orchestrator INFO     Scheduling arrival of Arrival: 7dd08d16-ac16-447a-b0ba-f7cbe31ea09b
10-23-2021 13:37:44 Orchestrator INFO     Deploying on cluster: 7dd08d16-ac16-447a-b0ba-f7cbe31ea09b
10-23-2021 13:37:53 ResourceWatchDog INFO     Fetching job finish times...
10-23-2021 13:37:53 ResourceWatchDog INFO     Fetching resource information of cluster...
10-23-2021 13:37:53 StyleGANExperimentGenerator INFO     Creating task for StyleGANInferenceJob
15
10-23-2021 13:37:53 ResourceWatchDog INFO     {'ubuntu94025': Resource(node_name='ubuntu94025', cpu_allocatable=<Quantity(24, 'dimensionless')>, memory_allocatable=<Quantity(65626416, 'Ki')>, cpu_requested=<Quantity(2.72, 'dimensionless')>, memory_requested=<Quantity(3570766848, 'dimensionless')>, cpu_limit=<Quantity(22.4, 'dimensionless')>, memory_limit=<Quantity(15637779456, 'dimensionless')>, vram_free=[8081.4375, 3349.6875], vram_total=[11178.5, 24268.3125])}
10-23-2021 13:37:53 ClusterManager INFO     Still alive...
10-23-2021 13:37:54 Orchestrator INFO     Scheduling arrival of Arrival: 9cb94cfd-2cd5-4b34-8952-8aae4158ae57
10-23-2021 13:37:54 Orchestrator INFO     Deploying on cluster: 9cb94cfd-2cd5-4b34-8952-8aae4158ae57
10-23-2021 13:38:03 ResourceWatchDog INFO     Fetching job finish times...
10-23-2021 13:38:03 ClusterManager INFO     Still alive...
10-23-2021 13:38:03 ResourceWatchDog INFO     Fetching resource information of cluster...
10-23-2021 13:38:03 ResourceWatchDog INFO     {'ubuntu94025': Resource(node_name='ubuntu94025', cpu_allocatable=<Quantity(24, 'dimensionless')>, memory_allocatable=<Quantity(65626416, 'Ki')>, cpu_requested=<Quantity(2.72, 'dimensionless')>, memory_requested=<Quantity(3570766848, 'dimensionless')>, cpu_limit=<Quantity(22.4, 'dimensionless')>, memory_limit=<Quantity(15637779456, 'dimensionless')>, vram_free=[11174.4375, 24264.6875], vram_total=[11178.5, 24268.3125])}
10-23-2021 13:38:13 ClusterManager INFO     Still alive...
10-23-2021 13:38:13 ResourceWatchDog INFO     Fetching job finish times...
10-23-2021 13:38:14 ResourceWatchDog INFO     Fetching resource information of cluster...
10-23-2021 13:38:14 ResourceWatchDog INFO     {'ubuntu94025': Resource(node_name='ubuntu94025', cpu_allocatable=<Quantity(24, 'dimensionless')>, memory_allocatable=<Quantity(65626416, 'Ki')>, cpu_requested=<Quantity(2.72, 'dimensionless')>, memory_requested=<Quantity(3570766848, 'dimensionless')>, cpu_limit=<Quantity(22.4, 'dimensionless')>, memory_limit=<Quantity(15637779456, 'dimensionless')>, vram_free=[11174.4375, 3353.6875], vram_total=[11178.5, 24268.3125])}
10-23-2021 13:38:14 StyleGANExperimentGenerator INFO     Creating task for StyleGANInferenceJob
15
10-23-2021 13:38:19 Orchestrator INFO     Scheduling arrival of Arrival: 3eb90647-c3f7-4b54-bb4f-ec3c3ee131fd
10-23-2021 13:38:19 Orchestrator INFO     Deploying on cluster: 3eb90647-c3f7-4b54-bb4f-ec3c3ee131fd
10-23-2021 13:38:23 ClusterManager INFO     Still alive...
10-23-2021 13:38:24 ResourceWatchDog INFO     Fetching job finish times...
10-23-2021 13:38:24 ResourceWatchDog INFO     Fetching resource information of cluster...
10-23-2021 13:38:24 ResourceWatchDog INFO     {'ubuntu94025': Resource(node_name='ubuntu94025', cpu_allocatable=<Quantity(24, 'dimensionless')>, memory_allocatable=<Quantity(65626416, 'Ki')>, cpu_requested=<Quantity(2.72, 'dimensionless')>, memory_requested=<Quantity(3570766848, 'dimensionless')>, cpu_limit=<Quantity(22.4, 'dimensionless')>, memory_limit=<Quantity(15637779456, 'dimensionless')>, vram_free=[10463.4375, 3349.6875], vram_total=[11178.5, 24268.3125])}
10-23-2021 13:38:28 StyleGANExperimentGenerator INFO     Creating task for StyleGANInferenceJob
15
10-23-2021 13:38:29 Orchestrator INFO     Scheduling arrival of Arrival: e7cf3288-1f29-46fe-a6ae-9be7480e10f5
10-23-2021 13:38:29 Orchestrator INFO     Deploying on cluster: e7cf3288-1f29-46fe-a6ae-9be7480e10f5
10-23-2021 13:38:33 StyleGANExperimentGenerator INFO     Stopped execution at: 1634996313.5099635, duration: 600.414803981781/600
10-23-2021 13:38:33 ClusterManager INFO     Still alive...
10-23-2021 13:38:34 Orchestrator INFO     Received stop signal for the Orchestrator. Waiting 2 minutes for jobs to finish
10-23-2021 13:38:34 ResourceWatchDog INFO     Fetching job finish times...
10-23-2021 13:38:35 ResourceWatchDog INFO     Fetching resource information of cluster...
10-23-2021 13:38:35 ResourceWatchDog INFO     {'ubuntu94025': Resource(node_name='ubuntu94025', cpu_allocatable=<Quantity(24, 'dimensionless')>, memory_allocatable=<Quantity(65626416, 'Ki')>, cpu_requested=<Quantity(2.72, 'dimensionless')>, memory_requested=<Quantity(3570766848, 'dimensionless')>, cpu_limit=<Quantity(22.4, 'dimensionless')>, memory_limit=<Quantity(15637779456, 'dimensionless')>, vram_free=[2860.4375, 3349.6875], vram_total=[11178.5, 24268.3125])}
10-23-2021 13:38:39 ResourceWatchDog INFO     Fetching resource information of cluster...
10-23-2021 13:38:39 ResourceWatchDog INFO     {'ubuntu94025': Resource(node_name='ubuntu94025', cpu_allocatable=<Quantity(24, 'dimensionless')>, memory_allocatable=<Quantity(65626416, 'Ki')>, cpu_requested=<Quantity(2.72, 'dimensionless')>, memory_requested=<Quantity(3570766848, 'dimensionless')>, cpu_limit=<Quantity(22.4, 'dimensionless')>, memory_limit=<Quantity(15637779456, 'dimensionless')>, vram_free=[3640.4375, 2760.6875], vram_total=[11178.5, 24268.3125])}
10-23-2021 13:38:43 ClusterManager INFO     Still alive...
10-23-2021 13:38:45 ResourceWatchDog INFO     Fetching job finish times...
10-23-2021 13:38:45 ResourceWatchDog INFO     Fetching resource information of cluster...
10-23-2021 13:38:45 ResourceWatchDog INFO     {'ubuntu94025': Resource(node_name='ubuntu94025', cpu_allocatable=<Quantity(24, 'dimensionless')>, memory_allocatable=<Quantity(65626416, 'Ki')>, cpu_requested=<Quantity(2.72, 'dimensionless')>, memory_requested=<Quantity(3570766848, 'dimensionless')>, cpu_limit=<Quantity(22.4, 'dimensionless')>, memory_limit=<Quantity(15637779456, 'dimensionless')>, vram_free=[8083.4375, 2206.6875], vram_total=[11178.5, 24268.3125])}
10-23-2021 13:38:53 ClusterManager INFO     Still alive...
10-23-2021 13:38:55 ResourceWatchDog INFO     Fetching job finish times...
10-23-2021 13:38:56 ResourceWatchDog INFO     Fetching resource information of cluster...
10-23-2021 13:38:56 ResourceWatchDog INFO     {'ubuntu94025': Resource(node_name='ubuntu94025', cpu_allocatable=<Quantity(24, 'dimensionless')>, memory_allocatable=<Quantity(65626416, 'Ki')>, cpu_requested=<Quantity(2.72, 'dimensionless')>, memory_requested=<Quantity(3570766848, 'dimensionless')>, cpu_limit=<Quantity(22.4, 'dimensionless')>, memory_limit=<Quantity(15637779456, 'dimensionless')>, vram_free=[11174.4375, 3349.6875], vram_total=[11178.5, 24268.3125])}
10-23-2021 13:39:03 ClusterManager INFO     Still alive...
10-23-2021 13:39:06 ResourceWatchDog INFO     Fetching job finish times...
10-23-2021 13:39:06 ResourceWatchDog INFO     Fetching resource information of cluster...
10-23-2021 13:39:06 ResourceWatchDog INFO     {'ubuntu94025': Resource(node_name='ubuntu94025', cpu_allocatable=<Quantity(24, 'dimensionless')>, memory_allocatable=<Quantity(65626416, 'Ki')>, cpu_requested=<Quantity(2.72, 'dimensionless')>, memory_requested=<Quantity(3570766848, 'dimensionless')>, cpu_limit=<Quantity(22.4, 'dimensionless')>, memory_limit=<Quantity(15637779456, 'dimensionless')>, vram_free=[11174.4375, 24264.6875], vram_total=[11178.5, 24268.3125])}
10-23-2021 13:39:13 ClusterManager INFO     Still alive...
10-23-2021 13:39:16 ResourceWatchDog INFO     Fetching job finish times...
10-23-2021 13:39:16 ResourceWatchDog INFO     Fetching resource information of cluster...
10-23-2021 13:39:16 ResourceWatchDog INFO     {'ubuntu94025': Resource(node_name='ubuntu94025', cpu_allocatable=<Quantity(24, 'dimensionless')>, memory_allocatable=<Quantity(65626416, 'Ki')>, cpu_requested=<Quantity(2.72, 'dimensionless')>, memory_requested=<Quantity(3570766848, 'dimensionless')>, cpu_limit=<Quantity(22.4, 'dimensionless')>, memory_limit=<Quantity(15637779456, 'dimensionless')>, vram_free=[11174.4375, 24264.6875], vram_total=[11178.5, 24268.3125])}
10-23-2021 13:39:23 ClusterManager INFO     Still alive...
10-23-2021 13:39:26 ResourceWatchDog INFO     Fetching job finish times...
10-23-2021 13:39:27 ResourceWatchDog INFO     Fetching resource information of cluster...
10-23-2021 13:39:27 ResourceWatchDog INFO     {'ubuntu94025': Resource(node_name='ubuntu94025', cpu_allocatable=<Quantity(24, 'dimensionless')>, memory_allocatable=<Quantity(65626416, 'Ki')>, cpu_requested=<Quantity(2.72, 'dimensionless')>, memory_requested=<Quantity(3570766848, 'dimensionless')>, cpu_limit=<Quantity(22.4, 'dimensionless')>, memory_limit=<Quantity(15637779456, 'dimensionless')>, vram_free=[11174.4375, 24264.6875], vram_total=[11178.5, 24268.3125])}
10-23-2021 13:39:33 ClusterManager INFO     Still alive...
10-23-2021 13:39:37 ResourceWatchDog INFO     Fetching job finish times...
10-23-2021 13:39:37 ResourceWatchDog INFO     Fetching resource information of cluster...
10-23-2021 13:39:37 ResourceWatchDog INFO     {'ubuntu94025': Resource(node_name='ubuntu94025', cpu_allocatable=<Quantity(24, 'dimensionless')>, memory_allocatable=<Quantity(65626416, 'Ki')>, cpu_requested=<Quantity(2.72, 'dimensionless')>, memory_requested=<Quantity(3570766848, 'dimensionless')>, cpu_limit=<Quantity(22.4, 'dimensionless')>, memory_limit=<Quantity(15637779456, 'dimensionless')>, vram_free=[11174.4375, 24264.6875], vram_total=[11178.5, 24268.3125])}
10-23-2021 13:39:39 ResourceWatchDog INFO     Fetching resource information of cluster...
10-23-2021 13:39:39 ResourceWatchDog INFO     {'ubuntu94025': Resource(node_name='ubuntu94025', cpu_allocatable=<Quantity(24, 'dimensionless')>, memory_allocatable=<Quantity(65626416, 'Ki')>, cpu_requested=<Quantity(2.72, 'dimensionless')>, memory_requested=<Quantity(3570766848, 'dimensionless')>, cpu_limit=<Quantity(22.4, 'dimensionless')>, memory_limit=<Quantity(15637779456, 'dimensionless')>, vram_free=[11174.4375, 24264.6875], vram_total=[11178.5, 24268.3125])}
10-23-2021 13:39:43 ClusterManager INFO     Still alive...
10-23-2021 13:39:47 ResourceWatchDog INFO     Fetching job finish times...
10-23-2021 13:39:48 ResourceWatchDog INFO     Fetching resource information of cluster...
10-23-2021 13:39:48 ResourceWatchDog INFO     {'ubuntu94025': Resource(node_name='ubuntu94025', cpu_allocatable=<Quantity(24, 'dimensionless')>, memory_allocatable=<Quantity(65626416, 'Ki')>, cpu_requested=<Quantity(2.72, 'dimensionless')>, memory_requested=<Quantity(3570766848, 'dimensionless')>, cpu_limit=<Quantity(22.4, 'dimensionless')>, memory_limit=<Quantity(15637779456, 'dimensionless')>, vram_free=[11174.4375, 24264.6875], vram_total=[11178.5, 24268.3125])}
10-23-2021 13:39:53 ClusterManager INFO     Still alive...
10-23-2021 13:39:58 ResourceWatchDog INFO     Fetching job finish times...
10-23-2021 13:39:58 ResourceWatchDog INFO     Fetching resource information of cluster...
10-23-2021 13:39:58 ResourceWatchDog INFO     {'ubuntu94025': Resource(node_name='ubuntu94025', cpu_allocatable=<Quantity(24, 'dimensionless')>, memory_allocatable=<Quantity(65626416, 'Ki')>, cpu_requested=<Quantity(2.72, 'dimensionless')>, memory_requested=<Quantity(3570766848, 'dimensionless')>, cpu_limit=<Quantity(22.4, 'dimensionless')>, memory_limit=<Quantity(15637779456, 'dimensionless')>, vram_free=[11174.4375, 24264.6875], vram_total=[11178.5, 24268.3125])}
10-23-2021 13:40:03 ClusterManager INFO     Still alive...
10-23-2021 13:40:08 ResourceWatchDog INFO     Fetching job finish times...
10-23-2021 13:40:08 ResourceWatchDog INFO     Fetching resource information of cluster...
10-23-2021 13:40:09 ResourceWatchDog INFO     {'ubuntu94025': Resource(node_name='ubuntu94025', cpu_allocatable=<Quantity(24, 'dimensionless')>, memory_allocatable=<Quantity(65626416, 'Ki')>, cpu_requested=<Quantity(2.72, 'dimensionless')>, memory_requested=<Quantity(3570766848, 'dimensionless')>, cpu_limit=<Quantity(22.4, 'dimensionless')>, memory_limit=<Quantity(15637779456, 'dimensionless')>, vram_free=[11174.4375, 24264.6875], vram_total=[11178.5, 24268.3125])}
10-23-2021 13:40:13 ClusterManager INFO     Still alive...
10-23-2021 13:40:19 ResourceWatchDog INFO     Fetching job finish times...
10-23-2021 13:40:19 ResourceWatchDog INFO     Fetching resource information of cluster...
10-23-2021 13:40:19 ResourceWatchDog INFO     {'ubuntu94025': Resource(node_name='ubuntu94025', cpu_allocatable=<Quantity(24, 'dimensionless')>, memory_allocatable=<Quantity(65626416, 'Ki')>, cpu_requested=<Quantity(2.72, 'dimensionless')>, memory_requested=<Quantity(3570766848, 'dimensionless')>, cpu_limit=<Quantity(22.4, 'dimensionless')>, memory_limit=<Quantity(15637779456, 'dimensionless')>, vram_free=[11174.4375, 24264.6875], vram_total=[11178.5, 24268.3125])}
10-23-2021 13:40:23 ClusterManager INFO     Still alive...
10-23-2021 13:40:29 ResourceWatchDog INFO     Fetching job finish times...
10-23-2021 13:40:29 ResourceWatchDog INFO     Fetching resource information of cluster...
10-23-2021 13:40:29 ResourceWatchDog INFO     {'ubuntu94025': Resource(node_name='ubuntu94025', cpu_allocatable=<Quantity(24, 'dimensionless')>, memory_allocatable=<Quantity(65626416, 'Ki')>, cpu_requested=<Quantity(2.72, 'dimensionless')>, memory_requested=<Quantity(3570766848, 'dimensionless')>, cpu_limit=<Quantity(22.4, 'dimensionless')>, memory_limit=<Quantity(15637779456, 'dimensionless')>, vram_free=[11174.4375, 24264.6875], vram_total=[11178.5, 24268.3125])}
10-23-2021 13:40:33 ClusterManager INFO     Still alive...




task_info {UUID('d348f6f0-e7c6-46fb-a3ed-a861654ae29f'): ('mobile', 1024, 'random', 400, 'cuda:0', 8, 1), UUID('4d151aa3-19cc-40b1-a8d1-d66865c2a641'): ('mobile', 1024, 'random', 400, 'cuda:0', 8, 1), UUID('b7a0a8db-36ac-49af-aa6f-9aeeaf30ae5e'): ('style2ada', 256, 'interpolation', 100, 'cuda:0', 8, 1), UUID('520f8a97-9b82-4644-8bb7-c84cc9c062d1'): ('anycost', 512, 'random', 400, 'cuda:1', 8, 1), UUID('21f189a6-c369-4888-8f16-31ad4bfd27b3'): ('style2ada', 1024, 'interpolation', 100, 'cuda:0', 8, 1), UUID('ec504194-9ac3-4b9c-9197-3b1753041174'): ('mobile', 512, 'random', 100, 'cuda:0', 8, 1), UUID('10fa6fda-9586-43b4-b388-79b6b63beea1'): ('swa', 256, 'random', 400, 'cuda:0', 8, 1), UUID('612faca3-e5f8-4959-9222-7561a02d844d'): ('style2', 256, 'random', 200, 'cuda:1', 8, 1), UUID('d108d62c-be14-4955-8aff-3ba1c66c22af'): ('anycost', 1024, 'random', 200, 'cuda:0', 8, 1), UUID('3d92dc16-569a-448e-8e59-ec6aefc5ae70'): ('stylemap', 512, 'interpolation', 800, 'cuda:0', 8, 1), UUID('d7d94c89-dffb-406a-ae45-a3f303bdf86d'): ('style2', 512, 'interpolation', 400, 'cuda:0', 8, 1), UUID('71ef3209-2c10-4719-82f3-ecea4d171169'): ('style2ada', 1024, 'interpolation', 800, 'cuda:0', 8, 1), UUID('a4880ba7-dd8e-445e-88dd-08e9602a92d1'): ('style2ada', 1024, 'random', 400, 'cuda:0', 8, 1), UUID('b68ebdb4-0b52-45b8-ad8f-2197907f5ccf'): ('anycost', 1024, 'interpolation', 100, 'cuda:0', 8, 1), UUID('4d0eb9c7-4722-49a0-a698-025a47e6e7ac'): ('style2', 1024, 'interpolation', 400, 'cuda:0', 8, 1), UUID('e8dc6d2e-0468-41ac-9ad0-cd2e9566389e'): ('style2', 512, 'interpolation', 100, 'cuda:0', 8, 1), UUID('25380a3e-84e6-49bb-8730-3d42afa64aa6'): ('anycost', 512, 'interpolation', 800, 'cuda:1', 8, 1), UUID('a2eb1a6c-6dad-4559-bdcd-3298304c591b'): ('style1', 1024, 'random', 100, 'cuda:0', 8, 1), UUID('7f291d67-4658-4316-b703-b4624fd7adc2'): ('style1', 1024, 'random', 200, 'cuda:0', 8, 1), UUID('33a95bfb-4839-4eb8-b204-d5f2b1a25b50'): ('anycost', 256, 'random', 200, 'cuda:0', 8, 1), UUID('6e51b091-96be-48c7-95c8-b273f22409ef'): ('style2', 1024, 'random', 200, 'cuda:1', 8, 1), UUID('136323b6-bcf2-4c93-8a57-d45204c07c09'): ('style2', 1024, 'random', 100, 'cuda:0', 8, 1), UUID('2462f158-4551-42f1-91ea-506f98b8437f'): ('style2ada', 512, 'interpolation', 400, 'cuda:1', 8, 1), UUID('ff957787-ff6e-449f-b62f-40d5772e66fe'): ('style1', 1024, 'random', 400, 'cuda:0', 8, 1), UUID('2c11e7e7-4b39-4cf4-a422-8d774e30ccd7'): ('mobile', 1024, 'interpolation', 800, 'cuda:1', 8, 1), UUID('21fe4725-8735-4362-808e-8785b6b9707d'): ('anycost', 256, 'random', 100, 'cuda:1', 8, 1), UUID('824038af-cf73-465b-9a6d-ea76f548bd4e'): ('mobile', 1024, 'random', 400, 'cuda:0', 8, 1), UUID('ee18446f-357c-48de-8dde-9c9414c72b5e'): ('style2', 512, 'interpolation', 800, 'cuda:1', 8, 1), UUID('3a78e5ea-365c-44ff-ae38-a7849a222c7b'): ('anycost', 256, 'interpolation', 200, 'cuda:1', 8, 1), UUID('5ab5d43b-4628-4556-a738-61a128f2740d'): ('style2ada', 256, 'random', 200, 'cuda:0', 8, 1), UUID('eccf288a-2e6d-43a2-b622-a079dbbb8e2c'): ('anycost', 256, 'interpolation', 800, 'cuda:0', 8, 1), UUID('96c8f3c8-3567-4c4a-ba55-f90b894e1a48'): ('anycost', 256, 'random', 100, 'cuda:1', 8, 1), UUID('b06b481c-80fb-45fd-bb14-580d0110dcf1'): ('style1', 256, 'interpolation', 800, 'cuda:0', 8, 1), UUID('8315a622-a92c-4431-88dc-3c90b8c4b6c1'): ('anycost', 1024, 'random', 200, 'cuda:0', 8, 1), UUID('dda38a88-cfd0-4e40-bc92-1c13fc44abeb'): ('stylemap', 512, 'interpolation', 800, 'cuda:0', 8, 1), UUID('8f91896d-72de-460c-a00f-6a75acc80455'): ('style2ada', 512, 'interpolation', 400, 'cuda:1', 8, 1), UUID('7f25054f-6580-4c3a-81ba-78e197d739ee'): ('stylemap', 1024, 'random', 400, 'cuda:0', 8, 1), UUID('7dd08d16-ac16-447a-b0ba-f7cbe31ea09b'): ('mobile', 512, 'random', 200, 'cuda:1', 8, 1), UUID('9cb94cfd-2cd5-4b34-8952-8aae4158ae57'): ('mobile', 512, 'interpolation', 200, 'cuda:0', 8, 1), UUID('3eb90647-c3f7-4b54-bb4f-ec3c3ee131fd'): ('stylemap', 256, 'interpolation', 100, 'cuda:1', 8, 1), UUID('e7cf3288-1f29-46fe-a6ae-9be7480e10f5'): ('mobile', 512, 'random', 400, 'cuda:1', 8, 1)}
arrival_times {UUID('d348f6f0-e7c6-46fb-a3ed-a861654ae29f'): datetime.datetime(2021, 10, 23, 13, 28, 53, 130158), UUID('4d151aa3-19cc-40b1-a8d1-d66865c2a641'): datetime.datetime(2021, 10, 23, 13, 29, 3, 150837), UUID('b7a0a8db-36ac-49af-aa6f-9aeeaf30ae5e'): datetime.datetime(2021, 10, 23, 13, 29, 18, 174102), UUID('520f8a97-9b82-4644-8bb7-c84cc9c062d1'): datetime.datetime(2021, 10, 23, 13, 29, 38, 198926), UUID('21f189a6-c369-4888-8f16-31ad4bfd27b3'): datetime.datetime(2021, 10, 23, 13, 29, 48, 218838), UUID('ec504194-9ac3-4b9c-9197-3b1753041174'): datetime.datetime(2021, 10, 23, 13, 30, 3, 242830), UUID('10fa6fda-9586-43b4-b388-79b6b63beea1'): datetime.datetime(2021, 10, 23, 13, 30, 13, 258953), UUID('612faca3-e5f8-4959-9222-7561a02d844d'): datetime.datetime(2021, 10, 23, 13, 30, 33, 282826), UUID('d108d62c-be14-4955-8aff-3ba1c66c22af'): datetime.datetime(2021, 10, 23, 13, 30, 43, 300586), UUID('3d92dc16-569a-448e-8e59-ec6aefc5ae70'): datetime.datetime(2021, 10, 23, 13, 30, 58, 321542), UUID('d7d94c89-dffb-406a-ae45-a3f303bdf86d'): datetime.datetime(2021, 10, 23, 13, 31, 8, 339243), UUID('71ef3209-2c10-4719-82f3-ecea4d171169'): datetime.datetime(2021, 10, 23, 13, 31, 23, 358819), UUID('a4880ba7-dd8e-445e-88dd-08e9602a92d1'): datetime.datetime(2021, 10, 23, 13, 31, 38, 382823), UUID('b68ebdb4-0b52-45b8-ad8f-2197907f5ccf'): datetime.datetime(2021, 10, 23, 13, 31, 53, 406862), UUID('4d0eb9c7-4722-49a0-a698-025a47e6e7ac'): datetime.datetime(2021, 10, 23, 13, 32, 8, 434881), UUID('e8dc6d2e-0468-41ac-9ad0-cd2e9566389e'): datetime.datetime(2021, 10, 23, 13, 32, 18, 450828), UUID('25380a3e-84e6-49bb-8730-3d42afa64aa6'): datetime.datetime(2021, 10, 23, 13, 32, 33, 474860), UUID('a2eb1a6c-6dad-4559-bdcd-3298304c591b'): datetime.datetime(2021, 10, 23, 13, 32, 43, 490821), UUID('7f291d67-4658-4316-b703-b4624fd7adc2'): datetime.datetime(2021, 10, 23, 13, 32, 58, 510806), UUID('33a95bfb-4839-4eb8-b204-d5f2b1a25b50'): datetime.datetime(2021, 10, 23, 13, 33, 8, 526980), UUID('6e51b091-96be-48c7-95c8-b273f22409ef'): datetime.datetime(2021, 10, 23, 13, 33, 13, 539191), UUID('136323b6-bcf2-4c93-8a57-d45204c07c09'): datetime.datetime(2021, 10, 23, 13, 33, 28, 597308), UUID('2462f158-4551-42f1-91ea-506f98b8437f'): datetime.datetime(2021, 10, 23, 13, 33, 48, 627326), UUID('ff957787-ff6e-449f-b62f-40d5772e66fe'): datetime.datetime(2021, 10, 23, 13, 33, 58, 646845), UUID('2c11e7e7-4b39-4cf4-a422-8d774e30ccd7'): datetime.datetime(2021, 10, 23, 13, 34, 8, 664021), UUID('21fe4725-8735-4362-808e-8785b6b9707d'): datetime.datetime(2021, 10, 23, 13, 34, 28, 686869), UUID('824038af-cf73-465b-9a6d-ea76f548bd4e'): datetime.datetime(2021, 10, 23, 13, 34, 43, 709605), UUID('ee18446f-357c-48de-8dde-9c9414c72b5e'): datetime.datetime(2021, 10, 23, 13, 35, 3, 730204), UUID('3a78e5ea-365c-44ff-ae38-a7849a222c7b'): datetime.datetime(2021, 10, 23, 13, 35, 18, 754964), UUID('5ab5d43b-4628-4556-a738-61a128f2740d'): datetime.datetime(2021, 10, 23, 13, 35, 38, 778980), UUID('eccf288a-2e6d-43a2-b622-a079dbbb8e2c'): datetime.datetime(2021, 10, 23, 13, 35, 48, 795209), UUID('96c8f3c8-3567-4c4a-ba55-f90b894e1a48'): datetime.datetime(2021, 10, 23, 13, 36, 3, 878863), UUID('b06b481c-80fb-45fd-bb14-580d0110dcf1'): datetime.datetime(2021, 10, 23, 13, 36, 18, 898842), UUID('8315a622-a92c-4431-88dc-3c90b8c4b6c1'): datetime.datetime(2021, 10, 23, 13, 36, 43, 926884), UUID('dda38a88-cfd0-4e40-bc92-1c13fc44abeb'): datetime.datetime(2021, 10, 23, 13, 36, 53, 942834), UUID('8f91896d-72de-460c-a00f-6a75acc80455'): datetime.datetime(2021, 10, 23, 13, 37, 8, 966845), UUID('7f25054f-6580-4c3a-81ba-78e197d739ee'): datetime.datetime(2021, 10, 23, 13, 37, 28, 990885), UUID('7dd08d16-ac16-447a-b0ba-f7cbe31ea09b'): datetime.datetime(2021, 10, 23, 13, 37, 44, 10839), UUID('9cb94cfd-2cd5-4b34-8952-8aae4158ae57'): datetime.datetime(2021, 10, 23, 13, 37, 54, 22829), UUID('3eb90647-c3f7-4b54-bb4f-ec3c3ee131fd'): datetime.datetime(2021, 10, 23, 13, 38, 19, 54841), UUID('e7cf3288-1f29-46fe-a6ae-9be7480e10f5'): datetime.datetime(2021, 10, 23, 13, 38, 29, 78816)}




id,network,job_type,image_size,num_imgs,device,batch_size,data_parallelism,response_time
d348f6f0,mobile,random,1024,400,cuda:0,8,1,13869
4d151aa3,mobile,random,1024,400,cuda:0,8,1,13849
b7a0a8db,style2ada,interpolation,256,100,cuda:0,8,1,8825
520f8a97,anycost,random,512,400,cuda:1,8,1,29801
21f189a6,style2ada,interpolation,1024,100,cuda:0,8,1,11781
ec504194,mobile,random,512,100,cuda:0,8,1,7757
10fa6fda,swa,random,256,400,cuda:0,8,1,11741
612faca3,style2,random,256,200,cuda:1,8,1,17717
d108d62c,anycost,random,1024,200,cuda:0,8,1,17699
3d92dc16,stylemap,interpolation,512,800,cuda:0,8,1,65678
d7d94c89,style2,interpolation,512,400,cuda:0,8,1,113660
71ef3209,style2ada,interpolation,1024,800,cuda:0,8,1,119641
a4880ba7,style2ada,random,1024,400,cuda:0,8,1,139617
b68ebdb4,anycost,interpolation,1024,100,cuda:0,8,1,29593
4d0eb9c7,style2,interpolation,1024,400,cuda:0,8,1,55565
e8dc6d2e,style2,interpolation,512,100,cuda:0,8,1,21549
25380a3e,anycost,interpolation,512,800,cuda:1,8,1,45525
a2eb1a6c,style1,random,1024,100,cuda:0,8,1,27509
7f291d67,style1,random,1024,200,cuda:0,8,1,16489
33a95bfb,anycost,random,256,200,cuda:0,8,1,15473
6e51b091,style2,random,1024,200,cuda:1,8,1,38460
136323b6,style2,random,1024,100,cuda:0,8,1,19402
2462f158,style2ada,interpolation,512,400,cuda:1,8,1,26372
ff957787,style1,random,1024,400,cuda:0,8,1,14353
2c11e7e7,mobile,interpolation,1024,800,cuda:1,8,1,46335
21fe4725,anycost,random,256,100,cuda:1,8,1,24313
824038af,mobile,random,1024,400,cuda:0,8,1,15290
ee18446f,style2,interpolation,512,800,cuda:1,8,1,49269
3a78e5ea,anycost,interpolation,256,200,cuda:1,8,1,24245
5ab5d43b,style2ada,random,256,200,cuda:0,8,1,9221
eccf288a,anycost,interpolation,256,800,cuda:0,8,1,16204
96c8f3c8,anycost,random,256,100,cuda:1,8,1,18121
b06b481c,style1,interpolation,256,800,cuda:0,8,1,7101
8315a622,anycost,random,1024,200,cuda:0,8,1,18073
dda38a88,stylemap,interpolation,512,800,cuda:0,8,1,64057
8f91896d,style2ada,interpolation,512,400,cuda:1,8,1,27033
7f25054f,stylemap,random,1024,400,cuda:0,8,1,91009
7dd08d16,mobile,random,512,200,cuda:1,8,1,14989
9cb94cfd,mobile,interpolation,512,200,cuda:0,8,1,8977
3eb90647,stylemap,interpolation,256,100,cuda:1,8,1,23945
e7cf3288,mobile,random,512,400,cuda:1,8,1,17921




10-23-2021 13:40:34 ClusterManager INFO     Stopping execution of ClusterManager, halting components...
10-23-2021 13:40:34 ResourceWatchDog INFO     [WatchDog] Received request to stop execution
