/usr/local/lib/python3.8/dist-packages/dataclasses_json/core.py:171: RuntimeWarning: `NoneType` object value of non-optional type config_path detected when decoding BareConfig.
  warnings.warn(f"`NoneType` object {warning}.", RuntimeWarning)
10-23-2021 14:57:32 root         INFO     Starting in cluster mode.
10-23-2021 14:57:32 root         INFO     Starting as Orchestrator
10-23-2021 14:57:32 root         INFO     Starting Orchestrator, initializing resources....
10-23-2021 14:57:32 root         INFO     Loading in cluster configuration file
10-23-2021 14:57:32 root         INFO     Pointing configuration to in cluster configuration.
10-23-2021 14:57:32 root         INFO     Starting cluster manager
10-23-2021 14:57:32 ClusterManager INFO     Spinning up cluster manager...
10-23-2021 14:57:32 root         INFO     Starting arrival generator
10-23-2021 14:57:32 root         INFO     Starting orchestrator
10-23-2021 14:57:32 ResourceWatchDog INFO     Starting resource watchdog
10-23-2021 14:57:32 ResourceWatchDog INFO     Fetching node information of cluster...
10-23-2021 14:57:32 ClusterManager INFO     Still alive...
10-23-2021 14:57:32 StyleGANExperimentGenerator INFO     Starting execution of arrival generator...
10-23-2021 14:57:32 Orchestrator INFO     Clearing old jobs in current namespace: default
10-23-2021 14:57:32 StyleGANExperimentGenerator INFO     Populating tick lists with initial arrivals
10-23-2021 14:57:32 StyleGANExperimentGenerator INFO     Creating task for StyleGANInferenceJob
10
10-23-2021 14:57:32 ResourceWatchDog INFO     Starting with watching resources
10-23-2021 14:57:42 ClusterManager INFO     Still alive...
10-23-2021 14:57:42 ResourceWatchDog INFO     Fetching job finish times...
10-23-2021 14:57:43 ResourceWatchDog INFO     Fetching resource information of cluster...
10-23-2021 14:57:43 ResourceWatchDog INFO     {'ubuntu94025': Resource(node_name='ubuntu94025', cpu_allocatable=<Quantity(24, 'dimensionless')>, memory_allocatable=<Quantity(65626416, 'Ki')>, cpu_requested=<Quantity(2.72, 'dimensionless')>, memory_requested=<Quantity(3570766848, 'dimensionless')>, cpu_limit=<Quantity(22.4, 'dimensionless')>, memory_limit=<Quantity(15637779456, 'dimensionless')>, vram_free=[11174.4375, 24264.6875], vram_total=[11178.5, 24268.3125])}
10-23-2021 14:57:43 StyleGANExperimentGenerator INFO     Creating task for StyleGANInferenceJob
10
10-23-2021 14:57:47 Orchestrator INFO     Scheduling arrival of Arrival: 5449f634-30cc-450b-9e0a-ae93583b40ed
10-23-2021 14:57:47 Orchestrator INFO     Deploying on cluster: 5449f634-30cc-450b-9e0a-ae93583b40ed
10-23-2021 14:57:49 StyleGANExperimentGenerator INFO     Creating task for StyleGANInferenceJob
10
10-23-2021 14:57:52 ClusterManager INFO     Still alive...
10-23-2021 14:57:52 Orchestrator INFO     Scheduling arrival of Arrival: 31e26a89-de15-4046-8e4f-2e23175a322e
10-23-2021 14:57:52 Orchestrator INFO     Deploying on cluster: 31e26a89-de15-4046-8e4f-2e23175a322e
10-23-2021 14:57:53 ResourceWatchDog INFO     Fetching job finish times...
10-23-2021 14:57:53 ResourceWatchDog INFO     Fetching resource information of cluster...
10-23-2021 14:57:53 ResourceWatchDog INFO     {'ubuntu94025': Resource(node_name='ubuntu94025', cpu_allocatable=<Quantity(24, 'dimensionless')>, memory_allocatable=<Quantity(65626416, 'Ki')>, cpu_requested=<Quantity(2.72, 'dimensionless')>, memory_requested=<Quantity(3570766848, 'dimensionless')>, cpu_limit=<Quantity(22.4, 'dimensionless')>, memory_limit=<Quantity(15637779456, 'dimensionless')>, vram_free=[10675.4375, 24264.6875], vram_total=[11178.5, 24268.3125])}
10-23-2021 14:58:00 StyleGANExperimentGenerator INFO     Creating task for StyleGANInferenceJob
10
10-23-2021 14:58:02 ClusterManager INFO     Still alive...
10-23-2021 14:58:02 Orchestrator INFO     Scheduling arrival of Arrival: 53a7378f-5a4c-4bd2-b531-02306ebd6916
10-23-2021 14:58:02 Orchestrator INFO     Deploying on cluster: 53a7378f-5a4c-4bd2-b531-02306ebd6916
10-23-2021 14:58:03 ResourceWatchDog INFO     Fetching job finish times...
10-23-2021 14:58:03 ResourceWatchDog INFO     Fetching resource information of cluster...
10-23-2021 14:58:03 ResourceWatchDog INFO     {'ubuntu94025': Resource(node_name='ubuntu94025', cpu_allocatable=<Quantity(24, 'dimensionless')>, memory_allocatable=<Quantity(65626416, 'Ki')>, cpu_requested=<Quantity(2.72, 'dimensionless')>, memory_requested=<Quantity(3570766848, 'dimensionless')>, cpu_limit=<Quantity(22.4, 'dimensionless')>, memory_limit=<Quantity(15637779456, 'dimensionless')>, vram_free=[2420.4375, 24264.6875], vram_total=[11178.5, 24268.3125])}
10-23-2021 14:58:12 ClusterManager INFO     Still alive...
10-23-2021 14:58:13 ResourceWatchDog INFO     Fetching job finish times...
10-23-2021 14:58:14 ResourceWatchDog INFO     Fetching resource information of cluster...
10-23-2021 14:58:14 ResourceWatchDog INFO     {'ubuntu94025': Resource(node_name='ubuntu94025', cpu_allocatable=<Quantity(24, 'dimensionless')>, memory_allocatable=<Quantity(65626416, 'Ki')>, cpu_requested=<Quantity(2.72, 'dimensionless')>, memory_requested=<Quantity(3570766848, 'dimensionless')>, cpu_limit=<Quantity(22.4, 'dimensionless')>, memory_limit=<Quantity(15637779456, 'dimensionless')>, vram_free=[3324.4375, 21181.6875], vram_total=[11178.5, 24268.3125])}
10-23-2021 14:58:14 StyleGANExperimentGenerator INFO     Creating task for StyleGANInferenceJob
10
10-23-2021 14:58:17 Orchestrator INFO     Scheduling arrival of Arrival: da583d50-6767-4d03-8eb0-31c1e6cd1d78
10-23-2021 14:58:17 Orchestrator INFO     Deploying on cluster: da583d50-6767-4d03-8eb0-31c1e6cd1d78
10-23-2021 14:58:21 StyleGANExperimentGenerator INFO     Creating task for StyleGANInferenceJob
10
10-23-2021 14:58:22 ClusterManager INFO     Still alive...
10-23-2021 14:58:22 Orchestrator INFO     Scheduling arrival of Arrival: b83eaa62-6aac-48de-a106-a02bd7c0bf3b
10-23-2021 14:58:22 Orchestrator INFO     Deploying on cluster: b83eaa62-6aac-48de-a106-a02bd7c0bf3b
10-23-2021 14:58:24 ResourceWatchDog INFO     Fetching job finish times...
10-23-2021 14:58:24 ResourceWatchDog INFO     Fetching resource information of cluster...
10-23-2021 14:58:24 ResourceWatchDog INFO     {'ubuntu94025': Resource(node_name='ubuntu94025', cpu_allocatable=<Quantity(24, 'dimensionless')>, memory_allocatable=<Quantity(65626416, 'Ki')>, cpu_requested=<Quantity(2.72, 'dimensionless')>, memory_requested=<Quantity(3570766848, 'dimensionless')>, cpu_limit=<Quantity(22.4, 'dimensionless')>, memory_limit=<Quantity(15637779456, 'dimensionless')>, vram_free=[11174.4375, 22771.6875], vram_total=[11178.5, 24268.3125])}
10-23-2021 14:58:29 StyleGANExperimentGenerator INFO     Creating task for StyleGANInferenceJob
10
10-23-2021 14:58:32 ClusterManager INFO     Still alive...
10-23-2021 14:58:32 Orchestrator INFO     Scheduling arrival of Arrival: e064cbc9-eb0f-4dc7-b341-73b9edb501aa
10-23-2021 14:58:32 Orchestrator INFO     Deploying on cluster: e064cbc9-eb0f-4dc7-b341-73b9edb501aa
10-23-2021 14:58:33 ResourceWatchDog INFO     Fetching resource information of cluster...
10-23-2021 14:58:33 ResourceWatchDog INFO     {'ubuntu94025': Resource(node_name='ubuntu94025', cpu_allocatable=<Quantity(24, 'dimensionless')>, memory_allocatable=<Quantity(65626416, 'Ki')>, cpu_requested=<Quantity(2.72, 'dimensionless')>, memory_requested=<Quantity(3570766848, 'dimensionless')>, cpu_limit=<Quantity(22.4, 'dimensionless')>, memory_limit=<Quantity(15637779456, 'dimensionless')>, vram_free=[5959.4375, 24264.6875], vram_total=[11178.5, 24268.3125])}
10-23-2021 14:58:34 ResourceWatchDog INFO     Fetching job finish times...
10-23-2021 14:58:34 ResourceWatchDog INFO     Fetching resource information of cluster...
10-23-2021 14:58:34 ResourceWatchDog INFO     {'ubuntu94025': Resource(node_name='ubuntu94025', cpu_allocatable=<Quantity(24, 'dimensionless')>, memory_allocatable=<Quantity(65626416, 'Ki')>, cpu_requested=<Quantity(2.72, 'dimensionless')>, memory_requested=<Quantity(3570766848, 'dimensionless')>, cpu_limit=<Quantity(22.4, 'dimensionless')>, memory_limit=<Quantity(15637779456, 'dimensionless')>, vram_free=[5959.4375, 24264.6875], vram_total=[11178.5, 24268.3125])}
10-23-2021 14:58:38 StyleGANExperimentGenerator INFO     Creating task for StyleGANInferenceJob
10
10-23-2021 14:58:42 ClusterManager INFO     Still alive...
10-23-2021 14:58:43 Orchestrator INFO     Scheduling arrival of Arrival: 55041c4b-0402-4ead-9160-9f64cb981f5a
10-23-2021 14:58:43 Orchestrator INFO     Deploying on cluster: 55041c4b-0402-4ead-9160-9f64cb981f5a
10-23-2021 14:58:44 ResourceWatchDog INFO     Fetching job finish times...
10-23-2021 14:58:45 ResourceWatchDog INFO     Fetching resource information of cluster...
10-23-2021 14:58:45 ResourceWatchDog INFO     {'ubuntu94025': Resource(node_name='ubuntu94025', cpu_allocatable=<Quantity(24, 'dimensionless')>, memory_allocatable=<Quantity(65626416, 'Ki')>, cpu_requested=<Quantity(2.72, 'dimensionless')>, memory_requested=<Quantity(3570766848, 'dimensionless')>, cpu_limit=<Quantity(22.4, 'dimensionless')>, memory_limit=<Quantity(15637779456, 'dimensionless')>, vram_free=[5955.4375, 23241.6875], vram_total=[11178.5, 24268.3125])}
10-23-2021 14:58:49 StyleGANExperimentGenerator INFO     Creating task for StyleGANInferenceJob
10
10-23-2021 14:58:52 ClusterManager INFO     Still alive...
10-23-2021 14:58:53 Orchestrator INFO     Scheduling arrival of Arrival: a32a5ea8-ae61-4ba5-a33c-7d3638775bf7
10-23-2021 14:58:53 Orchestrator INFO     Deploying on cluster: a32a5ea8-ae61-4ba5-a33c-7d3638775bf7
10-23-2021 14:58:55 ResourceWatchDog INFO     Fetching job finish times...
10-23-2021 14:58:55 ResourceWatchDog INFO     Fetching resource information of cluster...
10-23-2021 14:58:55 ResourceWatchDog INFO     {'ubuntu94025': Resource(node_name='ubuntu94025', cpu_allocatable=<Quantity(24, 'dimensionless')>, memory_allocatable=<Quantity(65626416, 'Ki')>, cpu_requested=<Quantity(2.72, 'dimensionless')>, memory_requested=<Quantity(3570766848, 'dimensionless')>, cpu_limit=<Quantity(22.4, 'dimensionless')>, memory_limit=<Quantity(15637779456, 'dimensionless')>, vram_free=[11174.4375, 17771.6875], vram_total=[11178.5, 24268.3125])}
10-23-2021 14:58:57 StyleGANExperimentGenerator INFO     Creating task for StyleGANInferenceJob
10
10-23-2021 14:58:58 Orchestrator INFO     Scheduling arrival of Arrival: 3ff45866-8f86-48c3-a41e-5e59c5166b97
10-23-2021 14:58:58 Orchestrator INFO     Deploying on cluster: 3ff45866-8f86-48c3-a41e-5e59c5166b97
10-23-2021 14:59:02 ClusterManager INFO     Still alive...
10-23-2021 14:59:05 ResourceWatchDog INFO     Fetching job finish times...
10-23-2021 14:59:05 ResourceWatchDog INFO     Fetching resource information of cluster...
10-23-2021 14:59:05 ResourceWatchDog INFO     {'ubuntu94025': Resource(node_name='ubuntu94025', cpu_allocatable=<Quantity(24, 'dimensionless')>, memory_allocatable=<Quantity(65626416, 'Ki')>, cpu_requested=<Quantity(2.72, 'dimensionless')>, memory_requested=<Quantity(3570766848, 'dimensionless')>, cpu_limit=<Quantity(22.4, 'dimensionless')>, memory_limit=<Quantity(15637779456, 'dimensionless')>, vram_free=[1203.4375, 24264.6875], vram_total=[11178.5, 24268.3125])}
10-23-2021 14:59:07 StyleGANExperimentGenerator INFO     Creating task for StyleGANInferenceJob
10
10-23-2021 14:59:08 Orchestrator INFO     Scheduling arrival of Arrival: 7cd9433d-0e29-485a-907f-72b8055339dc
10-23-2021 14:59:08 Orchestrator INFO     Deploying on cluster: 7cd9433d-0e29-485a-907f-72b8055339dc
10-23-2021 14:59:12 ClusterManager INFO     Still alive...
10-23-2021 14:59:14 StyleGANExperimentGenerator INFO     Creating task for StyleGANInferenceJob
10
10-23-2021 14:59:15 ResourceWatchDog INFO     Fetching job finish times...
10-23-2021 14:59:15 ResourceWatchDog INFO     Fetching resource information of cluster...
10-23-2021 14:59:16 ResourceWatchDog INFO     {'ubuntu94025': Resource(node_name='ubuntu94025', cpu_allocatable=<Quantity(24, 'dimensionless')>, memory_allocatable=<Quantity(65626416, 'Ki')>, cpu_requested=<Quantity(2.72, 'dimensionless')>, memory_requested=<Quantity(3570766848, 'dimensionless')>, cpu_limit=<Quantity(22.4, 'dimensionless')>, memory_limit=<Quantity(15637779456, 'dimensionless')>, vram_free=[9315.4375, 12450.6875], vram_total=[11178.5, 24268.3125])}
10-23-2021 14:59:18 Orchestrator INFO     Scheduling arrival of Arrival: 2872632b-2742-4de1-b6f1-dd5c87b28d1a
10-23-2021 14:59:18 Orchestrator INFO     Deploying on cluster: 2872632b-2742-4de1-b6f1-dd5c87b28d1a
10-23-2021 14:59:22 ClusterManager INFO     Still alive...
10-23-2021 14:59:25 StyleGANExperimentGenerator INFO     Creating task for StyleGANInferenceJob
10
10-23-2021 14:59:26 ResourceWatchDog INFO     Fetching job finish times...
10-23-2021 14:59:26 ResourceWatchDog INFO     Fetching resource information of cluster...
10-23-2021 14:59:26 ResourceWatchDog INFO     {'ubuntu94025': Resource(node_name='ubuntu94025', cpu_allocatable=<Quantity(24, 'dimensionless')>, memory_allocatable=<Quantity(65626416, 'Ki')>, cpu_requested=<Quantity(2.72, 'dimensionless')>, memory_requested=<Quantity(3570766848, 'dimensionless')>, cpu_limit=<Quantity(22.4, 'dimensionless')>, memory_limit=<Quantity(15637779456, 'dimensionless')>, vram_free=[11174.4375, 15928.6875], vram_total=[11178.5, 24268.3125])}
10-23-2021 14:59:28 Orchestrator INFO     Scheduling arrival of Arrival: ff51c8cc-a59d-492e-9fc3-2bdfc58be2d8
10-23-2021 14:59:28 Orchestrator INFO     Deploying on cluster: ff51c8cc-a59d-492e-9fc3-2bdfc58be2d8
10-23-2021 14:59:32 ClusterManager INFO     Still alive...
10-23-2021 14:59:34 ResourceWatchDog INFO     Fetching resource information of cluster...
10-23-2021 14:59:34 ResourceWatchDog INFO     {'ubuntu94025': Resource(node_name='ubuntu94025', cpu_allocatable=<Quantity(24, 'dimensionless')>, memory_allocatable=<Quantity(65626416, 'Ki')>, cpu_requested=<Quantity(2.72, 'dimensionless')>, memory_requested=<Quantity(3570766848, 'dimensionless')>, cpu_limit=<Quantity(22.4, 'dimensionless')>, memory_limit=<Quantity(15637779456, 'dimensionless')>, vram_free=[11174.4375, 22695.6875], vram_total=[11178.5, 24268.3125])}
10-23-2021 14:59:36 ResourceWatchDog INFO     Fetching job finish times...
10-23-2021 14:59:36 ResourceWatchDog INFO     Fetching resource information of cluster...
10-23-2021 14:59:36 ResourceWatchDog INFO     {'ubuntu94025': Resource(node_name='ubuntu94025', cpu_allocatable=<Quantity(24, 'dimensionless')>, memory_allocatable=<Quantity(65626416, 'Ki')>, cpu_requested=<Quantity(2.72, 'dimensionless')>, memory_requested=<Quantity(3570766848, 'dimensionless')>, cpu_limit=<Quantity(22.4, 'dimensionless')>, memory_limit=<Quantity(15637779456, 'dimensionless')>, vram_free=[11174.4375, 4421.6875], vram_total=[11178.5, 24268.3125])}
10
10-23-2021 14:59:36 StyleGANExperimentGenerator INFO     Creating task for StyleGANInferenceJob
10-23-2021 14:59:38 Orchestrator INFO     Scheduling arrival of Arrival: 02111577-372f-41ac-b500-500895e949ad
10-23-2021 14:59:38 Orchestrator INFO     Deploying on cluster: 02111577-372f-41ac-b500-500895e949ad
10-23-2021 14:59:43 ClusterManager INFO     Still alive...
10-23-2021 14:59:44 StyleGANExperimentGenerator INFO     Creating task for StyleGANInferenceJob
10
10-23-2021 14:59:46 ResourceWatchDog INFO     Fetching job finish times...
10-23-2021 14:59:47 ResourceWatchDog INFO     Fetching resource information of cluster...
10-23-2021 14:59:47 ResourceWatchDog INFO     {'ubuntu94025': Resource(node_name='ubuntu94025', cpu_allocatable=<Quantity(24, 'dimensionless')>, memory_allocatable=<Quantity(65626416, 'Ki')>, cpu_requested=<Quantity(2.72, 'dimensionless')>, memory_requested=<Quantity(3570766848, 'dimensionless')>, cpu_limit=<Quantity(22.4, 'dimensionless')>, memory_limit=<Quantity(15637779456, 'dimensionless')>, vram_free=[6455.4375, 24264.6875], vram_total=[11178.5, 24268.3125])}
10-23-2021 14:59:48 Orchestrator INFO     Scheduling arrival of Arrival: 50a132cc-b708-472a-8321-b97a8eadb3a8
10-23-2021 14:59:48 Orchestrator INFO     Deploying on cluster: 50a132cc-b708-472a-8321-b97a8eadb3a8
10-23-2021 14:59:53 ClusterManager INFO     Still alive...
10-23-2021 14:59:56 StyleGANExperimentGenerator INFO     Creating task for StyleGANInferenceJob
10
10-23-2021 14:59:57 ResourceWatchDog INFO     Fetching job finish times...
10-23-2021 14:59:57 ResourceWatchDog INFO     Fetching resource information of cluster...
10-23-2021 14:59:57 ResourceWatchDog INFO     {'ubuntu94025': Resource(node_name='ubuntu94025', cpu_allocatable=<Quantity(24, 'dimensionless')>, memory_allocatable=<Quantity(65626416, 'Ki')>, cpu_requested=<Quantity(2.72, 'dimensionless')>, memory_requested=<Quantity(3570766848, 'dimensionless')>, cpu_limit=<Quantity(22.4, 'dimensionless')>, memory_limit=<Quantity(15637779456, 'dimensionless')>, vram_free=[6455.4375, 3104.6875], vram_total=[11178.5, 24268.3125])}
10-23-2021 14:59:58 Orchestrator INFO     Scheduling arrival of Arrival: d382e58e-50fd-403e-80d0-8bb73fcac5b0
10-23-2021 14:59:58 Orchestrator INFO     Deploying on cluster: d382e58e-50fd-403e-80d0-8bb73fcac5b0
10
10-23-2021 15:00:02 StyleGANExperimentGenerator INFO     Creating task for StyleGANInferenceJob
10-23-2021 15:00:03 ClusterManager INFO     Still alive...
10-23-2021 15:00:03 Orchestrator INFO     Scheduling arrival of Arrival: d00d6ee7-d99e-40e7-a917-c5702cfda633
10-23-2021 15:00:03 Orchestrator INFO     Deploying on cluster: d00d6ee7-d99e-40e7-a917-c5702cfda633
10-23-2021 15:00:07 ResourceWatchDog INFO     Fetching job finish times...
10-23-2021 15:00:07 ResourceWatchDog INFO     Fetching resource information of cluster...
10-23-2021 15:00:08 ResourceWatchDog INFO     {'ubuntu94025': Resource(node_name='ubuntu94025', cpu_allocatable=<Quantity(24, 'dimensionless')>, memory_allocatable=<Quantity(65626416, 'Ki')>, cpu_requested=<Quantity(2.72, 'dimensionless')>, memory_requested=<Quantity(3570766848, 'dimensionless')>, cpu_limit=<Quantity(22.4, 'dimensionless')>, memory_limit=<Quantity(15637779456, 'dimensionless')>, vram_free=[11174.4375, 21862.6875], vram_total=[11178.5, 24268.3125])}
10
10-23-2021 15:00:09 StyleGANExperimentGenerator INFO     Creating task for StyleGANInferenceJob
10-23-2021 15:00:13 ClusterManager INFO     Still alive...
10-23-2021 15:00:13 Orchestrator INFO     Scheduling arrival of Arrival: cc27b481-b7fb-4140-8488-75ddc45c056b
10-23-2021 15:00:13 Orchestrator INFO     Deploying on cluster: cc27b481-b7fb-4140-8488-75ddc45c056b
10-23-2021 15:00:17 StyleGANExperimentGenerator INFO     Creating task for StyleGANInferenceJob
10
10-23-2021 15:00:18 ResourceWatchDog INFO     Fetching job finish times...
10-23-2021 15:00:18 Orchestrator INFO     Scheduling arrival of Arrival: deddc8d9-45a8-47c2-81d4-5c5293d0243e
10-23-2021 15:00:18 Orchestrator INFO     Deploying on cluster: deddc8d9-45a8-47c2-81d4-5c5293d0243e
10-23-2021 15:00:18 ResourceWatchDog INFO     Fetching resource information of cluster...
10-23-2021 15:00:18 ResourceWatchDog INFO     {'ubuntu94025': Resource(node_name='ubuntu94025', cpu_allocatable=<Quantity(24, 'dimensionless')>, memory_allocatable=<Quantity(65626416, 'Ki')>, cpu_requested=<Quantity(2.72, 'dimensionless')>, memory_requested=<Quantity(3570766848, 'dimensionless')>, cpu_limit=<Quantity(22.4, 'dimensionless')>, memory_limit=<Quantity(15637779456, 'dimensionless')>, vram_free=[11174.4375, 156.6875], vram_total=[11178.5, 24268.3125])}
10-23-2021 15:00:23 ClusterManager INFO     Still alive...
10-23-2021 15:00:27 StyleGANExperimentGenerator INFO     Creating task for StyleGANInferenceJob
10
10-23-2021 15:00:28 Orchestrator INFO     Scheduling arrival of Arrival: f71d81c7-2dd8-4792-b151-f55c2f91f8d2
10-23-2021 15:00:28 Orchestrator INFO     Deploying on cluster: f71d81c7-2dd8-4792-b151-f55c2f91f8d2
10-23-2021 15:00:28 ResourceWatchDog INFO     Fetching job finish times...
10-23-2021 15:00:28 ResourceWatchDog INFO     Fetching resource information of cluster...
10-23-2021 15:00:28 ResourceWatchDog INFO     {'ubuntu94025': Resource(node_name='ubuntu94025', cpu_allocatable=<Quantity(24, 'dimensionless')>, memory_allocatable=<Quantity(65626416, 'Ki')>, cpu_requested=<Quantity(2.72, 'dimensionless')>, memory_requested=<Quantity(3570766848, 'dimensionless')>, cpu_limit=<Quantity(22.4, 'dimensionless')>, memory_limit=<Quantity(15637779456, 'dimensionless')>, vram_free=[11174.4375, 1738.6875], vram_total=[11178.5, 24268.3125])}
10-23-2021 15:00:32 StyleGANExperimentGenerator INFO     Creating task for StyleGANInferenceJob
10
10-23-2021 15:00:33 ClusterManager INFO     Still alive...
10-23-2021 15:00:33 Orchestrator INFO     Scheduling arrival of Arrival: 3808e654-e058-4a3a-ba24-6ef86aa1a91e
10-23-2021 15:00:33 Orchestrator INFO     Deploying on cluster: 3808e654-e058-4a3a-ba24-6ef86aa1a91e
10-23-2021 15:00:34 ResourceWatchDog INFO     Fetching resource information of cluster...
10-23-2021 15:00:34 ResourceWatchDog INFO     {'ubuntu94025': Resource(node_name='ubuntu94025', cpu_allocatable=<Quantity(24, 'dimensionless')>, memory_allocatable=<Quantity(65626416, 'Ki')>, cpu_requested=<Quantity(2.72, 'dimensionless')>, memory_requested=<Quantity(3570766848, 'dimensionless')>, cpu_limit=<Quantity(22.4, 'dimensionless')>, memory_limit=<Quantity(15637779456, 'dimensionless')>, vram_free=[10097.4375, 3354.6875], vram_total=[11178.5, 24268.3125])}
10-23-2021 15:00:35 StyleGANExperimentGenerator INFO     Creating task for StyleGANInferenceJob
10
10-23-2021 15:00:38 Orchestrator INFO     Scheduling arrival of Arrival: 5c576d27-0084-4493-97b4-5d01a038ce85
10-23-2021 15:00:38 Orchestrator INFO     Deploying on cluster: 5c576d27-0084-4493-97b4-5d01a038ce85
10-23-2021 15:00:38 ResourceWatchDog INFO     Fetching job finish times...
10-23-2021 15:00:39 ResourceWatchDog INFO     Fetching resource information of cluster...
10-23-2021 15:00:39 ResourceWatchDog INFO     {'ubuntu94025': Resource(node_name='ubuntu94025', cpu_allocatable=<Quantity(24, 'dimensionless')>, memory_allocatable=<Quantity(65626416, 'Ki')>, cpu_requested=<Quantity(2.72, 'dimensionless')>, memory_requested=<Quantity(3570766848, 'dimensionless')>, cpu_limit=<Quantity(22.4, 'dimensionless')>, memory_limit=<Quantity(15637779456, 'dimensionless')>, vram_free=[8098.4375, 1320.6875], vram_total=[11178.5, 24268.3125])}
10-23-2021 15:00:43 ClusterManager INFO     Still alive...
10-23-2021 15:00:44 StyleGANExperimentGenerator INFO     Creating task for StyleGANInferenceJob
10
10-23-2021 15:00:48 Orchestrator INFO     Scheduling arrival of Arrival: 73168d78-7eb0-4e3e-9d8c-00a0bb3eb23b
10-23-2021 15:00:48 Orchestrator INFO     Deploying on cluster: 73168d78-7eb0-4e3e-9d8c-00a0bb3eb23b
10-23-2021 15:00:49 ResourceWatchDog INFO     Fetching job finish times...
10-23-2021 15:00:49 ResourceWatchDog INFO     Fetching resource information of cluster...
10-23-2021 15:00:49 ResourceWatchDog INFO     {'ubuntu94025': Resource(node_name='ubuntu94025', cpu_allocatable=<Quantity(24, 'dimensionless')>, memory_allocatable=<Quantity(65626416, 'Ki')>, cpu_requested=<Quantity(2.72, 'dimensionless')>, memory_requested=<Quantity(3570766848, 'dimensionless')>, cpu_limit=<Quantity(22.4, 'dimensionless')>, memory_limit=<Quantity(15637779456, 'dimensionless')>, vram_free=[1995.4375, 24207.6875], vram_total=[11178.5, 24268.3125])}
10-23-2021 15:00:53 ClusterManager INFO     Still alive...
10-23-2021 15:00:57 StyleGANExperimentGenerator INFO     Creating task for StyleGANInferenceJob
10
10-23-2021 15:00:58 Orchestrator INFO     Scheduling arrival of Arrival: 6a091d94-47e1-471b-8185-88274da13c30
10-23-2021 15:00:58 Orchestrator INFO     Deploying on cluster: 6a091d94-47e1-471b-8185-88274da13c30
10-23-2021 15:00:59 ResourceWatchDog INFO     Fetching job finish times...
10-23-2021 15:01:00 ResourceWatchDog INFO     Fetching resource information of cluster...
10-23-2021 15:01:00 ResourceWatchDog INFO     {'ubuntu94025': Resource(node_name='ubuntu94025', cpu_allocatable=<Quantity(24, 'dimensionless')>, memory_allocatable=<Quantity(65626416, 'Ki')>, cpu_requested=<Quantity(2.72, 'dimensionless')>, memory_requested=<Quantity(3570766848, 'dimensionless')>, cpu_limit=<Quantity(22.4, 'dimensionless')>, memory_limit=<Quantity(15637779456, 'dimensionless')>, vram_free=[3106.4375, 2920.6875], vram_total=[11178.5, 24268.3125])}
10-23-2021 15:01:03 ClusterManager INFO     Still alive...
10-23-2021 15:01:05 StyleGANExperimentGenerator INFO     Creating task for StyleGANInferenceJob
10
10-23-2021 15:01:08 Orchestrator INFO     Scheduling arrival of Arrival: 00bee376-ea9e-49b0-b198-c40dab6cc306
10-23-2021 15:01:08 Orchestrator INFO     Deploying on cluster: 00bee376-ea9e-49b0-b198-c40dab6cc306
10-23-2021 15:01:10 ResourceWatchDog INFO     Fetching job finish times...
10-23-2021 15:01:10 ResourceWatchDog INFO     Fetching resource information of cluster...
10-23-2021 15:01:10 ResourceWatchDog INFO     {'ubuntu94025': Resource(node_name='ubuntu94025', cpu_allocatable=<Quantity(24, 'dimensionless')>, memory_allocatable=<Quantity(65626416, 'Ki')>, cpu_requested=<Quantity(2.72, 'dimensionless')>, memory_requested=<Quantity(3570766848, 'dimensionless')>, cpu_limit=<Quantity(22.4, 'dimensionless')>, memory_limit=<Quantity(15637779456, 'dimensionless')>, vram_free=[11174.4375, 2502.6875], vram_total=[11178.5, 24268.3125])}
10-23-2021 15:01:11 StyleGANExperimentGenerator INFO     Creating task for StyleGANInferenceJob
10
10-23-2021 15:01:13 ClusterManager INFO     Still alive...
10-23-2021 15:01:13 Orchestrator INFO     Scheduling arrival of Arrival: c50589cb-cd5d-48e7-80fb-5b39e7f01492
10-23-2021 15:01:13 Orchestrator INFO     Deploying on cluster: c50589cb-cd5d-48e7-80fb-5b39e7f01492
10-23-2021 15:01:20 ResourceWatchDog INFO     Fetching job finish times...
10-23-2021 15:01:20 ResourceWatchDog INFO     Fetching resource information of cluster...
10-23-2021 15:01:21 ResourceWatchDog INFO     {'ubuntu94025': Resource(node_name='ubuntu94025', cpu_allocatable=<Quantity(24, 'dimensionless')>, memory_allocatable=<Quantity(65626416, 'Ki')>, cpu_requested=<Quantity(2.72, 'dimensionless')>, memory_requested=<Quantity(3570766848, 'dimensionless')>, cpu_limit=<Quantity(22.4, 'dimensionless')>, memory_limit=<Quantity(15637779456, 'dimensionless')>, vram_free=[11174.4375, 23783.6875], vram_total=[11178.5, 24268.3125])}
10-23-2021 15:01:23 ClusterManager INFO     Still alive...
10-23-2021 15:01:24 StyleGANExperimentGenerator INFO     Creating task for StyleGANInferenceJob
10
10-23-2021 15:01:28 Orchestrator INFO     Scheduling arrival of Arrival: 85f70947-4573-4576-92af-5af4c6b2fe89
10-23-2021 15:01:28 Orchestrator INFO     Deploying on cluster: 85f70947-4573-4576-92af-5af4c6b2fe89
10-23-2021 15:01:31 ResourceWatchDog INFO     Fetching job finish times...
10-23-2021 15:01:31 ResourceWatchDog INFO     Fetching resource information of cluster...
10-23-2021 15:01:31 ResourceWatchDog INFO     {'ubuntu94025': Resource(node_name='ubuntu94025', cpu_allocatable=<Quantity(24, 'dimensionless')>, memory_allocatable=<Quantity(65626416, 'Ki')>, cpu_requested=<Quantity(2.72, 'dimensionless')>, memory_requested=<Quantity(3570766848, 'dimensionless')>, cpu_limit=<Quantity(22.4, 'dimensionless')>, memory_limit=<Quantity(15637779456, 'dimensionless')>, vram_free=[11174.4375, 24264.6875], vram_total=[11178.5, 24268.3125])}
10-23-2021 15:01:33 ClusterManager INFO     Still alive...
10-23-2021 15:01:35 ResourceWatchDog INFO     Fetching resource information of cluster...
10-23-2021 15:01:35 ResourceWatchDog INFO     {'ubuntu94025': Resource(node_name='ubuntu94025', cpu_allocatable=<Quantity(24, 'dimensionless')>, memory_allocatable=<Quantity(65626416, 'Ki')>, cpu_requested=<Quantity(2.72, 'dimensionless')>, memory_requested=<Quantity(3570766848, 'dimensionless')>, cpu_limit=<Quantity(22.4, 'dimensionless')>, memory_limit=<Quantity(15637779456, 'dimensionless')>, vram_free=[7187.4375, 24264.6875], vram_total=[11178.5, 24268.3125])}
10-23-2021 15:01:36 StyleGANExperimentGenerator INFO     Creating task for StyleGANInferenceJob
10
10-23-2021 15:01:38 Orchestrator INFO     Scheduling arrival of Arrival: 8ce66f8c-3b13-4d25-97a1-e1b4e672e2f3
10-23-2021 15:01:38 Orchestrator INFO     Deploying on cluster: 8ce66f8c-3b13-4d25-97a1-e1b4e672e2f3
10-23-2021 15:01:41 ResourceWatchDog INFO     Fetching job finish times...
10-23-2021 15:01:41 ResourceWatchDog INFO     Fetching resource information of cluster...
10-23-2021 15:01:41 ResourceWatchDog INFO     {'ubuntu94025': Resource(node_name='ubuntu94025', cpu_allocatable=<Quantity(24, 'dimensionless')>, memory_allocatable=<Quantity(65626416, 'Ki')>, cpu_requested=<Quantity(2.72, 'dimensionless')>, memory_requested=<Quantity(3570766848, 'dimensionless')>, cpu_limit=<Quantity(22.4, 'dimensionless')>, memory_limit=<Quantity(15637779456, 'dimensionless')>, vram_free=[8935.4375, 3750.6875], vram_total=[11178.5, 24268.3125])}
10-23-2021 15:01:43 ClusterManager INFO     Still alive...
10-23-2021 15:01:49 StyleGANExperimentGenerator INFO     Creating task for StyleGANInferenceJob
10
10-23-2021 15:01:51 ResourceWatchDog INFO     Fetching job finish times...
10-23-2021 15:01:52 ResourceWatchDog INFO     Fetching resource information of cluster...
10-23-2021 15:01:52 ResourceWatchDog INFO     {'ubuntu94025': Resource(node_name='ubuntu94025', cpu_allocatable=<Quantity(24, 'dimensionless')>, memory_allocatable=<Quantity(65626416, 'Ki')>, cpu_requested=<Quantity(2.72, 'dimensionless')>, memory_requested=<Quantity(3570766848, 'dimensionless')>, cpu_limit=<Quantity(22.4, 'dimensionless')>, memory_limit=<Quantity(15637779456, 'dimensionless')>, vram_free=[8935.4375, 3512.6875], vram_total=[11178.5, 24268.3125])}
10-23-2021 15:01:53 ClusterManager INFO     Still alive...
10-23-2021 15:01:53 Orchestrator INFO     Scheduling arrival of Arrival: a0ccf6fa-e2e3-48f7-90cb-5e8354e18c16
10-23-2021 15:01:53 Orchestrator INFO     Deploying on cluster: a0ccf6fa-e2e3-48f7-90cb-5e8354e18c16
10-23-2021 15:01:58 StyleGANExperimentGenerator INFO     Creating task for StyleGANInferenceJob
10
10-23-2021 15:02:02 ResourceWatchDog INFO     Fetching job finish times...
10-23-2021 15:02:02 ResourceWatchDog INFO     Fetching resource information of cluster...
10-23-2021 15:02:02 ResourceWatchDog INFO     {'ubuntu94025': Resource(node_name='ubuntu94025', cpu_allocatable=<Quantity(24, 'dimensionless')>, memory_allocatable=<Quantity(65626416, 'Ki')>, cpu_requested=<Quantity(2.72, 'dimensionless')>, memory_requested=<Quantity(3570766848, 'dimensionless')>, cpu_limit=<Quantity(22.4, 'dimensionless')>, memory_limit=<Quantity(15637779456, 'dimensionless')>, vram_free=[11174.4375, 17771.6875], vram_total=[11178.5, 24268.3125])}
10-23-2021 15:02:03 ClusterManager INFO     Still alive...
10-23-2021 15:02:03 Orchestrator INFO     Scheduling arrival of Arrival: 0fc4df42-7efd-4075-8dbf-f2979d3e4106
10-23-2021 15:02:03 Orchestrator INFO     Deploying on cluster: 0fc4df42-7efd-4075-8dbf-f2979d3e4106
10-23-2021 15:02:12 ResourceWatchDog INFO     Fetching job finish times...
10-23-2021 15:02:12 ResourceWatchDog INFO     Fetching resource information of cluster...
10-23-2021 15:02:12 StyleGANExperimentGenerator INFO     Creating task for StyleGANInferenceJob
10
10-23-2021 15:02:12 ResourceWatchDog INFO     {'ubuntu94025': Resource(node_name='ubuntu94025', cpu_allocatable=<Quantity(24, 'dimensionless')>, memory_allocatable=<Quantity(65626416, 'Ki')>, cpu_requested=<Quantity(2.72, 'dimensionless')>, memory_requested=<Quantity(3570766848, 'dimensionless')>, cpu_limit=<Quantity(22.4, 'dimensionless')>, memory_limit=<Quantity(15637779456, 'dimensionless')>, vram_free=[11174.4375, 4567.6875], vram_total=[11178.5, 24268.3125])}
10-23-2021 15:02:13 ClusterManager INFO     Still alive...
10-23-2021 15:02:13 Orchestrator INFO     Scheduling arrival of Arrival: 584315cc-5200-415a-939c-5b399e2710a8
10-23-2021 15:02:13 Orchestrator INFO     Deploying on cluster: 584315cc-5200-415a-939c-5b399e2710a8
10-23-2021 15:02:20 StyleGANExperimentGenerator INFO     Creating task for StyleGANInferenceJob
10
10-23-2021 15:02:23 ResourceWatchDog INFO     Fetching job finish times...
10-23-2021 15:02:23 ClusterManager INFO     Still alive...
10-23-2021 15:02:23 ResourceWatchDog INFO     Fetching resource information of cluster...
10-23-2021 15:02:23 ResourceWatchDog INFO     {'ubuntu94025': Resource(node_name='ubuntu94025', cpu_allocatable=<Quantity(24, 'dimensionless')>, memory_allocatable=<Quantity(65626416, 'Ki')>, cpu_requested=<Quantity(2.72, 'dimensionless')>, memory_requested=<Quantity(3570766848, 'dimensionless')>, cpu_limit=<Quantity(22.4, 'dimensionless')>, memory_limit=<Quantity(15637779456, 'dimensionless')>, vram_free=[11174.4375, 24264.6875], vram_total=[11178.5, 24268.3125])}
10-23-2021 15:02:23 Orchestrator INFO     Scheduling arrival of Arrival: 64429390-5ea0-4c3a-938e-88445612d402
10-23-2021 15:02:23 Orchestrator INFO     Deploying on cluster: 64429390-5ea0-4c3a-938e-88445612d402
10-23-2021 15:02:28 StyleGANExperimentGenerator INFO     Creating task for StyleGANInferenceJob
10
10-23-2021 15:02:33 ClusterManager INFO     Still alive...
10-23-2021 15:02:33 ResourceWatchDog INFO     Fetching job finish times...
10-23-2021 15:02:33 Orchestrator INFO     Scheduling arrival of Arrival: c56661fe-71cc-4fed-a517-1e4b7e0839de
10-23-2021 15:02:33 Orchestrator INFO     Deploying on cluster: c56661fe-71cc-4fed-a517-1e4b7e0839de
10-23-2021 15:02:33 ResourceWatchDog INFO     Fetching resource information of cluster...
10-23-2021 15:02:33 ResourceWatchDog INFO     {'ubuntu94025': Resource(node_name='ubuntu94025', cpu_allocatable=<Quantity(24, 'dimensionless')>, memory_allocatable=<Quantity(65626416, 'Ki')>, cpu_requested=<Quantity(2.72, 'dimensionless')>, memory_requested=<Quantity(3570766848, 'dimensionless')>, cpu_limit=<Quantity(22.4, 'dimensionless')>, memory_limit=<Quantity(15637779456, 'dimensionless')>, vram_free=[1535.4375, 24264.6875], vram_total=[11178.5, 24268.3125])}
10-23-2021 15:02:35 ResourceWatchDog INFO     Fetching resource information of cluster...
10-23-2021 15:02:35 ResourceWatchDog INFO     {'ubuntu94025': Resource(node_name='ubuntu94025', cpu_allocatable=<Quantity(24, 'dimensionless')>, memory_allocatable=<Quantity(65626416, 'Ki')>, cpu_requested=<Quantity(2.72, 'dimensionless')>, memory_requested=<Quantity(3570766848, 'dimensionless')>, cpu_limit=<Quantity(22.4, 'dimensionless')>, memory_limit=<Quantity(15637779456, 'dimensionless')>, vram_free=[5939.4375, 24264.6875], vram_total=[11178.5, 24268.3125])}
10-23-2021 15:02:40 StyleGANExperimentGenerator INFO     Creating task for StyleGANInferenceJob
10
10-23-2021 15:02:43 ClusterManager INFO     Still alive...
10-23-2021 15:02:43 Orchestrator INFO     Scheduling arrival of Arrival: 2917ce4a-5488-4439-8347-fe0111e30f90
10-23-2021 15:02:43 Orchestrator INFO     Deploying on cluster: 2917ce4a-5488-4439-8347-fe0111e30f90
10-23-2021 15:02:43 ResourceWatchDog INFO     Fetching job finish times...
10-23-2021 15:02:44 ResourceWatchDog INFO     Fetching resource information of cluster...
10-23-2021 15:02:44 ResourceWatchDog INFO     {'ubuntu94025': Resource(node_name='ubuntu94025', cpu_allocatable=<Quantity(24, 'dimensionless')>, memory_allocatable=<Quantity(65626416, 'Ki')>, cpu_requested=<Quantity(2.72, 'dimensionless')>, memory_requested=<Quantity(3570766848, 'dimensionless')>, cpu_limit=<Quantity(22.4, 'dimensionless')>, memory_limit=<Quantity(15637779456, 'dimensionless')>, vram_free=[4913.4375, 3353.6875], vram_total=[11178.5, 24268.3125])}
10-23-2021 15:02:53 ClusterManager INFO     Still alive...
10-23-2021 15:02:54 ResourceWatchDog INFO     Fetching job finish times...
10-23-2021 15:02:54 ResourceWatchDog INFO     Fetching resource information of cluster...
10-23-2021 15:02:54 ResourceWatchDog INFO     {'ubuntu94025': Resource(node_name='ubuntu94025', cpu_allocatable=<Quantity(24, 'dimensionless')>, memory_allocatable=<Quantity(65626416, 'Ki')>, cpu_requested=<Quantity(2.72, 'dimensionless')>, memory_requested=<Quantity(3570766848, 'dimensionless')>, cpu_limit=<Quantity(22.4, 'dimensionless')>, memory_limit=<Quantity(15637779456, 'dimensionless')>, vram_free=[4913.4375, 1606.6875], vram_total=[11178.5, 24268.3125])}
10-23-2021 15:02:55 StyleGANExperimentGenerator INFO     Creating task for StyleGANInferenceJob
10
10-23-2021 15:02:58 Orchestrator INFO     Scheduling arrival of Arrival: fb3aff87-6dba-4a70-b2fa-b763256b5c69
10-23-2021 15:02:58 Orchestrator INFO     Deploying on cluster: fb3aff87-6dba-4a70-b2fa-b763256b5c69
10-23-2021 15:03:03 ClusterManager INFO     Still alive...
10-23-2021 15:03:04 ResourceWatchDog INFO     Fetching job finish times...
10-23-2021 15:03:04 ResourceWatchDog INFO     Fetching resource information of cluster...
10-23-2021 15:03:05 ResourceWatchDog INFO     {'ubuntu94025': Resource(node_name='ubuntu94025', cpu_allocatable=<Quantity(24, 'dimensionless')>, memory_allocatable=<Quantity(65626416, 'Ki')>, cpu_requested=<Quantity(2.72, 'dimensionless')>, memory_requested=<Quantity(3570766848, 'dimensionless')>, cpu_limit=<Quantity(22.4, 'dimensionless')>, memory_limit=<Quantity(15637779456, 'dimensionless')>, vram_free=[4913.4375, 885.6875], vram_total=[11178.5, 24268.3125])}
10
10-23-2021 15:03:08 StyleGANExperimentGenerator INFO     Creating task for StyleGANInferenceJob
10-23-2021 15:03:13 ClusterManager INFO     Still alive...
10-23-2021 15:03:13 Orchestrator INFO     Scheduling arrival of Arrival: cc47a46e-ed6d-4f20-8916-aa9b6138e7d7
10-23-2021 15:03:13 Orchestrator INFO     Deploying on cluster: cc47a46e-ed6d-4f20-8916-aa9b6138e7d7
10-23-2021 15:03:15 ResourceWatchDog INFO     Fetching job finish times...
10-23-2021 15:03:15 ResourceWatchDog INFO     Fetching resource information of cluster...
10-23-2021 15:03:15 ResourceWatchDog INFO     {'ubuntu94025': Resource(node_name='ubuntu94025', cpu_allocatable=<Quantity(24, 'dimensionless')>, memory_allocatable=<Quantity(65626416, 'Ki')>, cpu_requested=<Quantity(2.72, 'dimensionless')>, memory_requested=<Quantity(3570766848, 'dimensionless')>, cpu_limit=<Quantity(22.4, 'dimensionless')>, memory_limit=<Quantity(15637779456, 'dimensionless')>, vram_free=[4913.4375, 1810.6875], vram_total=[11178.5, 24268.3125])}
10-23-2021 15:03:21 StyleGANExperimentGenerator INFO     Creating task for StyleGANInferenceJob
10
10-23-2021 15:03:23 ClusterManager INFO     Still alive...
10-23-2021 15:03:23 Orchestrator INFO     Scheduling arrival of Arrival: c60c575a-d2fa-4cf0-8bba-e9bc34429ed0
10-23-2021 15:03:23 Orchestrator INFO     Deploying on cluster: c60c575a-d2fa-4cf0-8bba-e9bc34429ed0
10-23-2021 15:03:25 ResourceWatchDog INFO     Fetching job finish times...
10-23-2021 15:03:25 ResourceWatchDog INFO     Fetching resource information of cluster...
10-23-2021 15:03:25 ResourceWatchDog INFO     {'ubuntu94025': Resource(node_name='ubuntu94025', cpu_allocatable=<Quantity(24, 'dimensionless')>, memory_allocatable=<Quantity(65626416, 'Ki')>, cpu_requested=<Quantity(2.72, 'dimensionless')>, memory_requested=<Quantity(3570766848, 'dimensionless')>, cpu_limit=<Quantity(22.4, 'dimensionless')>, memory_limit=<Quantity(15637779456, 'dimensionless')>, vram_free=[4913.4375, 547.6875], vram_total=[11178.5, 24268.3125])}
10
10-23-2021 15:03:31 StyleGANExperimentGenerator INFO     Creating task for StyleGANInferenceJob
10-23-2021 15:03:33 ClusterManager INFO     Still alive...
10-23-2021 15:03:33 Orchestrator INFO     Scheduling arrival of Arrival: 18384f1b-26d0-4662-ad1e-17bef472b38d
10-23-2021 15:03:33 Orchestrator INFO     Deploying on cluster: 18384f1b-26d0-4662-ad1e-17bef472b38d
10-23-2021 15:03:35 ResourceWatchDog INFO     Fetching job finish times...
10-23-2021 15:03:36 ResourceWatchDog INFO     Fetching resource information of cluster...
10-23-2021 15:03:36 ResourceWatchDog INFO     {'ubuntu94025': Resource(node_name='ubuntu94025', cpu_allocatable=<Quantity(24, 'dimensionless')>, memory_allocatable=<Quantity(65626416, 'Ki')>, cpu_requested=<Quantity(2.72, 'dimensionless')>, memory_requested=<Quantity(3570766848, 'dimensionless')>, cpu_limit=<Quantity(22.4, 'dimensionless')>, memory_limit=<Quantity(15637779456, 'dimensionless')>, vram_free=[11174.4375, 2942.6875], vram_total=[11178.5, 24268.3125])}
10-23-2021 15:03:37 ResourceWatchDog INFO     Fetching resource information of cluster...
10-23-2021 15:03:37 ResourceWatchDog INFO     {'ubuntu94025': Resource(node_name='ubuntu94025', cpu_allocatable=<Quantity(24, 'dimensionless')>, memory_allocatable=<Quantity(65626416, 'Ki')>, cpu_requested=<Quantity(2.72, 'dimensionless')>, memory_requested=<Quantity(3570766848, 'dimensionless')>, cpu_limit=<Quantity(22.4, 'dimensionless')>, memory_limit=<Quantity(15637779456, 'dimensionless')>, vram_free=[11174.4375, 2632.6875], vram_total=[11178.5, 24268.3125])}
10-23-2021 15:03:39 StyleGANExperimentGenerator INFO     Creating task for StyleGANInferenceJob
10
10-23-2021 15:03:43 ClusterManager INFO     Still alive...
10-23-2021 15:03:43 Orchestrator INFO     Scheduling arrival of Arrival: 35a6d59a-bad1-492e-a726-1f6c3ebc2b48
10-23-2021 15:03:43 Orchestrator INFO     Deploying on cluster: 35a6d59a-bad1-492e-a726-1f6c3ebc2b48
10-23-2021 15:03:46 ResourceWatchDog INFO     Fetching job finish times...
10-23-2021 15:03:46 ResourceWatchDog INFO     Fetching resource information of cluster...
10-23-2021 15:03:46 ResourceWatchDog INFO     {'ubuntu94025': Resource(node_name='ubuntu94025', cpu_allocatable=<Quantity(24, 'dimensionless')>, memory_allocatable=<Quantity(65626416, 'Ki')>, cpu_requested=<Quantity(2.72, 'dimensionless')>, memory_requested=<Quantity(3570766848, 'dimensionless')>, cpu_limit=<Quantity(22.4, 'dimensionless')>, memory_limit=<Quantity(15637779456, 'dimensionless')>, vram_free=[9063.4375, 2180.6875], vram_total=[11178.5, 24268.3125])}
10-23-2021 15:03:53 ClusterManager INFO     Still alive...
10
10-23-2021 15:03:54 StyleGANExperimentGenerator INFO     Creating task for StyleGANInferenceJob
10-23-2021 15:03:56 ResourceWatchDog INFO     Fetching job finish times...
10-23-2021 15:03:57 ResourceWatchDog INFO     Fetching resource information of cluster...
10-23-2021 15:03:57 ResourceWatchDog INFO     {'ubuntu94025': Resource(node_name='ubuntu94025', cpu_allocatable=<Quantity(24, 'dimensionless')>, memory_allocatable=<Quantity(65626416, 'Ki')>, cpu_requested=<Quantity(2.72, 'dimensionless')>, memory_requested=<Quantity(3570766848, 'dimensionless')>, cpu_limit=<Quantity(22.4, 'dimensionless')>, memory_limit=<Quantity(15637779456, 'dimensionless')>, vram_free=[1203.4375, 344.6875], vram_total=[11178.5, 24268.3125])}
10-23-2021 15:03:58 Orchestrator INFO     Scheduling arrival of Arrival: b7d3354a-659f-4f95-acf3-128230e99bc1
10-23-2021 15:03:58 Orchestrator INFO     Deploying on cluster: b7d3354a-659f-4f95-acf3-128230e99bc1
10-23-2021 15:04:03 ClusterManager INFO     Still alive...
10-23-2021 15:04:04 StyleGANExperimentGenerator INFO     Creating task for StyleGANInferenceJob
10
10-23-2021 15:04:07 ResourceWatchDog INFO     Fetching job finish times...
10-23-2021 15:04:07 ResourceWatchDog INFO     Fetching resource information of cluster...
10-23-2021 15:04:07 ResourceWatchDog INFO     {'ubuntu94025': Resource(node_name='ubuntu94025', cpu_allocatable=<Quantity(24, 'dimensionless')>, memory_allocatable=<Quantity(65626416, 'Ki')>, cpu_requested=<Quantity(2.72, 'dimensionless')>, memory_requested=<Quantity(3570766848, 'dimensionless')>, cpu_limit=<Quantity(22.4, 'dimensionless')>, memory_limit=<Quantity(15637779456, 'dimensionless')>, vram_free=[11174.4375, 79.6875], vram_total=[11178.5, 24268.3125])}
10-23-2021 15:04:08 Orchestrator INFO     Scheduling arrival of Arrival: 0b3d2685-c6fa-4e62-892d-758dcc6de72d
10-23-2021 15:04:08 Orchestrator INFO     Deploying on cluster: 0b3d2685-c6fa-4e62-892d-758dcc6de72d
10-23-2021 15:04:11 StyleGANExperimentGenerator INFO     Creating task for StyleGANInferenceJob
10
10-23-2021 15:04:13 ClusterManager INFO     Still alive...
10-23-2021 15:04:13 Orchestrator INFO     Scheduling arrival of Arrival: 4971f36b-7c40-4e2a-8cfa-127050fa5980
10-23-2021 15:04:13 Orchestrator INFO     Deploying on cluster: 4971f36b-7c40-4e2a-8cfa-127050fa5980
10-23-2021 15:04:17 ResourceWatchDog INFO     Fetching job finish times...
10-23-2021 15:04:17 ResourceWatchDog INFO     Fetching resource information of cluster...
10-23-2021 15:04:18 ResourceWatchDog INFO     {'ubuntu94025': Resource(node_name='ubuntu94025', cpu_allocatable=<Quantity(24, 'dimensionless')>, memory_allocatable=<Quantity(65626416, 'Ki')>, cpu_requested=<Quantity(2.72, 'dimensionless')>, memory_requested=<Quantity(3570766848, 'dimensionless')>, cpu_limit=<Quantity(22.4, 'dimensionless')>, memory_limit=<Quantity(15637779456, 'dimensionless')>, vram_free=[1349.4375, 2830.6875], vram_total=[11178.5, 24268.3125])}
10-23-2021 15:04:19 StyleGANExperimentGenerator INFO     Creating task for StyleGANInferenceJob
10
10-23-2021 15:04:23 ClusterManager INFO     Still alive...
10-23-2021 15:04:23 Orchestrator INFO     Scheduling arrival of Arrival: 0c1a00d7-2d6d-448b-bfce-78770b2d3cde
10-23-2021 15:04:23 Orchestrator INFO     Deploying on cluster: 0c1a00d7-2d6d-448b-bfce-78770b2d3cde
10-23-2021 15:04:28 ResourceWatchDog INFO     Fetching job finish times...
10-23-2021 15:04:28 ResourceWatchDog INFO     Fetching resource information of cluster...
10-23-2021 15:04:28 ResourceWatchDog INFO     {'ubuntu94025': Resource(node_name='ubuntu94025', cpu_allocatable=<Quantity(24, 'dimensionless')>, memory_allocatable=<Quantity(65626416, 'Ki')>, cpu_requested=<Quantity(2.72, 'dimensionless')>, memory_requested=<Quantity(3570766848, 'dimensionless')>, cpu_limit=<Quantity(22.4, 'dimensionless')>, memory_limit=<Quantity(15637779456, 'dimensionless')>, vram_free=[11007.4375, 22324.6875], vram_total=[11178.5, 24268.3125])}
10-23-2021 15:04:32 StyleGANExperimentGenerator INFO     Creating task for StyleGANInferenceJob
10
10-23-2021 15:04:33 ClusterManager INFO     Still alive...
10-23-2021 15:04:33 Orchestrator INFO     Scheduling arrival of Arrival: 08d94382-604e-4952-81a9-c7e449742068
10-23-2021 15:04:33 Orchestrator INFO     Deploying on cluster: 08d94382-604e-4952-81a9-c7e449742068
10-23-2021 15:04:37 ResourceWatchDog INFO     Fetching resource information of cluster...
10-23-2021 15:04:37 ResourceWatchDog INFO     {'ubuntu94025': Resource(node_name='ubuntu94025', cpu_allocatable=<Quantity(24, 'dimensionless')>, memory_allocatable=<Quantity(65626416, 'Ki')>, cpu_requested=<Quantity(2.72, 'dimensionless')>, memory_requested=<Quantity(3570766848, 'dimensionless')>, cpu_limit=<Quantity(22.4, 'dimensionless')>, memory_limit=<Quantity(15637779456, 'dimensionless')>, vram_free=[8629.4375, 261.6875], vram_total=[11178.5, 24268.3125])}
10-23-2021 15:04:38 ResourceWatchDog INFO     Fetching job finish times...
10-23-2021 15:04:38 ResourceWatchDog INFO     Fetching resource information of cluster...
10-23-2021 15:04:39 ResourceWatchDog INFO     {'ubuntu94025': Resource(node_name='ubuntu94025', cpu_allocatable=<Quantity(24, 'dimensionless')>, memory_allocatable=<Quantity(65626416, 'Ki')>, cpu_requested=<Quantity(2.72, 'dimensionless')>, memory_requested=<Quantity(3570766848, 'dimensionless')>, cpu_limit=<Quantity(22.4, 'dimensionless')>, memory_limit=<Quantity(15637779456, 'dimensionless')>, vram_free=[8053.4375, 3044.6875], vram_total=[11178.5, 24268.3125])}
10-23-2021 15:04:43 ClusterManager INFO     Still alive...
10-23-2021 15:04:47 StyleGANExperimentGenerator INFO     Creating task for StyleGANInferenceJob
10
10-23-2021 15:04:48 Orchestrator INFO     Scheduling arrival of Arrival: 713283b4-d42e-48a1-8190-3d4732844fc2
10-23-2021 15:04:48 Orchestrator INFO     Deploying on cluster: 713283b4-d42e-48a1-8190-3d4732844fc2
10-23-2021 15:04:49 ResourceWatchDog INFO     Fetching job finish times...
10-23-2021 15:04:49 ResourceWatchDog INFO     Fetching resource information of cluster...
10-23-2021 15:04:49 ResourceWatchDog INFO     {'ubuntu94025': Resource(node_name='ubuntu94025', cpu_allocatable=<Quantity(24, 'dimensionless')>, memory_allocatable=<Quantity(65626416, 'Ki')>, cpu_requested=<Quantity(2.72, 'dimensionless')>, memory_requested=<Quantity(3570766848, 'dimensionless')>, cpu_limit=<Quantity(22.4, 'dimensionless')>, memory_limit=<Quantity(15637779456, 'dimensionless')>, vram_free=[2914.4375, 3064.6875], vram_total=[11178.5, 24268.3125])}
10-23-2021 15:04:53 ClusterManager INFO     Still alive...
10-23-2021 15:04:55 StyleGANExperimentGenerator INFO     Creating task for StyleGANInferenceJob
10
10-23-2021 15:04:58 Orchestrator INFO     Scheduling arrival of Arrival: b9ba1214-471d-47fe-a00e-fd6a083ea3b1
10-23-2021 15:04:58 Orchestrator INFO     Deploying on cluster: b9ba1214-471d-47fe-a00e-fd6a083ea3b1
10-23-2021 15:04:59 ResourceWatchDog INFO     Fetching job finish times...
10-23-2021 15:04:59 ResourceWatchDog INFO     Fetching resource information of cluster...
10-23-2021 15:05:00 ResourceWatchDog INFO     {'ubuntu94025': Resource(node_name='ubuntu94025', cpu_allocatable=<Quantity(24, 'dimensionless')>, memory_allocatable=<Quantity(65626416, 'Ki')>, cpu_requested=<Quantity(2.72, 'dimensionless')>, memory_requested=<Quantity(3570766848, 'dimensionless')>, cpu_limit=<Quantity(22.4, 'dimensionless')>, memory_limit=<Quantity(15637779456, 'dimensionless')>, vram_free=[4735.4375, 4545.6875], vram_total=[11178.5, 24268.3125])}
10-23-2021 15:05:02 StyleGANExperimentGenerator INFO     Creating task for StyleGANInferenceJob
10
10-23-2021 15:05:03 ClusterManager INFO     Still alive...
10-23-2021 15:05:03 Orchestrator INFO     Scheduling arrival of Arrival: d649a224-d050-42f8-9bee-fef31135eeb2
10-23-2021 15:05:03 Orchestrator INFO     Deploying on cluster: d649a224-d050-42f8-9bee-fef31135eeb2
10-23-2021 15:05:10 ResourceWatchDog INFO     Fetching job finish times...
10-23-2021 15:05:10 ResourceWatchDog INFO     Fetching resource information of cluster...
10-23-2021 15:05:10 ResourceWatchDog INFO     {'ubuntu94025': Resource(node_name='ubuntu94025', cpu_allocatable=<Quantity(24, 'dimensionless')>, memory_allocatable=<Quantity(65626416, 'Ki')>, cpu_requested=<Quantity(2.72, 'dimensionless')>, memory_requested=<Quantity(3570766848, 'dimensionless')>, cpu_limit=<Quantity(22.4, 'dimensionless')>, memory_limit=<Quantity(15637779456, 'dimensionless')>, vram_free=[342.4375, 795.6875], vram_total=[11178.5, 24268.3125])}
10-23-2021 15:05:11 StyleGANExperimentGenerator INFO     Creating task for StyleGANInferenceJob
10
10-23-2021 15:05:13 ClusterManager INFO     Still alive...
10-23-2021 15:05:13 Orchestrator INFO     Scheduling arrival of Arrival: 9b263387-3ba7-4cb1-be6a-1e448d06d3af
10-23-2021 15:05:13 Orchestrator INFO     Deploying on cluster: 9b263387-3ba7-4cb1-be6a-1e448d06d3af
10-23-2021 15:05:17 StyleGANExperimentGenerator INFO     Creating task for StyleGANInferenceJob
10
10-23-2021 15:05:18 Orchestrator INFO     Scheduling arrival of Arrival: 005708ae-84b6-4397-bbee-f5cdcc3ddd76
10-23-2021 15:05:18 Orchestrator INFO     Deploying on cluster: 005708ae-84b6-4397-bbee-f5cdcc3ddd76
10-23-2021 15:05:20 ResourceWatchDog INFO     Fetching job finish times...
10-23-2021 15:05:20 ResourceWatchDog INFO     Fetching resource information of cluster...
10-23-2021 15:05:21 ResourceWatchDog INFO     {'ubuntu94025': Resource(node_name='ubuntu94025', cpu_allocatable=<Quantity(24, 'dimensionless')>, memory_allocatable=<Quantity(65626416, 'Ki')>, cpu_requested=<Quantity(2.72, 'dimensionless')>, memory_requested=<Quantity(3570766848, 'dimensionless')>, cpu_limit=<Quantity(22.4, 'dimensionless')>, memory_limit=<Quantity(15637779456, 'dimensionless')>, vram_free=[10801.4375, 6918.6875], vram_total=[11178.5, 24268.3125])}
10-23-2021 15:05:23 ClusterManager INFO     Still alive...
10-23-2021 15:05:31 ResourceWatchDog INFO     Fetching job finish times...
10-23-2021 15:05:31 ResourceWatchDog INFO     Fetching resource information of cluster...
10-23-2021 15:05:31 ResourceWatchDog INFO     {'ubuntu94025': Resource(node_name='ubuntu94025', cpu_allocatable=<Quantity(24, 'dimensionless')>, memory_allocatable=<Quantity(65626416, 'Ki')>, cpu_requested=<Quantity(2.72, 'dimensionless')>, memory_requested=<Quantity(3570766848, 'dimensionless')>, cpu_limit=<Quantity(22.4, 'dimensionless')>, memory_limit=<Quantity(15637779456, 'dimensionless')>, vram_free=[150.4375, 580.6875], vram_total=[11178.5, 24268.3125])}
10-23-2021 15:05:33 StyleGANExperimentGenerator INFO     Creating task for StyleGANInferenceJob
10
10-23-2021 15:05:33 ClusterManager INFO     Still alive...
10-23-2021 15:05:33 Orchestrator INFO     Scheduling arrival of Arrival: 83c57351-54c1-4ce8-90f4-cfc3694d6f6b
10-23-2021 15:05:33 Orchestrator INFO     Deploying on cluster: 83c57351-54c1-4ce8-90f4-cfc3694d6f6b
10-23-2021 15:05:38 ResourceWatchDog INFO     Fetching resource information of cluster...
10-23-2021 15:05:38 ResourceWatchDog INFO     {'ubuntu94025': Resource(node_name='ubuntu94025', cpu_allocatable=<Quantity(24, 'dimensionless')>, memory_allocatable=<Quantity(65626416, 'Ki')>, cpu_requested=<Quantity(2.72, 'dimensionless')>, memory_requested=<Quantity(3570766848, 'dimensionless')>, cpu_limit=<Quantity(22.4, 'dimensionless')>, memory_limit=<Quantity(15637779456, 'dimensionless')>, vram_free=[670.4375, 819.6875], vram_total=[11178.5, 24268.3125])}
10-23-2021 15:05:41 ResourceWatchDog INFO     Fetching job finish times...
10-23-2021 15:05:41 ResourceWatchDog INFO     Fetching resource information of cluster...
10-23-2021 15:05:42 ResourceWatchDog INFO     {'ubuntu94025': Resource(node_name='ubuntu94025', cpu_allocatable=<Quantity(24, 'dimensionless')>, memory_allocatable=<Quantity(65626416, 'Ki')>, cpu_requested=<Quantity(2.72, 'dimensionless')>, memory_requested=<Quantity(3570766848, 'dimensionless')>, cpu_limit=<Quantity(22.4, 'dimensionless')>, memory_limit=<Quantity(15637779456, 'dimensionless')>, vram_free=[11174.4375, 15755.6875], vram_total=[11178.5, 24268.3125])}
10
10-23-2021 15:05:43 StyleGANExperimentGenerator INFO     Creating task for StyleGANInferenceJob
10-23-2021 15:05:43 ClusterManager INFO     Still alive...
10-23-2021 15:05:43 Orchestrator INFO     Scheduling arrival of Arrival: 8607c2d6-2032-4977-983c-fa2607585d5b
10-23-2021 15:05:43 Orchestrator INFO     Deploying on cluster: 8607c2d6-2032-4977-983c-fa2607585d5b
10-23-2021 15:05:52 ResourceWatchDog INFO     Fetching job finish times...
10-23-2021 15:05:52 ResourceWatchDog INFO     Fetching resource information of cluster...
10-23-2021 15:05:52 ResourceWatchDog INFO     {'ubuntu94025': Resource(node_name='ubuntu94025', cpu_allocatable=<Quantity(24, 'dimensionless')>, memory_allocatable=<Quantity(65626416, 'Ki')>, cpu_requested=<Quantity(2.72, 'dimensionless')>, memory_requested=<Quantity(3570766848, 'dimensionless')>, cpu_limit=<Quantity(22.4, 'dimensionless')>, memory_limit=<Quantity(15637779456, 'dimensionless')>, vram_free=[10831.4375, 404.6875], vram_total=[11178.5, 24268.3125])}
10-23-2021 15:05:53 ClusterManager INFO     Still alive...
10-23-2021 15:06:01 StyleGANExperimentGenerator INFO     Creating task for StyleGANInferenceJob
10
10-23-2021 15:06:02 ResourceWatchDog INFO     Fetching job finish times...
10-23-2021 15:06:02 ResourceWatchDog INFO     Fetching resource information of cluster...
10-23-2021 15:06:03 ResourceWatchDog INFO     {'ubuntu94025': Resource(node_name='ubuntu94025', cpu_allocatable=<Quantity(24, 'dimensionless')>, memory_allocatable=<Quantity(65626416, 'Ki')>, cpu_requested=<Quantity(2.72, 'dimensionless')>, memory_requested=<Quantity(3570766848, 'dimensionless')>, cpu_limit=<Quantity(22.4, 'dimensionless')>, memory_limit=<Quantity(15637779456, 'dimensionless')>, vram_free=[5358.4375, 9137.6875], vram_total=[11178.5, 24268.3125])}
10-23-2021 15:06:03 ClusterManager INFO     Still alive...
10-23-2021 15:06:03 Orchestrator INFO     Scheduling arrival of Arrival: 8a4e3458-94d3-4d01-90a7-e1c6d5c91369
10-23-2021 15:06:03 Orchestrator INFO     Deploying on cluster: 8a4e3458-94d3-4d01-90a7-e1c6d5c91369
10-23-2021 15:06:11 StyleGANExperimentGenerator INFO     Creating task for StyleGANInferenceJob
10
10-23-2021 15:06:13 ResourceWatchDog INFO     Fetching job finish times...
10-23-2021 15:06:13 ClusterManager INFO     Still alive...
10-23-2021 15:06:13 ResourceWatchDog INFO     Fetching resource information of cluster...
10-23-2021 15:06:13 ResourceWatchDog INFO     {'ubuntu94025': Resource(node_name='ubuntu94025', cpu_allocatable=<Quantity(24, 'dimensionless')>, memory_allocatable=<Quantity(65626416, 'Ki')>, cpu_requested=<Quantity(2.72, 'dimensionless')>, memory_requested=<Quantity(3570766848, 'dimensionless')>, cpu_limit=<Quantity(22.4, 'dimensionless')>, memory_limit=<Quantity(15637779456, 'dimensionless')>, vram_free=[404.4375, 7729.6875], vram_total=[11178.5, 24268.3125])}
10-23-2021 15:06:13 Orchestrator INFO     Scheduling arrival of Arrival: 98786800-c195-41a9-8d88-b5822bd95710
10-23-2021 15:06:13 Orchestrator INFO     Deploying on cluster: 98786800-c195-41a9-8d88-b5822bd95710
10-23-2021 15:06:19 StyleGANExperimentGenerator INFO     Creating task for StyleGANInferenceJob
10
10-23-2021 15:06:23 ClusterManager INFO     Still alive...
10-23-2021 15:06:23 ResourceWatchDog INFO     Fetching job finish times...
10-23-2021 15:06:23 ResourceWatchDog INFO     Fetching resource information of cluster...
10-23-2021 15:06:23 Orchestrator INFO     Scheduling arrival of Arrival: ad0f5fb3-a500-4874-89b3-51f34647ace6
10-23-2021 15:06:23 Orchestrator INFO     Deploying on cluster: ad0f5fb3-a500-4874-89b3-51f34647ace6
10-23-2021 15:06:24 ResourceWatchDog INFO     {'ubuntu94025': Resource(node_name='ubuntu94025', cpu_allocatable=<Quantity(24, 'dimensionless')>, memory_allocatable=<Quantity(65626416, 'Ki')>, cpu_requested=<Quantity(2.72, 'dimensionless')>, memory_requested=<Quantity(3570766848, 'dimensionless')>, cpu_limit=<Quantity(22.4, 'dimensionless')>, memory_limit=<Quantity(15637779456, 'dimensionless')>, vram_free=[686.4375, 24264.6875], vram_total=[11178.5, 24268.3125])}
10-23-2021 15:06:30 StyleGANExperimentGenerator INFO     Creating task for StyleGANInferenceJob
10
10-23-2021 15:06:33 StyleGANExperimentGenerator INFO     Creating task for StyleGANInferenceJob
10
10-23-2021 15:06:33 ClusterManager INFO     Still alive...
10-23-2021 15:06:33 Orchestrator INFO     Scheduling arrival of Arrival: f3a567a1-0296-44d8-a3de-09cd89de8ec2
10-23-2021 15:06:33 Orchestrator INFO     Deploying on cluster: f3a567a1-0296-44d8-a3de-09cd89de8ec2
10-23-2021 15:06:33 Orchestrator INFO     Scheduling arrival of Arrival: 7845939b-adc9-443e-a8f1-e7e39387593a
10-23-2021 15:06:33 Orchestrator INFO     Deploying on cluster: 7845939b-adc9-443e-a8f1-e7e39387593a
10-23-2021 15:06:34 ResourceWatchDog INFO     Fetching job finish times...
10-23-2021 15:06:34 ResourceWatchDog INFO     Fetching resource information of cluster...
10-23-2021 15:06:34 ResourceWatchDog INFO     {'ubuntu94025': Resource(node_name='ubuntu94025', cpu_allocatable=<Quantity(24, 'dimensionless')>, memory_allocatable=<Quantity(65626416, 'Ki')>, cpu_requested=<Quantity(2.72, 'dimensionless')>, memory_requested=<Quantity(3570766848, 'dimensionless')>, cpu_limit=<Quantity(22.4, 'dimensionless')>, memory_limit=<Quantity(15637779456, 'dimensionless')>, vram_free=[404.4375, 4567.6875], vram_total=[11178.5, 24268.3125])}
10-23-2021 15:06:39 ResourceWatchDog INFO     Fetching resource information of cluster...
10-23-2021 15:06:39 ResourceWatchDog INFO     {'ubuntu94025': Resource(node_name='ubuntu94025', cpu_allocatable=<Quantity(24, 'dimensionless')>, memory_allocatable=<Quantity(65626416, 'Ki')>, cpu_requested=<Quantity(2.72, 'dimensionless')>, memory_requested=<Quantity(3570766848, 'dimensionless')>, cpu_limit=<Quantity(22.4, 'dimensionless')>, memory_limit=<Quantity(15637779456, 'dimensionless')>, vram_free=[127.4375, 23497.6875], vram_total=[11178.5, 24268.3125])}
10-23-2021 15:06:43 ClusterManager INFO     Still alive...
10-23-2021 15:06:44 ResourceWatchDog INFO     Fetching job finish times...
10-23-2021 15:06:44 ResourceWatchDog INFO     Fetching resource information of cluster...
10-23-2021 15:06:45 ResourceWatchDog INFO     {'ubuntu94025': Resource(node_name='ubuntu94025', cpu_allocatable=<Quantity(24, 'dimensionless')>, memory_allocatable=<Quantity(65626416, 'Ki')>, cpu_requested=<Quantity(2.72, 'dimensionless')>, memory_requested=<Quantity(3570766848, 'dimensionless')>, cpu_limit=<Quantity(22.4, 'dimensionless')>, memory_limit=<Quantity(15637779456, 'dimensionless')>, vram_free=[12.4375, 2373.6875], vram_total=[11178.5, 24268.3125])}
10-23-2021 15:06:48 StyleGANExperimentGenerator INFO     Creating task for StyleGANInferenceJob
10
10-23-2021 15:06:48 Orchestrator INFO     Scheduling arrival of Arrival: a3d097da-bcaa-4859-a24f-cc384ceaac48
10-23-2021 15:06:48 Orchestrator INFO     Deploying on cluster: a3d097da-bcaa-4859-a24f-cc384ceaac48
10-23-2021 15:06:53 ClusterManager INFO     Still alive...
10
10-23-2021 15:06:54 StyleGANExperimentGenerator INFO     Creating task for StyleGANInferenceJob
10-23-2021 15:06:55 ResourceWatchDog INFO     Fetching job finish times...
10-23-2021 15:06:55 ResourceWatchDog INFO     Fetching resource information of cluster...
10-23-2021 15:06:55 ResourceWatchDog INFO     {'ubuntu94025': Resource(node_name='ubuntu94025', cpu_allocatable=<Quantity(24, 'dimensionless')>, memory_allocatable=<Quantity(65626416, 'Ki')>, cpu_requested=<Quantity(2.72, 'dimensionless')>, memory_requested=<Quantity(3570766848, 'dimensionless')>, cpu_limit=<Quantity(22.4, 'dimensionless')>, memory_limit=<Quantity(15637779456, 'dimensionless')>, vram_free=[10347.4375, 22967.6875], vram_total=[11178.5, 24268.3125])}
10-23-2021 15:06:58 Orchestrator INFO     Scheduling arrival of Arrival: 333384ad-bb6e-45dc-a91d-b022b7f8f485
10-23-2021 15:06:58 Orchestrator INFO     Deploying on cluster: 333384ad-bb6e-45dc-a91d-b022b7f8f485
10
10-23-2021 15:07:01 StyleGANExperimentGenerator INFO     Creating task for StyleGANInferenceJob
10-23-2021 15:07:03 ClusterManager INFO     Still alive...
10-23-2021 15:07:03 Orchestrator INFO     Scheduling arrival of Arrival: 1e97d78b-7269-4001-91e4-125d01f27216
10-23-2021 15:07:03 Orchestrator INFO     Deploying on cluster: 1e97d78b-7269-4001-91e4-125d01f27216
10-23-2021 15:07:05 ResourceWatchDog INFO     Fetching job finish times...
10-23-2021 15:07:06 ResourceWatchDog INFO     Fetching resource information of cluster...
10-23-2021 15:07:06 ResourceWatchDog INFO     {'ubuntu94025': Resource(node_name='ubuntu94025', cpu_allocatable=<Quantity(24, 'dimensionless')>, memory_allocatable=<Quantity(65626416, 'Ki')>, cpu_requested=<Quantity(2.72, 'dimensionless')>, memory_requested=<Quantity(3570766848, 'dimensionless')>, cpu_limit=<Quantity(22.4, 'dimensionless')>, memory_limit=<Quantity(15637779456, 'dimensionless')>, vram_free=[1955.4375, 22370.6875], vram_total=[11178.5, 24268.3125])}
10
10-23-2021 15:07:10 StyleGANExperimentGenerator INFO     Creating task for StyleGANInferenceJob
10-23-2021 15:07:13 ClusterManager INFO     Still alive...
10-23-2021 15:07:13 Orchestrator INFO     Scheduling arrival of Arrival: 5fbe3ae9-4d7b-4087-8a4c-b779d5e69794
10-23-2021 15:07:13 Orchestrator INFO     Deploying on cluster: 5fbe3ae9-4d7b-4087-8a4c-b779d5e69794
10-23-2021 15:07:16 ResourceWatchDog INFO     Fetching job finish times...
10-23-2021 15:07:16 ResourceWatchDog INFO     Fetching resource information of cluster...
10-23-2021 15:07:16 ResourceWatchDog INFO     {'ubuntu94025': Resource(node_name='ubuntu94025', cpu_allocatable=<Quantity(24, 'dimensionless')>, memory_allocatable=<Quantity(65626416, 'Ki')>, cpu_requested=<Quantity(2.72, 'dimensionless')>, memory_requested=<Quantity(3570766848, 'dimensionless')>, cpu_limit=<Quantity(22.4, 'dimensionless')>, memory_limit=<Quantity(15637779456, 'dimensionless')>, vram_free=[813.4375, 14194.6875], vram_total=[11178.5, 24268.3125])}
10-23-2021 15:07:21 StyleGANExperimentGenerator INFO     Creating task for StyleGANInferenceJob
10
10-23-2021 15:07:23 ClusterManager INFO     Still alive...
10-23-2021 15:07:23 Orchestrator INFO     Scheduling arrival of Arrival: 39e251be-994f-470b-bba2-474b9ef5869b
10-23-2021 15:07:23 Orchestrator INFO     Deploying on cluster: 39e251be-994f-470b-bba2-474b9ef5869b
10-23-2021 15:07:26 ResourceWatchDog INFO     Fetching job finish times...
10-23-2021 15:07:27 ResourceWatchDog INFO     Fetching resource information of cluster...
10-23-2021 15:07:27 ResourceWatchDog INFO     {'ubuntu94025': Resource(node_name='ubuntu94025', cpu_allocatable=<Quantity(24, 'dimensionless')>, memory_allocatable=<Quantity(65626416, 'Ki')>, cpu_requested=<Quantity(2.72, 'dimensionless')>, memory_requested=<Quantity(3570766848, 'dimensionless')>, cpu_limit=<Quantity(22.4, 'dimensionless')>, memory_limit=<Quantity(15637779456, 'dimensionless')>, vram_free=[4698.4375, 20467.6875], vram_total=[11178.5, 24268.3125])}
10-23-2021 15:07:29 StyleGANExperimentGenerator INFO     Creating task for StyleGANInferenceJob
10
10-23-2021 15:07:33 StyleGANExperimentGenerator INFO     Stopped execution at: 1635001653.2931771, duration: 600.4042093753815/600
10-23-2021 15:07:33 ClusterManager INFO     Still alive...
10-23-2021 15:07:34 Orchestrator INFO     Received stop signal for the Orchestrator. Waiting 2 minutes for jobs to finish
10-23-2021 15:07:37 ResourceWatchDog INFO     Fetching job finish times...
10-23-2021 15:07:37 ResourceWatchDog INFO     Fetching resource information of cluster...
10-23-2021 15:07:37 ResourceWatchDog INFO     {'ubuntu94025': Resource(node_name='ubuntu94025', cpu_allocatable=<Quantity(24, 'dimensionless')>, memory_allocatable=<Quantity(65626416, 'Ki')>, cpu_requested=<Quantity(2.72, 'dimensionless')>, memory_requested=<Quantity(3570766848, 'dimensionless')>, cpu_limit=<Quantity(22.4, 'dimensionless')>, memory_limit=<Quantity(15637779456, 'dimensionless')>, vram_free=[3445.4375, 15767.6875], vram_total=[11178.5, 24268.3125])}
10-23-2021 15:07:40 ResourceWatchDog INFO     Fetching resource information of cluster...
10-23-2021 15:07:40 ResourceWatchDog INFO     {'ubuntu94025': Resource(node_name='ubuntu94025', cpu_allocatable=<Quantity(24, 'dimensionless')>, memory_allocatable=<Quantity(65626416, 'Ki')>, cpu_requested=<Quantity(2.72, 'dimensionless')>, memory_requested=<Quantity(3570766848, 'dimensionless')>, cpu_limit=<Quantity(22.4, 'dimensionless')>, memory_limit=<Quantity(15637779456, 'dimensionless')>, vram_free=[3449.4375, 15767.6875], vram_total=[11178.5, 24268.3125])}
10-23-2021 15:07:43 ClusterManager INFO     Still alive...
10-23-2021 15:07:47 ResourceWatchDog INFO     Fetching job finish times...
10-23-2021 15:07:48 ResourceWatchDog INFO     Fetching resource information of cluster...
10-23-2021 15:07:48 ResourceWatchDog INFO     {'ubuntu94025': Resource(node_name='ubuntu94025', cpu_allocatable=<Quantity(24, 'dimensionless')>, memory_allocatable=<Quantity(65626416, 'Ki')>, cpu_requested=<Quantity(2.72, 'dimensionless')>, memory_requested=<Quantity(3570766848, 'dimensionless')>, cpu_limit=<Quantity(22.4, 'dimensionless')>, memory_limit=<Quantity(15637779456, 'dimensionless')>, vram_free=[88.4375, 15370.6875], vram_total=[11178.5, 24268.3125])}
10-23-2021 15:07:53 ClusterManager INFO     Still alive...
10-23-2021 15:07:58 ResourceWatchDog INFO     Fetching job finish times...
10-23-2021 15:07:58 ResourceWatchDog INFO     Fetching resource information of cluster...
10-23-2021 15:07:58 ResourceWatchDog INFO     {'ubuntu94025': Resource(node_name='ubuntu94025', cpu_allocatable=<Quantity(24, 'dimensionless')>, memory_allocatable=<Quantity(65626416, 'Ki')>, cpu_requested=<Quantity(2.72, 'dimensionless')>, memory_requested=<Quantity(3570766848, 'dimensionless')>, cpu_limit=<Quantity(22.4, 'dimensionless')>, memory_limit=<Quantity(15637779456, 'dimensionless')>, vram_free=[10617.4375, 24264.6875], vram_total=[11178.5, 24268.3125])}
10-23-2021 15:08:03 ClusterManager INFO     Still alive...
10-23-2021 15:08:08 ResourceWatchDog INFO     Fetching job finish times...
10-23-2021 15:08:09 ResourceWatchDog INFO     Fetching resource information of cluster...
10-23-2021 15:08:09 ResourceWatchDog INFO     {'ubuntu94025': Resource(node_name='ubuntu94025', cpu_allocatable=<Quantity(24, 'dimensionless')>, memory_allocatable=<Quantity(65626416, 'Ki')>, cpu_requested=<Quantity(2.72, 'dimensionless')>, memory_requested=<Quantity(3570766848, 'dimensionless')>, cpu_limit=<Quantity(22.4, 'dimensionless')>, memory_limit=<Quantity(15637779456, 'dimensionless')>, vram_free=[6069.4375, 24264.6875], vram_total=[11178.5, 24268.3125])}
10-23-2021 15:08:13 ClusterManager INFO     Still alive...
10-23-2021 15:08:19 ResourceWatchDog INFO     Fetching job finish times...
10-23-2021 15:08:19 ResourceWatchDog INFO     Fetching resource information of cluster...
10-23-2021 15:08:19 ResourceWatchDog INFO     {'ubuntu94025': Resource(node_name='ubuntu94025', cpu_allocatable=<Quantity(24, 'dimensionless')>, memory_allocatable=<Quantity(65626416, 'Ki')>, cpu_requested=<Quantity(2.72, 'dimensionless')>, memory_requested=<Quantity(3570766848, 'dimensionless')>, cpu_limit=<Quantity(22.4, 'dimensionless')>, memory_limit=<Quantity(15637779456, 'dimensionless')>, vram_free=[89.4375, 23569.6875], vram_total=[11178.5, 24268.3125])}
10-23-2021 15:08:23 ClusterManager INFO     Still alive...
10-23-2021 15:08:29 ResourceWatchDog INFO     Fetching job finish times...
10-23-2021 15:08:30 ResourceWatchDog INFO     Fetching resource information of cluster...
10-23-2021 15:08:30 ResourceWatchDog INFO     {'ubuntu94025': Resource(node_name='ubuntu94025', cpu_allocatable=<Quantity(24, 'dimensionless')>, memory_allocatable=<Quantity(65626416, 'Ki')>, cpu_requested=<Quantity(2.72, 'dimensionless')>, memory_requested=<Quantity(3570766848, 'dimensionless')>, cpu_limit=<Quantity(22.4, 'dimensionless')>, memory_limit=<Quantity(15637779456, 'dimensionless')>, vram_free=[5043.4375, 24264.6875], vram_total=[11178.5, 24268.3125])}
10-23-2021 15:08:33 ClusterManager INFO     Still alive...
10-23-2021 15:08:40 ResourceWatchDog INFO     Fetching job finish times...
10-23-2021 15:08:40 ResourceWatchDog INFO     Fetching resource information of cluster...
10-23-2021 15:08:40 ResourceWatchDog INFO     {'ubuntu94025': Resource(node_name='ubuntu94025', cpu_allocatable=<Quantity(24, 'dimensionless')>, memory_allocatable=<Quantity(65626416, 'Ki')>, cpu_requested=<Quantity(2.72, 'dimensionless')>, memory_requested=<Quantity(3570766848, 'dimensionless')>, cpu_limit=<Quantity(22.4, 'dimensionless')>, memory_limit=<Quantity(15637779456, 'dimensionless')>, vram_free=[5043.4375, 23475.6875], vram_total=[11178.5, 24268.3125])}
10-23-2021 15:08:41 ResourceWatchDog INFO     Fetching resource information of cluster...
10-23-2021 15:08:41 ResourceWatchDog INFO     {'ubuntu94025': Resource(node_name='ubuntu94025', cpu_allocatable=<Quantity(24, 'dimensionless')>, memory_allocatable=<Quantity(65626416, 'Ki')>, cpu_requested=<Quantity(2.72, 'dimensionless')>, memory_requested=<Quantity(3570766848, 'dimensionless')>, cpu_limit=<Quantity(22.4, 'dimensionless')>, memory_limit=<Quantity(15637779456, 'dimensionless')>, vram_free=[5043.4375, 22873.6875], vram_total=[11178.5, 24268.3125])}
10-23-2021 15:08:43 ClusterManager INFO     Still alive...
10-23-2021 15:08:50 ResourceWatchDog INFO     Fetching job finish times...
10-23-2021 15:08:51 ResourceWatchDog INFO     Fetching resource information of cluster...
10-23-2021 15:08:51 ResourceWatchDog INFO     {'ubuntu94025': Resource(node_name='ubuntu94025', cpu_allocatable=<Quantity(24, 'dimensionless')>, memory_allocatable=<Quantity(65626416, 'Ki')>, cpu_requested=<Quantity(2.72, 'dimensionless')>, memory_requested=<Quantity(3570766848, 'dimensionless')>, cpu_limit=<Quantity(22.4, 'dimensionless')>, memory_limit=<Quantity(15637779456, 'dimensionless')>, vram_free=[11174.4375, 24264.6875], vram_total=[11178.5, 24268.3125])}
10-23-2021 15:08:53 ClusterManager INFO     Still alive...
10-23-2021 15:09:01 ResourceWatchDog INFO     Fetching job finish times...
10-23-2021 15:09:01 ResourceWatchDog INFO     Fetching resource information of cluster...
10-23-2021 15:09:01 ResourceWatchDog INFO     {'ubuntu94025': Resource(node_name='ubuntu94025', cpu_allocatable=<Quantity(24, 'dimensionless')>, memory_allocatable=<Quantity(65626416, 'Ki')>, cpu_requested=<Quantity(2.72, 'dimensionless')>, memory_requested=<Quantity(3570766848, 'dimensionless')>, cpu_limit=<Quantity(22.4, 'dimensionless')>, memory_limit=<Quantity(15637779456, 'dimensionless')>, vram_free=[3413.4375, 24264.6875], vram_total=[11178.5, 24268.3125])}
10-23-2021 15:09:03 ClusterManager INFO     Still alive...
10-23-2021 15:09:11 ResourceWatchDog INFO     Fetching job finish times...
10-23-2021 15:09:11 ResourceWatchDog INFO     Fetching resource information of cluster...
10-23-2021 15:09:12 ResourceWatchDog INFO     {'ubuntu94025': Resource(node_name='ubuntu94025', cpu_allocatable=<Quantity(24, 'dimensionless')>, memory_allocatable=<Quantity(65626416, 'Ki')>, cpu_requested=<Quantity(2.72, 'dimensionless')>, memory_requested=<Quantity(3570766848, 'dimensionless')>, cpu_limit=<Quantity(22.4, 'dimensionless')>, memory_limit=<Quantity(15637779456, 'dimensionless')>, vram_free=[11174.4375, 24264.6875], vram_total=[11178.5, 24268.3125])}
10-23-2021 15:09:13 ClusterManager INFO     Still alive...
10-23-2021 15:09:22 ResourceWatchDog INFO     Fetching job finish times...
10-23-2021 15:09:22 ResourceWatchDog INFO     Fetching resource information of cluster...
10-23-2021 15:09:22 ResourceWatchDog INFO     {'ubuntu94025': Resource(node_name='ubuntu94025', cpu_allocatable=<Quantity(24, 'dimensionless')>, memory_allocatable=<Quantity(65626416, 'Ki')>, cpu_requested=<Quantity(2.72, 'dimensionless')>, memory_requested=<Quantity(3570766848, 'dimensionless')>, cpu_limit=<Quantity(22.4, 'dimensionless')>, memory_limit=<Quantity(15637779456, 'dimensionless')>, vram_free=[11174.4375, 24264.6875], vram_total=[11178.5, 24268.3125])}
10-23-2021 15:09:23 ClusterManager INFO     Still alive...
10-23-2021 15:09:32 ResourceWatchDog INFO     Fetching job finish times...
10-23-2021 15:09:32 ResourceWatchDog INFO     Fetching resource information of cluster...
10-23-2021 15:09:33 ResourceWatchDog INFO     {'ubuntu94025': Resource(node_name='ubuntu94025', cpu_allocatable=<Quantity(24, 'dimensionless')>, memory_allocatable=<Quantity(65626416, 'Ki')>, cpu_requested=<Quantity(2.72, 'dimensionless')>, memory_requested=<Quantity(3570766848, 'dimensionless')>, cpu_limit=<Quantity(22.4, 'dimensionless')>, memory_limit=<Quantity(15637779456, 'dimensionless')>, vram_free=[11174.4375, 24264.6875], vram_total=[11178.5, 24268.3125])}
10-23-2021 15:09:33 ClusterManager INFO     Still alive...




task_info {UUID('5449f634-30cc-450b-9e0a-ae93583b40ed'): ('stylemap', 256, 'random', 200, 'cuda:1', 8, 1), UUID('31e26a89-de15-4046-8e4f-2e23175a322e'): ('swa', 512, 'random', 100, 'cuda:1', 8, 1), UUID('53a7378f-5a4c-4bd2-b531-02306ebd6916'): ('swa', 512, 'random', 100, 'cuda:0', 8, 1), UUID('da583d50-6767-4d03-8eb0-31c1e6cd1d78'): ('anycost', 512, 'interpolation', 200, 'cuda:0', 8, 1), UUID('b83eaa62-6aac-48de-a106-a02bd7c0bf3b'): ('style2', 512, 'interpolation', 200, 'cuda:1', 8, 1), UUID('e064cbc9-eb0f-4dc7-b341-73b9edb501aa'): ('swa', 256, 'interpolation', 200, 'cuda:0', 8, 1), UUID('55041c4b-0402-4ead-9160-9f64cb981f5a'): ('style2ada', 512, 'interpolation', 400, 'cuda:0', 8, 1), UUID('a32a5ea8-ae61-4ba5-a33c-7d3638775bf7'): ('style1', 256, 'interpolation', 400, 'cuda:1', 8, 1), UUID('3ff45866-8f86-48c3-a41e-5e59c5166b97'): ('swa', 256, 'random', 400, 'cuda:1', 8, 1), UUID('7cd9433d-0e29-485a-907f-72b8055339dc'): ('swa', 1024, 'interpolation', 400, 'cuda:0', 8, 1), UUID('2872632b-2742-4de1-b6f1-dd5c87b28d1a'): ('mobile', 512, 'interpolation', 100, 'cuda:0', 8, 1), UUID('ff51c8cc-a59d-492e-9fc3-2bdfc58be2d8'): ('style2', 512, 'interpolation', 200, 'cuda:0', 8, 1), UUID('02111577-372f-41ac-b500-500895e949ad'): ('style2ada', 512, 'random', 200, 'cuda:1', 8, 1), UUID('50a132cc-b708-472a-8321-b97a8eadb3a8'): ('anycost', 256, 'interpolation', 200, 'cuda:0', 8, 1), UUID('d382e58e-50fd-403e-80d0-8bb73fcac5b0'): ('swa', 1024, 'random', 200, 'cuda:0', 8, 1), UUID('d00d6ee7-d99e-40e7-a917-c5702cfda633'): ('style2', 1024, 'random', 800, 'cuda:0', 8, 1), UUID('cc27b481-b7fb-4140-8488-75ddc45c056b'): ('mobile', 512, 'random', 800, 'cuda:0', 8, 1), UUID('deddc8d9-45a8-47c2-81d4-5c5293d0243e'): ('style2', 1024, 'random', 400, 'cuda:0', 8, 1), UUID('f71d81c7-2dd8-4792-b151-f55c2f91f8d2'): ('swa', 512, 'interpolation', 400, 'cuda:1', 8, 1), UUID('3808e654-e058-4a3a-ba24-6ef86aa1a91e'): ('swa', 256, 'random', 100, 'cuda:1', 8, 1), UUID('5c576d27-0084-4493-97b4-5d01a038ce85'): ('style2', 256, 'interpolation', 400, 'cuda:1', 8, 1), UUID('73168d78-7eb0-4e3e-9d8c-00a0bb3eb23b'): ('stylemap', 512, 'random', 200, 'cuda:0', 8, 1), UUID('6a091d94-47e1-471b-8185-88274da13c30'): ('style2', 256, 'random', 400, 'cuda:0', 8, 1), UUID('00bee376-ea9e-49b0-b198-c40dab6cc306'): ('style1', 256, 'random', 200, 'cuda:0', 8, 1), UUID('c50589cb-cd5d-48e7-80fb-5b39e7f01492'): ('style2ada', 256, 'interpolation', 200, 'cuda:0', 8, 1), UUID('85f70947-4573-4576-92af-5af4c6b2fe89'): ('mobile', 1024, 'random', 100, 'cuda:1', 8, 1), UUID('8ce66f8c-3b13-4d25-97a1-e1b4e672e2f3'): ('mobile', 1024, 'interpolation', 100, 'cuda:1', 8, 1), UUID('a0ccf6fa-e2e3-48f7-90cb-5e8354e18c16'): ('style2ada', 512, 'interpolation', 400, 'cuda:0', 8, 1), UUID('0fc4df42-7efd-4075-8dbf-f2979d3e4106'): ('style2', 512, 'random', 200, 'cuda:0', 8, 1), UUID('584315cc-5200-415a-939c-5b399e2710a8'): ('style1', 256, 'interpolation', 400, 'cuda:0', 8, 1), UUID('64429390-5ea0-4c3a-938e-88445612d402'): ('style2', 1024, 'random', 800, 'cuda:1', 8, 1), UUID('c56661fe-71cc-4fed-a517-1e4b7e0839de'): ('stylemap', 1024, 'interpolation', 800, 'cuda:0', 8, 1), UUID('2917ce4a-5488-4439-8347-fe0111e30f90'): ('stylemap', 512, 'interpolation', 100, 'cuda:0', 8, 1), UUID('fb3aff87-6dba-4a70-b2fa-b763256b5c69'): ('style2', 256, 'interpolation', 100, 'cuda:0', 8, 1), UUID('cc47a46e-ed6d-4f20-8916-aa9b6138e7d7'): ('style2', 256, 'interpolation', 800, 'cuda:0', 8, 1), UUID('c60c575a-d2fa-4cf0-8bba-e9bc34429ed0'): ('anycost', 1024, 'random', 100, 'cuda:0', 8, 1), UUID('18384f1b-26d0-4662-ad1e-17bef472b38d'): ('style1', 512, 'random', 200, 'cuda:1', 8, 1), UUID('35a6d59a-bad1-492e-a726-1f6c3ebc2b48'): ('stylemap', 1024, 'interpolation', 100, 'cuda:1', 8, 1), UUID('b7d3354a-659f-4f95-acf3-128230e99bc1'): ('style2', 1024, 'interpolation', 800, 'cuda:0', 8, 1), UUID('0b3d2685-c6fa-4e62-892d-758dcc6de72d'): ('style1', 256, 'interpolation', 100, 'cuda:0', 8, 1), UUID('4971f36b-7c40-4e2a-8cfa-127050fa5980'): ('swa', 512, 'random', 200, 'cuda:1', 8, 1), UUID('0c1a00d7-2d6d-448b-bfce-78770b2d3cde'): ('style2', 1024, 'random', 100, 'cuda:0', 8, 1), UUID('08d94382-604e-4952-81a9-c7e449742068'): ('style2', 1024, 'random', 200, 'cuda:1', 8, 1), UUID('713283b4-d42e-48a1-8190-3d4732844fc2'): ('style2ada', 1024, 'random', 100, 'cuda:0', 8, 1), UUID('b9ba1214-471d-47fe-a00e-fd6a083ea3b1'): ('stylemap', 512, 'random', 100, 'cuda:1', 8, 1), UUID('d649a224-d050-42f8-9bee-fef31135eeb2'): ('swa', 256, 'random', 800, 'cuda:0', 8, 1), UUID('9b263387-3ba7-4cb1-be6a-1e448d06d3af'): ('anycost', 512, 'interpolation', 100, 'cuda:0', 8, 1), UUID('005708ae-84b6-4397-bbee-f5cdcc3ddd76'): ('style1', 512, 'interpolation', 100, 'cuda:0', 8, 1), UUID('83c57351-54c1-4ce8-90f4-cfc3694d6f6b'): ('stylemap', 1024, 'interpolation', 200, 'cuda:0', 8, 1), UUID('8607c2d6-2032-4977-983c-fa2607585d5b'): ('anycost', 1024, 'interpolation', 400, 'cuda:1', 8, 1), UUID('8a4e3458-94d3-4d01-90a7-e1c6d5c91369'): ('style2ada', 1024, 'random', 100, 'cuda:1', 8, 1), UUID('98786800-c195-41a9-8d88-b5822bd95710'): ('anycost', 256, 'interpolation', 100, 'cuda:1', 8, 1), UUID('ad0f5fb3-a500-4874-89b3-51f34647ace6'): ('anycost', 512, 'interpolation', 200, 'cuda:0', 8, 1), UUID('7845939b-adc9-443e-a8f1-e7e39387593a'): ('swa', 512, 'interpolation', 200, 'cuda:1', 8, 1), UUID('a3d097da-bcaa-4859-a24f-cc384ceaac48'): ('mobile', 512, 'random', 800, 'cuda:0', 8, 1), UUID('333384ad-bb6e-45dc-a91d-b022b7f8f485'): ('style1', 1024, 'interpolation', 800, 'cuda:0', 8, 1), UUID('1e97d78b-7269-4001-91e4-125d01f27216'): ('mobile', 1024, 'interpolation', 400, 'cuda:0', 8, 1), UUID('5fbe3ae9-4d7b-4087-8a4c-b779d5e69794'): ('style2ada', 1024, 'random', 800, 'cuda:0', 8, 1), UUID('39e251be-994f-470b-bba2-474b9ef5869b'): ('stylemap', 1024, 'random', 800, 'cuda:1', 8, 1)}
arrival_times {UUID('5449f634-30cc-450b-9e0a-ae93583b40ed'): datetime.datetime(2021, 10, 23, 14, 57, 47, 914956), UUID('31e26a89-de15-4046-8e4f-2e23175a322e'): datetime.datetime(2021, 10, 23, 14, 57, 52, 926870), UUID('53a7378f-5a4c-4bd2-b531-02306ebd6916'): datetime.datetime(2021, 10, 23, 14, 58, 2, 942784), UUID('da583d50-6767-4d03-8eb0-31c1e6cd1d78'): datetime.datetime(2021, 10, 23, 14, 58, 17, 964091), UUID('b83eaa62-6aac-48de-a106-a02bd7c0bf3b'): datetime.datetime(2021, 10, 23, 14, 58, 22, 978881), UUID('e064cbc9-eb0f-4dc7-b341-73b9edb501aa'): datetime.datetime(2021, 10, 23, 14, 58, 32, 994819), UUID('55041c4b-0402-4ead-9160-9f64cb981f5a'): datetime.datetime(2021, 10, 23, 14, 58, 43, 13517), UUID('a32a5ea8-ae61-4ba5-a33c-7d3638775bf7'): datetime.datetime(2021, 10, 23, 14, 58, 53, 30814), UUID('3ff45866-8f86-48c3-a41e-5e59c5166b97'): datetime.datetime(2021, 10, 23, 14, 58, 58, 46868), UUID('7cd9433d-0e29-485a-907f-72b8055339dc'): datetime.datetime(2021, 10, 23, 14, 59, 8, 57902), UUID('2872632b-2742-4de1-b6f1-dd5c87b28d1a'): datetime.datetime(2021, 10, 23, 14, 59, 18, 75963), UUID('ff51c8cc-a59d-492e-9fc3-2bdfc58be2d8'): datetime.datetime(2021, 10, 23, 14, 59, 28, 92736), UUID('02111577-372f-41ac-b500-500895e949ad'): datetime.datetime(2021, 10, 23, 14, 59, 38, 114820), UUID('50a132cc-b708-472a-8321-b97a8eadb3a8'): datetime.datetime(2021, 10, 23, 14, 59, 48, 131016), UUID('d382e58e-50fd-403e-80d0-8bb73fcac5b0'): datetime.datetime(2021, 10, 23, 14, 59, 58, 146805), UUID('d00d6ee7-d99e-40e7-a917-c5702cfda633'): datetime.datetime(2021, 10, 23, 15, 0, 3, 161016), UUID('cc27b481-b7fb-4140-8488-75ddc45c056b'): datetime.datetime(2021, 10, 23, 15, 0, 13, 174829), UUID('deddc8d9-45a8-47c2-81d4-5c5293d0243e'): datetime.datetime(2021, 10, 23, 15, 0, 18, 196821), UUID('f71d81c7-2dd8-4792-b151-f55c2f91f8d2'): datetime.datetime(2021, 10, 23, 15, 0, 28, 242167), UUID('3808e654-e058-4a3a-ba24-6ef86aa1a91e'): datetime.datetime(2021, 10, 23, 15, 0, 33, 254961), UUID('5c576d27-0084-4493-97b4-5d01a038ce85'): datetime.datetime(2021, 10, 23, 15, 0, 38, 266926), UUID('73168d78-7eb0-4e3e-9d8c-00a0bb3eb23b'): datetime.datetime(2021, 10, 23, 15, 0, 48, 282826), UUID('6a091d94-47e1-471b-8185-88274da13c30'): datetime.datetime(2021, 10, 23, 15, 0, 58, 302456), UUID('00bee376-ea9e-49b0-b198-c40dab6cc306'): datetime.datetime(2021, 10, 23, 15, 1, 8, 318882), UUID('c50589cb-cd5d-48e7-80fb-5b39e7f01492'): datetime.datetime(2021, 10, 23, 15, 1, 13, 330804), UUID('85f70947-4573-4576-92af-5af4c6b2fe89'): datetime.datetime(2021, 10, 23, 15, 1, 28, 350994), UUID('8ce66f8c-3b13-4d25-97a1-e1b4e672e2f3'): datetime.datetime(2021, 10, 23, 15, 1, 38, 366835), UUID('a0ccf6fa-e2e3-48f7-90cb-5e8354e18c16'): datetime.datetime(2021, 10, 23, 15, 1, 53, 388994), UUID('0fc4df42-7efd-4075-8dbf-f2979d3e4106'): datetime.datetime(2021, 10, 23, 15, 2, 3, 430944), UUID('584315cc-5200-415a-939c-5b399e2710a8'): datetime.datetime(2021, 10, 23, 15, 2, 13, 446859), UUID('64429390-5ea0-4c3a-938e-88445612d402'): datetime.datetime(2021, 10, 23, 15, 2, 23, 458938), UUID('c56661fe-71cc-4fed-a517-1e4b7e0839de'): datetime.datetime(2021, 10, 23, 15, 2, 33, 476024), UUID('2917ce4a-5488-4439-8347-fe0111e30f90'): datetime.datetime(2021, 10, 23, 15, 2, 43, 515243), UUID('fb3aff87-6dba-4a70-b2fa-b763256b5c69'): datetime.datetime(2021, 10, 23, 15, 2, 58, 530839), UUID('cc47a46e-ed6d-4f20-8916-aa9b6138e7d7'): datetime.datetime(2021, 10, 23, 15, 3, 13, 567896), UUID('c60c575a-d2fa-4cf0-8bba-e9bc34429ed0'): datetime.datetime(2021, 10, 23, 15, 3, 23, 583014), UUID('18384f1b-26d0-4662-ad1e-17bef472b38d'): datetime.datetime(2021, 10, 23, 15, 3, 33, 599656), UUID('35a6d59a-bad1-492e-a726-1f6c3ebc2b48'): datetime.datetime(2021, 10, 23, 15, 3, 43, 614812), UUID('b7d3354a-659f-4f95-acf3-128230e99bc1'): datetime.datetime(2021, 10, 23, 15, 3, 58, 638799), UUID('0b3d2685-c6fa-4e62-892d-758dcc6de72d'): datetime.datetime(2021, 10, 23, 15, 4, 8, 654860), UUID('4971f36b-7c40-4e2a-8cfa-127050fa5980'): datetime.datetime(2021, 10, 23, 15, 4, 13, 666817), UUID('0c1a00d7-2d6d-448b-bfce-78770b2d3cde'): datetime.datetime(2021, 10, 23, 15, 4, 23, 682838), UUID('08d94382-604e-4952-81a9-c7e449742068'): datetime.datetime(2021, 10, 23, 15, 4, 33, 699205), UUID('713283b4-d42e-48a1-8190-3d4732844fc2'): datetime.datetime(2021, 10, 23, 15, 4, 48, 722811), UUID('b9ba1214-471d-47fe-a00e-fd6a083ea3b1'): datetime.datetime(2021, 10, 23, 15, 4, 58, 746855), UUID('d649a224-d050-42f8-9bee-fef31135eeb2'): datetime.datetime(2021, 10, 23, 15, 5, 3, 758463), UUID('9b263387-3ba7-4cb1-be6a-1e448d06d3af'): datetime.datetime(2021, 10, 23, 15, 5, 13, 775925), UUID('005708ae-84b6-4397-bbee-f5cdcc3ddd76'): datetime.datetime(2021, 10, 23, 15, 5, 18, 786835), UUID('83c57351-54c1-4ce8-90f4-cfc3694d6f6b'): datetime.datetime(2021, 10, 23, 15, 5, 33, 807992), UUID('8607c2d6-2032-4977-983c-fa2607585d5b'): datetime.datetime(2021, 10, 23, 15, 5, 43, 827981), UUID('8a4e3458-94d3-4d01-90a7-e1c6d5c91369'): datetime.datetime(2021, 10, 23, 15, 6, 3, 850852), UUID('98786800-c195-41a9-8d88-b5822bd95710'): datetime.datetime(2021, 10, 23, 15, 6, 13, 870990), UUID('ad0f5fb3-a500-4874-89b3-51f34647ace6'): datetime.datetime(2021, 10, 23, 15, 6, 23, 888046), UUID('f3a567a1-0296-44d8-a3de-09cd89de8ec2'): datetime.datetime(2021, 10, 23, 15, 6, 33, 906878), UUID('7845939b-adc9-443e-a8f1-e7e39387593a'): datetime.datetime(2021, 10, 23, 15, 6, 33, 906933), UUID('a3d097da-bcaa-4859-a24f-cc384ceaac48'): datetime.datetime(2021, 10, 23, 15, 6, 48, 939009), UUID('333384ad-bb6e-45dc-a91d-b022b7f8f485'): datetime.datetime(2021, 10, 23, 15, 6, 58, 951591), UUID('1e97d78b-7269-4001-91e4-125d01f27216'): datetime.datetime(2021, 10, 23, 15, 7, 3, 962938), UUID('5fbe3ae9-4d7b-4087-8a4c-b779d5e69794'): datetime.datetime(2021, 10, 23, 15, 7, 13, 978884), UUID('39e251be-994f-470b-bba2-474b9ef5869b'): datetime.datetime(2021, 10, 23, 15, 7, 23, 994849)}




id,network,job_type,image_size,num_imgs,device,batch_size,data_parallelism,response_time
5449f634,stylemap,random,256,200,cuda:1,8,1,32085
31e26a89,swa,random,512,100,cuda:1,8,1,27073
53a7378f,swa,random,512,100,cuda:0,8,1,14057
da583d50,anycost,interpolation,512,200,cuda:0,8,1,14035
b83eaa62,style2,interpolation,512,200,cuda:1,8,1,24021
e064cbc9,swa,interpolation,256,200,cuda:0,8,1,11005
55041c4b,style2ada,interpolation,512,400,cuda:0,8,1,12986
a32a5ea8,style1,interpolation,256,400,cuda:1,8,1,9969
3ff45866,swa,random,256,400,cuda:1,8,1,20953
7cd9433d,swa,interpolation,1024,400,cuda:0,8,1,22942
2872632b,mobile,interpolation,512,100,cuda:0,8,1,9924
ff51c8cc,style2,interpolation,512,200,cuda:0,8,1,13907
02111577,style2ada,random,512,200,cuda:1,8,1,19885
50a132cc,anycost,interpolation,256,200,cuda:0,8,1,11868
d382e58e,swa,random,1024,200,cuda:0,8,1,20853
d00d6ee7,style2,random,1024,800,cuda:0,8,1,44838
cc27b481,mobile,random,512,800,cuda:0,8,1,17825
deddc8d9,style2,random,1024,400,cuda:0,8,1,98803
f71d81c7,swa,interpolation,512,400,cuda:1,8,1,35757
3808e654,swa,random,256,100,cuda:1,8,1,19745
5c576d27,style2,interpolation,256,400,cuda:1,8,1,25733
73168d78,stylemap,random,512,200,cuda:0,8,1,24717
6a091d94,style2,random,256,400,cuda:0,8,1,21697
00bee376,style1,random,256,200,cuda:0,8,1,10681
c50589cb,style2ada,interpolation,256,200,cuda:0,8,1,12669
85f70947,mobile,random,1024,100,cuda:1,8,1,16649
8ce66f8c,mobile,interpolation,1024,100,cuda:1,8,1,15633
a0ccf6fa,style2ada,interpolation,512,400,cuda:0,8,1,13611
0fc4df42,style2,random,512,200,cuda:0,8,1,13569
584315cc,style1,interpolation,256,400,cuda:0,8,1,8553
64429390,style2,random,1024,800,cuda:1,8,1,67541
c56661fe,stylemap,interpolation,1024,800,cuda:0,8,1,111523
2917ce4a,stylemap,interpolation,512,100,cuda:0,8,1,166484
fb3aff87,style2,interpolation,256,100,cuda:0,8,1,21469
cc47a46e,style2,interpolation,256,800,cuda:0,8,1,62432
c60c575a,anycost,random,1024,100,cuda:0,8,1,158416
18384f1b,style1,random,512,200,cuda:1,8,1,15400
35a6d59a,stylemap,interpolation,1024,100,cuda:1,8,1,-1
b7d3354a,style2,interpolation,1024,800,cuda:0,8,1,64361
0b3d2685,style1,interpolation,256,100,cuda:0,8,1,14345
4971f36b,swa,random,512,200,cuda:1,8,1,34333
0c1a00d7,style2,random,1024,100,cuda:0,8,1,64317
08d94382,style2,random,1024,200,cuda:1,8,1,43300
713283b4,style2ada,random,1024,100,cuda:0,8,1,60277
b9ba1214,stylemap,random,512,100,cuda:1,8,1,179253
d649a224,swa,random,256,800,cuda:0,8,1,30241
9b263387,anycost,interpolation,512,100,cuda:0,8,1,27224
005708ae,style1,interpolation,512,100,cuda:0,8,1,17213
83c57351,stylemap,interpolation,1024,200,cuda:0,8,1,46192
8607c2d6,anycost,interpolation,1024,400,cuda:1,8,1,178172
8a4e3458,style2ada,random,1024,100,cuda:1,8,1,86149
98786800,anycost,interpolation,256,100,cuda:1,8,1,57129
ad0f5fb3,anycost,interpolation,512,200,cuda:0,8,1,15111
Traceback (most recent call last):
  File "/usr/lib/python3.8/runpy.py", line 194, in _run_module_as_main
    return _run_code(code, main_globals, None,
  File "/usr/lib/python3.8/runpy.py", line 87, in _run_code
    exec(code, run_globals)
  File "/opt/federation-lab/fltk/__main__.py", line 86, in <module>
    __main__()
  File "/opt/federation-lab/fltk/__main__.py", line 38, in __main__
    cluster_start(arguments, config)
  File "/opt/federation-lab/fltk/__main__.py", line 62, in cluster_start
    launch_orchestrator(args=args, conf=configuration)
  File "/opt/federation-lab/fltk/launch.py", line 127, in launch_orchestrator
    pool.apply(orchestrator.run)
  File "/usr/lib/python3.8/multiprocessing/pool.py", line 357, in apply
    return self.apply_async(func, args, kwds).get()
  File "/usr/lib/python3.8/multiprocessing/pool.py", line 771, in get
    raise self._value
  File "/usr/lib/python3.8/multiprocessing/pool.py", line 125, in worker
    result = (True, func(*args, **kwds))
  File "/opt/federation-lab/fltk/orchestrator.py", line 168, in run
    self.stop()
  File "/opt/federation-lab/fltk/orchestrator.py", line 70, in stop
    network, image_size, job_type, num_imgs, device, batch_size, data_parallelism = self.task_info[id]
KeyError: UUID('f3a567a1-0296-44d8-a3de-09cd89de8ec2')
