/usr/local/lib/python3.8/dist-packages/dataclasses_json/core.py:171: RuntimeWarning: `NoneType` object value of non-optional type config_path detected when decoding BareConfig.
  warnings.warn(f"`NoneType` object {warning}.", RuntimeWarning)
10-25-2021 23:45:21 root         INFO     Starting in cluster mode.
10-25-2021 23:45:21 root         INFO     Starting as Orchestrator
10-25-2021 23:45:21 root         INFO     Starting Orchestrator, initializing resources....
10-25-2021 23:45:21 root         INFO     Loading in cluster configuration file
10-25-2021 23:45:21 root         INFO     Pointing configuration to in cluster configuration.
10-25-2021 23:45:22 root         INFO     Starting cluster manager
10-25-2021 23:45:22 root         INFO     Starting arrival generator
10-25-2021 23:45:22 root         INFO     Starting orchestrator




task_info={UUID('2fbef21e-d74f-44eb-9714-32d281e4e74f'): ('style1', 1024, 'interpolation', 100, 'cuda:1', 8, 1), UUID('c853418c-f9e3-459c-8a09-9b7d45114c82'): ('swa', 256, 'random', 400, 'cuda:0', 8, 1), UUID('c48aaf75-123f-4b99-906f-5937e3beedff'): ('style2', 256, 'random', 100, 'cuda:1', 8, 1), UUID('a000bcc4-9ea1-40fe-bf87-a4369c4e1011'): ('style2ada', 1024, 'random', 100, 'cuda:1', 8, 1), UUID('15c8a80f-ae1b-4c5b-a3a3-062970c0227f'): ('swa', 256, 'interpolation', 800, 'cuda:0', 8, 1), UUID('3d8c11fb-0403-453b-9f22-8bc9aa93ad34'): ('stylemap', 256, 'interpolation', 400, 'cuda:1', 8, 1), UUID('57fa98fa-935b-4390-96b7-54d9632d475a'): ('style2', 256, 'random', 200, 'cuda:1', 8, 1), UUID('716fc85d-b7ee-432f-a4ac-c7b85e05845d'): ('anycost', 256, 'random', 400, 'cuda:0', 8, 1), UUID('b9bdd974-4f66-4b2b-bee0-6de1b3c6e376'): ('stylemap', 1024, 'random', 400, 'cuda:1', 8, 1), UUID('a091c579-c4ec-40bf-865e-41670f3d54df'): ('anycost', 1024, 'interpolation', 800, 'cuda:0', 8, 1), UUID('25e4a3fa-c25f-45dd-9edb-e0069004335c'): ('style1', 1024, 'random', 800, 'cuda:0', 8, 1), UUID('5bb0acc2-f6c7-4ac2-8f5d-1a67881c96e5'): ('style2ada', 1024, 'random', 400, 'cuda:0', 8, 1), UUID('7a30f619-9578-4e3f-b52c-4ab0bb121151'): ('swa', 512, 'interpolation', 100, 'cuda:1', 8, 1), UUID('6af77d0d-d5e4-4926-8ebe-dead0e22acbe'): ('swa', 1024, 'random', 100, 'cuda:1', 8, 1), UUID('17b85746-de95-48bd-96b3-dc6c6573491d'): ('style2', 1024, 'random', 100, 'cuda:0', 8, 1), UUID('2800185c-ac2b-4114-98e2-1e258b062845'): ('mobile', 256, 'interpolation', 400, 'cuda:1', 8, 1), UUID('1ec1836f-13dc-48fc-9948-d42d05c75c76'): ('style2ada', 512, 'random', 200, 'cuda:1', 8, 1), UUID('53e53f72-3a56-472f-a728-9b0e05b5cd7a'): ('stylemap', 256, 'random', 100, 'cuda:0', 8, 1), UUID('39d4c05c-5e2c-4a0c-9d27-78fffe707432'): ('style2ada', 256, 'random', 100, 'cuda:0', 8, 1), UUID('ad338107-9f79-4e94-88b4-3b63c466b119'): ('style2', 512, 'interpolation', 200, 'cuda:1', 8, 1), UUID('bdcc3f18-deb0-424d-adf3-a0ea99bcdd72'): ('stylemap', 1024, 'random', 100, 'cuda:0', 8, 1), UUID('c54733ee-36db-4d58-978a-4944461ec81d'): ('stylemap', 256, 'interpolation', 200, 'cuda:1', 8, 1), UUID('1b502030-922a-47c9-9c68-fd16a8bc8d9c'): ('anycost', 512, 'interpolation', 400, 'cuda:0', 8, 1), UUID('ce504dca-8230-4e7e-b682-92a4e4e4f1d2'): ('style1', 256, 'random', 800, 'cuda:1', 8, 1), UUID('a0acd24a-b176-48cc-a846-2190e3bc2478'): ('style1', 1024, 'random', 400, 'cuda:0', 8, 1), UUID('b50656ff-b2cc-4c29-961e-fa09e3ce1dca'): ('stylemap', 512, 'interpolation', 800, 'cuda:1', 8, 1), UUID('a8463132-c59f-4569-ad41-4c7c9219cfc6'): ('mobile', 1024, 'random', 100, 'cuda:0', 8, 1), UUID('74bc44a9-e970-4c78-9c71-a254f063c6d9'): ('style1', 256, 'interpolation', 100, 'cuda:1', 8, 1), UUID('b9154b7c-220c-4476-baa7-aa6ad73e51a6'): ('swa', 256, 'interpolation', 400, 'cuda:0', 8, 1), UUID('a675b0f1-f3bc-42a0-92e5-4aa7d48d0adb'): ('style2', 1024, 'random', 200, 'cuda:0', 8, 1), UUID('37d98f1f-6c23-4e86-8dd3-88cddfcb1958'): ('style2ada', 256, 'interpolation', 100, 'cuda:1', 8, 1), UUID('3b58c8be-5910-4473-a6bf-745764dfd991'): ('swa', 256, 'random', 400, 'cuda:0', 8, 1), UUID('23ac1920-8dc8-4f33-b68a-7a655880d61b'): ('anycost', 256, 'interpolation', 400, 'cuda:1', 8, 1), UUID('a362304a-ffc3-483c-99c3-bdb2a348706d'): ('style2ada', 512, 'interpolation', 200, 'cuda:0', 8, 1), UUID('34337ab2-16d2-4c42-a105-7bd0853ef504'): ('style2', 1024, 'random', 200, 'cuda:1', 8, 1), UUID('b4f04001-5422-4ad5-bdd1-318945ccd1ef'): ('mobile', 512, 'interpolation', 400, 'cuda:0', 8, 1), UUID('6fd0d509-6911-439b-bd97-22ca421cc79c'): ('style2', 1024, 'interpolation', 100, 'cuda:1', 8, 1), UUID('8f84db36-f705-4571-8644-393a53b53374'): ('swa', 1024, 'random', 800, 'cuda:0', 8, 1), UUID('d972311b-16c5-4cbc-8d8c-067b048f85ac'): ('style1', 256, 'random', 400, 'cuda:0', 8, 1), UUID('451d3007-c09b-4fe7-a775-c1aa9be722b6'): ('style1', 1024, 'interpolation', 200, 'cuda:0', 8, 1), UUID('c18329f7-9ed3-47df-9e6c-9cc7b2f23d10'): ('style1', 1024, 'random', 400, 'cuda:0', 8, 1), UUID('1253b83e-69d4-438a-a677-2c3a4085b56d'): ('mobile', 1024, 'interpolation', 800, 'cuda:1', 8, 1), UUID('66925d4f-0bda-4efa-842c-f4eec1de6a28'): ('stylemap', 1024, 'random', 400, 'cuda:1', 8, 1), UUID('20cad9f0-8e77-413d-a77a-a9857b38ffb1'): ('style2ada', 512, 'interpolation', 400, 'cuda:0', 8, 1), UUID('dae4531e-da0f-4d3c-bb82-0c6c61265722'): ('style2ada', 512, 'random', 200, 'cuda:0', 8, 1), UUID('ec767321-2001-4e03-9d68-c3b8a5906d74'): ('style2', 512, 'interpolation', 200, 'cuda:0', 8, 1), UUID('8f760b5d-622c-440e-8ea7-dc275330c5ae'): ('style2', 1024, 'random', 400, 'cuda:0', 8, 1), UUID('936e1529-1704-4ee5-a383-9e88dbe8fcc8'): ('swa', 1024, 'interpolation', 100, 'cuda:0', 8, 1), UUID('83ceb473-8762-41b2-97c6-1f346fcdc051'): ('mobile', 256, 'random', 800, 'cuda:1', 8, 1), UUID('700d7bdd-006a-4670-b2f7-4c8f9778b1d0'): ('mobile', 256, 'random', 800, 'cuda:0', 8, 1), UUID('0e9e4f3d-85ab-42ac-9bd8-e675d85db243'): ('style2ada', 512, 'interpolation', 400, 'cuda:1', 8, 1), UUID('c016ed9c-3b4a-43e7-a461-38f2f530eeff'): ('style2ada', 512, 'interpolation', 200, 'cuda:0', 8, 1), UUID('75c5b963-0720-40c2-a541-2f5b82cf8ccc'): ('style2ada', 512, 'random', 100, 'cuda:0', 8, 1), UUID('373164c2-b70a-438c-8096-57e9a1182810'): ('swa', 1024, 'random', 200, 'cuda:0', 8, 1), UUID('fc02ae1f-f6c3-4a32-956d-204ac5dac78c'): ('stylemap', 512, 'random', 800, 'cuda:1', 8, 1), UUID('04a1ccc7-ad41-40c3-ad56-bd20ab7ba7da'): ('mobile', 1024, 'interpolation', 800, 'cuda:0', 8, 1), UUID('8ddb87fe-fbc6-4efc-b5b4-c9d921a16bbe'): ('style1', 256, 'interpolation', 200, 'cuda:0', 8, 1), UUID('bc96acd0-6cad-4032-91f0-c5922bea2020'): ('stylemap', 512, 'interpolation', 800, 'cuda:0', 8, 1), UUID('060cd81a-8445-44a6-a2ce-2971fddeb7e5'): ('swa', 1024, 'interpolation', 200, 'cuda:0', 8, 1), UUID('e428cb44-28cb-4760-87ae-1129e20e66ab'): ('style2', 1024, 'random', 800, 'cuda:1', 8, 1), UUID('7fedc842-48be-4042-afd9-a3d3c66678d2'): ('style2', 256, 'interpolation', 100, 'cuda:1', 8, 1), UUID('7ce7d4aa-dc2b-456f-9967-85883a77037f'): ('style2', 1024, 'random', 100, 'cuda:1', 8, 1), UUID('45acff5a-9703-4791-91fa-2860dac91897'): ('swa', 1024, 'interpolation', 800, 'cuda:0', 8, 1), UUID('e391a561-a56b-4d93-8dd7-36d1b2677969'): ('anycost', 256, 'interpolation', 200, 'cuda:1', 8, 1), UUID('ac2a1826-a2aa-43c6-9d18-279086e074c6'): ('stylemap', 512, 'interpolation', 800, 'cuda:0', 8, 1), UUID('055e59b5-8f3e-48b5-af80-000ec803e0e8'): ('style1', 1024, 'interpolation', 800, 'cuda:1', 8, 1), UUID('99c73dc5-4394-4f87-be1d-4918e0f986b9'): ('style1', 256, 'random', 400, 'cuda:0', 8, 1), UUID('4f9fc77e-4920-4737-9328-93f80a8054a6'): ('style2ada', 512, 'interpolation', 200, 'cuda:0', 8, 1), UUID('d93db962-e170-4bed-b7fc-7770c6faec6a'): ('style2ada', 1024, 'random', 800, 'cuda:0', 8, 1), UUID('28c60ba9-4df4-4d1a-b392-4175e9768717'): ('swa', 1024, 'interpolation', 100, 'cuda:0', 8, 1), UUID('036edfc9-77de-437e-8602-f89dd6d95cbb'): ('swa', 512, 'interpolation', 400, 'cuda:1', 8, 1), UUID('ba3c8ebb-52f4-430e-bc21-f24a3ed0098d'): ('mobile', 1024, 'random', 400, 'cuda:0', 8, 1), UUID('76de1216-4918-4545-a5e7-c97f57418b38'): ('mobile', 256, 'random', 800, 'cuda:1', 8, 1), UUID('e99f5719-b891-4ead-b243-19dd9ad4a8c3'): ('style2ada', 256, 'interpolation', 800, 'cuda:1', 8, 1), UUID('6e8530b4-4ac3-428b-b56c-3d68731d36be'): ('mobile', 256, 'interpolation', 800, 'cuda:1', 8, 1), UUID('1c52a563-1d29-4516-bf8c-d8d6a4f0c004'): ('swa', 256, 'interpolation', 100, 'cuda:1', 8, 1), UUID('bdef338e-28ca-4a62-826d-50594b1f5951'): ('mobile', 1024, 'random', 800, 'cuda:0', 8, 1), UUID('f4af416f-1317-4392-bea2-27d5e4d89ac2'): ('stylemap', 512, 'random', 400, 'cuda:0', 8, 1), UUID('9d6cf8f1-12a9-4e96-834b-a40f8d37e0c6'): ('mobile', 256, 'random', 200, 'cuda:1', 8, 1), UUID('6127e1b2-3e86-46bc-b378-d0e5bb6ac9ee'): ('mobile', 256, 'interpolation', 100, 'cuda:1', 8, 1), UUID('b778d008-4e69-4861-86b2-48ec5d02334e'): ('mobile', 256, 'random', 800, 'cuda:0', 8, 1), UUID('b8b4f116-4e02-410a-a3ef-83351a5681a9'): ('swa', 256, 'random', 800, 'cuda:0', 8, 1), UUID('9f69bce0-ab4b-4a67-9d76-02aacdf21a8c'): ('style1', 256, 'interpolation', 400, 'cuda:0', 8, 1), UUID('8bd72295-0c09-44f7-9945-852b5b81142c'): ('mobile', 256, 'random', 400, 'cuda:0', 8, 1), UUID('c9ac981e-e0cc-41cc-8b62-d2627b37f9c9'): ('style2ada', 256, 'interpolation', 400, 'cuda:0', 8, 1), UUID('b585401c-93ba-4c2f-bc1d-87c3242065b5'): ('style2ada', 512, 'random', 400, 'cuda:0', 8, 1), UUID('9a689758-06aa-47ef-a2a4-8f9bcaa7309c'): ('swa', 512, 'random', 400, 'cuda:0', 8, 1), UUID('34e9b254-22f9-4d36-b3d4-3ebf12d1b755'): ('stylemap', 256, 'interpolation', 400, 'cuda:0', 8, 1), UUID('762d2b2e-2f74-436c-8e8a-4fc38994e0cf'): ('stylemap', 256, 'interpolation', 200, 'cuda:0', 8, 1), UUID('409a6b18-a165-4c0d-b74a-8430ce96fe3d'): ('style1', 256, 'random', 200, 'cuda:0', 8, 1), UUID('3e59dfc4-3800-4113-83ad-de575a0d0d84'): ('anycost', 512, 'interpolation', 200, 'cuda:1', 8, 1), UUID('1caaac9f-c461-4cfd-a6e0-c87900c187e2'): ('style2', 256, 'interpolation', 800, 'cuda:0', 8, 1), UUID('cf89a20d-3ecc-488e-8b3a-6d8ea733ca04'): ('mobile', 1024, 'random', 200, 'cuda:0', 8, 1), UUID('4dee772f-e1dd-4ef3-93bc-4bd58b4943f9'): ('mobile', 256, 'random', 800, 'cuda:1', 8, 1), UUID('4a4f84ab-96ae-45c7-a368-e4681db97499'): ('style1', 256, 'random', 400, 'cuda:0', 8, 1), UUID('2275e8ff-350c-4fcd-b3c8-7a03d1a62ab7'): ('mobile', 256, 'interpolation', 400, 'cuda:0', 8, 1), UUID('3a8fd841-ad23-4727-aacc-b1baf5b6b43d'): ('swa', 256, 'interpolation', 400, 'cuda:1', 8, 1), UUID('8527d5e3-416a-431b-a7c8-ff848d233c61'): ('style1', 1024, 'random', 800, 'cuda:0', 8, 1), UUID('74f8f92a-be3e-43d9-b0e3-743d9c5f6c7a'): ('style1', 512, 'random', 200, 'cuda:1', 8, 1), UUID('2b38b99e-534c-41cd-aa12-1f7c14075fbc'): ('style2ada', 512, 'random', 400, 'cuda:0', 8, 1), UUID('611d5e79-1391-446b-8aae-951311ff32ef'): ('style2', 512, 'interpolation', 200, 'cuda:0', 8, 1), UUID('9b91f594-46a8-4473-a5f5-6ae6912a169c'): ('style2ada', 1024, 'interpolation', 400, 'cuda:1', 8, 1), UUID('83478c97-992c-49c8-b089-0ee9ca7a0974'): ('swa', 1024, 'random', 100, 'cuda:0', 8, 1), UUID('b6e5f653-6184-4776-85db-622fb8515c39'): ('mobile', 512, 'interpolation', 200, 'cuda:0', 8, 1), UUID('5c17150f-f4e0-432a-8915-38b2b51d8c67'): ('mobile', 256, 'random', 800, 'cuda:0', 8, 1), UUID('293c5c21-9470-4cf3-9feb-2e59611b65e4'): ('style2ada', 256, 'random', 200, 'cuda:0', 8, 1), UUID('f43409cd-11be-488a-a4c8-638829d8f77b'): ('anycost', 1024, 'interpolation', 800, 'cuda:0', 8, 1), UUID('dde50b50-2714-4c29-bd86-4c5564857947'): ('style2', 1024, 'interpolation', 100, 'cuda:1', 8, 1), UUID('5a791937-fe7a-460f-81c8-282d361ece4e'): ('stylemap', 512, 'interpolation', 100, 'cuda:1', 8, 1), UUID('6777a31f-5230-4c05-82e6-9fe9ced0b659'): ('style1', 512, 'interpolation', 100, 'cuda:0', 8, 1), UUID('dff676ec-e675-441a-beb7-7bc28b5a864b'): ('style2', 512, 'random', 200, 'cuda:0', 8, 1), UUID('3f45bca3-311f-433f-add9-15425888bd7a'): ('mobile', 256, 'interpolation', 400, 'cuda:0', 8, 1), UUID('5d9e578e-8104-41b6-b5f9-171579073426'): ('stylemap', 1024, 'interpolation', 800, 'cuda:0', 8, 1), UUID('7fd4b216-2fc7-42ea-b1c7-9e2b17ce94d6'): ('stylemap', 256, 'interpolation', 100, 'cuda:0', 8, 1), UUID('6f712077-6df8-496e-888d-fb246300a0dd'): ('mobile', 1024, 'random', 400, 'cuda:0', 8, 1), UUID('8bdfa0f6-4723-4186-be47-391ecf7a6e6b'): ('swa', 512, 'random', 400, 'cuda:0', 8, 1), UUID('fda1a61d-c0f7-42c2-98c3-501fe61e5240'): ('mobile', 512, 'random', 200, 'cuda:1', 8, 1), UUID('ba003177-b196-49af-81dd-eb2035224967'): ('style2ada', 256, 'random', 800, 'cuda:1', 8, 1), UUID('1e0800dd-5eff-4cc7-80e1-82d9bdf2f57d'): ('style2ada', 1024, 'interpolation', 100, 'cuda:0', 8, 1), UUID('bae249da-e8a2-4aad-9100-9692b6a694ff'): ('mobile', 1024, 'random', 100, 'cuda:0', 8, 1), UUID('e6a5ecc8-2d5c-4737-9f16-71d3e66c4557'): ('mobile', 512, 'random', 800, 'cuda:0', 8, 1), UUID('febacc20-d7bf-412c-9c63-15f83e69628e'): ('style2ada', 512, 'random', 100, 'cuda:0', 8, 1), UUID('3c9c6944-2e6c-4697-9b2a-75565a21c52b'): ('style1', 1024, 'interpolation', 800, 'cuda:0', 8, 1), UUID('e818ec64-29d8-4c8e-9f24-430f81a0ced9'): ('style1', 512, 'random', 100, 'cuda:0', 8, 1), UUID('f83afa0d-af34-4038-9bec-571d3d3b2775'): ('style1', 512, 'random', 100, 'cuda:0', 8, 1), UUID('7efcdd94-ce2b-4522-ac1a-e48b89e35bb4'): ('style1', 512, 'interpolation', 200, 'cuda:1', 8, 1), UUID('29c553f3-5559-4e8d-941c-fce89d412a97'): ('style2', 256, 'interpolation', 400, 'cuda:0', 8, 1), UUID('3326c41c-5d48-4b5d-a986-b839d6961430'): ('mobile', 256, 'random', 200, 'cuda:1', 8, 1), UUID('7ed1a394-01e9-4450-9166-b7c9fe33d021'): ('swa', 512, 'interpolation', 200, 'cuda:0', 8, 1), UUID('9b31886d-66f7-42ea-9218-3b7f5757224d'): ('swa', 256, 'interpolation', 100, 'cuda:0', 8, 1), UUID('7f1706bb-8113-4455-a4d9-e1f328b1a564'): ('style1', 512, 'interpolation', 100, 'cuda:0', 8, 1), UUID('79d62566-532b-40e8-9024-ef71bbd5abe4'): ('anycost', 512, 'interpolation', 200, 'cuda:1', 8, 1), UUID('f27fe67c-498f-4637-983a-617e4635ae14'): ('mobile', 1024, 'random', 800, 'cuda:0', 8, 1), UUID('201b4e89-5048-48ff-a4b1-0d601b73be5b'): ('style2ada', 256, 'random', 400, 'cuda:0', 8, 1), UUID('b39d5cf4-1ec8-4252-b0b3-bc3214e1ad51'): ('style1', 1024, 'random', 400, 'cuda:0', 8, 1), UUID('c9beea4a-5246-4161-a7fd-976d020b2517'): ('style1', 1024, 'interpolation', 800, 'cuda:0', 8, 1), UUID('bb602218-6edc-42fc-9603-ecfb40dc664d'): ('style2', 256, 'random', 100, 'cuda:0', 8, 1), UUID('d3885e9f-267a-4325-a67d-962acbc7c2e3'): ('mobile', 1024, 'interpolation', 100, 'cuda:0', 8, 1), UUID('c501d768-0f00-43e3-a575-d26c5f3aa92d'): ('stylemap', 256, 'interpolation', 800, 'cuda:0', 8, 1), UUID('9264cfb4-4d27-4e1a-ab3a-778a5b1684bd'): ('anycost', 512, 'random', 800, 'cuda:0', 8, 1), UUID('1af282b4-92bd-455d-b535-96f67a00192f'): ('swa', 512, 'interpolation', 100, 'cuda:1', 8, 1), UUID('e5e1f27f-b45f-4626-b5e0-01038b0d3464'): ('style2', 1024, 'random', 200, 'cuda:0', 8, 1), UUID('07e11763-f0dd-481f-99e3-394b92b9362b'): ('mobile', 256, 'random', 200, 'cuda:1', 8, 1), UUID('61a2bb9a-1a0b-4b9f-9082-b4de91c46f2b'): ('stylemap', 256, 'interpolation', 100, 'cuda:0', 8, 1), UUID('6d149e23-3058-4cbb-8277-e6545af8bbbe'): ('mobile', 1024, 'interpolation', 100, 'cuda:0', 8, 1), UUID('0bc32622-edcd-497d-93b2-c0af421a6bc7'): ('anycost', 256, 'random', 400, 'cuda:0', 8, 1), UUID('1b940d9e-ea6a-4a18-9d5c-66968410a6ab'): ('style1', 512, 'interpolation', 400, 'cuda:1', 8, 1), UUID('5f80ff2e-3565-4d18-88f5-0c47fdcc2528'): ('anycost', 1024, 'interpolation', 200, 'cuda:0', 8, 1), UUID('4eeda1ec-f444-4e3c-a1fd-98bae14d2e55'): ('mobile', 512, 'random', 400, 'cuda:0', 8, 1), UUID('fc24edf1-4572-42e9-9140-ee1dd1dd911d'): ('stylemap', 1024, 'random', 100, 'cuda:1', 8, 1), UUID('cdde2435-617f-4fd5-8efd-deaca1a182f6'): ('stylemap', 1024, 'interpolation', 800, 'cuda:0', 8, 1), UUID('5fbe4ff7-b0ee-40ec-babb-8cbfa1378ebe'): ('style2', 512, 'random', 800, 'cuda:1', 8, 1)}
arrival_times={UUID('2fbef21e-d74f-44eb-9714-32d281e4e74f'): datetime.datetime(2021, 10, 25, 23, 45, 27, 64348), UUID('c853418c-f9e3-459c-8a09-9b7d45114c82'): datetime.datetime(2021, 10, 25, 23, 45, 32, 76493), UUID('c48aaf75-123f-4b99-906f-5937e3beedff'): datetime.datetime(2021, 10, 25, 23, 45, 37, 90289), UUID('a000bcc4-9ea1-40fe-bf87-a4369c4e1011'): datetime.datetime(2021, 10, 25, 23, 45, 42, 102243), UUID('15c8a80f-ae1b-4c5b-a3a3-062970c0227f'): datetime.datetime(2021, 10, 25, 23, 45, 42, 102300), UUID('3d8c11fb-0403-453b-9f22-8bc9aa93ad34'): datetime.datetime(2021, 10, 25, 23, 45, 47, 128782), UUID('57fa98fa-935b-4390-96b7-54d9632d475a'): datetime.datetime(2021, 10, 25, 23, 45, 47, 128838), UUID('716fc85d-b7ee-432f-a4ac-c7b85e05845d'): datetime.datetime(2021, 10, 25, 23, 45, 52, 149137), UUID('b9bdd974-4f66-4b2b-bee0-6de1b3c6e376'): datetime.datetime(2021, 10, 25, 23, 45, 57, 160555), UUID('a091c579-c4ec-40bf-865e-41670f3d54df'): datetime.datetime(2021, 10, 25, 23, 46, 2, 172605), UUID('25e4a3fa-c25f-45dd-9edb-e0069004335c'): datetime.datetime(2021, 10, 25, 23, 46, 7, 184520), UUID('5bb0acc2-f6c7-4ac2-8f5d-1a67881c96e5'): datetime.datetime(2021, 10, 25, 23, 46, 12, 196564), UUID('7a30f619-9578-4e3f-b52c-4ab0bb121151'): datetime.datetime(2021, 10, 25, 23, 46, 12, 196635), UUID('6af77d0d-d5e4-4926-8ebe-dead0e22acbe'): datetime.datetime(2021, 10, 25, 23, 46, 17, 216530), UUID('17b85746-de95-48bd-96b3-dc6c6573491d'): datetime.datetime(2021, 10, 25, 23, 46, 22, 224560), UUID('2800185c-ac2b-4114-98e2-1e258b062845'): datetime.datetime(2021, 10, 25, 23, 46, 22, 224613), UUID('1ec1836f-13dc-48fc-9948-d42d05c75c76'): datetime.datetime(2021, 10, 25, 23, 46, 27, 241370), UUID('53e53f72-3a56-472f-a728-9b0e05b5cd7a'): datetime.datetime(2021, 10, 25, 23, 46, 32, 257228), UUID('39d4c05c-5e2c-4a0c-9d27-78fffe707432'): datetime.datetime(2021, 10, 25, 23, 46, 37, 268509), UUID('ad338107-9f79-4e94-88b4-3b63c466b119'): datetime.datetime(2021, 10, 25, 23, 46, 42, 278486), UUID('bdcc3f18-deb0-424d-adf3-a0ea99bcdd72'): datetime.datetime(2021, 10, 25, 23, 46, 42, 278532), UUID('c54733ee-36db-4d58-978a-4944461ec81d'): datetime.datetime(2021, 10, 25, 23, 46, 47, 296565), UUID('1b502030-922a-47c9-9c68-fd16a8bc8d9c'): datetime.datetime(2021, 10, 25, 23, 46, 52, 304868), UUID('ce504dca-8230-4e7e-b682-92a4e4e4f1d2'): datetime.datetime(2021, 10, 25, 23, 46, 57, 316518), UUID('a0acd24a-b176-48cc-a846-2190e3bc2478'): datetime.datetime(2021, 10, 25, 23, 47, 2, 328455), UUID('b50656ff-b2cc-4c29-961e-fa09e3ce1dca'): datetime.datetime(2021, 10, 25, 23, 47, 7, 339912), UUID('a8463132-c59f-4569-ad41-4c7c9219cfc6'): datetime.datetime(2021, 10, 25, 23, 47, 12, 348615), UUID('74bc44a9-e970-4c78-9c71-a254f063c6d9'): datetime.datetime(2021, 10, 25, 23, 47, 17, 360558), UUID('b9154b7c-220c-4476-baa7-aa6ad73e51a6'): datetime.datetime(2021, 10, 25, 23, 47, 22, 370539), UUID('a675b0f1-f3bc-42a0-92e5-4aa7d48d0adb'): datetime.datetime(2021, 10, 25, 23, 47, 22, 370611), UUID('37d98f1f-6c23-4e86-8dd3-88cddfcb1958'): datetime.datetime(2021, 10, 25, 23, 47, 22, 370650), UUID('3b58c8be-5910-4473-a6bf-745764dfd991'): datetime.datetime(2021, 10, 25, 23, 47, 27, 392612), UUID('23ac1920-8dc8-4f33-b68a-7a655880d61b'): datetime.datetime(2021, 10, 25, 23, 47, 32, 412547), UUID('a362304a-ffc3-483c-99c3-bdb2a348706d'): datetime.datetime(2021, 10, 25, 23, 47, 37, 424514), UUID('34337ab2-16d2-4c42-a105-7bd0853ef504'): datetime.datetime(2021, 10, 25, 23, 47, 37, 424570), UUID('b4f04001-5422-4ad5-bdd1-318945ccd1ef'): datetime.datetime(2021, 10, 25, 23, 47, 42, 440536), UUID('6fd0d509-6911-439b-bd97-22ca421cc79c'): datetime.datetime(2021, 10, 25, 23, 47, 42, 440580), UUID('8f84db36-f705-4571-8644-393a53b53374'): datetime.datetime(2021, 10, 25, 23, 47, 47, 461516), UUID('d972311b-16c5-4cbc-8d8c-067b048f85ac'): datetime.datetime(2021, 10, 25, 23, 47, 52, 474060), UUID('451d3007-c09b-4fe7-a775-c1aa9be722b6'): datetime.datetime(2021, 10, 25, 23, 47, 57, 488577), UUID('c18329f7-9ed3-47df-9e6c-9cc7b2f23d10'): datetime.datetime(2021, 10, 25, 23, 48, 2, 501288), UUID('1253b83e-69d4-438a-a677-2c3a4085b56d'): datetime.datetime(2021, 10, 25, 23, 48, 7, 512544), UUID('66925d4f-0bda-4efa-842c-f4eec1de6a28'): datetime.datetime(2021, 10, 25, 23, 48, 7, 512609), UUID('20cad9f0-8e77-413d-a77a-a9857b38ffb1'): datetime.datetime(2021, 10, 25, 23, 48, 7, 512655), UUID('dae4531e-da0f-4d3c-bb82-0c6c61265722'): datetime.datetime(2021, 10, 25, 23, 48, 12, 540508), UUID('ec767321-2001-4e03-9d68-c3b8a5906d74'): datetime.datetime(2021, 10, 25, 23, 48, 17, 552496), UUID('8f760b5d-622c-440e-8ea7-dc275330c5ae'): datetime.datetime(2021, 10, 25, 23, 48, 22, 564525), UUID('936e1529-1704-4ee5-a383-9e88dbe8fcc8'): datetime.datetime(2021, 10, 25, 23, 48, 27, 576579), UUID('83ceb473-8762-41b2-97c6-1f346fcdc051'): datetime.datetime(2021, 10, 25, 23, 48, 32, 588813), UUID('700d7bdd-006a-4670-b2f7-4c8f9778b1d0'): datetime.datetime(2021, 10, 25, 23, 48, 37, 604552), UUID('0e9e4f3d-85ab-42ac-9bd8-e675d85db243'): datetime.datetime(2021, 10, 25, 23, 48, 47, 620523), UUID('c016ed9c-3b4a-43e7-a461-38f2f530eeff'): datetime.datetime(2021, 10, 25, 23, 48, 52, 632682), UUID('75c5b963-0720-40c2-a541-2f5b82cf8ccc'): datetime.datetime(2021, 10, 25, 23, 48, 57, 644648), UUID('373164c2-b70a-438c-8096-57e9a1182810'): datetime.datetime(2021, 10, 25, 23, 49, 7, 664513), UUID('fc02ae1f-f6c3-4a32-956d-204ac5dac78c'): datetime.datetime(2021, 10, 25, 23, 49, 12, 677544), UUID('04a1ccc7-ad41-40c3-ad56-bd20ab7ba7da'): datetime.datetime(2021, 10, 25, 23, 49, 17, 688459), UUID('8ddb87fe-fbc6-4efc-b5b4-c9d921a16bbe'): datetime.datetime(2021, 10, 25, 23, 49, 17, 688507), UUID('bc96acd0-6cad-4032-91f0-c5922bea2020'): datetime.datetime(2021, 10, 25, 23, 49, 22, 704789), UUID('060cd81a-8445-44a6-a2ce-2971fddeb7e5'): datetime.datetime(2021, 10, 25, 23, 49, 22, 704838), UUID('e428cb44-28cb-4760-87ae-1129e20e66ab'): datetime.datetime(2021, 10, 25, 23, 49, 27, 720565), UUID('7fedc842-48be-4042-afd9-a3d3c66678d2'): datetime.datetime(2021, 10, 25, 23, 49, 32, 736478), UUID('7ce7d4aa-dc2b-456f-9967-85883a77037f'): datetime.datetime(2021, 10, 25, 23, 49, 32, 736525), UUID('45acff5a-9703-4791-91fa-2860dac91897'): datetime.datetime(2021, 10, 25, 23, 49, 37, 752503), UUID('e391a561-a56b-4d93-8dd7-36d1b2677969'): datetime.datetime(2021, 10, 25, 23, 49, 37, 752554), UUID('ac2a1826-a2aa-43c6-9d18-279086e074c6'): datetime.datetime(2021, 10, 25, 23, 49, 42, 768490), UUID('055e59b5-8f3e-48b5-af80-000ec803e0e8'): datetime.datetime(2021, 10, 25, 23, 49, 47, 780675), UUID('99c73dc5-4394-4f87-be1d-4918e0f986b9'): datetime.datetime(2021, 10, 25, 23, 49, 52, 792513), UUID('4f9fc77e-4920-4737-9328-93f80a8054a6'): datetime.datetime(2021, 10, 25, 23, 49, 52, 792567), UUID('d93db962-e170-4bed-b7fc-7770c6faec6a'): datetime.datetime(2021, 10, 25, 23, 49, 52, 792606), UUID('28c60ba9-4df4-4d1a-b392-4175e9768717'): datetime.datetime(2021, 10, 25, 23, 49, 57, 818402), UUID('036edfc9-77de-437e-8602-f89dd6d95cbb'): datetime.datetime(2021, 10, 25, 23, 50, 2, 832496), UUID('ba3c8ebb-52f4-430e-bc21-f24a3ed0098d'): datetime.datetime(2021, 10, 25, 23, 50, 7, 843353), UUID('76de1216-4918-4545-a5e7-c97f57418b38'): datetime.datetime(2021, 10, 25, 23, 50, 7, 843422), UUID('e99f5719-b891-4ead-b243-19dd9ad4a8c3'): datetime.datetime(2021, 10, 25, 23, 50, 17, 864497), UUID('6e8530b4-4ac3-428b-b56c-3d68731d36be'): datetime.datetime(2021, 10, 25, 23, 50, 17, 864549), UUID('1c52a563-1d29-4516-bf8c-d8d6a4f0c004'): datetime.datetime(2021, 10, 25, 23, 50, 22, 882866), UUID('bdef338e-28ca-4a62-826d-50594b1f5951'): datetime.datetime(2021, 10, 25, 23, 50, 22, 882937), UUID('f4af416f-1317-4392-bea2-27d5e4d89ac2'): datetime.datetime(2021, 10, 25, 23, 50, 22, 882980), UUID('9d6cf8f1-12a9-4e96-834b-a40f8d37e0c6'): datetime.datetime(2021, 10, 25, 23, 50, 27, 908704), UUID('6127e1b2-3e86-46bc-b378-d0e5bb6ac9ee'): datetime.datetime(2021, 10, 25, 23, 50, 32, 920520), UUID('b778d008-4e69-4861-86b2-48ec5d02334e'): datetime.datetime(2021, 10, 25, 23, 50, 42, 938667), UUID('b8b4f116-4e02-410a-a3ef-83351a5681a9'): datetime.datetime(2021, 10, 25, 23, 50, 47, 956525), UUID('9f69bce0-ab4b-4a67-9d76-02aacdf21a8c'): datetime.datetime(2021, 10, 25, 23, 50, 47, 956576), UUID('8bd72295-0c09-44f7-9945-852b5b81142c'): datetime.datetime(2021, 10, 25, 23, 50, 52, 972498), UUID('c9ac981e-e0cc-41cc-8b62-d2627b37f9c9'): datetime.datetime(2021, 10, 25, 23, 50, 57, 984519), UUID('b585401c-93ba-4c2f-bc1d-87c3242065b5'): datetime.datetime(2021, 10, 25, 23, 51, 2, 996729), UUID('9a689758-06aa-47ef-a2a4-8f9bcaa7309c'): datetime.datetime(2021, 10, 25, 23, 51, 8, 8583), UUID('34e9b254-22f9-4d36-b3d4-3ebf12d1b755'): datetime.datetime(2021, 10, 25, 23, 51, 13, 20640), UUID('762d2b2e-2f74-436c-8e8a-4fc38994e0cf'): datetime.datetime(2021, 10, 25, 23, 51, 13, 20698), UUID('409a6b18-a165-4c0d-b74a-8430ce96fe3d'): datetime.datetime(2021, 10, 25, 23, 51, 18, 40516), UUID('3e59dfc4-3800-4113-83ad-de575a0d0d84'): datetime.datetime(2021, 10, 25, 23, 51, 23, 48546), UUID('1caaac9f-c461-4cfd-a6e0-c87900c187e2'): datetime.datetime(2021, 10, 25, 23, 51, 28, 60590), UUID('cf89a20d-3ecc-488e-8b3a-6d8ea733ca04'): datetime.datetime(2021, 10, 25, 23, 51, 28, 60652), UUID('4dee772f-e1dd-4ef3-93bc-4bd58b4943f9'): datetime.datetime(2021, 10, 25, 23, 51, 33, 88513), UUID('4a4f84ab-96ae-45c7-a368-e4681db97499'): datetime.datetime(2021, 10, 25, 23, 51, 38, 100511), UUID('2275e8ff-350c-4fcd-b3c8-7a03d1a62ab7'): datetime.datetime(2021, 10, 25, 23, 51, 43, 124566), UUID('3a8fd841-ad23-4727-aacc-b1baf5b6b43d'): datetime.datetime(2021, 10, 25, 23, 51, 43, 124634), UUID('8527d5e3-416a-431b-a7c8-ff848d233c61'): datetime.datetime(2021, 10, 25, 23, 51, 53, 152491), UUID('74f8f92a-be3e-43d9-b0e3-743d9c5f6c7a'): datetime.datetime(2021, 10, 25, 23, 51, 58, 160564), UUID('2b38b99e-534c-41cd-aa12-1f7c14075fbc'): datetime.datetime(2021, 10, 25, 23, 52, 3, 172543), UUID('611d5e79-1391-446b-8aae-951311ff32ef'): datetime.datetime(2021, 10, 25, 23, 52, 8, 188684), UUID('9b91f594-46a8-4473-a5f5-6ae6912a169c'): datetime.datetime(2021, 10, 25, 23, 52, 18, 205030), UUID('83478c97-992c-49c8-b089-0ee9ca7a0974'): datetime.datetime(2021, 10, 25, 23, 52, 18, 205076), UUID('b6e5f653-6184-4776-85db-622fb8515c39'): datetime.datetime(2021, 10, 25, 23, 52, 28, 232549), UUID('5c17150f-f4e0-432a-8915-38b2b51d8c67'): datetime.datetime(2021, 10, 25, 23, 52, 28, 232609), UUID('293c5c21-9470-4cf3-9feb-2e59611b65e4'): datetime.datetime(2021, 10, 25, 23, 52, 38, 260566), UUID('f43409cd-11be-488a-a4c8-638829d8f77b'): datetime.datetime(2021, 10, 25, 23, 52, 43, 272499), UUID('dde50b50-2714-4c29-bd86-4c5564857947'): datetime.datetime(2021, 10, 25, 23, 52, 53, 288556), UUID('5a791937-fe7a-460f-81c8-282d361ece4e'): datetime.datetime(2021, 10, 25, 23, 52, 53, 288614), UUID('6777a31f-5230-4c05-82e6-9fe9ced0b659'): datetime.datetime(2021, 10, 25, 23, 52, 58, 304563), UUID('dff676ec-e675-441a-beb7-7bc28b5a864b'): datetime.datetime(2021, 10, 25, 23, 52, 58, 304660), UUID('3f45bca3-311f-433f-add9-15425888bd7a'): datetime.datetime(2021, 10, 25, 23, 53, 3, 329796), UUID('5d9e578e-8104-41b6-b5f9-171579073426'): datetime.datetime(2021, 10, 25, 23, 53, 8, 340516), UUID('7fd4b216-2fc7-42ea-b1c7-9e2b17ce94d6'): datetime.datetime(2021, 10, 25, 23, 53, 18, 356983), UUID('6f712077-6df8-496e-888d-fb246300a0dd'): datetime.datetime(2021, 10, 25, 23, 53, 18, 357040), UUID('8bdfa0f6-4723-4186-be47-391ecf7a6e6b'): datetime.datetime(2021, 10, 25, 23, 53, 18, 357078), UUID('fda1a61d-c0f7-42c2-98c3-501fe61e5240'): datetime.datetime(2021, 10, 25, 23, 53, 23, 380562), UUID('ba003177-b196-49af-81dd-eb2035224967'): datetime.datetime(2021, 10, 25, 23, 53, 23, 380610), UUID('1e0800dd-5eff-4cc7-80e1-82d9bdf2f57d'): datetime.datetime(2021, 10, 25, 23, 53, 28, 396582), UUID('bae249da-e8a2-4aad-9100-9692b6a694ff'): datetime.datetime(2021, 10, 25, 23, 53, 28, 396640), UUID('e6a5ecc8-2d5c-4737-9f16-71d3e66c4557'): datetime.datetime(2021, 10, 25, 23, 53, 28, 396681), UUID('febacc20-d7bf-412c-9c63-15f83e69628e'): datetime.datetime(2021, 10, 25, 23, 53, 33, 428903), UUID('3c9c6944-2e6c-4697-9b2a-75565a21c52b'): datetime.datetime(2021, 10, 25, 23, 53, 38, 440572), UUID('e818ec64-29d8-4c8e-9f24-430f81a0ced9'): datetime.datetime(2021, 10, 25, 23, 53, 38, 440628), UUID('f83afa0d-af34-4038-9bec-571d3d3b2775'): datetime.datetime(2021, 10, 25, 23, 53, 43, 460521), UUID('7efcdd94-ce2b-4522-ac1a-e48b89e35bb4'): datetime.datetime(2021, 10, 25, 23, 53, 48, 472538), UUID('29c553f3-5559-4e8d-941c-fce89d412a97'): datetime.datetime(2021, 10, 25, 23, 53, 48, 472596), UUID('3326c41c-5d48-4b5d-a986-b839d6961430'): datetime.datetime(2021, 10, 25, 23, 53, 53, 492488), UUID('7ed1a394-01e9-4450-9166-b7c9fe33d021'): datetime.datetime(2021, 10, 25, 23, 53, 58, 500627), UUID('9b31886d-66f7-42ea-9218-3b7f5757224d'): datetime.datetime(2021, 10, 25, 23, 53, 58, 500689), UUID('7f1706bb-8113-4455-a4d9-e1f328b1a564'): datetime.datetime(2021, 10, 25, 23, 53, 58, 500724), UUID('79d62566-532b-40e8-9024-ef71bbd5abe4'): datetime.datetime(2021, 10, 25, 23, 54, 3, 528493), UUID('f27fe67c-498f-4637-983a-617e4635ae14'): datetime.datetime(2021, 10, 25, 23, 54, 8, 540493), UUID('201b4e89-5048-48ff-a4b1-0d601b73be5b'): datetime.datetime(2021, 10, 25, 23, 54, 13, 552539), UUID('b39d5cf4-1ec8-4252-b0b3-bc3214e1ad51'): datetime.datetime(2021, 10, 25, 23, 54, 18, 564507), UUID('c9beea4a-5246-4161-a7fd-976d020b2517'): datetime.datetime(2021, 10, 25, 23, 54, 18, 564562), UUID('bb602218-6edc-42fc-9603-ecfb40dc664d'): datetime.datetime(2021, 10, 25, 23, 54, 18, 564599), UUID('d3885e9f-267a-4325-a67d-962acbc7c2e3'): datetime.datetime(2021, 10, 25, 23, 54, 23, 588621), UUID('c501d768-0f00-43e3-a575-d26c5f3aa92d'): datetime.datetime(2021, 10, 25, 23, 54, 28, 600494), UUID('9264cfb4-4d27-4e1a-ab3a-778a5b1684bd'): datetime.datetime(2021, 10, 25, 23, 54, 33, 616513), UUID('1af282b4-92bd-455d-b535-96f67a00192f'): datetime.datetime(2021, 10, 25, 23, 54, 38, 628543), UUID('e5e1f27f-b45f-4626-b5e0-01038b0d3464'): datetime.datetime(2021, 10, 25, 23, 54, 38, 628591), UUID('07e11763-f0dd-481f-99e3-394b92b9362b'): datetime.datetime(2021, 10, 25, 23, 54, 43, 648456), UUID('61a2bb9a-1a0b-4b9f-9082-b4de91c46f2b'): datetime.datetime(2021, 10, 25, 23, 54, 43, 648498), UUID('6d149e23-3058-4cbb-8277-e6545af8bbbe'): datetime.datetime(2021, 10, 25, 23, 54, 48, 664511), UUID('0bc32622-edcd-497d-93b2-c0af421a6bc7'): datetime.datetime(2021, 10, 25, 23, 54, 53, 676763), UUID('1b940d9e-ea6a-4a18-9d5c-66968410a6ab'): datetime.datetime(2021, 10, 25, 23, 54, 58, 688903), UUID('5f80ff2e-3565-4d18-88f5-0c47fdcc2528'): datetime.datetime(2021, 10, 25, 23, 55, 3, 701024), UUID('4eeda1ec-f444-4e3c-a1fd-98bae14d2e55'): datetime.datetime(2021, 10, 25, 23, 55, 8, 712657), UUID('fc24edf1-4572-42e9-9140-ee1dd1dd911d'): datetime.datetime(2021, 10, 25, 23, 55, 8, 712703), UUID('cdde2435-617f-4fd5-8efd-deaca1a182f6'): datetime.datetime(2021, 10, 25, 23, 55, 13, 728507), UUID('5fbe4ff7-b0ee-40ec-babb-8cbfa1378ebe'): datetime.datetime(2021, 10, 25, 23, 55, 18, 740503)}
finish_times={}




id,network,job_type,image_size,num_imgs,device,batch_size,data_parallelism,response_time
2fbef21e,style1,interpolation,1024,100,cuda:1,8,1,-1
c853418c,swa,random,256,400,cuda:0,8,1,-1
c48aaf75,style2,random,256,100,cuda:1,8,1,-1
a000bcc4,style2ada,random,1024,100,cuda:1,8,1,-1
15c8a80f,swa,interpolation,256,800,cuda:0,8,1,-1
3d8c11fb,stylemap,interpolation,256,400,cuda:1,8,1,-1
57fa98fa,style2,random,256,200,cuda:1,8,1,-1
716fc85d,anycost,random,256,400,cuda:0,8,1,-1
b9bdd974,stylemap,random,1024,400,cuda:1,8,1,-1
a091c579,anycost,interpolation,1024,800,cuda:0,8,1,-1
25e4a3fa,style1,random,1024,800,cuda:0,8,1,-1
5bb0acc2,style2ada,random,1024,400,cuda:0,8,1,-1
7a30f619,swa,interpolation,512,100,cuda:1,8,1,-1
6af77d0d,swa,random,1024,100,cuda:1,8,1,-1
17b85746,style2,random,1024,100,cuda:0,8,1,-1
2800185c,mobile,interpolation,256,400,cuda:1,8,1,-1
1ec1836f,style2ada,random,512,200,cuda:1,8,1,-1
53e53f72,stylemap,random,256,100,cuda:0,8,1,-1
39d4c05c,style2ada,random,256,100,cuda:0,8,1,-1
ad338107,style2,interpolation,512,200,cuda:1,8,1,-1
bdcc3f18,stylemap,random,1024,100,cuda:0,8,1,-1
c54733ee,stylemap,interpolation,256,200,cuda:1,8,1,-1
1b502030,anycost,interpolation,512,400,cuda:0,8,1,-1
ce504dca,style1,random,256,800,cuda:1,8,1,-1
a0acd24a,style1,random,1024,400,cuda:0,8,1,-1
b50656ff,stylemap,interpolation,512,800,cuda:1,8,1,-1
a8463132,mobile,random,1024,100,cuda:0,8,1,-1
74bc44a9,style1,interpolation,256,100,cuda:1,8,1,-1
b9154b7c,swa,interpolation,256,400,cuda:0,8,1,-1
a675b0f1,style2,random,1024,200,cuda:0,8,1,-1
37d98f1f,style2ada,interpolation,256,100,cuda:1,8,1,-1
3b58c8be,swa,random,256,400,cuda:0,8,1,-1
23ac1920,anycost,interpolation,256,400,cuda:1,8,1,-1
a362304a,style2ada,interpolation,512,200,cuda:0,8,1,-1
34337ab2,style2,random,1024,200,cuda:1,8,1,-1
b4f04001,mobile,interpolation,512,400,cuda:0,8,1,-1
6fd0d509,style2,interpolation,1024,100,cuda:1,8,1,-1
8f84db36,swa,random,1024,800,cuda:0,8,1,-1
d972311b,style1,random,256,400,cuda:0,8,1,-1
451d3007,style1,interpolation,1024,200,cuda:0,8,1,-1
c18329f7,style1,random,1024,400,cuda:0,8,1,-1
1253b83e,mobile,interpolation,1024,800,cuda:1,8,1,-1
66925d4f,stylemap,random,1024,400,cuda:1,8,1,-1
20cad9f0,style2ada,interpolation,512,400,cuda:0,8,1,-1
dae4531e,style2ada,random,512,200,cuda:0,8,1,-1
ec767321,style2,interpolation,512,200,cuda:0,8,1,-1
8f760b5d,style2,random,1024,400,cuda:0,8,1,-1
936e1529,swa,interpolation,1024,100,cuda:0,8,1,-1
83ceb473,mobile,random,256,800,cuda:1,8,1,-1
700d7bdd,mobile,random,256,800,cuda:0,8,1,-1
0e9e4f3d,style2ada,interpolation,512,400,cuda:1,8,1,-1
c016ed9c,style2ada,interpolation,512,200,cuda:0,8,1,-1
75c5b963,style2ada,random,512,100,cuda:0,8,1,-1
373164c2,swa,random,1024,200,cuda:0,8,1,-1
fc02ae1f,stylemap,random,512,800,cuda:1,8,1,-1
04a1ccc7,mobile,interpolation,1024,800,cuda:0,8,1,-1
8ddb87fe,style1,interpolation,256,200,cuda:0,8,1,-1
bc96acd0,stylemap,interpolation,512,800,cuda:0,8,1,-1
060cd81a,swa,interpolation,1024,200,cuda:0,8,1,-1
e428cb44,style2,random,1024,800,cuda:1,8,1,-1
7fedc842,style2,interpolation,256,100,cuda:1,8,1,-1
7ce7d4aa,style2,random,1024,100,cuda:1,8,1,-1
45acff5a,swa,interpolation,1024,800,cuda:0,8,1,-1
e391a561,anycost,interpolation,256,200,cuda:1,8,1,-1
ac2a1826,stylemap,interpolation,512,800,cuda:0,8,1,-1
055e59b5,style1,interpolation,1024,800,cuda:1,8,1,-1
99c73dc5,style1,random,256,400,cuda:0,8,1,-1
4f9fc77e,style2ada,interpolation,512,200,cuda:0,8,1,-1
d93db962,style2ada,random,1024,800,cuda:0,8,1,-1
28c60ba9,swa,interpolation,1024,100,cuda:0,8,1,-1
036edfc9,swa,interpolation,512,400,cuda:1,8,1,-1
ba3c8ebb,mobile,random,1024,400,cuda:0,8,1,-1
76de1216,mobile,random,256,800,cuda:1,8,1,-1
e99f5719,style2ada,interpolation,256,800,cuda:1,8,1,-1
6e8530b4,mobile,interpolation,256,800,cuda:1,8,1,-1
1c52a563,swa,interpolation,256,100,cuda:1,8,1,-1
bdef338e,mobile,random,1024,800,cuda:0,8,1,-1
f4af416f,stylemap,random,512,400,cuda:0,8,1,-1
9d6cf8f1,mobile,random,256,200,cuda:1,8,1,-1
6127e1b2,mobile,interpolation,256,100,cuda:1,8,1,-1
b778d008,mobile,random,256,800,cuda:0,8,1,-1
b8b4f116,swa,random,256,800,cuda:0,8,1,-1
9f69bce0,style1,interpolation,256,400,cuda:0,8,1,-1
8bd72295,mobile,random,256,400,cuda:0,8,1,-1
c9ac981e,style2ada,interpolation,256,400,cuda:0,8,1,-1
b585401c,style2ada,random,512,400,cuda:0,8,1,-1
9a689758,swa,random,512,400,cuda:0,8,1,-1
34e9b254,stylemap,interpolation,256,400,cuda:0,8,1,-1
762d2b2e,stylemap,interpolation,256,200,cuda:0,8,1,-1
409a6b18,style1,random,256,200,cuda:0,8,1,-1
3e59dfc4,anycost,interpolation,512,200,cuda:1,8,1,-1
1caaac9f,style2,interpolation,256,800,cuda:0,8,1,-1
cf89a20d,mobile,random,1024,200,cuda:0,8,1,-1
4dee772f,mobile,random,256,800,cuda:1,8,1,-1
4a4f84ab,style1,random,256,400,cuda:0,8,1,-1
2275e8ff,mobile,interpolation,256,400,cuda:0,8,1,-1
3a8fd841,swa,interpolation,256,400,cuda:1,8,1,-1
8527d5e3,style1,random,1024,800,cuda:0,8,1,-1
74f8f92a,style1,random,512,200,cuda:1,8,1,-1
2b38b99e,style2ada,random,512,400,cuda:0,8,1,-1
611d5e79,style2,interpolation,512,200,cuda:0,8,1,-1
9b91f594,style2ada,interpolation,1024,400,cuda:1,8,1,-1
83478c97,swa,random,1024,100,cuda:0,8,1,-1
b6e5f653,mobile,interpolation,512,200,cuda:0,8,1,-1
5c17150f,mobile,random,256,800,cuda:0,8,1,-1
293c5c21,style2ada,random,256,200,cuda:0,8,1,-1
f43409cd,anycost,interpolation,1024,800,cuda:0,8,1,-1
dde50b50,style2,interpolation,1024,100,cuda:1,8,1,-1
5a791937,stylemap,interpolation,512,100,cuda:1,8,1,-1
6777a31f,style1,interpolation,512,100,cuda:0,8,1,-1
dff676ec,style2,random,512,200,cuda:0,8,1,-1
3f45bca3,mobile,interpolation,256,400,cuda:0,8,1,-1
5d9e578e,stylemap,interpolation,1024,800,cuda:0,8,1,-1
7fd4b216,stylemap,interpolation,256,100,cuda:0,8,1,-1
6f712077,mobile,random,1024,400,cuda:0,8,1,-1
8bdfa0f6,swa,random,512,400,cuda:0,8,1,-1
fda1a61d,mobile,random,512,200,cuda:1,8,1,-1
ba003177,style2ada,random,256,800,cuda:1,8,1,-1
1e0800dd,style2ada,interpolation,1024,100,cuda:0,8,1,-1
bae249da,mobile,random,1024,100,cuda:0,8,1,-1
e6a5ecc8,mobile,random,512,800,cuda:0,8,1,-1
febacc20,style2ada,random,512,100,cuda:0,8,1,-1
3c9c6944,style1,interpolation,1024,800,cuda:0,8,1,-1
e818ec64,style1,random,512,100,cuda:0,8,1,-1
f83afa0d,style1,random,512,100,cuda:0,8,1,-1
7efcdd94,style1,interpolation,512,200,cuda:1,8,1,-1
29c553f3,style2,interpolation,256,400,cuda:0,8,1,-1
3326c41c,mobile,random,256,200,cuda:1,8,1,-1
7ed1a394,swa,interpolation,512,200,cuda:0,8,1,-1
9b31886d,swa,interpolation,256,100,cuda:0,8,1,-1
7f1706bb,style1,interpolation,512,100,cuda:0,8,1,-1
79d62566,anycost,interpolation,512,200,cuda:1,8,1,-1
f27fe67c,mobile,random,1024,800,cuda:0,8,1,-1
201b4e89,style2ada,random,256,400,cuda:0,8,1,-1
b39d5cf4,style1,random,1024,400,cuda:0,8,1,-1
c9beea4a,style1,interpolation,1024,800,cuda:0,8,1,-1
bb602218,style2,random,256,100,cuda:0,8,1,-1
d3885e9f,mobile,interpolation,1024,100,cuda:0,8,1,-1
c501d768,stylemap,interpolation,256,800,cuda:0,8,1,-1
9264cfb4,anycost,random,512,800,cuda:0,8,1,-1
1af282b4,swa,interpolation,512,100,cuda:1,8,1,-1
e5e1f27f,style2,random,1024,200,cuda:0,8,1,-1
07e11763,mobile,random,256,200,cuda:1,8,1,-1
61a2bb9a,stylemap,interpolation,256,100,cuda:0,8,1,-1
6d149e23,mobile,interpolation,1024,100,cuda:0,8,1,-1
0bc32622,anycost,random,256,400,cuda:0,8,1,-1
1b940d9e,style1,interpolation,512,400,cuda:1,8,1,-1
5f80ff2e,anycost,interpolation,1024,200,cuda:0,8,1,-1
4eeda1ec,mobile,random,512,400,cuda:0,8,1,-1
fc24edf1,stylemap,random,1024,100,cuda:1,8,1,-1
cdde2435,stylemap,interpolation,1024,800,cuda:0,8,1,-1
5fbe4ff7,style2,random,512,800,cuda:1,8,1,-1




