/usr/local/lib/python3.8/dist-packages/dataclasses_json/core.py:171: RuntimeWarning: `NoneType` object value of non-optional type config_path detected when decoding BareConfig.
  warnings.warn(f"`NoneType` object {warning}.", RuntimeWarning)
10-23-2021 14:45:05 root         INFO     Starting in cluster mode.
10-23-2021 14:45:05 root         INFO     Starting as Orchestrator
10-23-2021 14:45:05 root         INFO     Starting Orchestrator, initializing resources....
10-23-2021 14:45:05 root         INFO     Loading in cluster configuration file
10-23-2021 14:45:05 root         INFO     Pointing configuration to in cluster configuration.
10-23-2021 14:45:05 root         INFO     Starting cluster manager
10-23-2021 14:45:05 ClusterManager INFO     Spinning up cluster manager...
10-23-2021 14:45:05 root         INFO     Starting arrival generator
10-23-2021 14:45:05 ResourceWatchDog INFO     Starting resource watchdog
10-23-2021 14:45:05 root         INFO     Starting orchestrator
10-23-2021 14:45:05 ClusterManager INFO     Still alive...
10-23-2021 14:45:05 StyleGANExperimentGenerator INFO     Starting execution of arrival generator...
10-23-2021 14:45:05 ResourceWatchDog INFO     Fetching node information of cluster...
10-23-2021 14:45:05 StyleGANExperimentGenerator INFO     Populating tick lists with initial arrivals
10-23-2021 14:45:05 Orchestrator INFO     Clearing old jobs in current namespace: default
10-23-2021 14:45:05 StyleGANExperimentGenerator INFO     Creating task for StyleGANInferenceJob
10
10-23-2021 14:45:05 ResourceWatchDog INFO     Starting with watching resources
10-23-2021 14:45:15 ClusterManager INFO     Still alive...
10-23-2021 14:45:15 ResourceWatchDog INFO     Fetching job finish times...
10-23-2021 14:45:15 ResourceWatchDog INFO     Fetching resource information of cluster...
10-23-2021 14:45:15 ResourceWatchDog INFO     {'ubuntu94025': Resource(node_name='ubuntu94025', cpu_allocatable=<Quantity(24, 'dimensionless')>, memory_allocatable=<Quantity(65626416, 'Ki')>, cpu_requested=<Quantity(2.72, 'dimensionless')>, memory_requested=<Quantity(3570766848, 'dimensionless')>, cpu_limit=<Quantity(22.4, 'dimensionless')>, memory_limit=<Quantity(15637779456, 'dimensionless')>, vram_free=[11174.4375, 24264.6875], vram_total=[11178.5, 24268.3125])}
10-23-2021 14:45:16 StyleGANExperimentGenerator INFO     Creating task for StyleGANInferenceJob
10
10-23-2021 14:45:20 Orchestrator INFO     Scheduling arrival of Arrival: 7ee0a2e6-85c5-44ba-a0ef-45f697483c14
10-23-2021 14:45:20 Orchestrator INFO     Deploying on cluster: 7ee0a2e6-85c5-44ba-a0ef-45f697483c14
10
10-23-2021 14:45:22 StyleGANExperimentGenerator INFO     Creating task for StyleGANInferenceJob
10-23-2021 14:45:25 ClusterManager INFO     Still alive...
10-23-2021 14:45:25 Orchestrator INFO     Scheduling arrival of Arrival: a12fd0d9-9a17-4f25-9651-d6c15f605e76
10-23-2021 14:45:25 Orchestrator INFO     Deploying on cluster: a12fd0d9-9a17-4f25-9651-d6c15f605e76
10-23-2021 14:45:25 ResourceWatchDog INFO     Fetching job finish times...
10-23-2021 14:45:25 ResourceWatchDog INFO     Fetching resource information of cluster...
10-23-2021 14:45:25 ResourceWatchDog INFO     {'ubuntu94025': Resource(node_name='ubuntu94025', cpu_allocatable=<Quantity(24, 'dimensionless')>, memory_allocatable=<Quantity(65626416, 'Ki')>, cpu_requested=<Quantity(2.72, 'dimensionless')>, memory_requested=<Quantity(3570766848, 'dimensionless')>, cpu_limit=<Quantity(22.4, 'dimensionless')>, memory_limit=<Quantity(15637779456, 'dimensionless')>, vram_free=[10379.4375, 24264.6875], vram_total=[11178.5, 24268.3125])}
10-23-2021 14:45:33 StyleGANExperimentGenerator INFO     Creating task for StyleGANInferenceJob
10
10-23-2021 14:45:35 ClusterManager INFO     Still alive...
10-23-2021 14:45:35 Orchestrator INFO     Scheduling arrival of Arrival: eda0622e-8e6f-4640-876a-51c1cfc3023a
10-23-2021 14:45:35 Orchestrator INFO     Deploying on cluster: eda0622e-8e6f-4640-876a-51c1cfc3023a
10-23-2021 14:45:35 ResourceWatchDog INFO     Fetching job finish times...
10-23-2021 14:45:36 ResourceWatchDog INFO     Fetching resource information of cluster...
10-23-2021 14:45:36 ResourceWatchDog INFO     {'ubuntu94025': Resource(node_name='ubuntu94025', cpu_allocatable=<Quantity(24, 'dimensionless')>, memory_allocatable=<Quantity(65626416, 'Ki')>, cpu_requested=<Quantity(2.72, 'dimensionless')>, memory_requested=<Quantity(3570766848, 'dimensionless')>, cpu_limit=<Quantity(22.4, 'dimensionless')>, memory_limit=<Quantity(15637779456, 'dimensionless')>, vram_free=[5955.4375, 4563.6875], vram_total=[11178.5, 24268.3125])}
10-23-2021 14:45:45 ClusterManager INFO     Still alive...
10-23-2021 14:45:46 ResourceWatchDog INFO     Fetching job finish times...
10-23-2021 14:45:46 ResourceWatchDog INFO     Fetching resource information of cluster...
10-23-2021 14:45:46 ResourceWatchDog INFO     {'ubuntu94025': Resource(node_name='ubuntu94025', cpu_allocatable=<Quantity(24, 'dimensionless')>, memory_allocatable=<Quantity(65626416, 'Ki')>, cpu_requested=<Quantity(2.72, 'dimensionless')>, memory_requested=<Quantity(3570766848, 'dimensionless')>, cpu_limit=<Quantity(22.4, 'dimensionless')>, memory_limit=<Quantity(15637779456, 'dimensionless')>, vram_free=[5955.4375, 2820.6875], vram_total=[11178.5, 24268.3125])}
10-23-2021 14:45:47 StyleGANExperimentGenerator INFO     Creating task for StyleGANInferenceJob
10
10-23-2021 14:45:50 Orchestrator INFO     Scheduling arrival of Arrival: b6a20925-da2d-4768-af15-5e461375907a
10-23-2021 14:45:50 Orchestrator INFO     Deploying on cluster: b6a20925-da2d-4768-af15-5e461375907a
10
10-23-2021 14:45:54 StyleGANExperimentGenerator INFO     Creating task for StyleGANInferenceJob
10-23-2021 14:45:55 ClusterManager INFO     Still alive...
10-23-2021 14:45:55 Orchestrator INFO     Scheduling arrival of Arrival: f947a1de-4384-44a6-a5b0-a2a392c9d1f8
10-23-2021 14:45:55 Orchestrator INFO     Deploying on cluster: f947a1de-4384-44a6-a5b0-a2a392c9d1f8
10-23-2021 14:45:56 ResourceWatchDog INFO     Fetching job finish times...
10-23-2021 14:45:56 ResourceWatchDog INFO     Fetching resource information of cluster...
10-23-2021 14:45:56 ResourceWatchDog INFO     {'ubuntu94025': Resource(node_name='ubuntu94025', cpu_allocatable=<Quantity(24, 'dimensionless')>, memory_allocatable=<Quantity(65626416, 'Ki')>, cpu_requested=<Quantity(2.72, 'dimensionless')>, memory_requested=<Quantity(3570766848, 'dimensionless')>, cpu_limit=<Quantity(22.4, 'dimensionless')>, memory_limit=<Quantity(15637779456, 'dimensionless')>, vram_free=[7861.4375, 24264.6875], vram_total=[11178.5, 24268.3125])}
10-23-2021 14:46:02 StyleGANExperimentGenerator INFO     Creating task for StyleGANInferenceJob
10
10-23-2021 14:46:05 ClusterManager INFO     Still alive...
10-23-2021 14:46:05 Orchestrator INFO     Scheduling arrival of Arrival: 8b270fe5-07ff-4071-9c86-91787b29ca13
10-23-2021 14:46:05 Orchestrator INFO     Deploying on cluster: 8b270fe5-07ff-4071-9c86-91787b29ca13
10-23-2021 14:46:05 ResourceWatchDog INFO     Fetching resource information of cluster...
10-23-2021 14:46:06 ResourceWatchDog INFO     {'ubuntu94025': Resource(node_name='ubuntu94025', cpu_allocatable=<Quantity(24, 'dimensionless')>, memory_allocatable=<Quantity(65626416, 'Ki')>, cpu_requested=<Quantity(2.72, 'dimensionless')>, memory_requested=<Quantity(3570766848, 'dimensionless')>, cpu_limit=<Quantity(22.4, 'dimensionless')>, memory_limit=<Quantity(15637779456, 'dimensionless')>, vram_free=[3377.4375, 24264.6875], vram_total=[11178.5, 24268.3125])}
10-23-2021 14:46:07 ResourceWatchDog INFO     Fetching job finish times...
10-23-2021 14:46:07 ResourceWatchDog INFO     Fetching resource information of cluster...
10-23-2021 14:46:07 ResourceWatchDog INFO     {'ubuntu94025': Resource(node_name='ubuntu94025', cpu_allocatable=<Quantity(24, 'dimensionless')>, memory_allocatable=<Quantity(65626416, 'Ki')>, cpu_requested=<Quantity(2.72, 'dimensionless')>, memory_requested=<Quantity(3570766848, 'dimensionless')>, cpu_limit=<Quantity(22.4, 'dimensionless')>, memory_limit=<Quantity(15637779456, 'dimensionless')>, vram_free=[3377.4375, 24264.6875], vram_total=[11178.5, 24268.3125])}
10
10-23-2021 14:46:11 StyleGANExperimentGenerator INFO     Creating task for StyleGANInferenceJob
10-23-2021 14:46:15 ClusterManager INFO     Still alive...
10-23-2021 14:46:15 Orchestrator INFO     Scheduling arrival of Arrival: 4cef4848-ae6f-4301-b501-43858574f6f8
10-23-2021 14:46:15 Orchestrator INFO     Deploying on cluster: 4cef4848-ae6f-4301-b501-43858574f6f8
10-23-2021 14:46:17 ResourceWatchDog INFO     Fetching job finish times...
10-23-2021 14:46:17 ResourceWatchDog INFO     Fetching resource information of cluster...
10-23-2021 14:46:17 ResourceWatchDog INFO     {'ubuntu94025': Resource(node_name='ubuntu94025', cpu_allocatable=<Quantity(24, 'dimensionless')>, memory_allocatable=<Quantity(65626416, 'Ki')>, cpu_requested=<Quantity(2.72, 'dimensionless')>, memory_requested=<Quantity(3570766848, 'dimensionless')>, cpu_limit=<Quantity(22.4, 'dimensionless')>, memory_limit=<Quantity(15637779456, 'dimensionless')>, vram_free=[11174.4375, 24264.6875], vram_total=[11178.5, 24268.3125])}
10-23-2021 14:46:22 StyleGANExperimentGenerator INFO     Creating task for StyleGANInferenceJob
10
10-23-2021 14:46:25 ClusterManager INFO     Still alive...
10-23-2021 14:46:25 Orchestrator INFO     Scheduling arrival of Arrival: 6474ba48-5de9-4a96-85ed-38c6ad02846f
10-23-2021 14:46:25 Orchestrator INFO     Deploying on cluster: 6474ba48-5de9-4a96-85ed-38c6ad02846f
10-23-2021 14:46:27 ResourceWatchDog INFO     Fetching job finish times...
10-23-2021 14:46:27 ResourceWatchDog INFO     Fetching resource information of cluster...
10-23-2021 14:46:27 ResourceWatchDog INFO     {'ubuntu94025': Resource(node_name='ubuntu94025', cpu_allocatable=<Quantity(24, 'dimensionless')>, memory_allocatable=<Quantity(65626416, 'Ki')>, cpu_requested=<Quantity(2.72, 'dimensionless')>, memory_requested=<Quantity(3570766848, 'dimensionless')>, cpu_limit=<Quantity(22.4, 'dimensionless')>, memory_limit=<Quantity(15637779456, 'dimensionless')>, vram_free=[11174.4375, 17771.6875], vram_total=[11178.5, 24268.3125])}
10
10-23-2021 14:46:30 StyleGANExperimentGenerator INFO     Creating task for StyleGANInferenceJob
10-23-2021 14:46:30 Orchestrator INFO     Scheduling arrival of Arrival: f0f1b454-7dbe-4cae-be5f-2ba219d30a7a
10-23-2021 14:46:30 Orchestrator INFO     Deploying on cluster: f0f1b454-7dbe-4cae-be5f-2ba219d30a7a
10-23-2021 14:46:35 ClusterManager INFO     Still alive...
10-23-2021 14:46:37 ResourceWatchDog INFO     Fetching job finish times...
10-23-2021 14:46:38 ResourceWatchDog INFO     Fetching resource information of cluster...
10-23-2021 14:46:38 ResourceWatchDog INFO     {'ubuntu94025': Resource(node_name='ubuntu94025', cpu_allocatable=<Quantity(24, 'dimensionless')>, memory_allocatable=<Quantity(65626416, 'Ki')>, cpu_requested=<Quantity(2.72, 'dimensionless')>, memory_requested=<Quantity(3570766848, 'dimensionless')>, cpu_limit=<Quantity(22.4, 'dimensionless')>, memory_limit=<Quantity(15637779456, 'dimensionless')>, vram_free=[11174.4375, 3178.6875], vram_total=[11178.5, 24268.3125])}
10-23-2021 14:46:40 StyleGANExperimentGenerator INFO     Creating task for StyleGANInferenceJob
10
10-23-2021 14:46:40 Orchestrator INFO     Scheduling arrival of Arrival: 5e244795-e919-4fc4-b25d-52b1f02e5d29
10-23-2021 14:46:40 Orchestrator INFO     Deploying on cluster: 5e244795-e919-4fc4-b25d-52b1f02e5d29
10-23-2021 14:46:45 ClusterManager INFO     Still alive...
10
10-23-2021 14:46:47 StyleGANExperimentGenerator INFO     Creating task for StyleGANInferenceJob
10-23-2021 14:46:48 ResourceWatchDog INFO     Fetching job finish times...
10-23-2021 14:46:48 ResourceWatchDog INFO     Fetching resource information of cluster...
10-23-2021 14:46:48 ResourceWatchDog INFO     {'ubuntu94025': Resource(node_name='ubuntu94025', cpu_allocatable=<Quantity(24, 'dimensionless')>, memory_allocatable=<Quantity(65626416, 'Ki')>, cpu_requested=<Quantity(2.72, 'dimensionless')>, memory_requested=<Quantity(3570766848, 'dimensionless')>, cpu_limit=<Quantity(22.4, 'dimensionless')>, memory_limit=<Quantity(15637779456, 'dimensionless')>, vram_free=[11174.4375, 4763.6875], vram_total=[11178.5, 24268.3125])}
10-23-2021 14:46:50 Orchestrator INFO     Scheduling arrival of Arrival: 3173322f-233d-4a4a-98d3-c5dc9600a3f8
10-23-2021 14:46:50 Orchestrator INFO     Deploying on cluster: 3173322f-233d-4a4a-98d3-c5dc9600a3f8
10-23-2021 14:46:55 ClusterManager INFO     Still alive...
10-23-2021 14:46:58 StyleGANExperimentGenerator INFO     Creating task for StyleGANInferenceJob
10
10-23-2021 14:46:58 ResourceWatchDog INFO     Fetching job finish times...
10-23-2021 14:46:58 ResourceWatchDog INFO     Fetching resource information of cluster...
10-23-2021 14:46:58 ResourceWatchDog INFO     {'ubuntu94025': Resource(node_name='ubuntu94025', cpu_allocatable=<Quantity(24, 'dimensionless')>, memory_allocatable=<Quantity(65626416, 'Ki')>, cpu_requested=<Quantity(2.72, 'dimensionless')>, memory_requested=<Quantity(3570766848, 'dimensionless')>, cpu_limit=<Quantity(22.4, 'dimensionless')>, memory_limit=<Quantity(15637779456, 'dimensionless')>, vram_free=[11174.4375, 1220.6875], vram_total=[11178.5, 24268.3125])}
10-23-2021 14:47:00 Orchestrator INFO     Scheduling arrival of Arrival: a277a1ab-2b8c-4472-8061-9ddd76dc4a28
10-23-2021 14:47:00 Orchestrator INFO     Deploying on cluster: a277a1ab-2b8c-4472-8061-9ddd76dc4a28
10-23-2021 14:47:05 ClusterManager INFO     Still alive...
10-23-2021 14:47:06 ResourceWatchDog INFO     Fetching resource information of cluster...
10-23-2021 14:47:07 ResourceWatchDog INFO     {'ubuntu94025': Resource(node_name='ubuntu94025', cpu_allocatable=<Quantity(24, 'dimensionless')>, memory_allocatable=<Quantity(65626416, 'Ki')>, cpu_requested=<Quantity(2.72, 'dimensionless')>, memory_requested=<Quantity(3570766848, 'dimensionless')>, cpu_limit=<Quantity(22.4, 'dimensionless')>, memory_limit=<Quantity(15637779456, 'dimensionless')>, vram_free=[11174.4375, 23043.6875], vram_total=[11178.5, 24268.3125])}
10-23-2021 14:47:09 ResourceWatchDog INFO     Fetching job finish times...
10-23-2021 14:47:09 ResourceWatchDog INFO     Fetching resource information of cluster...
10-23-2021 14:47:09 StyleGANExperimentGenerator INFO     Creating task for StyleGANInferenceJob
10
10-23-2021 14:47:09 ResourceWatchDog INFO     {'ubuntu94025': Resource(node_name='ubuntu94025', cpu_allocatable=<Quantity(24, 'dimensionless')>, memory_allocatable=<Quantity(65626416, 'Ki')>, cpu_requested=<Quantity(2.72, 'dimensionless')>, memory_requested=<Quantity(3570766848, 'dimensionless')>, cpu_limit=<Quantity(22.4, 'dimensionless')>, memory_limit=<Quantity(15637779456, 'dimensionless')>, vram_free=[11174.4375, 17775.6875], vram_total=[11178.5, 24268.3125])}
10-23-2021 14:47:10 Orchestrator INFO     Scheduling arrival of Arrival: a6af6870-8b38-4204-a120-382336302346
10-23-2021 14:47:10 Orchestrator INFO     Deploying on cluster: a6af6870-8b38-4204-a120-382336302346
10-23-2021 14:47:15 ClusterManager INFO     Still alive...
10-23-2021 14:47:17 StyleGANExperimentGenerator INFO     Creating task for StyleGANInferenceJob
10
10-23-2021 14:47:19 ResourceWatchDog INFO     Fetching job finish times...
10-23-2021 14:47:19 ResourceWatchDog INFO     Fetching resource information of cluster...
10-23-2021 14:47:19 ResourceWatchDog INFO     {'ubuntu94025': Resource(node_name='ubuntu94025', cpu_allocatable=<Quantity(24, 'dimensionless')>, memory_allocatable=<Quantity(65626416, 'Ki')>, cpu_requested=<Quantity(2.72, 'dimensionless')>, memory_requested=<Quantity(3570766848, 'dimensionless')>, cpu_limit=<Quantity(22.4, 'dimensionless')>, memory_limit=<Quantity(15637779456, 'dimensionless')>, vram_free=[11174.4375, 15767.6875], vram_total=[11178.5, 24268.3125])}
10-23-2021 14:47:20 Orchestrator INFO     Scheduling arrival of Arrival: 53ce8d93-4210-4074-a4d8-09836282700b
10-23-2021 14:47:20 Orchestrator INFO     Deploying on cluster: 53ce8d93-4210-4074-a4d8-09836282700b
10-23-2021 14:47:25 ClusterManager INFO     Still alive...
10-23-2021 14:47:29 StyleGANExperimentGenerator INFO     Creating task for StyleGANInferenceJob
10
10-23-2021 14:47:29 ResourceWatchDog INFO     Fetching job finish times...
10-23-2021 14:47:29 ResourceWatchDog INFO     Fetching resource information of cluster...
10-23-2021 14:47:30 ResourceWatchDog INFO     {'ubuntu94025': Resource(node_name='ubuntu94025', cpu_allocatable=<Quantity(24, 'dimensionless')>, memory_allocatable=<Quantity(65626416, 'Ki')>, cpu_requested=<Quantity(2.72, 'dimensionless')>, memory_requested=<Quantity(3570766848, 'dimensionless')>, cpu_limit=<Quantity(22.4, 'dimensionless')>, memory_limit=<Quantity(15637779456, 'dimensionless')>, vram_free=[11174.4375, 22267.6875], vram_total=[11178.5, 24268.3125])}
10-23-2021 14:47:30 Orchestrator INFO     Scheduling arrival of Arrival: c3ae4e74-d5a0-4d3c-bcfe-169ea91896da
10-23-2021 14:47:30 Orchestrator INFO     Deploying on cluster: c3ae4e74-d5a0-4d3c-bcfe-169ea91896da
10-23-2021 14:47:35 StyleGANExperimentGenerator INFO     Creating task for StyleGANInferenceJob
10
10-23-2021 14:47:35 ClusterManager INFO     Still alive...
10-23-2021 14:47:35 Orchestrator INFO     Scheduling arrival of Arrival: df8199f3-5f1d-417a-abbb-b416f6a55e18
10-23-2021 14:47:35 Orchestrator INFO     Deploying on cluster: df8199f3-5f1d-417a-abbb-b416f6a55e18
10-23-2021 14:47:40 ResourceWatchDog INFO     Fetching job finish times...
10-23-2021 14:47:40 ResourceWatchDog INFO     Fetching resource information of cluster...
10-23-2021 14:47:40 ResourceWatchDog INFO     {'ubuntu94025': Resource(node_name='ubuntu94025', cpu_allocatable=<Quantity(24, 'dimensionless')>, memory_allocatable=<Quantity(65626416, 'Ki')>, cpu_requested=<Quantity(2.72, 'dimensionless')>, memory_requested=<Quantity(3570766848, 'dimensionless')>, cpu_limit=<Quantity(22.4, 'dimensionless')>, memory_limit=<Quantity(15637779456, 'dimensionless')>, vram_free=[11174.4375, 22066.6875], vram_total=[11178.5, 24268.3125])}
10-23-2021 14:47:42 StyleGANExperimentGenerator INFO     Creating task for StyleGANInferenceJob
10
10-23-2021 14:47:45 ClusterManager INFO     Still alive...
10-23-2021 14:47:45 Orchestrator INFO     Scheduling arrival of Arrival: 947fa0a4-2078-471f-9ac4-1bb5feaaeb35
10-23-2021 14:47:45 Orchestrator INFO     Deploying on cluster: 947fa0a4-2078-471f-9ac4-1bb5feaaeb35
10-23-2021 14:47:50 StyleGANExperimentGenerator INFO     Creating task for StyleGANInferenceJob
10
10-23-2021 14:47:50 Orchestrator INFO     Scheduling arrival of Arrival: 18bd93bc-6a87-4611-8515-b048690bf8be
10-23-2021 14:47:50 Orchestrator INFO     Deploying on cluster: 18bd93bc-6a87-4611-8515-b048690bf8be
10-23-2021 14:47:50 ResourceWatchDog INFO     Fetching job finish times...
10-23-2021 14:47:50 ResourceWatchDog INFO     Fetching resource information of cluster...
10-23-2021 14:47:50 ResourceWatchDog INFO     {'ubuntu94025': Resource(node_name='ubuntu94025', cpu_allocatable=<Quantity(24, 'dimensionless')>, memory_allocatable=<Quantity(65626416, 'Ki')>, cpu_requested=<Quantity(2.72, 'dimensionless')>, memory_requested=<Quantity(3570766848, 'dimensionless')>, cpu_limit=<Quantity(22.4, 'dimensionless')>, memory_limit=<Quantity(15637779456, 'dimensionless')>, vram_free=[10819.4375, 17773.6875], vram_total=[11178.5, 24268.3125])}
10-23-2021 14:47:55 ClusterManager INFO     Still alive...
10-23-2021 14:48:00 StyleGANExperimentGenerator INFO     Creating task for StyleGANInferenceJob
10
10-23-2021 14:48:00 Orchestrator INFO     Scheduling arrival of Arrival: 34bf2231-9482-4fdd-a13f-510eb3051de5
10-23-2021 14:48:00 Orchestrator INFO     Deploying on cluster: 34bf2231-9482-4fdd-a13f-510eb3051de5
10-23-2021 14:48:00 ResourceWatchDog INFO     Fetching job finish times...
10-23-2021 14:48:01 ResourceWatchDog INFO     Fetching resource information of cluster...
10-23-2021 14:48:01 ResourceWatchDog INFO     {'ubuntu94025': Resource(node_name='ubuntu94025', cpu_allocatable=<Quantity(24, 'dimensionless')>, memory_allocatable=<Quantity(65626416, 'Ki')>, cpu_requested=<Quantity(2.72, 'dimensionless')>, memory_requested=<Quantity(3570766848, 'dimensionless')>, cpu_limit=<Quantity(22.4, 'dimensionless')>, memory_limit=<Quantity(15637779456, 'dimensionless')>, vram_free=[330.4375, 23044.6875], vram_total=[11178.5, 24268.3125])}
10-23-2021 14:48:05 StyleGANExperimentGenerator INFO     Creating task for StyleGANInferenceJob
10
10-23-2021 14:48:05 ClusterManager INFO     Still alive...
10-23-2021 14:48:05 Orchestrator INFO     Scheduling arrival of Arrival: 3939a84a-35c2-4d87-9e17-f42b5ffae075
10-23-2021 14:48:05 Orchestrator INFO     Deploying on cluster: 3939a84a-35c2-4d87-9e17-f42b5ffae075
10-23-2021 14:48:07 ResourceWatchDog INFO     Fetching resource information of cluster...
10-23-2021 14:48:07 ResourceWatchDog INFO     {'ubuntu94025': Resource(node_name='ubuntu94025', cpu_allocatable=<Quantity(24, 'dimensionless')>, memory_allocatable=<Quantity(65626416, 'Ki')>, cpu_requested=<Quantity(2.72, 'dimensionless')>, memory_requested=<Quantity(3570766848, 'dimensionless')>, cpu_limit=<Quantity(22.4, 'dimensionless')>, memory_limit=<Quantity(15637779456, 'dimensionless')>, vram_free=[11174.4375, 22871.6875], vram_total=[11178.5, 24268.3125])}
10-23-2021 14:48:08 StyleGANExperimentGenerator INFO     Creating task for StyleGANInferenceJob
10
10-23-2021 14:48:10 Orchestrator INFO     Scheduling arrival of Arrival: 19c2d439-f606-4e2a-8705-a2f26e2a272b
10-23-2021 14:48:10 Orchestrator INFO     Deploying on cluster: 19c2d439-f606-4e2a-8705-a2f26e2a272b
10-23-2021 14:48:11 ResourceWatchDog INFO     Fetching job finish times...
10-23-2021 14:48:11 ResourceWatchDog INFO     Fetching resource information of cluster...
10-23-2021 14:48:11 ResourceWatchDog INFO     {'ubuntu94025': Resource(node_name='ubuntu94025', cpu_allocatable=<Quantity(24, 'dimensionless')>, memory_allocatable=<Quantity(65626416, 'Ki')>, cpu_requested=<Quantity(2.72, 'dimensionless')>, memory_requested=<Quantity(3570766848, 'dimensionless')>, cpu_limit=<Quantity(22.4, 'dimensionless')>, memory_limit=<Quantity(15637779456, 'dimensionless')>, vram_free=[145.4375, 3351.6875], vram_total=[11178.5, 24268.3125])}
10-23-2021 14:48:15 ClusterManager INFO     Still alive...
10-23-2021 14:48:17 StyleGANExperimentGenerator INFO     Creating task for StyleGANInferenceJob
10
10-23-2021 14:48:20 Orchestrator INFO     Scheduling arrival of Arrival: 2d2b012e-e2da-42bd-848e-6617d88ccc79
10-23-2021 14:48:20 Orchestrator INFO     Deploying on cluster: 2d2b012e-e2da-42bd-848e-6617d88ccc79
10-23-2021 14:48:21 ResourceWatchDog INFO     Fetching job finish times...
10-23-2021 14:48:21 ResourceWatchDog ERROR    Finish time lookup for ubuntu94025 failed. Reason: 'NoneType' object is not iterable
10-23-2021 14:48:21 ResourceWatchDog INFO     Fetching resource information of cluster...
10-23-2021 14:48:22 ResourceWatchDog INFO     {'ubuntu94025': Resource(node_name='ubuntu94025', cpu_allocatable=<Quantity(24, 'dimensionless')>, memory_allocatable=<Quantity(65626416, 'Ki')>, cpu_requested=<Quantity(2.72, 'dimensionless')>, memory_requested=<Quantity(3570766848, 'dimensionless')>, cpu_limit=<Quantity(22.4, 'dimensionless')>, memory_limit=<Quantity(15637779456, 'dimensionless')>, vram_free=[11174.4375, 3351.6875], vram_total=[11178.5, 24268.3125])}
10-23-2021 14:48:25 ClusterManager INFO     Still alive...
10-23-2021 14:48:30 StyleGANExperimentGenerator INFO     Creating task for StyleGANInferenceJob
10
10-23-2021 14:48:30 Orchestrator INFO     Scheduling arrival of Arrival: e30448f1-cd1e-48cf-a6b0-e5dcd4f624fa
10-23-2021 14:48:30 Orchestrator INFO     Deploying on cluster: e30448f1-cd1e-48cf-a6b0-e5dcd4f624fa
10-23-2021 14:48:32 ResourceWatchDog INFO     Fetching job finish times...
10-23-2021 14:48:32 ResourceWatchDog INFO     Fetching resource information of cluster...
10-23-2021 14:48:32 ResourceWatchDog INFO     {'ubuntu94025': Resource(node_name='ubuntu94025', cpu_allocatable=<Quantity(24, 'dimensionless')>, memory_allocatable=<Quantity(65626416, 'Ki')>, cpu_requested=<Quantity(2.72, 'dimensionless')>, memory_requested=<Quantity(3570766848, 'dimensionless')>, cpu_limit=<Quantity(22.4, 'dimensionless')>, memory_limit=<Quantity(15637779456, 'dimensionless')>, vram_free=[11174.4375, 932.6875], vram_total=[11178.5, 24268.3125])}
10-23-2021 14:48:35 ClusterManager INFO     Still alive...
10-23-2021 14:48:38 StyleGANExperimentGenerator INFO     Creating task for StyleGANInferenceJob
10
10-23-2021 14:48:40 Orchestrator INFO     Scheduling arrival of Arrival: 856179a6-68f7-4059-bba3-14330c665dea
10-23-2021 14:48:40 Orchestrator INFO     Deploying on cluster: 856179a6-68f7-4059-bba3-14330c665dea
10-23-2021 14:48:42 ResourceWatchDog INFO     Fetching job finish times...
10-23-2021 14:48:42 ResourceWatchDog INFO     Fetching resource information of cluster...
10-23-2021 14:48:42 ResourceWatchDog INFO     {'ubuntu94025': Resource(node_name='ubuntu94025', cpu_allocatable=<Quantity(24, 'dimensionless')>, memory_allocatable=<Quantity(65626416, 'Ki')>, cpu_requested=<Quantity(2.72, 'dimensionless')>, memory_requested=<Quantity(3570766848, 'dimensionless')>, cpu_limit=<Quantity(22.4, 'dimensionless')>, memory_limit=<Quantity(15637779456, 'dimensionless')>, vram_free=[8801.4375, 3349.6875], vram_total=[11178.5, 24268.3125])}
10-23-2021 14:48:44 StyleGANExperimentGenerator INFO     Creating task for StyleGANInferenceJob
10
10-23-2021 14:48:45 ClusterManager INFO     Still alive...
10-23-2021 14:48:45 Orchestrator INFO     Scheduling arrival of Arrival: 7e9ff4ae-e0ac-4e5f-9ffc-7eba2bc59616
10-23-2021 14:48:45 Orchestrator INFO     Deploying on cluster: 7e9ff4ae-e0ac-4e5f-9ffc-7eba2bc59616
10-23-2021 14:48:52 ResourceWatchDog INFO     Fetching job finish times...
10-23-2021 14:48:53 ResourceWatchDog INFO     Fetching resource information of cluster...
10-23-2021 14:48:53 ResourceWatchDog INFO     {'ubuntu94025': Resource(node_name='ubuntu94025', cpu_allocatable=<Quantity(24, 'dimensionless')>, memory_allocatable=<Quantity(65626416, 'Ki')>, cpu_requested=<Quantity(2.72, 'dimensionless')>, memory_requested=<Quantity(3570766848, 'dimensionless')>, cpu_limit=<Quantity(22.4, 'dimensionless')>, memory_limit=<Quantity(15637779456, 'dimensionless')>, vram_free=[6069.4375, 2410.6875], vram_total=[11178.5, 24268.3125])}
10-23-2021 14:48:55 ClusterManager INFO     Still alive...
10-23-2021 14:48:57 StyleGANExperimentGenerator INFO     Creating task for StyleGANInferenceJob
10
10-23-2021 14:49:00 Orchestrator INFO     Scheduling arrival of Arrival: 995b67d0-0a0e-43df-8b84-48c7209b9a4e
10-23-2021 14:49:00 Orchestrator INFO     Deploying on cluster: 995b67d0-0a0e-43df-8b84-48c7209b9a4e
10-23-2021 14:49:03 ResourceWatchDog INFO     Fetching job finish times...
10-23-2021 14:49:03 ResourceWatchDog INFO     Fetching resource information of cluster...
10-23-2021 14:49:03 ResourceWatchDog INFO     {'ubuntu94025': Resource(node_name='ubuntu94025', cpu_allocatable=<Quantity(24, 'dimensionless')>, memory_allocatable=<Quantity(65626416, 'Ki')>, cpu_requested=<Quantity(2.72, 'dimensionless')>, memory_requested=<Quantity(3570766848, 'dimensionless')>, cpu_limit=<Quantity(22.4, 'dimensionless')>, memory_limit=<Quantity(15637779456, 'dimensionless')>, vram_free=[5043.4375, 2524.6875], vram_total=[11178.5, 24268.3125])}
10-23-2021 14:49:05 ClusterManager INFO     Still alive...
10-23-2021 14:49:07 ResourceWatchDog INFO     Fetching resource information of cluster...
10-23-2021 14:49:07 ResourceWatchDog INFO     {'ubuntu94025': Resource(node_name='ubuntu94025', cpu_allocatable=<Quantity(24, 'dimensionless')>, memory_allocatable=<Quantity(65626416, 'Ki')>, cpu_requested=<Quantity(2.72, 'dimensionless')>, memory_requested=<Quantity(3570766848, 'dimensionless')>, cpu_limit=<Quantity(22.4, 'dimensionless')>, memory_limit=<Quantity(15637779456, 'dimensionless')>, vram_free=[4252.4375, 212.6875], vram_total=[11178.5, 24268.3125])}
10-23-2021 14:49:09 StyleGANExperimentGenerator INFO     Creating task for StyleGANInferenceJob
10
10-23-2021 14:49:10 Orchestrator INFO     Scheduling arrival of Arrival: 165d86ce-72b4-49ef-af6c-ff996cdcc3d4
10-23-2021 14:49:10 Orchestrator INFO     Deploying on cluster: 165d86ce-72b4-49ef-af6c-ff996cdcc3d4
10-23-2021 14:49:13 ResourceWatchDog INFO     Fetching job finish times...
10-23-2021 14:49:14 ResourceWatchDog INFO     Fetching resource information of cluster...
10-23-2021 14:49:14 ResourceWatchDog INFO     {'ubuntu94025': Resource(node_name='ubuntu94025', cpu_allocatable=<Quantity(24, 'dimensionless')>, memory_allocatable=<Quantity(65626416, 'Ki')>, cpu_requested=<Quantity(2.72, 'dimensionless')>, memory_requested=<Quantity(3570766848, 'dimensionless')>, cpu_limit=<Quantity(22.4, 'dimensionless')>, memory_limit=<Quantity(15637779456, 'dimensionless')>, vram_free=[748.4375, 2014.6875], vram_total=[11178.5, 24268.3125])}
10-23-2021 14:49:15 ClusterManager INFO     Still alive...
10-23-2021 14:49:22 StyleGANExperimentGenerator INFO     Creating task for StyleGANInferenceJob
10
10-23-2021 14:49:24 ResourceWatchDog INFO     Fetching job finish times...
10-23-2021 14:49:24 ResourceWatchDog INFO     Fetching resource information of cluster...
10-23-2021 14:49:24 ResourceWatchDog INFO     {'ubuntu94025': Resource(node_name='ubuntu94025', cpu_allocatable=<Quantity(24, 'dimensionless')>, memory_allocatable=<Quantity(65626416, 'Ki')>, cpu_requested=<Quantity(2.72, 'dimensionless')>, memory_requested=<Quantity(3570766848, 'dimensionless')>, cpu_limit=<Quantity(22.4, 'dimensionless')>, memory_limit=<Quantity(15637779456, 'dimensionless')>, vram_free=[11174.4375, 2648.6875], vram_total=[11178.5, 24268.3125])}
10-23-2021 14:49:25 ClusterManager INFO     Still alive...
10-23-2021 14:49:25 Orchestrator INFO     Scheduling arrival of Arrival: 539ed715-029f-4e60-9b51-e786f4e2bf7d
10-23-2021 14:49:25 Orchestrator INFO     Deploying on cluster: 539ed715-029f-4e60-9b51-e786f4e2bf7d
10-23-2021 14:49:31 StyleGANExperimentGenerator INFO     Creating task for StyleGANInferenceJob
10
10-23-2021 14:49:34 ResourceWatchDog INFO     Fetching job finish times...
10-23-2021 14:49:34 ResourceWatchDog INFO     Fetching resource information of cluster...
10-23-2021 14:49:34 ResourceWatchDog INFO     {'ubuntu94025': Resource(node_name='ubuntu94025', cpu_allocatable=<Quantity(24, 'dimensionless')>, memory_allocatable=<Quantity(65626416, 'Ki')>, cpu_requested=<Quantity(2.72, 'dimensionless')>, memory_requested=<Quantity(3570766848, 'dimensionless')>, cpu_limit=<Quantity(22.4, 'dimensionless')>, memory_limit=<Quantity(15637779456, 'dimensionless')>, vram_free=[11174.4375, 2508.6875], vram_total=[11178.5, 24268.3125])}
10-23-2021 14:49:35 ClusterManager INFO     Still alive...
10-23-2021 14:49:35 Orchestrator INFO     Scheduling arrival of Arrival: cd43c2bd-5e8d-45e4-abf7-5f85bd4fc398
10-23-2021 14:49:35 Orchestrator INFO     Deploying on cluster: cd43c2bd-5e8d-45e4-abf7-5f85bd4fc398
10-23-2021 14:49:44 ResourceWatchDog INFO     Fetching job finish times...
10-23-2021 14:49:45 ResourceWatchDog INFO     Fetching resource information of cluster...
10-23-2021 14:49:45 ResourceWatchDog INFO     {'ubuntu94025': Resource(node_name='ubuntu94025', cpu_allocatable=<Quantity(24, 'dimensionless')>, memory_allocatable=<Quantity(65626416, 'Ki')>, cpu_requested=<Quantity(2.72, 'dimensionless')>, memory_requested=<Quantity(3570766848, 'dimensionless')>, cpu_limit=<Quantity(22.4, 'dimensionless')>, memory_limit=<Quantity(15637779456, 'dimensionless')>, vram_free=[11174.4375, 2474.6875], vram_total=[11178.5, 24268.3125])}
10-23-2021 14:49:45 StyleGANExperimentGenerator INFO     Creating task for StyleGANInferenceJob
10
10-23-2021 14:49:45 ClusterManager INFO     Still alive...
10-23-2021 14:49:45 Orchestrator INFO     Scheduling arrival of Arrival: d6550dcc-28d9-46b6-83fa-a197a49fca1b
10-23-2021 14:49:45 Orchestrator INFO     Deploying on cluster: d6550dcc-28d9-46b6-83fa-a197a49fca1b
10-23-2021 14:49:53 StyleGANExperimentGenerator INFO     Creating task for StyleGANInferenceJob
10
10-23-2021 14:49:55 ResourceWatchDog INFO     Fetching job finish times...
10-23-2021 14:49:55 ClusterManager INFO     Still alive...
10-23-2021 14:49:55 ResourceWatchDog INFO     Fetching resource information of cluster...
10-23-2021 14:49:55 ResourceWatchDog INFO     {'ubuntu94025': Resource(node_name='ubuntu94025', cpu_allocatable=<Quantity(24, 'dimensionless')>, memory_allocatable=<Quantity(65626416, 'Ki')>, cpu_requested=<Quantity(2.72, 'dimensionless')>, memory_requested=<Quantity(3570766848, 'dimensionless')>, cpu_limit=<Quantity(22.4, 'dimensionless')>, memory_limit=<Quantity(15637779456, 'dimensionless')>, vram_free=[3377.4375, 3349.6875], vram_total=[11178.5, 24268.3125])}
10-23-2021 14:49:55 Orchestrator INFO     Scheduling arrival of Arrival: 63fff265-4c83-46f6-9238-78f23db89c18
10-23-2021 14:49:55 Orchestrator INFO     Deploying on cluster: 63fff265-4c83-46f6-9238-78f23db89c18
10-23-2021 14:50:01 StyleGANExperimentGenerator INFO     Creating task for StyleGANInferenceJob
10
10-23-2021 14:50:05 ClusterManager INFO     Still alive...
10-23-2021 14:50:05 ResourceWatchDog INFO     Fetching job finish times...
10-23-2021 14:50:05 Orchestrator INFO     Scheduling arrival of Arrival: 28171a08-b8a4-48f3-a473-155702a827ee
10-23-2021 14:50:05 Orchestrator INFO     Deploying on cluster: 28171a08-b8a4-48f3-a473-155702a827ee
10-23-2021 14:50:05 ResourceWatchDog INFO     Fetching resource information of cluster...
10-23-2021 14:50:06 ResourceWatchDog INFO     {'ubuntu94025': Resource(node_name='ubuntu94025', cpu_allocatable=<Quantity(24, 'dimensionless')>, memory_allocatable=<Quantity(65626416, 'Ki')>, cpu_requested=<Quantity(2.72, 'dimensionless')>, memory_requested=<Quantity(3570766848, 'dimensionless')>, cpu_limit=<Quantity(22.4, 'dimensionless')>, memory_limit=<Quantity(15637779456, 'dimensionless')>, vram_free=[3377.4375, 22107.6875], vram_total=[11178.5, 24268.3125])}
10-23-2021 14:50:08 ResourceWatchDog INFO     Fetching resource information of cluster...
10-23-2021 14:50:08 ResourceWatchDog INFO     {'ubuntu94025': Resource(node_name='ubuntu94025', cpu_allocatable=<Quantity(24, 'dimensionless')>, memory_allocatable=<Quantity(65626416, 'Ki')>, cpu_requested=<Quantity(2.72, 'dimensionless')>, memory_requested=<Quantity(3570766848, 'dimensionless')>, cpu_limit=<Quantity(22.4, 'dimensionless')>, memory_limit=<Quantity(15637779456, 'dimensionless')>, vram_free=[10737.4375, 23458.6875], vram_total=[11178.5, 24268.3125])}
10-23-2021 14:50:13 StyleGANExperimentGenerator INFO     Creating task for StyleGANInferenceJob
10
10-23-2021 14:50:15 ClusterManager INFO     Still alive...
10-23-2021 14:50:15 Orchestrator INFO     Scheduling arrival of Arrival: 21d1aa0c-f6ae-4acb-9590-8182fca0e4e5
10-23-2021 14:50:15 Orchestrator INFO     Deploying on cluster: 21d1aa0c-f6ae-4acb-9590-8182fca0e4e5
10-23-2021 14:50:16 ResourceWatchDog INFO     Fetching job finish times...
10-23-2021 14:50:16 ResourceWatchDog INFO     Fetching resource information of cluster...
10-23-2021 14:50:16 ResourceWatchDog INFO     {'ubuntu94025': Resource(node_name='ubuntu94025', cpu_allocatable=<Quantity(24, 'dimensionless')>, memory_allocatable=<Quantity(65626416, 'Ki')>, cpu_requested=<Quantity(2.72, 'dimensionless')>, memory_requested=<Quantity(3570766848, 'dimensionless')>, cpu_limit=<Quantity(22.4, 'dimensionless')>, memory_limit=<Quantity(15637779456, 'dimensionless')>, vram_free=[1851.4375, 4761.6875], vram_total=[11178.5, 24268.3125])}
10-23-2021 14:50:25 ClusterManager INFO     Still alive...
10-23-2021 14:50:26 ResourceWatchDog INFO     Fetching job finish times...
10-23-2021 14:50:26 ResourceWatchDog INFO     Fetching resource information of cluster...
10-23-2021 14:50:27 ResourceWatchDog INFO     {'ubuntu94025': Resource(node_name='ubuntu94025', cpu_allocatable=<Quantity(24, 'dimensionless')>, memory_allocatable=<Quantity(65626416, 'Ki')>, cpu_requested=<Quantity(2.72, 'dimensionless')>, memory_requested=<Quantity(3570766848, 'dimensionless')>, cpu_limit=<Quantity(22.4, 'dimensionless')>, memory_limit=<Quantity(15637779456, 'dimensionless')>, vram_free=[10655.4375, 5214.6875], vram_total=[11178.5, 24268.3125])}
10-23-2021 14:50:28 StyleGANExperimentGenerator INFO     Creating task for StyleGANInferenceJob
10
10-23-2021 14:50:30 Orchestrator INFO     Scheduling arrival of Arrival: db0dc000-e0a4-4244-92cb-8489fdbc0c26
10-23-2021 14:50:30 Orchestrator INFO     Deploying on cluster: db0dc000-e0a4-4244-92cb-8489fdbc0c26
10-23-2021 14:50:35 ClusterManager INFO     Still alive...
10-23-2021 14:50:37 ResourceWatchDog INFO     Fetching job finish times...
10-23-2021 14:50:37 ResourceWatchDog INFO     Fetching resource information of cluster...
10-23-2021 14:50:37 ResourceWatchDog INFO     {'ubuntu94025': Resource(node_name='ubuntu94025', cpu_allocatable=<Quantity(24, 'dimensionless')>, memory_allocatable=<Quantity(65626416, 'Ki')>, cpu_requested=<Quantity(2.72, 'dimensionless')>, memory_requested=<Quantity(3570766848, 'dimensionless')>, cpu_limit=<Quantity(22.4, 'dimensionless')>, memory_limit=<Quantity(15637779456, 'dimensionless')>, vram_free=[8722.4375, 9137.6875], vram_total=[11178.5, 24268.3125])}
10-23-2021 14:50:41 StyleGANExperimentGenerator INFO     Creating task for StyleGANInferenceJob
10
10-23-2021 14:50:45 ClusterManager INFO     Still alive...
10-23-2021 14:50:45 Orchestrator INFO     Scheduling arrival of Arrival: 3257ccb3-ae8f-453c-bee4-8eefd391fe47
10-23-2021 14:50:45 Orchestrator INFO     Deploying on cluster: 3257ccb3-ae8f-453c-bee4-8eefd391fe47
10-23-2021 14:50:47 ResourceWatchDog INFO     Fetching job finish times...
10-23-2021 14:50:47 ResourceWatchDog INFO     Fetching resource information of cluster...
10-23-2021 14:50:47 ResourceWatchDog INFO     {'ubuntu94025': Resource(node_name='ubuntu94025', cpu_allocatable=<Quantity(24, 'dimensionless')>, memory_allocatable=<Quantity(65626416, 'Ki')>, cpu_requested=<Quantity(2.72, 'dimensionless')>, memory_requested=<Quantity(3570766848, 'dimensionless')>, cpu_limit=<Quantity(22.4, 'dimensionless')>, memory_limit=<Quantity(15637779456, 'dimensionless')>, vram_free=[4.4375, 8684.6875], vram_total=[11178.5, 24268.3125])}
10-23-2021 14:50:54 StyleGANExperimentGenerator INFO     Creating task for StyleGANInferenceJob
10
10-23-2021 14:50:55 ClusterManager INFO     Still alive...
10-23-2021 14:50:55 Orchestrator INFO     Scheduling arrival of Arrival: 916d1ea0-a7c7-42bf-85ae-8d4ec039e84c
10-23-2021 14:50:55 Orchestrator INFO     Deploying on cluster: 916d1ea0-a7c7-42bf-85ae-8d4ec039e84c
10-23-2021 14:50:57 ResourceWatchDog INFO     Fetching job finish times...
10-23-2021 14:50:58 ResourceWatchDog INFO     Fetching resource information of cluster...
10-23-2021 14:50:58 ResourceWatchDog INFO     {'ubuntu94025': Resource(node_name='ubuntu94025', cpu_allocatable=<Quantity(24, 'dimensionless')>, memory_allocatable=<Quantity(65626416, 'Ki')>, cpu_requested=<Quantity(2.72, 'dimensionless')>, memory_requested=<Quantity(3570766848, 'dimensionless')>, cpu_limit=<Quantity(22.4, 'dimensionless')>, memory_limit=<Quantity(15637779456, 'dimensionless')>, vram_free=[10813.4375, 538.6875], vram_total=[11178.5, 24268.3125])}
10-23-2021 14:51:04 StyleGANExperimentGenerator INFO     Creating task for StyleGANInferenceJob
10
10-23-2021 14:51:05 ClusterManager INFO     Still alive...
10-23-2021 14:51:05 Orchestrator INFO     Scheduling arrival of Arrival: edfa8537-9066-430a-a2c8-c7de4633e6c7
10-23-2021 14:51:05 Orchestrator INFO     Deploying on cluster: edfa8537-9066-430a-a2c8-c7de4633e6c7
10-23-2021 14:51:08 ResourceWatchDog INFO     Fetching job finish times...
10-23-2021 14:51:08 ResourceWatchDog INFO     Fetching resource information of cluster...
10-23-2021 14:51:08 ResourceWatchDog INFO     {'ubuntu94025': Resource(node_name='ubuntu94025', cpu_allocatable=<Quantity(24, 'dimensionless')>, memory_allocatable=<Quantity(65626416, 'Ki')>, cpu_requested=<Quantity(2.72, 'dimensionless')>, memory_requested=<Quantity(3570766848, 'dimensionless')>, cpu_limit=<Quantity(22.4, 'dimensionless')>, memory_limit=<Quantity(15637779456, 'dimensionless')>, vram_free=[1349.4375, 3550.6875], vram_total=[11178.5, 24268.3125])}
10-23-2021 14:51:08 ResourceWatchDog INFO     Fetching resource information of cluster...
10-23-2021 14:51:09 ResourceWatchDog INFO     {'ubuntu94025': Resource(node_name='ubuntu94025', cpu_allocatable=<Quantity(24, 'dimensionless')>, memory_allocatable=<Quantity(65626416, 'Ki')>, cpu_requested=<Quantity(2.72, 'dimensionless')>, memory_requested=<Quantity(3570766848, 'dimensionless')>, cpu_limit=<Quantity(22.4, 'dimensionless')>, memory_limit=<Quantity(15637779456, 'dimensionless')>, vram_free=[1349.4375, 11491.6875], vram_total=[11178.5, 24268.3125])}
10-23-2021 14:51:12 StyleGANExperimentGenerator INFO     Creating task for StyleGANInferenceJob
10
10-23-2021 14:51:15 ClusterManager INFO     Still alive...
10-23-2021 14:51:15 Orchestrator INFO     Scheduling arrival of Arrival: 65f86c6e-04c5-4d99-b654-0a976012366e
10-23-2021 14:51:15 Orchestrator INFO     Deploying on cluster: 65f86c6e-04c5-4d99-b654-0a976012366e
10-23-2021 14:51:19 ResourceWatchDog INFO     Fetching job finish times...
10-23-2021 14:51:19 ResourceWatchDog INFO     Fetching resource information of cluster...
10-23-2021 14:51:19 ResourceWatchDog INFO     {'ubuntu94025': Resource(node_name='ubuntu94025', cpu_allocatable=<Quantity(24, 'dimensionless')>, memory_allocatable=<Quantity(65626416, 'Ki')>, cpu_requested=<Quantity(2.72, 'dimensionless')>, memory_requested=<Quantity(3570766848, 'dimensionless')>, cpu_limit=<Quantity(22.4, 'dimensionless')>, memory_limit=<Quantity(15637779456, 'dimensionless')>, vram_free=[9103.4375, 17074.6875], vram_total=[11178.5, 24268.3125])}
10-23-2021 14:51:25 ClusterManager INFO     Still alive...
10-23-2021 14:51:27 StyleGANExperimentGenerator INFO     Creating task for StyleGANInferenceJob
10
10-23-2021 14:51:29 ResourceWatchDog INFO     Fetching job finish times...
10-23-2021 14:51:29 ResourceWatchDog INFO     Fetching resource information of cluster...
10-23-2021 14:51:29 ResourceWatchDog INFO     {'ubuntu94025': Resource(node_name='ubuntu94025', cpu_allocatable=<Quantity(24, 'dimensionless')>, memory_allocatable=<Quantity(65626416, 'Ki')>, cpu_requested=<Quantity(2.72, 'dimensionless')>, memory_requested=<Quantity(3570766848, 'dimensionless')>, cpu_limit=<Quantity(22.4, 'dimensionless')>, memory_limit=<Quantity(15637779456, 'dimensionless')>, vram_free=[1349.4375, 17641.6875], vram_total=[11178.5, 24268.3125])}
10-23-2021 14:51:30 Orchestrator INFO     Scheduling arrival of Arrival: 57604a37-af9d-43f5-a5a6-9977b323f0e6
10-23-2021 14:51:30 Orchestrator INFO     Deploying on cluster: 57604a37-af9d-43f5-a5a6-9977b323f0e6
10-23-2021 14:51:35 ClusterManager INFO     Still alive...
10-23-2021 14:51:36 StyleGANExperimentGenerator INFO     Creating task for StyleGANInferenceJob
10
10-23-2021 14:51:39 ResourceWatchDog INFO     Fetching job finish times...
10-23-2021 14:51:40 ResourceWatchDog INFO     Fetching resource information of cluster...
10-23-2021 14:51:40 ResourceWatchDog INFO     {'ubuntu94025': Resource(node_name='ubuntu94025', cpu_allocatable=<Quantity(24, 'dimensionless')>, memory_allocatable=<Quantity(65626416, 'Ki')>, cpu_requested=<Quantity(2.72, 'dimensionless')>, memory_requested=<Quantity(3570766848, 'dimensionless')>, cpu_limit=<Quantity(22.4, 'dimensionless')>, memory_limit=<Quantity(15637779456, 'dimensionless')>, vram_free=[3413.4375, 21395.6875], vram_total=[11178.5, 24268.3125])}
10-23-2021 14:51:40 Orchestrator INFO     Scheduling arrival of Arrival: 377b301a-c61f-4ea8-a72c-26040229764b
10-23-2021 14:51:40 Orchestrator INFO     Deploying on cluster: 377b301a-c61f-4ea8-a72c-26040229764b
10-23-2021 14:51:43 StyleGANExperimentGenerator INFO     Creating task for StyleGANInferenceJob
10
10-23-2021 14:51:45 ClusterManager INFO     Still alive...
10-23-2021 14:51:45 Orchestrator INFO     Scheduling arrival of Arrival: cffc852f-5a08-4c1a-b733-89e73c20f09e
10-23-2021 14:51:45 Orchestrator INFO     Deploying on cluster: cffc852f-5a08-4c1a-b733-89e73c20f09e
10-23-2021 14:51:50 ResourceWatchDog INFO     Fetching job finish times...
10-23-2021 14:51:50 ResourceWatchDog INFO     Fetching resource information of cluster...
10-23-2021 14:51:50 ResourceWatchDog INFO     {'ubuntu94025': Resource(node_name='ubuntu94025', cpu_allocatable=<Quantity(24, 'dimensionless')>, memory_allocatable=<Quantity(65626416, 'Ki')>, cpu_requested=<Quantity(2.72, 'dimensionless')>, memory_requested=<Quantity(3570766848, 'dimensionless')>, cpu_limit=<Quantity(22.4, 'dimensionless')>, memory_limit=<Quantity(15637779456, 'dimensionless')>, vram_free=[1869.4375, 22649.6875], vram_total=[11178.5, 24268.3125])}
10
10-23-2021 14:51:51 StyleGANExperimentGenerator INFO     Creating task for StyleGANInferenceJob
10-23-2021 14:51:55 ClusterManager INFO     Still alive...
10-23-2021 14:51:55 Orchestrator INFO     Scheduling arrival of Arrival: 4a1ec535-da39-47a1-b72e-a7b7964361f1
10-23-2021 14:51:55 Orchestrator INFO     Deploying on cluster: 4a1ec535-da39-47a1-b72e-a7b7964361f1
10-23-2021 14:52:00 ResourceWatchDog INFO     Fetching job finish times...
10-23-2021 14:52:01 ResourceWatchDog INFO     Fetching resource information of cluster...
10-23-2021 14:52:01 ResourceWatchDog INFO     {'ubuntu94025': Resource(node_name='ubuntu94025', cpu_allocatable=<Quantity(24, 'dimensionless')>, memory_allocatable=<Quantity(65626416, 'Ki')>, cpu_requested=<Quantity(2.72, 'dimensionless')>, memory_requested=<Quantity(3570766848, 'dimensionless')>, cpu_limit=<Quantity(22.4, 'dimensionless')>, memory_limit=<Quantity(15637779456, 'dimensionless')>, vram_free=[2773.4375, 15256.6875], vram_total=[11178.5, 24268.3125])}
10-23-2021 14:52:04 StyleGANExperimentGenerator INFO     Creating task for StyleGANInferenceJob
10
10-23-2021 14:52:05 ClusterManager INFO     Still alive...
10-23-2021 14:52:05 Orchestrator INFO     Scheduling arrival of Arrival: 4d68eab8-1f22-42e5-9208-35b3387f5abe
10-23-2021 14:52:05 Orchestrator INFO     Deploying on cluster: 4d68eab8-1f22-42e5-9208-35b3387f5abe
10-23-2021 14:52:09 ResourceWatchDog INFO     Fetching resource information of cluster...
10-23-2021 14:52:09 ResourceWatchDog INFO     {'ubuntu94025': Resource(node_name='ubuntu94025', cpu_allocatable=<Quantity(24, 'dimensionless')>, memory_allocatable=<Quantity(65626416, 'Ki')>, cpu_requested=<Quantity(2.72, 'dimensionless')>, memory_requested=<Quantity(3570766848, 'dimensionless')>, cpu_limit=<Quantity(22.4, 'dimensionless')>, memory_limit=<Quantity(15637779456, 'dimensionless')>, vram_free=[8.4375, 7636.6875], vram_total=[11178.5, 24268.3125])}
10-23-2021 14:52:11 ResourceWatchDog INFO     Fetching job finish times...
10-23-2021 14:52:11 ResourceWatchDog INFO     Fetching resource information of cluster...
10-23-2021 14:52:11 ResourceWatchDog INFO     {'ubuntu94025': Resource(node_name='ubuntu94025', cpu_allocatable=<Quantity(24, 'dimensionless')>, memory_allocatable=<Quantity(65626416, 'Ki')>, cpu_requested=<Quantity(2.72, 'dimensionless')>, memory_requested=<Quantity(3570766848, 'dimensionless')>, cpu_limit=<Quantity(22.4, 'dimensionless')>, memory_limit=<Quantity(15637779456, 'dimensionless')>, vram_free=[166.4375, 6454.6875], vram_total=[11178.5, 24268.3125])}
10-23-2021 14:52:15 ClusterManager INFO     Still alive...
10-23-2021 14:52:19 StyleGANExperimentGenerator INFO     Creating task for StyleGANInferenceJob
10
10-23-2021 14:52:21 Orchestrator INFO     Scheduling arrival of Arrival: 07b0aa94-4891-42b3-bbb5-f3c77b100641
10-23-2021 14:52:21 Orchestrator INFO     Deploying on cluster: 07b0aa94-4891-42b3-bbb5-f3c77b100641
10-23-2021 14:52:21 ResourceWatchDog INFO     Fetching job finish times...
10-23-2021 14:52:22 ResourceWatchDog INFO     Fetching resource information of cluster...
10-23-2021 14:52:22 ResourceWatchDog INFO     {'ubuntu94025': Resource(node_name='ubuntu94025', cpu_allocatable=<Quantity(24, 'dimensionless')>, memory_allocatable=<Quantity(65626416, 'Ki')>, cpu_requested=<Quantity(2.72, 'dimensionless')>, memory_requested=<Quantity(3570766848, 'dimensionless')>, cpu_limit=<Quantity(22.4, 'dimensionless')>, memory_limit=<Quantity(15637779456, 'dimensionless')>, vram_free=[535.4375, 8904.6875], vram_total=[11178.5, 24268.3125])}
10-23-2021 14:52:25 ClusterManager INFO     Still alive...
10-23-2021 14:52:27 StyleGANExperimentGenerator INFO     Creating task for StyleGANInferenceJob
10
10-23-2021 14:52:31 Orchestrator INFO     Scheduling arrival of Arrival: b23387c6-dd87-487b-ab80-a60c23782117
10-23-2021 14:52:31 Orchestrator INFO     Deploying on cluster: b23387c6-dd87-487b-ab80-a60c23782117
10-23-2021 14:52:32 ResourceWatchDog INFO     Fetching job finish times...
10-23-2021 14:52:32 ResourceWatchDog INFO     Fetching resource information of cluster...
10-23-2021 14:52:32 ResourceWatchDog INFO     {'ubuntu94025': Resource(node_name='ubuntu94025', cpu_allocatable=<Quantity(24, 'dimensionless')>, memory_allocatable=<Quantity(65626416, 'Ki')>, cpu_requested=<Quantity(2.72, 'dimensionless')>, memory_requested=<Quantity(3570766848, 'dimensionless')>, cpu_limit=<Quantity(22.4, 'dimensionless')>, memory_limit=<Quantity(15637779456, 'dimensionless')>, vram_free=[43.4375, 16017.6875], vram_total=[11178.5, 24268.3125])}
10-23-2021 14:52:34 StyleGANExperimentGenerator INFO     Creating task for StyleGANInferenceJob
10
10-23-2021 14:52:35 ClusterManager INFO     Still alive...
10-23-2021 14:52:36 Orchestrator INFO     Scheduling arrival of Arrival: 02435a29-4c4d-489c-b627-eee5c97ffbff
10-23-2021 14:52:36 Orchestrator INFO     Deploying on cluster: 02435a29-4c4d-489c-b627-eee5c97ffbff
10-23-2021 14:52:42 ResourceWatchDog INFO     Fetching job finish times...
10-23-2021 14:52:43 ResourceWatchDog INFO     Fetching resource information of cluster...
10-23-2021 14:52:43 ResourceWatchDog INFO     {'ubuntu94025': Resource(node_name='ubuntu94025', cpu_allocatable=<Quantity(24, 'dimensionless')>, memory_allocatable=<Quantity(65626416, 'Ki')>, cpu_requested=<Quantity(2.72, 'dimensionless')>, memory_requested=<Quantity(3570766848, 'dimensionless')>, cpu_limit=<Quantity(22.4, 'dimensionless')>, memory_limit=<Quantity(15637779456, 'dimensionless')>, vram_free=[605.4375, 22621.6875], vram_total=[11178.5, 24268.3125])}
10-23-2021 14:52:43 StyleGANExperimentGenerator INFO     Creating task for StyleGANInferenceJob
10
10-23-2021 14:52:45 ClusterManager INFO     Still alive...
10-23-2021 14:52:46 Orchestrator INFO     Scheduling arrival of Arrival: 136a6701-348b-49f4-a4a8-fcd817e62eb5
10-23-2021 14:52:46 Orchestrator INFO     Deploying on cluster: 136a6701-348b-49f4-a4a8-fcd817e62eb5
10-23-2021 14:52:49 StyleGANExperimentGenerator INFO     Creating task for StyleGANInferenceJob
10
10-23-2021 14:52:51 Orchestrator INFO     Scheduling arrival of Arrival: 7a6517c2-655c-437b-850b-e271997a3d60
10-23-2021 14:52:51 Orchestrator INFO     Deploying on cluster: 7a6517c2-655c-437b-850b-e271997a3d60
10-23-2021 14:52:53 ResourceWatchDog INFO     Fetching job finish times...
10-23-2021 14:52:53 ResourceWatchDog INFO     Fetching resource information of cluster...
10-23-2021 14:52:53 ResourceWatchDog INFO     {'ubuntu94025': Resource(node_name='ubuntu94025', cpu_allocatable=<Quantity(24, 'dimensionless')>, memory_allocatable=<Quantity(65626416, 'Ki')>, cpu_requested=<Quantity(2.72, 'dimensionless')>, memory_requested=<Quantity(3570766848, 'dimensionless')>, cpu_limit=<Quantity(22.4, 'dimensionless')>, memory_limit=<Quantity(15637779456, 'dimensionless')>, vram_free=[932.4375, 23361.6875], vram_total=[11178.5, 24268.3125])}
10-23-2021 14:52:55 ClusterManager INFO     Still alive...
10-23-2021 14:53:03 ResourceWatchDog INFO     Fetching job finish times...
10-23-2021 14:53:03 ResourceWatchDog INFO     Fetching resource information of cluster...
10-23-2021 14:53:04 ResourceWatchDog INFO     {'ubuntu94025': Resource(node_name='ubuntu94025', cpu_allocatable=<Quantity(24, 'dimensionless')>, memory_allocatable=<Quantity(65626416, 'Ki')>, cpu_requested=<Quantity(2.72, 'dimensionless')>, memory_requested=<Quantity(3570766848, 'dimensionless')>, cpu_limit=<Quantity(22.4, 'dimensionless')>, memory_limit=<Quantity(15637779456, 'dimensionless')>, vram_free=[932.4375, 495.6875], vram_total=[11178.5, 24268.3125])}
10-23-2021 14:53:05 StyleGANExperimentGenerator INFO     Creating task for StyleGANInferenceJob
10
10-23-2021 14:53:05 ClusterManager INFO     Still alive...
10-23-2021 14:53:06 Orchestrator INFO     Scheduling arrival of Arrival: f9158f04-3a18-4c21-bf9b-07dc637c8e35
10-23-2021 14:53:06 Orchestrator INFO     Deploying on cluster: f9158f04-3a18-4c21-bf9b-07dc637c8e35
10-23-2021 14:53:10 ResourceWatchDog INFO     Fetching resource information of cluster...
10-23-2021 14:53:10 ResourceWatchDog INFO     {'ubuntu94025': Resource(node_name='ubuntu94025', cpu_allocatable=<Quantity(24, 'dimensionless')>, memory_allocatable=<Quantity(65626416, 'Ki')>, cpu_requested=<Quantity(2.72, 'dimensionless')>, memory_requested=<Quantity(3570766848, 'dimensionless')>, cpu_limit=<Quantity(22.4, 'dimensionless')>, memory_limit=<Quantity(15637779456, 'dimensionless')>, vram_free=[6455.4375, 22156.6875], vram_total=[11178.5, 24268.3125])}
10-23-2021 14:53:14 ResourceWatchDog INFO     Fetching job finish times...
10-23-2021 14:53:14 ResourceWatchDog INFO     Fetching resource information of cluster...
10-23-2021 14:53:14 ResourceWatchDog INFO     {'ubuntu94025': Resource(node_name='ubuntu94025', cpu_allocatable=<Quantity(24, 'dimensionless')>, memory_allocatable=<Quantity(65626416, 'Ki')>, cpu_requested=<Quantity(2.72, 'dimensionless')>, memory_requested=<Quantity(3570766848, 'dimensionless')>, cpu_limit=<Quantity(22.4, 'dimensionless')>, memory_limit=<Quantity(15637779456, 'dimensionless')>, vram_free=[7655.4375, 4567.6875], vram_total=[11178.5, 24268.3125])}
10-23-2021 14:53:15 StyleGANExperimentGenerator INFO     Creating task for StyleGANInferenceJob
10
10-23-2021 14:53:15 ClusterManager INFO     Still alive...
10-23-2021 14:53:16 Orchestrator INFO     Scheduling arrival of Arrival: 56cadf10-9aa9-477f-a99f-0eaa5c2ce207
10-23-2021 14:53:16 Orchestrator INFO     Deploying on cluster: 56cadf10-9aa9-477f-a99f-0eaa5c2ce207
10-23-2021 14:53:24 ResourceWatchDog INFO     Fetching job finish times...
10-23-2021 14:53:25 ResourceWatchDog INFO     Fetching resource information of cluster...
10-23-2021 14:53:25 ResourceWatchDog INFO     {'ubuntu94025': Resource(node_name='ubuntu94025', cpu_allocatable=<Quantity(24, 'dimensionless')>, memory_allocatable=<Quantity(65626416, 'Ki')>, cpu_requested=<Quantity(2.72, 'dimensionless')>, memory_requested=<Quantity(3570766848, 'dimensionless')>, cpu_limit=<Quantity(22.4, 'dimensionless')>, memory_limit=<Quantity(15637779456, 'dimensionless')>, vram_free=[3252.4375, 23209.6875], vram_total=[11178.5, 24268.3125])}
10-23-2021 14:53:25 ClusterManager INFO     Still alive...
10
10-23-2021 14:53:33 StyleGANExperimentGenerator INFO     Creating task for StyleGANInferenceJob
10-23-2021 14:53:35 ResourceWatchDog INFO     Fetching job finish times...
10-23-2021 14:53:35 ResourceWatchDog INFO     Fetching resource information of cluster...
10-23-2021 14:53:35 ResourceWatchDog INFO     {'ubuntu94025': Resource(node_name='ubuntu94025', cpu_allocatable=<Quantity(24, 'dimensionless')>, memory_allocatable=<Quantity(65626416, 'Ki')>, cpu_requested=<Quantity(2.72, 'dimensionless')>, memory_requested=<Quantity(3570766848, 'dimensionless')>, cpu_limit=<Quantity(22.4, 'dimensionless')>, memory_limit=<Quantity(15637779456, 'dimensionless')>, vram_free=[1264.4375, 24264.6875], vram_total=[11178.5, 24268.3125])}
10-23-2021 14:53:35 ClusterManager INFO     Still alive...
10-23-2021 14:53:36 Orchestrator INFO     Scheduling arrival of Arrival: a0e3f444-29fc-4073-b203-be67c590e125
10-23-2021 14:53:36 Orchestrator INFO     Deploying on cluster: a0e3f444-29fc-4073-b203-be67c590e125
10-23-2021 14:53:43 StyleGANExperimentGenerator INFO     Creating task for StyleGANInferenceJob
10
10-23-2021 14:53:45 ResourceWatchDog INFO     Fetching job finish times...
10-23-2021 14:53:45 ClusterManager INFO     Still alive...
10-23-2021 14:53:45 ResourceWatchDog INFO     Fetching resource information of cluster...
10-23-2021 14:53:46 ResourceWatchDog INFO     {'ubuntu94025': Resource(node_name='ubuntu94025', cpu_allocatable=<Quantity(24, 'dimensionless')>, memory_allocatable=<Quantity(65626416, 'Ki')>, cpu_requested=<Quantity(2.72, 'dimensionless')>, memory_requested=<Quantity(3570766848, 'dimensionless')>, cpu_limit=<Quantity(22.4, 'dimensionless')>, memory_limit=<Quantity(15637779456, 'dimensionless')>, vram_free=[5939.4375, 24264.6875], vram_total=[11178.5, 24268.3125])}
10-23-2021 14:53:46 Orchestrator INFO     Scheduling arrival of Arrival: a054e3ef-ca1f-478b-85de-3640348d4737
10-23-2021 14:53:46 Orchestrator INFO     Deploying on cluster: a054e3ef-ca1f-478b-85de-3640348d4737
10-23-2021 14:53:51 StyleGANExperimentGenerator INFO     Creating task for StyleGANInferenceJob
10
10-23-2021 14:53:55 ClusterManager INFO     Still alive...
10-23-2021 14:53:56 ResourceWatchDog INFO     Fetching job finish times...
10-23-2021 14:53:56 Orchestrator INFO     Scheduling arrival of Arrival: 24adc034-70cf-4c3e-9fe6-e37f6ab46040
10-23-2021 14:53:56 Orchestrator INFO     Deploying on cluster: 24adc034-70cf-4c3e-9fe6-e37f6ab46040
10-23-2021 14:53:56 ResourceWatchDog INFO     Fetching resource information of cluster...
10-23-2021 14:53:56 ResourceWatchDog INFO     {'ubuntu94025': Resource(node_name='ubuntu94025', cpu_allocatable=<Quantity(24, 'dimensionless')>, memory_allocatable=<Quantity(65626416, 'Ki')>, cpu_requested=<Quantity(2.72, 'dimensionless')>, memory_requested=<Quantity(3570766848, 'dimensionless')>, cpu_limit=<Quantity(22.4, 'dimensionless')>, memory_limit=<Quantity(15637779456, 'dimensionless')>, vram_free=[1264.4375, 21178.6875], vram_total=[11178.5, 24268.3125])}
10
10-23-2021 14:54:02 StyleGANExperimentGenerator INFO     Creating task for StyleGANInferenceJob
10
10-23-2021 14:54:05 StyleGANExperimentGenerator INFO     Creating task for StyleGANInferenceJob
10-23-2021 14:54:05 ClusterManager INFO     Still alive...
10-23-2021 14:54:06 Orchestrator INFO     Scheduling arrival of Arrival: 0e3ad969-523c-496b-b8ca-a5e4abda619e
10-23-2021 14:54:06 Orchestrator INFO     Deploying on cluster: 0e3ad969-523c-496b-b8ca-a5e4abda619e
10-23-2021 14:54:06 Orchestrator INFO     Scheduling arrival of Arrival: 8bb3bd54-4ae0-4806-a5a3-a5cc860940e4
10-23-2021 14:54:06 Orchestrator INFO     Deploying on cluster: 8bb3bd54-4ae0-4806-a5a3-a5cc860940e4
10-23-2021 14:54:06 ResourceWatchDog INFO     Fetching job finish times...
10-23-2021 14:54:06 ResourceWatchDog INFO     Fetching resource information of cluster...
10-23-2021 14:54:07 ResourceWatchDog INFO     {'ubuntu94025': Resource(node_name='ubuntu94025', cpu_allocatable=<Quantity(24, 'dimensionless')>, memory_allocatable=<Quantity(65626416, 'Ki')>, cpu_requested=<Quantity(2.72, 'dimensionless')>, memory_requested=<Quantity(3570766848, 'dimensionless')>, cpu_limit=<Quantity(22.4, 'dimensionless')>, memory_limit=<Quantity(15637779456, 'dimensionless')>, vram_free=[6929.4375, 3960.6875], vram_total=[11178.5, 24268.3125])}
10-23-2021 14:54:11 ResourceWatchDog INFO     Fetching resource information of cluster...
10-23-2021 14:54:11 ResourceWatchDog INFO     {'ubuntu94025': Resource(node_name='ubuntu94025', cpu_allocatable=<Quantity(24, 'dimensionless')>, memory_allocatable=<Quantity(65626416, 'Ki')>, cpu_requested=<Quantity(2.72, 'dimensionless')>, memory_requested=<Quantity(3570766848, 'dimensionless')>, cpu_limit=<Quantity(22.4, 'dimensionless')>, memory_limit=<Quantity(15637779456, 'dimensionless')>, vram_free=[6778.4375, 22202.6875], vram_total=[11178.5, 24268.3125])}
10-23-2021 14:54:15 ClusterManager INFO     Still alive...
10-23-2021 14:54:17 ResourceWatchDog INFO     Fetching job finish times...
10-23-2021 14:54:17 ResourceWatchDog INFO     Fetching resource information of cluster...
10-23-2021 14:54:17 ResourceWatchDog INFO     {'ubuntu94025': Resource(node_name='ubuntu94025', cpu_allocatable=<Quantity(24, 'dimensionless')>, memory_allocatable=<Quantity(65626416, 'Ki')>, cpu_requested=<Quantity(2.72, 'dimensionless')>, memory_requested=<Quantity(3570766848, 'dimensionless')>, cpu_limit=<Quantity(22.4, 'dimensionless')>, memory_limit=<Quantity(15637779456, 'dimensionless')>, vram_free=[3048.4375, 4567.6875], vram_total=[11178.5, 24268.3125])}
10-23-2021 14:54:20 StyleGANExperimentGenerator INFO     Creating task for StyleGANInferenceJob
10
10-23-2021 14:54:21 Orchestrator INFO     Scheduling arrival of Arrival: c026feb1-29f6-4ded-bb8f-4005c3247513
10-23-2021 14:54:21 Orchestrator INFO     Deploying on cluster: c026feb1-29f6-4ded-bb8f-4005c3247513
10-23-2021 14:54:25 ClusterManager INFO     Still alive...
10-23-2021 14:54:26 StyleGANExperimentGenerator INFO     Creating task for StyleGANInferenceJob
10
10-23-2021 14:54:27 ResourceWatchDog INFO     Fetching job finish times...
10-23-2021 14:54:28 ResourceWatchDog INFO     Fetching resource information of cluster...
10-23-2021 14:54:28 ResourceWatchDog INFO     {'ubuntu94025': Resource(node_name='ubuntu94025', cpu_allocatable=<Quantity(24, 'dimensionless')>, memory_allocatable=<Quantity(65626416, 'Ki')>, cpu_requested=<Quantity(2.72, 'dimensionless')>, memory_requested=<Quantity(3570766848, 'dimensionless')>, cpu_limit=<Quantity(22.4, 'dimensionless')>, memory_limit=<Quantity(15637779456, 'dimensionless')>, vram_free=[1869.4375, 22466.6875], vram_total=[11178.5, 24268.3125])}
10-23-2021 14:54:31 Orchestrator INFO     Scheduling arrival of Arrival: 967529bf-a135-4253-8d91-407f56644575
10-23-2021 14:54:31 Orchestrator INFO     Deploying on cluster: 967529bf-a135-4253-8d91-407f56644575
10
10-23-2021 14:54:33 StyleGANExperimentGenerator INFO     Creating task for StyleGANInferenceJob
10-23-2021 14:54:35 ClusterManager INFO     Still alive...
10-23-2021 14:54:36 Orchestrator INFO     Scheduling arrival of Arrival: e4cfd618-2ca5-45eb-b8ea-9de2225d7e4a
10-23-2021 14:54:36 Orchestrator INFO     Deploying on cluster: e4cfd618-2ca5-45eb-b8ea-9de2225d7e4a
10-23-2021 14:54:38 ResourceWatchDog INFO     Fetching job finish times...
10-23-2021 14:54:38 ResourceWatchDog INFO     Fetching resource information of cluster...
10-23-2021 14:54:38 ResourceWatchDog INFO     {'ubuntu94025': Resource(node_name='ubuntu94025', cpu_allocatable=<Quantity(24, 'dimensionless')>, memory_allocatable=<Quantity(65626416, 'Ki')>, cpu_requested=<Quantity(2.72, 'dimensionless')>, memory_requested=<Quantity(3570766848, 'dimensionless')>, cpu_limit=<Quantity(22.4, 'dimensionless')>, memory_limit=<Quantity(15637779456, 'dimensionless')>, vram_free=[1260.4375, 24264.6875], vram_total=[11178.5, 24268.3125])}
10
10-23-2021 14:54:42 StyleGANExperimentGenerator INFO     Creating task for StyleGANInferenceJob
10-23-2021 14:54:45 ClusterManager INFO     Still alive...
10-23-2021 14:54:46 Orchestrator INFO     Scheduling arrival of Arrival: 052166b5-2b80-4e87-a7f5-f9e1df9736b4
10-23-2021 14:54:46 Orchestrator INFO     Deploying on cluster: 052166b5-2b80-4e87-a7f5-f9e1df9736b4
10-23-2021 14:54:48 ResourceWatchDog INFO     Fetching job finish times...
10-23-2021 14:54:49 ResourceWatchDog INFO     Fetching resource information of cluster...
10-23-2021 14:54:49 ResourceWatchDog INFO     {'ubuntu94025': Resource(node_name='ubuntu94025', cpu_allocatable=<Quantity(24, 'dimensionless')>, memory_allocatable=<Quantity(65626416, 'Ki')>, cpu_requested=<Quantity(2.72, 'dimensionless')>, memory_requested=<Quantity(3570766848, 'dimensionless')>, cpu_limit=<Quantity(22.4, 'dimensionless')>, memory_limit=<Quantity(15637779456, 'dimensionless')>, vram_free=[3206.4375, 3132.6875], vram_total=[11178.5, 24268.3125])}
10-23-2021 14:54:53 StyleGANExperimentGenerator INFO     Creating task for StyleGANInferenceJob
10
10-23-2021 14:54:55 ClusterManager INFO     Still alive...
10-23-2021 14:54:56 Orchestrator INFO     Scheduling arrival of Arrival: 35357724-daeb-4163-88e4-9d550bf11811
10-23-2021 14:54:56 Orchestrator INFO     Deploying on cluster: 35357724-daeb-4163-88e4-9d550bf11811
10-23-2021 14:54:59 ResourceWatchDog INFO     Fetching job finish times...
10-23-2021 14:54:59 ResourceWatchDog INFO     Fetching resource information of cluster...
10-23-2021 14:54:59 ResourceWatchDog INFO     {'ubuntu94025': Resource(node_name='ubuntu94025', cpu_allocatable=<Quantity(24, 'dimensionless')>, memory_allocatable=<Quantity(65626416, 'Ki')>, cpu_requested=<Quantity(2.72, 'dimensionless')>, memory_requested=<Quantity(3570766848, 'dimensionless')>, cpu_limit=<Quantity(22.4, 'dimensionless')>, memory_limit=<Quantity(15637779456, 'dimensionless')>, vram_free=[1025.4375, 3842.6875], vram_total=[11178.5, 24268.3125])}
10-23-2021 14:55:01 StyleGANExperimentGenerator INFO     Creating task for StyleGANInferenceJob
10
10-23-2021 14:55:05 StyleGANExperimentGenerator INFO     Stopped execution at: 1635000905.6536245, duration: 600.4183721542358/600
10-23-2021 14:55:05 ClusterManager INFO     Still alive...
10-23-2021 14:55:06 Orchestrator INFO     Received stop signal for the Orchestrator. Waiting 2 minutes for jobs to finish
10-23-2021 14:55:09 ResourceWatchDog INFO     Fetching job finish times...
10-23-2021 14:55:10 ResourceWatchDog INFO     Fetching resource information of cluster...
10-23-2021 14:55:10 ResourceWatchDog INFO     {'ubuntu94025': Resource(node_name='ubuntu94025', cpu_allocatable=<Quantity(24, 'dimensionless')>, memory_allocatable=<Quantity(65626416, 'Ki')>, cpu_requested=<Quantity(2.72, 'dimensionless')>, memory_requested=<Quantity(3570766848, 'dimensionless')>, cpu_limit=<Quantity(22.4, 'dimensionless')>, memory_limit=<Quantity(15637779456, 'dimensionless')>, vram_free=[523.4375, 24264.6875], vram_total=[11178.5, 24268.3125])}
10-23-2021 14:55:12 ResourceWatchDog INFO     Fetching resource information of cluster...
10-23-2021 14:55:12 ResourceWatchDog INFO     {'ubuntu94025': Resource(node_name='ubuntu94025', cpu_allocatable=<Quantity(24, 'dimensionless')>, memory_allocatable=<Quantity(65626416, 'Ki')>, cpu_requested=<Quantity(2.72, 'dimensionless')>, memory_requested=<Quantity(3570766848, 'dimensionless')>, cpu_limit=<Quantity(22.4, 'dimensionless')>, memory_limit=<Quantity(15637779456, 'dimensionless')>, vram_free=[872.4375, 23042.6875], vram_total=[11178.5, 24268.3125])}
10-23-2021 14:55:15 ClusterManager INFO     Still alive...
10-23-2021 14:55:20 ResourceWatchDog INFO     Fetching job finish times...
10-23-2021 14:55:20 ResourceWatchDog INFO     Fetching resource information of cluster...
10-23-2021 14:55:20 ResourceWatchDog INFO     {'ubuntu94025': Resource(node_name='ubuntu94025', cpu_allocatable=<Quantity(24, 'dimensionless')>, memory_allocatable=<Quantity(65626416, 'Ki')>, cpu_requested=<Quantity(2.72, 'dimensionless')>, memory_requested=<Quantity(3570766848, 'dimensionless')>, cpu_limit=<Quantity(22.4, 'dimensionless')>, memory_limit=<Quantity(15637779456, 'dimensionless')>, vram_free=[2230.4375, 24264.6875], vram_total=[11178.5, 24268.3125])}
10-23-2021 14:55:25 ClusterManager INFO     Still alive...
10-23-2021 14:55:30 ResourceWatchDog INFO     Fetching job finish times...
10-23-2021 14:55:31 ResourceWatchDog INFO     Fetching resource information of cluster...
10-23-2021 14:55:31 ResourceWatchDog INFO     {'ubuntu94025': Resource(node_name='ubuntu94025', cpu_allocatable=<Quantity(24, 'dimensionless')>, memory_allocatable=<Quantity(65626416, 'Ki')>, cpu_requested=<Quantity(2.72, 'dimensionless')>, memory_requested=<Quantity(3570766848, 'dimensionless')>, cpu_limit=<Quantity(22.4, 'dimensionless')>, memory_limit=<Quantity(15637779456, 'dimensionless')>, vram_free=[328.4375, 22714.6875], vram_total=[11178.5, 24268.3125])}
10-23-2021 14:55:35 ClusterManager INFO     Still alive...
10-23-2021 14:55:41 ResourceWatchDog INFO     Fetching job finish times...
10-23-2021 14:55:41 ResourceWatchDog INFO     Fetching resource information of cluster...
10-23-2021 14:55:41 ResourceWatchDog INFO     {'ubuntu94025': Resource(node_name='ubuntu94025', cpu_allocatable=<Quantity(24, 'dimensionless')>, memory_allocatable=<Quantity(65626416, 'Ki')>, cpu_requested=<Quantity(2.72, 'dimensionless')>, memory_requested=<Quantity(3570766848, 'dimensionless')>, cpu_limit=<Quantity(22.4, 'dimensionless')>, memory_limit=<Quantity(15637779456, 'dimensionless')>, vram_free=[1349.4375, 24264.6875], vram_total=[11178.5, 24268.3125])}
10-23-2021 14:55:45 ClusterManager INFO     Still alive...
10-23-2021 14:55:51 ResourceWatchDog INFO     Fetching job finish times...
10-23-2021 14:55:52 ResourceWatchDog INFO     Fetching resource information of cluster...
10-23-2021 14:55:52 ResourceWatchDog INFO     {'ubuntu94025': Resource(node_name='ubuntu94025', cpu_allocatable=<Quantity(24, 'dimensionless')>, memory_allocatable=<Quantity(65626416, 'Ki')>, cpu_requested=<Quantity(2.72, 'dimensionless')>, memory_requested=<Quantity(3570766848, 'dimensionless')>, cpu_limit=<Quantity(22.4, 'dimensionless')>, memory_limit=<Quantity(15637779456, 'dimensionless')>, vram_free=[11174.4375, 24264.6875], vram_total=[11178.5, 24268.3125])}
10-23-2021 14:55:55 ClusterManager INFO     Still alive...
10-23-2021 14:56:02 ResourceWatchDog INFO     Fetching job finish times...
10-23-2021 14:56:02 ResourceWatchDog INFO     Fetching resource information of cluster...
10-23-2021 14:56:02 ResourceWatchDog INFO     {'ubuntu94025': Resource(node_name='ubuntu94025', cpu_allocatable=<Quantity(24, 'dimensionless')>, memory_allocatable=<Quantity(65626416, 'Ki')>, cpu_requested=<Quantity(2.72, 'dimensionless')>, memory_requested=<Quantity(3570766848, 'dimensionless')>, cpu_limit=<Quantity(22.4, 'dimensionless')>, memory_limit=<Quantity(15637779456, 'dimensionless')>, vram_free=[397.4375, 24264.6875], vram_total=[11178.5, 24268.3125])}
10-23-2021 14:56:05 ClusterManager INFO     Still alive...
10-23-2021 14:56:12 ResourceWatchDog INFO     Fetching resource information of cluster...
10-23-2021 14:56:12 ResourceWatchDog INFO     {'ubuntu94025': Resource(node_name='ubuntu94025', cpu_allocatable=<Quantity(24, 'dimensionless')>, memory_allocatable=<Quantity(65626416, 'Ki')>, cpu_requested=<Quantity(2.72, 'dimensionless')>, memory_requested=<Quantity(3570766848, 'dimensionless')>, cpu_limit=<Quantity(22.4, 'dimensionless')>, memory_limit=<Quantity(15637779456, 'dimensionless')>, vram_free=[11174.4375, 24264.6875], vram_total=[11178.5, 24268.3125])}
10-23-2021 14:56:12 ResourceWatchDog INFO     Fetching job finish times...
10-23-2021 14:56:13 ResourceWatchDog INFO     Fetching resource information of cluster...
10-23-2021 14:56:13 ResourceWatchDog INFO     {'ubuntu94025': Resource(node_name='ubuntu94025', cpu_allocatable=<Quantity(24, 'dimensionless')>, memory_allocatable=<Quantity(65626416, 'Ki')>, cpu_requested=<Quantity(2.72, 'dimensionless')>, memory_requested=<Quantity(3570766848, 'dimensionless')>, cpu_limit=<Quantity(22.4, 'dimensionless')>, memory_limit=<Quantity(15637779456, 'dimensionless')>, vram_free=[11174.4375, 24264.6875], vram_total=[11178.5, 24268.3125])}
10-23-2021 14:56:15 ClusterManager INFO     Still alive...
10-23-2021 14:56:23 ResourceWatchDog INFO     Fetching job finish times...
10-23-2021 14:56:23 ResourceWatchDog INFO     Fetching resource information of cluster...
10-23-2021 14:56:23 ResourceWatchDog INFO     {'ubuntu94025': Resource(node_name='ubuntu94025', cpu_allocatable=<Quantity(24, 'dimensionless')>, memory_allocatable=<Quantity(65626416, 'Ki')>, cpu_requested=<Quantity(2.72, 'dimensionless')>, memory_requested=<Quantity(3570766848, 'dimensionless')>, cpu_limit=<Quantity(22.4, 'dimensionless')>, memory_limit=<Quantity(15637779456, 'dimensionless')>, vram_free=[11174.4375, 24264.6875], vram_total=[11178.5, 24268.3125])}
10-23-2021 14:56:25 ClusterManager INFO     Still alive...
10-23-2021 14:56:33 ResourceWatchDog INFO     Fetching job finish times...
10-23-2021 14:56:34 ResourceWatchDog INFO     Fetching resource information of cluster...
10-23-2021 14:56:34 ResourceWatchDog INFO     {'ubuntu94025': Resource(node_name='ubuntu94025', cpu_allocatable=<Quantity(24, 'dimensionless')>, memory_allocatable=<Quantity(65626416, 'Ki')>, cpu_requested=<Quantity(2.72, 'dimensionless')>, memory_requested=<Quantity(3570766848, 'dimensionless')>, cpu_limit=<Quantity(22.4, 'dimensionless')>, memory_limit=<Quantity(15637779456, 'dimensionless')>, vram_free=[10415.4375, 24264.6875], vram_total=[11178.5, 24268.3125])}
10-23-2021 14:56:35 ClusterManager INFO     Still alive...
10-23-2021 14:56:44 ResourceWatchDog INFO     Fetching job finish times...
10-23-2021 14:56:44 ResourceWatchDog INFO     Fetching resource information of cluster...
10-23-2021 14:56:44 ResourceWatchDog INFO     {'ubuntu94025': Resource(node_name='ubuntu94025', cpu_allocatable=<Quantity(24, 'dimensionless')>, memory_allocatable=<Quantity(65626416, 'Ki')>, cpu_requested=<Quantity(2.72, 'dimensionless')>, memory_requested=<Quantity(3570766848, 'dimensionless')>, cpu_limit=<Quantity(22.4, 'dimensionless')>, memory_limit=<Quantity(15637779456, 'dimensionless')>, vram_free=[841.4375, 23917.6875], vram_total=[11178.5, 24268.3125])}
10-23-2021 14:56:45 ClusterManager INFO     Still alive...
10-23-2021 14:56:54 ResourceWatchDog INFO     Fetching job finish times...
10-23-2021 14:56:55 ResourceWatchDog INFO     Fetching resource information of cluster...
10-23-2021 14:56:55 ResourceWatchDog INFO     {'ubuntu94025': Resource(node_name='ubuntu94025', cpu_allocatable=<Quantity(24, 'dimensionless')>, memory_allocatable=<Quantity(65626416, 'Ki')>, cpu_requested=<Quantity(2.72, 'dimensionless')>, memory_requested=<Quantity(3570766848, 'dimensionless')>, cpu_limit=<Quantity(22.4, 'dimensionless')>, memory_limit=<Quantity(15637779456, 'dimensionless')>, vram_free=[3156.4375, 24264.6875], vram_total=[11178.5, 24268.3125])}
10-23-2021 14:56:55 ClusterManager INFO     Still alive...
10-23-2021 14:57:05 ResourceWatchDog INFO     Fetching job finish times...
10-23-2021 14:57:05 ResourceWatchDog INFO     Fetching resource information of cluster...
10-23-2021 14:57:05 ResourceWatchDog INFO     {'ubuntu94025': Resource(node_name='ubuntu94025', cpu_allocatable=<Quantity(24, 'dimensionless')>, memory_allocatable=<Quantity(65626416, 'Ki')>, cpu_requested=<Quantity(2.72, 'dimensionless')>, memory_requested=<Quantity(3570766848, 'dimensionless')>, cpu_limit=<Quantity(22.4, 'dimensionless')>, memory_limit=<Quantity(15637779456, 'dimensionless')>, vram_free=[11174.4375, 24264.6875], vram_total=[11178.5, 24268.3125])}
10-23-2021 14:57:05 ClusterManager INFO     Still alive...




task_info {UUID('7ee0a2e6-85c5-44ba-a0ef-45f697483c14'): ('anycost', 512, 'interpolation', 200, 'cuda:1', 8, 1), UUID('a12fd0d9-9a17-4f25-9651-d6c15f605e76'): ('style2', 512, 'interpolation', 400, 'cuda:0', 8, 1), UUID('eda0622e-8e6f-4640-876a-51c1cfc3023a'): ('anycost', 512, 'random', 400, 'cuda:0', 8, 1), UUID('b6a20925-da2d-4768-af15-5e461375907a'): ('style1', 1024, 'interpolation', 400, 'cuda:1', 8, 1), UUID('f947a1de-4384-44a6-a5b0-a2a392c9d1f8'): ('style1', 512, 'random', 400, 'cuda:0', 8, 1), UUID('8b270fe5-07ff-4071-9c86-91787b29ca13'): ('style1', 256, 'random', 100, 'cuda:1', 8, 1), UUID('4cef4848-ae6f-4301-b501-43858574f6f8'): ('style2ada', 512, 'interpolation', 400, 'cuda:0', 8, 1), UUID('6474ba48-5de9-4a96-85ed-38c6ad02846f'): ('anycost', 512, 'interpolation', 200, 'cuda:0', 8, 1), UUID('f0f1b454-7dbe-4cae-be5f-2ba219d30a7a'): ('style2', 512, 'interpolation', 200, 'cuda:0', 8, 1), UUID('5e244795-e919-4fc4-b25d-52b1f02e5d29'): ('style2', 1024, 'random', 200, 'cuda:0', 8, 1), UUID('3173322f-233d-4a4a-98d3-c5dc9600a3f8'): ('style2', 256, 'interpolation', 800, 'cuda:0', 8, 1), UUID('a277a1ab-2b8c-4472-8061-9ddd76dc4a28'): ('style2ada', 256, 'interpolation', 800, 'cuda:0', 8, 1), UUID('a6af6870-8b38-4204-a120-382336302346'): ('style2ada', 1024, 'random', 100, 'cuda:0', 8, 1), UUID('53ce8d93-4210-4074-a4d8-09836282700b'): ('swa', 1024, 'interpolation', 100, 'cuda:0', 8, 1), UUID('c3ae4e74-d5a0-4d3c-bcfe-169ea91896da'): ('style2', 512, 'random', 100, 'cuda:0', 8, 1), UUID('df8199f3-5f1d-417a-abbb-b416f6a55e18'): ('style2ada', 256, 'random', 400, 'cuda:0', 8, 1), UUID('947fa0a4-2078-471f-9ac4-1bb5feaaeb35'): ('stylemap', 1024, 'interpolation', 800, 'cuda:1', 8, 1), UUID('18bd93bc-6a87-4611-8515-b048690bf8be'): ('style2', 1024, 'interpolation', 100, 'cuda:1', 8, 1), UUID('34bf2231-9482-4fdd-a13f-510eb3051de5'): ('stylemap', 256, 'random', 400, 'cuda:0', 8, 1), UUID('3939a84a-35c2-4d87-9e17-f42b5ffae075'): ('style1', 256, 'interpolation', 400, 'cuda:1', 8, 1), UUID('19c2d439-f606-4e2a-8705-a2f26e2a272b'): ('stylemap', 1024, 'random', 800, 'cuda:0', 8, 1), UUID('2d2b012e-e2da-42bd-848e-6617d88ccc79'): ('mobile', 256, 'random', 800, 'cuda:0', 8, 1), UUID('e30448f1-cd1e-48cf-a6b0-e5dcd4f624fa'): ('style2ada', 512, 'random', 100, 'cuda:1', 8, 1), UUID('856179a6-68f7-4059-bba3-14330c665dea'): ('anycost', 1024, 'interpolation', 200, 'cuda:1', 8, 1), UUID('7e9ff4ae-e0ac-4e5f-9ffc-7eba2bc59616'): ('stylemap', 256, 'random', 200, 'cuda:0', 8, 1), UUID('995b67d0-0a0e-43df-8b84-48c7209b9a4e'): ('mobile', 256, 'random', 100, 'cuda:1', 8, 1), UUID('165d86ce-72b4-49ef-af6c-ff996cdcc3d4'): ('stylemap', 1024, 'interpolation', 200, 'cuda:0', 8, 1), UUID('539ed715-029f-4e60-9b51-e786f4e2bf7d'): ('style1', 256, 'interpolation', 800, 'cuda:0', 8, 1), UUID('cd43c2bd-5e8d-45e4-abf7-5f85bd4fc398'): ('style1', 1024, 'random', 100, 'cuda:0', 8, 1), UUID('d6550dcc-28d9-46b6-83fa-a197a49fca1b'): ('style1', 1024, 'random', 200, 'cuda:1', 8, 1), UUID('63fff265-4c83-46f6-9238-78f23db89c18'): ('style2ada', 512, 'interpolation', 800, 'cuda:0', 8, 1), UUID('28171a08-b8a4-48f3-a473-155702a827ee'): ('style1', 256, 'interpolation', 100, 'cuda:0', 8, 1), UUID('21d1aa0c-f6ae-4acb-9590-8182fca0e4e5'): ('swa', 256, 'interpolation', 800, 'cuda:1', 8, 1), UUID('db0dc000-e0a4-4244-92cb-8489fdbc0c26'): ('stylemap', 1024, 'interpolation', 800, 'cuda:1', 8, 1), UUID('3257ccb3-ae8f-453c-bee4-8eefd391fe47'): ('style2ada', 512, 'interpolation', 400, 'cuda:0', 8, 1), UUID('916d1ea0-a7c7-42bf-85ae-8d4ec039e84c'): ('anycost', 1024, 'interpolation', 800, 'cuda:0', 8, 1), UUID('edfa8537-9066-430a-a2c8-c7de4633e6c7'): ('style1', 256, 'interpolation', 200, 'cuda:1', 8, 1), UUID('65f86c6e-04c5-4d99-b654-0a976012366e'): ('stylemap', 1024, 'interpolation', 800, 'cuda:1', 8, 1), UUID('57604a37-af9d-43f5-a5a6-9977b323f0e6'): ('style1', 256, 'interpolation', 400, 'cuda:0', 8, 1), UUID('377b301a-c61f-4ea8-a72c-26040229764b'): ('style2ada', 1024, 'random', 800, 'cuda:0', 8, 1), UUID('cffc852f-5a08-4c1a-b733-89e73c20f09e'): ('swa', 512, 'random', 100, 'cuda:1', 8, 1), UUID('4a1ec535-da39-47a1-b72e-a7b7964361f1'): ('anycost', 256, 'interpolation', 800, 'cuda:0', 8, 1), UUID('4d68eab8-1f22-42e5-9208-35b3387f5abe'): ('style2ada', 512, 'random', 800, 'cuda:1', 8, 1), UUID('07b0aa94-4891-42b3-bbb5-f3c77b100641'): ('style1', 1024, 'interpolation', 200, 'cuda:0', 8, 1), UUID('b23387c6-dd87-487b-ab80-a60c23782117'): ('style2', 256, 'interpolation', 400, 'cuda:1', 8, 1), UUID('02435a29-4c4d-489c-b627-eee5c97ffbff'): ('style2', 256, 'random', 400, 'cuda:0', 8, 1), UUID('136a6701-348b-49f4-a4a8-fcd817e62eb5'): ('anycost', 256, 'interpolation', 800, 'cuda:0', 8, 1), UUID('7a6517c2-655c-437b-850b-e271997a3d60'): ('anycost', 512, 'random', 200, 'cuda:0', 8, 1), UUID('f9158f04-3a18-4c21-bf9b-07dc637c8e35'): ('style2ada', 256, 'random', 400, 'cuda:1', 8, 1), UUID('56cadf10-9aa9-477f-a99f-0eaa5c2ce207'): ('mobile', 1024, 'random', 800, 'cuda:1', 8, 1), UUID('a0e3f444-29fc-4073-b203-be67c590e125'): ('stylemap', 512, 'random', 800, 'cuda:1', 8, 1), UUID('a054e3ef-ca1f-478b-85de-3640348d4737'): ('mobile', 256, 'interpolation', 200, 'cuda:0', 8, 1), UUID('24adc034-70cf-4c3e-9fe6-e37f6ab46040'): ('style2', 256, 'random', 100, 'cuda:0', 8, 1), UUID('8bb3bd54-4ae0-4806-a5a3-a5cc860940e4'): ('anycost', 512, 'interpolation', 100, 'cuda:0', 8, 1), UUID('c026feb1-29f6-4ded-bb8f-4005c3247513'): ('anycost', 256, 'random', 100, 'cuda:0', 8, 1), UUID('967529bf-a135-4253-8d91-407f56644575'): ('style1', 1024, 'interpolation', 100, 'cuda:1', 8, 1), UUID('e4cfd618-2ca5-45eb-b8ea-9de2225d7e4a'): ('style2', 512, 'random', 800, 'cuda:0', 8, 1), UUID('052166b5-2b80-4e87-a7f5-f9e1df9736b4'): ('stylemap', 1024, 'random', 800, 'cuda:1', 8, 1), UUID('35357724-daeb-4163-88e4-9d550bf11811'): ('stylemap', 1024, 'random', 800, 'cuda:1', 8, 1)}
arrival_times {UUID('7ee0a2e6-85c5-44ba-a0ef-45f697483c14'): datetime.datetime(2021, 10, 23, 14, 45, 20, 264204), UUID('a12fd0d9-9a17-4f25-9651-d6c15f605e76'): datetime.datetime(2021, 10, 23, 14, 45, 25, 279078), UUID('eda0622e-8e6f-4640-876a-51c1cfc3023a'): datetime.datetime(2021, 10, 23, 14, 45, 35, 296669), UUID('b6a20925-da2d-4768-af15-5e461375907a'): datetime.datetime(2021, 10, 23, 14, 45, 50, 318848), UUID('f947a1de-4384-44a6-a5b0-a2a392c9d1f8'): datetime.datetime(2021, 10, 23, 14, 45, 55, 333376), UUID('8b270fe5-07ff-4071-9c86-91787b29ca13'): datetime.datetime(2021, 10, 23, 14, 46, 5, 350838), UUID('4cef4848-ae6f-4301-b501-43858574f6f8'): datetime.datetime(2021, 10, 23, 14, 46, 15, 366821), UUID('6474ba48-5de9-4a96-85ed-38c6ad02846f'): datetime.datetime(2021, 10, 23, 14, 46, 25, 382814), UUID('f0f1b454-7dbe-4cae-be5f-2ba219d30a7a'): datetime.datetime(2021, 10, 23, 14, 46, 30, 398851), UUID('5e244795-e919-4fc4-b25d-52b1f02e5d29'): datetime.datetime(2021, 10, 23, 14, 46, 40, 412573), UUID('3173322f-233d-4a4a-98d3-c5dc9600a3f8'): datetime.datetime(2021, 10, 23, 14, 46, 50, 426841), UUID('a277a1ab-2b8c-4472-8061-9ddd76dc4a28'): datetime.datetime(2021, 10, 23, 14, 47, 0, 442814), UUID('a6af6870-8b38-4204-a120-382336302346'): datetime.datetime(2021, 10, 23, 14, 47, 10, 459075), UUID('53ce8d93-4210-4074-a4d8-09836282700b'): datetime.datetime(2021, 10, 23, 14, 47, 20, 474844), UUID('c3ae4e74-d5a0-4d3c-bcfe-169ea91896da'): datetime.datetime(2021, 10, 23, 14, 47, 30, 488276), UUID('df8199f3-5f1d-417a-abbb-b416f6a55e18'): datetime.datetime(2021, 10, 23, 14, 47, 35, 498827), UUID('947fa0a4-2078-471f-9ac4-1bb5feaaeb35'): datetime.datetime(2021, 10, 23, 14, 47, 45, 524896), UUID('18bd93bc-6a87-4611-8515-b048690bf8be'): datetime.datetime(2021, 10, 23, 14, 47, 50, 538963), UUID('34bf2231-9482-4fdd-a13f-510eb3051de5'): datetime.datetime(2021, 10, 23, 14, 48, 0, 554818), UUID('3939a84a-35c2-4d87-9e17-f42b5ffae075'): datetime.datetime(2021, 10, 23, 14, 48, 5, 570863), UUID('19c2d439-f606-4e2a-8705-a2f26e2a272b'): datetime.datetime(2021, 10, 23, 14, 48, 10, 582869), UUID('2d2b012e-e2da-42bd-848e-6617d88ccc79'): datetime.datetime(2021, 10, 23, 14, 48, 20, 598824), UUID('e30448f1-cd1e-48cf-a6b0-e5dcd4f624fa'): datetime.datetime(2021, 10, 23, 14, 48, 30, 616034), UUID('856179a6-68f7-4059-bba3-14330c665dea'): datetime.datetime(2021, 10, 23, 14, 48, 40, 638798), UUID('7e9ff4ae-e0ac-4e5f-9ffc-7eba2bc59616'): datetime.datetime(2021, 10, 23, 14, 48, 45, 646135), UUID('995b67d0-0a0e-43df-8b84-48c7209b9a4e'): datetime.datetime(2021, 10, 23, 14, 49, 0, 662989), UUID('165d86ce-72b4-49ef-af6c-ff996cdcc3d4'): datetime.datetime(2021, 10, 23, 14, 49, 10, 682920), UUID('539ed715-029f-4e60-9b51-e786f4e2bf7d'): datetime.datetime(2021, 10, 23, 14, 49, 25, 704353), UUID('cd43c2bd-5e8d-45e4-abf7-5f85bd4fc398'): datetime.datetime(2021, 10, 23, 14, 49, 35, 719669), UUID('d6550dcc-28d9-46b6-83fa-a197a49fca1b'): datetime.datetime(2021, 10, 23, 14, 49, 45, 738792), UUID('63fff265-4c83-46f6-9238-78f23db89c18'): datetime.datetime(2021, 10, 23, 14, 49, 55, 746806), UUID('28171a08-b8a4-48f3-a473-155702a827ee'): datetime.datetime(2021, 10, 23, 14, 50, 5, 763862), UUID('21d1aa0c-f6ae-4acb-9590-8182fca0e4e5'): datetime.datetime(2021, 10, 23, 14, 50, 15, 787943), UUID('db0dc000-e0a4-4244-92cb-8489fdbc0c26'): datetime.datetime(2021, 10, 23, 14, 50, 30, 808974), UUID('3257ccb3-ae8f-453c-bee4-8eefd391fe47'): datetime.datetime(2021, 10, 23, 14, 50, 45, 831461), UUID('916d1ea0-a7c7-42bf-85ae-8d4ec039e84c'): datetime.datetime(2021, 10, 23, 14, 50, 55, 850914), UUID('edfa8537-9066-430a-a2c8-c7de4633e6c7'): datetime.datetime(2021, 10, 23, 14, 51, 5, 866981), UUID('65f86c6e-04c5-4d99-b654-0a976012366e'): datetime.datetime(2021, 10, 23, 14, 51, 15, 882844), UUID('57604a37-af9d-43f5-a5a6-9977b323f0e6'): datetime.datetime(2021, 10, 23, 14, 51, 30, 903844), UUID('377b301a-c61f-4ea8-a72c-26040229764b'): datetime.datetime(2021, 10, 23, 14, 51, 40, 924979), UUID('cffc852f-5a08-4c1a-b733-89e73c20f09e'): datetime.datetime(2021, 10, 23, 14, 51, 45, 941335), UUID('4a1ec535-da39-47a1-b72e-a7b7964361f1'): datetime.datetime(2021, 10, 23, 14, 51, 55, 958904), UUID('4d68eab8-1f22-42e5-9208-35b3387f5abe'): datetime.datetime(2021, 10, 23, 14, 52, 5, 981035), UUID('07b0aa94-4891-42b3-bbb5-f3c77b100641'): datetime.datetime(2021, 10, 23, 14, 52, 21, 2970), UUID('b23387c6-dd87-487b-ab80-a60c23782117'): datetime.datetime(2021, 10, 23, 14, 52, 31, 26247), UUID('02435a29-4c4d-489c-b627-eee5c97ffbff'): datetime.datetime(2021, 10, 23, 14, 52, 36, 42394), UUID('136a6701-348b-49f4-a4a8-fcd817e62eb5'): datetime.datetime(2021, 10, 23, 14, 52, 46, 54848), UUID('7a6517c2-655c-437b-850b-e271997a3d60'): datetime.datetime(2021, 10, 23, 14, 52, 51, 68509), UUID('f9158f04-3a18-4c21-bf9b-07dc637c8e35'): datetime.datetime(2021, 10, 23, 14, 53, 6, 91200), UUID('56cadf10-9aa9-477f-a99f-0eaa5c2ce207'): datetime.datetime(2021, 10, 23, 14, 53, 16, 107016), UUID('a0e3f444-29fc-4073-b203-be67c590e125'): datetime.datetime(2021, 10, 23, 14, 53, 36, 131093), UUID('a054e3ef-ca1f-478b-85de-3640348d4737'): datetime.datetime(2021, 10, 23, 14, 53, 46, 146917), UUID('24adc034-70cf-4c3e-9fe6-e37f6ab46040'): datetime.datetime(2021, 10, 23, 14, 53, 56, 160998), UUID('0e3ad969-523c-496b-b8ca-a5e4abda619e'): datetime.datetime(2021, 10, 23, 14, 54, 6, 182947), UUID('8bb3bd54-4ae0-4806-a5a3-a5cc860940e4'): datetime.datetime(2021, 10, 23, 14, 54, 6, 183016), UUID('c026feb1-29f6-4ded-bb8f-4005c3247513'): datetime.datetime(2021, 10, 23, 14, 54, 21, 222921), UUID('967529bf-a135-4253-8d91-407f56644575'): datetime.datetime(2021, 10, 23, 14, 54, 31, 235530), UUID('e4cfd618-2ca5-45eb-b8ea-9de2225d7e4a'): datetime.datetime(2021, 10, 23, 14, 54, 36, 247455), UUID('052166b5-2b80-4e87-a7f5-f9e1df9736b4'): datetime.datetime(2021, 10, 23, 14, 54, 46, 338953), UUID('35357724-daeb-4163-88e4-9d550bf11811'): datetime.datetime(2021, 10, 23, 14, 54, 56, 382863)}




id,network,job_type,image_size,num_imgs,device,batch_size,data_parallelism,response_time
7ee0a2e6,anycost,interpolation,512,200,cuda:1,8,1,26735
a12fd0d9,style2,interpolation,512,400,cuda:0,8,1,18720
eda0622e,anycost,random,512,400,cuda:0,8,1,19703
b6a20925,style1,interpolation,1024,400,cuda:1,8,1,24681
f947a1de,style1,random,512,400,cuda:0,8,1,8666
8b270fe5,style1,random,256,100,cuda:1,8,1,10649
4cef4848,style2ada,interpolation,512,400,cuda:0,8,1,12633
6474ba48,anycost,interpolation,512,200,cuda:0,8,1,14617
f0f1b454,style2,interpolation,512,200,cuda:0,8,1,14601
5e244795,style2,random,1024,200,cuda:0,8,1,18587
3173322f,style2,interpolation,256,800,cuda:0,8,1,15573
a277a1ab,style2ada,interpolation,256,800,cuda:0,8,1,14557
a6af6870,style2ada,random,1024,100,cuda:0,8,1,11540
53ce8d93,swa,interpolation,1024,100,cuda:0,8,1,17525
c3ae4e74,style2,random,512,100,cuda:0,8,1,19511
df8199f3,style2ada,random,256,400,cuda:0,8,1,17501
947fa0a4,stylemap,interpolation,1024,800,cuda:1,8,1,-1
18bd93bc,style2,interpolation,1024,100,cuda:1,8,1,-1
34bf2231,stylemap,random,256,400,cuda:0,8,1,22445
3939a84a,style1,interpolation,256,400,cuda:1,8,1,13429
19c2d439,stylemap,random,1024,800,cuda:0,8,1,112417
2d2b012e,mobile,random,256,800,cuda:0,8,1,14401
e30448f1,style2ada,random,512,100,cuda:1,8,1,18383
856179a6,anycost,interpolation,1024,200,cuda:1,8,1,38361
7e9ff4ae,stylemap,random,256,200,cuda:0,8,1,143353
995b67d0,mobile,random,256,100,cuda:1,8,1,15337
165d86ce,stylemap,interpolation,1024,200,cuda:0,8,1,101317
539ed715,style1,interpolation,256,800,cuda:0,8,1,14295
cd43c2bd,style1,random,1024,100,cuda:0,8,1,42280
d6550dcc,style1,random,1024,200,cuda:1,8,1,21261
63fff265,style2ada,interpolation,512,800,cuda:0,8,1,33253
28171a08,style1,interpolation,256,100,cuda:0,8,1,12236
21d1aa0c,swa,interpolation,256,800,cuda:1,8,1,39212
db0dc000,stylemap,interpolation,1024,800,cuda:1,8,1,-1
3257ccb3,style2ada,interpolation,512,400,cuda:0,8,1,20168
916d1ea0,anycost,interpolation,1024,800,cuda:0,8,1,42149
edfa8537,style1,interpolation,256,200,cuda:1,8,1,17133
65f86c6e,stylemap,interpolation,1024,800,cuda:1,8,1,-1
57604a37,style1,interpolation,256,400,cuda:0,8,1,9096
377b301a,style2ada,random,1024,800,cuda:0,8,1,43075
cffc852f,swa,random,512,100,cuda:1,8,1,26058
4a1ec535,anycost,interpolation,256,800,cuda:0,8,1,27041
4d68eab8,style2ada,random,512,800,cuda:1,8,1,65018
07b0aa94,style1,interpolation,1024,200,cuda:0,8,1,10997
b23387c6,style2,interpolation,256,400,cuda:1,8,1,35973
02435a29,style2,random,256,400,cuda:0,8,1,12957
136a6701,anycost,interpolation,256,800,cuda:0,8,1,20945
7a6517c2,anycost,random,512,200,cuda:0,8,1,27931
f9158f04,style2ada,random,256,400,cuda:1,8,1,20908
56cadf10,mobile,random,1024,800,cuda:1,8,1,54892
a0e3f444,stylemap,random,512,800,cuda:1,8,1,-1
a054e3ef,mobile,interpolation,256,200,cuda:0,8,1,10853
24adc034,style2,random,256,100,cuda:0,8,1,13839
Traceback (most recent call last):
  File "/usr/lib/python3.8/runpy.py", line 194, in _run_module_as_main
    return _run_code(code, main_globals, None,
  File "/usr/lib/python3.8/runpy.py", line 87, in _run_code
    exec(code, run_globals)
  File "/opt/federation-lab/fltk/__main__.py", line 86, in <module>
    __main__()
  File "/opt/federation-lab/fltk/__main__.py", line 38, in __main__
    cluster_start(arguments, config)
  File "/opt/federation-lab/fltk/__main__.py", line 62, in cluster_start
    launch_orchestrator(args=args, conf=configuration)
  File "/opt/federation-lab/fltk/launch.py", line 127, in launch_orchestrator
    pool.apply(orchestrator.run)
  File "/usr/lib/python3.8/multiprocessing/pool.py", line 357, in apply
    return self.apply_async(func, args, kwds).get()
  File "/usr/lib/python3.8/multiprocessing/pool.py", line 771, in get
    raise self._value
  File "/usr/lib/python3.8/multiprocessing/pool.py", line 125, in worker
    result = (True, func(*args, **kwds))
  File "/opt/federation-lab/fltk/orchestrator.py", line 168, in run
    self.stop()
  File "/opt/federation-lab/fltk/orchestrator.py", line 70, in stop
    network, image_size, job_type, num_imgs, device, batch_size, data_parallelism = self.task_info[id]
KeyError: UUID('0e3ad969-523c-496b-b8ca-a5e4abda619e')
