/usr/local/lib/python3.8/dist-packages/dataclasses_json/core.py:171: RuntimeWarning: `NoneType` object value of non-optional type config_path detected when decoding BareConfig.
  warnings.warn(f"`NoneType` object {warning}.", RuntimeWarning)
10-23-2021 14:07:42 root         INFO     Starting in cluster mode.
10-23-2021 14:07:42 root         INFO     Starting as Orchestrator
10-23-2021 14:07:42 root         INFO     Starting Orchestrator, initializing resources....
10-23-2021 14:07:42 root         INFO     Loading in cluster configuration file
10-23-2021 14:07:42 root         INFO     Pointing configuration to in cluster configuration.
10-23-2021 14:07:43 root         INFO     Starting cluster manager
10-23-2021 14:07:43 ClusterManager INFO     Spinning up cluster manager...
10-23-2021 14:07:43 root         INFO     Starting arrival generator
10-23-2021 14:07:43 root         INFO     Starting orchestrator
10-23-2021 14:07:43 ResourceWatchDog INFO     Starting resource watchdog
10-23-2021 14:07:43 StyleGANExperimentGenerator INFO     Starting execution of arrival generator...
10-23-2021 14:07:43 ClusterManager INFO     Still alive...
10-23-2021 14:07:43 ResourceWatchDog INFO     Fetching node information of cluster...
10-23-2021 14:07:43 Orchestrator INFO     Clearing old jobs in current namespace: default
10-23-2021 14:07:43 StyleGANExperimentGenerator INFO     Populating tick lists with initial arrivals
10-23-2021 14:07:43 StyleGANExperimentGenerator INFO     Creating task for StyleGANInferenceJob
10
10-23-2021 14:07:43 ResourceWatchDog INFO     Starting with watching resources
10-23-2021 14:07:53 ClusterManager INFO     Still alive...
10-23-2021 14:07:53 ResourceWatchDog INFO     Fetching job finish times...
10-23-2021 14:07:53 ResourceWatchDog INFO     Fetching resource information of cluster...
10-23-2021 14:07:53 ResourceWatchDog INFO     {'ubuntu94025': Resource(node_name='ubuntu94025', cpu_allocatable=<Quantity(24, 'dimensionless')>, memory_allocatable=<Quantity(65626416, 'Ki')>, cpu_requested=<Quantity(2.72, 'dimensionless')>, memory_requested=<Quantity(3570766848, 'dimensionless')>, cpu_limit=<Quantity(22.4, 'dimensionless')>, memory_limit=<Quantity(15637779456, 'dimensionless')>, vram_free=[11174.4375, 24264.6875], vram_total=[11178.5, 24268.3125])}
10-23-2021 14:07:54 StyleGANExperimentGenerator INFO     Creating task for StyleGANInferenceJob
10
10-23-2021 14:07:58 Orchestrator INFO     Scheduling arrival of Arrival: c122e616-5a01-48d5-bdaf-00e84f1472df
10-23-2021 14:07:58 Orchestrator INFO     Deploying on cluster: c122e616-5a01-48d5-bdaf-00e84f1472df
10
10-23-2021 14:08:00 StyleGANExperimentGenerator INFO     Creating task for StyleGANInferenceJob
10-23-2021 14:08:03 ClusterManager INFO     Still alive...
10-23-2021 14:08:03 Orchestrator INFO     Scheduling arrival of Arrival: b43a6ad5-5c0f-41e0-b2a9-d636b124657f
10-23-2021 14:08:03 Orchestrator INFO     Deploying on cluster: b43a6ad5-5c0f-41e0-b2a9-d636b124657f
10-23-2021 14:08:03 ResourceWatchDog INFO     Fetching job finish times...
10-23-2021 14:08:03 ResourceWatchDog INFO     Fetching resource information of cluster...
10-23-2021 14:08:03 ResourceWatchDog INFO     {'ubuntu94025': Resource(node_name='ubuntu94025', cpu_allocatable=<Quantity(24, 'dimensionless')>, memory_allocatable=<Quantity(65626416, 'Ki')>, cpu_requested=<Quantity(2.72, 'dimensionless')>, memory_requested=<Quantity(3570766848, 'dimensionless')>, cpu_limit=<Quantity(22.4, 'dimensionless')>, memory_limit=<Quantity(15637779456, 'dimensionless')>, vram_free=[10371.4375, 24264.6875], vram_total=[11178.5, 24268.3125])}
10-23-2021 14:08:11 StyleGANExperimentGenerator INFO     Creating task for StyleGANInferenceJob
10
10-23-2021 14:08:13 ClusterManager INFO     Still alive...
10-23-2021 14:08:13 Orchestrator INFO     Scheduling arrival of Arrival: a1614b85-9abc-47ee-a4a6-1e2d3fd1b518
10-23-2021 14:08:13 Orchestrator INFO     Deploying on cluster: a1614b85-9abc-47ee-a4a6-1e2d3fd1b518
10-23-2021 14:08:13 ResourceWatchDog INFO     Fetching job finish times...
10-23-2021 14:08:13 ResourceWatchDog INFO     Fetching resource information of cluster...
10-23-2021 14:08:13 ResourceWatchDog INFO     {'ubuntu94025': Resource(node_name='ubuntu94025', cpu_allocatable=<Quantity(24, 'dimensionless')>, memory_allocatable=<Quantity(65626416, 'Ki')>, cpu_requested=<Quantity(2.72, 'dimensionless')>, memory_requested=<Quantity(3570766848, 'dimensionless')>, cpu_limit=<Quantity(22.4, 'dimensionless')>, memory_limit=<Quantity(15637779456, 'dimensionless')>, vram_free=[8777.4375, 4677.6875], vram_total=[11178.5, 24268.3125])}
10-23-2021 14:08:23 ClusterManager INFO     Still alive...
10-23-2021 14:08:24 ResourceWatchDog INFO     Fetching job finish times...
10-23-2021 14:08:24 ResourceWatchDog INFO     Fetching resource information of cluster...
10-23-2021 14:08:24 ResourceWatchDog INFO     {'ubuntu94025': Resource(node_name='ubuntu94025', cpu_allocatable=<Quantity(24, 'dimensionless')>, memory_allocatable=<Quantity(65626416, 'Ki')>, cpu_requested=<Quantity(2.72, 'dimensionless')>, memory_requested=<Quantity(3570766848, 'dimensionless')>, cpu_limit=<Quantity(22.4, 'dimensionless')>, memory_limit=<Quantity(15637779456, 'dimensionless')>, vram_free=[4788.4375, 4675.6875], vram_total=[11178.5, 24268.3125])}
10-23-2021 14:08:25 StyleGANExperimentGenerator INFO     Creating task for StyleGANInferenceJob
10
10-23-2021 14:08:28 Orchestrator INFO     Scheduling arrival of Arrival: aa337bea-6e88-4a37-b564-4b2cfacbb8b7
10-23-2021 14:08:28 Orchestrator INFO     Deploying on cluster: aa337bea-6e88-4a37-b564-4b2cfacbb8b7
10-23-2021 14:08:32 StyleGANExperimentGenerator INFO     Creating task for StyleGANInferenceJob
10
10-23-2021 14:08:33 ClusterManager INFO     Still alive...
10-23-2021 14:08:33 Orchestrator INFO     Scheduling arrival of Arrival: 5e5d089a-44eb-468c-8bc0-10f6b50828e8
10-23-2021 14:08:33 Orchestrator INFO     Deploying on cluster: 5e5d089a-44eb-468c-8bc0-10f6b50828e8
10-23-2021 14:08:34 ResourceWatchDog INFO     Fetching job finish times...
10-23-2021 14:08:34 ResourceWatchDog INFO     Fetching resource information of cluster...
10-23-2021 14:08:34 ResourceWatchDog INFO     {'ubuntu94025': Resource(node_name='ubuntu94025', cpu_allocatable=<Quantity(24, 'dimensionless')>, memory_allocatable=<Quantity(65626416, 'Ki')>, cpu_requested=<Quantity(2.72, 'dimensionless')>, memory_requested=<Quantity(3570766848, 'dimensionless')>, cpu_limit=<Quantity(22.4, 'dimensionless')>, memory_limit=<Quantity(15637779456, 'dimensionless')>, vram_free=[4788.4375, 21167.6875], vram_total=[11178.5, 24268.3125])}
10-23-2021 14:08:40 StyleGANExperimentGenerator INFO     Creating task for StyleGANInferenceJob
10
10-23-2021 14:08:43 ClusterManager INFO     Still alive...
10-23-2021 14:08:43 Orchestrator INFO     Scheduling arrival of Arrival: 9bdffa4e-783d-4f57-9d32-042d23a444d6
10-23-2021 14:08:43 Orchestrator INFO     Deploying on cluster: 9bdffa4e-783d-4f57-9d32-042d23a444d6
10-23-2021 14:08:43 ResourceWatchDog INFO     Fetching resource information of cluster...
10-23-2021 14:08:43 ResourceWatchDog INFO     {'ubuntu94025': Resource(node_name='ubuntu94025', cpu_allocatable=<Quantity(24, 'dimensionless')>, memory_allocatable=<Quantity(65626416, 'Ki')>, cpu_requested=<Quantity(2.72, 'dimensionless')>, memory_requested=<Quantity(3570766848, 'dimensionless')>, cpu_limit=<Quantity(22.4, 'dimensionless')>, memory_limit=<Quantity(15637779456, 'dimensionless')>, vram_free=[11174.4375, 3351.6875], vram_total=[11178.5, 24268.3125])}
10-23-2021 14:08:44 ResourceWatchDog INFO     Fetching job finish times...
10-23-2021 14:08:44 ResourceWatchDog INFO     Fetching resource information of cluster...
10-23-2021 14:08:45 ResourceWatchDog INFO     {'ubuntu94025': Resource(node_name='ubuntu94025', cpu_allocatable=<Quantity(24, 'dimensionless')>, memory_allocatable=<Quantity(65626416, 'Ki')>, cpu_requested=<Quantity(2.72, 'dimensionless')>, memory_requested=<Quantity(3570766848, 'dimensionless')>, cpu_limit=<Quantity(22.4, 'dimensionless')>, memory_limit=<Quantity(15637779456, 'dimensionless')>, vram_free=[11174.4375, 3351.6875], vram_total=[11178.5, 24268.3125])}
10-23-2021 14:08:49 StyleGANExperimentGenerator INFO     Creating task for StyleGANInferenceJob
10
10-23-2021 14:08:53 ClusterManager INFO     Still alive...
10-23-2021 14:08:53 Orchestrator INFO     Scheduling arrival of Arrival: 1e1fa3e5-49c4-4ea4-9001-3be009f683e7
10-23-2021 14:08:53 Orchestrator INFO     Deploying on cluster: 1e1fa3e5-49c4-4ea4-9001-3be009f683e7
10-23-2021 14:08:55 ResourceWatchDog INFO     Fetching job finish times...
10-23-2021 14:08:55 ResourceWatchDog INFO     Fetching resource information of cluster...
10-23-2021 14:08:55 ResourceWatchDog INFO     {'ubuntu94025': Resource(node_name='ubuntu94025', cpu_allocatable=<Quantity(24, 'dimensionless')>, memory_allocatable=<Quantity(65626416, 'Ki')>, cpu_requested=<Quantity(2.72, 'dimensionless')>, memory_requested=<Quantity(3570766848, 'dimensionless')>, cpu_limit=<Quantity(22.4, 'dimensionless')>, memory_limit=<Quantity(15637779456, 'dimensionless')>, vram_free=[11174.4375, 3351.6875], vram_total=[11178.5, 24268.3125])}
10-23-2021 14:09:00 StyleGANExperimentGenerator INFO     Creating task for StyleGANInferenceJob
10
10-23-2021 14:09:03 ClusterManager INFO     Still alive...
10-23-2021 14:09:03 Orchestrator INFO     Scheduling arrival of Arrival: a191f30b-96b9-4a66-b92c-eca077e92598
10-23-2021 14:09:03 Orchestrator INFO     Deploying on cluster: a191f30b-96b9-4a66-b92c-eca077e92598
10-23-2021 14:09:05 ResourceWatchDog INFO     Fetching job finish times...
10-23-2021 14:09:05 ResourceWatchDog INFO     Fetching resource information of cluster...
10-23-2021 14:09:05 ResourceWatchDog INFO     {'ubuntu94025': Resource(node_name='ubuntu94025', cpu_allocatable=<Quantity(24, 'dimensionless')>, memory_allocatable=<Quantity(65626416, 'Ki')>, cpu_requested=<Quantity(2.72, 'dimensionless')>, memory_requested=<Quantity(3570766848, 'dimensionless')>, cpu_limit=<Quantity(22.4, 'dimensionless')>, memory_limit=<Quantity(15637779456, 'dimensionless')>, vram_free=[11174.4375, 11362.6875], vram_total=[11178.5, 24268.3125])}
10-23-2021 14:09:08 StyleGANExperimentGenerator INFO     Creating task for StyleGANInferenceJob
10
10-23-2021 14:09:08 Orchestrator INFO     Scheduling arrival of Arrival: 54c9b0c3-bbd6-482a-9287-d5f7d332c079
10-23-2021 14:09:08 Orchestrator INFO     Deploying on cluster: 54c9b0c3-bbd6-482a-9287-d5f7d332c079
10-23-2021 14:09:13 ClusterManager INFO     Still alive...
10-23-2021 14:09:15 ResourceWatchDog INFO     Fetching job finish times...
10-23-2021 14:09:15 ResourceWatchDog INFO     Fetching resource information of cluster...
10-23-2021 14:09:16 ResourceWatchDog INFO     {'ubuntu94025': Resource(node_name='ubuntu94025', cpu_allocatable=<Quantity(24, 'dimensionless')>, memory_allocatable=<Quantity(65626416, 'Ki')>, cpu_requested=<Quantity(2.72, 'dimensionless')>, memory_requested=<Quantity(3570766848, 'dimensionless')>, cpu_limit=<Quantity(22.4, 'dimensionless')>, memory_limit=<Quantity(15637779456, 'dimensionless')>, vram_free=[3413.4375, 15000.6875], vram_total=[11178.5, 24268.3125])}
10-23-2021 14:09:18 StyleGANExperimentGenerator INFO     Creating task for StyleGANInferenceJob
10
10-23-2021 14:09:18 Orchestrator INFO     Scheduling arrival of Arrival: 5fd607c4-7894-42ca-ae00-2611d2abde90
10-23-2021 14:09:18 Orchestrator INFO     Deploying on cluster: 5fd607c4-7894-42ca-ae00-2611d2abde90
10-23-2021 14:09:23 ClusterManager INFO     Still alive...
10-23-2021 14:09:25 StyleGANExperimentGenerator INFO     Creating task for StyleGANInferenceJob
10
10-23-2021 14:09:26 ResourceWatchDog INFO     Fetching job finish times...
10-23-2021 14:09:26 ResourceWatchDog INFO     Fetching resource information of cluster...
10-23-2021 14:09:26 ResourceWatchDog INFO     {'ubuntu94025': Resource(node_name='ubuntu94025', cpu_allocatable=<Quantity(24, 'dimensionless')>, memory_allocatable=<Quantity(65626416, 'Ki')>, cpu_requested=<Quantity(2.72, 'dimensionless')>, memory_requested=<Quantity(3570766848, 'dimensionless')>, cpu_limit=<Quantity(22.4, 'dimensionless')>, memory_limit=<Quantity(15637779456, 'dimensionless')>, vram_free=[3409.4375, 22697.6875], vram_total=[11178.5, 24268.3125])}
10-23-2021 14:09:28 Orchestrator INFO     Scheduling arrival of Arrival: 925a1cf6-b951-473c-a044-014baa45efcc
10-23-2021 14:09:28 Orchestrator INFO     Deploying on cluster: 925a1cf6-b951-473c-a044-014baa45efcc
10-23-2021 14:09:33 ClusterManager INFO     Still alive...
10-23-2021 14:09:36 StyleGANExperimentGenerator INFO     Creating task for StyleGANInferenceJob
10
10-23-2021 14:09:36 ResourceWatchDog INFO     Fetching job finish times...
10-23-2021 14:09:36 ResourceWatchDog INFO     Fetching resource information of cluster...
10-23-2021 14:09:36 ResourceWatchDog INFO     {'ubuntu94025': Resource(node_name='ubuntu94025', cpu_allocatable=<Quantity(24, 'dimensionless')>, memory_allocatable=<Quantity(65626416, 'Ki')>, cpu_requested=<Quantity(2.72, 'dimensionless')>, memory_requested=<Quantity(3570766848, 'dimensionless')>, cpu_limit=<Quantity(22.4, 'dimensionless')>, memory_limit=<Quantity(15637779456, 'dimensionless')>, vram_free=[3409.4375, 12537.6875], vram_total=[11178.5, 24268.3125])}
10-23-2021 14:09:38 Orchestrator INFO     Scheduling arrival of Arrival: 33d7e472-bbd2-4b51-b1ff-20f98e3b623d
10-23-2021 14:09:38 Orchestrator INFO     Deploying on cluster: 33d7e472-bbd2-4b51-b1ff-20f98e3b623d
10-23-2021 14:09:43 ClusterManager INFO     Still alive...
10-23-2021 14:09:43 ResourceWatchDog INFO     Fetching resource information of cluster...
10-23-2021 14:09:44 ResourceWatchDog INFO     {'ubuntu94025': Resource(node_name='ubuntu94025', cpu_allocatable=<Quantity(24, 'dimensionless')>, memory_allocatable=<Quantity(65626416, 'Ki')>, cpu_requested=<Quantity(2.72, 'dimensionless')>, memory_requested=<Quantity(3570766848, 'dimensionless')>, cpu_limit=<Quantity(22.4, 'dimensionless')>, memory_limit=<Quantity(15637779456, 'dimensionless')>, vram_free=[3142.4375, 15663.6875], vram_total=[11178.5, 24268.3125])}
10-23-2021 14:09:47 ResourceWatchDog INFO     Fetching job finish times...
10-23-2021 14:09:47 StyleGANExperimentGenerator INFO     Creating task for StyleGANInferenceJob
10
10-23-2021 14:09:47 ResourceWatchDog INFO     Fetching resource information of cluster...
10-23-2021 14:09:47 ResourceWatchDog INFO     {'ubuntu94025': Resource(node_name='ubuntu94025', cpu_allocatable=<Quantity(24, 'dimensionless')>, memory_allocatable=<Quantity(65626416, 'Ki')>, cpu_requested=<Quantity(2.72, 'dimensionless')>, memory_requested=<Quantity(3570766848, 'dimensionless')>, cpu_limit=<Quantity(22.4, 'dimensionless')>, memory_limit=<Quantity(15637779456, 'dimensionless')>, vram_free=[2444.4375, 24264.6875], vram_total=[11178.5, 24268.3125])}
10-23-2021 14:09:48 Orchestrator INFO     Scheduling arrival of Arrival: 19834592-95c0-4127-8e7a-f5f80bdbc06a
10-23-2021 14:09:48 Orchestrator INFO     Deploying on cluster: 19834592-95c0-4127-8e7a-f5f80bdbc06a
10-23-2021 14:09:53 ClusterManager INFO     Still alive...
10-23-2021 14:09:55 StyleGANExperimentGenerator INFO     Creating task for StyleGANInferenceJob
10
10-23-2021 14:09:57 ResourceWatchDog INFO     Fetching job finish times...
10-23-2021 14:09:57 ResourceWatchDog INFO     Fetching resource information of cluster...
10-23-2021 14:09:57 ResourceWatchDog INFO     {'ubuntu94025': Resource(node_name='ubuntu94025', cpu_allocatable=<Quantity(24, 'dimensionless')>, memory_allocatable=<Quantity(65626416, 'Ki')>, cpu_requested=<Quantity(2.72, 'dimensionless')>, memory_requested=<Quantity(3570766848, 'dimensionless')>, cpu_limit=<Quantity(22.4, 'dimensionless')>, memory_limit=<Quantity(15637779456, 'dimensionless')>, vram_free=[3184.4375, 24264.6875], vram_total=[11178.5, 24268.3125])}
10-23-2021 14:09:58 Orchestrator INFO     Scheduling arrival of Arrival: 2cf3bd2b-ca3b-442a-aa78-e50e86be6556
10-23-2021 14:09:58 Orchestrator INFO     Deploying on cluster: 2cf3bd2b-ca3b-442a-aa78-e50e86be6556
10-23-2021 14:10:03 ClusterManager INFO     Still alive...
10-23-2021 14:10:07 StyleGANExperimentGenerator INFO     Creating task for StyleGANInferenceJob
10
10-23-2021 14:10:07 ResourceWatchDog INFO     Fetching job finish times...
10-23-2021 14:10:07 ResourceWatchDog INFO     Fetching resource information of cluster...
10-23-2021 14:10:08 ResourceWatchDog INFO     {'ubuntu94025': Resource(node_name='ubuntu94025', cpu_allocatable=<Quantity(24, 'dimensionless')>, memory_allocatable=<Quantity(65626416, 'Ki')>, cpu_requested=<Quantity(2.72, 'dimensionless')>, memory_requested=<Quantity(3570766848, 'dimensionless')>, cpu_limit=<Quantity(22.4, 'dimensionless')>, memory_limit=<Quantity(15637779456, 'dimensionless')>, vram_free=[486.4375, 3138.6875], vram_total=[11178.5, 24268.3125])}
10-23-2021 14:10:08 Orchestrator INFO     Scheduling arrival of Arrival: 0c314ca7-f577-4f34-9574-30dce3cd5c04
10-23-2021 14:10:08 Orchestrator INFO     Deploying on cluster: 0c314ca7-f577-4f34-9574-30dce3cd5c04
10-23-2021 14:10:13 StyleGANExperimentGenerator INFO     Creating task for StyleGANInferenceJob
10
10-23-2021 14:10:13 ClusterManager INFO     Still alive...
10-23-2021 14:10:13 Orchestrator INFO     Scheduling arrival of Arrival: f4e7eadb-963b-4b7b-bb15-71c23bc0781f
10-23-2021 14:10:13 Orchestrator INFO     Deploying on cluster: f4e7eadb-963b-4b7b-bb15-71c23bc0781f
10-23-2021 14:10:18 ResourceWatchDog INFO     Fetching job finish times...
10-23-2021 14:10:18 ResourceWatchDog INFO     Fetching resource information of cluster...
10-23-2021 14:10:18 ResourceWatchDog INFO     {'ubuntu94025': Resource(node_name='ubuntu94025', cpu_allocatable=<Quantity(24, 'dimensionless')>, memory_allocatable=<Quantity(65626416, 'Ki')>, cpu_requested=<Quantity(2.72, 'dimensionless')>, memory_requested=<Quantity(3570766848, 'dimensionless')>, cpu_limit=<Quantity(22.4, 'dimensionless')>, memory_limit=<Quantity(15637779456, 'dimensionless')>, vram_free=[1920.4375, 24264.6875], vram_total=[11178.5, 24268.3125])}
10
10-23-2021 14:10:20 StyleGANExperimentGenerator INFO     Creating task for StyleGANInferenceJob
10-23-2021 14:10:23 ClusterManager INFO     Still alive...
10-23-2021 14:10:23 Orchestrator INFO     Scheduling arrival of Arrival: 94242b59-9023-434c-b99c-7f586516bbb3
10-23-2021 14:10:23 Orchestrator INFO     Deploying on cluster: 94242b59-9023-434c-b99c-7f586516bbb3
10-23-2021 14:10:28 StyleGANExperimentGenerator INFO     Creating task for StyleGANInferenceJob
10
10-23-2021 14:10:28 ResourceWatchDog INFO     Fetching job finish times...
10-23-2021 14:10:28 Orchestrator INFO     Scheduling arrival of Arrival: d415f6c0-a1d9-4fb2-b990-ea9020e12508
10-23-2021 14:10:28 Orchestrator INFO     Deploying on cluster: d415f6c0-a1d9-4fb2-b990-ea9020e12508
10-23-2021 14:10:28 ResourceWatchDog INFO     Fetching resource information of cluster...
10-23-2021 14:10:28 ResourceWatchDog INFO     {'ubuntu94025': Resource(node_name='ubuntu94025', cpu_allocatable=<Quantity(24, 'dimensionless')>, memory_allocatable=<Quantity(65626416, 'Ki')>, cpu_requested=<Quantity(2.72, 'dimensionless')>, memory_requested=<Quantity(3570766848, 'dimensionless')>, cpu_limit=<Quantity(22.4, 'dimensionless')>, memory_limit=<Quantity(15637779456, 'dimensionless')>, vram_free=[1542.4375, 23463.6875], vram_total=[11178.5, 24268.3125])}
10-23-2021 14:10:33 ClusterManager INFO     Still alive...
10-23-2021 14:10:38 StyleGANExperimentGenerator INFO     Creating task for StyleGANInferenceJob
10
10-23-2021 14:10:38 Orchestrator INFO     Scheduling arrival of Arrival: bace6480-534c-42bf-b6a9-c6d527f03a37
10-23-2021 14:10:38 Orchestrator INFO     Deploying on cluster: bace6480-534c-42bf-b6a9-c6d527f03a37
10-23-2021 14:10:38 ResourceWatchDog INFO     Fetching job finish times...
10-23-2021 14:10:38 ResourceWatchDog INFO     Fetching resource information of cluster...
10-23-2021 14:10:39 ResourceWatchDog INFO     {'ubuntu94025': Resource(node_name='ubuntu94025', cpu_allocatable=<Quantity(24, 'dimensionless')>, memory_allocatable=<Quantity(65626416, 'Ki')>, cpu_requested=<Quantity(2.72, 'dimensionless')>, memory_requested=<Quantity(3570766848, 'dimensionless')>, cpu_limit=<Quantity(22.4, 'dimensionless')>, memory_limit=<Quantity(15637779456, 'dimensionless')>, vram_free=[3178.4375, 24264.6875], vram_total=[11178.5, 24268.3125])}
10-23-2021 14:10:43 StyleGANExperimentGenerator INFO     Creating task for StyleGANInferenceJob
10
10-23-2021 14:10:43 ClusterManager INFO     Still alive...
10-23-2021 14:10:43 Orchestrator INFO     Scheduling arrival of Arrival: 2e826362-0aa9-4b5a-9417-bdcf5e87ce6e
10-23-2021 14:10:43 Orchestrator INFO     Deploying on cluster: 2e826362-0aa9-4b5a-9417-bdcf5e87ce6e
10-23-2021 14:10:44 ResourceWatchDog INFO     Fetching resource information of cluster...
10-23-2021 14:10:44 ResourceWatchDog INFO     {'ubuntu94025': Resource(node_name='ubuntu94025', cpu_allocatable=<Quantity(24, 'dimensionless')>, memory_allocatable=<Quantity(65626416, 'Ki')>, cpu_requested=<Quantity(2.72, 'dimensionless')>, memory_requested=<Quantity(3570766848, 'dimensionless')>, cpu_limit=<Quantity(22.4, 'dimensionless')>, memory_limit=<Quantity(15637779456, 'dimensionless')>, vram_free=[665.4375, 24264.6875], vram_total=[11178.5, 24268.3125])}
10-23-2021 14:10:46 StyleGANExperimentGenerator INFO     Creating task for StyleGANInferenceJob
10
10-23-2021 14:10:48 Orchestrator INFO     Scheduling arrival of Arrival: 7ee4e144-08cc-4f57-b661-612072d6ed0a
10-23-2021 14:10:48 Orchestrator INFO     Deploying on cluster: 7ee4e144-08cc-4f57-b661-612072d6ed0a
10-23-2021 14:10:49 ResourceWatchDog INFO     Fetching job finish times...
10-23-2021 14:10:49 ResourceWatchDog INFO     Fetching resource information of cluster...
10-23-2021 14:10:49 ResourceWatchDog INFO     {'ubuntu94025': Resource(node_name='ubuntu94025', cpu_allocatable=<Quantity(24, 'dimensionless')>, memory_allocatable=<Quantity(65626416, 'Ki')>, cpu_requested=<Quantity(2.72, 'dimensionless')>, memory_requested=<Quantity(3570766848, 'dimensionless')>, cpu_limit=<Quantity(22.4, 'dimensionless')>, memory_limit=<Quantity(15637779456, 'dimensionless')>, vram_free=[912.4375, 23051.6875], vram_total=[11178.5, 24268.3125])}
10-23-2021 14:10:53 ClusterManager INFO     Still alive...
10-23-2021 14:10:55 StyleGANExperimentGenerator INFO     Creating task for StyleGANInferenceJob
10
10-23-2021 14:10:58 Orchestrator INFO     Scheduling arrival of Arrival: ffafbc7c-e60d-4987-929c-25627810dbc3
10-23-2021 14:10:58 Orchestrator INFO     Deploying on cluster: ffafbc7c-e60d-4987-929c-25627810dbc3
10-23-2021 14:10:59 ResourceWatchDog INFO     Fetching job finish times...
10-23-2021 14:10:59 ResourceWatchDog INFO     Fetching resource information of cluster...
10-23-2021 14:11:00 ResourceWatchDog INFO     {'ubuntu94025': Resource(node_name='ubuntu94025', cpu_allocatable=<Quantity(24, 'dimensionless')>, memory_allocatable=<Quantity(65626416, 'Ki')>, cpu_requested=<Quantity(2.72, 'dimensionless')>, memory_requested=<Quantity(3570766848, 'dimensionless')>, cpu_limit=<Quantity(22.4, 'dimensionless')>, memory_limit=<Quantity(15637779456, 'dimensionless')>, vram_free=[707.4375, 22835.6875], vram_total=[11178.5, 24268.3125])}
10-23-2021 14:11:03 ClusterManager INFO     Still alive...
10-23-2021 14:11:08 StyleGANExperimentGenerator INFO     Creating task for StyleGANInferenceJob
10
10-23-2021 14:11:08 Orchestrator INFO     Scheduling arrival of Arrival: 193d2bea-d853-414d-bdc5-af52a008a469
10-23-2021 14:11:08 Orchestrator INFO     Deploying on cluster: 193d2bea-d853-414d-bdc5-af52a008a469
10-23-2021 14:11:10 ResourceWatchDog INFO     Fetching job finish times...
10-23-2021 14:11:10 ResourceWatchDog INFO     Fetching resource information of cluster...
10-23-2021 14:11:10 ResourceWatchDog INFO     {'ubuntu94025': Resource(node_name='ubuntu94025', cpu_allocatable=<Quantity(24, 'dimensionless')>, memory_allocatable=<Quantity(65626416, 'Ki')>, cpu_requested=<Quantity(2.72, 'dimensionless')>, memory_requested=<Quantity(3570766848, 'dimensionless')>, cpu_limit=<Quantity(22.4, 'dimensionless')>, memory_limit=<Quantity(15637779456, 'dimensionless')>, vram_free=[5573.4375, 22478.6875], vram_total=[11178.5, 24268.3125])}
10-23-2021 14:11:13 ClusterManager INFO     Still alive...
10
10-23-2021 14:11:16 StyleGANExperimentGenerator INFO     Creating task for StyleGANInferenceJob
10-23-2021 14:11:18 Orchestrator INFO     Scheduling arrival of Arrival: 7365d9be-8a41-41eb-a94e-ccce1be7f943
10-23-2021 14:11:18 Orchestrator INFO     Deploying on cluster: 7365d9be-8a41-41eb-a94e-ccce1be7f943
10-23-2021 14:11:20 ResourceWatchDog INFO     Fetching job finish times...
10-23-2021 14:11:20 ResourceWatchDog INFO     Fetching resource information of cluster...
10-23-2021 14:11:20 ResourceWatchDog INFO     {'ubuntu94025': Resource(node_name='ubuntu94025', cpu_allocatable=<Quantity(24, 'dimensionless')>, memory_allocatable=<Quantity(65626416, 'Ki')>, cpu_requested=<Quantity(2.72, 'dimensionless')>, memory_requested=<Quantity(3570766848, 'dimensionless')>, cpu_limit=<Quantity(22.4, 'dimensionless')>, memory_limit=<Quantity(15637779456, 'dimensionless')>, vram_free=[932.4375, 24264.6875], vram_total=[11178.5, 24268.3125])}
10-23-2021 14:11:22 StyleGANExperimentGenerator INFO     Creating task for StyleGANInferenceJob
10
10-23-2021 14:11:23 ClusterManager INFO     Still alive...
10-23-2021 14:11:23 Orchestrator INFO     Scheduling arrival of Arrival: cfbc3d3a-6527-4f7a-80ba-722568fd0d37
10-23-2021 14:11:23 Orchestrator INFO     Deploying on cluster: cfbc3d3a-6527-4f7a-80ba-722568fd0d37
10-23-2021 14:11:30 ResourceWatchDog INFO     Fetching job finish times...
10-23-2021 14:11:31 ResourceWatchDog INFO     Fetching resource information of cluster...
10-23-2021 14:11:31 ResourceWatchDog INFO     {'ubuntu94025': Resource(node_name='ubuntu94025', cpu_allocatable=<Quantity(24, 'dimensionless')>, memory_allocatable=<Quantity(65626416, 'Ki')>, cpu_requested=<Quantity(2.72, 'dimensionless')>, memory_requested=<Quantity(3570766848, 'dimensionless')>, cpu_limit=<Quantity(22.4, 'dimensionless')>, memory_limit=<Quantity(15637779456, 'dimensionless')>, vram_free=[928.4375, 22803.6875], vram_total=[11178.5, 24268.3125])}
10-23-2021 14:11:33 ClusterManager INFO     Still alive...
10-23-2021 14:11:35 StyleGANExperimentGenerator INFO     Creating task for StyleGANInferenceJob
10
10-23-2021 14:11:38 Orchestrator INFO     Scheduling arrival of Arrival: 923d0459-a66d-45f1-bb4c-f1fd6c029d10
10-23-2021 14:11:38 Orchestrator INFO     Deploying on cluster: 923d0459-a66d-45f1-bb4c-f1fd6c029d10
10-23-2021 14:11:41 ResourceWatchDog INFO     Fetching job finish times...
10-23-2021 14:11:41 ResourceWatchDog INFO     Fetching resource information of cluster...
10-23-2021 14:11:41 ResourceWatchDog INFO     {'ubuntu94025': Resource(node_name='ubuntu94025', cpu_allocatable=<Quantity(24, 'dimensionless')>, memory_allocatable=<Quantity(65626416, 'Ki')>, cpu_requested=<Quantity(2.72, 'dimensionless')>, memory_requested=<Quantity(3570766848, 'dimensionless')>, cpu_limit=<Quantity(22.4, 'dimensionless')>, memory_limit=<Quantity(15637779456, 'dimensionless')>, vram_free=[928.4375, 22940.6875], vram_total=[11178.5, 24268.3125])}
10-23-2021 14:11:43 ClusterManager INFO     Still alive...
10-23-2021 14:11:44 ResourceWatchDog INFO     Fetching resource information of cluster...
10-23-2021 14:11:44 ResourceWatchDog INFO     {'ubuntu94025': Resource(node_name='ubuntu94025', cpu_allocatable=<Quantity(24, 'dimensionless')>, memory_allocatable=<Quantity(65626416, 'Ki')>, cpu_requested=<Quantity(2.72, 'dimensionless')>, memory_requested=<Quantity(3570766848, 'dimensionless')>, cpu_limit=<Quantity(22.4, 'dimensionless')>, memory_limit=<Quantity(15637779456, 'dimensionless')>, vram_free=[10353.4375, 24264.6875], vram_total=[11178.5, 24268.3125])}
10-23-2021 14:11:47 StyleGANExperimentGenerator INFO     Creating task for StyleGANInferenceJob
10
10-23-2021 14:11:48 Orchestrator INFO     Scheduling arrival of Arrival: fcf2ffd8-889d-4293-a09f-c7ec93d3faf1
10-23-2021 14:11:48 Orchestrator INFO     Deploying on cluster: fcf2ffd8-889d-4293-a09f-c7ec93d3faf1
10-23-2021 14:11:51 ResourceWatchDog INFO     Fetching job finish times...
10-23-2021 14:11:52 ResourceWatchDog INFO     Fetching resource information of cluster...
10-23-2021 14:11:52 ResourceWatchDog INFO     {'ubuntu94025': Resource(node_name='ubuntu94025', cpu_allocatable=<Quantity(24, 'dimensionless')>, memory_allocatable=<Quantity(65626416, 'Ki')>, cpu_requested=<Quantity(2.72, 'dimensionless')>, memory_requested=<Quantity(3570766848, 'dimensionless')>, cpu_limit=<Quantity(22.4, 'dimensionless')>, memory_limit=<Quantity(15637779456, 'dimensionless')>, vram_free=[6455.4375, 24264.6875], vram_total=[11178.5, 24268.3125])}
10-23-2021 14:11:53 ClusterManager INFO     Still alive...
10-23-2021 14:12:00 StyleGANExperimentGenerator INFO     Creating task for StyleGANInferenceJob
10
10-23-2021 14:12:02 ResourceWatchDog INFO     Fetching job finish times...
10-23-2021 14:12:02 ResourceWatchDog INFO     Fetching resource information of cluster...
10-23-2021 14:12:02 ResourceWatchDog INFO     {'ubuntu94025': Resource(node_name='ubuntu94025', cpu_allocatable=<Quantity(24, 'dimensionless')>, memory_allocatable=<Quantity(65626416, 'Ki')>, cpu_requested=<Quantity(2.72, 'dimensionless')>, memory_requested=<Quantity(3570766848, 'dimensionless')>, cpu_limit=<Quantity(22.4, 'dimensionless')>, memory_limit=<Quantity(15637779456, 'dimensionless')>, vram_free=[6455.4375, 24264.6875], vram_total=[11178.5, 24268.3125])}
10-23-2021 14:12:03 ClusterManager INFO     Still alive...
10-23-2021 14:12:03 Orchestrator INFO     Scheduling arrival of Arrival: 4c74c534-fada-4c3a-9bc7-6a5238acd8f9
10-23-2021 14:12:03 Orchestrator INFO     Deploying on cluster: 4c74c534-fada-4c3a-9bc7-6a5238acd8f9
10-23-2021 14:12:09 StyleGANExperimentGenerator INFO     Creating task for StyleGANInferenceJob
10
10-23-2021 14:12:12 ResourceWatchDog INFO     Fetching job finish times...
10-23-2021 14:12:12 ResourceWatchDog INFO     Fetching resource information of cluster...
10-23-2021 14:12:12 ResourceWatchDog INFO     {'ubuntu94025': Resource(node_name='ubuntu94025', cpu_allocatable=<Quantity(24, 'dimensionless')>, memory_allocatable=<Quantity(65626416, 'Ki')>, cpu_requested=<Quantity(2.72, 'dimensionless')>, memory_requested=<Quantity(3570766848, 'dimensionless')>, cpu_limit=<Quantity(22.4, 'dimensionless')>, memory_limit=<Quantity(15637779456, 'dimensionless')>, vram_free=[6455.4375, 23279.6875], vram_total=[11178.5, 24268.3125])}
10-23-2021 14:12:13 ClusterManager INFO     Still alive...
10-23-2021 14:12:13 Orchestrator INFO     Scheduling arrival of Arrival: b065deec-3e6e-4978-8f6b-8667e1160d3d
10-23-2021 14:12:13 Orchestrator INFO     Deploying on cluster: b065deec-3e6e-4978-8f6b-8667e1160d3d
10-23-2021 14:12:22 ResourceWatchDog INFO     Fetching job finish times...
10-23-2021 14:12:23 ResourceWatchDog INFO     Fetching resource information of cluster...
10-23-2021 14:12:23 StyleGANExperimentGenerator INFO     Creating task for StyleGANInferenceJob
10
10-23-2021 14:12:23 ResourceWatchDog INFO     {'ubuntu94025': Resource(node_name='ubuntu94025', cpu_allocatable=<Quantity(24, 'dimensionless')>, memory_allocatable=<Quantity(65626416, 'Ki')>, cpu_requested=<Quantity(2.72, 'dimensionless')>, memory_requested=<Quantity(3570766848, 'dimensionless')>, cpu_limit=<Quantity(22.4, 'dimensionless')>, memory_limit=<Quantity(15637779456, 'dimensionless')>, vram_free=[6377.4375, 24264.6875], vram_total=[11178.5, 24268.3125])}
10-23-2021 14:12:23 ClusterManager INFO     Still alive...
10-23-2021 14:12:23 Orchestrator INFO     Scheduling arrival of Arrival: 8f673e0e-6b4b-49b5-8a84-b70f48e08167
10-23-2021 14:12:23 Orchestrator INFO     Deploying on cluster: 8f673e0e-6b4b-49b5-8a84-b70f48e08167
10-23-2021 14:12:31 StyleGANExperimentGenerator INFO     Creating task for StyleGANInferenceJob
10
10-23-2021 14:12:33 ResourceWatchDog INFO     Fetching job finish times...
10-23-2021 14:12:33 ClusterManager INFO     Still alive...
10-23-2021 14:12:33 ResourceWatchDog INFO     Fetching resource information of cluster...
10-23-2021 14:12:33 Orchestrator INFO     Scheduling arrival of Arrival: c247f222-b637-4750-8d9a-ca59e4229c44
10-23-2021 14:12:33 Orchestrator INFO     Deploying on cluster: c247f222-b637-4750-8d9a-ca59e4229c44
10-23-2021 14:12:33 ResourceWatchDog INFO     {'ubuntu94025': Resource(node_name='ubuntu94025', cpu_allocatable=<Quantity(24, 'dimensionless')>, memory_allocatable=<Quantity(65626416, 'Ki')>, cpu_requested=<Quantity(2.72, 'dimensionless')>, memory_requested=<Quantity(3570766848, 'dimensionless')>, cpu_limit=<Quantity(22.4, 'dimensionless')>, memory_limit=<Quantity(15637779456, 'dimensionless')>, vram_free=[4981.4375, 24264.6875], vram_total=[11178.5, 24268.3125])}
10-23-2021 14:12:39 StyleGANExperimentGenerator INFO     Creating task for StyleGANInferenceJob
10
10-23-2021 14:12:43 ClusterManager INFO     Still alive...
10-23-2021 14:12:43 Orchestrator INFO     Scheduling arrival of Arrival: 5964cc33-82f2-40bc-9cb0-5b8cc17329cb
10-23-2021 14:12:43 Orchestrator INFO     Deploying on cluster: 5964cc33-82f2-40bc-9cb0-5b8cc17329cb
10-23-2021 14:12:43 ResourceWatchDog INFO     Fetching job finish times...
10-23-2021 14:12:43 ResourceWatchDog INFO     Fetching resource information of cluster...
10-23-2021 14:12:44 ResourceWatchDog INFO     {'ubuntu94025': Resource(node_name='ubuntu94025', cpu_allocatable=<Quantity(24, 'dimensionless')>, memory_allocatable=<Quantity(65626416, 'Ki')>, cpu_requested=<Quantity(2.72, 'dimensionless')>, memory_requested=<Quantity(3570766848, 'dimensionless')>, cpu_limit=<Quantity(22.4, 'dimensionless')>, memory_limit=<Quantity(15637779456, 'dimensionless')>, vram_free=[11174.4375, 24264.6875], vram_total=[11178.5, 24268.3125])}
10-23-2021 14:12:45 ResourceWatchDog INFO     Fetching resource information of cluster...
10-23-2021 14:12:45 ResourceWatchDog INFO     {'ubuntu94025': Resource(node_name='ubuntu94025', cpu_allocatable=<Quantity(24, 'dimensionless')>, memory_allocatable=<Quantity(65626416, 'Ki')>, cpu_requested=<Quantity(2.72, 'dimensionless')>, memory_requested=<Quantity(3570766848, 'dimensionless')>, cpu_limit=<Quantity(22.4, 'dimensionless')>, memory_limit=<Quantity(15637779456, 'dimensionless')>, vram_free=[11174.4375, 24264.6875], vram_total=[11178.5, 24268.3125])}
10-23-2021 14:12:51 StyleGANExperimentGenerator INFO     Creating task for StyleGANInferenceJob
10
10-23-2021 14:12:53 ClusterManager INFO     Still alive...
10-23-2021 14:12:53 Orchestrator INFO     Scheduling arrival of Arrival: 3c7c85f4-73ea-43da-853a-1c36b53bada2
10-23-2021 14:12:53 Orchestrator INFO     Deploying on cluster: 3c7c85f4-73ea-43da-853a-1c36b53bada2
10-23-2021 14:12:54 ResourceWatchDog INFO     Fetching job finish times...
10-23-2021 14:12:54 ResourceWatchDog INFO     Fetching resource information of cluster...
10-23-2021 14:12:54 ResourceWatchDog INFO     {'ubuntu94025': Resource(node_name='ubuntu94025', cpu_allocatable=<Quantity(24, 'dimensionless')>, memory_allocatable=<Quantity(65626416, 'Ki')>, cpu_requested=<Quantity(2.72, 'dimensionless')>, memory_requested=<Quantity(3570766848, 'dimensionless')>, cpu_limit=<Quantity(22.4, 'dimensionless')>, memory_limit=<Quantity(15637779456, 'dimensionless')>, vram_free=[9063.4375, 24264.6875], vram_total=[11178.5, 24268.3125])}
10-23-2021 14:13:03 ClusterManager INFO     Still alive...
10-23-2021 14:13:04 ResourceWatchDog INFO     Fetching job finish times...
10-23-2021 14:13:04 ResourceWatchDog INFO     Fetching resource information of cluster...
10-23-2021 14:13:05 ResourceWatchDog INFO     {'ubuntu94025': Resource(node_name='ubuntu94025', cpu_allocatable=<Quantity(24, 'dimensionless')>, memory_allocatable=<Quantity(65626416, 'Ki')>, cpu_requested=<Quantity(2.72, 'dimensionless')>, memory_requested=<Quantity(3570766848, 'dimensionless')>, cpu_limit=<Quantity(22.4, 'dimensionless')>, memory_limit=<Quantity(15637779456, 'dimensionless')>, vram_free=[6929.4375, 24264.6875], vram_total=[11178.5, 24268.3125])}
10-23-2021 14:13:06 StyleGANExperimentGenerator INFO     Creating task for StyleGANInferenceJob
10
10-23-2021 14:13:08 Orchestrator INFO     Scheduling arrival of Arrival: efe0b2e0-c2c5-48b4-a4d6-0bb5a1e1f453
10-23-2021 14:13:08 Orchestrator INFO     Deploying on cluster: efe0b2e0-c2c5-48b4-a4d6-0bb5a1e1f453
10-23-2021 14:13:13 ClusterManager INFO     Still alive...
10-23-2021 14:13:15 ResourceWatchDog INFO     Fetching job finish times...
10-23-2021 14:13:15 ResourceWatchDog INFO     Fetching resource information of cluster...
10-23-2021 14:13:15 ResourceWatchDog INFO     {'ubuntu94025': Resource(node_name='ubuntu94025', cpu_allocatable=<Quantity(24, 'dimensionless')>, memory_allocatable=<Quantity(65626416, 'Ki')>, cpu_requested=<Quantity(2.72, 'dimensionless')>, memory_requested=<Quantity(3570766848, 'dimensionless')>, cpu_limit=<Quantity(22.4, 'dimensionless')>, memory_limit=<Quantity(15637779456, 'dimensionless')>, vram_free=[6190.4375, 24264.6875], vram_total=[11178.5, 24268.3125])}
10-23-2021 14:13:19 StyleGANExperimentGenerator INFO     Creating task for StyleGANInferenceJob
10
10-23-2021 14:13:23 ClusterManager INFO     Still alive...
10-23-2021 14:13:23 Orchestrator INFO     Scheduling arrival of Arrival: c56011fb-abc4-496a-8259-2195fb484a7d
10-23-2021 14:13:23 Orchestrator INFO     Deploying on cluster: c56011fb-abc4-496a-8259-2195fb484a7d
10-23-2021 14:13:25 ResourceWatchDog INFO     Fetching job finish times...
10-23-2021 14:13:25 ResourceWatchDog INFO     Fetching resource information of cluster...
10-23-2021 14:13:25 ResourceWatchDog INFO     {'ubuntu94025': Resource(node_name='ubuntu94025', cpu_allocatable=<Quantity(24, 'dimensionless')>, memory_allocatable=<Quantity(65626416, 'Ki')>, cpu_requested=<Quantity(2.72, 'dimensionless')>, memory_requested=<Quantity(3570766848, 'dimensionless')>, cpu_limit=<Quantity(22.4, 'dimensionless')>, memory_limit=<Quantity(15637779456, 'dimensionless')>, vram_free=[1406.4375, 24264.6875], vram_total=[11178.5, 24268.3125])}
10
10-23-2021 14:13:32 StyleGANExperimentGenerator INFO     Creating task for StyleGANInferenceJob
10-23-2021 14:13:33 ClusterManager INFO     Still alive...
10-23-2021 14:13:33 Orchestrator INFO     Scheduling arrival of Arrival: bf485bb6-18e8-4aaf-9540-6b3463e1d232
10-23-2021 14:13:33 Orchestrator INFO     Deploying on cluster: bf485bb6-18e8-4aaf-9540-6b3463e1d232
10-23-2021 14:13:35 ResourceWatchDog INFO     Fetching job finish times...
10-23-2021 14:13:36 ResourceWatchDog INFO     Fetching resource information of cluster...
10-23-2021 14:13:36 ResourceWatchDog INFO     {'ubuntu94025': Resource(node_name='ubuntu94025', cpu_allocatable=<Quantity(24, 'dimensionless')>, memory_allocatable=<Quantity(65626416, 'Ki')>, cpu_requested=<Quantity(2.72, 'dimensionless')>, memory_requested=<Quantity(3570766848, 'dimensionless')>, cpu_limit=<Quantity(22.4, 'dimensionless')>, memory_limit=<Quantity(15637779456, 'dimensionless')>, vram_free=[45.4375, 23333.6875], vram_total=[11178.5, 24268.3125])}
10-23-2021 14:13:42 StyleGANExperimentGenerator INFO     Creating task for StyleGANInferenceJob
10
10-23-2021 14:13:43 ClusterManager INFO     Still alive...
10-23-2021 14:13:43 Orchestrator INFO     Scheduling arrival of Arrival: 325bce09-c0bd-4760-b248-8f83538f147b
10-23-2021 14:13:43 Orchestrator INFO     Deploying on cluster: 325bce09-c0bd-4760-b248-8f83538f147b
10-23-2021 14:13:46 ResourceWatchDog INFO     Fetching resource information of cluster...
10-23-2021 14:13:46 ResourceWatchDog INFO     {'ubuntu94025': Resource(node_name='ubuntu94025', cpu_allocatable=<Quantity(24, 'dimensionless')>, memory_allocatable=<Quantity(65626416, 'Ki')>, cpu_requested=<Quantity(2.72, 'dimensionless')>, memory_requested=<Quantity(3570766848, 'dimensionless')>, cpu_limit=<Quantity(22.4, 'dimensionless')>, memory_limit=<Quantity(15637779456, 'dimensionless')>, vram_free=[71.4375, 22623.6875], vram_total=[11178.5, 24268.3125])}
10-23-2021 14:13:46 ResourceWatchDog INFO     Fetching job finish times...
10-23-2021 14:13:46 ResourceWatchDog INFO     Fetching resource information of cluster...
10-23-2021 14:13:46 ResourceWatchDog INFO     {'ubuntu94025': Resource(node_name='ubuntu94025', cpu_allocatable=<Quantity(24, 'dimensionless')>, memory_allocatable=<Quantity(65626416, 'Ki')>, cpu_requested=<Quantity(2.72, 'dimensionless')>, memory_requested=<Quantity(3570766848, 'dimensionless')>, cpu_limit=<Quantity(22.4, 'dimensionless')>, memory_limit=<Quantity(15637779456, 'dimensionless')>, vram_free=[4308.4375, 23947.6875], vram_total=[11178.5, 24268.3125])}
10-23-2021 14:13:50 StyleGANExperimentGenerator INFO     Creating task for StyleGANInferenceJob
10
10-23-2021 14:13:53 ClusterManager INFO     Still alive...
10-23-2021 14:13:53 Orchestrator INFO     Scheduling arrival of Arrival: a891eb72-d4ea-46a5-b744-7eac1dd38641
10-23-2021 14:13:53 Orchestrator INFO     Deploying on cluster: a891eb72-d4ea-46a5-b744-7eac1dd38641
10-23-2021 14:13:56 ResourceWatchDog INFO     Fetching job finish times...
10-23-2021 14:13:57 ResourceWatchDog INFO     Fetching resource information of cluster...
10-23-2021 14:13:57 ResourceWatchDog INFO     {'ubuntu94025': Resource(node_name='ubuntu94025', cpu_allocatable=<Quantity(24, 'dimensionless')>, memory_allocatable=<Quantity(65626416, 'Ki')>, cpu_requested=<Quantity(2.72, 'dimensionless')>, memory_requested=<Quantity(3570766848, 'dimensionless')>, cpu_limit=<Quantity(22.4, 'dimensionless')>, memory_limit=<Quantity(15637779456, 'dimensionless')>, vram_free=[11174.4375, 15465.6875], vram_total=[11178.5, 24268.3125])}
10-23-2021 14:14:03 ClusterManager INFO     Still alive...
10-23-2021 14:14:05 StyleGANExperimentGenerator INFO     Creating task for StyleGANInferenceJob
10
10-23-2021 14:14:07 ResourceWatchDog INFO     Fetching job finish times...
10-23-2021 14:14:07 ResourceWatchDog INFO     Fetching resource information of cluster...
10-23-2021 14:14:07 ResourceWatchDog INFO     {'ubuntu94025': Resource(node_name='ubuntu94025', cpu_allocatable=<Quantity(24, 'dimensionless')>, memory_allocatable=<Quantity(65626416, 'Ki')>, cpu_requested=<Quantity(2.72, 'dimensionless')>, memory_requested=<Quantity(3570766848, 'dimensionless')>, cpu_limit=<Quantity(22.4, 'dimensionless')>, memory_limit=<Quantity(15637779456, 'dimensionless')>, vram_free=[11174.4375, 12209.6875], vram_total=[11178.5, 24268.3125])}
10-23-2021 14:14:08 Orchestrator INFO     Scheduling arrival of Arrival: c2f42f66-c3f6-4211-902d-6ba5e6880a56
10-23-2021 14:14:08 Orchestrator INFO     Deploying on cluster: c2f42f66-c3f6-4211-902d-6ba5e6880a56
10-23-2021 14:14:13 ClusterManager INFO     Still alive...
10-23-2021 14:14:14 StyleGANExperimentGenerator INFO     Creating task for StyleGANInferenceJob
10
10-23-2021 14:14:17 ResourceWatchDog INFO     Fetching job finish times...
10-23-2021 14:14:17 ResourceWatchDog INFO     Fetching resource information of cluster...
10-23-2021 14:14:18 ResourceWatchDog INFO     {'ubuntu94025': Resource(node_name='ubuntu94025', cpu_allocatable=<Quantity(24, 'dimensionless')>, memory_allocatable=<Quantity(65626416, 'Ki')>, cpu_requested=<Quantity(2.72, 'dimensionless')>, memory_requested=<Quantity(3570766848, 'dimensionless')>, cpu_limit=<Quantity(22.4, 'dimensionless')>, memory_limit=<Quantity(15637779456, 'dimensionless')>, vram_free=[5959.4375, 7574.6875], vram_total=[11178.5, 24268.3125])}
10-23-2021 14:14:18 Orchestrator INFO     Scheduling arrival of Arrival: fb8d1bbc-c2f7-4107-82b6-a267d35536a7
10-23-2021 14:14:18 Orchestrator INFO     Deploying on cluster: fb8d1bbc-c2f7-4107-82b6-a267d35536a7
10-23-2021 14:14:21 StyleGANExperimentGenerator INFO     Creating task for StyleGANInferenceJob
10
10-23-2021 14:14:23 ClusterManager INFO     Still alive...
10-23-2021 14:14:23 Orchestrator INFO     Scheduling arrival of Arrival: 4be0c7a0-4fe1-428f-861f-e2bb04815c43
10-23-2021 14:14:23 Orchestrator INFO     Deploying on cluster: 4be0c7a0-4fe1-428f-861f-e2bb04815c43
10-23-2021 14:14:28 ResourceWatchDog INFO     Fetching job finish times...
10-23-2021 14:14:28 ResourceWatchDog INFO     Fetching resource information of cluster...
10-23-2021 14:14:28 ResourceWatchDog INFO     {'ubuntu94025': Resource(node_name='ubuntu94025', cpu_allocatable=<Quantity(24, 'dimensionless')>, memory_allocatable=<Quantity(65626416, 'Ki')>, cpu_requested=<Quantity(2.72, 'dimensionless')>, memory_requested=<Quantity(3570766848, 'dimensionless')>, cpu_limit=<Quantity(22.4, 'dimensionless')>, memory_limit=<Quantity(15637779456, 'dimensionless')>, vram_free=[11174.4375, 2646.6875], vram_total=[11178.5, 24268.3125])}
10-23-2021 14:14:29 StyleGANExperimentGenerator INFO     Creating task for StyleGANInferenceJob
10
10-23-2021 14:14:33 ClusterManager INFO     Still alive...
10-23-2021 14:14:33 Orchestrator INFO     Scheduling arrival of Arrival: 54ae4609-70c5-439f-a761-2e7c55485525
10-23-2021 14:14:33 Orchestrator INFO     Deploying on cluster: 54ae4609-70c5-439f-a761-2e7c55485525
10-23-2021 14:14:38 ResourceWatchDog INFO     Fetching job finish times...
10-23-2021 14:14:38 ResourceWatchDog INFO     Fetching resource information of cluster...
10-23-2021 14:14:38 ResourceWatchDog INFO     {'ubuntu94025': Resource(node_name='ubuntu94025', cpu_allocatable=<Quantity(24, 'dimensionless')>, memory_allocatable=<Quantity(65626416, 'Ki')>, cpu_requested=<Quantity(2.72, 'dimensionless')>, memory_requested=<Quantity(3570766848, 'dimensionless')>, cpu_limit=<Quantity(22.4, 'dimensionless')>, memory_limit=<Quantity(15637779456, 'dimensionless')>, vram_free=[10671.4375, 4565.6875], vram_total=[11178.5, 24268.3125])}
10-23-2021 14:14:42 StyleGANExperimentGenerator INFO     Creating task for StyleGANInferenceJob
10
10-23-2021 14:14:43 ClusterManager INFO     Still alive...
10-23-2021 14:14:43 Orchestrator INFO     Scheduling arrival of Arrival: 886ed2db-0a88-44ae-85c5-b8057fbe09af
10-23-2021 14:14:43 Orchestrator INFO     Deploying on cluster: 886ed2db-0a88-44ae-85c5-b8057fbe09af
10-23-2021 14:14:46 ResourceWatchDog INFO     Fetching resource information of cluster...
10-23-2021 14:14:46 ResourceWatchDog INFO     {'ubuntu94025': Resource(node_name='ubuntu94025', cpu_allocatable=<Quantity(24, 'dimensionless')>, memory_allocatable=<Quantity(65626416, 'Ki')>, cpu_requested=<Quantity(2.72, 'dimensionless')>, memory_requested=<Quantity(3570766848, 'dimensionless')>, cpu_limit=<Quantity(22.4, 'dimensionless')>, memory_limit=<Quantity(15637779456, 'dimensionless')>, vram_free=[6457.4375, 24264.6875], vram_total=[11178.5, 24268.3125])}
10-23-2021 14:14:48 ResourceWatchDog INFO     Fetching job finish times...
10-23-2021 14:14:49 ResourceWatchDog INFO     Fetching resource information of cluster...
10-23-2021 14:14:49 ResourceWatchDog INFO     {'ubuntu94025': Resource(node_name='ubuntu94025', cpu_allocatable=<Quantity(24, 'dimensionless')>, memory_allocatable=<Quantity(65626416, 'Ki')>, cpu_requested=<Quantity(2.72, 'dimensionless')>, memory_requested=<Quantity(3570766848, 'dimensionless')>, cpu_limit=<Quantity(22.4, 'dimensionless')>, memory_limit=<Quantity(15637779456, 'dimensionless')>, vram_free=[6457.4375, 23673.6875], vram_total=[11178.5, 24268.3125])}
10-23-2021 14:14:53 ClusterManager INFO     Still alive...
10-23-2021 14:14:57 StyleGANExperimentGenerator INFO     Creating task for StyleGANInferenceJob
10
10-23-2021 14:14:58 Orchestrator INFO     Scheduling arrival of Arrival: 8cb2c56d-8ed8-4688-ad35-21bbadad4218
10-23-2021 14:14:58 Orchestrator INFO     Deploying on cluster: 8cb2c56d-8ed8-4688-ad35-21bbadad4218
10-23-2021 14:14:59 ResourceWatchDog INFO     Fetching job finish times...
10-23-2021 14:14:59 ResourceWatchDog INFO     Fetching resource information of cluster...
10-23-2021 14:14:59 ResourceWatchDog INFO     {'ubuntu94025': Resource(node_name='ubuntu94025', cpu_allocatable=<Quantity(24, 'dimensionless')>, memory_allocatable=<Quantity(65626416, 'Ki')>, cpu_requested=<Quantity(2.72, 'dimensionless')>, memory_requested=<Quantity(3570766848, 'dimensionless')>, cpu_limit=<Quantity(22.4, 'dimensionless')>, memory_limit=<Quantity(15637779456, 'dimensionless')>, vram_free=[11174.4375, 24264.6875], vram_total=[11178.5, 24268.3125])}
10-23-2021 14:15:03 ClusterManager INFO     Still alive...
10-23-2021 14:15:05 StyleGANExperimentGenerator INFO     Creating task for StyleGANInferenceJob
10
10-23-2021 14:15:08 Orchestrator INFO     Scheduling arrival of Arrival: cbf034ef-93c2-4cf0-9edf-90b02326f0b1
10-23-2021 14:15:08 Orchestrator INFO     Deploying on cluster: cbf034ef-93c2-4cf0-9edf-90b02326f0b1
10-23-2021 14:15:09 ResourceWatchDog INFO     Fetching job finish times...
10-23-2021 14:15:10 ResourceWatchDog INFO     Fetching resource information of cluster...
10-23-2021 14:15:10 ResourceWatchDog INFO     {'ubuntu94025': Resource(node_name='ubuntu94025', cpu_allocatable=<Quantity(24, 'dimensionless')>, memory_allocatable=<Quantity(65626416, 'Ki')>, cpu_requested=<Quantity(2.72, 'dimensionless')>, memory_requested=<Quantity(3570766848, 'dimensionless')>, cpu_limit=<Quantity(22.4, 'dimensionless')>, memory_limit=<Quantity(15637779456, 'dimensionless')>, vram_free=[11174.4375, 21539.6875], vram_total=[11178.5, 24268.3125])}
10-23-2021 14:15:12 StyleGANExperimentGenerator INFO     Creating task for StyleGANInferenceJob
10
10-23-2021 14:15:13 ClusterManager INFO     Still alive...
10-23-2021 14:15:13 Orchestrator INFO     Scheduling arrival of Arrival: 0ed60614-d195-4e6b-a9a4-bea85f102f43
10-23-2021 14:15:13 Orchestrator INFO     Deploying on cluster: 0ed60614-d195-4e6b-a9a4-bea85f102f43
10-23-2021 14:15:20 ResourceWatchDog INFO     Fetching job finish times...
10-23-2021 14:15:20 ResourceWatchDog INFO     Fetching resource information of cluster...
10-23-2021 14:15:20 ResourceWatchDog INFO     {'ubuntu94025': Resource(node_name='ubuntu94025', cpu_allocatable=<Quantity(24, 'dimensionless')>, memory_allocatable=<Quantity(65626416, 'Ki')>, cpu_requested=<Quantity(2.72, 'dimensionless')>, memory_requested=<Quantity(3570766848, 'dimensionless')>, cpu_limit=<Quantity(22.4, 'dimensionless')>, memory_limit=<Quantity(15637779456, 'dimensionless')>, vram_free=[11174.4375, 4322.6875], vram_total=[11178.5, 24268.3125])}
10-23-2021 14:15:21 StyleGANExperimentGenerator INFO     Creating task for StyleGANInferenceJob
10
10-23-2021 14:15:23 ClusterManager INFO     Still alive...
10-23-2021 14:15:23 Orchestrator INFO     Scheduling arrival of Arrival: 1a1bd373-5111-444d-8063-41cae69587fd
10-23-2021 14:15:23 Orchestrator INFO     Deploying on cluster: 1a1bd373-5111-444d-8063-41cae69587fd
10-23-2021 14:15:27 StyleGANExperimentGenerator INFO     Creating task for StyleGANInferenceJob
10
10-23-2021 14:15:28 Orchestrator INFO     Scheduling arrival of Arrival: 0ce0fa7e-ad4a-4be4-9a55-d9b8c1f9c58c
10-23-2021 14:15:28 Orchestrator INFO     Deploying on cluster: 0ce0fa7e-ad4a-4be4-9a55-d9b8c1f9c58c
10-23-2021 14:15:30 ResourceWatchDog INFO     Fetching job finish times...
10-23-2021 14:15:31 ResourceWatchDog INFO     Fetching resource information of cluster...
10-23-2021 14:15:31 ResourceWatchDog INFO     {'ubuntu94025': Resource(node_name='ubuntu94025', cpu_allocatable=<Quantity(24, 'dimensionless')>, memory_allocatable=<Quantity(65626416, 'Ki')>, cpu_requested=<Quantity(2.72, 'dimensionless')>, memory_requested=<Quantity(3570766848, 'dimensionless')>, cpu_limit=<Quantity(22.4, 'dimensionless')>, memory_limit=<Quantity(15637779456, 'dimensionless')>, vram_free=[1255.4375, 24264.6875], vram_total=[11178.5, 24268.3125])}
10-23-2021 14:15:33 ClusterManager INFO     Still alive...
10-23-2021 14:15:41 ResourceWatchDog INFO     Fetching job finish times...
10-23-2021 14:15:41 ResourceWatchDog INFO     Fetching resource information of cluster...
10-23-2021 14:15:41 ResourceWatchDog INFO     {'ubuntu94025': Resource(node_name='ubuntu94025', cpu_allocatable=<Quantity(24, 'dimensionless')>, memory_allocatable=<Quantity(65626416, 'Ki')>, cpu_requested=<Quantity(2.72, 'dimensionless')>, memory_requested=<Quantity(3570766848, 'dimensionless')>, cpu_limit=<Quantity(22.4, 'dimensionless')>, memory_limit=<Quantity(15637779456, 'dimensionless')>, vram_free=[8777.4375, 3349.6875], vram_total=[11178.5, 24268.3125])}
10-23-2021 14:15:43 StyleGANExperimentGenerator INFO     Creating task for StyleGANInferenceJob
10
10-23-2021 14:15:43 ClusterManager INFO     Still alive...
10-23-2021 14:15:43 Orchestrator INFO     Scheduling arrival of Arrival: ca3c20df-744c-48dd-a2bf-b8c8eade5f4f
10-23-2021 14:15:43 Orchestrator INFO     Deploying on cluster: ca3c20df-744c-48dd-a2bf-b8c8eade5f4f
10-23-2021 14:15:47 ResourceWatchDog INFO     Fetching resource information of cluster...
10-23-2021 14:15:47 ResourceWatchDog INFO     {'ubuntu94025': Resource(node_name='ubuntu94025', cpu_allocatable=<Quantity(24, 'dimensionless')>, memory_allocatable=<Quantity(65626416, 'Ki')>, cpu_requested=<Quantity(2.72, 'dimensionless')>, memory_requested=<Quantity(3570766848, 'dimensionless')>, cpu_limit=<Quantity(22.4, 'dimensionless')>, memory_limit=<Quantity(15637779456, 'dimensionless')>, vram_free=[8777.4375, 24264.6875], vram_total=[11178.5, 24268.3125])}
10-23-2021 14:15:51 ResourceWatchDog INFO     Fetching job finish times...
10-23-2021 14:15:52 ResourceWatchDog INFO     Fetching resource information of cluster...
10-23-2021 14:15:52 ResourceWatchDog INFO     {'ubuntu94025': Resource(node_name='ubuntu94025', cpu_allocatable=<Quantity(24, 'dimensionless')>, memory_allocatable=<Quantity(65626416, 'Ki')>, cpu_requested=<Quantity(2.72, 'dimensionless')>, memory_requested=<Quantity(3570766848, 'dimensionless')>, cpu_limit=<Quantity(22.4, 'dimensionless')>, memory_limit=<Quantity(15637779456, 'dimensionless')>, vram_free=[8777.4375, 23589.6875], vram_total=[11178.5, 24268.3125])}
10-23-2021 14:15:53 StyleGANExperimentGenerator INFO     Creating task for StyleGANInferenceJob
10
10-23-2021 14:15:53 ClusterManager INFO     Still alive...
10-23-2021 14:15:53 Orchestrator INFO     Scheduling arrival of Arrival: 94029b7f-eec8-4f4f-8d84-cd1d4d8888b7
10-23-2021 14:15:54 Orchestrator INFO     Deploying on cluster: 94029b7f-eec8-4f4f-8d84-cd1d4d8888b7
10-23-2021 14:16:02 ResourceWatchDog INFO     Fetching job finish times...
10-23-2021 14:16:02 ResourceWatchDog INFO     Fetching resource information of cluster...
10-23-2021 14:16:02 ResourceWatchDog INFO     {'ubuntu94025': Resource(node_name='ubuntu94025', cpu_allocatable=<Quantity(24, 'dimensionless')>, memory_allocatable=<Quantity(65626416, 'Ki')>, cpu_requested=<Quantity(2.72, 'dimensionless')>, memory_requested=<Quantity(3570766848, 'dimensionless')>, cpu_limit=<Quantity(22.4, 'dimensionless')>, memory_limit=<Quantity(15637779456, 'dimensionless')>, vram_free=[1199.4375, 4567.6875], vram_total=[11178.5, 24268.3125])}
10-23-2021 14:16:03 ClusterManager INFO     Still alive...
10-23-2021 14:16:11 StyleGANExperimentGenerator INFO     Creating task for StyleGANInferenceJob
10
10-23-2021 14:16:12 ResourceWatchDog INFO     Fetching job finish times...
10-23-2021 14:16:12 ResourceWatchDog INFO     Fetching resource information of cluster...
10-23-2021 14:16:13 ResourceWatchDog INFO     {'ubuntu94025': Resource(node_name='ubuntu94025', cpu_allocatable=<Quantity(24, 'dimensionless')>, memory_allocatable=<Quantity(65626416, 'Ki')>, cpu_requested=<Quantity(2.72, 'dimensionless')>, memory_requested=<Quantity(3570766848, 'dimensionless')>, cpu_limit=<Quantity(22.4, 'dimensionless')>, memory_limit=<Quantity(15637779456, 'dimensionless')>, vram_free=[5955.4375, 24264.6875], vram_total=[11178.5, 24268.3125])}
10-23-2021 14:16:13 ClusterManager INFO     Still alive...
10-23-2021 14:16:14 Orchestrator INFO     Scheduling arrival of Arrival: 63b9b7ad-f61e-434d-b623-5d74ea5b0622
10-23-2021 14:16:14 Orchestrator INFO     Deploying on cluster: 63b9b7ad-f61e-434d-b623-5d74ea5b0622
10
10-23-2021 14:16:21 StyleGANExperimentGenerator INFO     Creating task for StyleGANInferenceJob
10-23-2021 14:16:23 ResourceWatchDog INFO     Fetching job finish times...
10-23-2021 14:16:23 ResourceWatchDog INFO     Fetching resource information of cluster...
10-23-2021 14:16:23 ResourceWatchDog INFO     {'ubuntu94025': Resource(node_name='ubuntu94025', cpu_allocatable=<Quantity(24, 'dimensionless')>, memory_allocatable=<Quantity(65626416, 'Ki')>, cpu_requested=<Quantity(2.72, 'dimensionless')>, memory_requested=<Quantity(3570766848, 'dimensionless')>, cpu_limit=<Quantity(22.4, 'dimensionless')>, memory_limit=<Quantity(15637779456, 'dimensionless')>, vram_free=[5955.4375, 21976.6875], vram_total=[11178.5, 24268.3125])}
10-23-2021 14:16:23 ClusterManager INFO     Still alive...
10-23-2021 14:16:24 Orchestrator INFO     Scheduling arrival of Arrival: e11e2eab-dfa0-441d-bdd0-154885c4d12b
10-23-2021 14:16:24 Orchestrator INFO     Deploying on cluster: e11e2eab-dfa0-441d-bdd0-154885c4d12b
10-23-2021 14:16:29 StyleGANExperimentGenerator INFO     Creating task for StyleGANInferenceJob
10
10-23-2021 14:16:33 ResourceWatchDog INFO     Fetching job finish times...
10-23-2021 14:16:33 ClusterManager INFO     Still alive...
10-23-2021 14:16:33 ResourceWatchDog INFO     Fetching resource information of cluster...
10-23-2021 14:16:33 ResourceWatchDog INFO     {'ubuntu94025': Resource(node_name='ubuntu94025', cpu_allocatable=<Quantity(24, 'dimensionless')>, memory_allocatable=<Quantity(65626416, 'Ki')>, cpu_requested=<Quantity(2.72, 'dimensionless')>, memory_requested=<Quantity(3570766848, 'dimensionless')>, cpu_limit=<Quantity(22.4, 'dimensionless')>, memory_limit=<Quantity(15637779456, 'dimensionless')>, vram_free=[11174.4375, 24264.6875], vram_total=[11178.5, 24268.3125])}
10-23-2021 14:16:34 Orchestrator INFO     Scheduling arrival of Arrival: a3f288ee-2f67-42d3-ba30-9007be7c4122
10-23-2021 14:16:34 Orchestrator INFO     Deploying on cluster: a3f288ee-2f67-42d3-ba30-9007be7c4122
10-23-2021 14:16:40 StyleGANExperimentGenerator INFO     Creating task for StyleGANInferenceJob
10
10-23-2021 14:16:43 StyleGANExperimentGenerator INFO     Creating task for StyleGANInferenceJob
10
10-23-2021 14:16:43 ClusterManager INFO     Still alive...
10-23-2021 14:16:43 ResourceWatchDog INFO     Fetching job finish times...
10-23-2021 14:16:44 Orchestrator INFO     Scheduling arrival of Arrival: 1d333fe9-f729-4223-b378-0fd6590f730b
10-23-2021 14:16:44 Orchestrator INFO     Deploying on cluster: 1d333fe9-f729-4223-b378-0fd6590f730b
10-23-2021 14:16:44 Orchestrator INFO     Scheduling arrival of Arrival: 0fc51989-9637-4165-8a12-8c91a0231f8d
10-23-2021 14:16:44 Orchestrator INFO     Deploying on cluster: 0fc51989-9637-4165-8a12-8c91a0231f8d
10-23-2021 14:16:44 ResourceWatchDog INFO     Fetching resource information of cluster...
10-23-2021 14:16:44 ResourceWatchDog INFO     {'ubuntu94025': Resource(node_name='ubuntu94025', cpu_allocatable=<Quantity(24, 'dimensionless')>, memory_allocatable=<Quantity(65626416, 'Ki')>, cpu_requested=<Quantity(2.72, 'dimensionless')>, memory_requested=<Quantity(3570766848, 'dimensionless')>, cpu_limit=<Quantity(22.4, 'dimensionless')>, memory_limit=<Quantity(15637779456, 'dimensionless')>, vram_free=[6459.4375, 24264.6875], vram_total=[11178.5, 24268.3125])}
10-23-2021 14:16:48 ResourceWatchDog INFO     Fetching resource information of cluster...
10-23-2021 14:16:48 ResourceWatchDog INFO     {'ubuntu94025': Resource(node_name='ubuntu94025', cpu_allocatable=<Quantity(24, 'dimensionless')>, memory_allocatable=<Quantity(65626416, 'Ki')>, cpu_requested=<Quantity(2.72, 'dimensionless')>, memory_requested=<Quantity(3570766848, 'dimensionless')>, cpu_limit=<Quantity(22.4, 'dimensionless')>, memory_limit=<Quantity(15637779456, 'dimensionless')>, vram_free=[6467.4375, 22623.6875], vram_total=[11178.5, 24268.3125])}
10-23-2021 14:16:53 ClusterManager INFO     Still alive...
10-23-2021 14:16:54 ResourceWatchDog INFO     Fetching job finish times...
10-23-2021 14:16:54 ResourceWatchDog INFO     Fetching resource information of cluster...
10-23-2021 14:16:55 ResourceWatchDog INFO     {'ubuntu94025': Resource(node_name='ubuntu94025', cpu_allocatable=<Quantity(24, 'dimensionless')>, memory_allocatable=<Quantity(65626416, 'Ki')>, cpu_requested=<Quantity(2.72, 'dimensionless')>, memory_requested=<Quantity(3570766848, 'dimensionless')>, cpu_limit=<Quantity(22.4, 'dimensionless')>, memory_limit=<Quantity(15637779456, 'dimensionless')>, vram_free=[2542.4375, 24264.6875], vram_total=[11178.5, 24268.3125])}
10-23-2021 14:16:58 StyleGANExperimentGenerator INFO     Creating task for StyleGANInferenceJob
10
10-23-2021 14:16:59 Orchestrator INFO     Scheduling arrival of Arrival: d6cda8da-d4a5-41c0-a408-960b054e7af4
10-23-2021 14:16:59 Orchestrator INFO     Deploying on cluster: d6cda8da-d4a5-41c0-a408-960b054e7af4
10-23-2021 14:17:03 ClusterManager INFO     Still alive...
10
10-23-2021 14:17:04 StyleGANExperimentGenerator INFO     Creating task for StyleGANInferenceJob
10-23-2021 14:17:05 ResourceWatchDog INFO     Fetching job finish times...
10-23-2021 14:17:05 ResourceWatchDog INFO     Fetching resource information of cluster...
10-23-2021 14:17:05 ResourceWatchDog INFO     {'ubuntu94025': Resource(node_name='ubuntu94025', cpu_allocatable=<Quantity(24, 'dimensionless')>, memory_allocatable=<Quantity(65626416, 'Ki')>, cpu_requested=<Quantity(2.72, 'dimensionless')>, memory_requested=<Quantity(3570766848, 'dimensionless')>, cpu_limit=<Quantity(22.4, 'dimensionless')>, memory_limit=<Quantity(15637779456, 'dimensionless')>, vram_free=[744.4375, 22684.6875], vram_total=[11178.5, 24268.3125])}
10-23-2021 14:17:09 Orchestrator INFO     Scheduling arrival of Arrival: 545352dd-a32b-4c43-8b12-eac0d5695c55
10-23-2021 14:17:09 Orchestrator INFO     Deploying on cluster: 545352dd-a32b-4c43-8b12-eac0d5695c55
10-23-2021 14:17:11 StyleGANExperimentGenerator INFO     Creating task for StyleGANInferenceJob
10
10-23-2021 14:17:13 ClusterManager INFO     Still alive...
10-23-2021 14:17:14 Orchestrator INFO     Scheduling arrival of Arrival: ddcb8b0f-c12f-4908-b798-50d41679c9b9
10-23-2021 14:17:14 Orchestrator INFO     Deploying on cluster: ddcb8b0f-c12f-4908-b798-50d41679c9b9
10-23-2021 14:17:15 ResourceWatchDog INFO     Fetching job finish times...
10-23-2021 14:17:15 ResourceWatchDog INFO     Fetching resource information of cluster...
10-23-2021 14:17:15 ResourceWatchDog INFO     {'ubuntu94025': Resource(node_name='ubuntu94025', cpu_allocatable=<Quantity(24, 'dimensionless')>, memory_allocatable=<Quantity(65626416, 'Ki')>, cpu_requested=<Quantity(2.72, 'dimensionless')>, memory_requested=<Quantity(3570766848, 'dimensionless')>, cpu_limit=<Quantity(22.4, 'dimensionless')>, memory_limit=<Quantity(15637779456, 'dimensionless')>, vram_free=[785.4375, 23279.6875], vram_total=[11178.5, 24268.3125])}
10
10-23-2021 14:17:20 StyleGANExperimentGenerator INFO     Creating task for StyleGANInferenceJob
10-23-2021 14:17:23 ClusterManager INFO     Still alive...
10-23-2021 14:17:24 Orchestrator INFO     Scheduling arrival of Arrival: 229e75a1-1fee-4493-a31e-94deea3d7ed4
10-23-2021 14:17:24 Orchestrator INFO     Deploying on cluster: 229e75a1-1fee-4493-a31e-94deea3d7ed4
10-23-2021 14:17:25 ResourceWatchDog INFO     Fetching job finish times...
10-23-2021 14:17:26 ResourceWatchDog INFO     Fetching resource information of cluster...
10-23-2021 14:17:26 ResourceWatchDog INFO     {'ubuntu94025': Resource(node_name='ubuntu94025', cpu_allocatable=<Quantity(24, 'dimensionless')>, memory_allocatable=<Quantity(65626416, 'Ki')>, cpu_requested=<Quantity(2.72, 'dimensionless')>, memory_requested=<Quantity(3570766848, 'dimensionless')>, cpu_limit=<Quantity(22.4, 'dimensionless')>, memory_limit=<Quantity(15637779456, 'dimensionless')>, vram_free=[2815.4375, 24264.6875], vram_total=[11178.5, 24268.3125])}
10
10-23-2021 14:17:31 StyleGANExperimentGenerator INFO     Creating task for StyleGANInferenceJob
10-23-2021 14:17:33 ClusterManager INFO     Still alive...
10-23-2021 14:17:34 Orchestrator INFO     Scheduling arrival of Arrival: 4201f50c-d252-48bc-aab7-ebd23262f708
10-23-2021 14:17:34 Orchestrator INFO     Deploying on cluster: 4201f50c-d252-48bc-aab7-ebd23262f708
10-23-2021 14:17:36 ResourceWatchDog INFO     Fetching job finish times...
10-23-2021 14:17:36 ResourceWatchDog INFO     Fetching resource information of cluster...
10-23-2021 14:17:36 ResourceWatchDog INFO     {'ubuntu94025': Resource(node_name='ubuntu94025', cpu_allocatable=<Quantity(24, 'dimensionless')>, memory_allocatable=<Quantity(65626416, 'Ki')>, cpu_requested=<Quantity(2.72, 'dimensionless')>, memory_requested=<Quantity(3570766848, 'dimensionless')>, cpu_limit=<Quantity(22.4, 'dimensionless')>, memory_limit=<Quantity(15637779456, 'dimensionless')>, vram_free=[3029.4375, 24264.6875], vram_total=[11178.5, 24268.3125])}
10
10-23-2021 14:17:39 StyleGANExperimentGenerator INFO     Creating task for StyleGANInferenceJob
10-23-2021 14:17:43 StyleGANExperimentGenerator INFO     Stopped execution at: 1634998663.2627845, duration: 600.2020263671875/600
10-23-2021 14:17:43 ClusterManager INFO     Still alive...
10-23-2021 14:17:44 Orchestrator INFO     Received stop signal for the Orchestrator. Waiting 2 minutes for jobs to finish
10-23-2021 14:17:46 ResourceWatchDog INFO     Fetching job finish times...
10-23-2021 14:17:47 ResourceWatchDog INFO     Fetching resource information of cluster...
10-23-2021 14:17:47 ResourceWatchDog INFO     {'ubuntu94025': Resource(node_name='ubuntu94025', cpu_allocatable=<Quantity(24, 'dimensionless')>, memory_allocatable=<Quantity(65626416, 'Ki')>, cpu_requested=<Quantity(2.72, 'dimensionless')>, memory_requested=<Quantity(3570766848, 'dimensionless')>, cpu_limit=<Quantity(22.4, 'dimensionless')>, memory_limit=<Quantity(15637779456, 'dimensionless')>, vram_free=[681.4375, 18892.6875], vram_total=[11178.5, 24268.3125])}
10-23-2021 14:17:49 ResourceWatchDog INFO     Fetching resource information of cluster...
10-23-2021 14:17:49 ResourceWatchDog INFO     {'ubuntu94025': Resource(node_name='ubuntu94025', cpu_allocatable=<Quantity(24, 'dimensionless')>, memory_allocatable=<Quantity(65626416, 'Ki')>, cpu_requested=<Quantity(2.72, 'dimensionless')>, memory_requested=<Quantity(3570766848, 'dimensionless')>, cpu_limit=<Quantity(22.4, 'dimensionless')>, memory_limit=<Quantity(15637779456, 'dimensionless')>, vram_free=[681.4375, 18196.6875], vram_total=[11178.5, 24268.3125])}
10-23-2021 14:17:53 ClusterManager INFO     Still alive...
10-23-2021 14:17:57 ResourceWatchDog INFO     Fetching job finish times...
10-23-2021 14:17:57 ResourceWatchDog INFO     Fetching resource information of cluster...
10-23-2021 14:17:58 ResourceWatchDog INFO     {'ubuntu94025': Resource(node_name='ubuntu94025', cpu_allocatable=<Quantity(24, 'dimensionless')>, memory_allocatable=<Quantity(65626416, 'Ki')>, cpu_requested=<Quantity(2.72, 'dimensionless')>, memory_requested=<Quantity(3570766848, 'dimensionless')>, cpu_limit=<Quantity(22.4, 'dimensionless')>, memory_limit=<Quantity(15637779456, 'dimensionless')>, vram_free=[8119.4375, 23727.6875], vram_total=[11178.5, 24268.3125])}
10-23-2021 14:18:03 ClusterManager INFO     Still alive...
10-23-2021 14:18:08 ResourceWatchDog INFO     Fetching job finish times...
10-23-2021 14:18:08 ResourceWatchDog INFO     Fetching resource information of cluster...
10-23-2021 14:18:08 ResourceWatchDog INFO     {'ubuntu94025': Resource(node_name='ubuntu94025', cpu_allocatable=<Quantity(24, 'dimensionless')>, memory_allocatable=<Quantity(65626416, 'Ki')>, cpu_requested=<Quantity(2.72, 'dimensionless')>, memory_requested=<Quantity(3570766848, 'dimensionless')>, cpu_limit=<Quantity(22.4, 'dimensionless')>, memory_limit=<Quantity(15637779456, 'dimensionless')>, vram_free=[2398.4375, 24264.6875], vram_total=[11178.5, 24268.3125])}
10-23-2021 14:18:13 ClusterManager INFO     Still alive...
10-23-2021 14:18:18 ResourceWatchDog INFO     Fetching job finish times...
10-23-2021 14:18:18 ResourceWatchDog INFO     Fetching resource information of cluster...
10-23-2021 14:18:18 ResourceWatchDog INFO     {'ubuntu94025': Resource(node_name='ubuntu94025', cpu_allocatable=<Quantity(24, 'dimensionless')>, memory_allocatable=<Quantity(65626416, 'Ki')>, cpu_requested=<Quantity(2.72, 'dimensionless')>, memory_requested=<Quantity(3570766848, 'dimensionless')>, cpu_limit=<Quantity(22.4, 'dimensionless')>, memory_limit=<Quantity(15637779456, 'dimensionless')>, vram_free=[2466.4375, 24264.6875], vram_total=[11178.5, 24268.3125])}
10-23-2021 14:18:23 ClusterManager INFO     Still alive...
10-23-2021 14:18:28 ResourceWatchDog INFO     Fetching job finish times...
10-23-2021 14:18:29 ResourceWatchDog INFO     Fetching resource information of cluster...
10-23-2021 14:18:29 ResourceWatchDog INFO     {'ubuntu94025': Resource(node_name='ubuntu94025', cpu_allocatable=<Quantity(24, 'dimensionless')>, memory_allocatable=<Quantity(65626416, 'Ki')>, cpu_requested=<Quantity(2.72, 'dimensionless')>, memory_requested=<Quantity(3570766848, 'dimensionless')>, cpu_limit=<Quantity(22.4, 'dimensionless')>, memory_limit=<Quantity(15637779456, 'dimensionless')>, vram_free=[2466.4375, 24264.6875], vram_total=[11178.5, 24268.3125])}
10-23-2021 14:18:33 ClusterManager INFO     Still alive...
10-23-2021 14:18:39 ResourceWatchDog INFO     Fetching job finish times...
10-23-2021 14:18:39 ResourceWatchDog INFO     Fetching resource information of cluster...
10-23-2021 14:18:39 ResourceWatchDog INFO     {'ubuntu94025': Resource(node_name='ubuntu94025', cpu_allocatable=<Quantity(24, 'dimensionless')>, memory_allocatable=<Quantity(65626416, 'Ki')>, cpu_requested=<Quantity(2.72, 'dimensionless')>, memory_requested=<Quantity(3570766848, 'dimensionless')>, cpu_limit=<Quantity(22.4, 'dimensionless')>, memory_limit=<Quantity(15637779456, 'dimensionless')>, vram_free=[11174.4375, 24264.6875], vram_total=[11178.5, 24268.3125])}
10-23-2021 14:18:43 ClusterManager INFO     Still alive...
10-23-2021 14:18:49 ResourceWatchDog INFO     Fetching resource information of cluster...
10-23-2021 14:18:49 ResourceWatchDog INFO     {'ubuntu94025': Resource(node_name='ubuntu94025', cpu_allocatable=<Quantity(24, 'dimensionless')>, memory_allocatable=<Quantity(65626416, 'Ki')>, cpu_requested=<Quantity(2.72, 'dimensionless')>, memory_requested=<Quantity(3570766848, 'dimensionless')>, cpu_limit=<Quantity(22.4, 'dimensionless')>, memory_limit=<Quantity(15637779456, 'dimensionless')>, vram_free=[11174.4375, 24264.6875], vram_total=[11178.5, 24268.3125])}
10-23-2021 14:18:49 ResourceWatchDog INFO     Fetching job finish times...
10-23-2021 14:18:50 ResourceWatchDog INFO     Fetching resource information of cluster...
10-23-2021 14:18:50 ResourceWatchDog INFO     {'ubuntu94025': Resource(node_name='ubuntu94025', cpu_allocatable=<Quantity(24, 'dimensionless')>, memory_allocatable=<Quantity(65626416, 'Ki')>, cpu_requested=<Quantity(2.72, 'dimensionless')>, memory_requested=<Quantity(3570766848, 'dimensionless')>, cpu_limit=<Quantity(22.4, 'dimensionless')>, memory_limit=<Quantity(15637779456, 'dimensionless')>, vram_free=[11174.4375, 24264.6875], vram_total=[11178.5, 24268.3125])}
10-23-2021 14:18:53 ClusterManager INFO     Still alive...
10-23-2021 14:19:00 ResourceWatchDog INFO     Fetching job finish times...
10-23-2021 14:19:00 ResourceWatchDog INFO     Fetching resource information of cluster...
10-23-2021 14:19:00 ResourceWatchDog INFO     {'ubuntu94025': Resource(node_name='ubuntu94025', cpu_allocatable=<Quantity(24, 'dimensionless')>, memory_allocatable=<Quantity(65626416, 'Ki')>, cpu_requested=<Quantity(2.72, 'dimensionless')>, memory_requested=<Quantity(3570766848, 'dimensionless')>, cpu_limit=<Quantity(22.4, 'dimensionless')>, memory_limit=<Quantity(15637779456, 'dimensionless')>, vram_free=[11174.4375, 24264.6875], vram_total=[11178.5, 24268.3125])}
10-23-2021 14:19:03 ClusterManager INFO     Still alive...
10-23-2021 14:19:10 ResourceWatchDog INFO     Fetching job finish times...
10-23-2021 14:19:11 ResourceWatchDog INFO     Fetching resource information of cluster...
10-23-2021 14:19:11 ResourceWatchDog INFO     {'ubuntu94025': Resource(node_name='ubuntu94025', cpu_allocatable=<Quantity(24, 'dimensionless')>, memory_allocatable=<Quantity(65626416, 'Ki')>, cpu_requested=<Quantity(2.72, 'dimensionless')>, memory_requested=<Quantity(3570766848, 'dimensionless')>, cpu_limit=<Quantity(22.4, 'dimensionless')>, memory_limit=<Quantity(15637779456, 'dimensionless')>, vram_free=[11174.4375, 24264.6875], vram_total=[11178.5, 24268.3125])}
10-23-2021 14:19:13 ClusterManager INFO     Still alive...
10-23-2021 14:19:21 ResourceWatchDog INFO     Fetching job finish times...
10-23-2021 14:19:21 ResourceWatchDog INFO     Fetching resource information of cluster...
10-23-2021 14:19:21 ResourceWatchDog INFO     {'ubuntu94025': Resource(node_name='ubuntu94025', cpu_allocatable=<Quantity(24, 'dimensionless')>, memory_allocatable=<Quantity(65626416, 'Ki')>, cpu_requested=<Quantity(2.72, 'dimensionless')>, memory_requested=<Quantity(3570766848, 'dimensionless')>, cpu_limit=<Quantity(22.4, 'dimensionless')>, memory_limit=<Quantity(15637779456, 'dimensionless')>, vram_free=[11174.4375, 24264.6875], vram_total=[11178.5, 24268.3125])}
10-23-2021 14:19:23 ClusterManager INFO     Still alive...
10-23-2021 14:19:31 ResourceWatchDog INFO     Fetching job finish times...
10-23-2021 14:19:31 ResourceWatchDog INFO     Fetching resource information of cluster...
10-23-2021 14:19:32 ResourceWatchDog INFO     {'ubuntu94025': Resource(node_name='ubuntu94025', cpu_allocatable=<Quantity(24, 'dimensionless')>, memory_allocatable=<Quantity(65626416, 'Ki')>, cpu_requested=<Quantity(2.72, 'dimensionless')>, memory_requested=<Quantity(3570766848, 'dimensionless')>, cpu_limit=<Quantity(22.4, 'dimensionless')>, memory_limit=<Quantity(15637779456, 'dimensionless')>, vram_free=[11174.4375, 24264.6875], vram_total=[11178.5, 24268.3125])}
10-23-2021 14:19:33 ClusterManager INFO     Still alive...
10-23-2021 14:19:42 ResourceWatchDog INFO     Fetching job finish times...
10-23-2021 14:19:42 ResourceWatchDog INFO     Fetching resource information of cluster...
10-23-2021 14:19:42 ResourceWatchDog INFO     {'ubuntu94025': Resource(node_name='ubuntu94025', cpu_allocatable=<Quantity(24, 'dimensionless')>, memory_allocatable=<Quantity(65626416, 'Ki')>, cpu_requested=<Quantity(2.72, 'dimensionless')>, memory_requested=<Quantity(3570766848, 'dimensionless')>, cpu_limit=<Quantity(22.4, 'dimensionless')>, memory_limit=<Quantity(15637779456, 'dimensionless')>, vram_free=[11174.4375, 24264.6875], vram_total=[11178.5, 24268.3125])}
10-23-2021 14:19:43 ClusterManager INFO     Still alive...




task_info {UUID('c122e616-5a01-48d5-bdaf-00e84f1472df'): ('swa', 512, 'interpolation', 800, 'cuda:1', 8, 1), UUID('b43a6ad5-5c0f-41e0-b2a9-d636b124657f'): ('style2', 1024, 'interpolation', 400, 'cuda:0', 8, 1), UUID('a1614b85-9abc-47ee-a4a6-1e2d3fd1b518'): ('mobile', 1024, 'random', 200, 'cuda:1', 8, 1), UUID('aa337bea-6e88-4a37-b564-4b2cfacbb8b7'): ('stylemap', 256, 'random', 400, 'cuda:0', 8, 1), UUID('5e5d089a-44eb-468c-8bc0-10f6b50828e8'): ('style1', 256, 'interpolation', 200, 'cuda:0', 8, 1), UUID('9bdffa4e-783d-4f57-9d32-042d23a444d6'): ('stylemap', 512, 'random', 100, 'cuda:0', 8, 1), UUID('1e1fa3e5-49c4-4ea4-9001-3be009f683e7'): ('stylemap', 512, 'random', 200, 'cuda:0', 8, 1), UUID('a191f30b-96b9-4a66-b92c-eca077e92598'): ('stylemap', 512, 'random', 800, 'cuda:1', 8, 1), UUID('54c9b0c3-bbd6-482a-9287-d5f7d332c079'): ('swa', 512, 'random', 200, 'cuda:0', 8, 1), UUID('5fd607c4-7894-42ca-ae00-2611d2abde90'): ('anycost', 256, 'interpolation', 100, 'cuda:0', 8, 1), UUID('925a1cf6-b951-473c-a044-014baa45efcc'): ('stylemap', 256, 'interpolation', 100, 'cuda:0', 8, 1), UUID('33d7e472-bbd2-4b51-b1ff-20f98e3b623d'): ('style2ada', 512, 'interpolation', 400, 'cuda:1', 8, 1), UUID('19834592-95c0-4127-8e7a-f5f80bdbc06a'): ('style1', 256, 'interpolation', 800, 'cuda:0', 8, 1), UUID('2cf3bd2b-ca3b-442a-aa78-e50e86be6556'): ('swa', 512, 'random', 400, 'cuda:0', 8, 1), UUID('0c314ca7-f577-4f34-9574-30dce3cd5c04'): ('swa', 256, 'interpolation', 200, 'cuda:1', 8, 1), UUID('f4e7eadb-963b-4b7b-bb15-71c23bc0781f'): ('style2', 256, 'interpolation', 200, 'cuda:0', 8, 1), UUID('94242b59-9023-434c-b99c-7f586516bbb3'): ('style2ada', 256, 'random', 400, 'cuda:0', 8, 1), UUID('d415f6c0-a1d9-4fb2-b990-ea9020e12508'): ('anycost', 256, 'random', 400, 'cuda:1', 8, 1), UUID('bace6480-534c-42bf-b6a9-c6d527f03a37'): ('anycost', 512, 'interpolation', 200, 'cuda:1', 8, 1), UUID('2e826362-0aa9-4b5a-9417-bdcf5e87ce6e'): ('mobile', 1024, 'interpolation', 400, 'cuda:0', 8, 1), UUID('7ee4e144-08cc-4f57-b661-612072d6ed0a'): ('swa', 256, 'interpolation', 200, 'cuda:1', 8, 1), UUID('ffafbc7c-e60d-4987-929c-25627810dbc3'): ('mobile', 512, 'interpolation', 200, 'cuda:1', 8, 1), UUID('193d2bea-d853-414d-bdc5-af52a008a469'): ('style2ada', 256, 'interpolation', 100, 'cuda:0', 8, 1), UUID('7365d9be-8a41-41eb-a94e-ccce1be7f943'): ('style2ada', 1024, 'interpolation', 100, 'cuda:0', 8, 1), UUID('cfbc3d3a-6527-4f7a-80ba-722568fd0d37'): ('style1', 512, 'random', 100, 'cuda:0', 8, 1), UUID('923d0459-a66d-45f1-bb4c-f1fd6c029d10'): ('style2ada', 512, 'random', 200, 'cuda:1', 8, 1), UUID('fcf2ffd8-889d-4293-a09f-c7ec93d3faf1'): ('style2ada', 512, 'random', 400, 'cuda:1', 8, 1), UUID('4c74c534-fada-4c3a-9bc7-6a5238acd8f9'): ('style1', 256, 'random', 800, 'cuda:0', 8, 1), UUID('b065deec-3e6e-4978-8f6b-8667e1160d3d'): ('stylemap', 256, 'random', 200, 'cuda:1', 8, 1), UUID('8f673e0e-6b4b-49b5-8a84-b70f48e08167'): ('style2ada', 512, 'random', 100, 'cuda:0', 8, 1), UUID('c247f222-b637-4750-8d9a-ca59e4229c44'): ('style1', 512, 'interpolation', 100, 'cuda:0', 8, 1), UUID('5964cc33-82f2-40bc-9cb0-5b8cc17329cb'): ('style1', 512, 'interpolation', 800, 'cuda:1', 8, 1), UUID('3c7c85f4-73ea-43da-853a-1c36b53bada2'): ('mobile', 1024, 'random', 800, 'cuda:1', 8, 1), UUID('efe0b2e0-c2c5-48b4-a4d6-0bb5a1e1f453'): ('style2', 512, 'interpolation', 400, 'cuda:1', 8, 1), UUID('c56011fb-abc4-496a-8259-2195fb484a7d'): ('style2', 256, 'random', 400, 'cuda:1', 8, 1), UUID('bf485bb6-18e8-4aaf-9540-6b3463e1d232'): ('style2ada', 256, 'interpolation', 100, 'cuda:0', 8, 1), UUID('325bce09-c0bd-4760-b248-8f83538f147b'): ('swa', 512, 'random', 800, 'cuda:0', 8, 1), UUID('a891eb72-d4ea-46a5-b744-7eac1dd38641'): ('stylemap', 1024, 'random', 200, 'cuda:0', 8, 1), UUID('c2f42f66-c3f6-4211-902d-6ba5e6880a56'): ('style2ada', 256, 'interpolation', 400, 'cuda:0', 8, 1), UUID('fb8d1bbc-c2f7-4107-82b6-a267d35536a7'): ('anycost', 256, 'random', 200, 'cuda:0', 8, 1), UUID('4be0c7a0-4fe1-428f-861f-e2bb04815c43'): ('style2', 512, 'interpolation', 100, 'cuda:0', 8, 1), UUID('54ae4609-70c5-439f-a761-2e7c55485525'): ('style2ada', 256, 'random', 400, 'cuda:1', 8, 1), UUID('886ed2db-0a88-44ae-85c5-b8057fbe09af'): ('style1', 256, 'interpolation', 100, 'cuda:0', 8, 1), UUID('8cb2c56d-8ed8-4688-ad35-21bbadad4218'): ('swa', 256, 'random', 200, 'cuda:0', 8, 1), UUID('cbf034ef-93c2-4cf0-9edf-90b02326f0b1'): ('anycost', 1024, 'interpolation', 200, 'cuda:0', 8, 1), UUID('0ed60614-d195-4e6b-a9a4-bea85f102f43'): ('stylemap', 256, 'interpolation', 200, 'cuda:0', 8, 1), UUID('1a1bd373-5111-444d-8063-41cae69587fd'): ('swa', 512, 'interpolation', 800, 'cuda:1', 8, 1), UUID('0ce0fa7e-ad4a-4be4-9a55-d9b8c1f9c58c'): ('mobile', 256, 'interpolation', 400, 'cuda:0', 8, 1), UUID('ca3c20df-744c-48dd-a2bf-b8c8eade5f4f'): ('anycost', 256, 'random', 800, 'cuda:0', 8, 1), UUID('94029b7f-eec8-4f4f-8d84-cd1d4d8888b7'): ('style2', 512, 'random', 400, 'cuda:1', 8, 1), UUID('63b9b7ad-f61e-434d-b623-5d74ea5b0622'): ('mobile', 512, 'interpolation', 100, 'cuda:0', 8, 1), UUID('e11e2eab-dfa0-441d-bdd0-154885c4d12b'): ('mobile', 256, 'random', 200, 'cuda:0', 8, 1), UUID('a3f288ee-2f67-42d3-ba30-9007be7c4122'): ('style2ada', 256, 'random', 200, 'cuda:1', 8, 1), UUID('0fc51989-9637-4165-8a12-8c91a0231f8d'): ('style2', 1024, 'random', 100, 'cuda:1', 8, 1), UUID('d6cda8da-d4a5-41c0-a408-960b054e7af4'): ('stylemap', 256, 'interpolation', 200, 'cuda:0', 8, 1), UUID('545352dd-a32b-4c43-8b12-eac0d5695c55'): ('anycost', 256, 'interpolation', 800, 'cuda:1', 8, 1), UUID('ddcb8b0f-c12f-4908-b798-50d41679c9b9'): ('mobile', 1024, 'interpolation', 400, 'cuda:1', 8, 1), UUID('229e75a1-1fee-4493-a31e-94deea3d7ed4'): ('style2ada', 512, 'random', 400, 'cuda:1', 8, 1), UUID('4201f50c-d252-48bc-aab7-ebd23262f708'): ('swa', 1024, 'interpolation', 200, 'cuda:0', 8, 1)}
arrival_times {UUID('c122e616-5a01-48d5-bdaf-00e84f1472df'): datetime.datetime(2021, 10, 23, 14, 7, 58, 92774), UUID('b43a6ad5-5c0f-41e0-b2a9-d636b124657f'): datetime.datetime(2021, 10, 23, 14, 8, 3, 106841), UUID('a1614b85-9abc-47ee-a4a6-1e2d3fd1b518'): datetime.datetime(2021, 10, 23, 14, 8, 13, 122785), UUID('aa337bea-6e88-4a37-b564-4b2cfacbb8b7'): datetime.datetime(2021, 10, 23, 14, 8, 28, 146847), UUID('5e5d089a-44eb-468c-8bc0-10f6b50828e8'): datetime.datetime(2021, 10, 23, 14, 8, 33, 161131), UUID('9bdffa4e-783d-4f57-9d32-042d23a444d6'): datetime.datetime(2021, 10, 23, 14, 8, 43, 175111), UUID('1e1fa3e5-49c4-4ea4-9001-3be009f683e7'): datetime.datetime(2021, 10, 23, 14, 8, 53, 190840), UUID('a191f30b-96b9-4a66-b92c-eca077e92598'): datetime.datetime(2021, 10, 23, 14, 9, 3, 226844), UUID('54c9b0c3-bbd6-482a-9287-d5f7d332c079'): datetime.datetime(2021, 10, 23, 14, 9, 8, 238835), UUID('5fd607c4-7894-42ca-ae00-2611d2abde90'): datetime.datetime(2021, 10, 23, 14, 9, 18, 254789), UUID('925a1cf6-b951-473c-a044-014baa45efcc'): datetime.datetime(2021, 10, 23, 14, 9, 28, 266836), UUID('33d7e472-bbd2-4b51-b1ff-20f98e3b623d'): datetime.datetime(2021, 10, 23, 14, 9, 38, 286966), UUID('19834592-95c0-4127-8e7a-f5f80bdbc06a'): datetime.datetime(2021, 10, 23, 14, 9, 48, 310841), UUID('2cf3bd2b-ca3b-442a-aa78-e50e86be6556'): datetime.datetime(2021, 10, 23, 14, 9, 58, 326801), UUID('0c314ca7-f577-4f34-9574-30dce3cd5c04'): datetime.datetime(2021, 10, 23, 14, 10, 8, 346869), UUID('f4e7eadb-963b-4b7b-bb15-71c23bc0781f'): datetime.datetime(2021, 10, 23, 14, 10, 13, 362819), UUID('94242b59-9023-434c-b99c-7f586516bbb3'): datetime.datetime(2021, 10, 23, 14, 10, 23, 374991), UUID('d415f6c0-a1d9-4fb2-b990-ea9020e12508'): datetime.datetime(2021, 10, 23, 14, 10, 28, 393184), UUID('bace6480-534c-42bf-b6a9-c6d527f03a37'): datetime.datetime(2021, 10, 23, 14, 10, 38, 432785), UUID('2e826362-0aa9-4b5a-9417-bdcf5e87ce6e'): datetime.datetime(2021, 10, 23, 14, 10, 43, 450813), UUID('7ee4e144-08cc-4f57-b661-612072d6ed0a'): datetime.datetime(2021, 10, 23, 14, 10, 48, 459629), UUID('ffafbc7c-e60d-4987-929c-25627810dbc3'): datetime.datetime(2021, 10, 23, 14, 10, 58, 474998), UUID('193d2bea-d853-414d-bdc5-af52a008a469'): datetime.datetime(2021, 10, 23, 14, 11, 8, 494852), UUID('7365d9be-8a41-41eb-a94e-ccce1be7f943'): datetime.datetime(2021, 10, 23, 14, 11, 18, 514840), UUID('cfbc3d3a-6527-4f7a-80ba-722568fd0d37'): datetime.datetime(2021, 10, 23, 14, 11, 23, 526845), UUID('923d0459-a66d-45f1-bb4c-f1fd6c029d10'): datetime.datetime(2021, 10, 23, 14, 11, 38, 547875), UUID('fcf2ffd8-889d-4293-a09f-c7ec93d3faf1'): datetime.datetime(2021, 10, 23, 14, 11, 48, 570816), UUID('4c74c534-fada-4c3a-9bc7-6a5238acd8f9'): datetime.datetime(2021, 10, 23, 14, 12, 3, 590819), UUID('b065deec-3e6e-4978-8f6b-8667e1160d3d'): datetime.datetime(2021, 10, 23, 14, 12, 13, 607083), UUID('8f673e0e-6b4b-49b5-8a84-b70f48e08167'): datetime.datetime(2021, 10, 23, 14, 12, 23, 625349), UUID('c247f222-b637-4750-8d9a-ca59e4229c44'): datetime.datetime(2021, 10, 23, 14, 12, 33, 647935), UUID('5964cc33-82f2-40bc-9cb0-5b8cc17329cb'): datetime.datetime(2021, 10, 23, 14, 12, 43, 678843), UUID('3c7c85f4-73ea-43da-853a-1c36b53bada2'): datetime.datetime(2021, 10, 23, 14, 12, 53, 694956), UUID('efe0b2e0-c2c5-48b4-a4d6-0bb5a1e1f453'): datetime.datetime(2021, 10, 23, 14, 13, 8, 714817), UUID('c56011fb-abc4-496a-8259-2195fb484a7d'): datetime.datetime(2021, 10, 23, 14, 13, 23, 736058), UUID('bf485bb6-18e8-4aaf-9540-6b3463e1d232'): datetime.datetime(2021, 10, 23, 14, 13, 33, 756149), UUID('325bce09-c0bd-4760-b248-8f83538f147b'): datetime.datetime(2021, 10, 23, 14, 13, 43, 772139), UUID('a891eb72-d4ea-46a5-b744-7eac1dd38641'): datetime.datetime(2021, 10, 23, 14, 13, 53, 786836), UUID('c2f42f66-c3f6-4211-902d-6ba5e6880a56'): datetime.datetime(2021, 10, 23, 14, 14, 8, 806833), UUID('fb8d1bbc-c2f7-4107-82b6-a267d35536a7'): datetime.datetime(2021, 10, 23, 14, 14, 18, 826805), UUID('4be0c7a0-4fe1-428f-861f-e2bb04815c43'): datetime.datetime(2021, 10, 23, 14, 14, 23, 836327), UUID('54ae4609-70c5-439f-a761-2e7c55485525'): datetime.datetime(2021, 10, 23, 14, 14, 33, 851280), UUID('886ed2db-0a88-44ae-85c5-b8057fbe09af'): datetime.datetime(2021, 10, 23, 14, 14, 43, 871879), UUID('8cb2c56d-8ed8-4688-ad35-21bbadad4218'): datetime.datetime(2021, 10, 23, 14, 14, 58, 890828), UUID('cbf034ef-93c2-4cf0-9edf-90b02326f0b1'): datetime.datetime(2021, 10, 23, 14, 15, 8, 910845), UUID('0ed60614-d195-4e6b-a9a4-bea85f102f43'): datetime.datetime(2021, 10, 23, 14, 15, 13, 925032), UUID('1a1bd373-5111-444d-8063-41cae69587fd'): datetime.datetime(2021, 10, 23, 14, 15, 23, 947909), UUID('0ce0fa7e-ad4a-4be4-9a55-d9b8c1f9c58c'): datetime.datetime(2021, 10, 23, 14, 15, 28, 958875), UUID('ca3c20df-744c-48dd-a2bf-b8c8eade5f4f'): datetime.datetime(2021, 10, 23, 14, 15, 43, 982895), UUID('94029b7f-eec8-4f4f-8d84-cd1d4d8888b7'): datetime.datetime(2021, 10, 23, 14, 15, 53, 999417), UUID('63b9b7ad-f61e-434d-b623-5d74ea5b0622'): datetime.datetime(2021, 10, 23, 14, 16, 14, 22858), UUID('e11e2eab-dfa0-441d-bdd0-154885c4d12b'): datetime.datetime(2021, 10, 23, 14, 16, 24, 40900), UUID('a3f288ee-2f67-42d3-ba30-9007be7c4122'): datetime.datetime(2021, 10, 23, 14, 16, 34, 58840), UUID('1d333fe9-f729-4223-b378-0fd6590f730b'): datetime.datetime(2021, 10, 23, 14, 16, 44, 80621), UUID('0fc51989-9637-4165-8a12-8c91a0231f8d'): datetime.datetime(2021, 10, 23, 14, 16, 44, 80676), UUID('d6cda8da-d4a5-41c0-a408-960b054e7af4'): datetime.datetime(2021, 10, 23, 14, 16, 59, 138328), UUID('545352dd-a32b-4c43-8b12-eac0d5695c55'): datetime.datetime(2021, 10, 23, 14, 17, 9, 154803), UUID('ddcb8b0f-c12f-4908-b798-50d41679c9b9'): datetime.datetime(2021, 10, 23, 14, 17, 14, 166838), UUID('229e75a1-1fee-4493-a31e-94deea3d7ed4'): datetime.datetime(2021, 10, 23, 14, 17, 24, 184009), UUID('4201f50c-d252-48bc-aab7-ebd23262f708'): datetime.datetime(2021, 10, 23, 14, 17, 34, 198802)}




id,network,job_type,image_size,num_imgs,device,batch_size,data_parallelism,response_time
c122e616,swa,interpolation,512,800,cuda:1,8,1,40907
b43a6ad5,style2,interpolation,1024,400,cuda:0,8,1,23893
a1614b85,mobile,random,1024,200,cuda:1,8,1,21877
aa337bea,stylemap,random,256,400,cuda:0,8,1,23853
5e5d089a,style1,interpolation,256,200,cuda:0,8,1,9838
9bdffa4e,stylemap,random,512,100,cuda:0,8,1,24824
1e1fa3e5,stylemap,random,512,200,cuda:0,8,1,30809
a191f30b,stylemap,random,512,800,cuda:1,8,1,117773
54c9b0c3,swa,random,512,200,cuda:0,8,1,17761
5fd607c4,anycost,interpolation,256,100,cuda:0,8,1,14745
925a1cf6,stylemap,interpolation,256,100,cuda:0,8,1,16733
33d7e472,style2ada,interpolation,512,400,cuda:1,8,1,125713
19834592,style1,interpolation,256,800,cuda:0,8,1,7689
2cf3bd2b,swa,random,512,400,cuda:0,8,1,14673
0c314ca7,swa,interpolation,256,200,cuda:1,8,1,28653
f4e7eadb,style2,interpolation,256,200,cuda:0,8,1,12637
94242b59,style2ada,random,256,400,cuda:0,8,1,11625
d415f6c0,anycost,random,256,400,cuda:1,8,1,35606
bace6480,anycost,interpolation,512,200,cuda:1,8,1,65567
2e826362,mobile,interpolation,1024,400,cuda:0,8,1,14549
7ee4e144,swa,interpolation,256,200,cuda:1,8,1,23540
ffafbc7c,mobile,interpolation,512,200,cuda:1,8,1,14525
193d2bea,style2ada,interpolation,256,100,cuda:0,8,1,9505
7365d9be,style2ada,interpolation,1024,100,cuda:0,8,1,12485
cfbc3d3a,style1,random,512,100,cuda:0,8,1,9473
923d0459,style2ada,random,512,200,cuda:1,8,1,18452
fcf2ffd8,style2ada,random,512,400,cuda:1,8,1,25429
4c74c534,style1,random,256,800,cuda:0,8,1,7409
b065deec,stylemap,random,256,200,cuda:1,8,1,26392
8f673e0e,style2ada,random,512,100,cuda:0,8,1,9374
c247f222,style1,interpolation,512,100,cuda:0,8,1,7352
5964cc33,style1,interpolation,512,800,cuda:1,8,1,16321
3c7c85f4,mobile,random,1024,800,cuda:1,8,1,52305
efe0b2e0,style2,interpolation,512,400,cuda:1,8,1,45285
c56011fb,style2,random,256,400,cuda:1,8,1,64263
bf485bb6,style2ada,interpolation,256,100,cuda:0,8,1,9243
325bce09,swa,random,512,800,cuda:0,8,1,22227
a891eb72,stylemap,random,1024,200,cuda:0,8,1,38213
c2f42f66,style2ada,interpolation,256,400,cuda:0,8,1,20193
fb8d1bbc,anycost,random,256,200,cuda:0,8,1,40173
4be0c7a0,style2,interpolation,512,100,cuda:0,8,1,20163
54ae4609,style2ada,random,256,400,cuda:1,8,1,20148
886ed2db,style1,interpolation,256,100,cuda:0,8,1,8128
8cb2c56d,swa,random,256,200,cuda:0,8,1,11109
cbf034ef,anycost,interpolation,1024,200,cuda:0,8,1,18089
0ed60614,stylemap,interpolation,256,200,cuda:0,8,1,30074
1a1bd373,swa,interpolation,512,800,cuda:1,8,1,34052
0ce0fa7e,mobile,interpolation,256,400,cuda:0,8,1,10041
ca3c20df,anycost,random,256,800,cuda:0,8,1,20017
94029b7f,style2,random,512,400,cuda:1,8,1,31000
63b9b7ad,mobile,interpolation,512,100,cuda:0,8,1,11977
e11e2eab,mobile,random,256,200,cuda:0,8,1,7959
a3f288ee,style2ada,random,256,200,cuda:1,8,1,13941
Traceback (most recent call last):
  File "/usr/lib/python3.8/runpy.py", line 194, in _run_module_as_main
    return _run_code(code, main_globals, None,
  File "/usr/lib/python3.8/runpy.py", line 87, in _run_code
    exec(code, run_globals)
  File "/opt/federation-lab/fltk/__main__.py", line 86, in <module>
    __main__()
  File "/opt/federation-lab/fltk/__main__.py", line 38, in __main__
    cluster_start(arguments, config)
  File "/opt/federation-lab/fltk/__main__.py", line 62, in cluster_start
    launch_orchestrator(args=args, conf=configuration)
  File "/opt/federation-lab/fltk/launch.py", line 127, in launch_orchestrator
    pool.apply(orchestrator.run)
  File "/usr/lib/python3.8/multiprocessing/pool.py", line 357, in apply
    return self.apply_async(func, args, kwds).get()
  File "/usr/lib/python3.8/multiprocessing/pool.py", line 771, in get
    raise self._value
  File "/usr/lib/python3.8/multiprocessing/pool.py", line 125, in worker
    result = (True, func(*args, **kwds))
  File "/opt/federation-lab/fltk/orchestrator.py", line 168, in run
    self.stop()
  File "/opt/federation-lab/fltk/orchestrator.py", line 70, in stop
    network, image_size, job_type, num_imgs, device, batch_size, data_parallelism = self.task_info[id]
KeyError: UUID('1d333fe9-f729-4223-b378-0fd6590f730b')
