/usr/local/lib/python3.8/dist-packages/dataclasses_json/core.py:171: RuntimeWarning: `NoneType` object value of non-optional type config_path detected when decoding BareConfig.
  warnings.warn(f"`NoneType` object {warning}.", RuntimeWarning)
10-24-2021 20:08:25 root         INFO     Starting in cluster mode.
10-24-2021 20:08:25 root         INFO     Starting as Orchestrator
10-24-2021 20:08:25 root         INFO     Starting Orchestrator, initializing resources....
10-24-2021 20:08:25 root         INFO     Loading in cluster configuration file
10-24-2021 20:08:25 root         INFO     Pointing configuration to in cluster configuration.
10-24-2021 20:08:25 root         INFO     Starting cluster manager
10-24-2021 20:08:25 root         INFO     Starting arrival generator
10-24-2021 20:08:25 root         INFO     Starting orchestrator
style2 512 100 8 cuda:0 13608
mobile 1024 100 8 cuda:0 18792
anycost 1024 400 4 cuda:0 14072
style2ada 256 400 8 cuda:1 8328
swa 256 800 8 cuda:1 4152
stylemap 512 100 4 cuda:0 23728
style2ada 1024 200 4 cuda:0 15984
stylemap 256 800 4 cuda:0 12904
style2 256 400 8 cuda:1 7376
anycost 256 200 8 cuda:0 7392
anycost 512 400 8 cuda:0 13616
stylemap 1024 200 1 cuda:0 13216
stylemap 512 400 2 cuda:0 13096
style2ada 256 800 8 cuda:1 8328
mobile 512 200 8 cuda:1 5176
style2ada 512 400 4 cuda:1 8312
style2ada 256 100 8 cuda:1 8328
style2ada 1024 800 2 cuda:1 8504
mobile 512 800 8 cuda:1 5176
mobile 512 200 8 cuda:0 5176
style1 1024 800 2 cuda:1 6512
anycost 1024 400 2 cuda:0 7544
stylemap 256 100 1 cuda:1 5048
anycost 512 400 4 cuda:0 7280
style1 1024 400 2 cuda:0 6512
mobile 1024 100 4 cuda:0 10096
style1 512 400 8 cuda:1 5952
anycost 1024 800 4 cuda:0 14072
anycost 512 400 4 cuda:1 7280
mobile 1024 100 4 cuda:0 10096
style2ada 256 400 8 cuda:1 8328
style2 256 200 8 cuda:0 7376
swa 256 800 8 cuda:1 4152
stylemap 256 200 8 cuda:0 23344
anycost 256 200 8 cuda:1 7392
style2 1024 800 4 cuda:0 14048
style2ada 256 400 8 cuda:0 8328
style1 256 400 8 cuda:1 2008
style1 1024 100 4 cuda:0 11368
mobile 1024 200 8 cuda:0 18792
swa 1024 400 8 cuda:0 14328
anycost 256 200 8 cuda:1 7392
style2 512 800 8 cuda:0 13608
swa 256 200 8 cuda:1 4152
style1 1024 800 2 cuda:1 6512
stylemap 512 200 4 cuda:0 23728
swa 1024 400 4 cuda:1 7632
mobile 512 800 8 cuda:1 5176
swa 512 200 8 cuda:0 7560
mobile 256 800 8 cuda:1 1488
style2 256 800 8 cuda:0 7376
mobile 512 200 8 cuda:1 5176
style1 256 200 8 cuda:1 2008
style2 1024 200 4 cuda:0 14048
swa 1024 800 8 cuda:0 14328
mobile 256 200 8 cuda:1 1488




task_info={UUID('64a98c9e-6f58-47b4-8b0f-33911c205e38'): ('style2', 512, 'random', 100, 'cuda:0', 8, 1), UUID('64214c37-e614-4b42-bd1c-80e9043d5ff9'): ('mobile', 1024, 'interpolation', 100, 'cuda:0', 8, 1), UUID('bb128a5d-5a56-4a8b-9cf5-7b91737c87cc'): ('anycost', 1024, 'random', 400, 'cuda:0', 4, 1), UUID('5c9c7fc6-56cc-4e21-9ba9-6b2b8e5191e8'): ('style2ada', 256, 'random', 400, 'cuda:1', 8, 1), UUID('9bbc28c1-dfef-4371-9b16-8db56b8f2485'): ('swa', 256, 'random', 800, 'cuda:1', 8, 1), UUID('85639bd4-c096-4686-85b8-b2724435597d'): ('stylemap', 512, 'interpolation', 100, 'cuda:0', 4, 1), UUID('0ceb45a5-a7b9-4913-800e-b6e993e5b5d5'): ('style2ada', 1024, 'interpolation', 200, 'cuda:0', 4, 1), UUID('622b0888-a2eb-4c05-88c6-6ce16e830929'): ('stylemap', 256, 'interpolation', 800, 'cuda:0', 4, 1), UUID('052eb20b-aaab-4a7a-a1e9-0834927d6c84'): ('style2', 256, 'interpolation', 400, 'cuda:1', 8, 1), UUID('6937bfb3-2f0b-4e0c-bedd-8f649d527eff'): ('anycost', 256, 'random', 200, 'cuda:0', 8, 1), UUID('ac33e0a9-8505-4bf1-a5df-2bc7ea948731'): ('anycost', 512, 'random', 400, 'cuda:0', 8, 1), UUID('63eb2338-e90b-424a-912e-2211d43ad0ce'): ('stylemap', 1024, 'interpolation', 200, 'cuda:0', 1, 1), UUID('9c9d7086-802b-4af0-bf5d-15d618c12bde'): ('stylemap', 512, 'interpolation', 400, 'cuda:0', 2, 1), UUID('4584e340-45ac-45b0-b713-ef2b366fd545'): ('style2ada', 256, 'interpolation', 800, 'cuda:1', 8, 1), UUID('5a6d3a4f-9525-4c61-b06d-7b48091f0086'): ('mobile', 512, 'random', 200, 'cuda:1', 8, 1), UUID('9887740a-21a9-4b85-a72a-4be21eee6b44'): ('stylemap', 1024, 'random', 100, -1, -1, 1), UUID('b284705b-8233-4c3e-b56b-e2ccbf2edd4a'): ('stylemap', 1024, 'random', 100, -1, -1, 1), UUID('b24f115a-019b-4a56-b032-fc17e347e983'): ('style2ada', 512, 'interpolation', 400, 'cuda:1', 4, 1), UUID('8e10e921-9f3e-4181-a319-ea0a4a687ad0'): ('style2ada', 256, 'interpolation', 100, 'cuda:1', 8, 1), UUID('ad0ea661-9f48-4f33-a039-052086b2303f'): ('style2ada', 1024, 'random', 800, 'cuda:1', 2, 1), UUID('78f373c5-aebf-428b-afbf-e45856dc36af'): ('mobile', 512, 'random', 800, 'cuda:1', 8, 1), UUID('b78e9321-b308-47e6-8398-da13f814c14b'): ('mobile', 512, 'interpolation', 200, 'cuda:0', 8, 1), UUID('399d8fc3-834b-491e-8e05-2b7afc11989a'): ('style1', 1024, 'random', 800, 'cuda:1', 2, 1), UUID('457f751f-aaba-4612-b5de-6a74046be72d'): ('anycost', 1024, 'interpolation', 400, 'cuda:0', 2, 1), UUID('980bcbba-08a4-4ee9-90b2-3f9cce8de36f'): ('stylemap', 256, 'interpolation', 100, 'cuda:1', 1, 1), UUID('78ed812d-2ea0-43a9-8702-b11ee4f9e355'): ('stylemap', 256, 'interpolation', 100, -1, -1, 1), UUID('a2c09d0e-3e18-4358-b836-ac3efe23d38d'): ('stylemap', 512, 'interpolation', 100, -1, -1, 1), UUID('ade42407-0737-4c1c-a030-ac65e6c556bc'): ('anycost', 512, 'random', 400, 'cuda:0', 4, 1), UUID('02952b86-f43b-4948-8afd-fc2c2a5caf97'): ('style1', 1024, 'random', 400, 'cuda:0', 2, 1), UUID('b1ba422f-f142-47f2-a20a-09eacf8befb8'): ('mobile', 1024, 'interpolation', 100, 'cuda:0', 4, 1), UUID('e35ed73d-0abc-41b0-a754-b5856cc8655a'): ('style1', 512, 'random', 400, 'cuda:1', 8, 1), UUID('dc619226-40a0-4f2f-b185-891e8179d7bb'): ('anycost', 1024, 'interpolation', 800, 'cuda:0', 4, 1), UUID('78aecc74-c264-44a8-b206-55ba64df34f5'): ('anycost', 512, 'interpolation', 400, 'cuda:1', 4, 1), UUID('55889bac-06b3-4e65-b153-fd510ac19398'): ('mobile', 1024, 'random', 100, 'cuda:0', 4, 1), UUID('8c03a66e-6079-4a35-b934-21dc06aaebf9'): ('style2ada', 256, 'interpolation', 400, 'cuda:1', 8, 1), UUID('365e6631-c651-4845-825f-0be60f32d29d'): ('style2', 256, 'interpolation', 200, 'cuda:0', 8, 1), UUID('f906c3aa-c300-4133-a229-60cea9600311'): ('swa', 256, 'interpolation', 800, 'cuda:1', 8, 1), UUID('40fe52a1-a092-4605-b8b3-cf9819ab25a3'): ('stylemap', 256, 'interpolation', 200, 'cuda:0', 8, 1), UUID('811e75ad-bb74-418a-82fc-44d1bbc0b128'): ('anycost', 256, 'random', 200, 'cuda:1', 8, 1), UUID('872bc38e-5a40-48f2-964c-86dd0cd5f3e6'): ('style2', 1024, 'random', 800, 'cuda:0', 4, 1), UUID('7ca3051e-ac11-412e-94ff-c00c47e007ff'): ('style2ada', 256, 'interpolation', 400, 'cuda:0', 8, 1), UUID('c0e1d7e3-dec3-49cd-bd79-3a20e3e366a8'): ('style1', 256, 'interpolation', 400, 'cuda:1', 8, 1), UUID('4b3cad96-86c4-43db-825f-1efedaa83333'): ('style1', 1024, 'interpolation', 100, 'cuda:0', 4, 1), UUID('27b70543-b178-4c2c-a950-cbc85b955092'): ('mobile', 1024, 'random', 200, 'cuda:0', 8, 1), UUID('1ec2ab3a-5467-4017-b339-1611b8751bf9'): ('swa', 1024, 'interpolation', 400, 'cuda:0', 8, 1), UUID('99707c0b-49a1-4783-8870-feed5eab5975'): ('anycost', 256, 'interpolation', 200, 'cuda:1', 8, 1), UUID('b9a947c4-967b-4567-9b15-8c83ce32ce6f'): ('style2', 512, 'random', 800, 'cuda:0', 8, 1), UUID('69cb79e8-6df9-4308-ba0b-45a94521f128'): ('swa', 256, 'random', 200, 'cuda:1', 8, 1), UUID('fb09b083-b918-47ff-b76b-61bd2ade0a67'): ('style1', 1024, 'interpolation', 800, 'cuda:1', 2, 1), UUID('5689d232-fe00-4022-9357-6873d704889a'): ('stylemap', 512, 'interpolation', 200, 'cuda:0', 4, 1), UUID('67fa69a3-8eeb-460b-a1bc-7b18ea7fddbd'): ('swa', 1024, 'interpolation', 400, 'cuda:1', 4, 1), UUID('6d89da1c-64a0-423b-9904-f809e1eb302c'): ('mobile', 512, 'random', 800, 'cuda:1', 8, 1), UUID('b6b14bfe-e05f-4866-8493-9d2dd2361141'): ('swa', 512, 'random', 200, 'cuda:0', 8, 1), UUID('fa9eedf2-cbab-43f9-8dcc-ef0eddbb6a22'): ('mobile', 256, 'random', 800, 'cuda:1', 8, 1), UUID('9c3c52e6-0225-4f0a-a97e-70ec6119b9a1'): ('style2', 256, 'random', 800, 'cuda:0', 8, 1), UUID('aa971fab-dca9-4ff2-9aa9-03d84ae648bf'): ('mobile', 512, 'random', 200, 'cuda:1', 8, 1), UUID('17473e7b-4606-46d1-955e-cf300a01cf5a'): ('style1', 256, 'random', 200, 'cuda:1', 8, 1), UUID('832ffd05-91a8-45eb-b18c-2b44fcf566da'): ('style2', 1024, 'random', 200, 'cuda:0', 4, 1), UUID('c19ddb9b-d866-497c-9145-aeaafc776965'): ('swa', 1024, 'interpolation', 800, 'cuda:0', 8, 1), UUID('a35df074-49ea-48f8-9f6b-0876acf10637'): ('mobile', 256, 'random', 200, 'cuda:1', 8, 1)}
arrival_times={UUID('64a98c9e-6f58-47b4-8b0f-33911c205e38'): datetime.datetime(2021, 10, 24, 20, 8, 40, 506621), UUID('64214c37-e614-4b42-bd1c-80e9043d5ff9'): datetime.datetime(2021, 10, 24, 20, 8, 45, 524259), UUID('bb128a5d-5a56-4a8b-9cf5-7b91737c87cc'): datetime.datetime(2021, 10, 24, 20, 8, 55, 543724), UUID('5c9c7fc6-56cc-4e21-9ba9-6b2b8e5191e8'): datetime.datetime(2021, 10, 24, 20, 9, 10, 577333), UUID('9bbc28c1-dfef-4371-9b16-8db56b8f2485'): datetime.datetime(2021, 10, 24, 20, 9, 15, 632022), UUID('85639bd4-c096-4686-85b8-b2724435597d'): datetime.datetime(2021, 10, 24, 20, 9, 25, 708986), UUID('0ceb45a5-a7b9-4913-800e-b6e993e5b5d5'): datetime.datetime(2021, 10, 24, 20, 9, 35, 726769), UUID('622b0888-a2eb-4c05-88c6-6ce16e830929'): datetime.datetime(2021, 10, 24, 20, 9, 45, 747618), UUID('052eb20b-aaab-4a7a-a1e9-0834927d6c84'): datetime.datetime(2021, 10, 24, 20, 9, 50, 803497), UUID('6937bfb3-2f0b-4e0c-bedd-8f649d527eff'): datetime.datetime(2021, 10, 24, 20, 10, 0, 819920), UUID('ac33e0a9-8505-4bf1-a5df-2bc7ea948731'): datetime.datetime(2021, 10, 24, 20, 10, 10, 838613), UUID('63eb2338-e90b-424a-912e-2211d43ad0ce'): datetime.datetime(2021, 10, 24, 20, 10, 20, 862641), UUID('9c9d7086-802b-4af0-bf5d-15d618c12bde'): datetime.datetime(2021, 10, 24, 20, 10, 30, 878680), UUID('4584e340-45ac-45b0-b713-ef2b366fd545'): datetime.datetime(2021, 10, 24, 20, 10, 40, 907761), UUID('5a6d3a4f-9525-4c61-b06d-7b48091f0086'): datetime.datetime(2021, 10, 24, 20, 10, 50, 950605), UUID('9887740a-21a9-4b85-a72a-4be21eee6b44'): datetime.datetime(2021, 10, 24, 20, 10, 55, 964372), UUID('b284705b-8233-4c3e-b56b-e2ccbf2edd4a'): datetime.datetime(2021, 10, 24, 20, 11, 2, 973835), UUID('b24f115a-019b-4a56-b032-fc17e347e983'): datetime.datetime(2021, 10, 24, 20, 11, 14, 991675), UUID('8e10e921-9f3e-4181-a319-ea0a4a687ad0'): datetime.datetime(2021, 10, 24, 20, 11, 25, 17016), UUID('ad0ea661-9f48-4f33-a039-052086b2303f'): datetime.datetime(2021, 10, 24, 20, 11, 30, 34858), UUID('78f373c5-aebf-428b-afbf-e45856dc36af'): datetime.datetime(2021, 10, 24, 20, 11, 30, 34908), UUID('b78e9321-b308-47e6-8398-da13f814c14b'): datetime.datetime(2021, 10, 24, 20, 11, 40, 72729), UUID('399d8fc3-834b-491e-8e05-2b7afc11989a'): datetime.datetime(2021, 10, 24, 20, 11, 55, 135687), UUID('457f751f-aaba-4612-b5de-6a74046be72d'): datetime.datetime(2021, 10, 24, 20, 12, 0, 204512), UUID('980bcbba-08a4-4ee9-90b2-3f9cce8de36f'): datetime.datetime(2021, 10, 24, 20, 12, 5, 218601), UUID('78ed812d-2ea0-43a9-8702-b11ee4f9e355'): datetime.datetime(2021, 10, 24, 20, 12, 20, 246673), UUID('a2c09d0e-3e18-4358-b836-ac3efe23d38d'): datetime.datetime(2021, 10, 24, 20, 12, 32, 266624), UUID('ade42407-0737-4c1c-a030-ac65e6c556bc'): datetime.datetime(2021, 10, 24, 20, 12, 44, 332063), UUID('02952b86-f43b-4948-8afd-fc2c2a5caf97'): datetime.datetime(2021, 10, 24, 20, 12, 54, 395118), UUID('b1ba422f-f142-47f2-a20a-09eacf8befb8'): datetime.datetime(2021, 10, 24, 20, 13, 9, 424621), UUID('e35ed73d-0abc-41b0-a754-b5856cc8655a'): datetime.datetime(2021, 10, 24, 20, 13, 14, 483616), UUID('dc619226-40a0-4f2f-b185-891e8179d7bb'): datetime.datetime(2021, 10, 24, 20, 13, 24, 531674), UUID('78aecc74-c264-44a8-b206-55ba64df34f5'): datetime.datetime(2021, 10, 24, 20, 13, 34, 550794), UUID('55889bac-06b3-4e65-b153-fd510ac19398'): datetime.datetime(2021, 10, 24, 20, 13, 49, 574598), UUID('8c03a66e-6079-4a35-b934-21dc06aaebf9'): datetime.datetime(2021, 10, 24, 20, 14, 4, 602654), UUID('365e6631-c651-4845-825f-0be60f32d29d'): datetime.datetime(2021, 10, 24, 20, 14, 19, 630622), UUID('f906c3aa-c300-4133-a229-60cea9600311'): datetime.datetime(2021, 10, 24, 20, 14, 29, 656577), UUID('40fe52a1-a092-4605-b8b3-cf9819ab25a3'): datetime.datetime(2021, 10, 24, 20, 14, 34, 710611), UUID('811e75ad-bb74-418a-82fc-44d1bbc0b128'): datetime.datetime(2021, 10, 24, 20, 14, 49, 738625), UUID('872bc38e-5a40-48f2-964c-86dd0cd5f3e6'): datetime.datetime(2021, 10, 24, 20, 14, 59, 758722), UUID('7ca3051e-ac11-412e-94ff-c00c47e007ff'): datetime.datetime(2021, 10, 24, 20, 15, 4, 770858), UUID('c0e1d7e3-dec3-49cd-bd79-3a20e3e366a8'): datetime.datetime(2021, 10, 24, 20, 15, 14, 786623), UUID('4b3cad96-86c4-43db-825f-1efedaa83333'): datetime.datetime(2021, 10, 24, 20, 15, 29, 819709), UUID('27b70543-b178-4c2c-a950-cbc85b955092'): datetime.datetime(2021, 10, 24, 20, 15, 44, 848003), UUID('1ec2ab3a-5467-4017-b339-1611b8751bf9'): datetime.datetime(2021, 10, 24, 20, 15, 49, 932779), UUID('99707c0b-49a1-4783-8870-feed5eab5975'): datetime.datetime(2021, 10, 24, 20, 15, 59, 946629), UUID('b9a947c4-967b-4567-9b15-8c83ce32ce6f'): datetime.datetime(2021, 10, 24, 20, 16, 4, 962928), UUID('69cb79e8-6df9-4308-ba0b-45a94521f128'): datetime.datetime(2021, 10, 24, 20, 16, 14, 978608), UUID('fb09b083-b918-47ff-b76b-61bd2ade0a67'): datetime.datetime(2021, 10, 24, 20, 16, 30, 7808), UUID('5689d232-fe00-4022-9357-6873d704889a'): datetime.datetime(2021, 10, 24, 20, 16, 40, 56849), UUID('67fa69a3-8eeb-460b-a1bc-7b18ea7fddbd'): datetime.datetime(2021, 10, 24, 20, 16, 55, 83683), UUID('6d89da1c-64a0-423b-9904-f809e1eb302c'): datetime.datetime(2021, 10, 24, 20, 17, 5, 99874), UUID('b6b14bfe-e05f-4866-8493-9d2dd2361141'): datetime.datetime(2021, 10, 24, 20, 17, 15, 185450), UUID('fa9eedf2-cbab-43f9-8dcc-ef0eddbb6a22'): datetime.datetime(2021, 10, 24, 20, 17, 25, 258660), UUID('9c3c52e6-0225-4f0a-a97e-70ec6119b9a1'): datetime.datetime(2021, 10, 24, 20, 17, 30, 288386), UUID('aa971fab-dca9-4ff2-9aa9-03d84ae648bf'): datetime.datetime(2021, 10, 24, 20, 17, 45, 368819), UUID('17473e7b-4606-46d1-955e-cf300a01cf5a'): datetime.datetime(2021, 10, 24, 20, 17, 50, 454915), UUID('832ffd05-91a8-45eb-b18c-2b44fcf566da'): datetime.datetime(2021, 10, 24, 20, 17, 55, 514437), UUID('c19ddb9b-d866-497c-9145-aeaafc776965'): datetime.datetime(2021, 10, 24, 20, 18, 5, 536321), UUID('a35df074-49ea-48f8-9f6b-0876acf10637'): datetime.datetime(2021, 10, 24, 20, 18, 15, 554662)}
finish_times={'02952b86-f43b-4948-8afd-fc2c2a5caf97': (datetime.datetime(2021, 10, 24, 20, 12, 55, tzinfo=tzlocal()), datetime.datetime(2021, 10, 24, 20, 13, 14, tzinfo=tzlocal())), '052eb20b-aaab-4a7a-a1e9-0834927d6c84': (datetime.datetime(2021, 10, 24, 20, 9, 53, tzinfo=tzlocal()), datetime.datetime(2021, 10, 24, 20, 10, 14, tzinfo=tzlocal())), '0ceb45a5-a7b9-4913-800e-b6e993e5b5d5': (datetime.datetime(2021, 10, 24, 20, 9, 36, tzinfo=tzlocal()), datetime.datetime(2021, 10, 24, 20, 9, 54, tzinfo=tzlocal())), '17473e7b-4606-46d1-955e-cf300a01cf5a': (datetime.datetime(2021, 10, 24, 20, 17, 59, tzinfo=tzlocal()), datetime.datetime(2021, 10, 24, 20, 18, 10, tzinfo=tzlocal())), '1ec2ab3a-5467-4017-b339-1611b8751bf9': (datetime.datetime(2021, 10, 24, 20, 15, 50, tzinfo=tzlocal()), datetime.datetime(2021, 10, 24, 20, 16, 13, tzinfo=tzlocal())), '27b70543-b178-4c2c-a950-cbc85b955092': (datetime.datetime(2021, 10, 24, 20, 15, 45, tzinfo=tzlocal()), datetime.datetime(2021, 10, 24, 20, 15, 56, tzinfo=tzlocal())), '365e6631-c651-4845-825f-0be60f32d29d': (datetime.datetime(2021, 10, 24, 20, 14, 20, tzinfo=tzlocal()), datetime.datetime(2021, 10, 24, 20, 14, 31, tzinfo=tzlocal())), '399d8fc3-834b-491e-8e05-2b7afc11989a': (datetime.datetime(2021, 10, 24, 20, 11, 56, tzinfo=tzlocal()), datetime.datetime(2021, 10, 24, 20, 12, 58, tzinfo=tzlocal())), '40fe52a1-a092-4605-b8b3-cf9819ab25a3': (datetime.datetime(2021, 10, 24, 20, 14, 35, tzinfo=tzlocal()), datetime.datetime(2021, 10, 24, 20, 14, 54, tzinfo=tzlocal())), '457f751f-aaba-4612-b5de-6a74046be72d': (datetime.datetime(2021, 10, 24, 20, 12, 1, tzinfo=tzlocal()), datetime.datetime(2021, 10, 24, 20, 13, 6, tzinfo=tzlocal())), '4584e340-45ac-45b0-b713-ef2b366fd545': (datetime.datetime(2021, 10, 24, 20, 10, 42, tzinfo=tzlocal()), datetime.datetime(2021, 10, 24, 20, 11, 15, tzinfo=tzlocal())), '4b3cad96-86c4-43db-825f-1efedaa83333': (datetime.datetime(2021, 10, 24, 20, 15, 31, tzinfo=tzlocal()), datetime.datetime(2021, 10, 24, 20, 15, 42, tzinfo=tzlocal())), '55889bac-06b3-4e65-b153-fd510ac19398': (datetime.datetime(2021, 10, 24, 20, 13, 50, tzinfo=tzlocal()), datetime.datetime(2021, 10, 24, 20, 14, 2, tzinfo=tzlocal())), '5689d232-fe00-4022-9357-6873d704889a': (datetime.datetime(2021, 10, 24, 20, 16, 41, tzinfo=tzlocal()), datetime.datetime(2021, 10, 24, 20, 17, 21, tzinfo=tzlocal())), '5a6d3a4f-9525-4c61-b06d-7b48091f0086': (datetime.datetime(2021, 10, 24, 20, 10, 53, tzinfo=tzlocal()), datetime.datetime(2021, 10, 24, 20, 11, 12, tzinfo=tzlocal())), '5c9c7fc6-56cc-4e21-9ba9-6b2b8e5191e8': (datetime.datetime(2021, 10, 24, 20, 9, 11, tzinfo=tzlocal()), datetime.datetime(2021, 10, 24, 20, 9, 30, tzinfo=tzlocal())), '622b0888-a2eb-4c05-88c6-6ce16e830929': (datetime.datetime(2021, 10, 24, 20, 9, 46, tzinfo=tzlocal()), datetime.datetime(2021, 10, 24, 20, 11, 25, tzinfo=tzlocal())), '63eb2338-e90b-424a-912e-2211d43ad0ce': (datetime.datetime(2021, 10, 24, 20, 10, 22, tzinfo=tzlocal()), datetime.datetime(2021, 10, 24, 20, 12, 52, tzinfo=tzlocal())), '64214c37-e614-4b42-bd1c-80e9043d5ff9': (datetime.datetime(2021, 10, 24, 20, 8, 46, tzinfo=tzlocal()), datetime.datetime(2021, 10, 24, 20, 8, 56, tzinfo=tzlocal())), '64a98c9e-6f58-47b4-8b0f-33911c205e38': (datetime.datetime(2021, 10, 24, 20, 8, 41, tzinfo=tzlocal()), datetime.datetime(2021, 10, 24, 20, 8, 51, tzinfo=tzlocal())), '67fa69a3-8eeb-460b-a1bc-7b18ea7fddbd': (datetime.datetime(2021, 10, 24, 20, 17, tzinfo=tzlocal()), datetime.datetime(2021, 10, 24, 20, 17, 50, tzinfo=tzlocal())), '6937bfb3-2f0b-4e0c-bedd-8f649d527eff': (datetime.datetime(2021, 10, 24, 20, 10, 1, tzinfo=tzlocal()), datetime.datetime(2021, 10, 24, 20, 10, 20, tzinfo=tzlocal())), '69cb79e8-6df9-4308-ba0b-45a94521f128': (datetime.datetime(2021, 10, 24, 20, 16, 16, tzinfo=tzlocal()), datetime.datetime(2021, 10, 24, 20, 16, 31, tzinfo=tzlocal())), '6d89da1c-64a0-423b-9904-f809e1eb302c': (datetime.datetime(2021, 10, 24, 20, 17, 6, tzinfo=tzlocal()), datetime.datetime(2021, 10, 24, 20, 17, 41, tzinfo=tzlocal())), '78aecc74-c264-44a8-b206-55ba64df34f5': (datetime.datetime(2021, 10, 24, 20, 13, 35, tzinfo=tzlocal()), datetime.datetime(2021, 10, 24, 20, 14, 1, tzinfo=tzlocal())), '78f373c5-aebf-428b-afbf-e45856dc36af': (datetime.datetime(2021, 10, 24, 20, 11, 31, tzinfo=tzlocal()), datetime.datetime(2021, 10, 24, 20, 12, 5, tzinfo=tzlocal())), '7ca3051e-ac11-412e-94ff-c00c47e007ff': (datetime.datetime(2021, 10, 24, 20, 15, 6, tzinfo=tzlocal()), datetime.datetime(2021, 10, 24, 20, 15, 22, tzinfo=tzlocal())), '811e75ad-bb74-418a-82fc-44d1bbc0b128': (datetime.datetime(2021, 10, 24, 20, 14, 51, tzinfo=tzlocal()), datetime.datetime(2021, 10, 24, 20, 15, 6, tzinfo=tzlocal())), '832ffd05-91a8-45eb-b18c-2b44fcf566da': (datetime.datetime(2021, 10, 24, 20, 18, 1, tzinfo=tzlocal()), datetime.datetime(2021, 10, 24, 20, 18, 19, tzinfo=tzlocal())), '85639bd4-c096-4686-85b8-b2724435597d': (datetime.datetime(2021, 10, 24, 20, 9, 26, tzinfo=tzlocal()), datetime.datetime(2021, 10, 24, 20, 9, 47, tzinfo=tzlocal())), '872bc38e-5a40-48f2-964c-86dd0cd5f3e6': (datetime.datetime(2021, 10, 24, 20, 15, 1, tzinfo=tzlocal()), datetime.datetime(2021, 10, 24, 20, 15, 42, tzinfo=tzlocal())), '8c03a66e-6079-4a35-b934-21dc06aaebf9': (datetime.datetime(2021, 10, 24, 20, 14, 5, tzinfo=tzlocal()), datetime.datetime(2021, 10, 24, 20, 14, 23, tzinfo=tzlocal())), '8e10e921-9f3e-4181-a319-ea0a4a687ad0': (datetime.datetime(2021, 10, 24, 20, 11, 26, tzinfo=tzlocal()), datetime.datetime(2021, 10, 24, 20, 11, 49, tzinfo=tzlocal())), '980bcbba-08a4-4ee9-90b2-3f9cce8de36f': (datetime.datetime(2021, 10, 24, 20, 12, 6, tzinfo=tzlocal()), datetime.datetime(2021, 10, 24, 20, 13, tzinfo=tzlocal())), '99707c0b-49a1-4783-8870-feed5eab5975': (datetime.datetime(2021, 10, 24, 20, 16, 2, tzinfo=tzlocal()), datetime.datetime(2021, 10, 24, 20, 16, 21, tzinfo=tzlocal())), '9bbc28c1-dfef-4371-9b16-8db56b8f2485': (datetime.datetime(2021, 10, 24, 20, 9, 16, tzinfo=tzlocal()), datetime.datetime(2021, 10, 24, 20, 9, 47, tzinfo=tzlocal())), '9c3c52e6-0225-4f0a-a97e-70ec6119b9a1': (datetime.datetime(2021, 10, 24, 20, 17, 31, tzinfo=tzlocal()), datetime.datetime(2021, 10, 24, 20, 17, 47, tzinfo=tzlocal())), '9c9d7086-802b-4af0-bf5d-15d618c12bde': (datetime.datetime(2021, 10, 24, 20, 10, 32, tzinfo=tzlocal()), datetime.datetime(2021, 10, 24, 20, 12, 36, tzinfo=tzlocal())), 'a35df074-49ea-48f8-9f6b-0876acf10637': (datetime.datetime(2021, 10, 24, 20, 18, 16, tzinfo=tzlocal()), datetime.datetime(2021, 10, 24, 20, 18, 26, tzinfo=tzlocal())), 'aa971fab-dca9-4ff2-9aa9-03d84ae648bf': (datetime.datetime(2021, 10, 24, 20, 17, 46, tzinfo=tzlocal()), datetime.datetime(2021, 10, 24, 20, 17, 57, tzinfo=tzlocal())), 'ac33e0a9-8505-4bf1-a5df-2bc7ea948731': (datetime.datetime(2021, 10, 24, 20, 10, 11, tzinfo=tzlocal()), datetime.datetime(2021, 10, 24, 20, 11, 4, tzinfo=tzlocal())), 'ad0ea661-9f48-4f33-a039-052086b2303f': (datetime.datetime(2021, 10, 24, 20, 11, 31, tzinfo=tzlocal()), datetime.datetime(2021, 10, 24, 20, 13, 40, tzinfo=tzlocal())), 'ade42407-0737-4c1c-a030-ac65e6c556bc': (datetime.datetime(2021, 10, 24, 20, 12, 45, tzinfo=tzlocal()), datetime.datetime(2021, 10, 24, 20, 13, 14, tzinfo=tzlocal())), 'b1ba422f-f142-47f2-a20a-09eacf8befb8': (datetime.datetime(2021, 10, 24, 20, 13, 10, tzinfo=tzlocal()), datetime.datetime(2021, 10, 24, 20, 13, 20, tzinfo=tzlocal())), 'b24f115a-019b-4a56-b032-fc17e347e983': (datetime.datetime(2021, 10, 24, 20, 11, 16, tzinfo=tzlocal()), datetime.datetime(2021, 10, 24, 20, 11, 47, tzinfo=tzlocal())), 'b6b14bfe-e05f-4866-8493-9d2dd2361141': (datetime.datetime(2021, 10, 24, 20, 17, 16, tzinfo=tzlocal()), datetime.datetime(2021, 10, 24, 20, 17, 29, tzinfo=tzlocal())), 'b78e9321-b308-47e6-8398-da13f814c14b': (datetime.datetime(2021, 10, 24, 20, 11, 41, tzinfo=tzlocal()), datetime.datetime(2021, 10, 24, 20, 11, 54, tzinfo=tzlocal())), 'b9a947c4-967b-4567-9b15-8c83ce32ce6f': (datetime.datetime(2021, 10, 24, 20, 16, 6, tzinfo=tzlocal()), datetime.datetime(2021, 10, 24, 20, 16, 33, tzinfo=tzlocal())), 'bb128a5d-5a56-4a8b-9cf5-7b91737c87cc': (datetime.datetime(2021, 10, 24, 20, 8, 56, tzinfo=tzlocal()), datetime.datetime(2021, 10, 24, 20, 9, 18, tzinfo=tzlocal())), 'c0e1d7e3-dec3-49cd-bd79-3a20e3e366a8': (datetime.datetime(2021, 10, 24, 20, 15, 15, tzinfo=tzlocal()), datetime.datetime(2021, 10, 24, 20, 15, 26, tzinfo=tzlocal())), 'dc619226-40a0-4f2f-b185-891e8179d7bb': (datetime.datetime(2021, 10, 24, 20, 13, 26, tzinfo=tzlocal()), datetime.datetime(2021, 10, 24, 20, 14, 1, tzinfo=tzlocal())), 'e35ed73d-0abc-41b0-a754-b5856cc8655a': (datetime.datetime(2021, 10, 24, 20, 13, 15, tzinfo=tzlocal()), datetime.datetime(2021, 10, 24, 20, 13, 31, tzinfo=tzlocal())), 'f906c3aa-c300-4133-a229-60cea9600311': (datetime.datetime(2021, 10, 24, 20, 14, 30, tzinfo=tzlocal()), datetime.datetime(2021, 10, 24, 20, 14, 55, tzinfo=tzlocal())), 'fa9eedf2-cbab-43f9-8dcc-ef0eddbb6a22': (datetime.datetime(2021, 10, 24, 20, 17, 30, tzinfo=tzlocal()), datetime.datetime(2021, 10, 24, 20, 17, 52, tzinfo=tzlocal())), 'fb09b083-b918-47ff-b76b-61bd2ade0a67': (datetime.datetime(2021, 10, 24, 20, 16, 31, tzinfo=tzlocal()), datetime.datetime(2021, 10, 24, 20, 17, 11, tzinfo=tzlocal()))}




id,network,job_type,image_size,num_imgs,device,batch_size,data_parallelism,response_time
64a98c9e,style2,random,512,100,cuda:0,8,1,10493
64214c37,mobile,interpolation,1024,100,cuda:0,8,1,10475
bb128a5d,anycost,random,1024,400,cuda:0,4,1,22456
5c9c7fc6,style2ada,random,256,400,cuda:1,8,1,19422
9bbc28c1,swa,random,256,800,cuda:1,8,1,31367
85639bd4,stylemap,interpolation,512,100,cuda:0,4,1,21291
0ceb45a5,style2ada,interpolation,1024,200,cuda:0,4,1,18273
622b0888,stylemap,interpolation,256,800,cuda:0,4,1,99252
052eb20b,style2,interpolation,256,400,cuda:1,8,1,23196
6937bfb3,anycost,random,256,200,cuda:0,8,1,19180
ac33e0a9,anycost,random,512,400,cuda:0,8,1,53161
63eb2338,stylemap,interpolation,1024,200,cuda:0,1,1,151137
9c9d7086,stylemap,interpolation,512,400,cuda:0,2,1,125121
4584e340,style2ada,interpolation,256,800,cuda:1,8,1,34092
5a6d3a4f,mobile,random,512,200,cuda:1,8,1,21049
9887740a,stylemap,random,1024,100,-1,-1,1,-1
b284705b,stylemap,random,1024,100,-1,-1,1,-1
b24f115a,style2ada,interpolation,512,400,cuda:1,4,1,32008
8e10e921,style2ada,interpolation,256,100,cuda:1,8,1,23982
ad0ea661,style2ada,random,1024,800,cuda:1,2,1,129965
78f373c5,mobile,random,512,800,cuda:1,8,1,34965
b78e9321,mobile,interpolation,512,200,cuda:0,8,1,13927
399d8fc3,style1,random,1024,800,cuda:1,2,1,62864
457f751f,anycost,interpolation,1024,400,cuda:0,2,1,65795
980bcbba,stylemap,interpolation,256,100,cuda:1,1,1,54781
78ed812d,stylemap,interpolation,256,100,-1,-1,1,-1
a2c09d0e,stylemap,interpolation,512,100,-1,-1,1,-1
ade42407,anycost,random,512,400,cuda:0,4,1,29667
02952b86,style1,random,1024,400,cuda:0,2,1,19604
b1ba422f,mobile,interpolation,1024,100,cuda:0,4,1,10575
e35ed73d,style1,random,512,400,cuda:1,8,1,16516
dc619226,anycost,interpolation,1024,800,cuda:0,4,1,36468
78aecc74,anycost,interpolation,512,400,cuda:1,4,1,26449
55889bac,mobile,random,1024,100,cuda:0,4,1,12425
8c03a66e,style2ada,interpolation,256,400,cuda:1,8,1,18397
365e6631,style2,interpolation,256,200,cuda:0,8,1,11369
f906c3aa,swa,interpolation,256,800,cuda:1,8,1,25343
40fe52a1,stylemap,interpolation,256,200,cuda:0,8,1,19289
811e75ad,anycost,random,256,200,cuda:1,8,1,16261
872bc38e,style2,random,1024,800,cuda:0,4,1,42241
7ca3051e,style2ada,interpolation,256,400,cuda:0,8,1,17229
c0e1d7e3,style1,interpolation,256,400,cuda:1,8,1,11213
4b3cad96,style1,interpolation,1024,100,cuda:0,4,1,12180
27b70543,mobile,random,1024,200,cuda:0,8,1,11151
1ec2ab3a,swa,interpolation,1024,400,cuda:0,8,1,23067
99707c0b,anycost,interpolation,256,200,cuda:1,8,1,21053
b9a947c4,style2,random,512,800,cuda:0,8,1,28037
69cb79e8,swa,random,256,200,cuda:1,8,1,16021
fb09b083,style1,interpolation,1024,800,cuda:1,2,1,40992
5689d232,stylemap,interpolation,512,200,cuda:0,4,1,40943
67fa69a3,swa,interpolation,1024,400,cuda:1,4,1,54916
6d89da1c,mobile,random,512,800,cuda:1,8,1,35900
b6b14bfe,swa,random,512,200,cuda:0,8,1,13814
fa9eedf2,mobile,random,256,800,cuda:1,8,1,26741
9c3c52e6,style2,random,256,800,cuda:0,8,1,16711
aa971fab,mobile,random,512,200,cuda:1,8,1,11631
17473e7b,style1,random,256,200,cuda:1,8,1,19545
832ffd05,style2,random,1024,200,cuda:0,4,1,23485
c19ddb9b,swa,interpolation,1024,800,cuda:0,8,1,-1
a35df074,mobile,random,256,200,cuda:1,8,1,10445




