/usr/local/lib/python3.8/dist-packages/dataclasses_json/core.py:171: RuntimeWarning: `NoneType` object value of non-optional type config_path detected when decoding BareConfig.
  warnings.warn(f"`NoneType` object {warning}.", RuntimeWarning)
10-24-2021 18:07:15 root         INFO     Starting in cluster mode.
10-24-2021 18:07:15 root         INFO     Starting as Orchestrator
10-24-2021 18:07:15 root         INFO     Starting Orchestrator, initializing resources....
10-24-2021 18:07:15 root         INFO     Loading in cluster configuration file
10-24-2021 18:07:15 root         INFO     Pointing configuration to in cluster configuration.
10-24-2021 18:07:15 root         INFO     Starting cluster manager
10-24-2021 18:07:15 root         INFO     Starting arrival generator
10-24-2021 18:07:15 root         INFO     Starting orchestrator
swa 512 100 8 cuda:1 7560
swa 1024 100 8 cuda:0 14328
style2 256 200 8 cuda:1 7376
style2 256 800 8 cuda:1 7376
style2 256 800 8 cuda:0 7376
mobile 256 400 8 cuda:1 1488
swa 1024 800 8 cuda:0 14328
swa 1024 200 8 cuda:0 14328
stylemap 512 200 1 cuda:1 7768
style1 512 100 8 cuda:1 5952
swa 256 400 8 cuda:1 4152
style2ada 1024 100 4 cuda:0 15984
style1 1024 100 8 cuda:0 21152
style1 1024 100 8 cuda:0 21152
style2 512 200 8 cuda:0 13608
style2ada 256 400 8 cuda:1 8328
anycost 512 200 8 cuda:0 13616
anycost 256 800 8 cuda:1 7392
style1 1024 200 8 cuda:0 21152
anycost 1024 100 4 cuda:0 14072
style1 512 800 8 cuda:1 5952
anycost 256 200 8 cuda:1 7392
swa 512 200 8 cuda:1 7560
anycost 256 200 8 cuda:1 7392
swa 256 400 8 cuda:1 4152
swa 256 800 8 cuda:1 4152
swa 512 200 8 cuda:1 7560
mobile 256 200 8 cuda:1 1488
swa 1024 200 8 cuda:0 14328
swa 512 200 8 cuda:1 7560
swa 256 200 8 cuda:1 4152
stylemap 1024 200 2 cuda:0 23976
mobile 256 800 8 cuda:1 1488
style1 512 800 8 cuda:1 5952
style2ada 512 100 4 cuda:1 8312
style2 256 100 8 cuda:1 7376
style2ada 512 100 8 cuda:0 15664
style1 512 400 8 cuda:1 5952
style1 256 200 8 cuda:1 2008
mobile 512 100 8 cuda:1 5176
swa 512 200 8 cuda:1 7560




task_info={UUID('3981f759-4545-42db-8c94-918a4e64c001'): ('swa', 512, 'interpolation', 100, 'cuda:1', 8, 1), UUID('02206c26-f44d-48a9-a529-ecded6f9685a'): ('swa', 1024, 'random', 100, 'cuda:0', 8, 1), UUID('15b436e7-84de-48f1-9f73-7d1b2139ce00'): ('style2', 256, 'random', 200, 'cuda:1', 8, 1), UUID('9f7784c5-b407-43b2-a68b-d0df5dc98ae5'): ('style2', 256, 'random', 800, 'cuda:1', 8, 1), UUID('66483a53-8239-45a4-b0db-52b88bd98656'): ('style2', 256, 'random', 800, 'cuda:0', 8, 1), UUID('5bbafa1a-b606-4cef-a305-e1992656b45b'): ('mobile', 256, 'interpolation', 400, 'cuda:1', 8, 1), UUID('0f88868d-55e6-4203-b329-2dbb9340f38e'): ('swa', 1024, 'interpolation', 800, 'cuda:0', 8, 1), UUID('0a029ab2-e0f5-4834-810c-7e65ba832457'): ('swa', 1024, 'interpolation', 200, 'cuda:0', 8, 1), UUID('573da978-a38b-4ab4-934b-28aa25eb333e'): ('stylemap', 512, 'interpolation', 200, 'cuda:1', 1, 1), UUID('ff021ffa-ad53-4114-9435-a21c6faab376'): ('style1', 512, 'random', 100, 'cuda:1', 8, 1), UUID('b981d987-21cb-4a08-9b1f-93e6400196de'): ('swa', 256, 'interpolation', 400, 'cuda:1', 8, 1), UUID('78680c4e-b14c-47a3-a1af-58fdc4c9d6f1'): ('style2ada', 1024, 'interpolation', 100, 'cuda:0', 4, 1), UUID('8da29c45-99d3-488f-a5c8-dc0d2989b07f'): ('style1', 1024, 'interpolation', 100, 'cuda:0', 8, 1), UUID('b6e136cb-3f76-4126-8a18-9ee471a792be'): ('style1', 1024, 'interpolation', 100, 'cuda:0', 8, 1), UUID('58467c92-0e65-4789-902d-4fab5abbc364'): ('style2', 512, 'random', 200, 'cuda:0', 8, 1), UUID('c069fe73-37f4-451e-aec6-a3630f89476c'): ('style2ada', 256, 'random', 400, 'cuda:1', 8, 1), UUID('841513cb-4dc6-42fe-86d5-ae98771f2413'): ('anycost', 512, 'interpolation', 200, 'cuda:0', 8, 1), UUID('f24ae857-5b5b-44d8-a15f-f9aecd69b678'): ('anycost', 256, 'random', 800, 'cuda:1', 8, 1), UUID('08f03a7e-e440-46ec-b84b-7d0524c4600b'): ('style1', 1024, 'random', 200, 'cuda:0', 8, 1), UUID('2856a2b5-116c-4ef9-baff-dc75ed201bf6'): ('anycost', 1024, 'interpolation', 100, 'cuda:0', 4, 1), UUID('5714b178-ba09-4c5c-ad34-fd775070f796'): ('style1', 512, 'interpolation', 800, 'cuda:1', 8, 1), UUID('7dfd7416-593a-4268-bbd9-0f0abd999637'): ('anycost', 256, 'random', 200, 'cuda:1', 8, 1), UUID('7bcac89d-627f-4021-b430-33da9afcaa3c'): ('swa', 512, 'random', 200, 'cuda:1', 8, 1), UUID('a444442c-f9fd-49a0-879f-fa08f633142b'): ('anycost', 256, 'interpolation', 200, 'cuda:1', 8, 1), UUID('60835ff5-2806-443b-802c-df7daa368fe3'): ('swa', 256, 'random', 400, 'cuda:1', 8, 1), UUID('c9ccb480-861b-492e-9da4-be89a7c6e70a'): ('swa', 256, 'random', 800, 'cuda:1', 8, 1), UUID('b87621a1-8213-4c3b-af11-f48f73e1418c'): ('swa', 512, 'random', 200, 'cuda:1', 8, 1), UUID('0a0dfa45-41c5-419e-ba7e-7d4bc72d3185'): ('mobile', 256, 'interpolation', 200, 'cuda:1', 8, 1), UUID('8ff2c6b6-8cee-4c35-8f06-15ec5427e0bd'): ('swa', 1024, 'interpolation', 200, 'cuda:0', 8, 1), UUID('e292bbf0-cee5-41d7-8201-6b961c4ab464'): ('swa', 512, 'interpolation', 200, 'cuda:1', 8, 1), UUID('0ee0d403-d087-4438-aa13-9ff5264d5602'): ('swa', 256, 'random', 200, 'cuda:1', 8, 1), UUID('bd3e0963-591a-4aeb-89e0-0db4ef5bc89c'): ('stylemap', 1024, 'random', 200, 'cuda:0', 2, 1), UUID('42ef1f45-2f56-4201-8474-31cebd421b90'): ('mobile', 256, 'interpolation', 800, 'cuda:1', 8, 1), UUID('04ca91f9-cd8f-47f5-aa1b-68f400a34f8c'): ('style1', 512, 'random', 800, 'cuda:1', 8, 1), UUID('aab39371-c9dd-4669-87c5-881df898631a'): ('style2ada', 512, 'interpolation', 100, 'cuda:1', 4, 1), UUID('4d0975b0-7c5f-44d3-91fc-47f86fb7a788'): ('style2', 256, 'interpolation', 100, 'cuda:1', 8, 1), UUID('ae9dfb9c-dbec-430e-91ac-550242dbf59d'): ('style2ada', 512, 'random', 100, 'cuda:0', 8, 1), UUID('f6635284-b58c-4003-91ca-4358b9f389f6'): ('style1', 512, 'random', 400, 'cuda:1', 8, 1), UUID('82430d9d-abdb-4ef6-a591-d7c6c375521b'): ('style1', 256, 'random', 200, 'cuda:1', 8, 1), UUID('eb342964-ca7b-48cf-a9d9-b9a9822df735'): ('mobile', 512, 'interpolation', 100, 'cuda:1', 8, 1), UUID('26796cb1-5faa-4551-bc6f-4cebc30a217d'): ('swa', 512, 'random', 200, 'cuda:1', 8, 1)}
arrival_times={UUID('3981f759-4545-42db-8c94-918a4e64c001'): datetime.datetime(2021, 10, 24, 18, 7, 35, 435865), UUID('02206c26-f44d-48a9-a529-ecded6f9685a'): datetime.datetime(2021, 10, 24, 18, 7, 45, 458610), UUID('15b436e7-84de-48f1-9f73-7d1b2139ce00'): datetime.datetime(2021, 10, 24, 18, 8, 0, 482512), UUID('9f7784c5-b407-43b2-a68b-d0df5dc98ae5'): datetime.datetime(2021, 10, 24, 18, 8, 20, 507990), UUID('66483a53-8239-45a4-b0db-52b88bd98656'): datetime.datetime(2021, 10, 24, 18, 8, 30, 526588), UUID('5bbafa1a-b606-4cef-a305-e1992656b45b'): datetime.datetime(2021, 10, 24, 18, 8, 45, 560678), UUID('0f88868d-55e6-4203-b329-2dbb9340f38e'): datetime.datetime(2021, 10, 24, 18, 8, 55, 622733), UUID('0a029ab2-e0f5-4834-810c-7e65ba832457'): datetime.datetime(2021, 10, 24, 18, 9, 15, 651777), UUID('573da978-a38b-4ab4-934b-28aa25eb333e'): datetime.datetime(2021, 10, 24, 18, 9, 25, 679746), UUID('ff021ffa-ad53-4114-9435-a21c6faab376'): datetime.datetime(2021, 10, 24, 18, 9, 40, 750759), UUID('b981d987-21cb-4a08-9b1f-93e6400196de'): datetime.datetime(2021, 10, 24, 18, 9, 50, 766710), UUID('78680c4e-b14c-47a3-a1af-58fdc4c9d6f1'): datetime.datetime(2021, 10, 24, 18, 10, 5, 793808), UUID('8da29c45-99d3-488f-a5c8-dc0d2989b07f'): datetime.datetime(2021, 10, 24, 18, 10, 20, 824788), UUID('b6e136cb-3f76-4126-8a18-9ee471a792be'): datetime.datetime(2021, 10, 24, 18, 10, 35, 842610), UUID('58467c92-0e65-4789-902d-4fab5abbc364'): datetime.datetime(2021, 10, 24, 18, 10, 50, 872024), UUID('c069fe73-37f4-451e-aec6-a3630f89476c'): datetime.datetime(2021, 10, 24, 18, 11, 0, 951070), UUID('841513cb-4dc6-42fe-86d5-ae98771f2413'): datetime.datetime(2021, 10, 24, 18, 11, 15, 974548), UUID('f24ae857-5b5b-44d8-a15f-f9aecd69b678'): datetime.datetime(2021, 10, 24, 18, 11, 25, 994649), UUID('08f03a7e-e440-46ec-b84b-7d0524c4600b'): datetime.datetime(2021, 10, 24, 18, 11, 41, 31030), UUID('2856a2b5-116c-4ef9-baff-dc75ed201bf6'): datetime.datetime(2021, 10, 24, 18, 11, 51, 108746), UUID('5714b178-ba09-4c5c-ad34-fd775070f796'): datetime.datetime(2021, 10, 24, 18, 11, 56, 127546), UUID('7dfd7416-593a-4268-bbd9-0f0abd999637'): datetime.datetime(2021, 10, 24, 18, 12, 11, 146857), UUID('7bcac89d-627f-4021-b430-33da9afcaa3c'): datetime.datetime(2021, 10, 24, 18, 12, 31, 181908), UUID('a444442c-f9fd-49a0-879f-fa08f633142b'): datetime.datetime(2021, 10, 24, 18, 12, 41, 201553), UUID('60835ff5-2806-443b-802c-df7daa368fe3'): datetime.datetime(2021, 10, 24, 18, 12, 51, 226616), UUID('c9ccb480-861b-492e-9da4-be89a7c6e70a'): datetime.datetime(2021, 10, 24, 18, 13, 11, 254636), UUID('b87621a1-8213-4c3b-af11-f48f73e1418c'): datetime.datetime(2021, 10, 24, 18, 13, 26, 358637), UUID('0a0dfa45-41c5-419e-ba7e-7d4bc72d3185'): datetime.datetime(2021, 10, 24, 18, 13, 46, 386616), UUID('8ff2c6b6-8cee-4c35-8f06-15ec5427e0bd'): datetime.datetime(2021, 10, 24, 18, 14, 1, 415847), UUID('e292bbf0-cee5-41d7-8201-6b961c4ab464'): datetime.datetime(2021, 10, 24, 18, 14, 21, 523715), UUID('0ee0d403-d087-4438-aa13-9ff5264d5602'): datetime.datetime(2021, 10, 24, 18, 14, 31, 547838), UUID('bd3e0963-591a-4aeb-89e0-0db4ef5bc89c'): datetime.datetime(2021, 10, 24, 18, 14, 46, 568514), UUID('42ef1f45-2f56-4201-8474-31cebd421b90'): datetime.datetime(2021, 10, 24, 18, 15, 1, 634626), UUID('04ca91f9-cd8f-47f5-aa1b-68f400a34f8c'): datetime.datetime(2021, 10, 24, 18, 15, 26, 674728), UUID('aab39371-c9dd-4669-87c5-881df898631a'): datetime.datetime(2021, 10, 24, 18, 15, 36, 699713), UUID('4d0975b0-7c5f-44d3-91fc-47f86fb7a788'): datetime.datetime(2021, 10, 24, 18, 15, 51, 742644), UUID('ae9dfb9c-dbec-430e-91ac-550242dbf59d'): datetime.datetime(2021, 10, 24, 18, 16, 11, 786603), UUID('f6635284-b58c-4003-91ca-4358b9f389f6'): datetime.datetime(2021, 10, 24, 18, 16, 26, 810645), UUID('82430d9d-abdb-4ef6-a591-d7c6c375521b'): datetime.datetime(2021, 10, 24, 18, 16, 36, 882607), UUID('eb342964-ca7b-48cf-a9d9-b9a9822df735'): datetime.datetime(2021, 10, 24, 18, 17, 1, 921815), UUID('26796cb1-5faa-4551-bc6f-4cebc30a217d'): datetime.datetime(2021, 10, 24, 18, 17, 11, 948848)}
finish_times={'02206c26-f44d-48a9-a529-ecded6f9685a': (datetime.datetime(2021, 10, 24, 18, 7, 46, tzinfo=tzlocal()), datetime.datetime(2021, 10, 24, 18, 7, 58, tzinfo=tzlocal())), '04ca91f9-cd8f-47f5-aa1b-68f400a34f8c': (datetime.datetime(2021, 10, 24, 18, 15, 27, tzinfo=tzlocal()), datetime.datetime(2021, 10, 24, 18, 15, 46, tzinfo=tzlocal())), '08f03a7e-e440-46ec-b84b-7d0524c4600b': (datetime.datetime(2021, 10, 24, 18, 11, 42, tzinfo=tzlocal()), datetime.datetime(2021, 10, 24, 18, 11, 52, tzinfo=tzlocal())), '0a029ab2-e0f5-4834-810c-7e65ba832457': (datetime.datetime(2021, 10, 24, 18, 9, 16, tzinfo=tzlocal()), datetime.datetime(2021, 10, 24, 18, 9, 36, tzinfo=tzlocal())), '0a0dfa45-41c5-419e-ba7e-7d4bc72d3185': (datetime.datetime(2021, 10, 24, 18, 13, 47, tzinfo=tzlocal()), datetime.datetime(2021, 10, 24, 18, 13, 57, tzinfo=tzlocal())), '0ee0d403-d087-4438-aa13-9ff5264d5602': (datetime.datetime(2021, 10, 24, 18, 14, 32, tzinfo=tzlocal()), datetime.datetime(2021, 10, 24, 18, 14, 46, tzinfo=tzlocal())), '0f88868d-55e6-4203-b329-2dbb9340f38e': (datetime.datetime(2021, 10, 24, 18, 8, 57, tzinfo=tzlocal()), datetime.datetime(2021, 10, 24, 18, 9, 32, tzinfo=tzlocal())), '15b436e7-84de-48f1-9f73-7d1b2139ce00': (datetime.datetime(2021, 10, 24, 18, 8, 1, tzinfo=tzlocal()), datetime.datetime(2021, 10, 24, 18, 8, 18, tzinfo=tzlocal())), '2856a2b5-116c-4ef9-baff-dc75ed201bf6': (datetime.datetime(2021, 10, 24, 18, 11, 53, tzinfo=tzlocal()), datetime.datetime(2021, 10, 24, 18, 12, 6, tzinfo=tzlocal())), '3981f759-4545-42db-8c94-918a4e64c001': (datetime.datetime(2021, 10, 24, 18, 7, 36, tzinfo=tzlocal()), datetime.datetime(2021, 10, 24, 18, 7, 55, tzinfo=tzlocal())), '42ef1f45-2f56-4201-8474-31cebd421b90': (datetime.datetime(2021, 10, 24, 18, 15, 2, tzinfo=tzlocal()), datetime.datetime(2021, 10, 24, 18, 15, 19, tzinfo=tzlocal())), '4d0975b0-7c5f-44d3-91fc-47f86fb7a788': (datetime.datetime(2021, 10, 24, 18, 15, 56, tzinfo=tzlocal()), datetime.datetime(2021, 10, 24, 18, 16, 9, tzinfo=tzlocal())), '5714b178-ba09-4c5c-ad34-fd775070f796': (datetime.datetime(2021, 10, 24, 18, 11, 57, tzinfo=tzlocal()), datetime.datetime(2021, 10, 24, 18, 12, 14, tzinfo=tzlocal())), '573da978-a38b-4ab4-934b-28aa25eb333e': (datetime.datetime(2021, 10, 24, 18, 9, 26, tzinfo=tzlocal()), datetime.datetime(2021, 10, 24, 18, 10, 20, tzinfo=tzlocal())), '58467c92-0e65-4789-902d-4fab5abbc364': (datetime.datetime(2021, 10, 24, 18, 10, 53, tzinfo=tzlocal()), datetime.datetime(2021, 10, 24, 18, 11, 4, tzinfo=tzlocal())), '5bbafa1a-b606-4cef-a305-e1992656b45b': (datetime.datetime(2021, 10, 24, 18, 8, 46, tzinfo=tzlocal()), datetime.datetime(2021, 10, 24, 18, 8, 56, tzinfo=tzlocal())), '60835ff5-2806-443b-802c-df7daa368fe3': (datetime.datetime(2021, 10, 24, 18, 12, 56, tzinfo=tzlocal()), datetime.datetime(2021, 10, 24, 18, 13, 13, tzinfo=tzlocal())), '66483a53-8239-45a4-b0db-52b88bd98656': (datetime.datetime(2021, 10, 24, 18, 8, 31, tzinfo=tzlocal()), datetime.datetime(2021, 10, 24, 18, 8, 46, tzinfo=tzlocal())), '78680c4e-b14c-47a3-a1af-58fdc4c9d6f1': (datetime.datetime(2021, 10, 24, 18, 10, 6, tzinfo=tzlocal()), datetime.datetime(2021, 10, 24, 18, 10, 17, tzinfo=tzlocal())), '7bcac89d-627f-4021-b430-33da9afcaa3c': (datetime.datetime(2021, 10, 24, 18, 12, 32, tzinfo=tzlocal()), datetime.datetime(2021, 10, 24, 18, 12, 49, tzinfo=tzlocal())), '7dfd7416-593a-4268-bbd9-0f0abd999637': (datetime.datetime(2021, 10, 24, 18, 12, 12, tzinfo=tzlocal()), datetime.datetime(2021, 10, 24, 18, 12, 25, tzinfo=tzlocal())), '82430d9d-abdb-4ef6-a591-d7c6c375521b': (datetime.datetime(2021, 10, 24, 18, 16, 38, tzinfo=tzlocal()), datetime.datetime(2021, 10, 24, 18, 16, 47, tzinfo=tzlocal())), '841513cb-4dc6-42fe-86d5-ae98771f2413': (datetime.datetime(2021, 10, 24, 18, 11, 17, tzinfo=tzlocal()), datetime.datetime(2021, 10, 24, 18, 11, 28, tzinfo=tzlocal())), '8da29c45-99d3-488f-a5c8-dc0d2989b07f': (datetime.datetime(2021, 10, 24, 18, 10, 23, tzinfo=tzlocal()), datetime.datetime(2021, 10, 24, 18, 10, 31, tzinfo=tzlocal())), '8ff2c6b6-8cee-4c35-8f06-15ec5427e0bd': (datetime.datetime(2021, 10, 24, 18, 14, 2, tzinfo=tzlocal()), datetime.datetime(2021, 10, 24, 18, 14, 18, tzinfo=tzlocal())), '9f7784c5-b407-43b2-a68b-d0df5dc98ae5': (datetime.datetime(2021, 10, 24, 18, 8, 21, tzinfo=tzlocal()), datetime.datetime(2021, 10, 24, 18, 8, 50, tzinfo=tzlocal())), 'a444442c-f9fd-49a0-879f-fa08f633142b': (datetime.datetime(2021, 10, 24, 18, 12, 42, tzinfo=tzlocal()), datetime.datetime(2021, 10, 24, 18, 12, 56, tzinfo=tzlocal())), 'aab39371-c9dd-4669-87c5-881df898631a': (datetime.datetime(2021, 10, 24, 18, 15, 37, tzinfo=tzlocal()), datetime.datetime(2021, 10, 24, 18, 15, 53, tzinfo=tzlocal())), 'ae9dfb9c-dbec-430e-91ac-550242dbf59d': (datetime.datetime(2021, 10, 24, 18, 16, 12, tzinfo=tzlocal()), datetime.datetime(2021, 10, 24, 18, 16, 21, tzinfo=tzlocal())), 'b6e136cb-3f76-4126-8a18-9ee471a792be': (datetime.datetime(2021, 10, 24, 18, 10, 37, tzinfo=tzlocal()), datetime.datetime(2021, 10, 24, 18, 10, 46, tzinfo=tzlocal())), 'b87621a1-8213-4c3b-af11-f48f73e1418c': (datetime.datetime(2021, 10, 24, 18, 13, 27, tzinfo=tzlocal()), datetime.datetime(2021, 10, 24, 18, 13, 43, tzinfo=tzlocal())), 'b981d987-21cb-4a08-9b1f-93e6400196de': (datetime.datetime(2021, 10, 24, 18, 9, 52, tzinfo=tzlocal()), datetime.datetime(2021, 10, 24, 18, 10, 26, tzinfo=tzlocal())), 'bd3e0963-591a-4aeb-89e0-0db4ef5bc89c': (datetime.datetime(2021, 10, 24, 18, 14, 47, tzinfo=tzlocal()), datetime.datetime(2021, 10, 24, 18, 15, 57, tzinfo=tzlocal())), 'c069fe73-37f4-451e-aec6-a3630f89476c': (datetime.datetime(2021, 10, 24, 18, 11, 2, tzinfo=tzlocal()), datetime.datetime(2021, 10, 24, 18, 11, 19, tzinfo=tzlocal())), 'c9ccb480-861b-492e-9da4-be89a7c6e70a': (datetime.datetime(2021, 10, 24, 18, 13, 12, tzinfo=tzlocal()), datetime.datetime(2021, 10, 24, 18, 13, 35, tzinfo=tzlocal())), 'e292bbf0-cee5-41d7-8201-6b961c4ab464': (datetime.datetime(2021, 10, 24, 18, 14, 25, tzinfo=tzlocal()), datetime.datetime(2021, 10, 24, 18, 14, 41, tzinfo=tzlocal())), 'eb342964-ca7b-48cf-a9d9-b9a9822df735': (datetime.datetime(2021, 10, 24, 18, 17, 2, tzinfo=tzlocal()), datetime.datetime(2021, 10, 24, 18, 17, 12, tzinfo=tzlocal())), 'f24ae857-5b5b-44d8-a15f-f9aecd69b678': (datetime.datetime(2021, 10, 24, 18, 11, 27, tzinfo=tzlocal()), datetime.datetime(2021, 10, 24, 18, 11, 53, tzinfo=tzlocal())), 'f6635284-b58c-4003-91ca-4358b9f389f6': (datetime.datetime(2021, 10, 24, 18, 16, 27, tzinfo=tzlocal()), datetime.datetime(2021, 10, 24, 18, 16, 40, tzinfo=tzlocal())), 'ff021ffa-ad53-4114-9435-a21c6faab376': (datetime.datetime(2021, 10, 24, 18, 9, 41, tzinfo=tzlocal()), datetime.datetime(2021, 10, 24, 18, 9, 54, tzinfo=tzlocal()))}




id,network,job_type,image_size,num_imgs,device,batch_size,data_parallelism,response_time
3981f759,swa,interpolation,512,100,cuda:1,8,1,19564
02206c26,swa,random,1024,100,cuda:0,8,1,12541
15b436e7,style2,random,256,200,cuda:1,8,1,17517
9f7784c5,style2,random,256,800,cuda:1,8,1,29492
66483a53,style2,random,256,800,cuda:0,8,1,15473
5bbafa1a,mobile,interpolation,256,400,cuda:1,8,1,10439
0f88868d,swa,interpolation,1024,800,cuda:0,8,1,36377
0a029ab2,swa,interpolation,1024,200,cuda:0,8,1,20348
573da978,stylemap,interpolation,512,200,cuda:1,1,1,54320
ff021ffa,style1,random,512,100,cuda:1,8,1,13249
b981d987,swa,interpolation,256,400,cuda:1,8,1,35233
78680c4e,style2ada,interpolation,1024,100,cuda:0,4,1,11206
8da29c45,style1,interpolation,1024,100,cuda:0,8,1,10175
b6e136cb,style1,interpolation,1024,100,cuda:0,8,1,10157
58467c92,style2,random,512,200,cuda:0,8,1,13127
c069fe73,style2ada,random,256,400,cuda:1,8,1,18048
841513cb,anycost,interpolation,512,200,cuda:0,8,1,12025
f24ae857,anycost,random,256,800,cuda:1,8,1,27005
08f03a7e,style1,random,1024,200,cuda:0,8,1,10968
2856a2b5,anycost,interpolation,1024,100,cuda:0,4,1,14891
5714b178,style1,interpolation,512,800,cuda:1,8,1,17872
7dfd7416,anycost,random,256,200,cuda:1,8,1,13853
7bcac89d,swa,random,512,200,cuda:1,8,1,17818
a444442c,anycost,interpolation,256,200,cuda:1,8,1,14798
60835ff5,swa,random,256,400,cuda:1,8,1,21773
c9ccb480,swa,random,256,800,cuda:1,8,1,23745
b87621a1,swa,random,512,200,cuda:1,8,1,16641
0a0dfa45,mobile,interpolation,256,200,cuda:1,8,1,10613
8ff2c6b6,swa,interpolation,1024,200,cuda:0,8,1,16584
e292bbf0,swa,interpolation,512,200,cuda:1,8,1,19476
0ee0d403,swa,random,256,200,cuda:1,8,1,14452
bd3e0963,stylemap,random,1024,200,cuda:0,2,1,70431
42ef1f45,mobile,interpolation,256,800,cuda:1,8,1,17365
04ca91f9,style1,random,512,800,cuda:1,8,1,19325
aab39371,style2ada,interpolation,512,100,cuda:1,4,1,16300
4d0975b0,style2,interpolation,256,100,cuda:1,8,1,17257
ae9dfb9c,style2ada,random,512,100,cuda:0,8,1,9213
f6635284,style1,random,512,400,cuda:1,8,1,13189
82430d9d,style1,random,256,200,cuda:1,8,1,10117
eb342964,mobile,interpolation,512,100,cuda:1,8,1,10078
26796cb1,swa,random,512,200,cuda:1,8,1,-1




