/usr/local/lib/python3.8/dist-packages/dataclasses_json/core.py:171: RuntimeWarning: `NoneType` object value of non-optional type config_path detected when decoding BareConfig.
  warnings.warn(f"`NoneType` object {warning}.", RuntimeWarning)
10-24-2021 19:57:26 root         INFO     Starting in cluster mode.
10-24-2021 19:57:26 root         INFO     Starting as Orchestrator
10-24-2021 19:57:26 root         INFO     Starting Orchestrator, initializing resources....
10-24-2021 19:57:26 root         INFO     Loading in cluster configuration file
10-24-2021 19:57:26 root         INFO     Pointing configuration to in cluster configuration.
10-24-2021 19:57:26 root         INFO     Starting cluster manager
10-24-2021 19:57:26 root         INFO     Starting arrival generator
10-24-2021 19:57:26 root         INFO     Starting orchestrator
stylemap 256 100 8 cuda:0 23344
swa 256 400 8 cuda:1 4152
mobile 1024 800 4 cuda:0 10096
stylemap 256 100 4 cuda:0 12904
anycost 512 800 8 cuda:0 13616
stylemap 512 800 1 cuda:1 7768
mobile 512 200 8 cuda:1 5176
style2 512 800 8 cuda:0 13608
swa 1024 100 8 cuda:0 14328
style2 256 800 8 cuda:1 7376
style2ada 256 800 1 cuda:1 1872
style2ada 1024 400 4 cuda:0 15984
swa 256 400 8 cuda:0 4152
anycost 256 200 8 cuda:0 7392
style2ada 512 800 1 cuda:0 2800
mobile 256 200 8 cuda:0 1488
style2 512 400 8 cuda:0 13608
mobile 1024 400 8 cuda:0 18792
style2ada 512 800 4 cuda:0 8312
anycost 512 400 2 cuda:1 4120
style2ada 512 100 2 cuda:1 4632
style2 512 800 8 cuda:0 13608
mobile 1024 100 1 cuda:0 2800
style2 256 800 1 cuda:1 1736
anycost 1024 400 4 cuda:0 14072
style2 256 400 8 cuda:0 7376
anycost 1024 200 4 cuda:0 14072
style2 256 200 8 cuda:0 7376
style2 1024 100 1 cuda:1 4272
style2 256 100 8 cuda:0 7376
style2 1024 400 4 cuda:0 14048
swa 256 800 8 cuda:0 4152
style2ada 1024 400 2 cuda:0 8504
swa 256 400 8 cuda:1 4152
style1 256 200 8 cuda:1 2008
stylemap 512 200 2 cuda:0 13096
style1 512 200 8 cuda:1 5952
anycost 512 100 8 cuda:0 13616
anycost 512 200 4 cuda:1 7280
style1 256 800 8 cuda:1 2008
style1 256 400 8 cuda:1 2008
style1 512 200 8 cuda:1 5952
style2 1024 100 4 cuda:0 14048
style2ada 256 100 8 cuda:1 8328
style2ada 1024 200 4 cuda:0 15984
anycost 256 400 8 cuda:1 7392
swa 512 100 8 cuda:1 7560
style2ada 512 100 8 cuda:0 15664
mobile 512 100 8 cuda:1 5176
mobile 1024 400 8 cuda:0 18792
style1 1024 100 8 cuda:0 21152
style2 256 400 8 cuda:1 7376
style2ada 256 100 8 cuda:0 8328
style2 512 400 8 cuda:0 13608
stylemap 256 400 4 cuda:0 12904
anycost 256 800 8 cuda:1 7392
style2ada 512 800 8 cuda:0 15664
style2ada 512 400 8 cuda:0 15664
mobile 1024 800 2 cuda:1 5232
swa 512 100 4 cuda:1 4240




task_info={UUID('130c7143-29c8-47c9-ad1c-ed5d21dc075c'): ('stylemap', 256, 'random', 100, 'cuda:0', 8, 1), UUID('b426d4d0-3d1b-4955-a4f4-1350a9f45cb7'): ('swa', 256, 'random', 400, 'cuda:1', 8, 1), UUID('0a0cadea-2cf0-418c-9f5c-4bb801504921'): ('mobile', 1024, 'random', 800, 'cuda:0', 4, 1), UUID('2832008a-23b3-4832-985b-31e70978501f'): ('stylemap', 256, 'interpolation', 100, 'cuda:0', 4, 1), UUID('dd822a09-f89e-41e1-8ad6-01c24e054129'): ('anycost', 512, 'interpolation', 800, 'cuda:0', 8, 1), UUID('c7a2b8b1-5a40-4c73-898f-a7fa220a8b5a'): ('stylemap', 512, 'interpolation', 800, 'cuda:1', 1, 1), UUID('ffb98852-81f0-46c8-9756-55ae27d25022'): ('mobile', 512, 'random', 200, 'cuda:1', 8, 1), UUID('36c2f01f-22e3-466c-b690-1b12ef757274'): ('style2', 512, 'interpolation', 800, 'cuda:0', 8, 1), UUID('90167228-ecaf-40ca-b9c0-ed1ec841c997'): ('swa', 1024, 'interpolation', 100, 'cuda:0', 8, 1), UUID('ca54545b-50fd-42df-b39b-52b2aee3f401'): ('style2', 256, 'random', 800, 'cuda:1', 8, 1), UUID('656f7533-45d3-4d23-bb11-e4ed261deb0b'): ('style2ada', 256, 'random', 800, 'cuda:1', 1, 1), UUID('1f21068d-be4a-44cc-8690-a812abefb897'): ('style2ada', 1024, 'random', 400, 'cuda:0', 4, 1), UUID('7c0f1d42-bfed-495c-80d7-244a50e39ca5'): ('swa', 256, 'random', 400, 'cuda:0', 8, 1), UUID('acc3314e-c36e-418c-a574-33e4b2933907'): ('anycost', 256, 'interpolation', 200, 'cuda:0', 8, 1), UUID('78e2d385-7ee6-4aec-9ff3-2645a75c4d66'): ('style2ada', 512, 'random', 800, 'cuda:0', 1, 1), UUID('576fe24c-2030-446b-89fb-827f864d2b46'): ('mobile', 256, 'random', 200, 'cuda:0', 8, 1), UUID('a7a18e20-80e2-4ede-9033-a9d0bf2b8dfb'): ('style2', 512, 'random', 400, 'cuda:0', 8, 1), UUID('2ed296b1-1268-487d-99ea-b902b2e55e38'): ('mobile', 1024, 'random', 400, 'cuda:0', 8, 1), UUID('63506194-8418-4477-9d3f-6ee21f79c95c'): ('style2ada', 512, 'random', 800, 'cuda:0', 4, 1), UUID('05bcf78d-93db-49b2-9ffa-8e4653267d2e'): ('anycost', 512, 'random', 400, 'cuda:1', 2, 1), UUID('58d50938-676d-45da-b38b-6fed8a0ae881'): ('style2ada', 512, 'random', 100, 'cuda:1', 2, 1), UUID('6566d70b-6757-4c5c-aa9e-43e851405960'): ('style2', 512, 'random', 800, 'cuda:0', 8, 1), UUID('a97b0c7b-47d3-4765-9e20-52afa61aa369'): ('mobile', 1024, 'interpolation', 100, 'cuda:0', 1, 1), UUID('29658b50-d3a3-4092-bb0b-a10fca44c839'): ('stylemap', 1024, 'random', 800, -1, -1, 1), UUID('6d84fc80-c06f-4c87-b0da-68428f718966'): ('style2', 256, 'interpolation', 800, 'cuda:1', 1, 1), UUID('2d8bc33b-dc53-4040-96b1-4ed0248d6c79'): ('anycost', 1024, 'random', 400, 'cuda:0', 4, 1), UUID('26b9bf12-3c3c-4538-8e88-9e85b6fb8189'): ('style2', 256, 'random', 400, 'cuda:0', 8, 1), UUID('9c547586-db75-4252-a532-09bf261a1a92'): ('anycost', 1024, 'interpolation', 200, 'cuda:0', 4, 1), UUID('f9322a5c-9635-49ab-850f-fa0a72bd2ac4'): ('style2', 256, 'interpolation', 200, 'cuda:0', 8, 1), UUID('efb71154-a1fd-4508-a346-7827e91b742e'): ('style2', 1024, 'random', 100, 'cuda:1', 1, 1), UUID('571566be-374c-4177-95a7-7516a46f7719'): ('style2', 256, 'interpolation', 100, 'cuda:0', 8, 1), UUID('71acc8b6-31a0-4823-952c-f0f0f0a141e5'): ('style2', 1024, 'interpolation', 400, 'cuda:0', 4, 1), UUID('d2189316-44c9-470b-9e93-52178b9e9bd5'): ('swa', 256, 'interpolation', 800, 'cuda:0', 8, 1), UUID('104d2287-9ea6-4c84-bbe9-52e272b36c96'): ('style2ada', 1024, 'random', 400, 'cuda:0', 2, 1), UUID('69707699-8911-4340-883d-d73506ce1be2'): ('swa', 256, 'interpolation', 400, 'cuda:1', 8, 1), UUID('3e2ff51c-45e0-4211-9243-8defc152439c'): ('style1', 256, 'random', 200, 'cuda:1', 8, 1), UUID('c48b4d79-9437-4396-b2d4-03c923cea851'): ('stylemap', 512, 'random', 200, 'cuda:0', 2, 1), UUID('fdc20096-174a-4fae-bb29-3f535036cbef'): ('style1', 512, 'interpolation', 200, 'cuda:1', 8, 1), UUID('218d8a04-e106-4e55-8132-230fa82ad761'): ('anycost', 512, 'interpolation', 100, 'cuda:0', 8, 1), UUID('2beeeb53-ed1d-481a-964a-80c088f6bd0e'): ('anycost', 512, 'random', 200, 'cuda:1', 4, 1), UUID('7ea95047-0e09-47dd-a9d4-0455a5de83b1'): ('style1', 256, 'random', 800, 'cuda:1', 8, 1), UUID('bda9b7f6-6aef-4761-ae45-65303f6c0510'): ('style1', 256, 'interpolation', 400, 'cuda:1', 8, 1), UUID('99e9286f-8847-4e56-9826-856ad23d5486'): ('style1', 512, 'interpolation', 200, 'cuda:1', 8, 1), UUID('ff49cd7a-c5f1-4418-9df6-354283b41791'): ('style2', 1024, 'random', 100, 'cuda:0', 4, 1), UUID('d9087d3a-ec67-4fa3-a531-ed03aa7894a4'): ('style2ada', 256, 'interpolation', 100, 'cuda:1', 8, 1), UUID('2964e7f1-bf95-4131-aca7-b438e1605fb4'): ('style2ada', 1024, 'interpolation', 200, 'cuda:0', 4, 1), UUID('822d9a32-0bd4-4c73-8557-a5d7b2e6f79f'): ('anycost', 256, 'random', 400, 'cuda:1', 8, 1), UUID('e3a89389-a4bc-4de1-a1c5-2cc42a289b8f'): ('swa', 512, 'interpolation', 100, 'cuda:1', 8, 1), UUID('73291c81-84c7-4850-b22e-6e0ec102b3fb'): ('style2ada', 512, 'random', 100, 'cuda:0', 8, 1), UUID('8de46e96-3598-404a-afed-ef5773ec888e'): ('mobile', 512, 'interpolation', 100, 'cuda:1', 8, 1), UUID('c83d3b4d-a610-4efb-9751-a0f9a16e866c'): ('mobile', 1024, 'random', 400, 'cuda:0', 8, 1), UUID('d9490fd4-3153-4369-ae01-91e6672a1931'): ('style1', 1024, 'random', 100, 'cuda:0', 8, 1), UUID('9b80e951-86c9-4689-b8f5-ee258817b1ba'): ('style2', 256, 'interpolation', 400, 'cuda:1', 8, 1), UUID('5fe03a80-d7d7-4a08-af51-62b360885b3f'): ('style2ada', 256, 'random', 100, 'cuda:0', 8, 1), UUID('c2eace06-6519-49d6-bd6d-d31973fe2229'): ('style2', 512, 'random', 400, 'cuda:0', 8, 1), UUID('65857b16-ecfb-406d-8348-941f7cb2f03b'): ('stylemap', 256, 'random', 400, 'cuda:0', 4, 1), UUID('381d238c-1579-4b14-beca-8702c0801948'): ('anycost', 256, 'interpolation', 800, 'cuda:1', 8, 1), UUID('a9097f71-e114-497f-aaaf-da4afb952c32'): ('style2ada', 512, 'interpolation', 800, 'cuda:0', 8, 1), UUID('87dc5dd6-1010-4370-a69e-d1be9bda48a9'): ('style2ada', 512, 'interpolation', 400, 'cuda:0', 8, 1), UUID('85dbe258-e7db-47e8-986d-c2259d7d30e8'): ('mobile', 1024, 'random', 800, 'cuda:1', 2, 1), UUID('4d605d63-d636-4e66-9521-8cd1bc8187f3'): ('swa', 512, 'interpolation', 100, 'cuda:1', 4, 1)}
arrival_times={UUID('130c7143-29c8-47c9-ad1c-ed5d21dc075c'): datetime.datetime(2021, 10, 24, 19, 57, 41, 595679), UUID('b426d4d0-3d1b-4955-a4f4-1350a9f45cb7'): datetime.datetime(2021, 10, 24, 19, 57, 46, 611230), UUID('0a0cadea-2cf0-418c-9f5c-4bb801504921'): datetime.datetime(2021, 10, 24, 19, 57, 56, 626992), UUID('2832008a-23b3-4832-985b-31e70978501f'): datetime.datetime(2021, 10, 24, 19, 58, 11, 654569), UUID('dd822a09-f89e-41e1-8ad6-01c24e054129'): datetime.datetime(2021, 10, 24, 19, 58, 16, 668594), UUID('c7a2b8b1-5a40-4c73-898f-a7fa220a8b5a'): datetime.datetime(2021, 10, 24, 19, 58, 26, 686594), UUID('ffb98852-81f0-46c8-9756-55ae27d25022'): datetime.datetime(2021, 10, 24, 19, 58, 36, 715216), UUID('36c2f01f-22e3-466c-b690-1b12ef757274'): datetime.datetime(2021, 10, 24, 19, 58, 46, 807065), UUID('90167228-ecaf-40ca-b9c0-ed1ec841c997'): datetime.datetime(2021, 10, 24, 19, 58, 51, 822589), UUID('ca54545b-50fd-42df-b39b-52b2aee3f401'): datetime.datetime(2021, 10, 24, 19, 59, 1, 847684), UUID('656f7533-45d3-4d23-bb11-e4ed261deb0b'): datetime.datetime(2021, 10, 24, 19, 59, 11, 874604), UUID('1f21068d-be4a-44cc-8690-a812abefb897'): datetime.datetime(2021, 10, 24, 19, 59, 21, 899731), UUID('7c0f1d42-bfed-495c-80d7-244a50e39ca5'): datetime.datetime(2021, 10, 24, 19, 59, 31, 946612), UUID('acc3314e-c36e-418c-a574-33e4b2933907'): datetime.datetime(2021, 10, 24, 19, 59, 41, 971073), UUID('78e2d385-7ee6-4aec-9ff3-2645a75c4d66'): datetime.datetime(2021, 10, 24, 19, 59, 51, 990740), UUID('576fe24c-2030-446b-89fb-827f864d2b46'): datetime.datetime(2021, 10, 24, 19, 59, 57, 12541), UUID('a7a18e20-80e2-4ede-9033-a9d0bf2b8dfb'): datetime.datetime(2021, 10, 24, 20, 0, 7, 74604), UUID('2ed296b1-1268-487d-99ea-b902b2e55e38'): datetime.datetime(2021, 10, 24, 20, 0, 12, 86667), UUID('63506194-8418-4477-9d3f-6ee21f79c95c'): datetime.datetime(2021, 10, 24, 20, 0, 22, 110753), UUID('05bcf78d-93db-49b2-9ffa-8e4653267d2e'): datetime.datetime(2021, 10, 24, 20, 0, 27, 122642), UUID('58d50938-676d-45da-b38b-6fed8a0ae881'): datetime.datetime(2021, 10, 24, 20, 0, 32, 134632), UUID('6566d70b-6757-4c5c-aa9e-43e851405960'): datetime.datetime(2021, 10, 24, 20, 0, 42, 154643), UUID('a97b0c7b-47d3-4765-9e20-52afa61aa369'): datetime.datetime(2021, 10, 24, 20, 0, 52, 175632), UUID('29658b50-d3a3-4092-bb0b-a10fca44c839'): datetime.datetime(2021, 10, 24, 20, 1, 2, 194590), UUID('6d84fc80-c06f-4c87-b0da-68428f718966'): datetime.datetime(2021, 10, 24, 20, 1, 9, 207716), UUID('2d8bc33b-dc53-4040-96b1-4ed0248d6c79'): datetime.datetime(2021, 10, 24, 20, 1, 19, 250723), UUID('26b9bf12-3c3c-4538-8e88-9e85b6fb8189'): datetime.datetime(2021, 10, 24, 20, 1, 34, 274630), UUID('9c547586-db75-4252-a532-09bf261a1a92'): datetime.datetime(2021, 10, 24, 20, 1, 49, 305306), UUID('f9322a5c-9635-49ab-850f-fa0a72bd2ac4'): datetime.datetime(2021, 10, 24, 20, 1, 54, 321618), UUID('efb71154-a1fd-4508-a346-7827e91b742e'): datetime.datetime(2021, 10, 24, 20, 2, 9, 350584), UUID('571566be-374c-4177-95a7-7516a46f7719'): datetime.datetime(2021, 10, 24, 20, 2, 19, 392845), UUID('71acc8b6-31a0-4823-952c-f0f0f0a141e5'): datetime.datetime(2021, 10, 24, 20, 2, 24, 446678), UUID('d2189316-44c9-470b-9e93-52178b9e9bd5'): datetime.datetime(2021, 10, 24, 20, 2, 39, 474556), UUID('104d2287-9ea6-4c84-bbe9-52e272b36c96'): datetime.datetime(2021, 10, 24, 20, 2, 54, 508738), UUID('69707699-8911-4340-883d-d73506ce1be2'): datetime.datetime(2021, 10, 24, 20, 3, 4, 595710), UUID('3e2ff51c-45e0-4211-9243-8defc152439c'): datetime.datetime(2021, 10, 24, 20, 3, 19, 696787), UUID('c48b4d79-9437-4396-b2d4-03c923cea851'): datetime.datetime(2021, 10, 24, 20, 3, 29, 719446), UUID('fdc20096-174a-4fae-bb29-3f535036cbef'): datetime.datetime(2021, 10, 24, 20, 3, 34, 731132), UUID('218d8a04-e106-4e55-8132-230fa82ad761'): datetime.datetime(2021, 10, 24, 20, 3, 49, 759797), UUID('2beeeb53-ed1d-481a-964a-80c088f6bd0e'): datetime.datetime(2021, 10, 24, 20, 3, 59, 815943), UUID('7ea95047-0e09-47dd-a9d4-0455a5de83b1'): datetime.datetime(2021, 10, 24, 20, 4, 9, 834638), UUID('bda9b7f6-6aef-4761-ae45-65303f6c0510'): datetime.datetime(2021, 10, 24, 20, 4, 14, 853750), UUID('99e9286f-8847-4e56-9826-856ad23d5486'): datetime.datetime(2021, 10, 24, 20, 4, 30, 6622), UUID('ff49cd7a-c5f1-4418-9df6-354283b41791'): datetime.datetime(2021, 10, 24, 20, 4, 45, 36772), UUID('d9087d3a-ec67-4fa3-a531-ed03aa7894a4'): datetime.datetime(2021, 10, 24, 20, 4, 50, 50734), UUID('2964e7f1-bf95-4131-aca7-b438e1605fb4'): datetime.datetime(2021, 10, 24, 20, 5, 0, 67585), UUID('822d9a32-0bd4-4c73-8557-a5d7b2e6f79f'): datetime.datetime(2021, 10, 24, 20, 5, 10, 86701), UUID('e3a89389-a4bc-4de1-a1c5-2cc42a289b8f'): datetime.datetime(2021, 10, 24, 20, 5, 15, 102903), UUID('73291c81-84c7-4850-b22e-6e0ec102b3fb'): datetime.datetime(2021, 10, 24, 20, 5, 30, 130639), UUID('8de46e96-3598-404a-afed-ef5773ec888e'): datetime.datetime(2021, 10, 24, 20, 5, 40, 151816), UUID('c83d3b4d-a610-4efb-9751-a0f9a16e866c'): datetime.datetime(2021, 10, 24, 20, 6, 0, 213631), UUID('d9490fd4-3153-4369-ae01-91e6672a1931'): datetime.datetime(2021, 10, 24, 20, 6, 10, 238610), UUID('9b80e951-86c9-4689-b8f5-ee258817b1ba'): datetime.datetime(2021, 10, 24, 20, 6, 15, 259750), UUID('5fe03a80-d7d7-4a08-af51-62b360885b3f'): datetime.datetime(2021, 10, 24, 20, 6, 25, 347952), UUID('c2eace06-6519-49d6-bd6d-d31973fe2229'): datetime.datetime(2021, 10, 24, 20, 6, 30, 375191), UUID('65857b16-ecfb-406d-8348-941f7cb2f03b'): datetime.datetime(2021, 10, 24, 20, 6, 45, 495659), UUID('381d238c-1579-4b14-beca-8702c0801948'): datetime.datetime(2021, 10, 24, 20, 6, 50, 542744), UUID('a9097f71-e114-497f-aaaf-da4afb952c32'): datetime.datetime(2021, 10, 24, 20, 7, 0, 578598), UUID('87dc5dd6-1010-4370-a69e-d1be9bda48a9'): datetime.datetime(2021, 10, 24, 20, 7, 5, 647338), UUID('85dbe258-e7db-47e8-986d-c2259d7d30e8'): datetime.datetime(2021, 10, 24, 20, 7, 20, 705838), UUID('4d605d63-d636-4e66-9521-8cd1bc8187f3'): datetime.datetime(2021, 10, 24, 20, 7, 25, 718667)}
finish_times={'05bcf78d-93db-49b2-9ffa-8e4653267d2e': (datetime.datetime(2021, 10, 24, 20, 0, 28, tzinfo=tzlocal()), datetime.datetime(2021, 10, 24, 20, 1, 50, tzinfo=tzlocal())), '0a0cadea-2cf0-418c-9f5c-4bb801504921': (datetime.datetime(2021, 10, 24, 19, 57, 57, tzinfo=tzlocal()), datetime.datetime(2021, 10, 24, 19, 58, 20, tzinfo=tzlocal())), '104d2287-9ea6-4c84-bbe9-52e272b36c96': (datetime.datetime(2021, 10, 24, 20, 2, 56, tzinfo=tzlocal()), datetime.datetime(2021, 10, 24, 20, 3, 17, tzinfo=tzlocal())), '130c7143-29c8-47c9-ad1c-ed5d21dc075c': (datetime.datetime(2021, 10, 24, 19, 57, 42, tzinfo=tzlocal()), datetime.datetime(2021, 10, 24, 19, 57, 57, tzinfo=tzlocal())), '1f21068d-be4a-44cc-8690-a812abefb897': (datetime.datetime(2021, 10, 24, 19, 59, 23, tzinfo=tzlocal()), datetime.datetime(2021, 10, 24, 19, 59, 42, tzinfo=tzlocal())), '218d8a04-e106-4e55-8132-230fa82ad761': (datetime.datetime(2021, 10, 24, 20, 3, 50, tzinfo=tzlocal()), datetime.datetime(2021, 10, 24, 20, 4, 6, tzinfo=tzlocal())), '26b9bf12-3c3c-4538-8e88-9e85b6fb8189': (datetime.datetime(2021, 10, 24, 20, 1, 35, tzinfo=tzlocal()), datetime.datetime(2021, 10, 24, 20, 1, 49, tzinfo=tzlocal())), '2832008a-23b3-4832-985b-31e70978501f': (datetime.datetime(2021, 10, 24, 19, 58, 12, tzinfo=tzlocal()), datetime.datetime(2021, 10, 24, 19, 58, 26, tzinfo=tzlocal())), '2964e7f1-bf95-4131-aca7-b438e1605fb4': (datetime.datetime(2021, 10, 24, 20, 5, 1, tzinfo=tzlocal()), datetime.datetime(2021, 10, 24, 20, 5, 16, tzinfo=tzlocal())), '2beeeb53-ed1d-481a-964a-80c088f6bd0e': (datetime.datetime(2021, 10, 24, 20, 4, tzinfo=tzlocal()), datetime.datetime(2021, 10, 24, 20, 4, 18, tzinfo=tzlocal())), '2d8bc33b-dc53-4040-96b1-4ed0248d6c79': (datetime.datetime(2021, 10, 24, 20, 1, 20, tzinfo=tzlocal()), datetime.datetime(2021, 10, 24, 20, 1, 43, tzinfo=tzlocal())), '2ed296b1-1268-487d-99ea-b902b2e55e38': (datetime.datetime(2021, 10, 24, 20, 0, 13, tzinfo=tzlocal()), datetime.datetime(2021, 10, 24, 20, 0, 35, tzinfo=tzlocal())), '36c2f01f-22e3-466c-b690-1b12ef757274': (datetime.datetime(2021, 10, 24, 19, 58, 47, tzinfo=tzlocal()), datetime.datetime(2021, 10, 24, 19, 59, 18, tzinfo=tzlocal())), '381d238c-1579-4b14-beca-8702c0801948': (datetime.datetime(2021, 10, 24, 20, 7, tzinfo=tzlocal()), datetime.datetime(2021, 10, 24, 20, 7, 30, tzinfo=tzlocal())), '3e2ff51c-45e0-4211-9243-8defc152439c': (datetime.datetime(2021, 10, 24, 20, 3, 20, tzinfo=tzlocal()), datetime.datetime(2021, 10, 24, 20, 3, 29, tzinfo=tzlocal())), '571566be-374c-4177-95a7-7516a46f7719': (datetime.datetime(2021, 10, 24, 20, 2, 20, tzinfo=tzlocal()), datetime.datetime(2021, 10, 24, 20, 2, 29, tzinfo=tzlocal())), '576fe24c-2030-446b-89fb-827f864d2b46': (datetime.datetime(2021, 10, 24, 19, 59, 58, tzinfo=tzlocal()), datetime.datetime(2021, 10, 24, 20, 0, 5, tzinfo=tzlocal())), '58d50938-676d-45da-b38b-6fed8a0ae881': (datetime.datetime(2021, 10, 24, 20, 0, 33, tzinfo=tzlocal()), datetime.datetime(2021, 10, 24, 20, 1, 3, tzinfo=tzlocal())), '5fe03a80-d7d7-4a08-af51-62b360885b3f': (datetime.datetime(2021, 10, 24, 20, 6, 29, tzinfo=tzlocal()), datetime.datetime(2021, 10, 24, 20, 6, 38, tzinfo=tzlocal())), '63506194-8418-4477-9d3f-6ee21f79c95c': (datetime.datetime(2021, 10, 24, 20, 0, 23, tzinfo=tzlocal()), datetime.datetime(2021, 10, 24, 20, 0, 48, tzinfo=tzlocal())), '6566d70b-6757-4c5c-aa9e-43e851405960': (datetime.datetime(2021, 10, 24, 20, 0, 43, tzinfo=tzlocal()), datetime.datetime(2021, 10, 24, 20, 1, 10, tzinfo=tzlocal())), '656f7533-45d3-4d23-bb11-e4ed261deb0b': (datetime.datetime(2021, 10, 24, 19, 59, 13, tzinfo=tzlocal()), datetime.datetime(2021, 10, 24, 20, 1, 12, tzinfo=tzlocal())), '65857b16-ecfb-406d-8348-941f7cb2f03b': (datetime.datetime(2021, 10, 24, 20, 6, 46, tzinfo=tzlocal()), datetime.datetime(2021, 10, 24, 20, 7, 10, tzinfo=tzlocal())), '69707699-8911-4340-883d-d73506ce1be2': (datetime.datetime(2021, 10, 24, 20, 3, 5, tzinfo=tzlocal()), datetime.datetime(2021, 10, 24, 20, 3, 22, tzinfo=tzlocal())), '6d84fc80-c06f-4c87-b0da-68428f718966': (datetime.datetime(2021, 10, 24, 20, 1, 10, tzinfo=tzlocal()), datetime.datetime(2021, 10, 24, 20, 2, 53, tzinfo=tzlocal())), '71acc8b6-31a0-4823-952c-f0f0f0a141e5': (datetime.datetime(2021, 10, 24, 20, 2, 28, tzinfo=tzlocal()), datetime.datetime(2021, 10, 24, 20, 2, 51, tzinfo=tzlocal())), '73291c81-84c7-4850-b22e-6e0ec102b3fb': (datetime.datetime(2021, 10, 24, 20, 5, 31, tzinfo=tzlocal()), datetime.datetime(2021, 10, 24, 20, 5, 40, tzinfo=tzlocal())), '78e2d385-7ee6-4aec-9ff3-2645a75c4d66': (datetime.datetime(2021, 10, 24, 19, 59, 53, tzinfo=tzlocal()), datetime.datetime(2021, 10, 24, 20, 0, 42, tzinfo=tzlocal())), '7c0f1d42-bfed-495c-80d7-244a50e39ca5': (datetime.datetime(2021, 10, 24, 19, 59, 33, tzinfo=tzlocal()), datetime.datetime(2021, 10, 24, 19, 59, 46, tzinfo=tzlocal())), '7ea95047-0e09-47dd-a9d4-0455a5de83b1': (datetime.datetime(2021, 10, 24, 20, 4, 10, tzinfo=tzlocal()), datetime.datetime(2021, 10, 24, 20, 4, 21, tzinfo=tzlocal())), '822d9a32-0bd4-4c73-8557-a5d7b2e6f79f': (datetime.datetime(2021, 10, 24, 20, 5, 11, tzinfo=tzlocal()), datetime.datetime(2021, 10, 24, 20, 5, 32, tzinfo=tzlocal())), '87dc5dd6-1010-4370-a69e-d1be9bda48a9': (datetime.datetime(2021, 10, 24, 20, 7, 7, tzinfo=tzlocal()), datetime.datetime(2021, 10, 24, 20, 7, 32, tzinfo=tzlocal())), '8de46e96-3598-404a-afed-ef5773ec888e': (datetime.datetime(2021, 10, 24, 20, 5, 41, tzinfo=tzlocal()), datetime.datetime(2021, 10, 24, 20, 5, 51, tzinfo=tzlocal())), '90167228-ecaf-40ca-b9c0-ed1ec841c997': (datetime.datetime(2021, 10, 24, 19, 58, 53, tzinfo=tzlocal()), datetime.datetime(2021, 10, 24, 19, 59, 15, tzinfo=tzlocal())), '99e9286f-8847-4e56-9826-856ad23d5486': (datetime.datetime(2021, 10, 24, 20, 4, 31, tzinfo=tzlocal()), datetime.datetime(2021, 10, 24, 20, 4, 41, tzinfo=tzlocal())), '9b80e951-86c9-4689-b8f5-ee258817b1ba': (datetime.datetime(2021, 10, 24, 20, 6, 16, tzinfo=tzlocal()), datetime.datetime(2021, 10, 24, 20, 6, 37, tzinfo=tzlocal())), '9c547586-db75-4252-a532-09bf261a1a92': (datetime.datetime(2021, 10, 24, 20, 1, 50, tzinfo=tzlocal()), datetime.datetime(2021, 10, 24, 20, 2, 4, tzinfo=tzlocal())), 'a7a18e20-80e2-4ede-9033-a9d0bf2b8dfb': (datetime.datetime(2021, 10, 24, 20, 0, 8, tzinfo=tzlocal()), datetime.datetime(2021, 10, 24, 20, 0, 35, tzinfo=tzlocal())), 'a9097f71-e114-497f-aaaf-da4afb952c32': (datetime.datetime(2021, 10, 24, 20, 7, 2, tzinfo=tzlocal()), datetime.datetime(2021, 10, 24, 20, 7, 28, tzinfo=tzlocal())), 'a97b0c7b-47d3-4765-9e20-52afa61aa369': (datetime.datetime(2021, 10, 24, 20, 0, 55, tzinfo=tzlocal()), datetime.datetime(2021, 10, 24, 20, 1, 8, tzinfo=tzlocal())), 'acc3314e-c36e-418c-a574-33e4b2933907': (datetime.datetime(2021, 10, 24, 19, 59, 42, tzinfo=tzlocal()), datetime.datetime(2021, 10, 24, 19, 59, 54, tzinfo=tzlocal())), 'b426d4d0-3d1b-4955-a4f4-1350a9f45cb7': (datetime.datetime(2021, 10, 24, 19, 57, 48, tzinfo=tzlocal()), datetime.datetime(2021, 10, 24, 19, 58, 7, tzinfo=tzlocal())), 'bda9b7f6-6aef-4761-ae45-65303f6c0510': (datetime.datetime(2021, 10, 24, 20, 4, 16, tzinfo=tzlocal()), datetime.datetime(2021, 10, 24, 20, 4, 25, tzinfo=tzlocal())), 'c2eace06-6519-49d6-bd6d-d31973fe2229': (datetime.datetime(2021, 10, 24, 20, 6, 32, tzinfo=tzlocal()), datetime.datetime(2021, 10, 24, 20, 6, 48, tzinfo=tzlocal())), 'c48b4d79-9437-4396-b2d4-03c923cea851': (datetime.datetime(2021, 10, 24, 20, 3, 30, tzinfo=tzlocal()), datetime.datetime(2021, 10, 24, 20, 4, 15, tzinfo=tzlocal())), 'c7a2b8b1-5a40-4c73-898f-a7fa220a8b5a': (datetime.datetime(2021, 10, 24, 19, 58, 27, tzinfo=tzlocal()), datetime.datetime(2021, 10, 24, 20, 2, 52, tzinfo=tzlocal())), 'c83d3b4d-a610-4efb-9751-a0f9a16e866c': (datetime.datetime(2021, 10, 24, 20, 6, 1, tzinfo=tzlocal()), datetime.datetime(2021, 10, 24, 20, 6, 14, tzinfo=tzlocal())), 'ca54545b-50fd-42df-b39b-52b2aee3f401': (datetime.datetime(2021, 10, 24, 19, 59, 2, tzinfo=tzlocal()), datetime.datetime(2021, 10, 24, 19, 59, 55, tzinfo=tzlocal())), 'd2189316-44c9-470b-9e93-52178b9e9bd5': (datetime.datetime(2021, 10, 24, 20, 2, 40, tzinfo=tzlocal()), datetime.datetime(2021, 10, 24, 20, 2, 57, tzinfo=tzlocal())), 'd9087d3a-ec67-4fa3-a531-ed03aa7894a4': (datetime.datetime(2021, 10, 24, 20, 4, 51, tzinfo=tzlocal()), datetime.datetime(2021, 10, 24, 20, 5, 4, tzinfo=tzlocal())), 'd9490fd4-3153-4369-ae01-91e6672a1931': (datetime.datetime(2021, 10, 24, 20, 6, 11, tzinfo=tzlocal()), datetime.datetime(2021, 10, 24, 20, 6, 20, tzinfo=tzlocal())), 'dd822a09-f89e-41e1-8ad6-01c24e054129': (datetime.datetime(2021, 10, 24, 19, 58, 17, tzinfo=tzlocal()), datetime.datetime(2021, 10, 24, 19, 58, 43, tzinfo=tzlocal())), 'e3a89389-a4bc-4de1-a1c5-2cc42a289b8f': (datetime.datetime(2021, 10, 24, 20, 5, 16, tzinfo=tzlocal()), datetime.datetime(2021, 10, 24, 20, 5, 34, tzinfo=tzlocal())), 'efb71154-a1fd-4508-a346-7827e91b742e': (datetime.datetime(2021, 10, 24, 20, 2, 10, tzinfo=tzlocal()), datetime.datetime(2021, 10, 24, 20, 2, 48, tzinfo=tzlocal())), 'f9322a5c-9635-49ab-850f-fa0a72bd2ac4': (datetime.datetime(2021, 10, 24, 20, 2, tzinfo=tzlocal()), datetime.datetime(2021, 10, 24, 20, 2, 10, tzinfo=tzlocal())), 'fdc20096-174a-4fae-bb29-3f535036cbef': (datetime.datetime(2021, 10, 24, 20, 3, 36, tzinfo=tzlocal()), datetime.datetime(2021, 10, 24, 20, 3, 48, tzinfo=tzlocal())), 'ff49cd7a-c5f1-4418-9df6-354283b41791': (datetime.datetime(2021, 10, 24, 20, 4, 46, tzinfo=tzlocal()), datetime.datetime(2021, 10, 24, 20, 4, 59, tzinfo=tzlocal())), 'ffb98852-81f0-46c8-9756-55ae27d25022': (datetime.datetime(2021, 10, 24, 19, 58, 37, tzinfo=tzlocal()), datetime.datetime(2021, 10, 24, 19, 58, 53, tzinfo=tzlocal()))}




id,network,job_type,image_size,num_imgs,device,batch_size,data_parallelism,response_time
130c7143,stylemap,random,256,100,cuda:0,8,1,15404
b426d4d0,swa,random,256,400,cuda:1,8,1,20388
0a0cadea,mobile,random,1024,800,cuda:0,4,1,23373
2832008a,stylemap,interpolation,256,100,cuda:0,4,1,14345
dd822a09,anycost,interpolation,512,800,cuda:0,8,1,26331
c7a2b8b1,stylemap,interpolation,512,800,cuda:1,1,1,265313
ffb98852,mobile,random,512,200,cuda:1,8,1,16284
36c2f01f,style2,interpolation,512,800,cuda:0,8,1,31192
90167228,swa,interpolation,1024,100,cuda:0,8,1,23177
ca54545b,style2,random,256,800,cuda:1,8,1,53152
656f7533,style2ada,random,256,800,cuda:1,1,1,120125
1f21068d,style2ada,random,1024,400,cuda:0,4,1,20100
7c0f1d42,swa,random,256,400,cuda:0,8,1,14053
acc3314e,anycost,interpolation,256,200,cuda:0,8,1,12028
78e2d385,style2ada,random,512,800,cuda:0,1,1,50009
576fe24c,mobile,random,256,200,cuda:0,8,1,7987
a7a18e20,style2,random,512,400,cuda:0,8,1,27925
2ed296b1,mobile,random,1024,400,cuda:0,8,1,22913
63506194,style2ada,random,512,800,cuda:0,4,1,25889
05bcf78d,anycost,random,512,400,cuda:1,2,1,82877
58d50938,style2ada,random,512,100,cuda:1,2,1,30865
6566d70b,style2,random,512,800,cuda:0,8,1,27845
a97b0c7b,mobile,interpolation,1024,100,cuda:0,1,1,15824
29658b50,stylemap,random,1024,800,-1,-1,1,-1
6d84fc80,style2,interpolation,256,800,cuda:1,1,1,103792
2d8bc33b,anycost,random,1024,400,cuda:0,4,1,23749
26b9bf12,style2,random,256,400,cuda:0,8,1,14725
9c547586,anycost,interpolation,1024,200,cuda:0,4,1,14694
f9322a5c,style2,interpolation,256,200,cuda:0,8,1,15678
efb71154,style2,random,1024,100,cuda:1,1,1,38649
571566be,style2,interpolation,256,100,cuda:0,8,1,9607
71acc8b6,style2,interpolation,1024,400,cuda:0,4,1,26553
d2189316,swa,interpolation,256,800,cuda:0,8,1,17525
104d2287,style2ada,random,1024,400,cuda:0,2,1,22491
69707699,swa,interpolation,256,400,cuda:1,8,1,17404
3e2ff51c,style1,random,256,200,cuda:1,8,1,9303
c48b4d79,stylemap,random,512,200,cuda:0,2,1,45280
fdc20096,style1,interpolation,512,200,cuda:1,8,1,13268
218d8a04,anycost,interpolation,512,100,cuda:0,8,1,16240
2beeeb53,anycost,random,512,200,cuda:1,4,1,18184
7ea95047,style1,random,256,800,cuda:1,8,1,11165
bda9b7f6,style1,interpolation,256,400,cuda:1,8,1,10146
99e9286f,style1,interpolation,512,200,cuda:1,8,1,10993
ff49cd7a,style2,random,1024,100,cuda:0,4,1,13963
d9087d3a,style2ada,interpolation,256,100,cuda:1,8,1,13949
2964e7f1,style2ada,interpolation,1024,200,cuda:0,4,1,15932
822d9a32,anycost,random,256,400,cuda:1,8,1,21913
e3a89389,swa,interpolation,512,100,cuda:1,8,1,18897
73291c81,style2ada,random,512,100,cuda:0,8,1,9869
8de46e96,mobile,interpolation,512,100,cuda:1,8,1,10848
c83d3b4d,mobile,random,1024,400,cuda:0,8,1,13786
d9490fd4,style1,random,1024,100,cuda:0,8,1,9761
9b80e951,style2,interpolation,256,400,cuda:1,8,1,21740
5fe03a80,style2ada,random,256,100,cuda:0,8,1,12652
c2eace06,style2,random,512,400,cuda:0,8,1,17624
65857b16,stylemap,random,256,400,cuda:0,4,1,24504
381d238c,anycost,interpolation,256,800,cuda:1,8,1,39457
a9097f71,style2ada,interpolation,512,800,cuda:0,8,1,27421
87dc5dd6,style2ada,interpolation,512,400,cuda:0,8,1,26352
85dbe258,mobile,random,1024,800,cuda:1,2,1,-1
4d605d63,swa,interpolation,512,100,cuda:1,4,1,-1




