/usr/local/lib/python3.8/dist-packages/dataclasses_json/core.py:171: RuntimeWarning: `NoneType` object value of non-optional type config_path detected when decoding BareConfig.
  warnings.warn(f"`NoneType` object {warning}.", RuntimeWarning)
10-24-2021 20:19:26 root         INFO     Starting in cluster mode.
10-24-2021 20:19:26 root         INFO     Starting as Orchestrator
10-24-2021 20:19:26 root         INFO     Starting Orchestrator, initializing resources....
10-24-2021 20:19:26 root         INFO     Loading in cluster configuration file
10-24-2021 20:19:26 root         INFO     Pointing configuration to in cluster configuration.
10-24-2021 20:19:26 root         INFO     Starting cluster manager
10-24-2021 20:19:26 root         INFO     Starting arrival generator
10-24-2021 20:19:26 root         INFO     Starting orchestrator
swa 1024 800 8 cuda:0 14328
style2 1024 200 4 cuda:0 14048
swa 256 100 8 cuda:1 4152
stylemap 512 100 2 cuda:0 13096
stylemap 1024 200 1 cuda:0 13216
style2ada 512 100 4 cuda:1 8312
anycost 256 100 8 cuda:1 7392
stylemap 256 400 4 cuda:0 12904
swa 1024 200 4 cuda:1 7632
style2ada 512 800 2 cuda:1 4632
style1 512 800 8 cuda:1 5952
mobile 1024 200 2 cuda:1 5232
style1 256 800 8 cuda:0 2008
style2 1024 200 1 cuda:1 4272
style1 256 200 8 cuda:1 2008
mobile 1024 400 2 cuda:1 5232
style1 1024 800 1 cuda:1 4064
style1 1024 400 8 cuda:0 21152
stylemap 1024 400 1 cuda:0 13216
mobile 1024 200 8 cuda:0 18792
style2ada 512 100 4 cuda:0 8312
anycost 1024 800 2 cuda:0 7544
swa 1024 100 4 cuda:1 7632
stylemap 256 800 2 cuda:1 7672
anycost 256 100 4 cuda:1 4160
style1 1024 400 1 cuda:1 4064
style2ada 1024 200 1 cuda:1 4760
style2ada 512 100 2 cuda:1 4632
style2ada 256 400 2 cuda:1 2800
style2ada 512 100 4 cuda:0 8312
style2 256 100 8 cuda:0 7376
style2ada 256 400 2 cuda:1 2800
stylemap 512 800 2 cuda:0 13096
style2ada 1024 200 2 cuda:0 8504
style2ada 256 800 8 cuda:0 8328
style2 1024 200 4 cuda:0 14048
style2ada 256 100 8 cuda:1 8328
mobile 1024 100 4 cuda:1 10096
mobile 1024 100 4 cuda:0 10096
style2ada 512 400 4 cuda:1 8312
style2ada 512 800 4 cuda:0 8312
anycost 256 800 8 cuda:1 7392
anycost 512 100 4 cuda:1 7280
style2 512 200 4 cuda:1 7280
style2 512 800 8 cuda:0 13608
swa 256 100 8 cuda:0 4152
style2ada 1024 400 2 cuda:0 8504
mobile 256 100 8 cuda:1 1488
style1 256 100 8 cuda:1 2008
stylemap 512 100 2 cuda:0 13096
stylemap 512 100 2 cuda:0 13096
style2 1024 400 2 cuda:1 7536
style1 512 100 8 cuda:1 5952
10-24-2021 20:28:32 ResourceWatchDog ERROR    Finish time lookup for ubuntu94025/a1b7fad2-229e-4ec1-a32c-148e2ff5bc57 failed. Reason: 'NoneType' object is not iterable
style1 256 100 8 cuda:1 2008
style2 1024 100 4 cuda:0 14048
stylemap 1024 400 1 cuda:0 13216
anycost 512 100 8 cuda:0 13616
mobile 256 400 8 cuda:1 1488




task_info={UUID('5f2d625b-8051-4c46-bb42-e1405d647cae'): ('swa', 1024, 'interpolation', 800, 'cuda:0', 8, 1), UUID('f655acaa-eab9-4ef7-9c3b-45489d0acd53'): ('style2', 1024, 'interpolation', 200, 'cuda:0', 4, 1), UUID('78b0f9b4-9ea3-4ae4-be6a-dff4cd41244f'): ('swa', 256, 'random', 100, 'cuda:1', 8, 1), UUID('c10c37f6-259a-404a-b7c7-a356d5170b21'): ('stylemap', 512, 'random', 100, 'cuda:0', 2, 1), UUID('22f8b1d3-1ba6-44a5-98d1-a4573866c75c'): ('stylemap', 1024, 'random', 200, 'cuda:0', 1, 1), UUID('e6fa9174-d57c-488d-9825-2e04e8cbeee5'): ('style2ada', 512, 'random', 100, 'cuda:1', 4, 1), UUID('8e8e5d7b-ad92-444c-85ac-70e946458d6f'): ('anycost', 256, 'random', 100, 'cuda:1', 8, 1), UUID('3e94e5bc-43f6-4687-9bdc-696affd07742'): ('stylemap', 256, 'random', 400, 'cuda:0', 4, 1), UUID('c56b3764-0166-4605-97c5-fd63667ea65e'): ('swa', 1024, 'random', 200, 'cuda:1', 4, 1), UUID('5819d881-9786-46f5-9710-7afe900d789f'): ('style2ada', 512, 'interpolation', 800, 'cuda:1', 2, 1), UUID('099b426c-a05c-4ad4-9a67-69fca49a3dff'): ('style1', 512, 'interpolation', 800, 'cuda:1', 8, 1), UUID('b182dc72-bfdd-4fc3-8165-01f98377e96e'): ('mobile', 1024, 'random', 200, 'cuda:1', 2, 1), UUID('4d3f57d1-32d7-4730-b959-bf3e15ff26c7'): ('style1', 256, 'random', 800, 'cuda:0', 8, 1), UUID('588da902-29ef-4c79-bf56-0e8bdb755e12'): ('style2', 1024, 'random', 200, 'cuda:1', 1, 1), UUID('6c691efb-6a76-4c92-a1a8-b1cfa0942e5c'): ('style1', 256, 'interpolation', 200, 'cuda:1', 8, 1), UUID('07904192-642f-408b-be22-2a1f78d6c037'): ('mobile', 1024, 'interpolation', 400, 'cuda:1', 2, 1), UUID('07404059-3773-4af9-97b1-d2a50911dbfd'): ('style2ada', 1024, 'random', 400, -1, -1, 1), UUID('64d04118-0bce-4038-aed6-1298590af62a'): ('style1', 1024, 'interpolation', 800, 'cuda:1', 1, 1), UUID('ee08ef4a-f99a-4343-8946-e820ac8c43d2'): ('style1', 1024, 'random', 400, 'cuda:0', 8, 1), UUID('266a6e49-b280-40b2-89e9-02782a022dc6'): ('stylemap', 1024, 'random', 400, 'cuda:0', 1, 1), UUID('7d48fc41-0076-42a8-b549-8e8de1c8df30'): ('mobile', 1024, 'interpolation', 200, 'cuda:0', 8, 1), UUID('18c8f82a-1264-4207-a357-d55793d790d0'): ('style2ada', 512, 'interpolation', 100, 'cuda:0', 4, 1), UUID('808f73bb-327a-45e1-8f0d-a48de2ed56c5'): ('anycost', 1024, 'random', 800, 'cuda:0', 2, 1), UUID('350cfad8-84af-4a3e-8735-788ed8e59636'): ('swa', 1024, 'random', 100, 'cuda:1', 4, 1), UUID('be8cc185-b170-4797-9d5d-99b806a724ae'): ('stylemap', 256, 'interpolation', 800, 'cuda:1', 2, 1), UUID('3894e329-57c7-4d7b-a377-aa8f7313c6c1'): ('anycost', 256, 'interpolation', 100, 'cuda:1', 4, 1), UUID('4d5d06b4-510f-4151-b836-211a7266135a'): ('style1', 1024, 'random', 400, 'cuda:1', 1, 1), UUID('63dfd494-d480-4d45-a83a-bbdd964c0742'): ('style2ada', 1024, 'random', 200, 'cuda:1', 1, 1), UUID('5b0e0eb5-1e71-4f8e-9c1e-4e94a2085077'): ('style2ada', 512, 'interpolation', 100, 'cuda:1', 2, 1), UUID('848ea23a-c08f-4c7d-815b-557a3aa41cf2'): ('style2', 1024, 'interpolation', 800, -1, -1, 1), UUID('c2b49b08-be92-4bd5-922d-9b7817dacff5'): ('style2ada', 256, 'random', 400, 'cuda:1', 2, 1), UUID('fc134078-ec68-44d9-bcb8-6ef861dc9c42'): ('style2ada', 512, 'interpolation', 100, 'cuda:0', 4, 1), UUID('7d63262f-3e09-46d2-a9ca-6e0d268e4854'): ('style2', 256, 'interpolation', 100, 'cuda:0', 8, 1), UUID('7596ab2e-5195-4e90-be8c-47da4c9f54e7'): ('style2ada', 256, 'random', 400, 'cuda:1', 2, 1), UUID('7f167ab5-b197-47dd-8b3d-f0910f906cd4'): ('stylemap', 512, 'interpolation', 800, 'cuda:0', 2, 1), UUID('fe509912-aad4-49fa-8f8f-073285ced2f4'): ('style2ada', 1024, 'random', 200, 'cuda:0', 2, 1), UUID('54637115-5ca7-4405-a735-016655a523a5'): ('style2ada', 256, 'random', 800, 'cuda:0', 8, 1), UUID('e0bf1eba-dc08-470a-bebe-680a80698c86'): ('style2', 1024, 'interpolation', 200, 'cuda:0', 4, 1), UUID('3addeef5-6afc-4684-90d5-1cbc82d5dcf1'): ('style2ada', 256, 'random', 100, 'cuda:1', 8, 1), UUID('00826068-30ae-4f1d-876e-4bd9cb3c2ce4'): ('mobile', 1024, 'random', 100, 'cuda:1', 4, 1), UUID('3f3cac16-9384-49c9-a014-3f62578de8c4'): ('mobile', 1024, 'random', 100, 'cuda:0', 4, 1), UUID('caf6afb9-03f7-41c4-838c-aa05afb2fb9e'): ('style2ada', 512, 'interpolation', 400, 'cuda:1', 4, 1), UUID('a3c46b18-7f3d-48f6-a07b-204619ff4f1e'): ('style2ada', 512, 'random', 800, 'cuda:0', 4, 1), UUID('26eba523-a1da-441a-98ee-5962d6e0d2dc'): ('anycost', 256, 'interpolation', 800, 'cuda:1', 8, 1), UUID('6fad0db6-0f4d-484f-9916-07fa0a8143f8'): ('anycost', 512, 'interpolation', 100, 'cuda:1', 4, 1), UUID('7b452e0c-eaff-4563-922f-4727b84fa6c0'): ('style2', 512, 'random', 200, 'cuda:1', 4, 1), UUID('82335f0d-3a9c-4cb4-84ff-233ad44d6ba5'): ('style2', 512, 'interpolation', 800, 'cuda:0', 8, 1), UUID('73fbdf45-853a-430f-a081-9eaadc4a25d8'): ('swa', 256, 'interpolation', 100, 'cuda:0', 8, 1), UUID('ae5733cc-a192-4aab-aaee-7b59b03fe96b'): ('style2ada', 1024, 'random', 400, 'cuda:0', 2, 1), UUID('2274e82a-232a-4cbb-bf10-ed49a3de0367'): ('mobile', 256, 'random', 100, 'cuda:1', 8, 1), UUID('4f6f382b-d13b-4430-beda-3bfe4edd2f28'): ('style1', 256, 'random', 100, 'cuda:1', 8, 1), UUID('4089c07d-6c07-4f03-aa9d-44d4a1a9ed79'): ('stylemap', 512, 'random', 100, 'cuda:0', 2, 1), UUID('ee36a5d4-d9f1-456f-a32b-8f23d444bdf4'): ('stylemap', 512, 'interpolation', 100, 'cuda:0', 2, 1), UUID('b57abb37-87bc-4e3a-b788-52e1ed2377b1'): ('style2', 1024, 'interpolation', 400, 'cuda:1', 2, 1), UUID('a1b7fad2-229e-4ec1-a32c-148e2ff5bc57'): ('style1', 512, 'interpolation', 100, 'cuda:1', 8, 1), UUID('d9511458-8f47-453a-9460-94aba7ebcf6d'): ('style1', 256, 'interpolation', 100, 'cuda:1', 8, 1), UUID('db0e32d8-c092-40cd-bf2e-268c2865492e'): ('style2', 1024, 'random', 100, 'cuda:0', 4, 1), UUID('6e73f873-df16-4aa2-bd47-879dc12dac59'): ('stylemap', 1024, 'random', 400, 'cuda:0', 1, 1), UUID('0885681d-f930-454c-ad78-13f598fa5782'): ('anycost', 512, 'interpolation', 100, 'cuda:0', 8, 1), UUID('1591df9b-0f6e-42e2-aeb7-2200a3e1142d'): ('mobile', 256, 'interpolation', 400, 'cuda:1', 8, 1)}
arrival_times={UUID('5f2d625b-8051-4c46-bb42-e1405d647cae'): datetime.datetime(2021, 10, 24, 20, 19, 41, 266950), UUID('f655acaa-eab9-4ef7-9c3b-45489d0acd53'): datetime.datetime(2021, 10, 24, 20, 19, 46, 286687), UUID('78b0f9b4-9ea3-4ae4-be6a-dff4cd41244f'): datetime.datetime(2021, 10, 24, 20, 19, 56, 302621), UUID('c10c37f6-259a-404a-b7c7-a356d5170b21'): datetime.datetime(2021, 10, 24, 20, 20, 11, 338602), UUID('22f8b1d3-1ba6-44a5-98d1-a4573866c75c'): datetime.datetime(2021, 10, 24, 20, 20, 16, 355427), UUID('e6fa9174-d57c-488d-9825-2e04e8cbeee5'): datetime.datetime(2021, 10, 24, 20, 20, 26, 378598), UUID('8e8e5d7b-ad92-444c-85ac-70e946458d6f'): datetime.datetime(2021, 10, 24, 20, 20, 36, 406869), UUID('3e94e5bc-43f6-4687-9bdc-696affd07742'): datetime.datetime(2021, 10, 24, 20, 20, 46, 439658), UUID('c56b3764-0166-4605-97c5-fd63667ea65e'): datetime.datetime(2021, 10, 24, 20, 20, 51, 459805), UUID('5819d881-9786-46f5-9710-7afe900d789f'): datetime.datetime(2021, 10, 24, 20, 21, 1, 477449), UUID('099b426c-a05c-4ad4-9a67-69fca49a3dff'): datetime.datetime(2021, 10, 24, 20, 21, 11, 498601), UUID('b182dc72-bfdd-4fc3-8165-01f98377e96e'): datetime.datetime(2021, 10, 24, 20, 21, 21, 519740), UUID('4d3f57d1-32d7-4730-b959-bf3e15ff26c7'): datetime.datetime(2021, 10, 24, 20, 21, 31, 542675), UUID('588da902-29ef-4c79-bf56-0e8bdb755e12'): datetime.datetime(2021, 10, 24, 20, 21, 41, 565304), UUID('6c691efb-6a76-4c92-a1a8-b1cfa0942e5c'): datetime.datetime(2021, 10, 24, 20, 21, 51, 586595), UUID('07904192-642f-408b-be22-2a1f78d6c037'): datetime.datetime(2021, 10, 24, 20, 21, 56, 602606), UUID('07404059-3773-4af9-97b1-d2a50911dbfd'): datetime.datetime(2021, 10, 24, 20, 22, 6, 621433), UUID('64d04118-0bce-4038-aed6-1298590af62a'): datetime.datetime(2021, 10, 24, 20, 22, 13, 630587), UUID('ee08ef4a-f99a-4343-8946-e820ac8c43d2'): datetime.datetime(2021, 10, 24, 20, 22, 23, 649277), UUID('266a6e49-b280-40b2-89e9-02782a022dc6'): datetime.datetime(2021, 10, 24, 20, 22, 28, 666017), UUID('7d48fc41-0076-42a8-b549-8e8de1c8df30'): datetime.datetime(2021, 10, 24, 20, 22, 33, 687433), UUID('18c8f82a-1264-4207-a357-d55793d790d0'): datetime.datetime(2021, 10, 24, 20, 22, 38, 774746), UUID('808f73bb-327a-45e1-8f0d-a48de2ed56c5'): datetime.datetime(2021, 10, 24, 20, 22, 53, 804157), UUID('350cfad8-84af-4a3e-8735-788ed8e59636'): datetime.datetime(2021, 10, 24, 20, 23, 3, 823678), UUID('be8cc185-b170-4797-9d5d-99b806a724ae'): datetime.datetime(2021, 10, 24, 20, 23, 8, 838673), UUID('3894e329-57c7-4d7b-a377-aa8f7313c6c1'): datetime.datetime(2021, 10, 24, 20, 23, 18, 862494), UUID('4d5d06b4-510f-4151-b836-211a7266135a'): datetime.datetime(2021, 10, 24, 20, 23, 33, 890757), UUID('63dfd494-d480-4d45-a83a-bbdd964c0742'): datetime.datetime(2021, 10, 24, 20, 23, 48, 924008), UUID('5b0e0eb5-1e71-4f8e-9c1e-4e94a2085077'): datetime.datetime(2021, 10, 24, 20, 23, 53, 940585), UUID('848ea23a-c08f-4c7d-815b-557a3aa41cf2'): datetime.datetime(2021, 10, 24, 20, 24, 8, 963666), UUID('c2b49b08-be92-4bd5-922d-9b7817dacff5'): datetime.datetime(2021, 10, 24, 20, 24, 15, 971293), UUID('fc134078-ec68-44d9-bcb8-6ef861dc9c42'): datetime.datetime(2021, 10, 24, 20, 24, 25, 990599), UUID('7d63262f-3e09-46d2-a9ca-6e0d268e4854'): datetime.datetime(2021, 10, 24, 20, 24, 36, 10644), UUID('7596ab2e-5195-4e90-be8c-47da4c9f54e7'): datetime.datetime(2021, 10, 24, 20, 24, 51, 34667), UUID('7f167ab5-b197-47dd-8b3d-f0910f906cd4'): datetime.datetime(2021, 10, 24, 20, 25, 6, 72762), UUID('fe509912-aad4-49fa-8f8f-073285ced2f4'): datetime.datetime(2021, 10, 24, 20, 25, 21, 138683), UUID('54637115-5ca7-4405-a735-016655a523a5'): datetime.datetime(2021, 10, 24, 20, 25, 31, 170859), UUID('e0bf1eba-dc08-470a-bebe-680a80698c86'): datetime.datetime(2021, 10, 24, 20, 25, 36, 220738), UUID('3addeef5-6afc-4684-90d5-1cbc82d5dcf1'): datetime.datetime(2021, 10, 24, 20, 25, 51, 242678), UUID('00826068-30ae-4f1d-876e-4bd9cb3c2ce4'): datetime.datetime(2021, 10, 24, 20, 26, 1, 258631), UUID('3f3cac16-9384-49c9-a014-3f62578de8c4'): datetime.datetime(2021, 10, 24, 20, 26, 6, 275848), UUID('caf6afb9-03f7-41c4-838c-aa05afb2fb9e'): datetime.datetime(2021, 10, 24, 20, 26, 16, 335780), UUID('a3c46b18-7f3d-48f6-a07b-204619ff4f1e'): datetime.datetime(2021, 10, 24, 20, 26, 31, 410628), UUID('26eba523-a1da-441a-98ee-5962d6e0d2dc'): datetime.datetime(2021, 10, 24, 20, 26, 46, 483658), UUID('6fad0db6-0f4d-484f-9916-07fa0a8143f8'): datetime.datetime(2021, 10, 24, 20, 26, 51, 494671), UUID('7b452e0c-eaff-4563-922f-4727b84fa6c0'): datetime.datetime(2021, 10, 24, 20, 27, 1, 520765), UUID('82335f0d-3a9c-4cb4-84ff-233ad44d6ba5'): datetime.datetime(2021, 10, 24, 20, 27, 6, 611329), UUID('73fbdf45-853a-430f-a081-9eaadc4a25d8'): datetime.datetime(2021, 10, 24, 20, 27, 16, 626631), UUID('ae5733cc-a192-4aab-aaee-7b59b03fe96b'): datetime.datetime(2021, 10, 24, 20, 27, 31, 646649), UUID('2274e82a-232a-4cbb-bf10-ed49a3de0367'): datetime.datetime(2021, 10, 24, 20, 27, 41, 666654), UUID('4f6f382b-d13b-4430-beda-3bfe4edd2f28'): datetime.datetime(2021, 10, 24, 20, 27, 56, 690615), UUID('4089c07d-6c07-4f03-aa9d-44d4a1a9ed79'): datetime.datetime(2021, 10, 24, 20, 28, 6, 706775), UUID('ee36a5d4-d9f1-456f-a32b-8f23d444bdf4'): datetime.datetime(2021, 10, 24, 20, 28, 16, 726584), UUID('b57abb37-87bc-4e3a-b788-52e1ed2377b1'): datetime.datetime(2021, 10, 24, 20, 28, 26, 742650), UUID('a1b7fad2-229e-4ec1-a32c-148e2ff5bc57'): datetime.datetime(2021, 10, 24, 20, 28, 31, 754617), UUID('d9511458-8f47-453a-9460-94aba7ebcf6d'): datetime.datetime(2021, 10, 24, 20, 28, 46, 774634), UUID('db0e32d8-c092-40cd-bf2e-268c2865492e'): datetime.datetime(2021, 10, 24, 20, 28, 51, 790600), UUID('6e73f873-df16-4aa2-bd47-879dc12dac59'): datetime.datetime(2021, 10, 24, 20, 28, 56, 802750), UUID('0885681d-f930-454c-ad78-13f598fa5782'): datetime.datetime(2021, 10, 24, 20, 29, 6, 819905), UUID('1591df9b-0f6e-42e2-aeb7-2200a3e1142d'): datetime.datetime(2021, 10, 24, 20, 29, 16, 843712)}
finish_times={'00826068-30ae-4f1d-876e-4bd9cb3c2ce4': (datetime.datetime(2021, 10, 24, 20, 26, 15, tzinfo=tzlocal()), datetime.datetime(2021, 10, 24, 20, 26, 33, tzinfo=tzlocal())), '07904192-642f-408b-be22-2a1f78d6c037': (datetime.datetime(2021, 10, 24, 20, 21, 58, tzinfo=tzlocal()), datetime.datetime(2021, 10, 24, 20, 22, 50, tzinfo=tzlocal())), '0885681d-f930-454c-ad78-13f598fa5782': (datetime.datetime(2021, 10, 24, 20, 29, 7, tzinfo=tzlocal()), datetime.datetime(2021, 10, 24, 20, 29, 27, tzinfo=tzlocal())), '099b426c-a05c-4ad4-9a67-69fca49a3dff': (datetime.datetime(2021, 10, 24, 20, 21, 12, tzinfo=tzlocal()), datetime.datetime(2021, 10, 24, 20, 21, 38, tzinfo=tzlocal())), '1591df9b-0f6e-42e2-aeb7-2200a3e1142d': (datetime.datetime(2021, 10, 24, 20, 29, 18, tzinfo=tzlocal()), datetime.datetime(2021, 10, 24, 20, 29, 32, tzinfo=tzlocal())), '18c8f82a-1264-4207-a357-d55793d790d0': (datetime.datetime(2021, 10, 24, 20, 22, 39, tzinfo=tzlocal()), datetime.datetime(2021, 10, 24, 20, 22, 55, tzinfo=tzlocal())), '2274e82a-232a-4cbb-bf10-ed49a3de0367': (datetime.datetime(2021, 10, 24, 20, 27, 42, tzinfo=tzlocal()), datetime.datetime(2021, 10, 24, 20, 27, 54, tzinfo=tzlocal())), '22f8b1d3-1ba6-44a5-98d1-a4573866c75c': (datetime.datetime(2021, 10, 24, 20, 20, 29, tzinfo=tzlocal()), datetime.datetime(2021, 10, 24, 20, 22, 19, tzinfo=tzlocal())), '266a6e49-b280-40b2-89e9-02782a022dc6': (datetime.datetime(2021, 10, 24, 20, 22, 29, tzinfo=tzlocal()), datetime.datetime(2021, 10, 24, 20, 25, 28, tzinfo=tzlocal())), '26eba523-a1da-441a-98ee-5962d6e0d2dc': (datetime.datetime(2021, 10, 24, 20, 26, 47, tzinfo=tzlocal()), datetime.datetime(2021, 10, 24, 20, 27, 27, tzinfo=tzlocal())), '350cfad8-84af-4a3e-8735-788ed8e59636': (datetime.datetime(2021, 10, 24, 20, 23, 4, tzinfo=tzlocal()), datetime.datetime(2021, 10, 24, 20, 23, 30, tzinfo=tzlocal())), '3894e329-57c7-4d7b-a377-aa8f7313c6c1': (datetime.datetime(2021, 10, 24, 20, 23, 19, tzinfo=tzlocal()), datetime.datetime(2021, 10, 24, 20, 23, 39, tzinfo=tzlocal())), '3addeef5-6afc-4684-90d5-1cbc82d5dcf1': (datetime.datetime(2021, 10, 24, 20, 25, 57, tzinfo=tzlocal()), datetime.datetime(2021, 10, 24, 20, 26, 11, tzinfo=tzlocal())), '3e94e5bc-43f6-4687-9bdc-696affd07742': (datetime.datetime(2021, 10, 24, 20, 20, 47, tzinfo=tzlocal()), datetime.datetime(2021, 10, 24, 20, 22, 22, tzinfo=tzlocal())), '3f3cac16-9384-49c9-a014-3f62578de8c4': (datetime.datetime(2021, 10, 24, 20, 26, 7, tzinfo=tzlocal()), datetime.datetime(2021, 10, 24, 20, 26, 21, tzinfo=tzlocal())), '4089c07d-6c07-4f03-aa9d-44d4a1a9ed79': (datetime.datetime(2021, 10, 24, 20, 28, 7, tzinfo=tzlocal()), datetime.datetime(2021, 10, 24, 20, 28, 37, tzinfo=tzlocal())), '4d3f57d1-32d7-4730-b959-bf3e15ff26c7': (datetime.datetime(2021, 10, 24, 20, 21, 32, tzinfo=tzlocal()), datetime.datetime(2021, 10, 24, 20, 21, 45, tzinfo=tzlocal())), '4d5d06b4-510f-4151-b836-211a7266135a': (datetime.datetime(2021, 10, 24, 20, 23, 35, tzinfo=tzlocal()), datetime.datetime(2021, 10, 24, 20, 24, 14, tzinfo=tzlocal())), '4f6f382b-d13b-4430-beda-3bfe4edd2f28': (datetime.datetime(2021, 10, 24, 20, 28, tzinfo=tzlocal()), datetime.datetime(2021, 10, 24, 20, 28, 9, tzinfo=tzlocal())), '54637115-5ca7-4405-a735-016655a523a5': (datetime.datetime(2021, 10, 24, 20, 25, 32, tzinfo=tzlocal()), datetime.datetime(2021, 10, 24, 20, 26, 30, tzinfo=tzlocal())), '5819d881-9786-46f5-9710-7afe900d789f': (datetime.datetime(2021, 10, 24, 20, 21, 2, tzinfo=tzlocal()), datetime.datetime(2021, 10, 24, 20, 22, 56, tzinfo=tzlocal())), '588da902-29ef-4c79-bf56-0e8bdb755e12': (datetime.datetime(2021, 10, 24, 20, 21, 42, tzinfo=tzlocal()), datetime.datetime(2021, 10, 24, 20, 22, 33, tzinfo=tzlocal())), '5b0e0eb5-1e71-4f8e-9c1e-4e94a2085077': (datetime.datetime(2021, 10, 24, 20, 23, 59, tzinfo=tzlocal()), datetime.datetime(2021, 10, 24, 20, 24, 33, tzinfo=tzlocal())), '5f2d625b-8051-4c46-bb42-e1405d647cae': (datetime.datetime(2021, 10, 24, 20, 19, 42, tzinfo=tzlocal()), datetime.datetime(2021, 10, 24, 20, 20, 28, tzinfo=tzlocal())), '63dfd494-d480-4d45-a83a-bbdd964c0742': (datetime.datetime(2021, 10, 24, 20, 23, 50, tzinfo=tzlocal()), datetime.datetime(2021, 10, 24, 20, 24, 56, tzinfo=tzlocal())), '64d04118-0bce-4038-aed6-1298590af62a': (datetime.datetime(2021, 10, 24, 20, 22, 14, tzinfo=tzlocal()), datetime.datetime(2021, 10, 24, 20, 23, 13, tzinfo=tzlocal())), '6c691efb-6a76-4c92-a1a8-b1cfa0942e5c': (datetime.datetime(2021, 10, 24, 20, 21, 53, tzinfo=tzlocal()), datetime.datetime(2021, 10, 24, 20, 22, 7, tzinfo=tzlocal())), '6fad0db6-0f4d-484f-9916-07fa0a8143f8': (datetime.datetime(2021, 10, 24, 20, 26, 59, tzinfo=tzlocal()), datetime.datetime(2021, 10, 24, 20, 27, 26, tzinfo=tzlocal())), '73fbdf45-853a-430f-a081-9eaadc4a25d8': (datetime.datetime(2021, 10, 24, 20, 27, 17, tzinfo=tzlocal()), datetime.datetime(2021, 10, 24, 20, 27, 42, tzinfo=tzlocal())), '7596ab2e-5195-4e90-be8c-47da4c9f54e7': (datetime.datetime(2021, 10, 24, 20, 24, 57, tzinfo=tzlocal()), datetime.datetime(2021, 10, 24, 20, 25, 47, tzinfo=tzlocal())), '78b0f9b4-9ea3-4ae4-be6a-dff4cd41244f': (datetime.datetime(2021, 10, 24, 20, 19, 57, tzinfo=tzlocal()), datetime.datetime(2021, 10, 24, 20, 20, 9, tzinfo=tzlocal())), '7b452e0c-eaff-4563-922f-4727b84fa6c0': (datetime.datetime(2021, 10, 24, 20, 27, 3, tzinfo=tzlocal()), datetime.datetime(2021, 10, 24, 20, 27, 33, tzinfo=tzlocal())), '7d48fc41-0076-42a8-b549-8e8de1c8df30': (datetime.datetime(2021, 10, 24, 20, 22, 34, tzinfo=tzlocal()), datetime.datetime(2021, 10, 24, 20, 22, 51, tzinfo=tzlocal())), '7d63262f-3e09-46d2-a9ca-6e0d268e4854': (datetime.datetime(2021, 10, 24, 20, 24, 37, tzinfo=tzlocal()), datetime.datetime(2021, 10, 24, 20, 24, 51, tzinfo=tzlocal())), '7f167ab5-b197-47dd-8b3d-f0910f906cd4': (datetime.datetime(2021, 10, 24, 20, 25, 7, tzinfo=tzlocal()), datetime.datetime(2021, 10, 24, 20, 27, 46, tzinfo=tzlocal())), '808f73bb-327a-45e1-8f0d-a48de2ed56c5': (datetime.datetime(2021, 10, 24, 20, 22, 56, tzinfo=tzlocal()), datetime.datetime(2021, 10, 24, 20, 24, 24, tzinfo=tzlocal())), '82335f0d-3a9c-4cb4-84ff-233ad44d6ba5': (datetime.datetime(2021, 10, 24, 20, 27, 8, tzinfo=tzlocal()), datetime.datetime(2021, 10, 24, 20, 27, 54, tzinfo=tzlocal())), '8e8e5d7b-ad92-444c-85ac-70e946458d6f': (datetime.datetime(2021, 10, 24, 20, 20, 37, tzinfo=tzlocal()), datetime.datetime(2021, 10, 24, 20, 20, 51, tzinfo=tzlocal())), 'a1b7fad2-229e-4ec1-a32c-148e2ff5bc57': (datetime.datetime(2021, 10, 24, 20, 28, 32, tzinfo=tzlocal()), datetime.datetime(2021, 10, 24, 20, 28, 45, tzinfo=tzlocal())), 'a3c46b18-7f3d-48f6-a07b-204619ff4f1e': (datetime.datetime(2021, 10, 24, 20, 26, 32, tzinfo=tzlocal()), datetime.datetime(2021, 10, 24, 20, 27, 20, tzinfo=tzlocal())), 'ae5733cc-a192-4aab-aaee-7b59b03fe96b': (datetime.datetime(2021, 10, 24, 20, 27, 34, tzinfo=tzlocal()), datetime.datetime(2021, 10, 24, 20, 28, 8, tzinfo=tzlocal())), 'b182dc72-bfdd-4fc3-8165-01f98377e96e': (datetime.datetime(2021, 10, 24, 20, 21, 22, tzinfo=tzlocal()), datetime.datetime(2021, 10, 24, 20, 21, 45, tzinfo=tzlocal())), 'b57abb37-87bc-4e3a-b788-52e1ed2377b1': (datetime.datetime(2021, 10, 24, 20, 28, 30, tzinfo=tzlocal()), datetime.datetime(2021, 10, 24, 20, 29, 12, tzinfo=tzlocal())), 'be8cc185-b170-4797-9d5d-99b806a724ae': (datetime.datetime(2021, 10, 24, 20, 23, 9, tzinfo=tzlocal()), datetime.datetime(2021, 10, 24, 20, 25, 47, tzinfo=tzlocal())), 'c10c37f6-259a-404a-b7c7-a356d5170b21': (datetime.datetime(2021, 10, 24, 20, 20, 12, tzinfo=tzlocal()), datetime.datetime(2021, 10, 24, 20, 20, 42, tzinfo=tzlocal())), 'c2b49b08-be92-4bd5-922d-9b7817dacff5': (datetime.datetime(2021, 10, 24, 20, 24, 17, tzinfo=tzlocal()), datetime.datetime(2021, 10, 24, 20, 25, 16, tzinfo=tzlocal())), 'c56b3764-0166-4605-97c5-fd63667ea65e': (datetime.datetime(2021, 10, 24, 20, 20, 53, tzinfo=tzlocal()), datetime.datetime(2021, 10, 24, 20, 21, 21, tzinfo=tzlocal())), 'caf6afb9-03f7-41c4-838c-aa05afb2fb9e': (datetime.datetime(2021, 10, 24, 20, 26, 18, tzinfo=tzlocal()), datetime.datetime(2021, 10, 24, 20, 26, 50, tzinfo=tzlocal())), 'd9511458-8f47-453a-9460-94aba7ebcf6d': (datetime.datetime(2021, 10, 24, 20, 28, 47, tzinfo=tzlocal()), datetime.datetime(2021, 10, 24, 20, 28, 57, tzinfo=tzlocal())), 'db0e32d8-c092-40cd-bf2e-268c2865492e': (datetime.datetime(2021, 10, 24, 20, 29, tzinfo=tzlocal()), datetime.datetime(2021, 10, 24, 20, 29, 18, tzinfo=tzlocal())), 'e0bf1eba-dc08-470a-bebe-680a80698c86': (datetime.datetime(2021, 10, 24, 20, 26, 15, tzinfo=tzlocal()), datetime.datetime(2021, 10, 24, 20, 27, 2, tzinfo=tzlocal())), 'e6fa9174-d57c-488d-9825-2e04e8cbeee5': (datetime.datetime(2021, 10, 24, 20, 20, 27, tzinfo=tzlocal()), datetime.datetime(2021, 10, 24, 20, 20, 44, tzinfo=tzlocal())), 'ee08ef4a-f99a-4343-8946-e820ac8c43d2': (datetime.datetime(2021, 10, 24, 20, 22, 25, tzinfo=tzlocal()), datetime.datetime(2021, 10, 24, 20, 22, 40, tzinfo=tzlocal())), 'ee36a5d4-d9f1-456f-a32b-8f23d444bdf4': (datetime.datetime(2021, 10, 24, 20, 28, 17, tzinfo=tzlocal()), datetime.datetime(2021, 10, 24, 20, 28, 44, tzinfo=tzlocal())), 'f655acaa-eab9-4ef7-9c3b-45489d0acd53': (datetime.datetime(2021, 10, 24, 20, 19, 47, tzinfo=tzlocal()), datetime.datetime(2021, 10, 24, 20, 20, 8, tzinfo=tzlocal())), 'fc134078-ec68-44d9-bcb8-6ef861dc9c42': (datetime.datetime(2021, 10, 24, 20, 24, 28, tzinfo=tzlocal()), datetime.datetime(2021, 10, 24, 20, 24, 42, tzinfo=tzlocal())), 'fe509912-aad4-49fa-8f8f-073285ced2f4': (datetime.datetime(2021, 10, 24, 20, 25, 27, tzinfo=tzlocal()), datetime.datetime(2021, 10, 24, 20, 26, tzinfo=tzlocal()))}




id,network,job_type,image_size,num_imgs,device,batch_size,data_parallelism,response_time
5f2d625b,swa,interpolation,1024,800,cuda:0,8,1,46733
f655acaa,style2,interpolation,1024,200,cuda:0,4,1,21713
78b0f9b4,swa,random,256,100,cuda:1,8,1,12697
c10c37f6,stylemap,random,512,100,cuda:0,2,1,30661
22f8b1d3,stylemap,random,1024,200,cuda:0,1,1,122644
e6fa9174,style2ada,random,512,100,cuda:1,4,1,17621
8e8e5d7b,anycost,random,256,100,cuda:1,8,1,14593
3e94e5bc,stylemap,random,256,400,cuda:0,4,1,95560
c56b3764,swa,random,1024,200,cuda:1,4,1,29540
5819d881,style2ada,interpolation,512,800,cuda:1,2,1,114522
099b426c,style1,interpolation,512,800,cuda:1,8,1,26501
b182dc72,mobile,random,1024,200,cuda:1,2,1,23480
4d3f57d1,style1,random,256,800,cuda:0,8,1,13457
588da902,style2,random,1024,200,cuda:1,1,1,51434
6c691efb,style1,interpolation,256,200,cuda:1,8,1,15413
07904192,mobile,interpolation,1024,400,cuda:1,2,1,53397
07404059,style2ada,random,1024,400,-1,-1,1,-1
64d04118,style1,interpolation,1024,800,cuda:1,1,1,59369
ee08ef4a,style1,random,1024,400,cuda:0,8,1,16350
266a6e49,stylemap,random,1024,400,cuda:0,1,1,179333
7d48fc41,mobile,interpolation,1024,200,cuda:0,8,1,17312
18c8f82a,style2ada,interpolation,512,100,cuda:0,4,1,16225
808f73bb,anycost,random,1024,800,cuda:0,2,1,90195
350cfad8,swa,random,1024,100,cuda:1,4,1,26176
be8cc185,stylemap,interpolation,256,800,cuda:1,2,1,158161
3894e329,anycost,interpolation,256,100,cuda:1,4,1,20137
4d5d06b4,style1,random,1024,400,cuda:1,1,1,40109
63dfd494,style2ada,random,1024,200,cuda:1,1,1,67075
5b0e0eb5,style2ada,interpolation,512,100,cuda:1,2,1,39059
848ea23a,style2,interpolation,1024,800,-1,-1,1,-1
c2b49b08,style2ada,random,256,400,cuda:1,2,1,60028
fc134078,style2ada,interpolation,512,100,cuda:0,4,1,16009
7d63262f,style2,interpolation,256,100,cuda:0,8,1,14989
7596ab2e,style2ada,random,256,400,cuda:1,2,1,55965
7f167ab5,stylemap,interpolation,512,800,cuda:0,2,1,159927
fe509912,style2ada,random,1024,200,cuda:0,2,1,38861
54637115,style2ada,random,256,800,cuda:0,8,1,58829
e0bf1eba,style2,interpolation,1024,200,cuda:0,4,1,85779
3addeef5,style2ada,random,256,100,cuda:1,8,1,19757
00826068,mobile,random,1024,100,cuda:1,4,1,31741
3f3cac16,mobile,random,1024,100,cuda:0,4,1,14724
caf6afb9,style2ada,interpolation,512,400,cuda:1,4,1,33664
a3c46b18,style2ada,random,512,800,cuda:0,4,1,48589
26eba523,anycost,interpolation,256,800,cuda:1,8,1,40516
6fad0db6,anycost,interpolation,512,100,cuda:1,4,1,34505
7b452e0c,style2,random,512,200,cuda:1,4,1,31479
82335f0d,style2,interpolation,512,800,cuda:0,8,1,47388
73fbdf45,swa,interpolation,256,100,cuda:0,8,1,25373
ae5733cc,style2ada,random,1024,400,cuda:0,2,1,36353
2274e82a,mobile,random,256,100,cuda:1,8,1,12333
4f6f382b,style1,random,256,100,cuda:1,8,1,12309
4089c07d,stylemap,random,512,100,cuda:0,2,1,30293
ee36a5d4,stylemap,interpolation,512,100,cuda:0,2,1,27273
b57abb37,style2,interpolation,1024,400,cuda:1,2,1,45257
a1b7fad2,style1,interpolation,512,100,cuda:1,8,1,13245
d9511458,style1,interpolation,256,100,cuda:1,8,1,10225
db0e32d8,style2,random,1024,100,cuda:0,4,1,26209
6e73f873,stylemap,random,1024,400,cuda:0,1,1,-1
0885681d,anycost,interpolation,512,100,cuda:0,8,1,20180
1591df9b,mobile,interpolation,256,400,cuda:1,8,1,15156




