/usr/local/lib/python3.8/dist-packages/dataclasses_json/core.py:171: RuntimeWarning: `NoneType` object value of non-optional type config_path detected when decoding BareConfig.
  warnings.warn(f"`NoneType` object {warning}.", RuntimeWarning)
10-24-2021 22:21:45 root         INFO     Starting in cluster mode.
10-24-2021 22:21:45 root         INFO     Starting as Orchestrator
10-24-2021 22:21:45 root         INFO     Starting Orchestrator, initializing resources....
10-24-2021 22:21:45 root         INFO     Loading in cluster configuration file
10-24-2021 22:21:45 root         INFO     Pointing configuration to in cluster configuration.
10-24-2021 22:21:45 root         INFO     Starting cluster manager
10-24-2021 22:21:45 root         INFO     Starting arrival generator
10-24-2021 22:21:45 root         INFO     Starting orchestrator
style2 512 400 8 cuda:0 13608
mobile 512 200 8 cuda:1 5176
style2ada 1024 400 2 cuda:1 8504
style2 512 400 4 cuda:1 7280
mobile 512 800 8 cuda:1 5176
style1 1024 800 8 cuda:0 21152
style1 512 100 8 cuda:0 5952
style2ada 512 200 8 cuda:0 15664
anycost 1024 200 4 cuda:0 14072
style2 1024 800 4 cuda:0 14048
swa 1024 100 8 cuda:0 14328
anycost 512 100 8 cuda:0 13616
style2ada 512 200 4 cuda:0 8312
anycost 512 100 2 cuda:1 4120
style1 512 400 8 cuda:1 5952
style2 256 200 4 cuda:1 4152
style2 512 200 8 cuda:0 13608
mobile 1024 200 4 cuda:0 10096
style2 256 800 8 cuda:0 7376
style2ada 1024 800 2 cuda:0 8504
mobile 256 100 8 cuda:1 1488
style1 256 400 8 cuda:1 2008
swa 1024 100 4 cuda:1 7632
anycost 512 100 8 cuda:0 13616
mobile 512 400 8 cuda:1 5176
style1 512 400 8 cuda:1 5952
mobile 1024 200 2 cuda:1 5232
10-24-2021 22:24:06 ResourceWatchDog ERROR    Finish time lookup for ubuntu94025/8d4bf9a2-44c8-4763-8869-6acefe33ac41 failed. Reason: 'NoneType' object is not iterable
style2ada 256 200 8 cuda:0 8328
stylemap 256 400 4 cuda:0 12904
swa 512 800 8 cuda:1 7560
style1 256 200 8 cuda:1 2008
stylemap 256 800 4 cuda:0 12904
style2 512 200 4 cuda:1 7280
style1 512 200 8 cuda:1 5952
style1 1024 200 4 cuda:0 11368
swa 1024 400 4 cuda:1 7632
style2ada 256 800 4 cuda:1 4640
mobile 256 100 8 cuda:1 1488
style2ada 1024 200 1 cuda:1 4760
style2 512 100 2 cuda:1 4120
style2 1024 100 2 cuda:0 7536
mobile 256 200 8 cuda:1 1488
style1 256 200 8 cuda:1 2008
swa 1024 100 8 cuda:0 14328
mobile 512 800 8 cuda:0 5176
anycost 256 400 8 cuda:0 7392
anycost 256 800 8 cuda:0 7392
stylemap 1024 100 1 cuda:0 13216
style1 256 100 8 cuda:1 2008
anycost 512 100 8 cuda:0 13616
style1 256 400 8 cuda:1 2008
style2ada 512 100 4 cuda:1 8312
10-24-2021 22:26:19 ResourceWatchDog ERROR    Finish time lookup for ubuntu94025/7eff2d3f-d792-49bc-8226-25f691412b77 failed. Reason: 'NoneType' object is not iterable
style2ada 256 100 4 cuda:1 4640
swa 1024 100 4 cuda:1 7632
mobile 256 800 8 cuda:1 1488
anycost 256 100 4 cuda:1 4160
style1 512 400 8 cuda:1 5952
swa 256 200 8 cuda:1 4152
anycost 512 400 4 cuda:0 7280
mobile 1024 400 4 cuda:0 10096
style2ada 512 100 4 cuda:0 8312
anycost 256 100 8 cuda:0 7392
mobile 512 400 8 cuda:0 5176
style2ada 256 400 2 cuda:1 2800
anycost 256 200 8 cuda:0 7392
10-24-2021 22:27:17 ResourceWatchDog ERROR    Finish time lookup for ubuntu94025/d6ecc3cc-16c1-4278-a423-e6a552af2dc5 failed. Reason: 'NoneType' object is not iterable
swa 1024 200 4 cuda:1 7632
style1 1024 400 2 cuda:1 6512
anycost 256 400 8 cuda:0 7392
anycost 1024 800 4 cuda:0 14072
style1 512 100 8 cuda:1 5952
style1 512 200 8 cuda:1 5952
style2ada 512 400 8 cuda:0 15664
style2ada 256 100 4 cuda:1 4640
style2ada 512 200 1 cuda:0 2800
mobile 256 200 8 cuda:1 1488
style2ada 1024 100 4 cuda:0 15984
style2 512 100 4 cuda:1 7280
swa 1024 400 8 cuda:0 14328
stylemap 512 200 2 cuda:0 13096
anycost 512 400 8 cuda:0 13616
style2 512 800 4 cuda:0 7280
style1 256 100 8 cuda:1 2008
style2 1024 400 2 cuda:1 7536
mobile 256 800 8 cuda:1 1488
style1 512 400 8 cuda:1 5952
mobile 1024 400 2 cuda:1 5232
anycost 512 200 4 cuda:1 7280
10-24-2021 22:29:16 ResourceWatchDog ERROR    Finish time lookup for ubuntu94025/cf657817-18e2-4392-941b-acbad9231d26 failed. Reason: 'NoneType' object is not iterable
style2ada 512 200 2 cuda:1 4632
style2ada 1024 200 2 cuda:0 8504
style2ada 512 800 4 cuda:0 8312
style2ada 512 100 4 cuda:0 8312
swa 256 400 8 cuda:0 4152
mobile 256 100 8 cuda:1 1488
swa 1024 200 4 cuda:0 7632
10-24-2021 22:29:54 ResourceWatchDog ERROR    Finish time lookup for ubuntu94025/860eaea9-e522-43c4-a9a5-409d57f54fd7 failed. Reason: 'NoneType' object is not iterable
style1 1024 400 1 cuda:1 4064
style2 256 800 4 cuda:1 4152
mobile 512 800 4 cuda:1 2736
swa 512 200 4 cuda:1 4240
anycost 256 200 4 cuda:1 4160
style2 1024 200 2 cuda:1 7536
10-24-2021 22:30:23 ResourceWatchDog ERROR    Finish time lookup for ubuntu94025/f727eaf8-230e-43d5-9ec7-cfa723fe4c69 failed. Reason: 'NoneType' object is not iterable
10-24-2021 22:30:25 ResourceWatchDog ERROR    Finish time lookup for ubuntu94025/f727eaf8-230e-43d5-9ec7-cfa723fe4c69 failed. Reason: 'NoneType' object is not iterable
mobile 256 800 8 cuda:1 1488
10-24-2021 22:30:28 ResourceWatchDog ERROR    Finish time lookup for ubuntu94025/e7ef0170-cf50-4346-8499-b3b94cfeb99e failed. Reason: 'NoneType' object is not iterable
10-24-2021 22:30:30 ResourceWatchDog ERROR    Finish time lookup for ubuntu94025/e7ef0170-cf50-4346-8499-b3b94cfeb99e failed. Reason: 'NoneType' object is not iterable
anycost 1024 400 4 cuda:0 14072
style2ada 1024 100 4 cuda:0 15984
mobile 256 400 8 cuda:0 1488
style2 256 100 8 cuda:0 7376
anycost 512 100 8 cuda:0 13616
swa 512 400 8 cuda:0 7560
anycost 256 400 8 cuda:0 7392
10-24-2021 22:31:01 ResourceWatchDog ERROR    Finish time lookup for ubuntu94025/36b7dd67-43be-4810-813e-7a505c33d372 failed. Reason: 'NoneType' object is not iterable
style1 512 200 8 cuda:0 5952
style1 256 800 8 cuda:0 2008
mobile 512 100 4 cuda:1 2736
stylemap 256 400 1 cuda:0 5048
swa 1024 800 4 cuda:1 7632
mobile 1024 200 4 cuda:1 10096
anycost 1024 200 2 cuda:1 7544
swa 256 800 4 cuda:0 2528




task_info={UUID('6ed985f1-a1d8-48a0-a32b-a66638dfea1c'): ('style2', 512, 'interpolation', 400, 'cuda:0', 8, 1), UUID('c2ffbfc9-a0b9-46bb-a0d8-dee7e5ec7a7b'): ('mobile', 512, 'interpolation', 200, 'cuda:1', 8, 1), UUID('da8f287e-f709-477a-97c6-5584926e31a7'): ('style2ada', 1024, 'interpolation', 400, 'cuda:1', 2, 1), UUID('420af4ca-9acf-4269-a572-a85cee0bec27'): ('style2', 512, 'random', 400, 'cuda:1', 4, 1), UUID('3406cbee-580f-4fb3-b029-7163e4438abe'): ('mobile', 512, 'interpolation', 800, 'cuda:1', 8, 1), UUID('dd5dea66-6bf8-40b8-bd67-9e3aebd60cb6'): ('style1', 1024, 'interpolation', 800, 'cuda:0', 8, 1), UUID('f59fc3ef-e190-4618-8888-ef111fc439c0'): ('style1', 512, 'interpolation', 100, 'cuda:0', 8, 1), UUID('949c5b90-8371-45d3-9b6a-88fe03a3c0b4'): ('style2ada', 512, 'interpolation', 200, 'cuda:0', 8, 1), UUID('99933e13-f219-41e7-bfd0-5304f40462e1'): ('anycost', 1024, 'interpolation', 200, 'cuda:0', 4, 1), UUID('386416e7-bcd1-4a93-9582-17c01506092d'): ('style2', 1024, 'interpolation', 800, 'cuda:0', 4, 1), UUID('0638d31d-b8c2-4b1c-867b-82916569e357'): ('swa', 1024, 'interpolation', 100, 'cuda:0', 8, 1), UUID('243b3d31-f6fe-4f0c-96c8-da285b11fce4'): ('anycost', 512, 'random', 100, 'cuda:0', 8, 1), UUID('0ef0d7b6-8f18-4d71-bf45-cf0d6431cf08'): ('style2ada', 512, 'interpolation', 200, 'cuda:0', 4, 1), UUID('75c7850b-4a31-42b2-bf07-3ca01b19b128'): ('anycost', 512, 'random', 100, 'cuda:1', 2, 1), UUID('e15867ab-1608-4be2-bf0a-93061afc5e35'): ('style1', 512, 'interpolation', 400, 'cuda:1', 8, 1), UUID('cffe178b-f6cf-44ec-98ea-1eb8561cc322'): ('style2', 256, 'random', 200, 'cuda:1', 4, 1), UUID('cdd5ce57-fbc1-4fa1-b645-feb09405ac50'): ('style2', 512, 'random', 200, 'cuda:0', 8, 1), UUID('4a53d0f0-484f-4356-834e-f1dd6a4a5e61'): ('mobile', 1024, 'random', 200, 'cuda:0', 4, 1), UUID('f8ebc2f7-43a9-47d3-a74f-8b6d4fd6a39c'): ('style2', 256, 'interpolation', 800, 'cuda:0', 8, 1), UUID('29e6a85b-bf0e-4471-aeb7-ed212853af93'): ('style2ada', 1024, 'interpolation', 800, 'cuda:0', 2, 1), UUID('e59d6d64-b72d-4562-a0c4-7b825936e417'): ('stylemap', 1024, 'random', 100, -1, -1, 1), UUID('e762b700-4307-4075-aeeb-e1d3ddf92f06'): ('mobile', 256, 'interpolation', 100, 'cuda:1', 8, 1), UUID('5f07fa6c-5548-43ab-ac8f-ddf5e92e46ef'): ('style1', 256, 'interpolation', 400, 'cuda:1', 8, 1), UUID('4eed5509-15fe-4ae7-a17d-f77fca57c5cf'): ('swa', 1024, 'interpolation', 100, 'cuda:1', 4, 1), UUID('ea4f923a-fca5-4815-a882-6ee6d5568a55'): ('stylemap', 512, 'interpolation', 800, -1, -1, 1), UUID('94e932ad-ae00-4cda-9023-c3d3bc0ff49f'): ('anycost', 512, 'random', 100, 'cuda:0', 8, 1), UUID('664d4a39-2885-46e4-bc3a-ffa863022f68'): ('mobile', 512, 'interpolation', 400, 'cuda:1', 8, 1), UUID('8d4bf9a2-44c8-4763-8869-6acefe33ac41'): ('style1', 512, 'random', 400, 'cuda:1', 8, 1), UUID('29420216-dcc4-45ed-8fc5-6e2e7cb1b286'): ('mobile', 1024, 'interpolation', 200, 'cuda:1', 2, 1), UUID('d0f2cee9-91cd-4434-a667-06727a4514b8'): ('style2ada', 256, 'interpolation', 200, 'cuda:0', 8, 1), UUID('4eb5280a-6ebb-4dd1-9fc3-b5af8f39d11d'): ('stylemap', 256, 'interpolation', 400, 'cuda:0', 4, 1), UUID('0a0edcea-ab01-4559-9dab-7f936131d40f'): ('swa', 512, 'interpolation', 800, 'cuda:1', 8, 1), UUID('1c3d89c9-2b6c-44ba-b25e-9289362bd7fa'): ('style1', 256, 'interpolation', 200, 'cuda:1', 8, 1), UUID('637b8878-f88e-4789-bc2f-7e19dbf5ecfe'): ('stylemap', 256, 'random', 800, 'cuda:0', 4, 1), UUID('43dfdc3a-2101-4455-80b0-3d4a48b5b79a'): ('style2', 512, 'random', 200, 'cuda:1', 4, 1), UUID('b53e39c4-907f-40be-85ac-68c39bf212ab'): ('style1', 512, 'interpolation', 200, 'cuda:1', 8, 1), UUID('0a0c4ceb-afb9-4222-8466-0b8ae0e257ea'): ('style1', 1024, 'random', 200, 'cuda:0', 4, 1), UUID('db9fcea6-9332-41f3-af1c-0421f5c4317b'): ('swa', 1024, 'random', 400, 'cuda:1', 4, 1), UUID('4e4c6dfa-4e75-4631-91e8-c7f4d829e449'): ('style2ada', 256, 'random', 800, 'cuda:1', 4, 1), UUID('10562d4a-7e15-4666-a265-6ac76d07c616'): ('mobile', 256, 'interpolation', 100, 'cuda:1', 8, 1), UUID('e604d595-c066-4b53-8295-ecf8b2fdf8f5'): ('style2ada', 1024, 'interpolation', 200, 'cuda:1', 1, 1), UUID('03ba1458-1e9d-4c8b-b13b-f1d0690119be'): ('style2', 512, 'interpolation', 100, 'cuda:1', 2, 1), UUID('da1ba730-2f93-425f-a0f5-4102c7cbfec5'): ('style2', 1024, 'interpolation', 100, 'cuda:0', 2, 1), UUID('591dcd5e-ffaf-44ae-a461-b2950a31c70a'): ('mobile', 256, 'interpolation', 200, 'cuda:1', 8, 1), UUID('186a2a36-459c-4024-90ea-89f305cb23e2'): ('style1', 256, 'random', 200, 'cuda:1', 8, 1), UUID('0c199f7d-1105-4cad-96d9-89c431a81587'): ('swa', 1024, 'random', 100, 'cuda:0', 8, 1), UUID('33b02393-7fb7-4b47-8121-edbdc059de0a'): ('mobile', 512, 'random', 800, 'cuda:0', 8, 1), UUID('873f6e9e-495a-42eb-92da-ba978ceb1709'): ('anycost', 256, 'interpolation', 400, 'cuda:0', 8, 1), UUID('d8cbc37c-f559-4800-a2a0-2c544b6579bf'): ('anycost', 256, 'random', 800, 'cuda:0', 8, 1), UUID('082d51ad-db66-44e2-a020-7564b3b12f12'): ('stylemap', 1024, 'random', 100, 'cuda:0', 1, 1), UUID('b8b5d944-dbb8-4148-a8d4-694d144b453d'): ('style1', 256, 'interpolation', 100, 'cuda:1', 8, 1), UUID('7a5eb0a9-a6ee-4a22-a252-ca584cc33640'): ('anycost', 512, 'random', 100, 'cuda:0', 8, 1), UUID('beab74a0-68c1-49c7-820d-90ff34db65c9'): ('style1', 256, 'interpolation', 400, 'cuda:1', 8, 1), UUID('7eff2d3f-d792-49bc-8226-25f691412b77'): ('style2ada', 512, 'random', 100, 'cuda:1', 4, 1), UUID('86b66d4f-49aa-4930-b360-42148f04e25a'): ('style2ada', 256, 'interpolation', 100, 'cuda:1', 4, 1), UUID('98801a31-051a-44b4-84bc-491390295c70'): ('swa', 1024, 'random', 100, 'cuda:1', 4, 1), UUID('b00218f2-c23c-4ae9-a3ee-70c23938351a'): ('mobile', 256, 'interpolation', 800, 'cuda:1', 8, 1), UUID('3edaad14-b260-491e-ba80-951676076316'): ('anycost', 256, 'random', 100, 'cuda:1', 4, 1), UUID('4e7a4e8a-0cad-4e98-b587-018ffbd0f5ca'): ('stylemap', 1024, 'random', 200, -1, -1, 1), UUID('ed1c14d5-1757-44ce-a06a-520aeee07bc6'): ('style1', 512, 'random', 400, 'cuda:1', 8, 1), UUID('fc0425a1-5f68-45e0-8153-0c6b5d2c857a'): ('swa', 256, 'interpolation', 200, 'cuda:1', 8, 1), UUID('2308877f-833b-4ec2-bd29-7c2ce0192ab5'): ('anycost', 512, 'random', 400, 'cuda:0', 4, 1), UUID('77aeadfb-6b1c-44e4-b910-a80bf0dfe6a6'): ('mobile', 1024, 'random', 400, 'cuda:0', 4, 1), UUID('f45b4509-f52b-449d-8cdf-09b14033412e'): ('style2ada', 512, 'interpolation', 100, 'cuda:0', 4, 1), UUID('3f4f25bc-6645-4be3-bd79-603b20aa57f0'): ('anycost', 256, 'interpolation', 100, 'cuda:0', 8, 1), UUID('c4016f41-e3da-4d76-ba83-3646f30ea0d6'): ('mobile', 512, 'random', 400, 'cuda:0', 8, 1), UUID('d6ecc3cc-16c1-4278-a423-e6a552af2dc5'): ('style2ada', 256, 'random', 400, 'cuda:1', 2, 1), UUID('3995bea0-d6a3-4544-9a69-57bf38b81fcd'): ('anycost', 256, 'interpolation', 200, 'cuda:0', 8, 1), UUID('d0162768-91d9-49c1-a117-9fa0fbd55b59'): ('swa', 1024, 'random', 200, 'cuda:1', 4, 1), UUID('f96282de-62d0-4e77-91e9-30e5729d5aa1'): ('style1', 1024, 'interpolation', 400, 'cuda:1', 2, 1), UUID('d7c9b5b4-7871-45be-8ee4-ed3550860094'): ('anycost', 256, 'interpolation', 400, 'cuda:0', 8, 1), UUID('48c9b00d-d148-49af-bbbe-155b00f93506'): ('anycost', 1024, 'random', 800, 'cuda:0', 4, 1), UUID('a53a509f-88b7-4557-a2e9-0982ffc4fbb4'): ('style1', 512, 'random', 100, 'cuda:1', 8, 1), UUID('118a974d-fd00-45e2-9376-b7ef66791dd5'): ('style1', 512, 'interpolation', 200, 'cuda:1', 8, 1), UUID('be866e66-218c-4c0d-91e6-4c1a2212c1ba'): ('style2ada', 512, 'interpolation', 400, 'cuda:0', 8, 1), UUID('2a1713e7-7734-4467-b42b-b315ffc01d96'): ('style2ada', 256, 'random', 100, 'cuda:1', 4, 1), UUID('cf1b2465-7c7b-48cf-bf86-d3c628d8c304'): ('style2ada', 512, 'random', 200, 'cuda:0', 1, 1), UUID('c78a4422-92c6-441e-a2f1-313a172f9a04'): ('mobile', 256, 'random', 200, 'cuda:1', 8, 1), UUID('f7e36433-83f6-4fa4-b39f-1e91bae1ac84'): ('style2ada', 1024, 'interpolation', 100, 'cuda:0', 4, 1), UUID('eaa8d747-7db1-4fc4-834b-2ddd08d6f648'): ('style2', 512, 'interpolation', 100, 'cuda:1', 4, 1), UUID('9d3e031d-2623-4705-b309-89a17a5ee521'): ('swa', 1024, 'interpolation', 400, 'cuda:0', 8, 1), UUID('f297424b-6c07-4f03-80a5-c2ac90519763'): ('stylemap', 512, 'random', 200, 'cuda:0', 2, 1), UUID('4832638f-4747-49ed-b85b-9294fa73efc6'): ('anycost', 512, 'interpolation', 400, 'cuda:0', 8, 1), UUID('96612d96-516f-4a1d-9433-1d28a0414282'): ('style2', 512, 'interpolation', 800, 'cuda:0', 4, 1), UUID('b452c942-415c-4e07-914b-7ca3460450e3'): ('style1', 256, 'interpolation', 100, 'cuda:1', 8, 1), UUID('58b04d53-901e-4ac0-848a-9660dedd4136'): ('style2', 1024, 'interpolation', 400, 'cuda:1', 2, 1), UUID('5a499b6f-6e90-45f0-bb86-3ef364999c3b'): ('mobile', 256, 'interpolation', 800, 'cuda:1', 8, 1), UUID('1a5be6ee-f62b-4c58-8c9c-1dc79c4c073a'): ('style1', 512, 'interpolation', 400, 'cuda:1', 8, 1), UUID('cf657817-18e2-4392-941b-acbad9231d26'): ('mobile', 1024, 'random', 400, 'cuda:1', 2, 1), UUID('9bb93dff-bfd1-4385-b0f3-b2c46f2655cd'): ('anycost', 512, 'random', 200, 'cuda:1', 4, 1), UUID('98209014-2a3d-41f7-8f7f-27337e91dd6a'): ('style2ada', 512, 'random', 200, 'cuda:1', 2, 1), UUID('bef10dfc-c65a-4791-8ccf-a19ee104e4c3'): ('style2ada', 1024, 'random', 200, 'cuda:0', 2, 1), UUID('f1a776ee-407b-4539-aef8-047864658acc'): ('style2ada', 512, 'random', 800, 'cuda:0', 4, 1), UUID('accec513-e54e-4951-aaa8-bdf0255c12d6'): ('style2ada', 512, 'interpolation', 100, 'cuda:0', 4, 1), UUID('6a8a12c9-cf97-4a4f-87b7-c01c0c39d9c0'): ('swa', 256, 'random', 400, 'cuda:0', 8, 1), UUID('860eaea9-e522-43c4-a9a5-409d57f54fd7'): ('mobile', 256, 'interpolation', 100, 'cuda:1', 8, 1), UUID('3f0d10de-e8ae-41d5-8d24-6c83a887e09f'): ('swa', 1024, 'random', 200, 'cuda:0', 4, 1), UUID('9bd5e04f-d53f-4550-86d5-f6491116b4e9'): ('style1', 1024, 'interpolation', 400, 'cuda:1', 1, 1), UUID('7925b72a-93ee-41ab-bcd3-0fe7836bf065'): ('stylemap', 512, 'interpolation', 100, -1, -1, 1), UUID('a065cc57-80d5-4370-b9c6-654da3bf31a4'): ('style2', 256, 'random', 800, 'cuda:1', 4, 1), UUID('65258e5f-daad-45f8-819f-dad9e61e6565'): ('mobile', 512, 'interpolation', 800, 'cuda:1', 4, 1), UUID('9cb84a33-6830-4fd1-b6ff-a1aa78119c99'): ('swa', 512, 'random', 200, 'cuda:1', 4, 1), UUID('f727eaf8-230e-43d5-9ec7-cfa723fe4c69'): ('anycost', 256, 'random', 200, 'cuda:1', 4, 1), UUID('e7ef0170-cf50-4346-8499-b3b94cfeb99e'): ('style2', 1024, 'random', 200, 'cuda:1', 2, 1), UUID('aa131b00-6868-418b-a7b0-716c4468d76d'): ('mobile', 256, 'interpolation', 800, 'cuda:1', 8, 1), UUID('e6b1605f-7af8-4cd2-aefd-212e6b9ca882'): ('anycost', 1024, 'random', 400, 'cuda:0', 4, 1), UUID('c5ce40ce-ac76-4dce-95b0-3e833629ff65'): ('style2ada', 1024, 'random', 100, 'cuda:0', 4, 1), UUID('18c8ef41-6ef5-4361-9359-8b121be20c5f'): ('style2', 256, 'random', 800, -1, -1, 1), UUID('e565073c-06bb-4e37-9617-e1d1d3773414'): ('mobile', 256, 'interpolation', 400, 'cuda:0', 8, 1), UUID('f0abd80b-b7c5-416e-8f6f-30f9a73c0ea6'): ('style2', 256, 'interpolation', 100, 'cuda:0', 8, 1), UUID('36b7dd67-43be-4810-813e-7a505c33d372'): ('anycost', 512, 'interpolation', 100, 'cuda:0', 8, 1), UUID('b9d6d70d-5b63-4ed4-ac97-faeb7c4d771d'): ('swa', 512, 'interpolation', 400, 'cuda:0', 8, 1), UUID('17ca1f55-0538-4a9e-9a87-bc77af95ebb4'): ('anycost', 256, 'random', 400, 'cuda:0', 8, 1), UUID('107b1779-0ef3-4434-bb8d-376a5751aeb7'): ('style1', 512, 'random', 200, 'cuda:0', 8, 1), UUID('cc44c4c3-080c-4760-b6cb-3a916003ba36'): ('style1', 256, 'interpolation', 800, 'cuda:0', 8, 1), UUID('aa481d9f-5c97-4265-8533-e6cd26b08783'): ('mobile', 512, 'random', 100, 'cuda:1', 4, 1), UUID('9300fce9-c0c4-4315-8377-9ddb09d606e0'): ('style1', 1024, 'interpolation', 800, -1, -1, 1), UUID('4d400272-2a48-4f44-b599-256735a0a3b5'): ('stylemap', 256, 'random', 400, 'cuda:0', 1, 1), UUID('de8e27a3-9486-4d51-8607-8d51ea378016'): ('swa', 1024, 'random', 800, 'cuda:1', 4, 1), UUID('c6aee36d-df23-4624-a095-00b3bdde06c7'): ('mobile', 1024, 'interpolation', 200, 'cuda:1', 4, 1), UUID('8e0a78d5-ef8e-482d-be89-10f9591a46cd'): ('anycost', 1024, 'interpolation', 200, 'cuda:1', 2, 1), UUID('85e43fb2-5cab-4dac-8e1d-c1eabd9f56be'): ('swa', 256, 'random', 800, 'cuda:0', 4, 1)}
arrival_times={UUID('6ed985f1-a1d8-48a0-a32b-a66638dfea1c'): datetime.datetime(2021, 10, 24, 22, 21, 50, 826770), UUID('c2ffbfc9-a0b9-46bb-a0d8-dee7e5ec7a7b'): datetime.datetime(2021, 10, 24, 22, 21, 55, 842650), UUID('da8f287e-f709-477a-97c6-5584926e31a7'): datetime.datetime(2021, 10, 24, 22, 22, 0, 854679), UUID('420af4ca-9acf-4269-a572-a85cee0bec27'): datetime.datetime(2021, 10, 24, 22, 22, 5, 866637), UUID('3406cbee-580f-4fb3-b029-7163e4438abe'): datetime.datetime(2021, 10, 24, 22, 22, 10, 907964), UUID('dd5dea66-6bf8-40b8-bd67-9e3aebd60cb6'): datetime.datetime(2021, 10, 24, 22, 22, 15, 954689), UUID('f59fc3ef-e190-4618-8888-ef111fc439c0'): datetime.datetime(2021, 10, 24, 22, 22, 15, 954741), UUID('949c5b90-8371-45d3-9b6a-88fe03a3c0b4'): datetime.datetime(2021, 10, 24, 22, 22, 20, 974664), UUID('99933e13-f219-41e7-bfd0-5304f40462e1'): datetime.datetime(2021, 10, 24, 22, 22, 25, 991167), UUID('386416e7-bcd1-4a93-9582-17c01506092d'): datetime.datetime(2021, 10, 24, 22, 22, 36, 11843), UUID('0638d31d-b8c2-4b1c-867b-82916569e357'): datetime.datetime(2021, 10, 24, 22, 22, 36, 11911), UUID('243b3d31-f6fe-4f0c-96c8-da285b11fce4'): datetime.datetime(2021, 10, 24, 22, 22, 41, 103444), UUID('0ef0d7b6-8f18-4d71-bf45-cf0d6431cf08'): datetime.datetime(2021, 10, 24, 22, 22, 46, 114589), UUID('75c7850b-4a31-42b2-bf07-3ca01b19b128'): datetime.datetime(2021, 10, 24, 22, 22, 51, 131629), UUID('e15867ab-1608-4be2-bf0a-93061afc5e35'): datetime.datetime(2021, 10, 24, 22, 22, 56, 218651), UUID('cffe178b-f6cf-44ec-98ea-1eb8561cc322'): datetime.datetime(2021, 10, 24, 22, 23, 1, 305323), UUID('cdd5ce57-fbc1-4fa1-b645-feb09405ac50'): datetime.datetime(2021, 10, 24, 22, 23, 11, 326621), UUID('4a53d0f0-484f-4356-834e-f1dd6a4a5e61'): datetime.datetime(2021, 10, 24, 22, 23, 11, 326676), UUID('f8ebc2f7-43a9-47d3-a74f-8b6d4fd6a39c'): datetime.datetime(2021, 10, 24, 22, 23, 16, 385821), UUID('29e6a85b-bf0e-4471-aeb7-ed212853af93'): datetime.datetime(2021, 10, 24, 22, 23, 21, 468709), UUID('e59d6d64-b72d-4562-a0c4-7b825936e417'): datetime.datetime(2021, 10, 24, 22, 23, 31, 490644), UUID('e762b700-4307-4075-aeeb-e1d3ddf92f06'): datetime.datetime(2021, 10, 24, 22, 23, 38, 503096), UUID('5f07fa6c-5548-43ab-ac8f-ddf5e92e46ef'): datetime.datetime(2021, 10, 24, 22, 23, 38, 503159), UUID('4eed5509-15fe-4ae7-a17d-f77fca57c5cf'): datetime.datetime(2021, 10, 24, 22, 23, 43, 526615), UUID('ea4f923a-fca5-4815-a882-6ee6d5568a55'): datetime.datetime(2021, 10, 24, 22, 23, 48, 540600), UUID('94e932ad-ae00-4cda-9023-c3d3bc0ff49f'): datetime.datetime(2021, 10, 24, 22, 23, 55, 546676), UUID('664d4a39-2885-46e4-bc3a-ffa863022f68'): datetime.datetime(2021, 10, 24, 22, 23, 55, 546736), UUID('8d4bf9a2-44c8-4763-8869-6acefe33ac41'): datetime.datetime(2021, 10, 24, 22, 24, 5, 574635), UUID('29420216-dcc4-45ed-8fc5-6e2e7cb1b286'): datetime.datetime(2021, 10, 24, 22, 24, 5, 574708), UUID('d0f2cee9-91cd-4434-a667-06727a4514b8'): datetime.datetime(2021, 10, 24, 22, 24, 10, 607949), UUID('4eb5280a-6ebb-4dd1-9fc3-b5af8f39d11d'): datetime.datetime(2021, 10, 24, 22, 24, 15, 687546), UUID('0a0edcea-ab01-4559-9dab-7f936131d40f'): datetime.datetime(2021, 10, 24, 22, 24, 15, 687602), UUID('1c3d89c9-2b6c-44ba-b25e-9289362bd7fa'): datetime.datetime(2021, 10, 24, 22, 24, 25, 714004), UUID('637b8878-f88e-4789-bc2f-7e19dbf5ecfe'): datetime.datetime(2021, 10, 24, 22, 24, 35, 794241), UUID('43dfdc3a-2101-4455-80b0-3d4a48b5b79a'): datetime.datetime(2021, 10, 24, 22, 24, 40, 854861), UUID('b53e39c4-907f-40be-85ac-68c39bf212ab'): datetime.datetime(2021, 10, 24, 22, 24, 40, 854917), UUID('0a0c4ceb-afb9-4222-8466-0b8ae0e257ea'): datetime.datetime(2021, 10, 24, 22, 24, 45, 874601), UUID('db9fcea6-9332-41f3-af1c-0421f5c4317b'): datetime.datetime(2021, 10, 24, 22, 24, 50, 888508), UUID('4e4c6dfa-4e75-4631-91e8-c7f4d829e449'): datetime.datetime(2021, 10, 24, 22, 25, 0, 907683), UUID('10562d4a-7e15-4666-a265-6ac76d07c616'): datetime.datetime(2021, 10, 24, 22, 25, 5, 922650), UUID('e604d595-c066-4b53-8295-ecf8b2fdf8f5'): datetime.datetime(2021, 10, 24, 22, 25, 5, 922717), UUID('03ba1458-1e9d-4c8b-b13b-f1d0690119be'): datetime.datetime(2021, 10, 24, 22, 25, 10, 942595), UUID('da1ba730-2f93-425f-a0f5-4102c7cbfec5'): datetime.datetime(2021, 10, 24, 22, 25, 20, 958627), UUID('591dcd5e-ffaf-44ae-a461-b2950a31c70a'): datetime.datetime(2021, 10, 24, 22, 25, 25, 970594), UUID('186a2a36-459c-4024-90ea-89f305cb23e2'): datetime.datetime(2021, 10, 24, 22, 25, 35, 986587), UUID('0c199f7d-1105-4cad-96d9-89c431a81587'): datetime.datetime(2021, 10, 24, 22, 25, 46, 5792), UUID('33b02393-7fb7-4b47-8121-edbdc059de0a'): datetime.datetime(2021, 10, 24, 22, 25, 51, 18627), UUID('873f6e9e-495a-42eb-92da-ba978ceb1709'): datetime.datetime(2021, 10, 24, 22, 25, 51, 18682), UUID('d8cbc37c-f559-4800-a2a0-2c544b6579bf'): datetime.datetime(2021, 10, 24, 22, 25, 56, 45438), UUID('082d51ad-db66-44e2-a020-7564b3b12f12'): datetime.datetime(2021, 10, 24, 22, 25, 56, 45497), UUID('b8b5d944-dbb8-4148-a8d4-694d144b453d'): datetime.datetime(2021, 10, 24, 22, 26, 1, 86654), UUID('7a5eb0a9-a6ee-4a22-a252-ca584cc33640'): datetime.datetime(2021, 10, 24, 22, 26, 6, 106318), UUID('beab74a0-68c1-49c7-820d-90ff34db65c9'): datetime.datetime(2021, 10, 24, 22, 26, 11, 126686), UUID('7eff2d3f-d792-49bc-8226-25f691412b77'): datetime.datetime(2021, 10, 24, 22, 26, 16, 138675), UUID('86b66d4f-49aa-4930-b360-42148f04e25a'): datetime.datetime(2021, 10, 24, 22, 26, 21, 212042), UUID('98801a31-051a-44b4-84bc-491390295c70'): datetime.datetime(2021, 10, 24, 22, 26, 26, 298745), UUID('b00218f2-c23c-4ae9-a3ee-70c23938351a'): datetime.datetime(2021, 10, 24, 22, 26, 26, 298802), UUID('3edaad14-b260-491e-ba80-951676076316'): datetime.datetime(2021, 10, 24, 22, 26, 31, 320318), UUID('4e7a4e8a-0cad-4e98-b587-018ffbd0f5ca'): datetime.datetime(2021, 10, 24, 22, 26, 36, 334640), UUID('ed1c14d5-1757-44ce-a06a-520aeee07bc6'): datetime.datetime(2021, 10, 24, 22, 26, 43, 347957), UUID('fc0425a1-5f68-45e0-8153-0c6b5d2c857a'): datetime.datetime(2021, 10, 24, 22, 26, 43, 348060), UUID('2308877f-833b-4ec2-bd29-7c2ce0192ab5'): datetime.datetime(2021, 10, 24, 22, 26, 48, 430643), UUID('77aeadfb-6b1c-44e4-b910-a80bf0dfe6a6'): datetime.datetime(2021, 10, 24, 22, 26, 53, 442624), UUID('f45b4509-f52b-449d-8cdf-09b14033412e'): datetime.datetime(2021, 10, 24, 22, 26, 58, 464863), UUID('3f4f25bc-6645-4be3-bd79-603b20aa57f0'): datetime.datetime(2021, 10, 24, 22, 26, 58, 464923), UUID('c4016f41-e3da-4d76-ba83-3646f30ea0d6'): datetime.datetime(2021, 10, 24, 22, 26, 58, 464957), UUID('d6ecc3cc-16c1-4278-a423-e6a552af2dc5'): datetime.datetime(2021, 10, 24, 22, 27, 8, 635703), UUID('3995bea0-d6a3-4544-9a69-57bf38b81fcd'): datetime.datetime(2021, 10, 24, 22, 27, 13, 773001), UUID('d0162768-91d9-49c1-a117-9fa0fbd55b59'): datetime.datetime(2021, 10, 24, 22, 27, 18, 862620), UUID('f96282de-62d0-4e77-91e9-30e5729d5aa1'): datetime.datetime(2021, 10, 24, 22, 27, 23, 875500), UUID('d7c9b5b4-7871-45be-8ee4-ed3550860094'): datetime.datetime(2021, 10, 24, 22, 27, 33, 971559), UUID('48c9b00d-d148-49af-bbbe-155b00f93506'): datetime.datetime(2021, 10, 24, 22, 27, 39, 34614), UUID('a53a509f-88b7-4557-a2e9-0982ffc4fbb4'): datetime.datetime(2021, 10, 24, 22, 27, 44, 51748), UUID('118a974d-fd00-45e2-9376-b7ef66791dd5'): datetime.datetime(2021, 10, 24, 22, 27, 44, 51821), UUID('be866e66-218c-4c0d-91e6-4c1a2212c1ba'): datetime.datetime(2021, 10, 24, 22, 27, 49, 178604), UUID('2a1713e7-7734-4467-b42b-b315ffc01d96'): datetime.datetime(2021, 10, 24, 22, 27, 54, 194781), UUID('cf1b2465-7c7b-48cf-bf86-d3c628d8c304'): datetime.datetime(2021, 10, 24, 22, 27, 59, 207349), UUID('c78a4422-92c6-441e-a2f1-313a172f9a04'): datetime.datetime(2021, 10, 24, 22, 28, 4, 221687), UUID('f7e36433-83f6-4fa4-b39f-1e91bae1ac84'): datetime.datetime(2021, 10, 24, 22, 28, 4, 221739), UUID('eaa8d747-7db1-4fc4-834b-2ddd08d6f648'): datetime.datetime(2021, 10, 24, 22, 28, 9, 250010), UUID('9d3e031d-2623-4705-b309-89a17a5ee521'): datetime.datetime(2021, 10, 24, 22, 28, 14, 282681), UUID('f297424b-6c07-4f03-80a5-c2ac90519763'): datetime.datetime(2021, 10, 24, 22, 28, 19, 298615), UUID('4832638f-4747-49ed-b85b-9294fa73efc6'): datetime.datetime(2021, 10, 24, 22, 28, 24, 310627), UUID('96612d96-516f-4a1d-9433-1d28a0414282'): datetime.datetime(2021, 10, 24, 22, 28, 29, 322651), UUID('b452c942-415c-4e07-914b-7ca3460450e3'): datetime.datetime(2021, 10, 24, 22, 28, 39, 363497), UUID('58b04d53-901e-4ac0-848a-9660dedd4136'): datetime.datetime(2021, 10, 24, 22, 28, 44, 434663), UUID('5a499b6f-6e90-45f0-bb86-3ef364999c3b'): datetime.datetime(2021, 10, 24, 22, 28, 54, 450624), UUID('1a5be6ee-f62b-4c58-8c9c-1dc79c4c073a'): datetime.datetime(2021, 10, 24, 22, 28, 54, 450681), UUID('cf657817-18e2-4392-941b-acbad9231d26'): datetime.datetime(2021, 10, 24, 22, 29, 4, 479056), UUID('9bb93dff-bfd1-4385-b0f3-b2c46f2655cd'): datetime.datetime(2021, 10, 24, 22, 29, 9, 498590), UUID('98209014-2a3d-41f7-8f7f-27337e91dd6a'): datetime.datetime(2021, 10, 24, 22, 29, 19, 514642), UUID('bef10dfc-c65a-4791-8ccf-a19ee104e4c3'): datetime.datetime(2021, 10, 24, 22, 29, 24, 526613), UUID('f1a776ee-407b-4539-aef8-047864658acc'): datetime.datetime(2021, 10, 24, 22, 29, 34, 559844), UUID('accec513-e54e-4951-aaa8-bdf0255c12d6'): datetime.datetime(2021, 10, 24, 22, 29, 39, 640902), UUID('6a8a12c9-cf97-4a4f-87b7-c01c0c39d9c0'): datetime.datetime(2021, 10, 24, 22, 29, 39, 646134), UUID('860eaea9-e522-43c4-a9a5-409d57f54fd7'): datetime.datetime(2021, 10, 24, 22, 29, 44, 722627), UUID('3f0d10de-e8ae-41d5-8d24-6c83a887e09f'): datetime.datetime(2021, 10, 24, 22, 29, 49, 734624), UUID('9bd5e04f-d53f-4550-86d5-f6491116b4e9'): datetime.datetime(2021, 10, 24, 22, 29, 59, 750637), UUID('7925b72a-93ee-41ab-bcd3-0fe7836bf065'): datetime.datetime(2021, 10, 24, 22, 29, 59, 750692), UUID('a065cc57-80d5-4370-b9c6-654da3bf31a4'): datetime.datetime(2021, 10, 24, 22, 30, 6, 771699), UUID('65258e5f-daad-45f8-819f-dad9e61e6565'): datetime.datetime(2021, 10, 24, 22, 30, 6, 771762), UUID('9cb84a33-6830-4fd1-b6ff-a1aa78119c99'): datetime.datetime(2021, 10, 24, 22, 30, 11, 827734), UUID('f727eaf8-230e-43d5-9ec7-cfa723fe4c69'): datetime.datetime(2021, 10, 24, 22, 30, 11, 827790), UUID('e7ef0170-cf50-4346-8499-b3b94cfeb99e'): datetime.datetime(2021, 10, 24, 22, 30, 16, 907927), UUID('aa131b00-6868-418b-a7b0-716c4468d76d'): datetime.datetime(2021, 10, 24, 22, 30, 26, 986686), UUID('e6b1605f-7af8-4cd2-aefd-212e6b9ca882'): datetime.datetime(2021, 10, 24, 22, 30, 32, 66439), UUID('c5ce40ce-ac76-4dce-95b0-3e833629ff65'): datetime.datetime(2021, 10, 24, 22, 30, 32, 66511), UUID('18c8ef41-6ef5-4361-9359-8b121be20c5f'): datetime.datetime(2021, 10, 24, 22, 30, 37, 197958), UUID('e565073c-06bb-4e37-9617-e1d1d3773414'): datetime.datetime(2021, 10, 24, 22, 30, 44, 206631), UUID('f0abd80b-b7c5-416e-8f6f-30f9a73c0ea6'): datetime.datetime(2021, 10, 24, 22, 30, 44, 206686), UUID('36b7dd67-43be-4810-813e-7a505c33d372'): datetime.datetime(2021, 10, 24, 22, 30, 49, 230583), UUID('b9d6d70d-5b63-4ed4-ac97-faeb7c4d771d'): datetime.datetime(2021, 10, 24, 22, 30, 54, 242634), UUID('17ca1f55-0538-4a9e-9a87-bc77af95ebb4'): datetime.datetime(2021, 10, 24, 22, 30, 59, 254610), UUID('107b1779-0ef3-4434-bb8d-376a5751aeb7'): datetime.datetime(2021, 10, 24, 22, 31, 4, 270709), UUID('cc44c4c3-080c-4760-b6cb-3a916003ba36'): datetime.datetime(2021, 10, 24, 22, 31, 9, 295790), UUID('aa481d9f-5c97-4265-8533-e6cd26b08783'): datetime.datetime(2021, 10, 24, 22, 31, 14, 399828), UUID('9300fce9-c0c4-4315-8377-9ddb09d606e0'): datetime.datetime(2021, 10, 24, 22, 31, 19, 475729), UUID('4d400272-2a48-4f44-b599-256735a0a3b5'): datetime.datetime(2021, 10, 24, 22, 31, 26, 488423), UUID('de8e27a3-9486-4d51-8607-8d51ea378016'): datetime.datetime(2021, 10, 24, 22, 31, 31, 738605), UUID('c6aee36d-df23-4624-a095-00b3bdde06c7'): datetime.datetime(2021, 10, 24, 22, 31, 31, 738676), UUID('8e0a78d5-ef8e-482d-be89-10f9591a46cd'): datetime.datetime(2021, 10, 24, 22, 31, 36, 762837), UUID('85e43fb2-5cab-4dac-8e1d-c1eabd9f56be'): datetime.datetime(2021, 10, 24, 22, 31, 41, 777747)}
finish_times={'03ba1458-1e9d-4c8b-b13b-f1d0690119be': (datetime.datetime(2021, 10, 24, 22, 25, 14, tzinfo=tzlocal()), datetime.datetime(2021, 10, 24, 22, 25, 43, tzinfo=tzlocal())), '0638d31d-b8c2-4b1c-867b-82916569e357': (datetime.datetime(2021, 10, 24, 22, 22, 37, tzinfo=tzlocal()), datetime.datetime(2021, 10, 24, 22, 23, 5, tzinfo=tzlocal())), '082d51ad-db66-44e2-a020-7564b3b12f12': (datetime.datetime(2021, 10, 24, 22, 26, 17, tzinfo=tzlocal()), datetime.datetime(2021, 10, 24, 22, 27, 10, tzinfo=tzlocal())), '0a0c4ceb-afb9-4222-8466-0b8ae0e257ea': (datetime.datetime(2021, 10, 24, 22, 24, 48, tzinfo=tzlocal()), datetime.datetime(2021, 10, 24, 22, 25, 6, tzinfo=tzlocal())), '0a0edcea-ab01-4559-9dab-7f936131d40f': (datetime.datetime(2021, 10, 24, 22, 24, 18, tzinfo=tzlocal()), datetime.datetime(2021, 10, 24, 22, 24, 58, tzinfo=tzlocal())), '0c199f7d-1105-4cad-96d9-89c431a81587': (datetime.datetime(2021, 10, 24, 22, 25, 48, tzinfo=tzlocal()), datetime.datetime(2021, 10, 24, 22, 26, tzinfo=tzlocal())), '0ef0d7b6-8f18-4d71-bf45-cf0d6431cf08': (datetime.datetime(2021, 10, 24, 22, 22, 58, tzinfo=tzlocal()), datetime.datetime(2021, 10, 24, 22, 23, 32, tzinfo=tzlocal())), '10562d4a-7e15-4666-a265-6ac76d07c616': (datetime.datetime(2021, 10, 24, 22, 25, 8, tzinfo=tzlocal()), datetime.datetime(2021, 10, 24, 22, 25, 24, tzinfo=tzlocal())), '107b1779-0ef3-4434-bb8d-376a5751aeb7': (datetime.datetime(2021, 10, 24, 22, 31, 38, tzinfo=tzlocal()), datetime.datetime(2021, 10, 24, 22, 31, 47, tzinfo=tzlocal())), '118a974d-fd00-45e2-9376-b7ef66791dd5': (datetime.datetime(2021, 10, 24, 22, 27, 51, tzinfo=tzlocal()), datetime.datetime(2021, 10, 24, 22, 28, 11, tzinfo=tzlocal())), '17ca1f55-0538-4a9e-9a87-bc77af95ebb4': (datetime.datetime(2021, 10, 24, 22, 31, 23, tzinfo=tzlocal()), datetime.datetime(2021, 10, 24, 22, 31, 42, tzinfo=tzlocal())), '186a2a36-459c-4024-90ea-89f305cb23e2': (datetime.datetime(2021, 10, 24, 22, 25, 38, tzinfo=tzlocal()), datetime.datetime(2021, 10, 24, 22, 25, 52, tzinfo=tzlocal())), '1a5be6ee-f62b-4c58-8c9c-1dc79c4c073a': (datetime.datetime(2021, 10, 24, 22, 29, 15, tzinfo=tzlocal()), datetime.datetime(2021, 10, 24, 22, 29, 39, tzinfo=tzlocal())), '1c3d89c9-2b6c-44ba-b25e-9289362bd7fa': (datetime.datetime(2021, 10, 24, 22, 24, 31, tzinfo=tzlocal()), datetime.datetime(2021, 10, 24, 22, 24, 43, tzinfo=tzlocal())), '2308877f-833b-4ec2-bd29-7c2ce0192ab5': (datetime.datetime(2021, 10, 24, 22, 26, 53, tzinfo=tzlocal()), datetime.datetime(2021, 10, 24, 22, 27, 17, tzinfo=tzlocal())), '243b3d31-f6fe-4f0c-96c8-da285b11fce4': (datetime.datetime(2021, 10, 24, 22, 22, 43, tzinfo=tzlocal()), datetime.datetime(2021, 10, 24, 22, 23, 4, tzinfo=tzlocal())), '29420216-dcc4-45ed-8fc5-6e2e7cb1b286': (datetime.datetime(2021, 10, 24, 22, 24, 7, tzinfo=tzlocal()), datetime.datetime(2021, 10, 24, 22, 24, 31, tzinfo=tzlocal())), '29e6a85b-bf0e-4471-aeb7-ed212853af93': (datetime.datetime(2021, 10, 24, 22, 23, 28, tzinfo=tzlocal()), datetime.datetime(2021, 10, 24, 22, 24, 23, tzinfo=tzlocal())), '2a1713e7-7734-4467-b42b-b315ffc01d96': (datetime.datetime(2021, 10, 24, 22, 28, 12, tzinfo=tzlocal()), datetime.datetime(2021, 10, 24, 22, 28, 29, tzinfo=tzlocal())), '33b02393-7fb7-4b47-8121-edbdc059de0a': (datetime.datetime(2021, 10, 24, 22, 26, 4, tzinfo=tzlocal()), datetime.datetime(2021, 10, 24, 22, 26, 16, tzinfo=tzlocal())), '3406cbee-580f-4fb3-b029-7163e4438abe': (datetime.datetime(2021, 10, 24, 22, 22, 12, tzinfo=tzlocal()), datetime.datetime(2021, 10, 24, 22, 22, 53, tzinfo=tzlocal())), '36b7dd67-43be-4810-813e-7a505c33d372': (datetime.datetime(2021, 10, 24, 22, 31, 3, tzinfo=tzlocal()), datetime.datetime(2021, 10, 24, 22, 31, 25, tzinfo=tzlocal())), '386416e7-bcd1-4a93-9582-17c01506092d': (datetime.datetime(2021, 10, 24, 22, 22, 37, tzinfo=tzlocal()), datetime.datetime(2021, 10, 24, 22, 23, 37, tzinfo=tzlocal())), '3995bea0-d6a3-4544-9a69-57bf38b81fcd': (datetime.datetime(2021, 10, 24, 22, 27, 20, tzinfo=tzlocal()), datetime.datetime(2021, 10, 24, 22, 27, 35, tzinfo=tzlocal())), '3edaad14-b260-491e-ba80-951676076316': (datetime.datetime(2021, 10, 24, 22, 26, 41, tzinfo=tzlocal()), datetime.datetime(2021, 10, 24, 22, 27, 1, tzinfo=tzlocal())), '3f0d10de-e8ae-41d5-8d24-6c83a887e09f': (datetime.datetime(2021, 10, 24, 22, 30, 24, tzinfo=tzlocal()), datetime.datetime(2021, 10, 24, 22, 30, 46, tzinfo=tzlocal())), '3f4f25bc-6645-4be3-bd79-603b20aa57f0': (datetime.datetime(2021, 10, 24, 22, 27, 12, tzinfo=tzlocal()), datetime.datetime(2021, 10, 24, 22, 27, 29, tzinfo=tzlocal())), '420af4ca-9acf-4269-a572-a85cee0bec27': (datetime.datetime(2021, 10, 24, 22, 22, 7, tzinfo=tzlocal()), datetime.datetime(2021, 10, 24, 22, 23, 4, tzinfo=tzlocal())), '43dfdc3a-2101-4455-80b0-3d4a48b5b79a': (datetime.datetime(2021, 10, 24, 22, 24, 44, tzinfo=tzlocal()), datetime.datetime(2021, 10, 24, 22, 25, 10, tzinfo=tzlocal())), '4832638f-4747-49ed-b85b-9294fa73efc6': (datetime.datetime(2021, 10, 24, 22, 28, 43, tzinfo=tzlocal()), datetime.datetime(2021, 10, 24, 22, 29, 20, tzinfo=tzlocal())), '48c9b00d-d148-49af-bbbe-155b00f93506': (datetime.datetime(2021, 10, 24, 22, 27, 59, tzinfo=tzlocal()), datetime.datetime(2021, 10, 24, 22, 29, 5, tzinfo=tzlocal())), '4a53d0f0-484f-4356-834e-f1dd6a4a5e61': (datetime.datetime(2021, 10, 24, 22, 23, 12, tzinfo=tzlocal()), datetime.datetime(2021, 10, 24, 22, 23, 32, tzinfo=tzlocal())), '4e4c6dfa-4e75-4631-91e8-c7f4d829e449': (datetime.datetime(2021, 10, 24, 22, 25, 5, tzinfo=tzlocal()), datetime.datetime(2021, 10, 24, 22, 25, 58, tzinfo=tzlocal())), '4eb5280a-6ebb-4dd1-9fc3-b5af8f39d11d': (datetime.datetime(2021, 10, 24, 22, 24, 18, tzinfo=tzlocal()), datetime.datetime(2021, 10, 24, 22, 25, 24, tzinfo=tzlocal())), '4eed5509-15fe-4ae7-a17d-f77fca57c5cf': (datetime.datetime(2021, 10, 24, 22, 23, 44, tzinfo=tzlocal()), datetime.datetime(2021, 10, 24, 22, 24, 2, tzinfo=tzlocal())), '58b04d53-901e-4ac0-848a-9660dedd4136': (datetime.datetime(2021, 10, 24, 22, 28, 50, tzinfo=tzlocal()), datetime.datetime(2021, 10, 24, 22, 29, 52, tzinfo=tzlocal())), '591dcd5e-ffaf-44ae-a461-b2950a31c70a': (datetime.datetime(2021, 10, 24, 22, 25, 34, tzinfo=tzlocal()), datetime.datetime(2021, 10, 24, 22, 25, 52, tzinfo=tzlocal())), '5a499b6f-6e90-45f0-bb86-3ef364999c3b': (datetime.datetime(2021, 10, 24, 22, 29, 14, tzinfo=tzlocal()), datetime.datetime(2021, 10, 24, 22, 29, 54, tzinfo=tzlocal())), '5f07fa6c-5548-43ab-ac8f-ddf5e92e46ef': (datetime.datetime(2021, 10, 24, 22, 23, 39, tzinfo=tzlocal()), datetime.datetime(2021, 10, 24, 22, 23, 51, tzinfo=tzlocal())), '637b8878-f88e-4789-bc2f-7e19dbf5ecfe': (datetime.datetime(2021, 10, 24, 22, 24, 38, tzinfo=tzlocal()), datetime.datetime(2021, 10, 24, 22, 25, 37, tzinfo=tzlocal())), '65258e5f-daad-45f8-819f-dad9e61e6565': (datetime.datetime(2021, 10, 24, 22, 30, 21, tzinfo=tzlocal()), datetime.datetime(2021, 10, 24, 22, 31, 10, tzinfo=tzlocal())), '664d4a39-2885-46e4-bc3a-ffa863022f68': (datetime.datetime(2021, 10, 24, 22, 23, 58, tzinfo=tzlocal()), datetime.datetime(2021, 10, 24, 22, 24, 12, tzinfo=tzlocal())), '6a8a12c9-cf97-4a4f-87b7-c01c0c39d9c0': (datetime.datetime(2021, 10, 24, 22, 30, 26, tzinfo=tzlocal()), datetime.datetime(2021, 10, 24, 22, 30, 48, tzinfo=tzlocal())), '6ed985f1-a1d8-48a0-a32b-a66638dfea1c': (datetime.datetime(2021, 10, 24, 22, 21, 52, tzinfo=tzlocal()), datetime.datetime(2021, 10, 24, 22, 22, 10, tzinfo=tzlocal())), '75c7850b-4a31-42b2-bf07-3ca01b19b128': (datetime.datetime(2021, 10, 24, 22, 22, 56, tzinfo=tzlocal()), datetime.datetime(2021, 10, 24, 22, 23, 22, tzinfo=tzlocal())), '77aeadfb-6b1c-44e4-b910-a80bf0dfe6a6': (datetime.datetime(2021, 10, 24, 22, 27, 9, tzinfo=tzlocal()), datetime.datetime(2021, 10, 24, 22, 27, 31, tzinfo=tzlocal())), '7a5eb0a9-a6ee-4a22-a252-ca584cc33640': (datetime.datetime(2021, 10, 24, 22, 26, 17, tzinfo=tzlocal()), datetime.datetime(2021, 10, 24, 22, 26, 39, tzinfo=tzlocal())), '7eff2d3f-d792-49bc-8226-25f691412b77': (datetime.datetime(2021, 10, 24, 22, 26, 22, tzinfo=tzlocal()), datetime.datetime(2021, 10, 24, 22, 26, 42, tzinfo=tzlocal())), '860eaea9-e522-43c4-a9a5-409d57f54fd7': (datetime.datetime(2021, 10, 24, 22, 29, 55, tzinfo=tzlocal()), datetime.datetime(2021, 10, 24, 22, 30, 11, tzinfo=tzlocal())), '86b66d4f-49aa-4930-b360-42148f04e25a': (datetime.datetime(2021, 10, 24, 22, 26, 36, tzinfo=tzlocal()), datetime.datetime(2021, 10, 24, 22, 26, 52, tzinfo=tzlocal())), '873f6e9e-495a-42eb-92da-ba978ceb1709': (datetime.datetime(2021, 10, 24, 22, 26, 5, tzinfo=tzlocal()), datetime.datetime(2021, 10, 24, 22, 26, 24, tzinfo=tzlocal())), '8d4bf9a2-44c8-4763-8869-6acefe33ac41': (datetime.datetime(2021, 10, 24, 22, 24, 7, tzinfo=tzlocal()), datetime.datetime(2021, 10, 24, 22, 24, 24, tzinfo=tzlocal())), '949c5b90-8371-45d3-9b6a-88fe03a3c0b4': (datetime.datetime(2021, 10, 24, 22, 22, 22, tzinfo=tzlocal()), datetime.datetime(2021, 10, 24, 22, 22, 39, tzinfo=tzlocal())), '94e932ad-ae00-4cda-9023-c3d3bc0ff49f': (datetime.datetime(2021, 10, 24, 22, 23, 57, tzinfo=tzlocal()), datetime.datetime(2021, 10, 24, 22, 24, 10, tzinfo=tzlocal())), '96612d96-516f-4a1d-9433-1d28a0414282': (datetime.datetime(2021, 10, 24, 22, 28, 57, tzinfo=tzlocal()), datetime.datetime(2021, 10, 24, 22, 30, 24, tzinfo=tzlocal())), '98209014-2a3d-41f7-8f7f-27337e91dd6a': (datetime.datetime(2021, 10, 24, 22, 29, 25, tzinfo=tzlocal()), datetime.datetime(2021, 10, 24, 22, 30, 17, tzinfo=tzlocal())), '98801a31-051a-44b4-84bc-491390295c70': (datetime.datetime(2021, 10, 24, 22, 26, 39, tzinfo=tzlocal()), datetime.datetime(2021, 10, 24, 22, 27, 12, tzinfo=tzlocal())), '99933e13-f219-41e7-bfd0-5304f40462e1': (datetime.datetime(2021, 10, 24, 22, 22, 27, tzinfo=tzlocal()), datetime.datetime(2021, 10, 24, 22, 22, 53, tzinfo=tzlocal())), '9bb93dff-bfd1-4385-b0f3-b2c46f2655cd': (datetime.datetime(2021, 10, 24, 22, 29, 19, tzinfo=tzlocal()), datetime.datetime(2021, 10, 24, 22, 30, 11, tzinfo=tzlocal())), '9bd5e04f-d53f-4550-86d5-f6491116b4e9': (datetime.datetime(2021, 10, 24, 22, 30, 19, tzinfo=tzlocal()), datetime.datetime(2021, 10, 24, 22, 31, 9, tzinfo=tzlocal())), '9cb84a33-6830-4fd1-b6ff-a1aa78119c99': (datetime.datetime(2021, 10, 24, 22, 30, 23, tzinfo=tzlocal()), datetime.datetime(2021, 10, 24, 22, 31, 30, tzinfo=tzlocal())), '9d3e031d-2623-4705-b309-89a17a5ee521': (datetime.datetime(2021, 10, 24, 22, 28, 22, tzinfo=tzlocal()), datetime.datetime(2021, 10, 24, 22, 29, 36, tzinfo=tzlocal())), 'a065cc57-80d5-4370-b9c6-654da3bf31a4': (datetime.datetime(2021, 10, 24, 22, 30, 21, tzinfo=tzlocal()), datetime.datetime(2021, 10, 24, 22, 31, 30, tzinfo=tzlocal())), 'a53a509f-88b7-4557-a2e9-0982ffc4fbb4': (datetime.datetime(2021, 10, 24, 22, 27, 50, tzinfo=tzlocal()), datetime.datetime(2021, 10, 24, 22, 28, 7, tzinfo=tzlocal())), 'aa131b00-6868-418b-a7b0-716c4468d76d': (datetime.datetime(2021, 10, 24, 22, 30, 51, tzinfo=tzlocal()), datetime.datetime(2021, 10, 24, 22, 31, 29, tzinfo=tzlocal())), 'aa481d9f-5c97-4265-8533-e6cd26b08783': (datetime.datetime(2021, 10, 24, 22, 31, 29, tzinfo=tzlocal()), datetime.datetime(2021, 10, 24, 22, 31, 48, tzinfo=tzlocal())), 'accec513-e54e-4951-aaa8-bdf0255c12d6': (datetime.datetime(2021, 10, 24, 22, 30, 22, tzinfo=tzlocal()), datetime.datetime(2021, 10, 24, 22, 30, 37, tzinfo=tzlocal())), 'b00218f2-c23c-4ae9-a3ee-70c23938351a': (datetime.datetime(2021, 10, 24, 22, 26, 40, tzinfo=tzlocal()), datetime.datetime(2021, 10, 24, 22, 26, 58, tzinfo=tzlocal())), 'b452c942-415c-4e07-914b-7ca3460450e3': (datetime.datetime(2021, 10, 24, 22, 28, 47, tzinfo=tzlocal()), datetime.datetime(2021, 10, 24, 22, 29, 5, tzinfo=tzlocal())), 'b53e39c4-907f-40be-85ac-68c39bf212ab': (datetime.datetime(2021, 10, 24, 22, 24, 45, tzinfo=tzlocal()), datetime.datetime(2021, 10, 24, 22, 25, 4, tzinfo=tzlocal())), 'b8b5d944-dbb8-4148-a8d4-694d144b453d': (datetime.datetime(2021, 10, 24, 22, 26, 11, tzinfo=tzlocal()), datetime.datetime(2021, 10, 24, 22, 26, 24, tzinfo=tzlocal())), 'b9d6d70d-5b63-4ed4-ac97-faeb7c4d771d': (datetime.datetime(2021, 10, 24, 22, 31, 21, tzinfo=tzlocal()), datetime.datetime(2021, 10, 24, 22, 31, 43, tzinfo=tzlocal())), 'be866e66-218c-4c0d-91e6-4c1a2212c1ba': (datetime.datetime(2021, 10, 24, 22, 27, 56, tzinfo=tzlocal()), datetime.datetime(2021, 10, 24, 22, 28, 12, tzinfo=tzlocal())), 'beab74a0-68c1-49c7-820d-90ff34db65c9': (datetime.datetime(2021, 10, 24, 22, 26, 16, tzinfo=tzlocal()), datetime.datetime(2021, 10, 24, 22, 26, 31, tzinfo=tzlocal())), 'bef10dfc-c65a-4791-8ccf-a19ee104e4c3': (datetime.datetime(2021, 10, 24, 22, 29, 46, tzinfo=tzlocal()), datetime.datetime(2021, 10, 24, 22, 30, 14, tzinfo=tzlocal())), 'c2ffbfc9-a0b9-46bb-a0d8-dee7e5ec7a7b': (datetime.datetime(2021, 10, 24, 22, 21, 56, tzinfo=tzlocal()), datetime.datetime(2021, 10, 24, 22, 22, 11, tzinfo=tzlocal())), 'c4016f41-e3da-4d76-ba83-3646f30ea0d6': (datetime.datetime(2021, 10, 24, 22, 27, 13, tzinfo=tzlocal()), datetime.datetime(2021, 10, 24, 22, 27, 31, tzinfo=tzlocal())), 'c5ce40ce-ac76-4dce-95b0-3e833629ff65': (datetime.datetime(2021, 10, 24, 22, 30, 54, tzinfo=tzlocal()), datetime.datetime(2021, 10, 24, 22, 31, 18, tzinfo=tzlocal())), 'c78a4422-92c6-441e-a2f1-313a172f9a04': (datetime.datetime(2021, 10, 24, 22, 28, 16, tzinfo=tzlocal()), datetime.datetime(2021, 10, 24, 22, 28, 32, tzinfo=tzlocal())), 'cc44c4c3-080c-4760-b6cb-3a916003ba36': (datetime.datetime(2021, 10, 24, 22, 31, 38, tzinfo=tzlocal()), datetime.datetime(2021, 10, 24, 22, 31, 49, tzinfo=tzlocal())), 'cdd5ce57-fbc1-4fa1-b645-feb09405ac50': (datetime.datetime(2021, 10, 24, 22, 23, 12, tzinfo=tzlocal()), datetime.datetime(2021, 10, 24, 22, 23, 37, tzinfo=tzlocal())), 'cf1b2465-7c7b-48cf-bf86-d3c628d8c304': (datetime.datetime(2021, 10, 24, 22, 28, 14, tzinfo=tzlocal()), datetime.datetime(2021, 10, 24, 22, 29, 2, tzinfo=tzlocal())), 'cf657817-18e2-4392-941b-acbad9231d26': (datetime.datetime(2021, 10, 24, 22, 29, 17, tzinfo=tzlocal()), datetime.datetime(2021, 10, 24, 22, 30, 17, tzinfo=tzlocal())), 'cffe178b-f6cf-44ec-98ea-1eb8561cc322': (datetime.datetime(2021, 10, 24, 22, 23, 3, tzinfo=tzlocal()), datetime.datetime(2021, 10, 24, 22, 23, 28, tzinfo=tzlocal())), 'd0162768-91d9-49c1-a117-9fa0fbd55b59': (datetime.datetime(2021, 10, 24, 22, 27, 24, tzinfo=tzlocal()), datetime.datetime(2021, 10, 24, 22, 27, 59, tzinfo=tzlocal())), 'd0f2cee9-91cd-4434-a667-06727a4514b8': (datetime.datetime(2021, 10, 24, 22, 24, 13, tzinfo=tzlocal()), datetime.datetime(2021, 10, 24, 22, 24, 24, tzinfo=tzlocal())), 'd6ecc3cc-16c1-4278-a423-e6a552af2dc5': (datetime.datetime(2021, 10, 24, 22, 27, 18, tzinfo=tzlocal()), datetime.datetime(2021, 10, 24, 22, 27, 48, tzinfo=tzlocal())), 'd7c9b5b4-7871-45be-8ee4-ed3550860094': (datetime.datetime(2021, 10, 24, 22, 27, 44, tzinfo=tzlocal()), datetime.datetime(2021, 10, 24, 22, 27, 59, tzinfo=tzlocal())), 'd8cbc37c-f559-4800-a2a0-2c544b6579bf': (datetime.datetime(2021, 10, 24, 22, 26, 6, tzinfo=tzlocal()), datetime.datetime(2021, 10, 24, 22, 26, 28, tzinfo=tzlocal())), 'da1ba730-2f93-425f-a0f5-4102c7cbfec5': (datetime.datetime(2021, 10, 24, 22, 25, 33, tzinfo=tzlocal()), datetime.datetime(2021, 10, 24, 22, 25, 45, tzinfo=tzlocal())), 'da8f287e-f709-477a-97c6-5584926e31a7': (datetime.datetime(2021, 10, 24, 22, 22, 1, tzinfo=tzlocal()), datetime.datetime(2021, 10, 24, 22, 23, 15, tzinfo=tzlocal())), 'db9fcea6-9332-41f3-af1c-0421f5c4317b': (datetime.datetime(2021, 10, 24, 22, 25, 2, tzinfo=tzlocal()), datetime.datetime(2021, 10, 24, 22, 26, 22, tzinfo=tzlocal())), 'dd5dea66-6bf8-40b8-bd67-9e3aebd60cb6': (datetime.datetime(2021, 10, 24, 22, 22, 17, tzinfo=tzlocal()), datetime.datetime(2021, 10, 24, 22, 22, 42, tzinfo=tzlocal())), 'e15867ab-1608-4be2-bf0a-93061afc5e35': (datetime.datetime(2021, 10, 24, 22, 23, tzinfo=tzlocal()), datetime.datetime(2021, 10, 24, 22, 23, 23, tzinfo=tzlocal())), 'e565073c-06bb-4e37-9617-e1d1d3773414': (datetime.datetime(2021, 10, 24, 22, 30, 58, tzinfo=tzlocal()), datetime.datetime(2021, 10, 24, 22, 31, 16, tzinfo=tzlocal())), 'e604d595-c066-4b53-8295-ecf8b2fdf8f5': (datetime.datetime(2021, 10, 24, 22, 25, 9, tzinfo=tzlocal()), datetime.datetime(2021, 10, 24, 22, 26, 4, tzinfo=tzlocal())), 'e6b1605f-7af8-4cd2-aefd-212e6b9ca882': (datetime.datetime(2021, 10, 24, 22, 30, 53, tzinfo=tzlocal()), datetime.datetime(2021, 10, 24, 22, 31, 30, tzinfo=tzlocal())), 'e762b700-4307-4075-aeeb-e1d3ddf92f06': (datetime.datetime(2021, 10, 24, 22, 23, 39, tzinfo=tzlocal()), datetime.datetime(2021, 10, 24, 22, 23, 52, tzinfo=tzlocal())), 'eaa8d747-7db1-4fc4-834b-2ddd08d6f648': (datetime.datetime(2021, 10, 24, 22, 28, 19, tzinfo=tzlocal()), datetime.datetime(2021, 10, 24, 22, 28, 40, tzinfo=tzlocal())), 'ed1c14d5-1757-44ce-a06a-520aeee07bc6': (datetime.datetime(2021, 10, 24, 22, 26, 47, tzinfo=tzlocal()), datetime.datetime(2021, 10, 24, 22, 27, 7, tzinfo=tzlocal())), 'f0abd80b-b7c5-416e-8f6f-30f9a73c0ea6': (datetime.datetime(2021, 10, 24, 22, 30, 59, tzinfo=tzlocal()), datetime.datetime(2021, 10, 24, 22, 31, 18, tzinfo=tzlocal())), 'f1a776ee-407b-4539-aef8-047864658acc': (datetime.datetime(2021, 10, 24, 22, 29, 48, tzinfo=tzlocal()), datetime.datetime(2021, 10, 24, 22, 30, 31, tzinfo=tzlocal())), 'f297424b-6c07-4f03-80a5-c2ac90519763': (datetime.datetime(2021, 10, 24, 22, 28, 24, tzinfo=tzlocal()), datetime.datetime(2021, 10, 24, 22, 29, 51, tzinfo=tzlocal())), 'f45b4509-f52b-449d-8cdf-09b14033412e': (datetime.datetime(2021, 10, 24, 22, 27, 11, tzinfo=tzlocal()), datetime.datetime(2021, 10, 24, 22, 27, 32, tzinfo=tzlocal())), 'f59fc3ef-e190-4618-8888-ef111fc439c0': (datetime.datetime(2021, 10, 24, 22, 22, 17, tzinfo=tzlocal()), datetime.datetime(2021, 10, 24, 22, 22, 26, tzinfo=tzlocal())), 'f7e36433-83f6-4fa4-b39f-1e91bae1ac84': (datetime.datetime(2021, 10, 24, 22, 28, 17, tzinfo=tzlocal()), datetime.datetime(2021, 10, 24, 22, 28, 37, tzinfo=tzlocal())), 'f8ebc2f7-43a9-47d3-a74f-8b6d4fd6a39c': (datetime.datetime(2021, 10, 24, 22, 23, 30, tzinfo=tzlocal()), datetime.datetime(2021, 10, 24, 22, 23, 53, tzinfo=tzlocal())), 'f96282de-62d0-4e77-91e9-30e5729d5aa1': (datetime.datetime(2021, 10, 24, 22, 27, 41, tzinfo=tzlocal()), datetime.datetime(2021, 10, 24, 22, 28, 14, tzinfo=tzlocal())), 'fc0425a1-5f68-45e0-8153-0c6b5d2c857a': (datetime.datetime(2021, 10, 24, 22, 26, 56, tzinfo=tzlocal()), datetime.datetime(2021, 10, 24, 22, 27, 14, tzinfo=tzlocal()))}




id,network,job_type,image_size,num_imgs,device,batch_size,data_parallelism,response_time
6ed985f1,style2,interpolation,512,400,cuda:0,8,1,19173
c2ffbfc9,mobile,interpolation,512,200,cuda:1,8,1,15157
da8f287e,style2ada,interpolation,1024,400,cuda:1,2,1,74145
420af4ca,style2,random,512,400,cuda:1,4,1,58133
3406cbee,mobile,interpolation,512,800,cuda:1,8,1,42092
dd5dea66,style1,interpolation,1024,800,cuda:0,8,1,26045
f59fc3ef,style1,interpolation,512,100,cuda:0,8,1,10045
949c5b90,style2ada,interpolation,512,200,cuda:0,8,1,18025
99933e13,anycost,interpolation,1024,200,cuda:0,4,1,27008
386416e7,style2,interpolation,1024,800,cuda:0,4,1,60988
0638d31d,swa,interpolation,1024,100,cuda:0,8,1,28988
243b3d31,anycost,random,512,100,cuda:0,8,1,22896
0ef0d7b6,style2ada,interpolation,512,200,cuda:0,4,1,45885
75c7850b,anycost,random,512,100,cuda:1,2,1,30868
e15867ab,style1,interpolation,512,400,cuda:1,8,1,26781
cffe178b,style2,random,256,200,cuda:1,4,1,26694
cdd5ce57,style2,random,512,200,cuda:0,8,1,25673
4a53d0f0,mobile,random,1024,200,cuda:0,4,1,20673
f8ebc2f7,style2,interpolation,256,800,cuda:0,8,1,36614
29e6a85b,style2ada,interpolation,1024,800,cuda:0,2,1,61531
e59d6d64,stylemap,random,1024,100,-1,-1,1,-1
e762b700,mobile,interpolation,256,100,cuda:1,8,1,13496
5f07fa6c,style1,interpolation,256,400,cuda:1,8,1,12496
4eed5509,swa,interpolation,1024,100,cuda:1,4,1,18473
ea4f923a,stylemap,interpolation,512,800,-1,-1,1,-1
94e932ad,anycost,random,512,100,cuda:0,8,1,14453
664d4a39,mobile,interpolation,512,400,cuda:1,8,1,16453
8d4bf9a2,style1,random,512,400,cuda:1,8,1,18425
29420216,mobile,interpolation,1024,200,cuda:1,2,1,25425
d0f2cee9,style2ada,interpolation,256,200,cuda:0,8,1,13392
4eb5280a,stylemap,interpolation,256,400,cuda:0,4,1,68312
0a0edcea,swa,interpolation,512,800,cuda:1,8,1,42312
1c3d89c9,style1,interpolation,256,200,cuda:1,8,1,17285
637b8878,stylemap,random,256,800,cuda:0,4,1,61205
43dfdc3a,style2,random,512,200,cuda:1,4,1,29145
b53e39c4,style1,interpolation,512,200,cuda:1,8,1,23145
0a0c4ceb,style1,random,1024,200,cuda:0,4,1,20125
db9fcea6,swa,random,1024,400,cuda:1,4,1,91111
4e4c6dfa,style2ada,random,256,800,cuda:1,4,1,57092
10562d4a,mobile,interpolation,256,100,cuda:1,8,1,18077
e604d595,style2ada,interpolation,1024,200,cuda:1,1,1,58077
03ba1458,style2,interpolation,512,100,cuda:1,2,1,32057
da1ba730,style2,interpolation,1024,100,cuda:0,2,1,24041
591dcd5e,mobile,interpolation,256,200,cuda:1,8,1,26029
186a2a36,style1,random,256,200,cuda:1,8,1,16013
0c199f7d,swa,random,1024,100,cuda:0,8,1,13994
33b02393,mobile,random,512,800,cuda:0,8,1,24981
873f6e9e,anycost,interpolation,256,400,cuda:0,8,1,32981
d8cbc37c,anycost,random,256,800,cuda:0,8,1,31954
082d51ad,stylemap,random,1024,100,cuda:0,1,1,73954
b8b5d944,style1,interpolation,256,100,cuda:1,8,1,22913
7a5eb0a9,anycost,random,512,100,cuda:0,8,1,32893
beab74a0,style1,interpolation,256,400,cuda:1,8,1,19873
7eff2d3f,style2ada,random,512,100,cuda:1,4,1,25861
86b66d4f,style2ada,interpolation,256,100,cuda:1,4,1,30787
98801a31,swa,random,1024,100,cuda:1,4,1,45701
b00218f2,mobile,interpolation,256,800,cuda:1,8,1,31701
3edaad14,anycost,random,256,100,cuda:1,4,1,29679
4e7a4e8a,stylemap,random,1024,200,-1,-1,1,-1
ed1c14d5,style1,random,512,400,cuda:1,8,1,23652
fc0425a1,swa,interpolation,256,200,cuda:1,8,1,30651
2308877f,anycost,random,512,400,cuda:0,4,1,28569
77aeadfb,mobile,random,1024,400,cuda:0,4,1,37557
f45b4509,style2ada,interpolation,512,100,cuda:0,4,1,33535
3f4f25bc,anycost,interpolation,256,100,cuda:0,8,1,30535
c4016f41,mobile,random,512,400,cuda:0,8,1,32535
d6ecc3cc,style2ada,random,256,400,cuda:1,2,1,39364
3995bea0,anycost,interpolation,256,200,cuda:0,8,1,21226
d0162768,swa,random,1024,200,cuda:1,4,1,40137
f96282de,style1,interpolation,1024,400,cuda:1,2,1,50124
d7c9b5b4,anycost,interpolation,256,400,cuda:0,8,1,25028
48c9b00d,anycost,random,1024,800,cuda:0,4,1,85965
a53a509f,style1,random,512,100,cuda:1,8,1,22948
118a974d,style1,interpolation,512,200,cuda:1,8,1,26948
be866e66,style2ada,interpolation,512,400,cuda:0,8,1,22821
2a1713e7,style2ada,random,256,100,cuda:1,4,1,34805
cf1b2465,style2ada,random,512,200,cuda:0,1,1,62792
c78a4422,mobile,random,256,200,cuda:1,8,1,27778
f7e36433,style2ada,interpolation,1024,100,cuda:0,4,1,32778
eaa8d747,style2,interpolation,512,100,cuda:1,4,1,30749
9d3e031d,swa,interpolation,1024,400,cuda:0,8,1,81717
f297424b,stylemap,random,512,200,cuda:0,2,1,91701
4832638f,anycost,interpolation,512,400,cuda:0,8,1,55689
96612d96,style2,interpolation,512,800,cuda:0,4,1,114677
b452c942,style1,interpolation,256,100,cuda:1,8,1,25636
58b04d53,style2,interpolation,1024,400,cuda:1,2,1,67565
5a499b6f,mobile,interpolation,256,800,cuda:1,8,1,59549
1a5be6ee,style1,interpolation,512,400,cuda:1,8,1,44549
cf657817,mobile,random,1024,400,cuda:1,2,1,72520
9bb93dff,anycost,random,512,200,cuda:1,4,1,61501
98209014,style2ada,random,512,200,cuda:1,2,1,57485
bef10dfc,style2ada,random,1024,200,cuda:0,2,1,49473
f1a776ee,style2ada,random,512,800,cuda:0,4,1,56440
accec513,style2ada,interpolation,512,100,cuda:0,4,1,57359
6a8a12c9,swa,random,256,400,cuda:0,8,1,68353
860eaea9,mobile,interpolation,256,100,cuda:1,8,1,26277
3f0d10de,swa,random,1024,200,cuda:0,4,1,56265
9bd5e04f,style1,interpolation,1024,400,cuda:1,1,1,69249
7925b72a,stylemap,interpolation,512,100,-1,-1,1,-1
a065cc57,style2,random,256,800,cuda:1,4,1,83228
65258e5f,mobile,interpolation,512,800,cuda:1,4,1,63228
9cb84a33,swa,random,512,200,cuda:1,4,1,78172
f727eaf8,anycost,random,256,200,cuda:1,4,1,-1
e7ef0170,style2,random,1024,200,cuda:1,2,1,-1
aa131b00,mobile,interpolation,256,800,cuda:1,8,1,62013
e6b1605f,anycost,random,1024,400,cuda:0,4,1,57933
c5ce40ce,style2ada,random,1024,100,cuda:0,4,1,45933
18c8ef41,style2,random,256,800,-1,-1,1,-1
e565073c,mobile,interpolation,256,400,cuda:0,8,1,31793
f0abd80b,style2,interpolation,256,100,cuda:0,8,1,33793
36b7dd67,anycost,interpolation,512,100,cuda:0,8,1,35769
b9d6d70d,swa,interpolation,512,400,cuda:0,8,1,48757
17ca1f55,anycost,random,256,400,cuda:0,8,1,42745
107b1779,style1,random,512,200,cuda:0,8,1,42729
cc44c4c3,style1,interpolation,256,800,cuda:0,8,1,39704
aa481d9f,mobile,random,512,100,cuda:1,4,1,33600
9300fce9,style1,interpolation,1024,800,-1,-1,1,-1
4d400272,stylemap,random,256,400,cuda:0,1,1,-1
de8e27a3,swa,random,1024,800,cuda:1,4,1,-1
c6aee36d,mobile,interpolation,1024,200,cuda:1,4,1,-1
8e0a78d5,anycost,interpolation,1024,200,cuda:1,2,1,-1
85e43fb2,swa,random,256,800,cuda:0,4,1,-1




