/usr/local/lib/python3.8/dist-packages/dataclasses_json/core.py:171: RuntimeWarning: `NoneType` object value of non-optional type config_path detected when decoding BareConfig.
  warnings.warn(f"`NoneType` object {warning}.", RuntimeWarning)
10-24-2021 18:29:16 root         INFO     Starting in cluster mode.
10-24-2021 18:29:16 root         INFO     Starting as Orchestrator
10-24-2021 18:29:16 root         INFO     Starting Orchestrator, initializing resources....
10-24-2021 18:29:16 root         INFO     Loading in cluster configuration file
10-24-2021 18:29:16 root         INFO     Pointing configuration to in cluster configuration.
10-24-2021 18:29:16 root         INFO     Starting cluster manager
10-24-2021 18:29:16 root         INFO     Starting arrival generator
10-24-2021 18:29:16 root         INFO     Starting orchestrator
style2 1024 800 4 cuda:0 14048
anycost 1024 100 4 cuda:0 14072
swa 512 800 8 cuda:1 7560
stylemap 256 200 8 cuda:0 23344
anycost 1024 100 2 cuda:1 7544
style2 256 200 8 cuda:0 7376
stylemap 512 100 1 cuda:1 7768
stylemap 512 100 4 cuda:0 23728
anycost 512 800 4 cuda:1 7280
style1 256 100 8 cuda:1 2008
swa 1024 200 8 cuda:0 14328
swa 1024 100 8 cuda:0 14328
anycost 256 200 8 cuda:1 7392
swa 256 400 8 cuda:1 4152
anycost 1024 400 4 cuda:0 14072
mobile 1024 800 8 cuda:0 18792
stylemap 256 800 2 cuda:1 7672
swa 1024 100 4 cuda:1 7632
style2 256 200 8 cuda:0 7376
swa 1024 200 2 cuda:1 4296
style2ada 1024 100 4 cuda:0 15984
stylemap 512 100 4 cuda:0 23728
swa 256 200 8 cuda:1 4152
style2ada 256 200 8 cuda:0 8328
style2ada 1024 800 4 cuda:0 15984
style2 256 100 8 cuda:1 7376
style1 256 200 8 cuda:1 2008
swa 256 100 8 cuda:1 4152
style2 512 200 8 cuda:0 13608
style2ada 1024 100 4 cuda:0 15984
style2 256 400 8 cuda:1 7376
anycost 256 400 8 cuda:0 7392
swa 512 800 8 cuda:1 7560
style1 1024 100 8 cuda:0 21152
anycost 1024 800 4 cuda:0 14072
mobile 512 100 8 cuda:1 5176
style2 512 100 8 cuda:0 13608
swa 1024 400 4 cuda:1 7632
style2 256 200 8 cuda:1 7376
style1 512 200 8 cuda:1 5952
style2 1024 400 4 cuda:0 14048




task_info={UUID('f12aab3d-30cd-4dd8-88a7-08de5a21e9f6'): ('style2', 1024, 'interpolation', 800, 'cuda:0', 4, 1), UUID('87ec7df8-b84b-4567-8150-5602def1b6a4'): ('anycost', 1024, 'interpolation', 100, 'cuda:0', 4, 1), UUID('3d2922d3-bbfb-45bb-a642-05e04d97e4c0'): ('swa', 512, 'random', 800, 'cuda:1', 8, 1), UUID('d7cdb5ce-35c9-4d2b-8eaf-b7c8f3e5decc'): ('stylemap', 256, 'interpolation', 200, 'cuda:0', 8, 1), UUID('0ef1fb42-6fc2-4226-b087-4583d4b7f742'): ('anycost', 1024, 'interpolation', 100, 'cuda:1', 2, 1), UUID('50061e9a-cb75-4680-95dc-3a9e12f767ec'): ('style2', 256, 'interpolation', 200, 'cuda:0', 8, 1), UUID('2e2afbd9-51b4-4c42-ae73-90853f45e80b'): ('stylemap', 512, 'random', 100, 'cuda:1', 1, 1), UUID('ef7a76b2-d138-4386-9500-5dcb123fba0f'): ('stylemap', 512, 'random', 100, 'cuda:0', 4, 1), UUID('81b1c73a-93a7-4e20-967a-f1eaf1a31573'): ('anycost', 512, 'interpolation', 800, 'cuda:1', 4, 1), UUID('1f80c835-9a88-4ab3-9fcf-99c5a9333bfe'): ('style1', 256, 'random', 100, 'cuda:1', 8, 1), UUID('4f7e00b5-3d49-4e6b-af1c-e9569481d9ad'): ('swa', 1024, 'random', 200, 'cuda:0', 8, 1), UUID('c0a04740-c250-4fd4-8cef-96d7692daa32'): ('swa', 1024, 'random', 100, 'cuda:0', 8, 1), UUID('f4e9cb84-efbb-47aa-b488-04221dc0f251'): ('anycost', 256, 'random', 200, 'cuda:1', 8, 1), UUID('4529dc53-7e4b-4a2d-a603-6c887ef0ef0d'): ('swa', 256, 'interpolation', 400, 'cuda:1', 8, 1), UUID('1de2491c-0ce8-4783-92dc-fb8d27e43d00'): ('anycost', 1024, 'interpolation', 400, 'cuda:0', 4, 1), UUID('e5cceb0d-a09b-4d67-a781-9f3d818f87f2'): ('mobile', 1024, 'random', 800, 'cuda:0', 8, 1), UUID('1420ffb5-1da0-4c57-ab43-0c78e1b44d87'): ('stylemap', 256, 'interpolation', 800, 'cuda:1', 2, 1), UUID('0a5cf648-9e37-4f06-a17c-5ba5286f05c0'): ('swa', 1024, 'random', 100, 'cuda:1', 4, 1), UUID('8d75c283-b9cd-4eee-b2db-86b760b90ddc'): ('style2', 256, 'interpolation', 200, 'cuda:0', 8, 1), UUID('385b247a-d8ef-4bce-bf2f-3c198db2810e'): ('swa', 1024, 'interpolation', 200, 'cuda:1', 2, 1), UUID('d74fe45a-3069-4a10-8b1a-9ae05fcb741f'): ('style2ada', 1024, 'random', 100, 'cuda:0', 4, 1), UUID('b3269dce-fc81-4729-9b3a-66dcad24c89e'): ('stylemap', 512, 'interpolation', 100, 'cuda:0', 4, 1), UUID('052e329b-08b8-4121-8bce-72ca0bfdac2d'): ('swa', 256, 'interpolation', 200, 'cuda:1', 8, 1), UUID('b1ec0225-8486-4ca0-8226-66e308757419'): ('style2ada', 256, 'interpolation', 200, 'cuda:0', 8, 1), UUID('9a6cb495-e380-47aa-9a2a-c2823f72706f'): ('style2ada', 1024, 'interpolation', 800, 'cuda:0', 4, 1), UUID('bf995768-07be-4b4c-bfbf-96fad4ed106e'): ('style2', 256, 'random', 100, 'cuda:1', 8, 1), UUID('5b5fdc87-df03-47aa-94c8-100c17e3c35c'): ('style1', 256, 'interpolation', 200, 'cuda:1', 8, 1), UUID('8f8dfa53-6cce-45c7-adfd-f3061a4184e7'): ('swa', 256, 'interpolation', 100, 'cuda:1', 8, 1), UUID('1ee58b8d-1f47-4eff-806d-e5031d2c0f48'): ('style2', 512, 'interpolation', 200, 'cuda:0', 8, 1), UUID('88132377-a3c8-4922-b43e-32d5c8db7091'): ('style2ada', 1024, 'interpolation', 100, 'cuda:0', 4, 1), UUID('45905e59-d4dd-4bd9-b788-cdcb264f5506'): ('style2', 256, 'interpolation', 400, 'cuda:1', 8, 1), UUID('d978e536-77c9-49d2-b051-17b5a65e394a'): ('anycost', 256, 'interpolation', 400, 'cuda:0', 8, 1), UUID('cdfd819d-dccd-432b-9e68-b24693c82352'): ('swa', 512, 'random', 800, 'cuda:1', 8, 1), UUID('134924e2-6694-4ada-a305-e3f094dfd250'): ('style1', 1024, 'interpolation', 100, 'cuda:0', 8, 1), UUID('d2eb44fb-a8bc-4822-9275-ff3732f4ccad'): ('anycost', 1024, 'interpolation', 800, 'cuda:0', 4, 1), UUID('24c3562f-2b21-4192-8af3-cc99e3c7bbae'): ('mobile', 512, 'interpolation', 100, 'cuda:1', 8, 1), UUID('9938ab3e-49f6-43d1-8bed-b1844390c32b'): ('style2', 512, 'interpolation', 100, 'cuda:0', 8, 1), UUID('41e93ae2-7673-41b3-b48d-769d0eb7d995'): ('swa', 1024, 'interpolation', 400, 'cuda:1', 4, 1), UUID('a74c92e3-4638-442c-b8a5-236539b5a2cb'): ('style2', 256, 'random', 200, 'cuda:1', 8, 1), UUID('e85b364d-6fc4-4820-bdd5-cbfa4e06df13'): ('style1', 512, 'interpolation', 200, 'cuda:1', 8, 1), UUID('d5d9f0f7-db8a-4796-a332-9b4931f65d67'): ('style2', 1024, 'interpolation', 400, 'cuda:0', 4, 1)}
arrival_times={UUID('f12aab3d-30cd-4dd8-88a7-08de5a21e9f6'): datetime.datetime(2021, 10, 24, 18, 29, 36, 202671), UUID('87ec7df8-b84b-4567-8150-5602def1b6a4'): datetime.datetime(2021, 10, 24, 18, 29, 46, 223484), UUID('3d2922d3-bbfb-45bb-a642-05e04d97e4c0'): datetime.datetime(2021, 10, 24, 18, 30, 1, 242653), UUID('d7cdb5ce-35c9-4d2b-8eaf-b7c8f3e5decc'): datetime.datetime(2021, 10, 24, 18, 30, 21, 274644), UUID('0ef1fb42-6fc2-4226-b087-4583d4b7f742'): datetime.datetime(2021, 10, 24, 18, 30, 31, 290607), UUID('50061e9a-cb75-4680-95dc-3a9e12f767ec'): datetime.datetime(2021, 10, 24, 18, 30, 46, 393007), UUID('2e2afbd9-51b4-4c42-ae73-90853f45e80b'): datetime.datetime(2021, 10, 24, 18, 30, 56, 475703), UUID('ef7a76b2-d138-4386-9500-5dcb123fba0f'): datetime.datetime(2021, 10, 24, 18, 31, 16, 578594), UUID('81b1c73a-93a7-4e20-967a-f1eaf1a31573'): datetime.datetime(2021, 10, 24, 18, 31, 26, 599800), UUID('1f80c835-9a88-4ab3-9fcf-99c5a9333bfe'): datetime.datetime(2021, 10, 24, 18, 31, 41, 642607), UUID('4f7e00b5-3d49-4e6b-af1c-e9569481d9ad'): datetime.datetime(2021, 10, 24, 18, 31, 51, 663617), UUID('c0a04740-c250-4fd4-8cef-96d7692daa32'): datetime.datetime(2021, 10, 24, 18, 32, 6, 682585), UUID('f4e9cb84-efbb-47aa-b488-04221dc0f251'): datetime.datetime(2021, 10, 24, 18, 32, 26, 720176), UUID('4529dc53-7e4b-4a2d-a603-6c887ef0ef0d'): datetime.datetime(2021, 10, 24, 18, 32, 36, 739350), UUID('1de2491c-0ce8-4783-92dc-fb8d27e43d00'): datetime.datetime(2021, 10, 24, 18, 32, 56, 826639), UUID('e5cceb0d-a09b-4d67-a781-9f3d818f87f2'): datetime.datetime(2021, 10, 24, 18, 33, 1, 842594), UUID('1420ffb5-1da0-4c57-ab43-0c78e1b44d87'): datetime.datetime(2021, 10, 24, 18, 33, 16, 872816), UUID('0a5cf648-9e37-4f06-a17c-5ba5286f05c0'): datetime.datetime(2021, 10, 24, 18, 33, 26, 898575), UUID('8d75c283-b9cd-4eee-b2db-86b760b90ddc'): datetime.datetime(2021, 10, 24, 18, 33, 41, 926650), UUID('385b247a-d8ef-4bce-bf2f-3c198db2810e'): datetime.datetime(2021, 10, 24, 18, 33, 51, 952361), UUID('d74fe45a-3069-4a10-8b1a-9ae05fcb741f'): datetime.datetime(2021, 10, 24, 18, 33, 56, 994617), UUID('b3269dce-fc81-4729-9b3a-66dcad24c89e'): datetime.datetime(2021, 10, 24, 18, 34, 12, 20924), UUID('052e329b-08b8-4121-8bce-72ca0bfdac2d'): datetime.datetime(2021, 10, 24, 18, 34, 32, 123970), UUID('b1ec0225-8486-4ca0-8226-66e308757419'): datetime.datetime(2021, 10, 24, 18, 34, 42, 214580), UUID('9a6cb495-e380-47aa-9a2a-c2823f72706f'): datetime.datetime(2021, 10, 24, 18, 34, 52, 234635), UUID('bf995768-07be-4b4c-bfbf-96fad4ed106e'): datetime.datetime(2021, 10, 24, 18, 35, 12, 290659), UUID('5b5fdc87-df03-47aa-94c8-100c17e3c35c'): datetime.datetime(2021, 10, 24, 18, 35, 27, 318736), UUID('8f8dfa53-6cce-45c7-adfd-f3061a4184e7'): datetime.datetime(2021, 10, 24, 18, 35, 47, 353187), UUID('1ee58b8d-1f47-4eff-806d-e5031d2c0f48'): datetime.datetime(2021, 10, 24, 18, 36, 2, 383214), UUID('88132377-a3c8-4922-b43e-32d5c8db7091'): datetime.datetime(2021, 10, 24, 18, 36, 22, 438729), UUID('45905e59-d4dd-4bd9-b788-cdcb264f5506'): datetime.datetime(2021, 10, 24, 18, 36, 32, 464021), UUID('d978e536-77c9-49d2-b051-17b5a65e394a'): datetime.datetime(2021, 10, 24, 18, 36, 47, 569154), UUID('cdfd819d-dccd-432b-9e68-b24693c82352'): datetime.datetime(2021, 10, 24, 18, 37, 2, 658766), UUID('134924e2-6694-4ada-a305-e3f094dfd250'): datetime.datetime(2021, 10, 24, 18, 37, 27, 690741), UUID('d2eb44fb-a8bc-4822-9275-ff3732f4ccad'): datetime.datetime(2021, 10, 24, 18, 37, 37, 710885), UUID('24c3562f-2b21-4192-8af3-cc99e3c7bbae'): datetime.datetime(2021, 10, 24, 18, 37, 52, 734633), UUID('9938ab3e-49f6-43d1-8bed-b1844390c32b'): datetime.datetime(2021, 10, 24, 18, 38, 12, 802638), UUID('41e93ae2-7673-41b3-b48d-769d0eb7d995'): datetime.datetime(2021, 10, 24, 18, 38, 27, 826879), UUID('a74c92e3-4638-442c-b8a5-236539b5a2cb'): datetime.datetime(2021, 10, 24, 18, 38, 37, 843730), UUID('e85b364d-6fc4-4820-bdd5-cbfa4e06df13'): datetime.datetime(2021, 10, 24, 18, 39, 2, 914590), UUID('d5d9f0f7-db8a-4796-a332-9b4931f65d67'): datetime.datetime(2021, 10, 24, 18, 39, 12, 934814)}
finish_times={'052e329b-08b8-4121-8bce-72ca0bfdac2d': (datetime.datetime(2021, 10, 24, 18, 34, 33, tzinfo=tzlocal()), datetime.datetime(2021, 10, 24, 18, 34, 54, tzinfo=tzlocal())), '0a5cf648-9e37-4f06-a17c-5ba5286f05c0': (datetime.datetime(2021, 10, 24, 18, 33, 28, tzinfo=tzlocal()), datetime.datetime(2021, 10, 24, 18, 34, 10, tzinfo=tzlocal())), '0ef1fb42-6fc2-4226-b087-4583d4b7f742': (datetime.datetime(2021, 10, 24, 18, 30, 32, tzinfo=tzlocal()), datetime.datetime(2021, 10, 24, 18, 30, 50, tzinfo=tzlocal())), '134924e2-6694-4ada-a305-e3f094dfd250': (datetime.datetime(2021, 10, 24, 18, 37, 29, tzinfo=tzlocal()), datetime.datetime(2021, 10, 24, 18, 37, 38, tzinfo=tzlocal())), '1420ffb5-1da0-4c57-ab43-0c78e1b44d87': (datetime.datetime(2021, 10, 24, 18, 33, 17, tzinfo=tzlocal()), datetime.datetime(2021, 10, 24, 18, 34, 51, tzinfo=tzlocal())), '1de2491c-0ce8-4783-92dc-fb8d27e43d00': (datetime.datetime(2021, 10, 24, 18, 32, 57, tzinfo=tzlocal()), datetime.datetime(2021, 10, 24, 18, 33, 26, tzinfo=tzlocal())), '1ee58b8d-1f47-4eff-806d-e5031d2c0f48': (datetime.datetime(2021, 10, 24, 18, 36, 3, tzinfo=tzlocal()), datetime.datetime(2021, 10, 24, 18, 36, 15, tzinfo=tzlocal())), '1f80c835-9a88-4ab3-9fcf-99c5a9333bfe': (datetime.datetime(2021, 10, 24, 18, 31, 42, tzinfo=tzlocal()), datetime.datetime(2021, 10, 24, 18, 31, 52, tzinfo=tzlocal())), '24c3562f-2b21-4192-8af3-cc99e3c7bbae': (datetime.datetime(2021, 10, 24, 18, 37, 55, tzinfo=tzlocal()), datetime.datetime(2021, 10, 24, 18, 38, 6, tzinfo=tzlocal())), '2e2afbd9-51b4-4c42-ae73-90853f45e80b': (datetime.datetime(2021, 10, 24, 18, 30, 57, tzinfo=tzlocal()), datetime.datetime(2021, 10, 24, 18, 31, 28, tzinfo=tzlocal())), '385b247a-d8ef-4bce-bf2f-3c198db2810e': (datetime.datetime(2021, 10, 24, 18, 33, 54, tzinfo=tzlocal()), datetime.datetime(2021, 10, 24, 18, 34, 59, tzinfo=tzlocal())), '3d2922d3-bbfb-45bb-a642-05e04d97e4c0': (datetime.datetime(2021, 10, 24, 18, 30, 2, tzinfo=tzlocal()), datetime.datetime(2021, 10, 24, 18, 30, 36, tzinfo=tzlocal())), '41e93ae2-7673-41b3-b48d-769d0eb7d995': (datetime.datetime(2021, 10, 24, 18, 38, 28, tzinfo=tzlocal()), datetime.datetime(2021, 10, 24, 18, 39, 6, tzinfo=tzlocal())), '4529dc53-7e4b-4a2d-a603-6c887ef0ef0d': (datetime.datetime(2021, 10, 24, 18, 32, 37, tzinfo=tzlocal()), datetime.datetime(2021, 10, 24, 18, 32, 53, tzinfo=tzlocal())), '45905e59-d4dd-4bd9-b788-cdcb264f5506': (datetime.datetime(2021, 10, 24, 18, 36, 33, tzinfo=tzlocal()), datetime.datetime(2021, 10, 24, 18, 36, 53, tzinfo=tzlocal())), '4f7e00b5-3d49-4e6b-af1c-e9569481d9ad': (datetime.datetime(2021, 10, 24, 18, 31, 53, tzinfo=tzlocal()), datetime.datetime(2021, 10, 24, 18, 32, 9, tzinfo=tzlocal())), '50061e9a-cb75-4680-95dc-3a9e12f767ec': (datetime.datetime(2021, 10, 24, 18, 30, 47, tzinfo=tzlocal()), datetime.datetime(2021, 10, 24, 18, 30, 58, tzinfo=tzlocal())), '5b5fdc87-df03-47aa-94c8-100c17e3c35c': (datetime.datetime(2021, 10, 24, 18, 35, 28, tzinfo=tzlocal()), datetime.datetime(2021, 10, 24, 18, 35, 36, tzinfo=tzlocal())), '81b1c73a-93a7-4e20-967a-f1eaf1a31573': (datetime.datetime(2021, 10, 24, 18, 31, 27, tzinfo=tzlocal()), datetime.datetime(2021, 10, 24, 18, 32, 6, tzinfo=tzlocal())), '87ec7df8-b84b-4567-8150-5602def1b6a4': (datetime.datetime(2021, 10, 24, 18, 29, 47, tzinfo=tzlocal()), datetime.datetime(2021, 10, 24, 18, 30, 1, tzinfo=tzlocal())), '88132377-a3c8-4922-b43e-32d5c8db7091': (datetime.datetime(2021, 10, 24, 18, 36, 26, tzinfo=tzlocal()), datetime.datetime(2021, 10, 24, 18, 36, 35, tzinfo=tzlocal())), '8d75c283-b9cd-4eee-b2db-86b760b90ddc': (datetime.datetime(2021, 10, 24, 18, 33, 43, tzinfo=tzlocal()), datetime.datetime(2021, 10, 24, 18, 33, 53, tzinfo=tzlocal())), '8f8dfa53-6cce-45c7-adfd-f3061a4184e7': (datetime.datetime(2021, 10, 24, 18, 35, 48, tzinfo=tzlocal()), datetime.datetime(2021, 10, 24, 18, 36, 3, tzinfo=tzlocal())), '9938ab3e-49f6-43d1-8bed-b1844390c32b': (datetime.datetime(2021, 10, 24, 18, 38, 13, tzinfo=tzlocal()), datetime.datetime(2021, 10, 24, 18, 38, 28, tzinfo=tzlocal())), '9a6cb495-e380-47aa-9a2a-c2823f72706f': (datetime.datetime(2021, 10, 24, 18, 34, 54, tzinfo=tzlocal()), datetime.datetime(2021, 10, 24, 18, 35, 23, tzinfo=tzlocal())), 'a74c92e3-4638-442c-b8a5-236539b5a2cb': (datetime.datetime(2021, 10, 24, 18, 38, 38, tzinfo=tzlocal()), datetime.datetime(2021, 10, 24, 18, 38, 57, tzinfo=tzlocal())), 'b1ec0225-8486-4ca0-8226-66e308757419': (datetime.datetime(2021, 10, 24, 18, 34, 43, tzinfo=tzlocal()), datetime.datetime(2021, 10, 24, 18, 34, 52, tzinfo=tzlocal())), 'b3269dce-fc81-4729-9b3a-66dcad24c89e': (datetime.datetime(2021, 10, 24, 18, 34, 13, tzinfo=tzlocal()), datetime.datetime(2021, 10, 24, 18, 34, 36, tzinfo=tzlocal())), 'bf995768-07be-4b4c-bfbf-96fad4ed106e': (datetime.datetime(2021, 10, 24, 18, 35, 13, tzinfo=tzlocal()), datetime.datetime(2021, 10, 24, 18, 35, 26, tzinfo=tzlocal())), 'c0a04740-c250-4fd4-8cef-96d7692daa32': (datetime.datetime(2021, 10, 24, 18, 32, 8, tzinfo=tzlocal()), datetime.datetime(2021, 10, 24, 18, 32, 24, tzinfo=tzlocal())), 'cdfd819d-dccd-432b-9e68-b24693c82352': (datetime.datetime(2021, 10, 24, 18, 37, 3, tzinfo=tzlocal()), datetime.datetime(2021, 10, 24, 18, 37, 36, tzinfo=tzlocal())), 'd2eb44fb-a8bc-4822-9275-ff3732f4ccad': (datetime.datetime(2021, 10, 24, 18, 37, 38, tzinfo=tzlocal()), datetime.datetime(2021, 10, 24, 18, 38, 11, tzinfo=tzlocal())), 'd74fe45a-3069-4a10-8b1a-9ae05fcb741f': (datetime.datetime(2021, 10, 24, 18, 33, 58, tzinfo=tzlocal()), datetime.datetime(2021, 10, 24, 18, 34, 9, tzinfo=tzlocal())), 'd7cdb5ce-35c9-4d2b-8eaf-b7c8f3e5decc': (datetime.datetime(2021, 10, 24, 18, 30, 22, tzinfo=tzlocal()), datetime.datetime(2021, 10, 24, 18, 30, 38, tzinfo=tzlocal())), 'd978e536-77c9-49d2-b051-17b5a65e394a': (datetime.datetime(2021, 10, 24, 18, 36, 48, tzinfo=tzlocal()), datetime.datetime(2021, 10, 24, 18, 37, tzinfo=tzlocal())), 'e5cceb0d-a09b-4d67-a781-9f3d818f87f2': (datetime.datetime(2021, 10, 24, 18, 33, 2, tzinfo=tzlocal()), datetime.datetime(2021, 10, 24, 18, 33, 25, tzinfo=tzlocal())), 'e85b364d-6fc4-4820-bdd5-cbfa4e06df13': (datetime.datetime(2021, 10, 24, 18, 39, 3, tzinfo=tzlocal()), datetime.datetime(2021, 10, 24, 18, 39, 14, tzinfo=tzlocal())), 'ef7a76b2-d138-4386-9500-5dcb123fba0f': (datetime.datetime(2021, 10, 24, 18, 31, 17, tzinfo=tzlocal()), datetime.datetime(2021, 10, 24, 18, 31, 41, tzinfo=tzlocal())), 'f12aab3d-30cd-4dd8-88a7-08de5a21e9f6': (datetime.datetime(2021, 10, 24, 18, 29, 37, tzinfo=tzlocal()), datetime.datetime(2021, 10, 24, 18, 30, 15, tzinfo=tzlocal())), 'f4e9cb84-efbb-47aa-b488-04221dc0f251': (datetime.datetime(2021, 10, 24, 18, 32, 27, tzinfo=tzlocal()), datetime.datetime(2021, 10, 24, 18, 32, 44, tzinfo=tzlocal()))}




id,network,job_type,image_size,num_imgs,device,batch_size,data_parallelism,response_time
f12aab3d,style2,interpolation,1024,800,cuda:0,4,1,38797
87ec7df8,anycost,interpolation,1024,100,cuda:0,4,1,14776
3d2922d3,swa,random,512,800,cuda:1,8,1,34757
d7cdb5ce,stylemap,interpolation,256,200,cuda:0,8,1,16725
0ef1fb42,anycost,interpolation,1024,100,cuda:1,2,1,18709
50061e9a,style2,interpolation,256,200,cuda:0,8,1,11606
2e2afbd9,stylemap,random,512,100,cuda:1,1,1,31524
ef7a76b2,stylemap,random,512,100,cuda:0,4,1,24421
81b1c73a,anycost,interpolation,512,800,cuda:1,4,1,39400
1f80c835,style1,random,256,100,cuda:1,8,1,10357
4f7e00b5,swa,random,1024,200,cuda:0,8,1,17336
c0a04740,swa,random,1024,100,cuda:0,8,1,17317
f4e9cb84,anycost,random,256,200,cuda:1,8,1,17279
4529dc53,swa,interpolation,256,400,cuda:1,8,1,16260
1de2491c,anycost,interpolation,1024,400,cuda:0,4,1,29173
e5cceb0d,mobile,random,1024,800,cuda:0,8,1,23157
1420ffb5,stylemap,interpolation,256,800,cuda:1,2,1,94127
0a5cf648,swa,random,1024,100,cuda:1,4,1,43101
8d75c283,style2,interpolation,256,200,cuda:0,8,1,11073
385b247a,swa,interpolation,1024,200,cuda:1,2,1,67047
d74fe45a,style2ada,random,1024,100,cuda:0,4,1,12005
b3269dce,stylemap,interpolation,512,100,cuda:0,4,1,23979
052e329b,swa,interpolation,256,200,cuda:1,8,1,21876
b1ec0225,style2ada,interpolation,256,200,cuda:0,8,1,9785
9a6cb495,style2ada,interpolation,1024,800,cuda:0,4,1,30765
bf995768,style2,random,256,100,cuda:1,8,1,13709
5b5fdc87,style1,interpolation,256,200,cuda:1,8,1,8681
8f8dfa53,swa,interpolation,256,100,cuda:1,8,1,15646
1ee58b8d,style2,interpolation,512,200,cuda:0,8,1,12616
88132377,style2ada,interpolation,1024,100,cuda:0,4,1,12561
45905e59,style2,interpolation,256,400,cuda:1,8,1,20535
d978e536,anycost,interpolation,256,400,cuda:0,8,1,12430
cdfd819d,swa,random,512,800,cuda:1,8,1,33341
134924e2,style1,interpolation,1024,100,cuda:0,8,1,10309
d2eb44fb,anycost,interpolation,1024,800,cuda:0,4,1,33289
24c3562f,mobile,interpolation,512,100,cuda:1,8,1,13265
9938ab3e,style2,interpolation,512,100,cuda:0,8,1,15197
41e93ae2,swa,interpolation,1024,400,cuda:1,4,1,38173
a74c92e3,style2,random,256,200,cuda:1,8,1,19156
e85b364d,style1,interpolation,512,200,cuda:1,8,1,11085
d5d9f0f7,style2,interpolation,1024,400,cuda:0,4,1,-1




