/usr/local/lib/python3.8/dist-packages/dataclasses_json/core.py:171: RuntimeWarning: `NoneType` object value of non-optional type config_path detected when decoding BareConfig.
  warnings.warn(f"`NoneType` object {warning}.", RuntimeWarning)
10-24-2021 17:56:16 root         INFO     Starting in cluster mode.
10-24-2021 17:56:16 root         INFO     Starting as Orchestrator
10-24-2021 17:56:16 root         INFO     Starting Orchestrator, initializing resources....
10-24-2021 17:56:16 root         INFO     Loading in cluster configuration file
10-24-2021 17:56:16 root         INFO     Pointing configuration to in cluster configuration.
10-24-2021 17:56:16 root         INFO     Starting cluster manager
10-24-2021 17:56:16 root         INFO     Starting arrival generator
10-24-2021 17:56:16 root         INFO     Starting orchestrator
mobile 256 100 8 cuda:1 1488
style2ada 512 800 8 cuda:0 15664
stylemap 1024 800 1 cuda:0 13216
anycost 512 800 8 cuda:0 13616
swa 256 800 8 cuda:1 4152
swa 256 400 8 cuda:1 4152
swa 256 400 8 cuda:1 4152
anycost 256 200 8 cuda:1 7392
mobile 256 800 8 cuda:1 1488
style2ada 1024 200 2 cuda:1 8504
mobile 1024 200 4 cuda:0 10096
mobile 1024 100 2 cuda:0 5232
stylemap 256 100 4 cuda:0 12904
anycost 512 400 4 cuda:1 7280
mobile 1024 100 4 cuda:0 10096
style2ada 1024 100 2 cuda:0 8504
10-24-2021 18:00:02 ResourceWatchDog ERROR    Finish time lookup for ubuntu94025/90490670-466b-41de-add4-0f32d40542c6 failed. Reason: 'NoneType' object is not iterable
style1 256 200 8 cuda:1 2008
anycost 512 400 4 cuda:1 7280
style1 1024 400 4 cuda:0 11368
style1 256 100 8 cuda:1 2008
anycost 256 800 8 cuda:1 7392
swa 1024 800 4 cuda:0 7632
stylemap 512 400 1 cuda:1 7768
style2 512 100 4 cuda:1 7280
style1 1024 400 2 cuda:0 6512
style1 256 400 8 cuda:1 2008
anycost 1024 100 4 cuda:0 14072
mobile 256 100 8 cuda:1 1488
stylemap 1024 100 2 cuda:0 23976
swa 512 800 8 cuda:1 7560
style1 512 400 8 cuda:0 5952
stylemap 256 200 8 cuda:0 23344
mobile 1024 200 8 cuda:0 18792
mobile 256 200 8 cuda:1 1488
anycost 1024 400 4 cuda:0 14072
style2 1024 400 4 cuda:0 14048
swa 512 100 8 cuda:1 7560
swa 1024 400 8 cuda:0 14328
swa 256 100 8 cuda:1 4152
style1 1024 800 8 cuda:0 21152
style1 256 200 8 cuda:1 2008




task_info={UUID('62eeb49a-93fb-437f-ab5e-387320f295f2'): ('mobile', 256, 'interpolation', 100, 'cuda:1', 8, 1), UUID('5a82802c-5939-4eae-8ed5-8aa839267843'): ('style2ada', 512, 'random', 800, 'cuda:0', 8, 1), UUID('b2bca6c0-a32f-4a4c-9e11-0eddd7dd5570'): ('stylemap', 1024, 'random', 800, 'cuda:0', 1, 1), UUID('611f534d-57b4-4030-94a8-7d37b03fe240'): ('anycost', 512, 'interpolation', 800, 'cuda:0', 8, 1), UUID('7b7e4e6e-03ea-4680-9144-64a4a200c7e2'): ('swa', 256, 'interpolation', 800, 'cuda:1', 8, 1), UUID('25835fb7-0cfa-462d-9a6f-7e444599357f'): ('swa', 256, 'interpolation', 400, 'cuda:1', 8, 1), UUID('83dc6562-d4ef-4537-9706-fbb65242e5e0'): ('swa', 256, 'random', 400, 'cuda:1', 8, 1), UUID('944a3696-5fa9-4c40-8d9b-b9407117a98d'): ('anycost', 256, 'interpolation', 200, 'cuda:1', 8, 1), UUID('f992e003-41cc-419e-834f-dfdb5846e731'): ('mobile', 256, 'interpolation', 800, 'cuda:1', 8, 1), UUID('37e8479f-90c6-49b8-84a2-f0bb4d44d987'): ('style2ada', 1024, 'interpolation', 200, 'cuda:1', 2, 1), UUID('d274b73b-be3a-48af-b568-65306ca93a5a'): ('mobile', 1024, 'interpolation', 200, 'cuda:0', 4, 1), UUID('086983df-ecc6-485f-9e94-d2ccaffa9ae9'): ('mobile', 1024, 'random', 100, 'cuda:0', 2, 1), UUID('a4b2b515-2a36-49ec-82b5-92dcf7a029a8'): ('stylemap', 256, 'interpolation', 100, 'cuda:0', 4, 1), UUID('35cde509-29c2-4f66-bed7-19d13a5d8ade'): ('anycost', 512, 'interpolation', 400, 'cuda:1', 4, 1), UUID('cac976f6-1320-4e41-a8c4-0e55510e86fc'): ('mobile', 1024, 'interpolation', 100, 'cuda:0', 4, 1), UUID('90490670-466b-41de-add4-0f32d40542c6'): ('style2ada', 1024, 'interpolation', 100, 'cuda:0', 2, 1), UUID('c75f1dad-94c9-46f1-ad83-19ef283acc10'): ('style1', 256, 'interpolation', 200, 'cuda:1', 8, 1), UUID('e63391f6-a5d4-495b-bb72-69256aa02ff4'): ('anycost', 512, 'interpolation', 400, 'cuda:1', 4, 1), UUID('deba64a1-17ca-4db3-a900-a322437f69c0'): ('style1', 1024, 'random', 400, 'cuda:0', 4, 1), UUID('fa37e3c5-6af3-4567-a7d1-8fad7d0495d9'): ('style1', 256, 'random', 100, 'cuda:1', 8, 1), UUID('1419c3af-8731-4c8d-8357-5d23dbe4ed07'): ('anycost', 256, 'random', 800, 'cuda:1', 8, 1), UUID('1c73a576-4bdb-4618-869d-2610276f0d3a'): ('swa', 1024, 'random', 800, 'cuda:0', 4, 1), UUID('10d7aa7d-7fcc-4f45-8967-b6af0c92fac2'): ('stylemap', 512, 'random', 400, 'cuda:1', 1, 1), UUID('e6d36fce-3f90-49ac-97e6-222dfd430c46'): ('style2', 512, 'interpolation', 100, 'cuda:1', 4, 1), UUID('fb6fa1d6-6f47-424b-b34d-e28a05a2e4b9'): ('style1', 1024, 'interpolation', 400, 'cuda:0', 2, 1), UUID('36bf0a43-785a-4341-a3a5-779df2ffce2e'): ('style1', 256, 'interpolation', 400, 'cuda:1', 8, 1), UUID('d1385655-c600-4c03-960f-bffbcda6b9e6'): ('anycost', 1024, 'random', 100, 'cuda:0', 4, 1), UUID('7c6d3e52-0584-44e8-aa7c-0333dac560bd'): ('mobile', 256, 'interpolation', 100, 'cuda:1', 8, 1), UUID('18c1bdeb-0102-4779-8c07-4eb1ff5190ae'): ('stylemap', 1024, 'random', 100, 'cuda:0', 2, 1), UUID('d8a4998d-f1f8-44c3-861d-e116f9950590'): ('swa', 512, 'random', 800, 'cuda:1', 8, 1), UUID('67a8d4a0-28c3-4154-a9c0-96af712b8bc2'): ('style1', 512, 'random', 400, 'cuda:0', 8, 1), UUID('425118b8-9a67-4ff2-9ec1-8921ac4ad06b'): ('stylemap', 256, 'interpolation', 200, 'cuda:0', 8, 1), UUID('b1ac9d9b-0ae2-4b48-b24d-f24f5c08f560'): ('mobile', 1024, 'random', 200, 'cuda:0', 8, 1), UUID('4ec9809a-09bc-4aa0-9907-95d7871a9338'): ('mobile', 256, 'interpolation', 200, 'cuda:1', 8, 1), UUID('050af8a0-ab54-4f36-af0e-a0c6229489a5'): ('anycost', 1024, 'interpolation', 400, 'cuda:0', 4, 1), UUID('c4235af2-37df-4755-be8f-860dead8e536'): ('style2', 1024, 'interpolation', 400, 'cuda:0', 4, 1), UUID('83e1640f-8d27-4258-8ad7-e40a7aafdf1e'): ('swa', 512, 'interpolation', 100, 'cuda:1', 8, 1), UUID('7aa93efb-55bb-44c2-b1fb-5f448848567d'): ('swa', 1024, 'interpolation', 400, 'cuda:0', 8, 1), UUID('b4f36471-c7eb-4b95-ab3a-414aebadabf4'): ('swa', 256, 'interpolation', 100, 'cuda:1', 8, 1), UUID('c4d37a83-1639-459d-a41f-d8ff6b750a5f'): ('style1', 1024, 'random', 800, 'cuda:0', 8, 1), UUID('07c3521b-44a4-4d14-a009-2cc1d5562ece'): ('style1', 256, 'random', 200, 'cuda:1', 8, 1)}
arrival_times={UUID('62eeb49a-93fb-437f-ab5e-387320f295f2'): datetime.datetime(2021, 10, 24, 17, 56, 36, 318610), UUID('5a82802c-5939-4eae-8ed5-8aa839267843'): datetime.datetime(2021, 10, 24, 17, 56, 46, 342628), UUID('b2bca6c0-a32f-4a4c-9e11-0eddd7dd5570'): datetime.datetime(2021, 10, 24, 17, 57, 1, 363688), UUID('611f534d-57b4-4030-94a8-7d37b03fe240'): datetime.datetime(2021, 10, 24, 17, 57, 21, 408747), UUID('7b7e4e6e-03ea-4680-9144-64a4a200c7e2'): datetime.datetime(2021, 10, 24, 17, 57, 31, 464344), UUID('25835fb7-0cfa-462d-9a6f-7e444599357f'): datetime.datetime(2021, 10, 24, 17, 57, 46, 484698), UUID('83dc6562-d4ef-4537-9706-fbb65242e5e0'): datetime.datetime(2021, 10, 24, 17, 57, 56, 511770), UUID('944a3696-5fa9-4c40-8d9b-b9407117a98d'): datetime.datetime(2021, 10, 24, 17, 58, 16, 543662), UUID('f992e003-41cc-419e-834f-dfdb5846e731'): datetime.datetime(2021, 10, 24, 17, 58, 26, 567751), UUID('37e8479f-90c6-49b8-84a2-f0bb4d44d987'): datetime.datetime(2021, 10, 24, 17, 58, 41, 594594), UUID('d274b73b-be3a-48af-b568-65306ca93a5a'): datetime.datetime(2021, 10, 24, 17, 58, 51, 617466), UUID('086983df-ecc6-485f-9e94-d2ccaffa9ae9'): datetime.datetime(2021, 10, 24, 17, 59, 6, 638627), UUID('a4b2b515-2a36-49ec-82b5-92dcf7a029a8'): datetime.datetime(2021, 10, 24, 17, 59, 21, 666712), UUID('35cde509-29c2-4f66-bed7-19d13a5d8ade'): datetime.datetime(2021, 10, 24, 17, 59, 36, 699003), UUID('cac976f6-1320-4e41-a8c4-0e55510e86fc'): datetime.datetime(2021, 10, 24, 17, 59, 51, 754637), UUID('90490670-466b-41de-add4-0f32d40542c6'): datetime.datetime(2021, 10, 24, 18, 0, 1, 850625), UUID('c75f1dad-94c9-46f1-ad83-19ef283acc10'): datetime.datetime(2021, 10, 24, 18, 0, 16, 878712), UUID('e63391f6-a5d4-495b-bb72-69256aa02ff4'): datetime.datetime(2021, 10, 24, 18, 0, 26, 926614), UUID('deba64a1-17ca-4db3-a900-a322437f69c0'): datetime.datetime(2021, 10, 24, 18, 0, 41, 953344), UUID('fa37e3c5-6af3-4567-a7d1-8fad7d0495d9'): datetime.datetime(2021, 10, 24, 18, 0, 52, 22602), UUID('1419c3af-8731-4c8d-8357-5d23dbe4ed07'): datetime.datetime(2021, 10, 24, 18, 0, 57, 39672), UUID('1c73a576-4bdb-4618-869d-2610276f0d3a'): datetime.datetime(2021, 10, 24, 18, 1, 12, 90807), UUID('10d7aa7d-7fcc-4f45-8967-b6af0c92fac2'): datetime.datetime(2021, 10, 24, 18, 1, 32, 119692), UUID('e6d36fce-3f90-49ac-97e6-222dfd430c46'): datetime.datetime(2021, 10, 24, 18, 1, 42, 138578), UUID('fb6fa1d6-6f47-424b-b34d-e28a05a2e4b9'): datetime.datetime(2021, 10, 24, 18, 1, 52, 186599), UUID('36bf0a43-785a-4341-a3a5-779df2ffce2e'): datetime.datetime(2021, 10, 24, 18, 2, 12, 242621), UUID('d1385655-c600-4c03-960f-bffbcda6b9e6'): datetime.datetime(2021, 10, 24, 18, 2, 27, 266608), UUID('7c6d3e52-0584-44e8-aa7c-0333dac560bd'): datetime.datetime(2021, 10, 24, 18, 2, 47, 301023), UUID('18c1bdeb-0102-4779-8c07-4eb1ff5190ae'): datetime.datetime(2021, 10, 24, 18, 3, 2, 359666), UUID('d8a4998d-f1f8-44c3-861d-e116f9950590'): datetime.datetime(2021, 10, 24, 18, 3, 22, 391742), UUID('67a8d4a0-28c3-4154-a9c0-96af712b8bc2'): datetime.datetime(2021, 10, 24, 18, 3, 32, 514606), UUID('425118b8-9a67-4ff2-9ec1-8921ac4ad06b'): datetime.datetime(2021, 10, 24, 18, 3, 47, 535750), UUID('b1ac9d9b-0ae2-4b48-b24d-f24f5c08f560'): datetime.datetime(2021, 10, 24, 18, 4, 2, 571289), UUID('4ec9809a-09bc-4aa0-9907-95d7871a9338'): datetime.datetime(2021, 10, 24, 18, 4, 27, 628953), UUID('050af8a0-ab54-4f36-af0e-a0c6229489a5'): datetime.datetime(2021, 10, 24, 18, 4, 37, 655783), UUID('c4235af2-37df-4755-be8f-860dead8e536'): datetime.datetime(2021, 10, 24, 18, 4, 52, 750809), UUID('83e1640f-8d27-4258-8ad7-e40a7aafdf1e'): datetime.datetime(2021, 10, 24, 18, 5, 12, 774629), UUID('7aa93efb-55bb-44c2-b1fb-5f448848567d'): datetime.datetime(2021, 10, 24, 18, 5, 27, 802625), UUID('b4f36471-c7eb-4b95-ab3a-414aebadabf4'): datetime.datetime(2021, 10, 24, 18, 5, 37, 906717), UUID('c4d37a83-1639-459d-a41f-d8ff6b750a5f'): datetime.datetime(2021, 10, 24, 18, 6, 2, 976483), UUID('07c3521b-44a4-4d14-a009-2cc1d5562ece'): datetime.datetime(2021, 10, 24, 18, 6, 12, 999836)}
finish_times={'050af8a0-ab54-4f36-af0e-a0c6229489a5': (datetime.datetime(2021, 10, 24, 18, 4, 38, tzinfo=tzlocal()), datetime.datetime(2021, 10, 24, 18, 5, 1, tzinfo=tzlocal())), '07c3521b-44a4-4d14-a009-2cc1d5562ece': (datetime.datetime(2021, 10, 24, 18, 6, 14, tzinfo=tzlocal()), datetime.datetime(2021, 10, 24, 18, 6, 23, tzinfo=tzlocal())), '086983df-ecc6-485f-9e94-d2ccaffa9ae9': (datetime.datetime(2021, 10, 24, 17, 59, 7, tzinfo=tzlocal()), datetime.datetime(2021, 10, 24, 17, 59, 19, tzinfo=tzlocal())), '10d7aa7d-7fcc-4f45-8967-b6af0c92fac2': (datetime.datetime(2021, 10, 24, 18, 1, 33, tzinfo=tzlocal()), datetime.datetime(2021, 10, 24, 18, 3, 9, tzinfo=tzlocal())), '1419c3af-8731-4c8d-8357-5d23dbe4ed07': (datetime.datetime(2021, 10, 24, 18, 0, 58, tzinfo=tzlocal()), datetime.datetime(2021, 10, 24, 18, 1, 26, tzinfo=tzlocal())), '18c1bdeb-0102-4779-8c07-4eb1ff5190ae': (datetime.datetime(2021, 10, 24, 18, 3, 3, tzinfo=tzlocal()), datetime.datetime(2021, 10, 24, 18, 3, 32, tzinfo=tzlocal())), '1c73a576-4bdb-4618-869d-2610276f0d3a': (datetime.datetime(2021, 10, 24, 18, 1, 13, tzinfo=tzlocal()), datetime.datetime(2021, 10, 24, 18, 2, 48, tzinfo=tzlocal())), '25835fb7-0cfa-462d-9a6f-7e444599357f': (datetime.datetime(2021, 10, 24, 17, 57, 47, tzinfo=tzlocal()), datetime.datetime(2021, 10, 24, 17, 58, 7, tzinfo=tzlocal())), '35cde509-29c2-4f66-bed7-19d13a5d8ade': (datetime.datetime(2021, 10, 24, 17, 59, 38, tzinfo=tzlocal()), datetime.datetime(2021, 10, 24, 18, 0, 4, tzinfo=tzlocal())), '36bf0a43-785a-4341-a3a5-779df2ffce2e': (datetime.datetime(2021, 10, 24, 18, 2, 13, tzinfo=tzlocal()), datetime.datetime(2021, 10, 24, 18, 2, 25, tzinfo=tzlocal())), '37e8479f-90c6-49b8-84a2-f0bb4d44d987': (datetime.datetime(2021, 10, 24, 17, 58, 42, tzinfo=tzlocal()), datetime.datetime(2021, 10, 24, 17, 59, 10, tzinfo=tzlocal())), '425118b8-9a67-4ff2-9ec1-8921ac4ad06b': (datetime.datetime(2021, 10, 24, 18, 3, 48, tzinfo=tzlocal()), datetime.datetime(2021, 10, 24, 18, 4, 7, tzinfo=tzlocal())), '4ec9809a-09bc-4aa0-9907-95d7871a9338': (datetime.datetime(2021, 10, 24, 18, 4, 28, tzinfo=tzlocal()), datetime.datetime(2021, 10, 24, 18, 4, 37, tzinfo=tzlocal())), '5a82802c-5939-4eae-8ed5-8aa839267843': (datetime.datetime(2021, 10, 24, 17, 56, 47, tzinfo=tzlocal()), datetime.datetime(2021, 10, 24, 17, 57, 4, tzinfo=tzlocal())), '611f534d-57b4-4030-94a8-7d37b03fe240': (datetime.datetime(2021, 10, 24, 17, 57, 22, tzinfo=tzlocal()), datetime.datetime(2021, 10, 24, 17, 58, 30, tzinfo=tzlocal())), '62eeb49a-93fb-437f-ab5e-387320f295f2': (datetime.datetime(2021, 10, 24, 17, 56, 37, tzinfo=tzlocal()), datetime.datetime(2021, 10, 24, 17, 56, 46, tzinfo=tzlocal())), '67a8d4a0-28c3-4154-a9c0-96af712b8bc2': (datetime.datetime(2021, 10, 24, 18, 3, 33, tzinfo=tzlocal()), datetime.datetime(2021, 10, 24, 18, 3, 41, tzinfo=tzlocal())), '7aa93efb-55bb-44c2-b1fb-5f448848567d': (datetime.datetime(2021, 10, 24, 18, 5, 29, tzinfo=tzlocal()), datetime.datetime(2021, 10, 24, 18, 5, 50, tzinfo=tzlocal())), '7b7e4e6e-03ea-4680-9144-64a4a200c7e2': (datetime.datetime(2021, 10, 24, 17, 57, 32, tzinfo=tzlocal()), datetime.datetime(2021, 10, 24, 17, 57, 58, tzinfo=tzlocal())), '7c6d3e52-0584-44e8-aa7c-0333dac560bd': (datetime.datetime(2021, 10, 24, 18, 2, 48, tzinfo=tzlocal()), datetime.datetime(2021, 10, 24, 18, 2, 59, tzinfo=tzlocal())), '83dc6562-d4ef-4537-9706-fbb65242e5e0': (datetime.datetime(2021, 10, 24, 17, 57, 57, tzinfo=tzlocal()), datetime.datetime(2021, 10, 24, 17, 58, 16, tzinfo=tzlocal())), '83e1640f-8d27-4258-8ad7-e40a7aafdf1e': (datetime.datetime(2021, 10, 24, 18, 5, 13, tzinfo=tzlocal()), datetime.datetime(2021, 10, 24, 18, 5, 27, tzinfo=tzlocal())), '90490670-466b-41de-add4-0f32d40542c6': (datetime.datetime(2021, 10, 24, 18, 0, 2, tzinfo=tzlocal()), datetime.datetime(2021, 10, 24, 18, 0, 27, tzinfo=tzlocal())), '944a3696-5fa9-4c40-8d9b-b9407117a98d': (datetime.datetime(2021, 10, 24, 17, 58, 17, tzinfo=tzlocal()), datetime.datetime(2021, 10, 24, 17, 58, 34, tzinfo=tzlocal())), 'a4b2b515-2a36-49ec-82b5-92dcf7a029a8': (datetime.datetime(2021, 10, 24, 17, 59, 23, tzinfo=tzlocal()), datetime.datetime(2021, 10, 24, 17, 59, 46, tzinfo=tzlocal())), 'b1ac9d9b-0ae2-4b48-b24d-f24f5c08f560': (datetime.datetime(2021, 10, 24, 18, 4, 3, tzinfo=tzlocal()), datetime.datetime(2021, 10, 24, 18, 4, 14, tzinfo=tzlocal())), 'b2bca6c0-a32f-4a4c-9e11-0eddd7dd5570': (datetime.datetime(2021, 10, 24, 17, 57, 2, tzinfo=tzlocal()), datetime.datetime(2021, 10, 24, 18, 2, 16, tzinfo=tzlocal())), 'b4f36471-c7eb-4b95-ab3a-414aebadabf4': (datetime.datetime(2021, 10, 24, 18, 5, 39, tzinfo=tzlocal()), datetime.datetime(2021, 10, 24, 18, 5, 51, tzinfo=tzlocal())), 'c4235af2-37df-4755-be8f-860dead8e536': (datetime.datetime(2021, 10, 24, 18, 4, 55, tzinfo=tzlocal()), datetime.datetime(2021, 10, 24, 18, 5, 16, tzinfo=tzlocal())), 'c4d37a83-1639-459d-a41f-d8ff6b750a5f': (datetime.datetime(2021, 10, 24, 18, 6, 4, tzinfo=tzlocal()), datetime.datetime(2021, 10, 24, 18, 6, 23, tzinfo=tzlocal())), 'c75f1dad-94c9-46f1-ad83-19ef283acc10': (datetime.datetime(2021, 10, 24, 18, 0, 18, tzinfo=tzlocal()), datetime.datetime(2021, 10, 24, 18, 0, 29, tzinfo=tzlocal())), 'cac976f6-1320-4e41-a8c4-0e55510e86fc': (datetime.datetime(2021, 10, 24, 17, 59, 53, tzinfo=tzlocal()), datetime.datetime(2021, 10, 24, 18, 0, 5, tzinfo=tzlocal())), 'd1385655-c600-4c03-960f-bffbcda6b9e6': (datetime.datetime(2021, 10, 24, 18, 2, 28, tzinfo=tzlocal()), datetime.datetime(2021, 10, 24, 18, 2, 41, tzinfo=tzlocal())), 'd274b73b-be3a-48af-b568-65306ca93a5a': (datetime.datetime(2021, 10, 24, 17, 58, 53, tzinfo=tzlocal()), datetime.datetime(2021, 10, 24, 17, 59, 8, tzinfo=tzlocal())), 'd8a4998d-f1f8-44c3-861d-e116f9950590': (datetime.datetime(2021, 10, 24, 18, 3, 25, tzinfo=tzlocal()), datetime.datetime(2021, 10, 24, 18, 3, 57, tzinfo=tzlocal())), 'deba64a1-17ca-4db3-a900-a322437f69c0': (datetime.datetime(2021, 10, 24, 18, 0, 43, tzinfo=tzlocal()), datetime.datetime(2021, 10, 24, 18, 1, 3, tzinfo=tzlocal())), 'e63391f6-a5d4-495b-bb72-69256aa02ff4': (datetime.datetime(2021, 10, 24, 18, 0, 28, tzinfo=tzlocal()), datetime.datetime(2021, 10, 24, 18, 0, 55, tzinfo=tzlocal())), 'e6d36fce-3f90-49ac-97e6-222dfd430c46': (datetime.datetime(2021, 10, 24, 18, 1, 43, tzinfo=tzlocal()), datetime.datetime(2021, 10, 24, 18, 2, 11, tzinfo=tzlocal())), 'f992e003-41cc-419e-834f-dfdb5846e731': (datetime.datetime(2021, 10, 24, 17, 58, 27, tzinfo=tzlocal()), datetime.datetime(2021, 10, 24, 17, 58, 45, tzinfo=tzlocal())), 'fa37e3c5-6af3-4567-a7d1-8fad7d0495d9': (datetime.datetime(2021, 10, 24, 18, 0, 53, tzinfo=tzlocal()), datetime.datetime(2021, 10, 24, 18, 1, 5, tzinfo=tzlocal())), 'fb6fa1d6-6f47-424b-b34d-e28a05a2e4b9': (datetime.datetime(2021, 10, 24, 18, 1, 54, tzinfo=tzlocal()), datetime.datetime(2021, 10, 24, 18, 2, 17, tzinfo=tzlocal()))}




id,network,job_type,image_size,num_imgs,device,batch_size,data_parallelism,response_time
62eeb49a,mobile,interpolation,256,100,cuda:1,8,1,9681
5a82802c,style2ada,random,512,800,cuda:0,8,1,17657
b2bca6c0,stylemap,random,1024,800,cuda:0,1,1,314636
611f534d,anycost,interpolation,512,800,cuda:0,8,1,68591
7b7e4e6e,swa,interpolation,256,800,cuda:1,8,1,26535
25835fb7,swa,interpolation,256,400,cuda:1,8,1,20515
83dc6562,swa,random,256,400,cuda:1,8,1,19488
944a3696,anycost,interpolation,256,200,cuda:1,8,1,17456
f992e003,mobile,interpolation,256,800,cuda:1,8,1,18432
37e8479f,style2ada,interpolation,1024,200,cuda:1,2,1,28405
d274b73b,mobile,interpolation,1024,200,cuda:0,4,1,16382
086983df,mobile,random,1024,100,cuda:0,2,1,12361
a4b2b515,stylemap,interpolation,256,100,cuda:0,4,1,24333
35cde509,anycost,interpolation,512,400,cuda:1,4,1,27300
cac976f6,mobile,interpolation,1024,100,cuda:0,4,1,13245
90490670,style2ada,interpolation,1024,100,cuda:0,2,1,25149
c75f1dad,style1,interpolation,256,200,cuda:1,8,1,12121
e63391f6,anycost,interpolation,512,400,cuda:1,4,1,28073
deba64a1,style1,random,1024,400,cuda:0,4,1,21046
fa37e3c5,style1,random,256,100,cuda:1,8,1,12977
1419c3af,anycost,random,256,800,cuda:1,8,1,28960
1c73a576,swa,random,1024,800,cuda:0,4,1,95909
10d7aa7d,stylemap,random,512,400,cuda:1,1,1,96880
e6d36fce,style2,interpolation,512,100,cuda:1,4,1,28861
fb6fa1d6,style1,interpolation,1024,400,cuda:0,2,1,24813
36bf0a43,style1,interpolation,256,400,cuda:1,8,1,12757
d1385655,anycost,random,1024,100,cuda:0,4,1,13733
7c6d3e52,mobile,interpolation,256,100,cuda:1,8,1,11698
18c1bdeb,stylemap,random,1024,100,cuda:0,2,1,29640
d8a4998d,swa,random,512,800,cuda:1,8,1,34608
67a8d4a0,style1,random,512,400,cuda:0,8,1,8485
425118b8,stylemap,interpolation,256,200,cuda:0,8,1,19464
b1ac9d9b,mobile,random,1024,200,cuda:0,8,1,11428
4ec9809a,mobile,interpolation,256,200,cuda:1,8,1,9371
050af8a0,anycost,interpolation,1024,400,cuda:0,4,1,23344
c4235af2,style2,interpolation,1024,400,cuda:0,4,1,23249
83e1640f,swa,interpolation,512,100,cuda:1,8,1,14225
7aa93efb,swa,interpolation,1024,400,cuda:0,8,1,22197
b4f36471,swa,interpolation,256,100,cuda:1,8,1,13093
c4d37a83,style1,random,1024,800,cuda:0,8,1,20023
07c3521b,style1,random,256,200,cuda:1,8,1,10000




