/usr/local/lib/python3.8/dist-packages/dataclasses_json/core.py:171: RuntimeWarning: `NoneType` object value of non-optional type config_path detected when decoding BareConfig.
  warnings.warn(f"`NoneType` object {warning}.", RuntimeWarning)
10-25-2021 09:12:25 root         INFO     Starting in cluster mode.
10-25-2021 09:12:25 root         INFO     Starting as Orchestrator
10-25-2021 09:12:25 root         INFO     Starting Orchestrator, initializing resources....
10-25-2021 09:12:25 root         INFO     Loading in cluster configuration file
10-25-2021 09:12:25 root         INFO     Pointing configuration to in cluster configuration.
10-25-2021 09:12:25 root         INFO     Starting cluster manager
10-25-2021 09:12:25 root         INFO     Starting arrival generator
10-25-2021 09:12:25 root         INFO     Starting orchestrator
swa 1024 200 8 cuda:0 14328
style2 256 800 8 cuda:1 7376
anycost 1024 100 2 cuda:1 7544
stylemap 512 400 2 cuda:0 13096
style2 256 800 8 cuda:1 7376
style2ada 1024 200 4 cuda:0 15984
style2ada 256 100 8 cuda:0 8328
mobile 1024 100 4 cuda:0 10096
stylemap 1024 800 1 cuda:0 13216
swa 256 200 8 cuda:0 4152
style2 256 800 8 cuda:0 7376
mobile 1024 800 2 cuda:0 5232
style2ada 256 800 8 cuda:0 8328
swa 512 100 8 cuda:0 7560
swa 1024 800 4 cuda:1 7632
style1 1024 200 2 cuda:1 6512
swa 256 400 8 cuda:1 4152
swa 1024 100 2 cuda:1 4296
mobile 1024 800 2 cuda:1 5232
style2 256 400 4 cuda:1 4152
anycost 1024 800 1 cuda:1 4280
swa 256 200 4 cuda:0 2528
swa 1024 800 4 cuda:0 7632
anycost 1024 100 2 cuda:0 7544
mobile 512 400 8 cuda:0 5176
style1 512 200 8 cuda:0 5952
style2ada 256 400 4 cuda:0 4640
10-25-2021 09:14:43 ResourceWatchDog ERROR    Finish time lookup for ubuntu94025/ad6d5b75-b17f-43cb-8d20-c37afaa2ffdc failed. Reason: 'NoneType' object is not iterable
style2 256 800 4 cuda:0 4152
10-25-2021 09:14:45 ResourceWatchDog ERROR    Finish time lookup for ubuntu94025/ad6d5b75-b17f-43cb-8d20-c37afaa2ffdc failed. Reason: 'NoneType' object is not iterable
style1 1024 200 2 cuda:0 6512
anycost 256 100 8 cuda:0 7392
10-25-2021 09:15:02 ResourceWatchDog ERROR    Finish time lookup for ubuntu94025/2bff724d-b6e5-491f-82e1-c1b3d268f220 failed. Reason: 'NoneType' object is not iterable
10-25-2021 09:15:02 ResourceWatchDog ERROR    Finish time lookup for ubuntu94025/66dfb8bb-2ebf-4a96-8cf7-39cb640c4822 failed. Reason: 'NoneType' object is not iterable
mobile 512 800 4 cuda:1 2736
style2ada 512 100 1 cuda:1 2800
10-25-2021 09:15:16 ResourceWatchDog ERROR    Finish time lookup for ubuntu94025/0c27c001-64c5-4dc0-8074-6464b7947a3f failed. Reason: 'NoneType' object is not iterable
10-25-2021 09:15:16 ResourceWatchDog ERROR    Finish time lookup for ubuntu94025/e8e82463-7c6e-4dfe-874c-974b2b16ab13 failed. Reason: 'NoneType' object is not iterable
10-25-2021 09:15:17 ResourceWatchDog ERROR    Finish time lookup for ubuntu94025/0c27c001-64c5-4dc0-8074-6464b7947a3f failed. Reason: 'NoneType' object is not iterable
10-25-2021 09:15:17 ResourceWatchDog ERROR    Finish time lookup for ubuntu94025/e8e82463-7c6e-4dfe-874c-974b2b16ab13 failed. Reason: 'NoneType' object is not iterable
swa 1024 800 1 cuda:1 2616
10-25-2021 09:15:19 ResourceWatchDog ERROR    Finish time lookup for ubuntu94025/0c27c001-64c5-4dc0-8074-6464b7947a3f failed. Reason: 'NoneType' object is not iterable
10-25-2021 09:15:19 ResourceWatchDog ERROR    Finish time lookup for ubuntu94025/e8e82463-7c6e-4dfe-874c-974b2b16ab13 failed. Reason: 'NoneType' object is not iterable
style2 256 100 2 cuda:1 2536
style2 512 400 1 cuda:1 2528
mobile 256 400 8 cuda:1 1488
anycost 256 400 8 cuda:0 7392
10-25-2021 09:15:43 ResourceWatchDog ERROR    Finish time lookup for ubuntu94025/7a127c47-838c-4733-acef-52fee8ba714d failed. Reason: 'NoneType' object is not iterable
mobile 512 800 8 cuda:0 5176
anycost 1024 100 2 cuda:0 7544
style2ada 512 200 1 cuda:0 2800
style2ada 512 800 2 cuda:0 4632
anycost 512 800 2 cuda:1 4120
swa 512 100 4 cuda:1 4240
10-25-2021 09:16:18 ResourceWatchDog ERROR    Finish time lookup for ubuntu94025/70cccbdd-8983-43b4-937a-964f2b04a7fb failed. Reason: 'NoneType' object is not iterable
style2 256 800 8 cuda:0 7376
anycost 512 400 4 cuda:0 7280
stylemap 512 100 1 cuda:0 7768
mobile 256 200 8 cuda:1 1488
swa 256 800 8 cuda:0 4152
mobile 512 800 8 cuda:0 5176
mobile 1024 200 1 cuda:0 2800
mobile 512 100 1 cuda:0 920
mobile 1024 400 1 cuda:0 2800
anycost 256 100 2 cuda:1 2544
style1 512 800 4 cuda:0 3512
10-25-2021 09:16:57 ResourceWatchDog ERROR    Finish time lookup for ubuntu94025/77c6eada-71eb-4c6d-bc7e-3e91b4571154 failed. Reason: 'NoneType' object is not iterable
10-25-2021 09:16:59 ResourceWatchDog ERROR    Finish time lookup for ubuntu94025/589436a5-90c6-46fa-9a10-489e37a17d3b failed. Reason: 'NoneType' object is not iterable
10-25-2021 09:16:59 ResourceWatchDog ERROR    Finish time lookup for ubuntu94025/da11fc5c-26a3-4fdb-b0dc-8293f31f7e51 failed. Reason: 'NoneType' object is not iterable
swa 1024 800 1 cuda:0 2616
mobile 512 800 4 cuda:0 2736
style1 512 100 2 cuda:1 2288
style1 256 200 8 cuda:1 2008
anycost 256 200 2 cuda:1 2544
10-25-2021 09:17:28 ResourceWatchDog ERROR    Finish time lookup for ubuntu94025/5b992226-53c9-463b-a8fb-330438f235c6 failed. Reason: 'NoneType' object is not iterable
anycost 512 800 2 cuda:0 4120
style2ada 256 800 4 cuda:0 4640
mobile 512 100 8 cuda:0 5176
10-25-2021 09:17:35 ResourceWatchDog ERROR    Finish time lookup for ubuntu94025/5131147f-6fe5-49c2-9366-541354f54bc5 failed. Reason: 'NoneType' object is not iterable
10-25-2021 09:17:35 ResourceWatchDog ERROR    Finish time lookup for ubuntu94025/adcfb231-2490-4689-815c-16a217280796 failed. Reason: 'NoneType' object is not iterable
10-25-2021 09:17:37 ResourceWatchDog ERROR    Finish time lookup for ubuntu94025/2f08dadf-f2eb-4c78-8c4c-5d0fa666d8a6 failed. Reason: 'NoneType' object is not iterable
style2 512 100 2 cuda:0 4120
anycost 512 400 1 cuda:0 2528
swa 512 100 8 cuda:0 7560
10-25-2021 09:17:52 ResourceWatchDog ERROR    Finish time lookup for ubuntu94025/1d21b6ac-4661-49fb-acb5-79bb4a02a6e9 failed. Reason: 'NoneType' object is not iterable
10-25-2021 09:17:54 ResourceWatchDog ERROR    Finish time lookup for ubuntu94025/1d21b6ac-4661-49fb-acb5-79bb4a02a6e9 failed. Reason: 'NoneType' object is not iterable
10-25-2021 09:17:54 ResourceWatchDog ERROR    Finish time lookup for ubuntu94025/8c0dfa5d-6a71-497d-8468-4799acdc77bf failed. Reason: 'NoneType' object is not iterable
10-25-2021 09:17:56 ResourceWatchDog ERROR    Finish time lookup for ubuntu94025/8c0dfa5d-6a71-497d-8468-4799acdc77bf failed. Reason: 'NoneType' object is not iterable
10-25-2021 09:17:57 ResourceWatchDog ERROR    Finish time lookup for ubuntu94025/8c0dfa5d-6a71-497d-8468-4799acdc77bf failed. Reason: 'NoneType' object is not iterable
10-25-2021 09:17:59 ResourceWatchDog ERROR    Finish time lookup for ubuntu94025/7ae37986-9968-448f-a586-b66b2ba81c51 failed. Reason: 'NoneType' object is not iterable
10-25-2021 09:17:59 ResourceWatchDog ERROR    Finish time lookup for ubuntu94025/8c0dfa5d-6a71-497d-8468-4799acdc77bf failed. Reason: 'NoneType' object is not iterable
10-25-2021 09:18:01 ResourceWatchDog ERROR    Finish time lookup for ubuntu94025/7ae37986-9968-448f-a586-b66b2ba81c51 failed. Reason: 'NoneType' object is not iterable
stylemap 256 200 2 cuda:1 7672
style2 512 400 4 cuda:1 7280
style2 512 400 4 cuda:1 7280
stylemap 256 400 2 cuda:1 7672
10-25-2021 09:18:22 ResourceWatchDog ERROR    Finish time lookup for ubuntu94025/4da1b523-0810-42b8-9dca-4430caab9384 failed. Reason: 'NoneType' object is not iterable
stylemap 256 800 2 cuda:1 7672
10-25-2021 09:18:23 ResourceWatchDog ERROR    Finish time lookup for ubuntu94025/ac1b7c63-889d-4948-a480-7b8d7d90b733 failed. Reason: 'NoneType' object is not iterable
10-25-2021 09:18:25 ResourceWatchDog ERROR    Finish time lookup for ubuntu94025/e7c829c3-d819-434f-aa3e-3b8001f6dd24 failed. Reason: 'NoneType' object is not iterable
stylemap 256 800 2 cuda:1 7672
10-25-2021 09:18:30 ResourceWatchDog ERROR    Finish time lookup for ubuntu94025/ddf973af-27e3-41c7-afab-d121bc460cfa failed. Reason: 'NoneType' object is not iterable
10-25-2021 09:18:32 ResourceWatchDog ERROR    Finish time lookup for ubuntu94025/ddf973af-27e3-41c7-afab-d121bc460cfa failed. Reason: 'NoneType' object is not iterable
style1 256 200 8 cuda:1 2008
anycost 1024 200 1 cuda:1 4280
mobile 512 100 4 cuda:0 2736
style2ada 256 200 2 cuda:0 2800
style1 256 200 4 cuda:0 1384
10-25-2021 09:18:52 ResourceWatchDog ERROR    Finish time lookup for ubuntu94025/6962c718-133e-4237-80dd-e3c609482982 failed. Reason: 'NoneType' object is not iterable
10-25-2021 09:18:59 ResourceWatchDog ERROR    Finish time lookup for ubuntu94025/956662de-a1ba-43b1-8d52-ed2539afe4eb failed. Reason: 'NoneType' object is not iterable
style1 256 800 4 cuda:0 1384
10-25-2021 09:19:01 ResourceWatchDog ERROR    Finish time lookup for ubuntu94025/956662de-a1ba-43b1-8d52-ed2539afe4eb failed. Reason: 'NoneType' object is not iterable
10-25-2021 09:19:06 ResourceWatchDog ERROR    Finish time lookup for ubuntu94025/bf1b62e1-a752-46b6-8b93-0ef8252ff412 failed. Reason: 'NoneType' object is not iterable
10-25-2021 09:19:08 ResourceWatchDog ERROR    Finish time lookup for ubuntu94025/bf1b62e1-a752-46b6-8b93-0ef8252ff412 failed. Reason: 'NoneType' object is not iterable
10-25-2021 09:19:10 ResourceWatchDog ERROR    Finish time lookup for ubuntu94025/bf1b62e1-a752-46b6-8b93-0ef8252ff412 failed. Reason: 'NoneType' object is not iterable
swa 512 800 1 cuda:0 1768
swa 512 200 4 cuda:1 4240
style1 512 400 4 cuda:1 3512
10-25-2021 09:19:30 ResourceWatchDog ERROR    Finish time lookup for ubuntu94025/6099560e-77b4-4761-9f7d-96f07732f834 failed. Reason: 'NoneType' object is not iterable
10-25-2021 09:19:32 ResourceWatchDog ERROR    Finish time lookup for ubuntu94025/6099560e-77b4-4761-9f7d-96f07732f834 failed. Reason: 'NoneType' object is not iterable
10-25-2021 09:19:32 ResourceWatchDog ERROR    Finish time lookup for ubuntu94025/eff7e5e0-51b2-4ad3-bbcf-8b64eed8df24 failed. Reason: 'NoneType' object is not iterable
swa 256 800 8 cuda:1 4152
anycost 512 800 4 cuda:1 7280
10-25-2021 09:19:34 ResourceWatchDog ERROR    Finish time lookup for ubuntu94025/6099560e-77b4-4761-9f7d-96f07732f834 failed. Reason: 'NoneType' object is not iterable
10-25-2021 09:19:34 ResourceWatchDog ERROR    Finish time lookup for ubuntu94025/8340b4ec-9441-4421-a133-d35f2a0bc2dd failed. Reason: 'NoneType' object is not iterable
10-25-2021 09:19:34 ResourceWatchDog ERROR    Finish time lookup for ubuntu94025/eff7e5e0-51b2-4ad3-bbcf-8b64eed8df24 failed. Reason: 'NoneType' object is not iterable
10-25-2021 09:19:35 ResourceWatchDog ERROR    Finish time lookup for ubuntu94025/6099560e-77b4-4761-9f7d-96f07732f834 failed. Reason: 'NoneType' object is not iterable
10-25-2021 09:19:35 ResourceWatchDog ERROR    Finish time lookup for ubuntu94025/8340b4ec-9441-4421-a133-d35f2a0bc2dd failed. Reason: 'NoneType' object is not iterable
10-25-2021 09:19:35 ResourceWatchDog ERROR    Finish time lookup for ubuntu94025/eff7e5e0-51b2-4ad3-bbcf-8b64eed8df24 failed. Reason: 'NoneType' object is not iterable
10-25-2021 09:19:37 ResourceWatchDog ERROR    Finish time lookup for ubuntu94025/6099560e-77b4-4761-9f7d-96f07732f834 failed. Reason: 'NoneType' object is not iterable
10-25-2021 09:19:37 ResourceWatchDog ERROR    Finish time lookup for ubuntu94025/8340b4ec-9441-4421-a133-d35f2a0bc2dd failed. Reason: 'NoneType' object is not iterable
10-25-2021 09:19:37 ResourceWatchDog ERROR    Finish time lookup for ubuntu94025/eff7e5e0-51b2-4ad3-bbcf-8b64eed8df24 failed. Reason: 'NoneType' object is not iterable
10-25-2021 09:19:39 ResourceWatchDog ERROR    Finish time lookup for ubuntu94025/6099560e-77b4-4761-9f7d-96f07732f834 failed. Reason: 'NoneType' object is not iterable
10-25-2021 09:19:39 ResourceWatchDog ERROR    Finish time lookup for ubuntu94025/8340b4ec-9441-4421-a133-d35f2a0bc2dd failed. Reason: 'NoneType' object is not iterable
10-25-2021 09:19:39 ResourceWatchDog ERROR    Finish time lookup for ubuntu94025/eff7e5e0-51b2-4ad3-bbcf-8b64eed8df24 failed. Reason: 'NoneType' object is not iterable
10-25-2021 09:19:40 ResourceWatchDog ERROR    Finish time lookup for ubuntu94025/6099560e-77b4-4761-9f7d-96f07732f834 failed. Reason: 'NoneType' object is not iterable
10-25-2021 09:19:40 ResourceWatchDog ERROR    Finish time lookup for ubuntu94025/8340b4ec-9441-4421-a133-d35f2a0bc2dd failed. Reason: 'NoneType' object is not iterable
10-25-2021 09:19:40 ResourceWatchDog ERROR    Finish time lookup for ubuntu94025/eff7e5e0-51b2-4ad3-bbcf-8b64eed8df24 failed. Reason: 'NoneType' object is not iterable
10-25-2021 09:19:42 ResourceWatchDog ERROR    Finish time lookup for ubuntu94025/6099560e-77b4-4761-9f7d-96f07732f834 failed. Reason: 'NoneType' object is not iterable
10-25-2021 09:19:42 ResourceWatchDog ERROR    Finish time lookup for ubuntu94025/eff7e5e0-51b2-4ad3-bbcf-8b64eed8df24 failed. Reason: 'NoneType' object is not iterable
10-25-2021 09:19:44 ResourceWatchDog ERROR    Finish time lookup for ubuntu94025/eff7e5e0-51b2-4ad3-bbcf-8b64eed8df24 failed. Reason: 'NoneType' object is not iterable
10-25-2021 09:19:46 ResourceWatchDog ERROR    Finish time lookup for ubuntu94025/eff7e5e0-51b2-4ad3-bbcf-8b64eed8df24 failed. Reason: 'NoneType' object is not iterable
10-25-2021 09:19:54 ResourceWatchDog ERROR    Finish time lookup for ubuntu94025/00019f4c-ffc2-4099-a7cc-715d8220f5f0 failed. Reason: 'NoneType' object is not iterable
10-25-2021 09:19:56 ResourceWatchDog ERROR    Finish time lookup for ubuntu94025/00019f4c-ffc2-4099-a7cc-715d8220f5f0 failed. Reason: 'NoneType' object is not iterable
10-25-2021 09:19:56 ResourceWatchDog ERROR    Finish time lookup for ubuntu94025/0f3948a9-993a-4012-ab07-3227e486b57f failed. Reason: 'NoneType' object is not iterable
style2 512 800 2 cuda:0 4120
10-25-2021 09:19:58 ResourceWatchDog ERROR    Finish time lookup for ubuntu94025/00019f4c-ffc2-4099-a7cc-715d8220f5f0 failed. Reason: 'NoneType' object is not iterable
10-25-2021 09:19:58 ResourceWatchDog ERROR    Finish time lookup for ubuntu94025/0f3948a9-993a-4012-ab07-3227e486b57f failed. Reason: 'NoneType' object is not iterable
style1 512 400 8 cuda:0 5952
style1 1024 400 1 cuda:0 4064
10-25-2021 09:20:07 ResourceWatchDog ERROR    Finish time lookup for ubuntu94025/25f6eae2-0968-420c-a86d-bd5a6a3e62ad failed. Reason: 'NoneType' object is not iterable
10-25-2021 09:20:07 ResourceWatchDog ERROR    Finish time lookup for ubuntu94025/eb19da1a-6477-436d-8035-9e24aa663ed1 failed. Reason: 'NoneType' object is not iterable
10-25-2021 09:20:09 ResourceWatchDog ERROR    Finish time lookup for ubuntu94025/25f6eae2-0968-420c-a86d-bd5a6a3e62ad failed. Reason: 'NoneType' object is not iterable
10-25-2021 09:20:09 ResourceWatchDog ERROR    Finish time lookup for ubuntu94025/eb19da1a-6477-436d-8035-9e24aa663ed1 failed. Reason: 'NoneType' object is not iterable
10-25-2021 09:20:10 ResourceWatchDog ERROR    Finish time lookup for ubuntu94025/25f6eae2-0968-420c-a86d-bd5a6a3e62ad failed. Reason: 'NoneType' object is not iterable
10-25-2021 09:20:10 ResourceWatchDog ERROR    Finish time lookup for ubuntu94025/eb19da1a-6477-436d-8035-9e24aa663ed1 failed. Reason: 'NoneType' object is not iterable
style2ada 256 400 1 cuda:0 1872
style2ada 512 400 1 cuda:0 2800
10-25-2021 09:20:27 ResourceWatchDog ERROR    Finish time lookup for ubuntu94025/7f46c172-4cbd-48c4-9fe6-641cccd56a6d failed. Reason: 'NoneType' object is not iterable
10-25-2021 09:20:35 ResourceWatchDog ERROR    Finish time lookup for ubuntu94025/b41bcaa2-1870-4cbc-9164-35562a91c6d0 failed. Reason: 'NoneType' object is not iterable
10-25-2021 09:20:36 ResourceWatchDog ERROR    Finish time lookup for ubuntu94025/944ed1ad-4747-46cf-8ca7-1850ce6999ac failed. Reason: 'NoneType' object is not iterable
10-25-2021 09:20:38 ResourceWatchDog ERROR    Finish time lookup for ubuntu94025/944ed1ad-4747-46cf-8ca7-1850ce6999ac failed. Reason: 'NoneType' object is not iterable
mobile 256 800 8 cuda:0 1488
style1 512 800 8 cuda:0 5952
swa 256 100 8 cuda:0 4152
swa 1024 200 4 cuda:0 7632
swa 256 100 8 cuda:0 4152
style1 1024 100 1 cuda:0 4064
10-25-2021 09:21:02 ResourceWatchDog ERROR    Finish time lookup for ubuntu94025/79c3bd96-ba64-4307-bae9-e9f22261eb40 failed. Reason: 'NoneType' object is not iterable
10-25-2021 09:21:04 ResourceWatchDog ERROR    Finish time lookup for ubuntu94025/522ad557-89ce-4551-9a6e-ae02309c3625 failed. Reason: 'NoneType' object is not iterable
10-25-2021 09:21:04 ResourceWatchDog ERROR    Finish time lookup for ubuntu94025/79c3bd96-ba64-4307-bae9-e9f22261eb40 failed. Reason: 'NoneType' object is not iterable
10-25-2021 09:21:04 ResourceWatchDog ERROR    Finish time lookup for ubuntu94025/8cefdf85-eaac-496e-bbb9-c7020f3ba923 failed. Reason: 'NoneType' object is not iterable
10-25-2021 09:21:05 ResourceWatchDog ERROR    Finish time lookup for ubuntu94025/5fa2bb20-dff9-4c50-91f6-3ef0fe130b65 failed. Reason: 'NoneType' object is not iterable
10-25-2021 09:21:05 ResourceWatchDog ERROR    Finish time lookup for ubuntu94025/79c3bd96-ba64-4307-bae9-e9f22261eb40 failed. Reason: 'NoneType' object is not iterable
10-25-2021 09:21:05 ResourceWatchDog ERROR    Finish time lookup for ubuntu94025/8aab4979-6892-4cc0-8968-d695c832a824 failed. Reason: 'NoneType' object is not iterable
10-25-2021 09:21:05 ResourceWatchDog ERROR    Finish time lookup for ubuntu94025/8cefdf85-eaac-496e-bbb9-c7020f3ba923 failed. Reason: 'NoneType' object is not iterable
10-25-2021 09:21:05 ResourceWatchDog ERROR    Finish time lookup for ubuntu94025/d33345b3-68f9-4e47-8912-c7ca6c7aa6c5 failed. Reason: 'NoneType' object is not iterable
10-25-2021 09:21:07 ResourceWatchDog ERROR    Finish time lookup for ubuntu94025/5fa2bb20-dff9-4c50-91f6-3ef0fe130b65 failed. Reason: 'NoneType' object is not iterable
10-25-2021 09:21:07 ResourceWatchDog ERROR    Finish time lookup for ubuntu94025/79c3bd96-ba64-4307-bae9-e9f22261eb40 failed. Reason: 'NoneType' object is not iterable
10-25-2021 09:21:07 ResourceWatchDog ERROR    Finish time lookup for ubuntu94025/d33345b3-68f9-4e47-8912-c7ca6c7aa6c5 failed. Reason: 'NoneType' object is not iterable
mobile 512 200 2 cuda:0 1520
anycost 256 200 1 cuda:0 1760
style2 256 200 1 cuda:0 1736
10-25-2021 09:21:09 ResourceWatchDog ERROR    Finish time lookup for ubuntu94025/5fa2bb20-dff9-4c50-91f6-3ef0fe130b65 failed. Reason: 'NoneType' object is not iterable
10-25-2021 09:21:09 ResourceWatchDog ERROR    Finish time lookup for ubuntu94025/d33345b3-68f9-4e47-8912-c7ca6c7aa6c5 failed. Reason: 'NoneType' object is not iterable
10-25-2021 09:21:11 ResourceWatchDog ERROR    Finish time lookup for ubuntu94025/d33345b3-68f9-4e47-8912-c7ca6c7aa6c5 failed. Reason: 'NoneType' object is not iterable
style1 256 200 8 cuda:1 2008
swa 512 100 4 cuda:1 4240
swa 256 400 8 cuda:1 4152
style2ada 256 800 4 cuda:1 4640
style2ada 1024 800 1 cuda:1 4760
style1 512 100 4 cuda:1 3512
10-25-2021 09:21:29 ResourceWatchDog ERROR    Finish time lookup for ubuntu94025/764b269e-efd0-4a3d-b2c3-1f588d543717 failed. Reason: 'NoneType' object is not iterable
10-25-2021 09:21:29 ResourceWatchDog ERROR    Finish time lookup for ubuntu94025/eade9e4d-3124-445d-9c87-8ebcdbf42540 failed. Reason: 'NoneType' object is not iterable
10-25-2021 09:21:31 ResourceWatchDog ERROR    Finish time lookup for ubuntu94025/764b269e-efd0-4a3d-b2c3-1f588d543717 failed. Reason: 'NoneType' object is not iterable
10-25-2021 09:21:31 ResourceWatchDog ERROR    Finish time lookup for ubuntu94025/b1a1e965-049a-47d8-9e51-5078163c3926 failed. Reason: 'NoneType' object is not iterable
10-25-2021 09:21:31 ResourceWatchDog ERROR    Finish time lookup for ubuntu94025/eade9e4d-3124-445d-9c87-8ebcdbf42540 failed. Reason: 'NoneType' object is not iterable
10-25-2021 09:21:33 ResourceWatchDog ERROR    Finish time lookup for ubuntu94025/764b269e-efd0-4a3d-b2c3-1f588d543717 failed. Reason: 'NoneType' object is not iterable
10-25-2021 09:21:33 ResourceWatchDog ERROR    Finish time lookup for ubuntu94025/b1a1e965-049a-47d8-9e51-5078163c3926 failed. Reason: 'NoneType' object is not iterable
10-25-2021 09:21:33 ResourceWatchDog ERROR    Finish time lookup for ubuntu94025/eade9e4d-3124-445d-9c87-8ebcdbf42540 failed. Reason: 'NoneType' object is not iterable
10-25-2021 09:21:35 ResourceWatchDog ERROR    Finish time lookup for ubuntu94025/764b269e-efd0-4a3d-b2c3-1f588d543717 failed. Reason: 'NoneType' object is not iterable
10-25-2021 09:21:35 ResourceWatchDog ERROR    Finish time lookup for ubuntu94025/8c69071c-49e0-4cc2-85a6-69bf52ccb0fe failed. Reason: 'NoneType' object is not iterable
10-25-2021 09:21:35 ResourceWatchDog ERROR    Finish time lookup for ubuntu94025/b1a1e965-049a-47d8-9e51-5078163c3926 failed. Reason: 'NoneType' object is not iterable
10-25-2021 09:21:35 ResourceWatchDog ERROR    Finish time lookup for ubuntu94025/d4397455-032c-4ad4-82ce-6a7b9343d21b failed. Reason: 'NoneType' object is not iterable
mobile 1024 800 2 cuda:1 5232
10-25-2021 09:21:36 ResourceWatchDog ERROR    Finish time lookup for ubuntu94025/07030d5b-49d6-49d2-8864-da90a4a19cb0 failed. Reason: 'NoneType' object is not iterable
10-25-2021 09:21:36 ResourceWatchDog ERROR    Finish time lookup for ubuntu94025/764b269e-efd0-4a3d-b2c3-1f588d543717 failed. Reason: 'NoneType' object is not iterable
10-25-2021 09:21:36 ResourceWatchDog ERROR    Finish time lookup for ubuntu94025/9fda5dad-6afb-45d3-8963-5d9be7f0a061 failed. Reason: 'NoneType' object is not iterable
10-25-2021 09:21:36 ResourceWatchDog ERROR    Finish time lookup for ubuntu94025/b1a1e965-049a-47d8-9e51-5078163c3926 failed. Reason: 'NoneType' object is not iterable
10-25-2021 09:21:36 ResourceWatchDog ERROR    Finish time lookup for ubuntu94025/d4397455-032c-4ad4-82ce-6a7b9343d21b failed. Reason: 'NoneType' object is not iterable
10-25-2021 09:21:38 ResourceWatchDog ERROR    Finish time lookup for ubuntu94025/07030d5b-49d6-49d2-8864-da90a4a19cb0 failed. Reason: 'NoneType' object is not iterable
10-25-2021 09:21:38 ResourceWatchDog ERROR    Finish time lookup for ubuntu94025/9fda5dad-6afb-45d3-8963-5d9be7f0a061 failed. Reason: 'NoneType' object is not iterable
10-25-2021 09:21:38 ResourceWatchDog ERROR    Finish time lookup for ubuntu94025/b1a1e965-049a-47d8-9e51-5078163c3926 failed. Reason: 'NoneType' object is not iterable
10-25-2021 09:21:38 ResourceWatchDog ERROR    Finish time lookup for ubuntu94025/d4397455-032c-4ad4-82ce-6a7b9343d21b failed. Reason: 'NoneType' object is not iterable
10-25-2021 09:21:38 ResourceWatchDog ERROR    Finish time lookup for ubuntu94025/e9cb7d42-b33e-4914-a646-45dd141a62f1 failed. Reason: 'NoneType' object is not iterable
10-25-2021 09:21:40 ResourceWatchDog ERROR    Finish time lookup for ubuntu94025/07030d5b-49d6-49d2-8864-da90a4a19cb0 failed. Reason: 'NoneType' object is not iterable
10-25-2021 09:21:40 ResourceWatchDog ERROR    Finish time lookup for ubuntu94025/9fda5dad-6afb-45d3-8963-5d9be7f0a061 failed. Reason: 'NoneType' object is not iterable
10-25-2021 09:21:40 ResourceWatchDog ERROR    Finish time lookup for ubuntu94025/d4397455-032c-4ad4-82ce-6a7b9343d21b failed. Reason: 'NoneType' object is not iterable
10-25-2021 09:21:40 ResourceWatchDog ERROR    Finish time lookup for ubuntu94025/e9cb7d42-b33e-4914-a646-45dd141a62f1 failed. Reason: 'NoneType' object is not iterable
style2 256 400 4 cuda:1 4152
10-25-2021 09:21:42 ResourceWatchDog ERROR    Finish time lookup for ubuntu94025/07030d5b-49d6-49d2-8864-da90a4a19cb0 failed. Reason: 'NoneType' object is not iterable
10-25-2021 09:21:42 ResourceWatchDog ERROR    Finish time lookup for ubuntu94025/9fda5dad-6afb-45d3-8963-5d9be7f0a061 failed. Reason: 'NoneType' object is not iterable
10-25-2021 09:21:42 ResourceWatchDog ERROR    Finish time lookup for ubuntu94025/d4397455-032c-4ad4-82ce-6a7b9343d21b failed. Reason: 'NoneType' object is not iterable
10-25-2021 09:21:42 ResourceWatchDog ERROR    Finish time lookup for ubuntu94025/e9cb7d42-b33e-4914-a646-45dd141a62f1 failed. Reason: 'NoneType' object is not iterable
10-25-2021 09:21:44 ResourceWatchDog ERROR    Finish time lookup for ubuntu94025/0f5e57f7-7992-47ff-82c1-9972896b78c9 failed. Reason: 'NoneType' object is not iterable
10-25-2021 09:21:44 ResourceWatchDog ERROR    Finish time lookup for ubuntu94025/9fda5dad-6afb-45d3-8963-5d9be7f0a061 failed. Reason: 'NoneType' object is not iterable
10-25-2021 09:21:44 ResourceWatchDog ERROR    Finish time lookup for ubuntu94025/d4397455-032c-4ad4-82ce-6a7b9343d21b failed. Reason: 'NoneType' object is not iterable
10-25-2021 09:21:46 ResourceWatchDog ERROR    Finish time lookup for ubuntu94025/0f5e57f7-7992-47ff-82c1-9972896b78c9 failed. Reason: 'NoneType' object is not iterable
10-25-2021 09:21:46 ResourceWatchDog ERROR    Finish time lookup for ubuntu94025/d4397455-032c-4ad4-82ce-6a7b9343d21b failed. Reason: 'NoneType' object is not iterable
style2 256 400 4 cuda:1 4152
10-25-2021 09:21:48 ResourceWatchDog ERROR    Finish time lookup for ubuntu94025/0f5e57f7-7992-47ff-82c1-9972896b78c9 failed. Reason: 'NoneType' object is not iterable
mobile 512 800 2 cuda:1 1520
mobile 1024 200 2 cuda:0 5232
10-25-2021 09:22:02 ResourceWatchDog ERROR    Finish time lookup for ubuntu94025/cab880cb-caf0-40b4-a718-63a1a83b1735 failed. Reason: 'NoneType' object is not iterable
10-25-2021 09:22:04 ResourceWatchDog ERROR    Finish time lookup for ubuntu94025/cab880cb-caf0-40b4-a718-63a1a83b1735 failed. Reason: 'NoneType' object is not iterable
10-25-2021 09:22:05 ResourceWatchDog ERROR    Finish time lookup for ubuntu94025/cab880cb-caf0-40b4-a718-63a1a83b1735 failed. Reason: 'NoneType' object is not iterable
10-25-2021 09:22:05 ResourceWatchDog ERROR    Finish time lookup for ubuntu94025/d9980cfe-bd70-495a-a4f3-e187e7a89986 failed. Reason: 'NoneType' object is not iterable
10-25-2021 09:22:07 ResourceWatchDog ERROR    Finish time lookup for ubuntu94025/2b7f47bf-fb28-4dc7-9602-5af1daa2399e failed. Reason: 'NoneType' object is not iterable
10-25-2021 09:22:07 ResourceWatchDog ERROR    Finish time lookup for ubuntu94025/d9980cfe-bd70-495a-a4f3-e187e7a89986 failed. Reason: 'NoneType' object is not iterable
mobile 1024 200 1 cuda:0 2800
10-25-2021 09:22:09 ResourceWatchDog ERROR    Finish time lookup for ubuntu94025/25c35cda-36fd-47e4-8712-20272baaaa1c failed. Reason: 'NoneType' object is not iterable
10-25-2021 09:22:09 ResourceWatchDog ERROR    Finish time lookup for ubuntu94025/2b7f47bf-fb28-4dc7-9602-5af1daa2399e failed. Reason: 'NoneType' object is not iterable
10-25-2021 09:22:09 ResourceWatchDog ERROR    Finish time lookup for ubuntu94025/d9980cfe-bd70-495a-a4f3-e187e7a89986 failed. Reason: 'NoneType' object is not iterable
10-25-2021 09:22:11 ResourceWatchDog ERROR    Finish time lookup for ubuntu94025/25c35cda-36fd-47e4-8712-20272baaaa1c failed. Reason: 'NoneType' object is not iterable
10-25-2021 09:22:11 ResourceWatchDog ERROR    Finish time lookup for ubuntu94025/2b7f47bf-fb28-4dc7-9602-5af1daa2399e failed. Reason: 'NoneType' object is not iterable
10-25-2021 09:22:11 ResourceWatchDog ERROR    Finish time lookup for ubuntu94025/ba5b0d0e-67e4-459e-9729-a2eb26ef8ac0 failed. Reason: 'NoneType' object is not iterable
10-25-2021 09:22:11 ResourceWatchDog ERROR    Finish time lookup for ubuntu94025/d9980cfe-bd70-495a-a4f3-e187e7a89986 failed. Reason: 'NoneType' object is not iterable
10-25-2021 09:22:13 ResourceWatchDog ERROR    Finish time lookup for ubuntu94025/25c35cda-36fd-47e4-8712-20272baaaa1c failed. Reason: 'NoneType' object is not iterable
10-25-2021 09:22:13 ResourceWatchDog ERROR    Finish time lookup for ubuntu94025/2b7f47bf-fb28-4dc7-9602-5af1daa2399e failed. Reason: 'NoneType' object is not iterable
10-25-2021 09:22:13 ResourceWatchDog ERROR    Finish time lookup for ubuntu94025/ba5b0d0e-67e4-459e-9729-a2eb26ef8ac0 failed. Reason: 'NoneType' object is not iterable
10-25-2021 09:22:13 ResourceWatchDog ERROR    Finish time lookup for ubuntu94025/d9980cfe-bd70-495a-a4f3-e187e7a89986 failed. Reason: 'NoneType' object is not iterable
mobile 256 200 2 cuda:0 576
mobile 256 400 2 cuda:0 576
10-25-2021 09:22:15 ResourceWatchDog ERROR    Finish time lookup for ubuntu94025/25c35cda-36fd-47e4-8712-20272baaaa1c failed. Reason: 'NoneType' object is not iterable
10-25-2021 09:22:15 ResourceWatchDog ERROR    Finish time lookup for ubuntu94025/2b7f47bf-fb28-4dc7-9602-5af1daa2399e failed. Reason: 'NoneType' object is not iterable
10-25-2021 09:22:15 ResourceWatchDog ERROR    Finish time lookup for ubuntu94025/ba5b0d0e-67e4-459e-9729-a2eb26ef8ac0 failed. Reason: 'NoneType' object is not iterable
10-25-2021 09:22:17 ResourceWatchDog ERROR    Finish time lookup for ubuntu94025/25c35cda-36fd-47e4-8712-20272baaaa1c failed. Reason: 'NoneType' object is not iterable
10-25-2021 09:22:17 ResourceWatchDog ERROR    Finish time lookup for ubuntu94025/2b7f47bf-fb28-4dc7-9602-5af1daa2399e failed. Reason: 'NoneType' object is not iterable
10-25-2021 09:22:19 ResourceWatchDog ERROR    Finish time lookup for ubuntu94025/25c35cda-36fd-47e4-8712-20272baaaa1c failed. Reason: 'NoneType' object is not iterable
10-25-2021 09:22:19 ResourceWatchDog ERROR    Finish time lookup for ubuntu94025/2b7f47bf-fb28-4dc7-9602-5af1daa2399e failed. Reason: 'NoneType' object is not iterable
style1 1024 200 2 cuda:0 6512
10-25-2021 09:22:21 ResourceWatchDog ERROR    Finish time lookup for ubuntu94025/2b7f47bf-fb28-4dc7-9602-5af1daa2399e failed. Reason: 'NoneType' object is not iterable
mobile 1024 100 2 cuda:0 5232
10-25-2021 09:22:31 ResourceWatchDog ERROR    Finish time lookup for ubuntu94025/b2416ebb-037e-4d7c-8146-cd3f62584ba2 failed. Reason: 'NoneType' object is not iterable
10-25-2021 09:22:33 ResourceWatchDog ERROR    Finish time lookup for ubuntu94025/b2416ebb-037e-4d7c-8146-cd3f62584ba2 failed. Reason: 'NoneType' object is not iterable
10-25-2021 09:22:36 ResourceWatchDog ERROR    Finish time lookup for ubuntu94025/b2416ebb-037e-4d7c-8146-cd3f62584ba2 failed. Reason: 'NoneType' object is not iterable
10-25-2021 09:22:38 ResourceWatchDog ERROR    Finish time lookup for ubuntu94025/3fb2e014-553d-4e9f-bce0-9d30ab4f680f failed. Reason: 'NoneType' object is not iterable
10-25-2021 09:22:38 ResourceWatchDog ERROR    Finish time lookup for ubuntu94025/5d45df24-ac3e-4567-b358-9f814097e412 failed. Reason: 'NoneType' object is not iterable
10-25-2021 09:22:38 ResourceWatchDog ERROR    Finish time lookup for ubuntu94025/b2416ebb-037e-4d7c-8146-cd3f62584ba2 failed. Reason: 'NoneType' object is not iterable
10-25-2021 09:22:38 ResourceWatchDog ERROR    Finish time lookup for ubuntu94025/c29a040e-1770-4796-92de-e137c7712327 failed. Reason: 'NoneType' object is not iterable




10-25-2021 09:22:40 ResourceWatchDog ERROR    Finish time lookup for ubuntu94025/11ca1f04-bdd1-4cb9-be18-f25f7232ac2e failed. Reason: 'NoneType' object is not iterable
10-25-2021 09:22:40 ResourceWatchDog ERROR    Finish time lookup for ubuntu94025/3fb2e014-553d-4e9f-bce0-9d30ab4f680f failed. Reason: 'NoneType' object is not iterable
10-25-2021 09:22:40 ResourceWatchDog ERROR    Finish time lookup for ubuntu94025/5d45df24-ac3e-4567-b358-9f814097e412 failed. Reason: 'NoneType' object is not iterable
10-25-2021 09:22:40 ResourceWatchDog ERROR    Finish time lookup for ubuntu94025/b2416ebb-037e-4d7c-8146-cd3f62584ba2 failed. Reason: 'NoneType' object is not iterable
10-25-2021 09:22:40 ResourceWatchDog ERROR    Finish time lookup for ubuntu94025/c29a040e-1770-4796-92de-e137c7712327 failed. Reason: 'NoneType' object is not iterable
task_info={UUID('442a16f6-dad7-46d3-8d97-849a0e038383'): ('swa', 1024, 'random', 200, 'cuda:0', 8, 1), UUID('b3c6977e-60cd-4020-ac2b-a820ea49d744'): ('style2', 256, 'random', 800, 'cuda:1', 8, 1), UUID('79fefe52-f916-46c1-9ab9-e62631fa3917'): ('anycost', 1024, 'random', 100, 'cuda:1', 2, 1), UUID('771a1508-1659-44a0-a89e-439292b58c5f'): ('stylemap', 512, 'random', 400, 'cuda:0', 2, 1), UUID('d96700b1-602f-4047-b18e-ad73eb72b1c0'): ('style2', 256, 'random', 800, 'cuda:1', 8, 1), UUID('9d2a82e6-799c-44a8-8340-de8f0b8380dd'): ('style2ada', 1024, 'interpolation', 200, 'cuda:0', 4, 1), UUID('282b9044-5cc9-4cc1-9314-2429d1366f98'): ('style2ada', 256, 'interpolation', 100, 'cuda:0', 8, 1), UUID('344d9a20-e76e-42a1-9a36-6a854cb7a945'): ('mobile', 1024, 'interpolation', 100, 'cuda:0', 4, 1), UUID('7716e1c6-5898-494b-b79f-5e9d7636bd0b'): ('stylemap', 1024, 'random', 800, 'cuda:0', 1, 1), UUID('f6b2575f-4043-461b-84c2-5d3f4db6da38'): ('swa', 256, 'interpolation', 200, 'cuda:0', 8, 1), UUID('4a4c4353-b0dd-40c9-9f3a-48d31eae9c43'): ('style2', 256, 'interpolation', 800, 'cuda:0', 8, 1), UUID('b29a0728-cb90-4b1f-bbc8-a3b0fba50889'): ('stylemap', 1024, 'random', 800, -1, -1, 1), UUID('e00c92c8-15a0-44f7-94eb-f08c1a6a97be'): ('mobile', 1024, 'interpolation', 800, 'cuda:0', 2, 1), UUID('ba66c349-26ed-4e27-9d5f-e913a5631c2c'): ('style2ada', 256, 'interpolation', 800, 'cuda:0', 8, 1), UUID('911eb423-e3ff-4e1e-88f5-9b94c2eb223b'): ('swa', 512, 'interpolation', 100, 'cuda:0', 8, 1), UUID('b2894f1a-2451-47a5-9f6c-45e4095646e7'): ('swa', 1024, 'interpolation', 800, 'cuda:1', 4, 1), UUID('e7e63c48-f7a3-4165-8351-23e3d9d1d799'): ('style1', 1024, 'interpolation', 200, 'cuda:1', 2, 1), UUID('5a658c68-ce63-445d-9ac4-8c380b1ed272'): ('swa', 256, 'random', 400, 'cuda:1', 8, 1), UUID('a929878b-3306-48cb-bf81-55acb5b19597'): ('stylemap', 512, 'random', 400, -1, -1, 1), UUID('38fdd814-e57d-47b8-97fe-b59320d9f82b'): ('swa', 1024, 'random', 100, 'cuda:1', 2, 1), UUID('bdd4762e-81ca-470c-aac0-7a048823205a'): ('stylemap', 1024, 'random', 400, -1, -1, 1), UUID('584d5511-b730-487c-890d-0bcceb09f3b2'): ('mobile', 1024, 'interpolation', 800, 'cuda:1', 2, 1), UUID('e75a1da0-5e3d-45e0-a56e-0ca1827d4e1d'): ('style2', 256, 'random', 400, 'cuda:1', 4, 1), UUID('4908064e-982a-4455-ad40-c2b0d52b18b3'): ('anycost', 1024, 'random', 800, 'cuda:1', 1, 1), UUID('93bca385-96af-4fdc-997c-3d0160283078'): ('stylemap', 512, 'random', 100, -1, -1, 1), UUID('aa143477-c412-4525-a988-e3122ee6d348'): ('swa', 1024, 'random', 400, -1, -1, 1), UUID('1f12e33b-ae01-4816-80c3-a92640c72f5b'): ('style2', 512, 'interpolation', 200, -1, -1, 1), UUID('b946e0bb-580f-49e7-aa41-f4972337bf6f'): ('swa', 256, 'random', 200, 'cuda:0', 4, 1), UUID('3f898d1c-cc1c-400a-886e-c5d20869d62b'): ('style2ada', 1024, 'interpolation', 100, -1, -1, 1), UUID('89344d7b-d977-4ae8-ada0-4e6321834202'): ('swa', 1024, 'random', 800, 'cuda:0', 4, 1), UUID('72931cfb-8eb6-442f-91c0-3300ff52b4ac'): ('anycost', 1024, 'interpolation', 100, 'cuda:0', 2, 1), UUID('53ad60aa-7830-4ef8-ab09-1e6f973d1dc1'): ('mobile', 512, 'random', 400, 'cuda:0', 8, 1), UUID('f2ab26f0-cd24-4677-b711-bb178137f6c6'): ('style1', 512, 'random', 200, 'cuda:0', 8, 1), UUID('ad6d5b75-b17f-43cb-8d20-c37afaa2ffdc'): ('style2ada', 256, 'random', 400, 'cuda:0', 4, 1), UUID('d948d5c0-332d-434e-85ee-7b3d4ccdb07f'): ('style2', 256, 'interpolation', 800, 'cuda:0', 4, 1), UUID('3785b6db-4d33-4588-a72d-8eb642103386'): ('stylemap', 1024, 'random', 100, -1, -1, 1), UUID('ea84ea68-cf6d-40bf-bc77-af73bf51fc30'): ('stylemap', 1024, 'interpolation', 200, -1, -1, 1), UUID('0dd6b522-33ae-4b69-b486-823616a14956'): ('mobile', 1024, 'random', 200, -1, -1, 1), UUID('2bff724d-b6e5-491f-82e1-c1b3d268f220'): ('style1', 1024, 'random', 200, 'cuda:0', 2, 1), UUID('66dfb8bb-2ebf-4a96-8cf7-39cb640c4822'): ('anycost', 256, 'random', 100, 'cuda:0', 8, 1), UUID('a8638bc3-b8ea-4b98-8dec-4e641c747dac'): ('anycost', 1024, 'random', 100, -1, -1, 1), UUID('0c27c001-64c5-4dc0-8074-6464b7947a3f'): ('mobile', 512, 'random', 800, 'cuda:1', 4, 1), UUID('e8e82463-7c6e-4dfe-874c-974b2b16ab13'): ('style2ada', 512, 'random', 100, 'cuda:1', 1, 1), UUID('9479c1a0-6f2f-4105-88c8-e60bd6848faf'): ('swa', 1024, 'interpolation', 800, 'cuda:1', 1, 1), UUID('3ef1f4fd-eca7-47ab-bbfe-74acc696d2fc'): ('stylemap', 256, 'random', 400, -1, -1, 1), UUID('cd9b21bc-6179-493b-94b5-df7a34fe18ac'): ('style2', 256, 'random', 100, 'cuda:1', 2, 1), UUID('13406069-3e95-4c9c-ac4e-551e11559f19'): ('style2', 512, 'random', 400, 'cuda:1', 1, 1), UUID('51e208d6-a0f7-4660-ab2c-005a94e4e68e'): ('mobile', 256, 'random', 400, 'cuda:1', 8, 1), UUID('7a127c47-838c-4733-acef-52fee8ba714d'): ('anycost', 256, 'random', 400, 'cuda:0', 8, 1), UUID('9b1f90e1-5059-498c-823b-4c6df517dd2b'): ('mobile', 512, 'interpolation', 800, 'cuda:0', 8, 1), UUID('a81f8877-f800-4e01-9a64-8b5fc66ce663'): ('anycost', 1024, 'interpolation', 100, 'cuda:0', 2, 1), UUID('d44962fa-a2a4-4b05-b494-4e3957e852c6'): ('style2ada', 512, 'random', 200, 'cuda:0', 1, 1), UUID('fcdc9fc3-194b-471e-99b0-0725e075c2f4'): ('style2ada', 512, 'random', 800, 'cuda:0', 2, 1), UUID('473d6470-3f4f-48d1-8114-10b478cd6989'): ('anycost', 512, 'interpolation', 800, 'cuda:1', 2, 1), UUID('70cccbdd-8983-43b4-937a-964f2b04a7fb'): ('swa', 512, 'interpolation', 100, 'cuda:1', 4, 1), UUID('64ed3725-51dc-4698-b703-d3979f6daf5a'): ('style2', 256, 'random', 800, 'cuda:0', 8, 1), UUID('b7144ace-7cd4-48be-bc64-b82eb0832324'): ('anycost', 512, 'interpolation', 400, 'cuda:0', 4, 1), UUID('46923459-9b5b-41b9-ac7a-91bc91134422'): ('stylemap', 512, 'interpolation', 100, 'cuda:0', 1, 1), UUID('c0faa8b3-d2dc-47c7-93b1-1f57353416b4'): ('mobile', 256, 'random', 200, 'cuda:1', 8, 1), UUID('f105891f-84b9-4521-b3b7-303b01501dd2'): ('swa', 256, 'interpolation', 800, 'cuda:0', 8, 1), UUID('cc1bcc22-87a7-4382-a055-2ba808e69780'): ('mobile', 512, 'interpolation', 800, 'cuda:0', 8, 1), UUID('ccd8b139-e7fb-46fe-898e-7669874c9eed'): ('stylemap', 512, 'interpolation', 400, -1, -1, 1), UUID('79a3aa0c-1e0c-487f-91e9-93f79198dc4e'): ('mobile', 1024, 'interpolation', 200, 'cuda:0', 1, 1), UUID('97125d4a-10d3-4168-85cb-d199b7c3e5d7'): ('style2ada', 1024, 'random', 800, -1, -1, 1), UUID('11e17c60-fe13-4cc1-99c6-dbd4876becb3'): ('mobile', 512, 'random', 100, 'cuda:0', 1, 1), UUID('77c6eada-71eb-4c6d-bc7e-3e91b4571154'): ('mobile', 1024, 'random', 400, 'cuda:0', 1, 1), UUID('589436a5-90c6-46fa-9a10-489e37a17d3b'): ('anycost', 256, 'random', 100, 'cuda:1', 2, 1), UUID('da11fc5c-26a3-4fdb-b0dc-8293f31f7e51'): ('style1', 512, 'random', 800, 'cuda:0', 4, 1), UUID('b68692b5-1b8a-4e7b-b657-c386f6985d26'): ('swa', 1024, 'interpolation', 800, 'cuda:0', 1, 1), UUID('99fc8d6a-e95f-4862-bcdf-860b93b7798d'): ('style2', 1024, 'interpolation', 100, -1, -1, 1), UUID('c42b64bb-3a34-4769-a10b-64441942ba16'): ('mobile', 512, 'random', 800, 'cuda:0', 4, 1), UUID('7fe25770-230c-4dcb-8add-d8d455973d23'): ('style1', 512, 'interpolation', 100, 'cuda:1', 2, 1), UUID('2610319c-4da0-4a31-91f1-c6ba78ff8079'): ('anycost', 1024, 'random', 100, -1, -1, 1), UUID('5bf0a6a2-0958-450b-9aa7-bebd8ef9a146'): ('style1', 256, 'interpolation', 200, 'cuda:1', 8, 1), UUID('5b992226-53c9-463b-a8fb-330438f235c6'): ('anycost', 256, 'interpolation', 200, 'cuda:1', 2, 1), UUID('f03de856-040b-4044-82e7-ebe1303fc6cb'): ('stylemap', 512, 'interpolation', 100, -1, -1, 1), UUID('adcfb231-2490-4689-815c-16a217280796'): ('anycost', 512, 'interpolation', 800, 'cuda:0', 2, 1), UUID('5131147f-6fe5-49c2-9366-541354f54bc5'): ('style2ada', 256, 'interpolation', 800, 'cuda:0', 4, 1), UUID('2f08dadf-f2eb-4c78-8c4c-5d0fa666d8a6'): ('mobile', 512, 'random', 100, 'cuda:0', 8, 1), UUID('1d21b6ac-4661-49fb-acb5-79bb4a02a6e9'): ('style2', 512, 'random', 100, 'cuda:0', 2, 1), UUID('8c0dfa5d-6a71-497d-8468-4799acdc77bf'): ('anycost', 512, 'random', 400, 'cuda:0', 1, 1), UUID('7ae37986-9968-448f-a586-b66b2ba81c51'): ('swa', 512, 'interpolation', 100, 'cuda:0', 8, 1), UUID('468f828a-1378-4e98-aa89-1875502d1507'): ('stylemap', 512, 'random', 100, -1, -1, 1), UUID('82d5b72e-de8c-4cbc-8d6d-2a8d9ff2bc60'): ('stylemap', 1024, 'interpolation', 200, -1, -1, 1), UUID('4da1b523-0810-42b8-9dca-4430caab9384'): ('stylemap', 256, 'interpolation', 200, 'cuda:1', 2, 1), UUID('9c358784-a94e-4bf9-8959-1fcc68229eed'): ('style2', 512, 'random', 400, 'cuda:1', 4, 1), UUID('ac1b7c63-889d-4948-a480-7b8d7d90b733'): ('style2', 512, 'random', 400, 'cuda:1', 4, 1), UUID('e7c829c3-d819-434f-aa3e-3b8001f6dd24'): ('stylemap', 256, 'interpolation', 400, 'cuda:1', 2, 1), UUID('5454f99f-119f-42ad-8d87-a4c8ee8d7d19'): ('stylemap', 1024, 'random', 400, -1, -1, 1), UUID('ddf973af-27e3-41c7-afab-d121bc460cfa'): ('stylemap', 256, 'interpolation', 800, 'cuda:1', 2, 1), UUID('5535f3f8-486e-4612-8d7e-6df05c3e4bfa'): ('stylemap', 256, 'interpolation', 800, 'cuda:1', 2, 1), UUID('674e851c-f10c-4a33-9bef-4c599bacba8e'): ('style1', 256, 'interpolation', 200, 'cuda:1', 8, 1), UUID('6962c718-133e-4237-80dd-e3c609482982'): ('anycost', 1024, 'interpolation', 200, 'cuda:1', 1, 1), UUID('35aec603-0b98-4b0f-818d-f8278705b8ab'): ('mobile', 512, 'interpolation', 100, 'cuda:0', 4, 1), UUID('3a6511df-9457-4c3c-b9d0-cd440d2979f5'): ('style2ada', 256, 'random', 200, 'cuda:0', 2, 1), UUID('956662de-a1ba-43b1-8d52-ed2539afe4eb'): ('style1', 256, 'random', 200, 'cuda:0', 4, 1), UUID('83e0ff42-419e-4d9a-8fef-d0f7aec425e4'): ('swa', 1024, 'interpolation', 200, -1, -1, 1), UUID('bf1b62e1-a752-46b6-8b93-0ef8252ff412'): ('style1', 256, 'random', 800, 'cuda:0', 4, 1), UUID('4988e2ef-3511-42d4-bf22-b498828bb08f'): ('stylemap', 256, 'random', 400, -1, -1, 1), UUID('3c560bda-4b15-43c9-868e-2e0f7200bf9c'): ('stylemap', 256, 'random', 200, -1, -1, 1), UUID('6099560e-77b4-4761-9f7d-96f07732f834'): ('swa', 512, 'interpolation', 800, 'cuda:0', 1, 1), UUID('eff7e5e0-51b2-4ad3-bbcf-8b64eed8df24'): ('swa', 512, 'random', 200, 'cuda:1', 4, 1), UUID('8340b4ec-9441-4421-a133-d35f2a0bc2dd'): ('style1', 512, 'random', 400, 'cuda:1', 4, 1), UUID('00019f4c-ffc2-4099-a7cc-715d8220f5f0'): ('swa', 256, 'interpolation', 800, 'cuda:1', 8, 1), UUID('0f3948a9-993a-4012-ab07-3227e486b57f'): ('anycost', 512, 'interpolation', 800, 'cuda:1', 4, 1), UUID('75a1ef3a-5977-4070-a893-094eb1e128ca'): ('style2', 1024, 'interpolation', 100, -1, -1, 1), UUID('9b1dfbf8-343d-409e-92d4-47e1a31b0cc2'): ('style2ada', 1024, 'interpolation', 800, -1, -1, 1), UUID('25f6eae2-0968-420c-a86d-bd5a6a3e62ad'): ('style2', 512, 'interpolation', 800, 'cuda:0', 2, 1), UUID('eb19da1a-6477-436d-8035-9e24aa663ed1'): ('style1', 512, 'interpolation', 400, 'cuda:0', 8, 1), UUID('7f46c172-4cbd-48c4-9fe6-641cccd56a6d'): ('style1', 1024, 'random', 400, 'cuda:0', 1, 1), UUID('1105bc4c-45b3-4ff6-beac-36c6b23716ee'): ('anycost', 1024, 'random', 100, -1, -1, 1), UUID('9e0086ae-b233-468a-b105-c7bdfb125ded'): ('style1', 1024, 'random', 100, -1, -1, 1), UUID('96ad88c8-42e9-4375-87f9-57251a046102'): ('stylemap', 256, 'random', 100, -1, -1, 1), UUID('b41bcaa2-1870-4cbc-9164-35562a91c6d0'): ('style2ada', 256, 'interpolation', 400, 'cuda:0', 1, 1), UUID('98ff127c-94e4-4583-9e82-302b34f4568f'): ('swa', 1024, 'random', 200, -1, -1, 1), UUID('944ed1ad-4747-46cf-8ca7-1850ce6999ac'): ('style2ada', 512, 'interpolation', 400, 'cuda:0', 1, 1), UUID('c94eaeac-b821-4102-8e7a-7bc01ebf31ce'): ('style2', 256, 'random', 400, -1, -1, 1), UUID('69d228ca-7fb2-4428-8da2-1eb142975a88'): ('mobile', 1024, 'random', 200, -1, -1, 1), UUID('cb3b9d1d-9104-4a35-9f2d-6774da7923d9'): ('stylemap', 1024, 'interpolation', 800, -1, -1, 1), UUID('79c3bd96-ba64-4307-bae9-e9f22261eb40'): ('mobile', 256, 'interpolation', 800, 'cuda:0', 8, 1), UUID('522ad557-89ce-4551-9a6e-ae02309c3625'): ('swa', 256, 'random', 100, 'cuda:0', 8, 1), UUID('8cefdf85-eaac-496e-bbb9-c7020f3ba923'): ('style1', 512, 'interpolation', 800, 'cuda:0', 8, 1), UUID('8aab4979-6892-4cc0-8968-d695c832a824'): ('swa', 1024, 'random', 200, 'cuda:0', 4, 1), UUID('5fa2bb20-dff9-4c50-91f6-3ef0fe130b65'): ('swa', 256, 'interpolation', 100, 'cuda:0', 8, 1), UUID('d33345b3-68f9-4e47-8912-c7ca6c7aa6c5'): ('style1', 1024, 'interpolation', 100, 'cuda:0', 1, 1), UUID('f4812e9a-8e97-43f7-9d31-1dd457c67557'): ('swa', 1024, 'random', 200, -1, -1, 1), UUID('f85a58c5-3a0c-4063-9d3c-d9b9eca14ed3'): ('stylemap', 1024, 'random', 100, -1, -1, 1), UUID('6ae34034-6074-4bda-822a-e479e7cd5a5e'): ('style2ada', 512, 'random', 800, -1, -1, 1), UUID('eade9e4d-3124-445d-9c87-8ebcdbf42540'): ('mobile', 512, 'interpolation', 200, 'cuda:0', 2, 1), UUID('764b269e-efd0-4a3d-b2c3-1f588d543717'): ('anycost', 256, 'random', 200, 'cuda:0', 1, 1), UUID('b1a1e965-049a-47d8-9e51-5078163c3926'): ('style2', 256, 'interpolation', 200, 'cuda:0', 1, 1), UUID('8c69071c-49e0-4cc2-85a6-69bf52ccb0fe'): ('style1', 256, 'random', 200, 'cuda:1', 8, 1), UUID('d4397455-032c-4ad4-82ce-6a7b9343d21b'): ('swa', 512, 'random', 100, 'cuda:1', 4, 1), UUID('9fda5dad-6afb-45d3-8963-5d9be7f0a061'): ('swa', 256, 'random', 400, 'cuda:1', 8, 1), UUID('07030d5b-49d6-49d2-8864-da90a4a19cb0'): ('style2ada', 256, 'interpolation', 800, 'cuda:1', 4, 1), UUID('e9cb7d42-b33e-4914-a646-45dd141a62f1'): ('style2ada', 1024, 'interpolation', 800, 'cuda:1', 1, 1), UUID('0f5e57f7-7992-47ff-82c1-9972896b78c9'): ('style1', 512, 'random', 100, 'cuda:1', 4, 1), UUID('65b88936-bf4e-411d-9f0a-a5ea0fc5d32a'): ('stylemap', 512, 'interpolation', 400, -1, -1, 1), UUID('cab880cb-caf0-40b4-a718-63a1a83b1735'): ('mobile', 1024, 'interpolation', 800, 'cuda:1', 2, 1), UUID('d9980cfe-bd70-495a-a4f3-e187e7a89986'): ('style2', 256, 'random', 400, 'cuda:1', 4, 1), UUID('2b7f47bf-fb28-4dc7-9602-5af1daa2399e'): ('style2', 256, 'interpolation', 400, 'cuda:1', 4, 1), UUID('206af3dd-bb1f-4b8f-ab21-8330fbdade92'): ('stylemap', 512, 'random', 400, -1, -1, 1), UUID('25c35cda-36fd-47e4-8712-20272baaaa1c'): ('mobile', 512, 'interpolation', 800, 'cuda:1', 2, 1), UUID('27dfeecc-5896-4278-a7d3-4252330e8ef5'): ('mobile', 1024, 'random', 400, -1, -1, 1), UUID('ba5b0d0e-67e4-459e-9729-a2eb26ef8ac0'): ('mobile', 1024, 'random', 200, 'cuda:0', 2, 1), UUID('a24e01e6-322b-420b-9804-5cd0aa444c9c'): ('stylemap', 512, 'interpolation', 200, -1, -1, 1), UUID('b2416ebb-037e-4d7c-8146-cd3f62584ba2'): ('mobile', 1024, 'random', 200, 'cuda:0', 1, 1), UUID('46fa0ad1-39aa-42bd-ab93-306d0514ee70'): ('style1', 1024, 'random', 100, -1, -1, 1), UUID('c29a040e-1770-4796-92de-e137c7712327'): ('mobile', 256, 'interpolation', 200, 'cuda:0', 2, 1), UUID('3fb2e014-553d-4e9f-bce0-9d30ab4f680f'): ('mobile', 256, 'interpolation', 400, 'cuda:0', 2, 1), UUID('5d45df24-ac3e-4567-b358-9f814097e412'): ('style1', 1024, 'interpolation', 200, 'cuda:0', 2, 1), UUID('11ca1f04-bdd1-4cb9-be18-f25f7232ac2e'): ('mobile', 1024, 'interpolation', 100, 'cuda:0', 2, 1)}
arrival_times={UUID('442a16f6-dad7-46d3-8d97-849a0e038383'): datetime.datetime(2021, 10, 25, 9, 12, 30, 761460), UUID('b3c6977e-60cd-4020-ac2b-a820ea49d744'): datetime.datetime(2021, 10, 25, 9, 12, 35, 775496), UUID('79fefe52-f916-46c1-9ab9-e62631fa3917'): datetime.datetime(2021, 10, 25, 9, 12, 40, 790724), UUID('771a1508-1659-44a0-a89e-439292b58c5f'): datetime.datetime(2021, 10, 25, 9, 12, 45, 802611), UUID('d96700b1-602f-4047-b18e-ad73eb72b1c0'): datetime.datetime(2021, 10, 25, 9, 12, 45, 802678), UUID('9d2a82e6-799c-44a8-8340-de8f0b8380dd'): datetime.datetime(2021, 10, 25, 9, 12, 50, 827929), UUID('282b9044-5cc9-4cc1-9314-2429d1366f98'): datetime.datetime(2021, 10, 25, 9, 12, 50, 827974), UUID('344d9a20-e76e-42a1-9a36-6a854cb7a945'): datetime.datetime(2021, 10, 25, 9, 12, 55, 868689), UUID('7716e1c6-5898-494b-b79f-5e9d7636bd0b'): datetime.datetime(2021, 10, 25, 9, 13, 0, 882602), UUID('f6b2575f-4043-461b-84c2-5d3f4db6da38'): datetime.datetime(2021, 10, 25, 9, 13, 5, 902086), UUID('4a4c4353-b0dd-40c9-9f3a-48d31eae9c43'): datetime.datetime(2021, 10, 25, 9, 13, 10, 914683), UUID('b29a0728-cb90-4b1f-bbc8-a3b0fba50889'): datetime.datetime(2021, 10, 25, 9, 13, 15, 926605), UUID('e00c92c8-15a0-44f7-94eb-f08c1a6a97be'): datetime.datetime(2021, 10, 25, 9, 13, 15, 926659), UUID('ba66c349-26ed-4e27-9d5f-e913a5631c2c'): datetime.datetime(2021, 10, 25, 9, 13, 22, 942649), UUID('911eb423-e3ff-4e1e-88f5-9b94c2eb223b'): datetime.datetime(2021, 10, 25, 9, 13, 22, 942708), UUID('b2894f1a-2451-47a5-9f6c-45e4095646e7'): datetime.datetime(2021, 10, 25, 9, 13, 27, 964763), UUID('e7e63c48-f7a3-4165-8351-23e3d9d1d799'): datetime.datetime(2021, 10, 25, 9, 13, 32, 978663), UUID('5a658c68-ce63-445d-9ac4-8c380b1ed272'): datetime.datetime(2021, 10, 25, 9, 13, 32, 978716), UUID('a929878b-3306-48cb-bf81-55acb5b19597'): datetime.datetime(2021, 10, 25, 9, 13, 43, 10640), UUID('38fdd814-e57d-47b8-97fe-b59320d9f82b'): datetime.datetime(2021, 10, 25, 9, 13, 50, 22592), UUID('bdd4762e-81ca-470c-aac0-7a048823205a'): datetime.datetime(2021, 10, 25, 9, 13, 50, 22646), UUID('584d5511-b730-487c-890d-0bcceb09f3b2'): datetime.datetime(2021, 10, 25, 9, 13, 57, 118694), UUID('e75a1da0-5e3d-45e0-a56e-0ca1827d4e1d'): datetime.datetime(2021, 10, 25, 9, 13, 57, 118758), UUID('4908064e-982a-4455-ad40-c2b0d52b18b3'): datetime.datetime(2021, 10, 25, 9, 14, 2, 145155), UUID('93bca385-96af-4fdc-997c-3d0160283078'): datetime.datetime(2021, 10, 25, 9, 14, 7, 206654), UUID('aa143477-c412-4525-a988-e3122ee6d348'): datetime.datetime(2021, 10, 25, 9, 14, 14, 214597), UUID('1f12e33b-ae01-4816-80c3-a92640c72f5b'): datetime.datetime(2021, 10, 25, 9, 14, 14, 214647), UUID('b946e0bb-580f-49e7-aa41-f4972337bf6f'): datetime.datetime(2021, 10, 25, 9, 14, 23, 233108), UUID('3f898d1c-cc1c-400a-886e-c5d20869d62b'): datetime.datetime(2021, 10, 25, 9, 14, 23, 233159), UUID('89344d7b-d977-4ae8-ada0-4e6321834202'): datetime.datetime(2021, 10, 25, 9, 14, 30, 250601), UUID('72931cfb-8eb6-442f-91c0-3300ff52b4ac'): datetime.datetime(2021, 10, 25, 9, 14, 30, 250654), UUID('53ad60aa-7830-4ef8-ab09-1e6f973d1dc1'): datetime.datetime(2021, 10, 25, 9, 14, 30, 250692), UUID('f2ab26f0-cd24-4677-b711-bb178137f6c6'): datetime.datetime(2021, 10, 25, 9, 14, 35, 283042), UUID('ad6d5b75-b17f-43cb-8d20-c37afaa2ffdc'): datetime.datetime(2021, 10, 25, 9, 14, 40, 294585), UUID('d948d5c0-332d-434e-85ee-7b3d4ccdb07f'): datetime.datetime(2021, 10, 25, 9, 14, 45, 315617), UUID('3785b6db-4d33-4588-a72d-8eb642103386'): datetime.datetime(2021, 10, 25, 9, 14, 45, 315659), UUID('ea84ea68-cf6d-40bf-bc77-af73bf51fc30'): datetime.datetime(2021, 10, 25, 9, 14, 52, 390662), UUID('0dd6b522-33ae-4b69-b486-823616a14956'): datetime.datetime(2021, 10, 25, 9, 14, 52, 390723), UUID('2bff724d-b6e5-491f-82e1-c1b3d268f220'): datetime.datetime(2021, 10, 25, 9, 15, 1, 407382), UUID('66dfb8bb-2ebf-4a96-8cf7-39cb640c4822'): datetime.datetime(2021, 10, 25, 9, 15, 1, 407471), UUID('a8638bc3-b8ea-4b98-8dec-4e641c747dac'): datetime.datetime(2021, 10, 25, 9, 15, 11, 434660), UUID('0c27c001-64c5-4dc0-8074-6464b7947a3f'): datetime.datetime(2021, 10, 25, 9, 15, 11, 434710), UUID('e8e82463-7c6e-4dfe-874c-974b2b16ab13'): datetime.datetime(2021, 10, 25, 9, 15, 11, 434741), UUID('9479c1a0-6f2f-4105-88c8-e60bd6848faf'): datetime.datetime(2021, 10, 25, 9, 15, 18, 634702), UUID('3ef1f4fd-eca7-47ab-bbfe-74acc696d2fc'): datetime.datetime(2021, 10, 25, 9, 15, 18, 634762), UUID('cd9b21bc-6179-493b-94b5-df7a34fe18ac'): datetime.datetime(2021, 10, 25, 9, 15, 25, 659739), UUID('13406069-3e95-4c9c-ac4e-551e11559f19'): datetime.datetime(2021, 10, 25, 9, 15, 25, 659798), UUID('51e208d6-a0f7-4660-ab2c-005a94e4e68e'): datetime.datetime(2021, 10, 25, 9, 15, 35, 742622), UUID('7a127c47-838c-4733-acef-52fee8ba714d'): datetime.datetime(2021, 10, 25, 9, 15, 35, 742674), UUID('9b1f90e1-5059-498c-823b-4c6df517dd2b'): datetime.datetime(2021, 10, 25, 9, 15, 45, 770640), UUID('a81f8877-f800-4e01-9a64-8b5fc66ce663'): datetime.datetime(2021, 10, 25, 9, 15, 50, 782650), UUID('d44962fa-a2a4-4b05-b494-4e3957e852c6'): datetime.datetime(2021, 10, 25, 9, 15, 55, 794634), UUID('fcdc9fc3-194b-471e-99b0-0725e075c2f4'): datetime.datetime(2021, 10, 25, 9, 16, 5, 824768), UUID('473d6470-3f4f-48d1-8114-10b478cd6989'): datetime.datetime(2021, 10, 25, 9, 16, 10, 846680), UUID('70cccbdd-8983-43b4-937a-964f2b04a7fb'): datetime.datetime(2021, 10, 25, 9, 16, 15, 858611), UUID('64ed3725-51dc-4698-b703-d3979f6daf5a'): datetime.datetime(2021, 10, 25, 9, 16, 20, 870634), UUID('b7144ace-7cd4-48be-bc64-b82eb0832324'): datetime.datetime(2021, 10, 25, 9, 16, 20, 870686), UUID('46923459-9b5b-41b9-ac7a-91bc91134422'): datetime.datetime(2021, 10, 25, 9, 16, 25, 946215), UUID('c0faa8b3-d2dc-47c7-93b1-1f57353416b4'): datetime.datetime(2021, 10, 25, 9, 16, 25, 946271), UUID('f105891f-84b9-4521-b3b7-303b01501dd2'): datetime.datetime(2021, 10, 25, 9, 16, 30, 987879), UUID('cc1bcc22-87a7-4382-a055-2ba808e69780'): datetime.datetime(2021, 10, 25, 9, 16, 36, 166618), UUID('ccd8b139-e7fb-46fe-898e-7669874c9eed'): datetime.datetime(2021, 10, 25, 9, 16, 41, 182640), UUID('79a3aa0c-1e0c-487f-91e9-93f79198dc4e'): datetime.datetime(2021, 10, 25, 9, 16, 41, 182695), UUID('97125d4a-10d3-4168-85cb-d199b7c3e5d7'): datetime.datetime(2021, 10, 25, 9, 16, 48, 200040), UUID('11e17c60-fe13-4cc1-99c6-dbd4876becb3'): datetime.datetime(2021, 10, 25, 9, 16, 48, 200091), UUID('77c6eada-71eb-4c6d-bc7e-3e91b4571154'): datetime.datetime(2021, 10, 25, 9, 16, 55, 214613), UUID('589436a5-90c6-46fa-9a10-489e37a17d3b'): datetime.datetime(2021, 10, 25, 9, 16, 55, 214677), UUID('da11fc5c-26a3-4fdb-b0dc-8293f31f7e51'): datetime.datetime(2021, 10, 25, 9, 16, 55, 214714), UUID('b68692b5-1b8a-4e7b-b657-c386f6985d26'): datetime.datetime(2021, 10, 25, 9, 17, 0, 242715), UUID('99fc8d6a-e95f-4862-bcdf-860b93b7798d'): datetime.datetime(2021, 10, 25, 9, 17, 0, 242779), UUID('c42b64bb-3a34-4769-a10b-64441942ba16'): datetime.datetime(2021, 10, 25, 9, 17, 7, 324752), UUID('7fe25770-230c-4dcb-8add-d8d455973d23'): datetime.datetime(2021, 10, 25, 9, 17, 12, 416991), UUID('2610319c-4da0-4a31-91f1-c6ba78ff8079'): datetime.datetime(2021, 10, 25, 9, 17, 12, 417132), UUID('5bf0a6a2-0958-450b-9aa7-bebd8ef9a146'): datetime.datetime(2021, 10, 25, 9, 17, 19, 449172), UUID('5b992226-53c9-463b-a8fb-330438f235c6'): datetime.datetime(2021, 10, 25, 9, 17, 24, 482623), UUID('f03de856-040b-4044-82e7-ebe1303fc6cb'): datetime.datetime(2021, 10, 25, 9, 17, 24, 482695), UUID('adcfb231-2490-4689-815c-16a217280796'): datetime.datetime(2021, 10, 25, 9, 17, 31, 506742), UUID('5131147f-6fe5-49c2-9366-541354f54bc5'): datetime.datetime(2021, 10, 25, 9, 17, 31, 506829), UUID('2f08dadf-f2eb-4c78-8c4c-5d0fa666d8a6'): datetime.datetime(2021, 10, 25, 9, 17, 31, 506891), UUID('1d21b6ac-4661-49fb-acb5-79bb4a02a6e9'): datetime.datetime(2021, 10, 25, 9, 17, 41, 547102), UUID('8c0dfa5d-6a71-497d-8468-4799acdc77bf'): datetime.datetime(2021, 10, 25, 9, 17, 46, 562671), UUID('7ae37986-9968-448f-a586-b66b2ba81c51'): datetime.datetime(2021, 10, 25, 9, 17, 51, 574649), UUID('468f828a-1378-4e98-aa89-1875502d1507'): datetime.datetime(2021, 10, 25, 9, 17, 56, 586643), UUID('82d5b72e-de8c-4cbc-8d6d-2a8d9ff2bc60'): datetime.datetime(2021, 10, 25, 9, 18, 3, 594779), UUID('4da1b523-0810-42b8-9dca-4430caab9384'): datetime.datetime(2021, 10, 25, 9, 18, 3, 594837), UUID('9c358784-a94e-4bf9-8959-1fcc68229eed'): datetime.datetime(2021, 10, 25, 9, 18, 10, 610638), UUID('ac1b7c63-889d-4948-a480-7b8d7d90b733'): datetime.datetime(2021, 10, 25, 9, 18, 10, 610699), UUID('e7c829c3-d819-434f-aa3e-3b8001f6dd24'): datetime.datetime(2021, 10, 25, 9, 18, 15, 669746), UUID('5454f99f-119f-42ad-8d87-a4c8ee8d7d19'): datetime.datetime(2021, 10, 25, 9, 18, 15, 669821), UUID('ddf973af-27e3-41c7-afab-d121bc460cfa'): datetime.datetime(2021, 10, 25, 9, 18, 22, 746685), UUID('5535f3f8-486e-4612-8d7e-6df05c3e4bfa'): datetime.datetime(2021, 10, 25, 9, 18, 27, 761256), UUID('674e851c-f10c-4a33-9bef-4c599bacba8e'): datetime.datetime(2021, 10, 25, 9, 18, 32, 774637), UUID('6962c718-133e-4237-80dd-e3c609482982'): datetime.datetime(2021, 10, 25, 9, 18, 32, 774708), UUID('35aec603-0b98-4b0f-818d-f8278705b8ab'): datetime.datetime(2021, 10, 25, 9, 18, 37, 794684), UUID('3a6511df-9457-4c3c-b9d0-cd440d2979f5'): datetime.datetime(2021, 10, 25, 9, 18, 42, 810600), UUID('956662de-a1ba-43b1-8d52-ed2539afe4eb'): datetime.datetime(2021, 10, 25, 9, 18, 47, 822602), UUID('83e0ff42-419e-4d9a-8fef-d0f7aec425e4'): datetime.datetime(2021, 10, 25, 9, 18, 52, 838617), UUID('bf1b62e1-a752-46b6-8b93-0ef8252ff412'): datetime.datetime(2021, 10, 25, 9, 18, 59, 846621), UUID('4988e2ef-3511-42d4-bf22-b498828bb08f'): datetime.datetime(2021, 10, 25, 9, 19, 4, 863854), UUID('3c560bda-4b15-43c9-868e-2e0f7200bf9c'): datetime.datetime(2021, 10, 25, 9, 19, 11, 875812), UUID('6099560e-77b4-4761-9f7d-96f07732f834'): datetime.datetime(2021, 10, 25, 9, 19, 18, 900722), UUID('eff7e5e0-51b2-4ad3-bbcf-8b64eed8df24'): datetime.datetime(2021, 10, 25, 9, 19, 23, 992784), UUID('8340b4ec-9441-4421-a133-d35f2a0bc2dd'): datetime.datetime(2021, 10, 25, 9, 19, 23, 992851), UUID('00019f4c-ffc2-4099-a7cc-715d8220f5f0'): datetime.datetime(2021, 10, 25, 9, 19, 34, 57657), UUID('0f3948a9-993a-4012-ab07-3227e486b57f'): datetime.datetime(2021, 10, 25, 9, 19, 34, 57721), UUID('75a1ef3a-5977-4070-a893-094eb1e128ca'): datetime.datetime(2021, 10, 25, 9, 19, 44, 241234), UUID('9b1dfbf8-343d-409e-92d4-47e1a31b0cc2'): datetime.datetime(2021, 10, 25, 9, 19, 51, 263648), UUID('25f6eae2-0968-420c-a86d-bd5a6a3e62ad'): datetime.datetime(2021, 10, 25, 9, 19, 58, 318032), UUID('eb19da1a-6477-436d-8035-9e24aa663ed1'): datetime.datetime(2021, 10, 25, 9, 19, 58, 318081), UUID('7f46c172-4cbd-48c4-9fe6-641cccd56a6d'): datetime.datetime(2021, 10, 25, 9, 20, 3, 423974), UUID('1105bc4c-45b3-4ff6-beac-36c6b23716ee'): datetime.datetime(2021, 10, 25, 9, 20, 3, 424062), UUID('9e0086ae-b233-468a-b105-c7bdfb125ded'): datetime.datetime(2021, 10, 25, 9, 20, 10, 511771), UUID('96ad88c8-42e9-4375-87f9-57251a046102'): datetime.datetime(2021, 10, 25, 9, 20, 17, 523778), UUID('b41bcaa2-1870-4cbc-9164-35562a91c6d0'): datetime.datetime(2021, 10, 25, 9, 20, 24, 543236), UUID('98ff127c-94e4-4583-9e82-302b34f4568f'): datetime.datetime(2021, 10, 25, 9, 20, 24, 543317), UUID('944ed1ad-4747-46cf-8ca7-1850ce6999ac'): datetime.datetime(2021, 10, 25, 9, 20, 24, 543358), UUID('c94eaeac-b821-4102-8e7a-7bc01ebf31ce'): datetime.datetime(2021, 10, 25, 9, 20, 31, 596715), UUID('69d228ca-7fb2-4428-8da2-1eb142975a88'): datetime.datetime(2021, 10, 25, 9, 20, 31, 596772), UUID('cb3b9d1d-9104-4a35-9f2d-6774da7923d9'): datetime.datetime(2021, 10, 25, 9, 20, 31, 596813), UUID('79c3bd96-ba64-4307-bae9-e9f22261eb40'): datetime.datetime(2021, 10, 25, 9, 20, 42, 623786), UUID('522ad557-89ce-4551-9a6e-ae02309c3625'): datetime.datetime(2021, 10, 25, 9, 20, 42, 623877), UUID('8cefdf85-eaac-496e-bbb9-c7020f3ba923'): datetime.datetime(2021, 10, 25, 9, 20, 42, 623950), UUID('8aab4979-6892-4cc0-8968-d695c832a824'): datetime.datetime(2021, 10, 25, 9, 20, 42, 624041), UUID('5fa2bb20-dff9-4c50-91f6-3ef0fe130b65'): datetime.datetime(2021, 10, 25, 9, 20, 47, 767705), UUID('d33345b3-68f9-4e47-8912-c7ca6c7aa6c5'): datetime.datetime(2021, 10, 25, 9, 20, 47, 767764), UUID('f4812e9a-8e97-43f7-9d31-1dd457c67557'): datetime.datetime(2021, 10, 25, 9, 20, 52, 839694), UUID('f85a58c5-3a0c-4063-9d3c-d9b9eca14ed3'): datetime.datetime(2021, 10, 25, 9, 20, 59, 909611), UUID('6ae34034-6074-4bda-822a-e479e7cd5a5e'): datetime.datetime(2021, 10, 25, 9, 20, 59, 909726), UUID('eade9e4d-3124-445d-9c87-8ebcdbf42540'): datetime.datetime(2021, 10, 25, 9, 21, 8, 951964), UUID('764b269e-efd0-4a3d-b2c3-1f588d543717'): datetime.datetime(2021, 10, 25, 9, 21, 8, 952035), UUID('b1a1e965-049a-47d8-9e51-5078163c3926'): datetime.datetime(2021, 10, 25, 9, 21, 8, 952089), UUID('8c69071c-49e0-4cc2-85a6-69bf52ccb0fe'): datetime.datetime(2021, 10, 25, 9, 21, 14, 266674), UUID('d4397455-032c-4ad4-82ce-6a7b9343d21b'): datetime.datetime(2021, 10, 25, 9, 21, 14, 266726), UUID('9fda5dad-6afb-45d3-8963-5d9be7f0a061'): datetime.datetime(2021, 10, 25, 9, 21, 19, 296399), UUID('07030d5b-49d6-49d2-8864-da90a4a19cb0'): datetime.datetime(2021, 10, 25, 9, 21, 24, 371729), UUID('e9cb7d42-b33e-4914-a646-45dd141a62f1'): datetime.datetime(2021, 10, 25, 9, 21, 24, 371785), UUID('0f5e57f7-7992-47ff-82c1-9972896b78c9'): datetime.datetime(2021, 10, 25, 9, 21, 29, 623781), UUID('65b88936-bf4e-411d-9f0a-a5ea0fc5d32a'): datetime.datetime(2021, 10, 25, 9, 21, 29, 623845), UUID('cab880cb-caf0-40b4-a718-63a1a83b1735'): datetime.datetime(2021, 10, 25, 9, 21, 36, 691716), UUID('d9980cfe-bd70-495a-a4f3-e187e7a89986'): datetime.datetime(2021, 10, 25, 9, 21, 41, 742586), UUID('2b7f47bf-fb28-4dc7-9602-5af1daa2399e'): datetime.datetime(2021, 10, 25, 9, 21, 46, 758583), UUID('206af3dd-bb1f-4b8f-ab21-8330fbdade92'): datetime.datetime(2021, 10, 25, 9, 21, 46, 758650), UUID('25c35cda-36fd-47e4-8712-20272baaaa1c'): datetime.datetime(2021, 10, 25, 9, 21, 53, 782657), UUID('27dfeecc-5896-4278-a7d3-4252330e8ef5'): datetime.datetime(2021, 10, 25, 9, 21, 53, 782711), UUID('ba5b0d0e-67e4-459e-9729-a2eb26ef8ac0'): datetime.datetime(2021, 10, 25, 9, 21, 53, 782749), UUID('a24e01e6-322b-420b-9804-5cd0aa444c9c'): datetime.datetime(2021, 10, 25, 9, 22, 0, 807024), UUID('b2416ebb-037e-4d7c-8146-cd3f62584ba2'): datetime.datetime(2021, 10, 25, 9, 22, 7, 819635), UUID('46fa0ad1-39aa-42bd-ab93-306d0514ee70'): datetime.datetime(2021, 10, 25, 9, 22, 7, 819684), UUID('c29a040e-1770-4796-92de-e137c7712327'): datetime.datetime(2021, 10, 25, 9, 22, 14, 936385), UUID('3fb2e014-553d-4e9f-bce0-9d30ab4f680f'): datetime.datetime(2021, 10, 25, 9, 22, 14, 936437), UUID('5d45df24-ac3e-4567-b358-9f814097e412'): datetime.datetime(2021, 10, 25, 9, 22, 20, 150665), UUID('11ca1f04-bdd1-4cb9-be18-f25f7232ac2e'): datetime.datetime(2021, 10, 25, 9, 22, 25, 171803)}
finish_times={'00019f4c-ffc2-4099-a7cc-715d8220f5f0': (datetime.datetime(2021, 10, 25, 9, 20, 14, tzinfo=tzlocal()), datetime.datetime(2021, 10, 25, 9, 21, 12, tzinfo=tzlocal())), '0c27c001-64c5-4dc0-8074-6464b7947a3f': (datetime.datetime(2021, 10, 25, 9, 15, 18, tzinfo=tzlocal()), datetime.datetime(2021, 10, 25, 9, 16, 3, tzinfo=tzlocal())), '0f3948a9-993a-4012-ab07-3227e486b57f': (datetime.datetime(2021, 10, 25, 9, 20, 2, tzinfo=tzlocal()), datetime.datetime(2021, 10, 25, 9, 20, 57, tzinfo=tzlocal())), '11e17c60-fe13-4cc1-99c6-dbd4876becb3': (datetime.datetime(2021, 10, 25, 9, 16, 53, tzinfo=tzlocal()), datetime.datetime(2021, 10, 25, 9, 17, 14, tzinfo=tzlocal())), '13406069-3e95-4c9c-ac4e-551e11559f19': (datetime.datetime(2021, 10, 25, 9, 15, 40, tzinfo=tzlocal()), datetime.datetime(2021, 10, 25, 9, 16, 51, tzinfo=tzlocal())), '1d21b6ac-4661-49fb-acb5-79bb4a02a6e9': (datetime.datetime(2021, 10, 25, 9, 18, 8, tzinfo=tzlocal()), datetime.datetime(2021, 10, 25, 9, 18, 33, tzinfo=tzlocal())), '282b9044-5cc9-4cc1-9314-2429d1366f98': (datetime.datetime(2021, 10, 25, 9, 12, 52, tzinfo=tzlocal()), datetime.datetime(2021, 10, 25, 9, 13, 7, tzinfo=tzlocal())), '2bff724d-b6e5-491f-82e1-c1b3d268f220': (datetime.datetime(2021, 10, 25, 9, 15, 33, tzinfo=tzlocal()), datetime.datetime(2021, 10, 25, 9, 15, 52, tzinfo=tzlocal())), '2f08dadf-f2eb-4c78-8c4c-5d0fa666d8a6': (datetime.datetime(2021, 10, 25, 9, 17, 52, tzinfo=tzlocal()), datetime.datetime(2021, 10, 25, 9, 18, 8, tzinfo=tzlocal())), '344d9a20-e76e-42a1-9a36-6a854cb7a945': (datetime.datetime(2021, 10, 25, 9, 12, 58, tzinfo=tzlocal()), datetime.datetime(2021, 10, 25, 9, 13, 15, tzinfo=tzlocal())), '38fdd814-e57d-47b8-97fe-b59320d9f82b': (datetime.datetime(2021, 10, 25, 9, 13, 51, tzinfo=tzlocal()), datetime.datetime(2021, 10, 25, 9, 15, 5, tzinfo=tzlocal())), '442a16f6-dad7-46d3-8d97-849a0e038383': (datetime.datetime(2021, 10, 25, 9, 12, 31, tzinfo=tzlocal()), datetime.datetime(2021, 10, 25, 9, 12, 47, tzinfo=tzlocal())), '473d6470-3f4f-48d1-8114-10b478cd6989': (datetime.datetime(2021, 10, 25, 9, 16, 15, tzinfo=tzlocal()), datetime.datetime(2021, 10, 25, 9, 18, 4, tzinfo=tzlocal())), '4908064e-982a-4455-ad40-c2b0d52b18b3': (datetime.datetime(2021, 10, 25, 9, 14, 58, tzinfo=tzlocal()), datetime.datetime(2021, 10, 25, 9, 17, 48, tzinfo=tzlocal())), '4a4c4353-b0dd-40c9-9f3a-48d31eae9c43': (datetime.datetime(2021, 10, 25, 9, 13, 12, tzinfo=tzlocal()), datetime.datetime(2021, 10, 25, 9, 15, tzinfo=tzlocal())), '4da1b523-0810-42b8-9dca-4430caab9384': (datetime.datetime(2021, 10, 25, 9, 18, 22, tzinfo=tzlocal()), datetime.datetime(2021, 10, 25, 9, 19, 12, tzinfo=tzlocal())), '5131147f-6fe5-49c2-9366-541354f54bc5': (datetime.datetime(2021, 10, 25, 9, 19, 39, tzinfo=tzlocal()), datetime.datetime(2021, 10, 25, 9, 20, 26, tzinfo=tzlocal())), '51e208d6-a0f7-4660-ab2c-005a94e4e68e': (datetime.datetime(2021, 10, 25, 9, 16, 13, tzinfo=tzlocal()), datetime.datetime(2021, 10, 25, 9, 16, 39, tzinfo=tzlocal())), '53ad60aa-7830-4ef8-ab09-1e6f973d1dc1': (datetime.datetime(2021, 10, 25, 9, 15, 9, tzinfo=tzlocal()), datetime.datetime(2021, 10, 25, 9, 15, 27, tzinfo=tzlocal())), '584d5511-b730-487c-890d-0bcceb09f3b2': (datetime.datetime(2021, 10, 25, 9, 13, 58, tzinfo=tzlocal()), datetime.datetime(2021, 10, 25, 9, 15, 31, tzinfo=tzlocal())), '589436a5-90c6-46fa-9a10-489e37a17d3b': (datetime.datetime(2021, 10, 25, 9, 16, 59, tzinfo=tzlocal()), datetime.datetime(2021, 10, 25, 9, 17, 34, tzinfo=tzlocal())), '5a658c68-ce63-445d-9ac4-8c380b1ed272': (datetime.datetime(2021, 10, 25, 9, 13, 37, tzinfo=tzlocal()), datetime.datetime(2021, 10, 25, 9, 15, 6, tzinfo=tzlocal())), '5b992226-53c9-463b-a8fb-330438f235c6': (datetime.datetime(2021, 10, 25, 9, 17, 32, tzinfo=tzlocal()), datetime.datetime(2021, 10, 25, 9, 18, tzinfo=tzlocal())), '5bf0a6a2-0958-450b-9aa7-bebd8ef9a146': (datetime.datetime(2021, 10, 25, 9, 17, 32, tzinfo=tzlocal()), datetime.datetime(2021, 10, 25, 9, 17, 50, tzinfo=tzlocal())), '5fa2bb20-dff9-4c50-91f6-3ef0fe130b65': (datetime.datetime(2021, 10, 25, 9, 21, 58, tzinfo=tzlocal()), datetime.datetime(2021, 10, 25, 9, 22, 22, tzinfo=tzlocal())), '64ed3725-51dc-4698-b703-d3979f6daf5a': (datetime.datetime(2021, 10, 25, 9, 16, 23, tzinfo=tzlocal()), datetime.datetime(2021, 10, 25, 9, 17, 3, tzinfo=tzlocal())), '66dfb8bb-2ebf-4a96-8cf7-39cb640c4822': (datetime.datetime(2021, 10, 25, 9, 15, 39, tzinfo=tzlocal()), datetime.datetime(2021, 10, 25, 9, 16, 3, tzinfo=tzlocal())), '674e851c-f10c-4a33-9bef-4c599bacba8e': (datetime.datetime(2021, 10, 25, 9, 19, 21, tzinfo=tzlocal()), datetime.datetime(2021, 10, 25, 9, 19, 31, tzinfo=tzlocal())), '6962c718-133e-4237-80dd-e3c609482982': (datetime.datetime(2021, 10, 25, 9, 19, 32, tzinfo=tzlocal()), datetime.datetime(2021, 10, 25, 9, 20, 10, tzinfo=tzlocal())), '70cccbdd-8983-43b4-937a-964f2b04a7fb': (datetime.datetime(2021, 10, 25, 9, 16, 19, tzinfo=tzlocal()), datetime.datetime(2021, 10, 25, 9, 17, 34, tzinfo=tzlocal())), '72931cfb-8eb6-442f-91c0-3300ff52b4ac': (datetime.datetime(2021, 10, 25, 9, 16, 51, tzinfo=tzlocal()), datetime.datetime(2021, 10, 25, 9, 17, 35, tzinfo=tzlocal())), '764b269e-efd0-4a3d-b2c3-1f588d543717': (datetime.datetime(2021, 10, 25, 9, 21, 44, tzinfo=tzlocal()), datetime.datetime(2021, 10, 25, 9, 22, 23, tzinfo=tzlocal())), '7716e1c6-5898-494b-b79f-5e9d7636bd0b': (datetime.datetime(2021, 10, 25, 9, 13, 3, tzinfo=tzlocal()), datetime.datetime(2021, 10, 25, 9, 22, 19, tzinfo=tzlocal())), '771a1508-1659-44a0-a89e-439292b58c5f': (datetime.datetime(2021, 10, 25, 9, 12, 47, tzinfo=tzlocal()), datetime.datetime(2021, 10, 25, 9, 15, 1, tzinfo=tzlocal())), '79a3aa0c-1e0c-487f-91e9-93f79198dc4e': (datetime.datetime(2021, 10, 25, 9, 16, 49, tzinfo=tzlocal()), datetime.datetime(2021, 10, 25, 9, 17, 17, tzinfo=tzlocal())), '79c3bd96-ba64-4307-bae9-e9f22261eb40': (datetime.datetime(2021, 10, 25, 9, 22, 14, tzinfo=tzlocal()), datetime.datetime(2021, 10, 25, 9, 22, 28, tzinfo=tzlocal())), '79fefe52-f916-46c1-9ab9-e62631fa3917': (datetime.datetime(2021, 10, 25, 9, 12, 41, tzinfo=tzlocal()), datetime.datetime(2021, 10, 25, 9, 13, 17, tzinfo=tzlocal())), '7a127c47-838c-4733-acef-52fee8ba714d': (datetime.datetime(2021, 10, 25, 9, 15, 44, tzinfo=tzlocal()), datetime.datetime(2021, 10, 25, 9, 16, 15, tzinfo=tzlocal())), '7ae37986-9968-448f-a586-b66b2ba81c51': (datetime.datetime(2021, 10, 25, 9, 18, 3, tzinfo=tzlocal()), datetime.datetime(2021, 10, 25, 9, 18, 31, tzinfo=tzlocal())), '7f46c172-4cbd-48c4-9fe6-641cccd56a6d': (datetime.datetime(2021, 10, 25, 9, 20, 33, tzinfo=tzlocal()), datetime.datetime(2021, 10, 25, 9, 21, 3, tzinfo=tzlocal())), '7fe25770-230c-4dcb-8add-d8d455973d23': (datetime.datetime(2021, 10, 25, 9, 17, 20, tzinfo=tzlocal()), datetime.datetime(2021, 10, 25, 9, 17, 42, tzinfo=tzlocal())), '8340b4ec-9441-4421-a133-d35f2a0bc2dd': (datetime.datetime(2021, 10, 25, 9, 19, 39, tzinfo=tzlocal()), datetime.datetime(2021, 10, 25, 9, 20, 2, tzinfo=tzlocal())), '89344d7b-d977-4ae8-ada0-4e6321834202': (datetime.datetime(2021, 10, 25, 9, 15, 38, tzinfo=tzlocal()), datetime.datetime(2021, 10, 25, 9, 21, 57, tzinfo=tzlocal())), '8c0dfa5d-6a71-497d-8468-4799acdc77bf': (datetime.datetime(2021, 10, 25, 9, 18, 30, tzinfo=tzlocal()), datetime.datetime(2021, 10, 25, 9, 19, 53, tzinfo=tzlocal())), '911eb423-e3ff-4e1e-88f5-9b94c2eb223b': (datetime.datetime(2021, 10, 25, 9, 14, 8, tzinfo=tzlocal()), datetime.datetime(2021, 10, 25, 9, 15, 8, tzinfo=tzlocal())), '9b1f90e1-5059-498c-823b-4c6df517dd2b': (datetime.datetime(2021, 10, 25, 9, 15, 48, tzinfo=tzlocal()), datetime.datetime(2021, 10, 25, 9, 16, 14, tzinfo=tzlocal())), '9c358784-a94e-4bf9-8959-1fcc68229eed': (datetime.datetime(2021, 10, 25, 9, 18, 26, tzinfo=tzlocal()), datetime.datetime(2021, 10, 25, 9, 19, 20, tzinfo=tzlocal())), '9d2a82e6-799c-44a8-8340-de8f0b8380dd': (datetime.datetime(2021, 10, 25, 9, 12, 52, tzinfo=tzlocal()), datetime.datetime(2021, 10, 25, 9, 13, 21, tzinfo=tzlocal())), 'a81f8877-f800-4e01-9a64-8b5fc66ce663': (datetime.datetime(2021, 10, 25, 9, 15, 53, tzinfo=tzlocal()), datetime.datetime(2021, 10, 25, 9, 16, 34, tzinfo=tzlocal())), 'ac1b7c63-889d-4948-a480-7b8d7d90b733': (datetime.datetime(2021, 10, 25, 9, 18, 25, tzinfo=tzlocal()), datetime.datetime(2021, 10, 25, 9, 19, 31, tzinfo=tzlocal())), 'ad6d5b75-b17f-43cb-8d20-c37afaa2ffdc': (datetime.datetime(2021, 10, 25, 9, 14, 56, tzinfo=tzlocal()), datetime.datetime(2021, 10, 25, 9, 15, 29, tzinfo=tzlocal())), 'adcfb231-2490-4689-815c-16a217280796': (datetime.datetime(2021, 10, 25, 9, 17, 52, tzinfo=tzlocal()), datetime.datetime(2021, 10, 25, 9, 20, 32, tzinfo=tzlocal())), 'b2894f1a-2451-47a5-9f6c-45e4095646e7': (datetime.datetime(2021, 10, 25, 9, 13, 29, tzinfo=tzlocal()), datetime.datetime(2021, 10, 25, 9, 17, 11, tzinfo=tzlocal())), 'b3c6977e-60cd-4020-ac2b-a820ea49d744': (datetime.datetime(2021, 10, 25, 9, 12, 36, tzinfo=tzlocal()), datetime.datetime(2021, 10, 25, 9, 13, 24, tzinfo=tzlocal())), 'b7144ace-7cd4-48be-bc64-b82eb0832324': (datetime.datetime(2021, 10, 25, 9, 17, 7, tzinfo=tzlocal()), datetime.datetime(2021, 10, 25, 9, 18, 10, tzinfo=tzlocal())), 'b946e0bb-580f-49e7-aa41-f4972337bf6f': (datetime.datetime(2021, 10, 25, 9, 14, 24, tzinfo=tzlocal()), datetime.datetime(2021, 10, 25, 9, 15, 12, tzinfo=tzlocal())), 'ba66c349-26ed-4e27-9d5f-e913a5631c2c': (datetime.datetime(2021, 10, 25, 9, 13, 24, tzinfo=tzlocal()), datetime.datetime(2021, 10, 25, 9, 14, 16, tzinfo=tzlocal())), 'c0faa8b3-d2dc-47c7-93b1-1f57353416b4': (datetime.datetime(2021, 10, 25, 9, 16, 35, tzinfo=tzlocal()), datetime.datetime(2021, 10, 25, 9, 16, 51, tzinfo=tzlocal())), 'c42b64bb-3a34-4769-a10b-64441942ba16': (datetime.datetime(2021, 10, 25, 9, 17, 26, tzinfo=tzlocal()), datetime.datetime(2021, 10, 25, 9, 18, 10, tzinfo=tzlocal())), 'cc1bcc22-87a7-4382-a055-2ba808e69780': (datetime.datetime(2021, 10, 25, 9, 16, 47, tzinfo=tzlocal()), datetime.datetime(2021, 10, 25, 9, 17, 12, tzinfo=tzlocal())), 'cd9b21bc-6179-493b-94b5-df7a34fe18ac': (datetime.datetime(2021, 10, 25, 9, 15, 29, tzinfo=tzlocal()), datetime.datetime(2021, 10, 25, 9, 16, 7, tzinfo=tzlocal())), 'd44962fa-a2a4-4b05-b494-4e3957e852c6': (datetime.datetime(2021, 10, 25, 9, 15, 59, tzinfo=tzlocal()), datetime.datetime(2021, 10, 25, 9, 16, 56, tzinfo=tzlocal())), 'd948d5c0-332d-434e-85ee-7b3d4ccdb07f': (datetime.datetime(2021, 10, 25, 9, 14, 56, tzinfo=tzlocal()), datetime.datetime(2021, 10, 25, 9, 15, 41, tzinfo=tzlocal())), 'd96700b1-602f-4047-b18e-ad73eb72b1c0': (datetime.datetime(2021, 10, 25, 9, 12, 46, tzinfo=tzlocal()), datetime.datetime(2021, 10, 25, 9, 13, 36, tzinfo=tzlocal())), 'da11fc5c-26a3-4fdb-b0dc-8293f31f7e51': (datetime.datetime(2021, 10, 25, 9, 18, 21, tzinfo=tzlocal()), datetime.datetime(2021, 10, 25, 9, 18, 43, tzinfo=tzlocal())), 'e00c92c8-15a0-44f7-94eb-f08c1a6a97be': (datetime.datetime(2021, 10, 25, 9, 13, 19, tzinfo=tzlocal()), datetime.datetime(2021, 10, 25, 9, 14, 27, tzinfo=tzlocal())), 'e75a1da0-5e3d-45e0-a56e-0ca1827d4e1d': (datetime.datetime(2021, 10, 25, 9, 13, 58, tzinfo=tzlocal()), datetime.datetime(2021, 10, 25, 9, 14, 51, tzinfo=tzlocal())), 'e7e63c48-f7a3-4165-8351-23e3d9d1d799': (datetime.datetime(2021, 10, 25, 9, 13, 36, tzinfo=tzlocal()), datetime.datetime(2021, 10, 25, 9, 13, 57, tzinfo=tzlocal())), 'e8e82463-7c6e-4dfe-874c-974b2b16ab13': (datetime.datetime(2021, 10, 25, 9, 15, 17, tzinfo=tzlocal()), datetime.datetime(2021, 10, 25, 9, 16, 3, tzinfo=tzlocal())), 'eade9e4d-3124-445d-9c87-8ebcdbf42540': (datetime.datetime(2021, 10, 25, 9, 21, 55, tzinfo=tzlocal()), datetime.datetime(2021, 10, 25, 9, 22, 14, tzinfo=tzlocal())), 'eb19da1a-6477-436d-8035-9e24aa663ed1': (datetime.datetime(2021, 10, 25, 9, 20, 15, tzinfo=tzlocal()), datetime.datetime(2021, 10, 25, 9, 20, 32, tzinfo=tzlocal())), 'eff7e5e0-51b2-4ad3-bbcf-8b64eed8df24': (datetime.datetime(2021, 10, 25, 9, 19, 56, tzinfo=tzlocal()), datetime.datetime(2021, 10, 25, 9, 21, 12, tzinfo=tzlocal())), 'f105891f-84b9-4521-b3b7-303b01501dd2': (datetime.datetime(2021, 10, 25, 9, 20, 28, tzinfo=tzlocal()), datetime.datetime(2021, 10, 25, 9, 21, 46, tzinfo=tzlocal())), 'f2ab26f0-cd24-4677-b711-bb178137f6c6': (datetime.datetime(2021, 10, 25, 9, 14, 56, tzinfo=tzlocal()), datetime.datetime(2021, 10, 25, 9, 15, 11, tzinfo=tzlocal())), 'f6b2575f-4043-461b-84c2-5d3f4db6da38': (datetime.datetime(2021, 10, 25, 9, 13, 7, tzinfo=tzlocal()), datetime.datetime(2021, 10, 25, 9, 14, 58, tzinfo=tzlocal())), 'fcdc9fc3-194b-471e-99b0-0725e075c2f4': (datetime.datetime(2021, 10, 25, 9, 16, 13, tzinfo=tzlocal()), datetime.datetime(2021, 10, 25, 9, 19, 15, tzinfo=tzlocal()))}




id,network,job_type,image_size,num_imgs,device,batch_size,data_parallelism,response_time
442a16f6,swa,random,1024,200,cuda:0,8,1,16238
b3c6977e,style2,random,256,800,cuda:1,8,1,48224
79fefe52,anycost,random,1024,100,cuda:1,2,1,36209
771a1508,stylemap,random,512,400,cuda:0,2,1,135197
d96700b1,style2,random,256,800,cuda:1,8,1,50197
9d2a82e6,style2ada,interpolation,1024,200,cuda:0,4,1,30172
282b9044,style2ada,interpolation,256,100,cuda:0,8,1,16172
344d9a20,mobile,interpolation,1024,100,cuda:0,4,1,19131
7716e1c6,stylemap,random,1024,800,cuda:0,1,1,558117
f6b2575f,swa,interpolation,256,200,cuda:0,8,1,112097
4a4c4353,style2,interpolation,256,800,cuda:0,8,1,109085
b29a0728,stylemap,random,1024,800,-1,-1,1,-1
e00c92c8,mobile,interpolation,1024,800,cuda:0,2,1,71073
ba66c349,style2ada,interpolation,256,800,cuda:0,8,1,53057
911eb423,swa,interpolation,512,100,cuda:0,8,1,105057
b2894f1a,swa,interpolation,1024,800,cuda:1,4,1,223035
e7e63c48,style1,interpolation,1024,200,cuda:1,2,1,24021
5a658c68,swa,random,256,400,cuda:1,8,1,93021
a929878b,stylemap,random,512,400,-1,-1,1,-1
38fdd814,swa,random,1024,100,cuda:1,2,1,74977
bdd4762e,stylemap,random,1024,400,-1,-1,1,-1
584d5511,mobile,interpolation,1024,800,cuda:1,2,1,93881
e75a1da0,style2,random,256,400,cuda:1,4,1,53881
4908064e,anycost,random,1024,800,cuda:1,1,1,225854
93bca385,stylemap,random,512,100,-1,-1,1,-1
aa143477,swa,random,1024,400,-1,-1,1,-1
1f12e33b,style2,interpolation,512,200,-1,-1,1,-1
b946e0bb,swa,random,256,200,cuda:0,4,1,48766
3f898d1c,style2ada,interpolation,1024,100,-1,-1,1,-1
89344d7b,swa,random,1024,800,cuda:0,4,1,446749
72931cfb,anycost,interpolation,1024,100,cuda:0,2,1,184749
53ad60aa,mobile,random,512,400,cuda:0,8,1,56749
f2ab26f0,style1,random,512,200,cuda:0,8,1,35716
ad6d5b75,style2ada,random,256,400,cuda:0,4,1,48705
d948d5c0,style2,interpolation,256,800,cuda:0,4,1,55684
3785b6db,stylemap,random,1024,100,-1,-1,1,-1
ea84ea68,stylemap,interpolation,1024,200,-1,-1,1,-1
0dd6b522,mobile,random,1024,200,-1,-1,1,-1
2bff724d,style1,random,1024,200,cuda:0,2,1,50592
66dfb8bb,anycost,random,256,100,cuda:0,8,1,61592
a8638bc3,anycost,random,1024,100,-1,-1,1,-1
0c27c001,mobile,random,512,800,cuda:1,4,1,51565
e8e82463,style2ada,random,512,100,cuda:1,1,1,51565
9479c1a0,swa,interpolation,1024,800,cuda:1,1,1,-1
3ef1f4fd,stylemap,random,256,400,-1,-1,1,-1
cd9b21bc,style2,random,256,100,cuda:1,2,1,41340
13406069,style2,random,512,400,cuda:1,1,1,85340
51e208d6,mobile,random,256,400,cuda:1,8,1,63257
7a127c47,anycost,random,256,400,cuda:0,8,1,39257
9b1f90e1,mobile,interpolation,512,800,cuda:0,8,1,28229
a81f8877,anycost,interpolation,1024,100,cuda:0,2,1,43217
d44962fa,style2ada,random,512,200,cuda:0,1,1,60205
fcdc9fc3,style2ada,random,512,800,cuda:0,2,1,189175
473d6470,anycost,interpolation,512,800,cuda:1,2,1,113153
70cccbdd,swa,interpolation,512,100,cuda:1,4,1,78141
64ed3725,style2,random,256,800,cuda:0,8,1,42129
b7144ace,anycost,interpolation,512,400,cuda:0,4,1,109129
46923459,stylemap,interpolation,512,100,cuda:0,1,1,-1
c0faa8b3,mobile,random,256,200,cuda:1,8,1,25053
f105891f,swa,interpolation,256,800,cuda:0,8,1,315012
cc1bcc22,mobile,interpolation,512,800,cuda:0,8,1,35833
ccd8b139,stylemap,interpolation,512,400,-1,-1,1,-1
79a3aa0c,mobile,interpolation,1024,200,cuda:0,1,1,35817
97125d4a,style2ada,random,1024,800,-1,-1,1,-1
11e17c60,mobile,random,512,100,cuda:0,1,1,25799
77c6eada,mobile,random,1024,400,cuda:0,1,1,-1
589436a5,anycost,random,256,100,cuda:1,2,1,38785
da11fc5c,style1,random,512,800,cuda:0,4,1,107785
b68692b5,swa,interpolation,1024,800,cuda:0,1,1,-1
99fc8d6a,style2,interpolation,1024,100,-1,-1,1,-1
c42b64bb,mobile,random,512,800,cuda:0,4,1,62675
7fe25770,style1,interpolation,512,100,cuda:1,2,1,29583
2610319c,anycost,random,1024,100,-1,-1,1,-1
5bf0a6a2,style1,interpolation,256,200,cuda:1,8,1,30550
5b992226,anycost,interpolation,256,200,cuda:1,2,1,35517
f03de856,stylemap,interpolation,512,100,-1,-1,1,-1
adcfb231,anycost,interpolation,512,800,cuda:0,2,1,180493
5131147f,style2ada,interpolation,256,800,cuda:0,4,1,174493
2f08dadf,mobile,random,512,100,cuda:0,8,1,36493
1d21b6ac,style2,random,512,100,cuda:0,2,1,51452
8c0dfa5d,anycost,random,512,400,cuda:0,1,1,126437
7ae37986,swa,interpolation,512,100,cuda:0,8,1,39425
468f828a,stylemap,random,512,100,-1,-1,1,-1
82d5b72e,stylemap,interpolation,1024,200,-1,-1,1,-1
4da1b523,stylemap,interpolation,256,200,cuda:1,2,1,68405
9c358784,style2,random,512,400,cuda:1,4,1,69389
ac1b7c63,style2,random,512,400,cuda:1,4,1,80389
e7c829c3,stylemap,interpolation,256,400,cuda:1,2,1,-1
5454f99f,stylemap,random,1024,400,-1,-1,1,-1
ddf973af,stylemap,interpolation,256,800,cuda:1,2,1,-1
5535f3f8,stylemap,interpolation,256,800,cuda:1,2,1,-1
674e851c,style1,interpolation,256,200,cuda:1,8,1,58225
6962c718,anycost,interpolation,1024,200,cuda:1,1,1,97225
35aec603,mobile,interpolation,512,100,cuda:0,4,1,-1
3a6511df,style2ada,random,256,200,cuda:0,2,1,-1
956662de,style1,random,256,200,cuda:0,4,1,-1
83e0ff42,swa,interpolation,1024,200,-1,-1,1,-1
bf1b62e1,style1,random,256,800,cuda:0,4,1,-1
4988e2ef,stylemap,random,256,400,-1,-1,1,-1
3c560bda,stylemap,random,256,200,-1,-1,1,-1
6099560e,swa,interpolation,512,800,cuda:0,1,1,-1
eff7e5e0,swa,random,512,200,cuda:1,4,1,108007
8340b4ec,style1,random,512,400,cuda:1,4,1,38007
00019f4c,swa,interpolation,256,800,cuda:1,8,1,97942
0f3948a9,anycost,interpolation,512,800,cuda:1,4,1,82942
75a1ef3a,style2,interpolation,1024,100,-1,-1,1,-1
9b1dfbf8,style2ada,interpolation,1024,800,-1,-1,1,-1
25f6eae2,style2,interpolation,512,800,cuda:0,2,1,-1
eb19da1a,style1,interpolation,512,400,cuda:0,8,1,33681
7f46c172,style1,random,1024,400,cuda:0,1,1,59576
1105bc4c,anycost,random,1024,100,-1,-1,1,-1
9e0086ae,style1,random,1024,100,-1,-1,1,-1
96ad88c8,stylemap,random,256,100,-1,-1,1,-1
b41bcaa2,style2ada,interpolation,256,400,cuda:0,1,1,-1
98ff127c,swa,random,1024,200,-1,-1,1,-1
944ed1ad,style2ada,interpolation,512,400,cuda:0,1,1,-1
c94eaeac,style2,random,256,400,-1,-1,1,-1
69d228ca,mobile,random,1024,200,-1,-1,1,-1
cb3b9d1d,stylemap,interpolation,1024,800,-1,-1,1,-1
79c3bd96,mobile,interpolation,256,800,cuda:0,8,1,105376
522ad557,swa,random,256,100,cuda:0,8,1,-1
8cefdf85,style1,interpolation,512,800,cuda:0,8,1,-1
8aab4979,swa,random,1024,200,cuda:0,4,1,-1
5fa2bb20,swa,interpolation,256,100,cuda:0,8,1,94232
d33345b3,style1,interpolation,1024,100,cuda:0,1,1,-1
f4812e9a,swa,random,1024,200,-1,-1,1,-1
f85a58c5,stylemap,random,1024,100,-1,-1,1,-1
6ae34034,style2ada,random,512,800,-1,-1,1,-1
eade9e4d,mobile,interpolation,512,200,cuda:0,2,1,65048
764b269e,anycost,random,256,200,cuda:0,1,1,74047
b1a1e965,style2,interpolation,256,200,cuda:0,1,1,-1
8c69071c,style1,random,256,200,cuda:1,8,1,-1
d4397455,swa,random,512,100,cuda:1,4,1,-1
9fda5dad,swa,random,256,400,cuda:1,8,1,-1
07030d5b,style2ada,interpolation,256,800,cuda:1,4,1,-1
e9cb7d42,style2ada,interpolation,1024,800,cuda:1,1,1,-1
0f5e57f7,style1,random,512,100,cuda:1,4,1,-1
65b88936,stylemap,interpolation,512,400,-1,-1,1,-1
cab880cb,mobile,interpolation,1024,800,cuda:1,2,1,-1
d9980cfe,style2,random,256,400,cuda:1,4,1,-1
2b7f47bf,style2,interpolation,256,400,cuda:1,4,1,-1
206af3dd,stylemap,random,512,400,-1,-1,1,-1
25c35cda,mobile,interpolation,512,800,cuda:1,2,1,-1
27dfeecc,mobile,random,1024,400,-1,-1,1,-1
ba5b0d0e,mobile,random,1024,200,cuda:0,2,1,-1
a24e01e6,stylemap,interpolation,512,200,-1,-1,1,-1
b2416ebb,mobile,random,1024,200,cuda:0,1,1,-1
46fa0ad1,style1,random,1024,100,-1,-1,1,-1
c29a040e,mobile,interpolation,256,200,cuda:0,2,1,-1
3fb2e014,mobile,interpolation,256,400,cuda:0,2,1,-1
5d45df24,style1,interpolation,1024,200,cuda:0,2,1,-1
11ca1f04,mobile,interpolation,1024,100,cuda:0,2,1,-1




