/usr/local/lib/python3.8/dist-packages/dataclasses_json/core.py:171: RuntimeWarning: `NoneType` object value of non-optional type config_path detected when decoding BareConfig.
  warnings.warn(f"`NoneType` object {warning}.", RuntimeWarning)
10-25-2021 17:17:03 root         INFO     Starting in cluster mode.
10-25-2021 17:17:03 root         INFO     Starting as Orchestrator
10-25-2021 17:17:03 root         INFO     Starting Orchestrator, initializing resources....
10-25-2021 17:17:03 root         INFO     Loading in cluster configuration file
10-25-2021 17:17:03 root         INFO     Pointing configuration to in cluster configuration.
10-25-2021 17:17:03 root         INFO     Starting cluster manager
10-25-2021 17:17:03 root         INFO     Starting arrival generator
10-25-2021 17:17:03 root         INFO     Starting orchestrator
[3 4]
[3 4]
[3 4]
[3 4]
[3 4]
[3 4]
[3 4]
pending 0 deployed 0
scheduling: mobile 1024 100 4 cuda:0 2524
[2527    4]
pending 0 deployed 1
scheduling: style2 1024 200 4 cuda:0 3512
[6039    4]
pending 0 deployed 2
scheduling: style1 1024 800 4 cuda:0 2842
[8881    4]
finished f6769408-5726-4433-add5-dc2a0010936d
[2350    4]
pending 0 deployed 2
scheduling: style1 1024 800 4 cuda:0 2842
[5192    4]
finished dc7bc778-b9b7-4852-9801-899c7f3713e1
[3450    4]
pending 0 deployed 2
scheduling: mobile 512 400 4 cuda:0 684
[4134    4]
pending 0 deployed 3
scheduling: swa 512 100 4 cuda:0 1060
[5194    4]
finished 424a95db-3cf7-44c1-9e9a-36b84aea9ca5
[4707    4]
pending 0 deployed 3
scheduling: swa 256 400 4 cuda:0 632
[5339    4]
finished 0001a1f0-f631-4db1-8182-a5dae2996a5d
[5239    4]
pending 0 deployed 3
scheduling: anycost 512 800 4 cuda:0 1820
[7059    4]
finished 2afb439c-7c03-4c5d-ba00-9b85329b9a0a
[1984    4]
finished f31bb272-4029-435d-b908-e79842ca69e0
[1984    4]
pending 0 deployed 2
scheduling: mobile 1024 400 4 cuda:0 2524
[4508    4]
finished 57be79b5-b606-4eb2-9ecd-7b216021be7d
[6258    4]
pending 0 deployed 2
scheduling: style2 512 200 4 cuda:0 1820
[8078    4]
[14245     4]
[14245     4]
[14654     4]
[15060     4]
[15712     4]
pending 0 deployed 3
scheduling: stylemap 1024 200 2 cuda:1 5994
[15712  5998]
pending 0 deployed 4
scheduling: style2 256 100 4 cuda:0 1038
[16750  5998]
finished c943d623-d8f0-435b-a779-09cc0dda7e20
[6468 5731]
finished daa5f906-1ccd-4b84-be96-71309c8ac8aa
[6468 5731]
pending 0 deployed 3
scheduling: stylemap 1024 200 4 cuda:0 11376
[17844  5731]
finished 2785a747-8f35-40c2-815f-f2dced64c758
[   3 4181]
pending 0 deployed 3
scheduling: anycost 256 400 4 cuda:0 1040
[1043 4181]
finished 9b117c81-8308-4102-b347-59d262ba970a
[1504 4181]
pending 0 deployed 3
scheduling: anycost 1024 400 4 cuda:0 3518
[5022 4181]
pending 0 deployed 4
scheduling: style2ada 512 200 4 cuda:0 2078
[7100 4181]
pending 0 deployed 5
scheduling: style1 256 100 4 cuda:0 346
[7446 4181]
pending 0 deployed 6
scheduling: style2ada 512 800 4 cuda:0 2078
[9524 4181]
failed e47cf36e-cf69-4cc1-8a25-eb603f479887 restarts: 1 1
[12902  4181]
finished 20cec6d2-f3b3-4a00-adcf-b383c47b828f
[14626  4181]
pending 0 deployed 5
scheduling: anycost 1024 400 4 cuda:0 3518
[18144  4181]
pending 0 deployed 6
scheduling: swa 512 400 4 cuda:1 1060
[18144  5241]
finished 0aaf8c7d-ac02-4101-83f5-3e42d7d0317a
[3171 4173]
finished 64bb9160-24dd-4297-b929-3d1453def13b
[3171 4173]
finished 900ed93d-7f61-40ec-bb27-188358edaa61
[10290     4]
10-25-2021 17:20:00 ResourceWatchDog ERROR    Finish time lookup for ubuntu94025/5dd12ed2-e1f2-4123-a59b-48dc3363f996 failed. Reason: 'NoneType' object is not iterable
[10290     4]
[10845     4]
[11869   345]
[16601   699]
pending 0 deployed 4
scheduling: anycost 1024 400 4 cuda:1 3518
[16601  4217]
finished b4083f31-1eaa-4f86-8e74-ad00a3504e0b
[16601   699]
pending 0 deployed 4
scheduling: anycost 1024 800 4 cuda:1 3518
[16601  4217]
pending 0 deployed 5
scheduling: anycost 256 400 4 cuda:0 1040
[17641  4217]
pending 0 deployed 6
scheduling: swa 256 200 4 cuda:1 632
[17641  4849]
failed 9bafa3ed-730f-46b3-94f9-6619a279cd3f restarts: 2 2
[21325  8734]
failed b1a54163-5f5a-4881-ac76-cec458cc022c restarts: 3 2
[21325  8734]
finished 17713fd5-c5f1-4b11-94c3-607c1bf07062
[   3 8734]
finished e47cf36e-cf69-4cc1-8a25-eb603f479887
[   3 8734]
pending 1 deployed 3
scheduling: anycost 1024 800 4 cuda:0 3518
[3521 8734]
pending 0 deployed 4
scheduling: anycost 256 400 4 cuda:0 1040
[4561 8734]
pending 0 deployed 5
scheduling: mobile 1024 100 4 cuda:0 2524
[7085 8734]
pending 0 deployed 6
scheduling: style2ada 256 200 4 cuda:0 1160
[8245 8734]
finished 5dd12ed2-e1f2-4123-a59b-48dc3363f996
[13776  6810]
pending 0 deployed 6
scheduling: anycost 256 400 4 cuda:0 1040
[14816  6810]
finished 5d449311-e9e6-4689-8df6-b3934071b08c
[18514  6810]
pending 0 deployed 6
scheduling: anycost 256 400 4 cuda:0 1040
[19554  6810]
finished 326fdd69-4ebb-4554-a1b2-5a63a32933d0
[21833     4]
finished 6109e8a9-69a3-4aff-90ec-c4f831626159
[21833     4]
finished 9bafa3ed-730f-46b3-94f9-6619a279cd3f
[21833     4]
finished d134db64-866e-4fe5-a295-63032515791a
[21833     4]
[21715     4]
[21715     4]
[22212     4]
[22670     4]
[12431     4]
[13231     4]
[13231     4]
[13231     4]
pending 0 deployed 3
scheduling: style1 512 200 4 cuda:1 878
[13231   882]
finished 3cf39205-01c7-47e7-9523-8ded782d4c75
[13231     4]
pending 0 deployed 3
scheduling: style2ada 512 200 4 cuda:1 2078
[13231  2082]
finished 9600b37d-53ff-4814-adfa-d1d9ddc47edb
[  3 733]
finished b1a54163-5f5a-4881-ac76-cec458cc022c
[  3 733]
pending 0 deployed 2
scheduling: style1 256 800 4 cuda:0 346
[349 733]
finished 806c386e-5332-4e8b-9cd5-08376c7904c4
[   3 2091]
pending 0 deployed 2
scheduling: style2 1024 100 4 cuda:0 3512
[3515 2091]
pending 0 deployed 3
scheduling: style1 256 400 4 cuda:0 346
[3861 2091]
finished 17d2cc09-45ef-4e6d-ae45-5bc1abb17c08
[3 4]
finished 1bb854ff-1348-4a35-91d4-633beb5ffd15
[3 4]
pending 0 deployed 2
scheduling: stylemap 1024 400 4 cuda:0 11376
[11379     4]
pending 0 deployed 3
scheduling: anycost 256 200 4 cuda:0 1040
[12419     4]
finished 14782ea1-9992-464c-83a2-5bbd4b9a4032
[10496     4]
finished 2e5d27ac-8cd9-4cd5-8825-f058a03eb08d
[10496     4]
pending 0 deployed 2
scheduling: style2ada 512 100 4 cuda:0 2078
[12574     4]
pending 0 deployed 3
scheduling: anycost 1024 200 4 cuda:0 3518
[16092     4]
pending 0 deployed 4
scheduling: swa 1024 100 4 cuda:1 1908
[16092  1912]
finished 252424d9-89c5-4efa-af5a-30263aecd049
[10901     4]
finished e7133781-cf32-4e20-be67-8efe9e3476c8
[10901     4]
[11349     4]
[11785     4]
[13425     4]
[14535  5397]
[14535  3257]
pending 0 deployed 3
scheduling: anycost 1024 200 4 cuda:0 3518
[18053  3257]
pending 0 deployed 4
scheduling: mobile 256 100 4 cuda:1 218
[18053  3475]
finished b1a9585d-5dfd-4ef2-ab47-fbf53af1d808
[18574     4]
pending 0 deployed 4
scheduling: style1 256 800 4 cuda:1 346
[18574   350]
pending 0 deployed 5
scheduling: anycost 1024 200 4 cuda:1 3518
[18574  3868]
pending 0 deployed 6
scheduling: anycost 256 100 4 cuda:1 1040
[18574  4908]
finished 27d57f0f-e04b-4148-9494-cacbf517c1ba
[16176  4224]
finished bac29702-be30-4b51-a725-182fbaab9a76
[16176  4224]
pending 0 deployed 5
scheduling: swa 256 100 4 cuda:0 632
[16808  4224]
finished 2c7924ed-d4f3-492d-ac05-036ae25d143e
[10496  2942]
finished 419a7a03-7669-4dab-b678-4454b6d8378f
[10496  2942]
pending 0 deployed 4
scheduling: stylemap 1024 400 4 cuda:0 11376
[21872  2942]
finished 22c4e0b1-3403-443a-878c-ff347776782e
[12381     4]
finished e43cfe68-5403-4d23-b063-7f6110074152
[12381     4]
pending 0 deployed 3
scheduling: style2 256 400 4 cuda:0 1038
[13419     4]
pending 0 deployed 4
scheduling: mobile 256 800 4 cuda:1 218
[13419   222]
pending 0 deployed 5
scheduling: mobile 256 400 4 cuda:1 218
[13419   440]
[22939  1185]
[23194  1185]
[23572  1346]
[23844  1938]
pending 0 deployed 6
scheduling: stylemap 256 800 4 cuda:1 3226
[23844  5164]
pending 0 deployed 7
scheduling: swa 256 200 4 cuda:1 632
[23844  5796]
finished 04dacb6a-aa2c-4b2b-b75d-8eefb518503b
[22939  3405]
finished 2ff5596a-e8d0-46f8-b254-97f38c78f7fc
[22939  3405]
pending 0 deployed 6
scheduling: style1 256 800 4 cuda:1 346
[22939  3751]
finished e495a1ad-d3f5-4479-87c4-91575c9a4ec3
[21054  6736]
pending 0 deployed 6
scheduling: style1 512 100 4 cuda:1 878
[21054  7614]
finished 13e8af4c-e8dc-47ea-b261-610659213fd8
[9801 8719]
finished cf187812-0eed-43ec-a5ec-c09f4be90f54
[9801 8719]
pending 0 deployed 5
scheduling: stylemap 512 400 4 cuda:0 5932
[15733  8719]
finished 2ddc4f75-0c76-4519-9884-bb1fbd2e4850
[8330 5470]
finished c5a4bb71-8059-4ce4-8b93-59f221d982af
[8330 5470]
10-25-2021 17:25:44 ResourceWatchDog ERROR    Finish time lookup for ubuntu94025/9d56f051-6571-4ec3-a9bd-a9966c93ed0d failed. Reason: 'NoneType' object is not iterable
pending 0 deployed 4
scheduling: style1 512 100 4 cuda:0 878
[9208 5470]
finished 1754480f-3b4d-41a3-b1aa-ea17ba452153
[9283 3405]
pending 0 deployed 4
scheduling: style2 256 100 4 cuda:0 1038
[10321  3405]
finished 88c6a1f2-9a60-4c19-9532-2d198e38d44f
[4990 3405]
pending 0 deployed 4
scheduling: style2 1024 400 4 cuda:0 3512
[8502 3405]
pending 0 deployed 5
scheduling: mobile 256 400 4 cuda:0 218
[8720 3405]
finished 67dc24c2-db9b-4a69-9319-edbf21959494
[7337 3405]
pending 0 deployed 5
scheduling: mobile 256 100 4 cuda:0 218
[7555 3405]
finished 02105dbb-9db9-4bc5-9d22-012e0b497a10
[9377 3405]
[9377 3405]
[9377 3405]
[9377 3405]
[9718 3405]
[10155  3405]
pending 0 deployed 5
scheduling: stylemap 1024 400 4 cuda:0 11376
[21531  3405]
pending 0 deployed 6
scheduling: style2 256 800 4 cuda:1 1038
[21531  4443]
finished 369474b8-b106-457e-890d-313c4d8bc3ad
[13292     4]
pending 0 deployed 6
scheduling: style2 1024 100 4 cuda:1 3512
[13292  3516]
finished 372ae1c3-3238-4d6f-ba4d-c2662b26da47
[8330 3039]
finished 9d56f051-6571-4ec3-a9bd-a9966c93ed0d
[8330 3039]
finished e569982f-3ba8-448b-abc3-b07892e10daf
[8330 3039]
finished f2f42964-95bd-43e8-b302-3fdfd65f8296
[8330 3039]
pending 0 deployed 3
scheduling: mobile 512 100 4 cuda:0 684
[9014 3039]
10-25-2021 17:27:03 Orchestrator INFO     Received stop signal for the Orchestrator. Cleaning up...




task_info={'f6769408-5726-4433-add5-dc2a0010936d': ('mobile', 1024, 'random', 100, 'cuda:0', 4, 1), 'dc7bc778-b9b7-4852-9801-899c7f3713e1': ('style2', 1024, 'random', 200, 'cuda:0', 4, 1), '424a95db-3cf7-44c1-9e9a-36b84aea9ca5': ('style1', 1024, 'random', 800, 'cuda:0', 4, 1), 'f31bb272-4029-435d-b908-e79842ca69e0': ('style1', 1024, 'random', 800, 'cuda:0', 4, 1), '0001a1f0-f631-4db1-8182-a5dae2996a5d': ('mobile', 512, 'random', 400, 'cuda:0', 4, 1), '2afb439c-7c03-4c5d-ba00-9b85329b9a0a': ('swa', 512, 'random', 100, 'cuda:0', 4, 1), '57be79b5-b606-4eb2-9ecd-7b216021be7d': ('swa', 256, 'interpolation', 400, 'cuda:0', 4, 1), 'c943d623-d8f0-435b-a779-09cc0dda7e20': ('anycost', 512, 'random', 800, 'cuda:0', 4, 1), 'daa5f906-1ccd-4b84-be96-71309c8ac8aa': ('mobile', 1024, 'interpolation', 400, 'cuda:0', 4, 1), '2785a747-8f35-40c2-815f-f2dced64c758': ('style2', 512, 'interpolation', 200, 'cuda:0', 4, 1), 'b4083f31-1eaa-4f86-8e74-ad00a3504e0b': ('stylemap', 1024, 'interpolation', 200, 'cuda:1', 2, 1), '9b117c81-8308-4102-b347-59d262ba970a': ('style2', 256, 'interpolation', 100, 'cuda:0', 4, 1), '900ed93d-7f61-40ec-bb27-188358edaa61': ('stylemap', 1024, 'interpolation', 200, 'cuda:0', 4, 1), '20cec6d2-f3b3-4a00-adcf-b383c47b828f': ('anycost', 256, 'interpolation', 400, 'cuda:0', 4, 1), 'e47cf36e-cf69-4cc1-8a25-eb603f479887': ('anycost', 1024, 'interpolation', 400, 'cuda:0', 4, 1), '0aaf8c7d-ac02-4101-83f5-3e42d7d0317a': ('style2ada', 512, 'interpolation', 200, 'cuda:0', 4, 1), '64bb9160-24dd-4297-b929-3d1453def13b': ('style1', 256, 'random', 100, 'cuda:0', 4, 1), '17713fd5-c5f1-4b11-94c3-607c1bf07062': ('style2ada', 512, 'interpolation', 800, 'cuda:0', 4, 1), '5dd12ed2-e1f2-4123-a59b-48dc3363f996': ('swa', 512, 'random', 400, 'cuda:1', 4, 1), '326fdd69-4ebb-4554-a1b2-5a63a32933d0': ('anycost', 1024, 'random', 400, 'cuda:1', 4, 1), 'b1a54163-5f5a-4881-ac76-cec458cc022c': ('anycost', 1024, 'interpolation', 800, 'cuda:0', 4, 1), '9bafa3ed-730f-46b3-94f9-6619a279cd3f': ('anycost', 256, 'random', 400, 'cuda:0', 4, 1), 'd134db64-866e-4fe5-a295-63032515791a': ('swa', 256, 'random', 200, 'cuda:1', 4, 1), '5d449311-e9e6-4689-8df6-b3934071b08c': ('mobile', 1024, 'interpolation', 100, 'cuda:0', 4, 1), '6109e8a9-69a3-4aff-90ec-c4f831626159': ('style2ada', 256, 'interpolation', 200, 'cuda:0', 4, 1), '3cf39205-01c7-47e7-9523-8ded782d4c75': ('anycost', 256, 'random', 400, 'cuda:0', 4, 1), '9600b37d-53ff-4814-adfa-d1d9ddc47edb': ('anycost', 256, 'random', 400, 'cuda:0', 4, 1), '806c386e-5332-4e8b-9cd5-08376c7904c4': ('style1', 512, 'random', 200, 'cuda:1', 4, 1), '17d2cc09-45ef-4e6d-ae45-5bc1abb17c08': ('style2ada', 512, 'random', 200, 'cuda:1', 4, 1), '1bb854ff-1348-4a35-91d4-633beb5ffd15': ('style1', 256, 'interpolation', 800, 'cuda:0', 4, 1), '2e5d27ac-8cd9-4cd5-8825-f058a03eb08d': ('style2', 1024, 'interpolation', 100, 'cuda:0', 4, 1), '14782ea1-9992-464c-83a2-5bbd4b9a4032': ('style1', 256, 'interpolation', 400, 'cuda:0', 4, 1), 'cf187812-0eed-43ec-a5ec-c09f4be90f54': ('stylemap', 1024, 'random', 400, 'cuda:0', 4, 1), 'e7133781-cf32-4e20-be67-8efe9e3476c8': ('anycost', 256, 'interpolation', 200, 'cuda:0', 4, 1), '252424d9-89c5-4efa-af5a-30263aecd049': ('style2ada', 512, 'interpolation', 100, 'cuda:0', 4, 1), '27d57f0f-e04b-4148-9494-cacbf517c1ba': ('anycost', 1024, 'random', 200, 'cuda:0', 4, 1), 'b1a9585d-5dfd-4ef2-ab47-fbf53af1d808': ('swa', 1024, 'interpolation', 100, 'cuda:1', 4, 1), '419a7a03-7669-4dab-b678-4454b6d8378f': ('anycost', 1024, 'random', 200, 'cuda:0', 4, 1), 'bac29702-be30-4b51-a725-182fbaab9a76': ('mobile', 256, 'interpolation', 100, 'cuda:1', 4, 1), '2c7924ed-d4f3-492d-ac05-036ae25d143e': ('style1', 256, 'interpolation', 800, 'cuda:1', 4, 1), '22c4e0b1-3403-443a-878c-ff347776782e': ('anycost', 1024, 'random', 200, 'cuda:1', 4, 1), 'e43cfe68-5403-4d23-b063-7f6110074152': ('anycost', 256, 'random', 100, 'cuda:1', 4, 1), 'e495a1ad-d3f5-4479-87c4-91575c9a4ec3': ('swa', 256, 'random', 100, 'cuda:0', 4, 1), '88c6a1f2-9a60-4c19-9532-2d198e38d44f': ('stylemap', 1024, 'random', 400, 'cuda:0', 4, 1), '13e8af4c-e8dc-47ea-b261-610659213fd8': ('style2', 256, 'random', 400, 'cuda:0', 4, 1), '04dacb6a-aa2c-4b2b-b75d-8eefb518503b': ('mobile', 256, 'random', 800, 'cuda:1', 4, 1), '2ff5596a-e8d0-46f8-b254-97f38c78f7fc': ('mobile', 256, 'random', 400, 'cuda:1', 4, 1), '369474b8-b106-457e-890d-313c4d8bc3ad': ('stylemap', 256, 'random', 800, 'cuda:1', 4, 1), '2ddc4f75-0c76-4519-9884-bb1fbd2e4850': ('swa', 256, 'random', 200, 'cuda:1', 4, 1), 'c5a4bb71-8059-4ce4-8b93-59f221d982af': ('style1', 256, 'interpolation', 800, 'cuda:1', 4, 1), '1754480f-3b4d-41a3-b1aa-ea17ba452153': ('style1', 512, 'interpolation', 100, 'cuda:1', 4, 1), '9d56f051-6571-4ec3-a9bd-a9966c93ed0d': ('stylemap', 512, 'interpolation', 400, 'cuda:0', 4, 1), '67dc24c2-db9b-4a69-9319-edbf21959494': ('style1', 512, 'random', 100, 'cuda:0', 4, 1), '02105dbb-9db9-4bc5-9d22-012e0b497a10': ('style2', 256, 'interpolation', 100, 'cuda:0', 4, 1), 'e569982f-3ba8-448b-abc3-b07892e10daf': ('style2', 1024, 'interpolation', 400, 'cuda:0', 4, 1), '372ae1c3-3238-4d6f-ba4d-c2662b26da47': ('mobile', 256, 'random', 400, 'cuda:0', 4, 1), 'f2f42964-95bd-43e8-b302-3fdfd65f8296': ('mobile', 256, 'random', 100, 'cuda:0', 4, 1), '1f4320fa-b698-4e12-ace4-62a8079abff1': ('stylemap', 1024, 'interpolation', 400, 'cuda:0', 4, 1), '19500a92-5585-4127-9f06-490af978f80a': ('style2', 256, 'interpolation', 800, 'cuda:1', 4, 1), 'b0f68a3e-aced-4de1-8de1-3912965f9965': ('style2', 1024, 'interpolation', 100, 'cuda:1', 4, 1), '5741a6b7-d1fd-4361-aebd-e83c5795101f': ('mobile', 512, 'random', 100, 'cuda:0', 4, 1)}
arrival_times={'f6769408-5726-4433-add5-dc2a0010936d': datetime.datetime(2021, 10, 25, 17, 17, 15, 660989), 'dc7bc778-b9b7-4852-9801-899c7f3713e1': datetime.datetime(2021, 10, 25, 17, 17, 20, 684743), '424a95db-3cf7-44c1-9e9a-36b84aea9ca5': datetime.datetime(2021, 10, 25, 17, 17, 31, 745330), 'f31bb272-4029-435d-b908-e79842ca69e0': datetime.datetime(2021, 10, 25, 17, 17, 45, 775310), '0001a1f0-f631-4db1-8182-a5dae2996a5d': datetime.datetime(2021, 10, 25, 17, 17, 52, 828788), '2afb439c-7c03-4c5d-ba00-9b85329b9a0a': datetime.datetime(2021, 10, 25, 17, 18, 0, 950908), '57be79b5-b606-4eb2-9ecd-7b216021be7d': datetime.datetime(2021, 10, 25, 17, 18, 10, 84925), 'c943d623-d8f0-435b-a779-09cc0dda7e20': datetime.datetime(2021, 10, 25, 17, 18, 21, 157518), 'daa5f906-1ccd-4b84-be96-71309c8ac8aa': datetime.datetime(2021, 10, 25, 17, 18, 29, 179024), '2785a747-8f35-40c2-815f-f2dced64c758': datetime.datetime(2021, 10, 25, 17, 18, 39, 275019), 'b4083f31-1eaa-4f86-8e74-ad00a3504e0b': datetime.datetime(2021, 10, 25, 17, 18, 47, 312777), '9b117c81-8308-4102-b347-59d262ba970a': datetime.datetime(2021, 10, 25, 17, 18, 57, 341223), '900ed93d-7f61-40ec-bb27-188358edaa61': datetime.datetime(2021, 10, 25, 17, 19, 8, 370178), '20cec6d2-f3b3-4a00-adcf-b383c47b828f': datetime.datetime(2021, 10, 25, 17, 19, 16, 392313), 'e47cf36e-cf69-4cc1-8a25-eb603f479887': datetime.datetime(2021, 10, 25, 17, 19, 28, 462539), '0aaf8c7d-ac02-4101-83f5-3e42d7d0317a': datetime.datetime(2021, 10, 25, 17, 19, 34, 551082), '64bb9160-24dd-4297-b929-3d1453def13b': datetime.datetime(2021, 10, 25, 17, 19, 41, 650124), '17713fd5-c5f1-4b11-94c3-607c1bf07062': datetime.datetime(2021, 10, 25, 17, 19, 49, 677370), '5dd12ed2-e1f2-4123-a59b-48dc3363f996': datetime.datetime(2021, 10, 25, 17, 19, 59, 729135), '326fdd69-4ebb-4554-a1b2-5a63a32933d0': datetime.datetime(2021, 10, 25, 17, 20, 5, 883365), 'b1a54163-5f5a-4881-ac76-cec458cc022c': datetime.datetime(2021, 10, 25, 17, 20, 7, 893004), '9bafa3ed-730f-46b3-94f9-6619a279cd3f': datetime.datetime(2021, 10, 25, 17, 20, 16, 920519), 'd134db64-866e-4fe5-a295-63032515791a': datetime.datetime(2021, 10, 25, 17, 20, 29, 963262), '5d449311-e9e6-4689-8df6-b3934071b08c': datetime.datetime(2021, 10, 25, 17, 20, 38, 29710), '6109e8a9-69a3-4aff-90ec-c4f831626159': datetime.datetime(2021, 10, 25, 17, 20, 44, 60950), '3cf39205-01c7-47e7-9523-8ded782d4c75': datetime.datetime(2021, 10, 25, 17, 20, 57, 241675), '9600b37d-53ff-4814-adfa-d1d9ddc47edb': datetime.datetime(2021, 10, 25, 17, 21, 9, 282069), '806c386e-5332-4e8b-9cd5-08376c7904c4': datetime.datetime(2021, 10, 25, 17, 21, 23, 517967), '17d2cc09-45ef-4e6d-ae45-5bc1abb17c08': datetime.datetime(2021, 10, 25, 17, 21, 31, 546211), '1bb854ff-1348-4a35-91d4-633beb5ffd15': datetime.datetime(2021, 10, 25, 17, 21, 44, 658587), '2e5d27ac-8cd9-4cd5-8825-f058a03eb08d': datetime.datetime(2021, 10, 25, 17, 21, 52, 738547), '14782ea1-9992-464c-83a2-5bbd4b9a4032': datetime.datetime(2021, 10, 25, 17, 22, 0, 766715), 'cf187812-0eed-43ec-a5ec-c09f4be90f54': datetime.datetime(2021, 10, 25, 17, 22, 12, 798495), 'e7133781-cf32-4e20-be67-8efe9e3476c8': datetime.datetime(2021, 10, 25, 17, 22, 27, 994138), '252424d9-89c5-4efa-af5a-30263aecd049': datetime.datetime(2021, 10, 25, 17, 22, 41, 31233), '27d57f0f-e04b-4148-9494-cacbf517c1ba': datetime.datetime(2021, 10, 25, 17, 22, 54, 150597), 'b1a9585d-5dfd-4ef2-ab47-fbf53af1d808': datetime.datetime(2021, 10, 25, 17, 23, 4, 182131), '419a7a03-7669-4dab-b678-4454b6d8378f': datetime.datetime(2021, 10, 25, 17, 23, 12, 262496), 'bac29702-be30-4b51-a725-182fbaab9a76': datetime.datetime(2021, 10, 25, 17, 23, 27, 330823), '2c7924ed-d4f3-492d-ac05-036ae25d143e': datetime.datetime(2021, 10, 25, 17, 23, 36, 387319), '22c4e0b1-3403-443a-878c-ff347776782e': datetime.datetime(2021, 10, 25, 17, 23, 43, 412409), 'e43cfe68-5403-4d23-b063-7f6110074152': datetime.datetime(2021, 10, 25, 17, 23, 51, 434640), 'e495a1ad-d3f5-4479-87c4-91575c9a4ec3': datetime.datetime(2021, 10, 25, 17, 24, 4, 475368), '88c6a1f2-9a60-4c19-9532-2d198e38d44f': datetime.datetime(2021, 10, 25, 17, 24, 19, 521862), '13e8af4c-e8dc-47ea-b261-610659213fd8': datetime.datetime(2021, 10, 25, 17, 24, 27, 549549), '04dacb6a-aa2c-4b2b-b75d-8eefb518503b': datetime.datetime(2021, 10, 25, 17, 24, 34, 570762), '2ff5596a-e8d0-46f8-b254-97f38c78f7fc': datetime.datetime(2021, 10, 25, 17, 24, 43, 679067), '369474b8-b106-457e-890d-313c4d8bc3ad': datetime.datetime(2021, 10, 25, 17, 24, 49, 708018), '2ddc4f75-0c76-4519-9884-bb1fbd2e4850': datetime.datetime(2021, 10, 25, 17, 25, 5, 755584), 'c5a4bb71-8059-4ce4-8b93-59f221d982af': datetime.datetime(2021, 10, 25, 17, 25, 15, 792718), '1754480f-3b4d-41a3-b1aa-ea17ba452153': datetime.datetime(2021, 10, 25, 17, 25, 33, 868507), '9d56f051-6571-4ec3-a9bd-a9966c93ed0d': datetime.datetime(2021, 10, 25, 17, 25, 44, 75738), '67dc24c2-db9b-4a69-9319-edbf21959494': datetime.datetime(2021, 10, 25, 17, 25, 52, 103208), '02105dbb-9db9-4bc5-9d22-012e0b497a10': datetime.datetime(2021, 10, 25, 17, 26, 3, 158170), 'e569982f-3ba8-448b-abc3-b07892e10daf': datetime.datetime(2021, 10, 25, 17, 26, 6, 285608), '372ae1c3-3238-4d6f-ba4d-c2662b26da47': datetime.datetime(2021, 10, 25, 17, 26, 21, 356209), 'f2f42964-95bd-43e8-b302-3fdfd65f8296': datetime.datetime(2021, 10, 25, 17, 26, 27, 475315), '1f4320fa-b698-4e12-ace4-62a8079abff1': datetime.datetime(2021, 10, 25, 17, 26, 35, 505775), '19500a92-5585-4127-9f06-490af978f80a': datetime.datetime(2021, 10, 25, 17, 26, 42, 674914), 'b0f68a3e-aced-4de1-8de1-3912965f9965': datetime.datetime(2021, 10, 25, 17, 26, 53, 881855), '5741a6b7-d1fd-4361-aebd-e83c5795101f': datetime.datetime(2021, 10, 25, 17, 27, 1, 910978)}
finish_times={'0001a1f0-f631-4db1-8182-a5dae2996a5d': (datetime.datetime(2021, 10, 25, 17, 17, 53, tzinfo=tzlocal()), datetime.datetime(2021, 10, 25, 17, 18, 6, tzinfo=tzlocal())), '02105dbb-9db9-4bc5-9d22-012e0b497a10': (datetime.datetime(2021, 10, 25, 17, 26, 4, tzinfo=tzlocal()), datetime.datetime(2021, 10, 25, 17, 26, 20, tzinfo=tzlocal())), '04dacb6a-aa2c-4b2b-b75d-8eefb518503b': (datetime.datetime(2021, 10, 25, 17, 24, 35, tzinfo=tzlocal()), datetime.datetime(2021, 10, 25, 17, 24, 52, tzinfo=tzlocal())), '0aaf8c7d-ac02-4101-83f5-3e42d7d0317a': (datetime.datetime(2021, 10, 25, 17, 19, 35, tzinfo=tzlocal()), datetime.datetime(2021, 10, 25, 17, 19, 57, tzinfo=tzlocal())), '13e8af4c-e8dc-47ea-b261-610659213fd8': (datetime.datetime(2021, 10, 25, 17, 24, 31, tzinfo=tzlocal()), datetime.datetime(2021, 10, 25, 17, 25, 21, tzinfo=tzlocal())), '14782ea1-9992-464c-83a2-5bbd4b9a4032': (datetime.datetime(2021, 10, 25, 17, 22, 2, tzinfo=tzlocal()), datetime.datetime(2021, 10, 25, 17, 22, 13, tzinfo=tzlocal())), '1754480f-3b4d-41a3-b1aa-ea17ba452153': (datetime.datetime(2021, 10, 25, 17, 25, 35, tzinfo=tzlocal()), datetime.datetime(2021, 10, 25, 17, 25, 50, tzinfo=tzlocal())), '17713fd5-c5f1-4b11-94c3-607c1bf07062': (datetime.datetime(2021, 10, 25, 17, 19, 50, tzinfo=tzlocal()), datetime.datetime(2021, 10, 25, 17, 20, 31, tzinfo=tzlocal())), '17d2cc09-45ef-4e6d-ae45-5bc1abb17c08': (datetime.datetime(2021, 10, 25, 17, 21, 33, tzinfo=tzlocal()), datetime.datetime(2021, 10, 25, 17, 21, 51, tzinfo=tzlocal())), '1bb854ff-1348-4a35-91d4-633beb5ffd15': (datetime.datetime(2021, 10, 25, 17, 21, 45, tzinfo=tzlocal()), datetime.datetime(2021, 10, 25, 17, 21, 57, tzinfo=tzlocal())), '20cec6d2-f3b3-4a00-adcf-b383c47b828f': (datetime.datetime(2021, 10, 25, 17, 19, 17, tzinfo=tzlocal()), datetime.datetime(2021, 10, 25, 17, 19, 42, tzinfo=tzlocal())), '22c4e0b1-3403-443a-878c-ff347776782e': (datetime.datetime(2021, 10, 25, 17, 23, 44, tzinfo=tzlocal()), datetime.datetime(2021, 10, 25, 17, 24, 10, tzinfo=tzlocal())), '252424d9-89c5-4efa-af5a-30263aecd049': (datetime.datetime(2021, 10, 25, 17, 22, 42, tzinfo=tzlocal()), datetime.datetime(2021, 10, 25, 17, 23, tzinfo=tzlocal())), '2785a747-8f35-40c2-815f-f2dced64c758': (datetime.datetime(2021, 10, 25, 17, 18, 40, tzinfo=tzlocal()), datetime.datetime(2021, 10, 25, 17, 18, 57, tzinfo=tzlocal())), '27d57f0f-e04b-4148-9494-cacbf517c1ba': (datetime.datetime(2021, 10, 25, 17, 22, 59, tzinfo=tzlocal()), datetime.datetime(2021, 10, 25, 17, 23, 42, tzinfo=tzlocal())), '2afb439c-7c03-4c5d-ba00-9b85329b9a0a': (datetime.datetime(2021, 10, 25, 17, 18, 2, tzinfo=tzlocal()), datetime.datetime(2021, 10, 25, 17, 18, 13, tzinfo=tzlocal())), '2c7924ed-d4f3-492d-ac05-036ae25d143e': (datetime.datetime(2021, 10, 25, 17, 23, 37, tzinfo=tzlocal()), datetime.datetime(2021, 10, 25, 17, 23, 51, tzinfo=tzlocal())), '2ddc4f75-0c76-4519-9884-bb1fbd2e4850': (datetime.datetime(2021, 10, 25, 17, 25, 6, tzinfo=tzlocal()), datetime.datetime(2021, 10, 25, 17, 25, 40, tzinfo=tzlocal())), '2e5d27ac-8cd9-4cd5-8825-f058a03eb08d': (datetime.datetime(2021, 10, 25, 17, 21, 57, tzinfo=tzlocal()), datetime.datetime(2021, 10, 25, 17, 22, 11, tzinfo=tzlocal())), '2ff5596a-e8d0-46f8-b254-97f38c78f7fc': (datetime.datetime(2021, 10, 25, 17, 24, 44, tzinfo=tzlocal()), datetime.datetime(2021, 10, 25, 17, 24, 58, tzinfo=tzlocal())), '326fdd69-4ebb-4554-a1b2-5a63a32933d0': (datetime.datetime(2021, 10, 25, 17, 20, 8, tzinfo=tzlocal()), datetime.datetime(2021, 10, 25, 17, 20, 58, tzinfo=tzlocal())), '369474b8-b106-457e-890d-313c4d8bc3ad': (datetime.datetime(2021, 10, 25, 17, 24, 51, tzinfo=tzlocal()), datetime.datetime(2021, 10, 25, 17, 26, 40, tzinfo=tzlocal())), '372ae1c3-3238-4d6f-ba4d-c2662b26da47': (datetime.datetime(2021, 10, 25, 17, 26, 32, tzinfo=tzlocal()), datetime.datetime(2021, 10, 25, 17, 26, 46, tzinfo=tzlocal())), '3cf39205-01c7-47e7-9523-8ded782d4c75': (datetime.datetime(2021, 10, 25, 17, 20, 58, tzinfo=tzlocal()), datetime.datetime(2021, 10, 25, 17, 21, 16, tzinfo=tzlocal())), '419a7a03-7669-4dab-b678-4454b6d8378f': (datetime.datetime(2021, 10, 25, 17, 23, 14, tzinfo=tzlocal()), datetime.datetime(2021, 10, 25, 17, 23, 57, tzinfo=tzlocal())), '424a95db-3cf7-44c1-9e9a-36b84aea9ca5': (datetime.datetime(2021, 10, 25, 17, 17, 33, tzinfo=tzlocal()), datetime.datetime(2021, 10, 25, 17, 17, 56, tzinfo=tzlocal())), '57be79b5-b606-4eb2-9ecd-7b216021be7d': (datetime.datetime(2021, 10, 25, 17, 18, 11, tzinfo=tzlocal()), datetime.datetime(2021, 10, 25, 17, 18, 23, tzinfo=tzlocal())), '5d449311-e9e6-4689-8df6-b3934071b08c': (datetime.datetime(2021, 10, 25, 17, 20, 39, tzinfo=tzlocal()), datetime.datetime(2021, 10, 25, 17, 20, 52, tzinfo=tzlocal())), '5dd12ed2-e1f2-4123-a59b-48dc3363f996': (datetime.datetime(2021, 10, 25, 17, 20, tzinfo=tzlocal()), datetime.datetime(2021, 10, 25, 17, 20, 38, tzinfo=tzlocal())), '6109e8a9-69a3-4aff-90ec-c4f831626159': (datetime.datetime(2021, 10, 25, 17, 20, 45, tzinfo=tzlocal()), datetime.datetime(2021, 10, 25, 17, 21, 6, tzinfo=tzlocal())), '64bb9160-24dd-4297-b929-3d1453def13b': (datetime.datetime(2021, 10, 25, 17, 19, 42, tzinfo=tzlocal()), datetime.datetime(2021, 10, 25, 17, 19, 53, tzinfo=tzlocal())), '67dc24c2-db9b-4a69-9319-edbf21959494': (datetime.datetime(2021, 10, 25, 17, 26, 1, tzinfo=tzlocal()), datetime.datetime(2021, 10, 25, 17, 26, 11, tzinfo=tzlocal())), '806c386e-5332-4e8b-9cd5-08376c7904c4': (datetime.datetime(2021, 10, 25, 17, 21, 27, tzinfo=tzlocal()), datetime.datetime(2021, 10, 25, 17, 21, 39, tzinfo=tzlocal())), '88c6a1f2-9a60-4c19-9532-2d198e38d44f': (datetime.datetime(2021, 10, 25, 17, 24, 20, tzinfo=tzlocal()), datetime.datetime(2021, 10, 25, 17, 25, 57, tzinfo=tzlocal())), '900ed93d-7f61-40ec-bb27-188358edaa61': (datetime.datetime(2021, 10, 25, 17, 19, 9, tzinfo=tzlocal()), datetime.datetime(2021, 10, 25, 17, 19, 57, tzinfo=tzlocal())), '9600b37d-53ff-4814-adfa-d1d9ddc47edb': (datetime.datetime(2021, 10, 25, 17, 21, 10, tzinfo=tzlocal()), datetime.datetime(2021, 10, 25, 17, 21, 27, tzinfo=tzlocal())), '9b117c81-8308-4102-b347-59d262ba970a': (datetime.datetime(2021, 10, 25, 17, 18, 58, tzinfo=tzlocal()), datetime.datetime(2021, 10, 25, 17, 19, 7, tzinfo=tzlocal())), '9bafa3ed-730f-46b3-94f9-6619a279cd3f': (datetime.datetime(2021, 10, 25, 17, 20, 34, tzinfo=tzlocal()), datetime.datetime(2021, 10, 25, 17, 20, 58, tzinfo=tzlocal())), '9d56f051-6571-4ec3-a9bd-a9966c93ed0d': (datetime.datetime(2021, 10, 25, 17, 25, 45, tzinfo=tzlocal()), datetime.datetime(2021, 10, 25, 17, 26, 43, tzinfo=tzlocal())), 'b1a54163-5f5a-4881-ac76-cec458cc022c': (datetime.datetime(2021, 10, 25, 17, 20, 34, tzinfo=tzlocal()), datetime.datetime(2021, 10, 25, 17, 21, 24, tzinfo=tzlocal())), 'b1a9585d-5dfd-4ef2-ab47-fbf53af1d808': (datetime.datetime(2021, 10, 25, 17, 23, 5, tzinfo=tzlocal()), datetime.datetime(2021, 10, 25, 17, 23, 25, tzinfo=tzlocal())), 'b4083f31-1eaa-4f86-8e74-ad00a3504e0b': (datetime.datetime(2021, 10, 25, 17, 18, 49, tzinfo=tzlocal()), datetime.datetime(2021, 10, 25, 17, 19, 58, tzinfo=tzlocal())), 'bac29702-be30-4b51-a725-182fbaab9a76': (datetime.datetime(2021, 10, 25, 17, 23, 29, tzinfo=tzlocal()), datetime.datetime(2021, 10, 25, 17, 23, 42, tzinfo=tzlocal())), 'c5a4bb71-8059-4ce4-8b93-59f221d982af': (datetime.datetime(2021, 10, 25, 17, 25, 16, tzinfo=tzlocal()), datetime.datetime(2021, 10, 25, 17, 25, 33, tzinfo=tzlocal())), 'c943d623-d8f0-435b-a779-09cc0dda7e20': (datetime.datetime(2021, 10, 25, 17, 18, 22, tzinfo=tzlocal()), datetime.datetime(2021, 10, 25, 17, 18, 53, tzinfo=tzlocal())), 'cf187812-0eed-43ec-a5ec-c09f4be90f54': (datetime.datetime(2021, 10, 25, 17, 22, 14, tzinfo=tzlocal()), datetime.datetime(2021, 10, 25, 17, 25, 23, tzinfo=tzlocal())), 'd134db64-866e-4fe5-a295-63032515791a': (datetime.datetime(2021, 10, 25, 17, 20, 31, tzinfo=tzlocal()), datetime.datetime(2021, 10, 25, 17, 20, 59, tzinfo=tzlocal())), 'daa5f906-1ccd-4b84-be96-71309c8ac8aa': (datetime.datetime(2021, 10, 25, 17, 18, 30, tzinfo=tzlocal()), datetime.datetime(2021, 10, 25, 17, 18, 51, tzinfo=tzlocal())), 'dc7bc778-b9b7-4852-9801-899c7f3713e1': (datetime.datetime(2021, 10, 25, 17, 17, 21, tzinfo=tzlocal()), datetime.datetime(2021, 10, 25, 17, 17, 39, tzinfo=tzlocal())), 'e43cfe68-5403-4d23-b063-7f6110074152': (datetime.datetime(2021, 10, 25, 17, 23, 58, tzinfo=tzlocal()), datetime.datetime(2021, 10, 25, 17, 24, 13, tzinfo=tzlocal())), 'e47cf36e-cf69-4cc1-8a25-eb603f479887': (datetime.datetime(2021, 10, 25, 17, 19, 57, tzinfo=tzlocal()), datetime.datetime(2021, 10, 25, 17, 20, 30, tzinfo=tzlocal())), 'e495a1ad-d3f5-4479-87c4-91575c9a4ec3': (datetime.datetime(2021, 10, 25, 17, 24, 5, tzinfo=tzlocal()), datetime.datetime(2021, 10, 25, 17, 25, 10, tzinfo=tzlocal())), 'e569982f-3ba8-448b-abc3-b07892e10daf': (datetime.datetime(2021, 10, 25, 17, 26, 8, tzinfo=tzlocal()), datetime.datetime(2021, 10, 25, 17, 26, 50, tzinfo=tzlocal())), 'e7133781-cf32-4e20-be67-8efe9e3476c8': (datetime.datetime(2021, 10, 25, 17, 22, 29, tzinfo=tzlocal()), datetime.datetime(2021, 10, 25, 17, 22, 58, tzinfo=tzlocal())), 'f2f42964-95bd-43e8-b302-3fdfd65f8296': (datetime.datetime(2021, 10, 25, 17, 26, 32, tzinfo=tzlocal()), datetime.datetime(2021, 10, 25, 17, 26, 44, tzinfo=tzlocal())), 'f31bb272-4029-435d-b908-e79842ca69e0': (datetime.datetime(2021, 10, 25, 17, 17, 46, tzinfo=tzlocal()), datetime.datetime(2021, 10, 25, 17, 18, 11, tzinfo=tzlocal())), 'f6769408-5726-4433-add5-dc2a0010936d': (datetime.datetime(2021, 10, 25, 17, 17, 17, tzinfo=tzlocal()), datetime.datetime(2021, 10, 25, 17, 17, 27, tzinfo=tzlocal()))}
restarts=3




id,network,job_type,image_size,num_imgs,device,batch_size,data_parallelism,response_time
f6769408,mobile,random,1024,100,cuda:0,4,1,11339
dc7bc778,style2,random,1024,200,cuda:0,4,1,18315
424a95db,style1,random,1024,800,cuda:0,4,1,24254
f31bb272,style1,random,1024,800,cuda:0,4,1,25224
0001a1f0,mobile,random,512,400,cuda:0,4,1,13171
2afb439c,swa,random,512,100,cuda:0,4,1,12049
57be79b5,swa,interpolation,256,400,cuda:0,4,1,12915
c943d623,anycost,random,512,800,cuda:0,4,1,31842
daa5f906,mobile,interpolation,1024,400,cuda:0,4,1,21820
2785a747,style2,interpolation,512,200,cuda:0,4,1,17724
b4083f31,stylemap,interpolation,1024,200,cuda:1,2,1,70687
9b117c81,style2,interpolation,256,100,cuda:0,4,1,9658
900ed93d,stylemap,interpolation,1024,200,cuda:0,4,1,48629
20cec6d2,anycost,interpolation,256,400,cuda:0,4,1,25607
e47cf36e,anycost,interpolation,1024,400,cuda:0,4,1,61537
0aaf8c7d,style2ada,interpolation,512,200,cuda:0,4,1,22448
64bb9160,style1,random,256,100,cuda:0,4,1,11349
17713fd5,style2ada,interpolation,512,800,cuda:0,4,1,41322
5dd12ed2,swa,random,512,400,cuda:1,4,1,38270
326fdd69,anycost,random,1024,400,cuda:1,4,1,52116
b1a54163,anycost,interpolation,1024,800,cuda:0,4,1,76106
9bafa3ed,anycost,random,256,400,cuda:0,4,1,41079
d134db64,swa,random,256,200,cuda:1,4,1,29036
5d449311,mobile,interpolation,1024,100,cuda:0,4,1,13970
6109e8a9,style2ada,interpolation,256,200,cuda:0,4,1,21939
3cf39205,anycost,random,256,400,cuda:0,4,1,18758
9600b37d,anycost,random,256,400,cuda:0,4,1,17717
806c386e,style1,random,512,200,cuda:1,4,1,15482
17d2cc09,style2ada,random,512,200,cuda:1,4,1,19453
1bb854ff,style1,interpolation,256,800,cuda:0,4,1,12341
2e5d27ac,style2,interpolation,1024,100,cuda:0,4,1,18261
14782ea1,style1,interpolation,256,400,cuda:0,4,1,12233
cf187812,stylemap,random,1024,400,cuda:0,4,1,190201
e7133781,anycost,interpolation,256,200,cuda:0,4,1,30005
252424d9,style2ada,interpolation,512,100,cuda:0,4,1,18968
27d57f0f,anycost,random,1024,200,cuda:0,4,1,47849
b1a9585d,swa,interpolation,1024,100,cuda:1,4,1,20817
419a7a03,anycost,random,1024,200,cuda:0,4,1,44737
bac29702,mobile,interpolation,256,100,cuda:1,4,1,14669
2c7924ed,style1,interpolation,256,800,cuda:1,4,1,14612
22c4e0b1,anycost,random,1024,200,cuda:1,4,1,26587
e43cfe68,anycost,random,256,100,cuda:1,4,1,21565
e495a1ad,swa,random,256,100,cuda:0,4,1,65524
88c6a1f2,stylemap,random,1024,400,cuda:0,4,1,97478
13e8af4c,style2,random,256,400,cuda:0,4,1,53450
04dacb6a,mobile,random,256,800,cuda:1,4,1,17429
2ff5596a,mobile,random,256,400,cuda:1,4,1,14320
369474b8,stylemap,random,256,800,cuda:1,4,1,110291
2ddc4f75,swa,random,256,200,cuda:1,4,1,34244
c5a4bb71,style1,interpolation,256,800,cuda:1,4,1,17207
1754480f,style1,interpolation,512,100,cuda:1,4,1,16131
9d56f051,stylemap,interpolation,512,400,cuda:0,4,1,58924
67dc24c2,style1,random,512,100,cuda:0,4,1,18896
02105dbb,style2,interpolation,256,100,cuda:0,4,1,16841
e569982f,style2,interpolation,1024,400,cuda:0,4,1,43714
372ae1c3,mobile,random,256,400,cuda:0,4,1,24643
f2f42964,mobile,random,256,100,cuda:0,4,1,16524
1f4320fa,stylemap,interpolation,1024,400,cuda:0,4,1,-1
19500a92,style2,interpolation,256,800,cuda:1,4,1,-1
b0f68a3e,style2,interpolation,1024,100,cuda:1,4,1,-1
5741a6b7,mobile,random,512,100,cuda:0,4,1,-1




