/usr/local/lib/python3.8/dist-packages/dataclasses_json/core.py:171: RuntimeWarning: `NoneType` object value of non-optional type config_path detected when decoding BareConfig.
  warnings.warn(f"`NoneType` object {warning}.", RuntimeWarning)
10-24-2021 23:17:36 root         INFO     Starting in cluster mode.
10-24-2021 23:17:36 root         INFO     Starting as Orchestrator
10-24-2021 23:17:36 root         INFO     Starting Orchestrator, initializing resources....
10-24-2021 23:17:36 root         INFO     Loading in cluster configuration file
10-24-2021 23:17:36 root         INFO     Pointing configuration to in cluster configuration.
10-24-2021 23:17:36 root         INFO     Starting cluster manager
10-24-2021 23:17:36 root         INFO     Starting arrival generator
10-24-2021 23:17:36 root         INFO     Starting orchestrator
10-24-2021 23:19:59 ResourceWatchDog ERROR    Finish time lookup for ubuntu94025/16be33b9-62d4-4f9c-a229-1bf5b21a8e72 failed. Reason: 'NoneType' object is not iterable
10-24-2021 23:20:37 ResourceWatchDog ERROR    Finish time lookup for ubuntu94025/6b81578d-1d0c-457e-b4c9-018ec22d4af4 failed. Reason: 'NoneType' object is not iterable
10-24-2021 23:21:03 ResourceWatchDog ERROR    Finish time lookup for ubuntu94025/4a958161-1e01-4a81-9b30-abe32b9c9fff failed. Reason: 'NoneType' object is not iterable
10-24-2021 23:21:07 ResourceWatchDog ERROR    Finish time lookup for ubuntu94025/75bdee95-ce4e-4588-a697-a8e376a91b07 failed. Reason: 'NoneType' object is not iterable
10-24-2021 23:22:14 ResourceWatchDog ERROR    Finish time lookup for ubuntu94025/c28a5595-9c5d-4abc-84bf-8a88982ba93e failed. Reason: 'NoneType' object is not iterable
10-24-2021 23:22:16 ResourceWatchDog ERROR    Finish time lookup for ubuntu94025/c28a5595-9c5d-4abc-84bf-8a88982ba93e failed. Reason: 'NoneType' object is not iterable
10-24-2021 23:23:14 ResourceWatchDog ERROR    Finish time lookup for ubuntu94025/68bd7fd6-cb33-414b-8274-255c3063f2ac failed. Reason: 'NoneType' object is not iterable
10-24-2021 23:23:15 ResourceWatchDog ERROR    Finish time lookup for ubuntu94025/886f877d-c9e5-494a-84c2-1344a8a9af4e failed. Reason: 'NoneType' object is not iterable
10-24-2021 23:23:20 ResourceWatchDog ERROR    Finish time lookup for ubuntu94025/5c71266c-3cee-47e7-8b83-2ab71f230d18 failed. Reason: 'NoneType' object is not iterable
10-24-2021 23:23:41 ResourceWatchDog ERROR    Finish time lookup for ubuntu94025/ec0fbeda-61fd-4b12-8079-00cac47d79d0 failed. Reason: 'NoneType' object is not iterable
10-24-2021 23:23:46 ResourceWatchDog ERROR    Finish time lookup for ubuntu94025/c188558c-83d2-45ad-b883-8109d3e8a18b failed. Reason: 'NoneType' object is not iterable
10-24-2021 23:23:48 ResourceWatchDog ERROR    Finish time lookup for ubuntu94025/62bde654-34b3-4ac7-9167-e1e4e33ae36f failed. Reason: 'NoneType' object is not iterable
10-24-2021 23:23:48 ResourceWatchDog ERROR    Finish time lookup for ubuntu94025/c188558c-83d2-45ad-b883-8109d3e8a18b failed. Reason: 'NoneType' object is not iterable
10-24-2021 23:23:50 ResourceWatchDog ERROR    Finish time lookup for ubuntu94025/125ddb78-e373-422c-856a-bac0cd6b6262 failed. Reason: 'NoneType' object is not iterable
10-24-2021 23:23:50 ResourceWatchDog ERROR    Finish time lookup for ubuntu94025/62bde654-34b3-4ac7-9167-e1e4e33ae36f failed. Reason: 'NoneType' object is not iterable
10-24-2021 23:23:51 ResourceWatchDog ERROR    Finish time lookup for ubuntu94025/125ddb78-e373-422c-856a-bac0cd6b6262 failed. Reason: 'NoneType' object is not iterable
10-24-2021 23:23:53 ResourceWatchDog ERROR    Finish time lookup for ubuntu94025/f789e1d7-2e2e-49eb-86fb-8c6887f2ad9a failed. Reason: 'NoneType' object is not iterable
10-24-2021 23:24:12 ResourceWatchDog ERROR    Finish time lookup for ubuntu94025/b1eb16ab-375a-4fee-b0da-83a747776eb8 failed. Reason: 'NoneType' object is not iterable
10-24-2021 23:24:20 ResourceWatchDog ERROR    Finish time lookup for ubuntu94025/083c8811-ec55-4594-b291-06506ce7f9fd failed. Reason: 'NoneType' object is not iterable
10-24-2021 23:24:20 ResourceWatchDog ERROR    Finish time lookup for ubuntu94025/419cbc9a-522f-4e16-9558-be3c71e19efc failed. Reason: 'NoneType' object is not iterable
10-24-2021 23:24:22 ResourceWatchDog ERROR    Finish time lookup for ubuntu94025/083c8811-ec55-4594-b291-06506ce7f9fd failed. Reason: 'NoneType' object is not iterable
10-24-2021 23:24:24 ResourceWatchDog ERROR    Finish time lookup for ubuntu94025/9dd8de44-62fd-45dd-b887-dc03808b92d7 failed. Reason: 'NoneType' object is not iterable
10-24-2021 23:24:43 ResourceWatchDog ERROR    Finish time lookup for ubuntu94025/11ccd6ed-7492-4217-8cf9-2c5989ebb214 failed. Reason: 'NoneType' object is not iterable
10-24-2021 23:24:45 ResourceWatchDog ERROR    Finish time lookup for ubuntu94025/11ccd6ed-7492-4217-8cf9-2c5989ebb214 failed. Reason: 'NoneType' object is not iterable
10-24-2021 23:24:50 ResourceWatchDog ERROR    Finish time lookup for ubuntu94025/2990f94e-f135-4c12-8136-b74f57c19f1f failed. Reason: 'NoneType' object is not iterable
10-24-2021 23:24:52 ResourceWatchDog ERROR    Finish time lookup for ubuntu94025/2990f94e-f135-4c12-8136-b74f57c19f1f failed. Reason: 'NoneType' object is not iterable
10-24-2021 23:24:52 ResourceWatchDog ERROR    Finish time lookup for ubuntu94025/dcfe3201-e57e-49ee-b2e7-51b0b085b25d failed. Reason: 'NoneType' object is not iterable
10-24-2021 23:24:54 ResourceWatchDog ERROR    Finish time lookup for ubuntu94025/dcfe3201-e57e-49ee-b2e7-51b0b085b25d failed. Reason: 'NoneType' object is not iterable
10-24-2021 23:24:58 ResourceWatchDog ERROR    Finish time lookup for ubuntu94025/527af292-92cb-4877-8baa-541bec1eb863 failed. Reason: 'NoneType' object is not iterable
10-24-2021 23:25:00 ResourceWatchDog ERROR    Finish time lookup for ubuntu94025/527af292-92cb-4877-8baa-541bec1eb863 failed. Reason: 'NoneType' object is not iterable
10-24-2021 23:25:19 ResourceWatchDog ERROR    Finish time lookup for ubuntu94025/6ab74c85-a5de-4345-9972-883c57783933 failed. Reason: 'NoneType' object is not iterable
10-24-2021 23:25:21 ResourceWatchDog ERROR    Finish time lookup for ubuntu94025/5debedfd-735d-425d-baad-3d8cf5f7336f failed. Reason: 'NoneType' object is not iterable
10-24-2021 23:25:21 ResourceWatchDog ERROR    Finish time lookup for ubuntu94025/6ab74c85-a5de-4345-9972-883c57783933 failed. Reason: 'NoneType' object is not iterable
10-24-2021 23:25:23 ResourceWatchDog ERROR    Finish time lookup for ubuntu94025/0c75c972-a5ba-4629-a3af-cfe3d608611e failed. Reason: 'NoneType' object is not iterable
10-24-2021 23:25:23 ResourceWatchDog ERROR    Finish time lookup for ubuntu94025/5debedfd-735d-425d-baad-3d8cf5f7336f failed. Reason: 'NoneType' object is not iterable
10-24-2021 23:25:23 ResourceWatchDog ERROR    Finish time lookup for ubuntu94025/6ab74c85-a5de-4345-9972-883c57783933 failed. Reason: 'NoneType' object is not iterable
10-24-2021 23:25:24 ResourceWatchDog ERROR    Finish time lookup for ubuntu94025/0c75c972-a5ba-4629-a3af-cfe3d608611e failed. Reason: 'NoneType' object is not iterable
10-24-2021 23:25:24 ResourceWatchDog ERROR    Finish time lookup for ubuntu94025/384c3f3b-8a80-4c8b-a762-3d5e5393d402 failed. Reason: 'NoneType' object is not iterable
10-24-2021 23:25:24 ResourceWatchDog ERROR    Finish time lookup for ubuntu94025/5debedfd-735d-425d-baad-3d8cf5f7336f failed. Reason: 'NoneType' object is not iterable
10-24-2021 23:25:26 ResourceWatchDog ERROR    Finish time lookup for ubuntu94025/0c75c972-a5ba-4629-a3af-cfe3d608611e failed. Reason: 'NoneType' object is not iterable
10-24-2021 23:25:26 ResourceWatchDog ERROR    Finish time lookup for ubuntu94025/384c3f3b-8a80-4c8b-a762-3d5e5393d402 failed. Reason: 'NoneType' object is not iterable
10-24-2021 23:25:28 ResourceWatchDog ERROR    Finish time lookup for ubuntu94025/0c75c972-a5ba-4629-a3af-cfe3d608611e failed. Reason: 'NoneType' object is not iterable
10-24-2021 23:25:28 ResourceWatchDog ERROR    Finish time lookup for ubuntu94025/384c3f3b-8a80-4c8b-a762-3d5e5393d402 failed. Reason: 'NoneType' object is not iterable
10-24-2021 23:25:30 ResourceWatchDog ERROR    Finish time lookup for ubuntu94025/0c75c972-a5ba-4629-a3af-cfe3d608611e failed. Reason: 'NoneType' object is not iterable
10-24-2021 23:25:30 ResourceWatchDog ERROR    Finish time lookup for ubuntu94025/384c3f3b-8a80-4c8b-a762-3d5e5393d402 failed. Reason: 'NoneType' object is not iterable
10-24-2021 23:25:31 ResourceWatchDog ERROR    Finish time lookup for ubuntu94025/0c75c972-a5ba-4629-a3af-cfe3d608611e failed. Reason: 'NoneType' object is not iterable
10-24-2021 23:25:31 ResourceWatchDog ERROR    Finish time lookup for ubuntu94025/384c3f3b-8a80-4c8b-a762-3d5e5393d402 failed. Reason: 'NoneType' object is not iterable
10-24-2021 23:25:33 ResourceWatchDog ERROR    Finish time lookup for ubuntu94025/0c75c972-a5ba-4629-a3af-cfe3d608611e failed. Reason: 'NoneType' object is not iterable
10-24-2021 23:25:33 ResourceWatchDog ERROR    Finish time lookup for ubuntu94025/384c3f3b-8a80-4c8b-a762-3d5e5393d402 failed. Reason: 'NoneType' object is not iterable
10-24-2021 23:25:47 ResourceWatchDog ERROR    Finish time lookup for ubuntu94025/59c66c18-037b-4a70-a964-fd3ea84629c5 failed. Reason: 'NoneType' object is not iterable
10-24-2021 23:25:48 ResourceWatchDog ERROR    Finish time lookup for ubuntu94025/59c66c18-037b-4a70-a964-fd3ea84629c5 failed. Reason: 'NoneType' object is not iterable
10-24-2021 23:25:50 ResourceWatchDog ERROR    Finish time lookup for ubuntu94025/59c66c18-037b-4a70-a964-fd3ea84629c5 failed. Reason: 'NoneType' object is not iterable
10-24-2021 23:25:50 ResourceWatchDog ERROR    Finish time lookup for ubuntu94025/c5e129ba-0400-4952-bafc-49742310d6ee failed. Reason: 'NoneType' object is not iterable
10-24-2021 23:25:52 ResourceWatchDog ERROR    Finish time lookup for ubuntu94025/2f99f87d-4969-4154-8480-44f06e1397b6 failed. Reason: 'NoneType' object is not iterable
10-24-2021 23:25:52 ResourceWatchDog ERROR    Finish time lookup for ubuntu94025/59c66c18-037b-4a70-a964-fd3ea84629c5 failed. Reason: 'NoneType' object is not iterable
10-24-2021 23:25:52 ResourceWatchDog ERROR    Finish time lookup for ubuntu94025/c5e129ba-0400-4952-bafc-49742310d6ee failed. Reason: 'NoneType' object is not iterable
10-24-2021 23:25:54 ResourceWatchDog ERROR    Finish time lookup for ubuntu94025/59c66c18-037b-4a70-a964-fd3ea84629c5 failed. Reason: 'NoneType' object is not iterable
10-24-2021 23:25:54 ResourceWatchDog ERROR    Finish time lookup for ubuntu94025/c5e129ba-0400-4952-bafc-49742310d6ee failed. Reason: 'NoneType' object is not iterable
10-24-2021 23:25:55 ResourceWatchDog ERROR    Finish time lookup for ubuntu94025/59c66c18-037b-4a70-a964-fd3ea84629c5 failed. Reason: 'NoneType' object is not iterable
10-24-2021 23:25:55 ResourceWatchDog ERROR    Finish time lookup for ubuntu94025/cbd6a111-be9b-4a02-973d-91135d821b89 failed. Reason: 'NoneType' object is not iterable
10-24-2021 23:25:57 ResourceWatchDog ERROR    Finish time lookup for ubuntu94025/59c66c18-037b-4a70-a964-fd3ea84629c5 failed. Reason: 'NoneType' object is not iterable
10-24-2021 23:25:57 ResourceWatchDog ERROR    Finish time lookup for ubuntu94025/bea30602-94b2-41bb-bb2c-5d2f77201f2b failed. Reason: 'NoneType' object is not iterable
10-24-2021 23:25:57 ResourceWatchDog ERROR    Finish time lookup for ubuntu94025/cbd6a111-be9b-4a02-973d-91135d821b89 failed. Reason: 'NoneType' object is not iterable
10-24-2021 23:25:59 ResourceWatchDog ERROR    Finish time lookup for ubuntu94025/59c66c18-037b-4a70-a964-fd3ea84629c5 failed. Reason: 'NoneType' object is not iterable
10-24-2021 23:25:59 ResourceWatchDog ERROR    Finish time lookup for ubuntu94025/bea30602-94b2-41bb-bb2c-5d2f77201f2b failed. Reason: 'NoneType' object is not iterable
10-24-2021 23:25:59 ResourceWatchDog ERROR    Finish time lookup for ubuntu94025/cbd6a111-be9b-4a02-973d-91135d821b89 failed. Reason: 'NoneType' object is not iterable
10-24-2021 23:26:01 ResourceWatchDog ERROR    Finish time lookup for ubuntu94025/bea30602-94b2-41bb-bb2c-5d2f77201f2b failed. Reason: 'NoneType' object is not iterable
10-24-2021 23:26:01 ResourceWatchDog ERROR    Finish time lookup for ubuntu94025/cbd6a111-be9b-4a02-973d-91135d821b89 failed. Reason: 'NoneType' object is not iterable
10-24-2021 23:26:03 ResourceWatchDog ERROR    Finish time lookup for ubuntu94025/2fb00b50-0a3c-4db5-8482-8c3f6a796e40 failed. Reason: 'NoneType' object is not iterable
10-24-2021 23:26:03 ResourceWatchDog ERROR    Finish time lookup for ubuntu94025/bea30602-94b2-41bb-bb2c-5d2f77201f2b failed. Reason: 'NoneType' object is not iterable
10-24-2021 23:26:03 ResourceWatchDog ERROR    Finish time lookup for ubuntu94025/cbd6a111-be9b-4a02-973d-91135d821b89 failed. Reason: 'NoneType' object is not iterable
10-24-2021 23:26:04 ResourceWatchDog ERROR    Finish time lookup for ubuntu94025/2fb00b50-0a3c-4db5-8482-8c3f6a796e40 failed. Reason: 'NoneType' object is not iterable
10-24-2021 23:26:04 ResourceWatchDog ERROR    Finish time lookup for ubuntu94025/bea30602-94b2-41bb-bb2c-5d2f77201f2b failed. Reason: 'NoneType' object is not iterable
10-24-2021 23:26:04 ResourceWatchDog ERROR    Finish time lookup for ubuntu94025/cbd6a111-be9b-4a02-973d-91135d821b89 failed. Reason: 'NoneType' object is not iterable
10-24-2021 23:26:06 ResourceWatchDog ERROR    Finish time lookup for ubuntu94025/2fb00b50-0a3c-4db5-8482-8c3f6a796e40 failed. Reason: 'NoneType' object is not iterable
10-24-2021 23:26:06 ResourceWatchDog ERROR    Finish time lookup for ubuntu94025/bea30602-94b2-41bb-bb2c-5d2f77201f2b failed. Reason: 'NoneType' object is not iterable
10-24-2021 23:26:06 ResourceWatchDog ERROR    Finish time lookup for ubuntu94025/cbd6a111-be9b-4a02-973d-91135d821b89 failed. Reason: 'NoneType' object is not iterable
10-24-2021 23:26:08 ResourceWatchDog ERROR    Finish time lookup for ubuntu94025/2fb00b50-0a3c-4db5-8482-8c3f6a796e40 failed. Reason: 'NoneType' object is not iterable
10-24-2021 23:26:08 ResourceWatchDog ERROR    Finish time lookup for ubuntu94025/bea30602-94b2-41bb-bb2c-5d2f77201f2b failed. Reason: 'NoneType' object is not iterable
10-24-2021 23:26:08 ResourceWatchDog ERROR    Finish time lookup for ubuntu94025/cbd6a111-be9b-4a02-973d-91135d821b89 failed. Reason: 'NoneType' object is not iterable
10-24-2021 23:26:10 ResourceWatchDog ERROR    Finish time lookup for ubuntu94025/2fb00b50-0a3c-4db5-8482-8c3f6a796e40 failed. Reason: 'NoneType' object is not iterable
10-24-2021 23:26:10 ResourceWatchDog ERROR    Finish time lookup for ubuntu94025/cbd6a111-be9b-4a02-973d-91135d821b89 failed. Reason: 'NoneType' object is not iterable
10-24-2021 23:26:12 ResourceWatchDog ERROR    Finish time lookup for ubuntu94025/2fb00b50-0a3c-4db5-8482-8c3f6a796e40 failed. Reason: 'NoneType' object is not iterable
10-24-2021 23:26:21 ResourceWatchDog ERROR    Finish time lookup for ubuntu94025/99640cdb-4ee8-452e-a898-473b317275d1 failed. Reason: 'NoneType' object is not iterable
10-24-2021 23:26:21 ResourceWatchDog ERROR    Finish time lookup for ubuntu94025/fddd9d56-88e4-4c3a-9dbe-4c352d520989 failed. Reason: 'NoneType' object is not iterable
10-24-2021 23:26:23 ResourceWatchDog ERROR    Finish time lookup for ubuntu94025/99640cdb-4ee8-452e-a898-473b317275d1 failed. Reason: 'NoneType' object is not iterable
10-24-2021 23:26:23 ResourceWatchDog ERROR    Finish time lookup for ubuntu94025/d0f98e1a-74e4-4f5c-95ed-bbd6037970c5 failed. Reason: 'NoneType' object is not iterable
10-24-2021 23:26:23 ResourceWatchDog ERROR    Finish time lookup for ubuntu94025/fddd9d56-88e4-4c3a-9dbe-4c352d520989 failed. Reason: 'NoneType' object is not iterable
10-24-2021 23:26:25 ResourceWatchDog ERROR    Finish time lookup for ubuntu94025/99640cdb-4ee8-452e-a898-473b317275d1 failed. Reason: 'NoneType' object is not iterable
10-24-2021 23:26:25 ResourceWatchDog ERROR    Finish time lookup for ubuntu94025/d0f98e1a-74e4-4f5c-95ed-bbd6037970c5 failed. Reason: 'NoneType' object is not iterable
10-24-2021 23:26:25 ResourceWatchDog ERROR    Finish time lookup for ubuntu94025/fddd9d56-88e4-4c3a-9dbe-4c352d520989 failed. Reason: 'NoneType' object is not iterable
10-24-2021 23:26:27 ResourceWatchDog ERROR    Finish time lookup for ubuntu94025/99640cdb-4ee8-452e-a898-473b317275d1 failed. Reason: 'NoneType' object is not iterable
10-24-2021 23:26:27 ResourceWatchDog ERROR    Finish time lookup for ubuntu94025/d0f98e1a-74e4-4f5c-95ed-bbd6037970c5 failed. Reason: 'NoneType' object is not iterable
10-24-2021 23:26:27 ResourceWatchDog ERROR    Finish time lookup for ubuntu94025/fddd9d56-88e4-4c3a-9dbe-4c352d520989 failed. Reason: 'NoneType' object is not iterable
10-24-2021 23:26:29 ResourceWatchDog ERROR    Finish time lookup for ubuntu94025/1a67e07a-ae5a-4451-839f-c009da89e925 failed. Reason: 'NoneType' object is not iterable
10-24-2021 23:26:29 ResourceWatchDog ERROR    Finish time lookup for ubuntu94025/4983dc51-cec6-4705-881e-716eec26575f failed. Reason: 'NoneType' object is not iterable
10-24-2021 23:26:29 ResourceWatchDog ERROR    Finish time lookup for ubuntu94025/99640cdb-4ee8-452e-a898-473b317275d1 failed. Reason: 'NoneType' object is not iterable
10-24-2021 23:26:29 ResourceWatchDog ERROR    Finish time lookup for ubuntu94025/d0f98e1a-74e4-4f5c-95ed-bbd6037970c5 failed. Reason: 'NoneType' object is not iterable
10-24-2021 23:26:29 ResourceWatchDog ERROR    Finish time lookup for ubuntu94025/fddd9d56-88e4-4c3a-9dbe-4c352d520989 failed. Reason: 'NoneType' object is not iterable
10-24-2021 23:26:31 ResourceWatchDog ERROR    Finish time lookup for ubuntu94025/12783564-9c99-40b4-93f8-d1d681c227cb failed. Reason: 'NoneType' object is not iterable
10-24-2021 23:26:31 ResourceWatchDog ERROR    Finish time lookup for ubuntu94025/1a67e07a-ae5a-4451-839f-c009da89e925 failed. Reason: 'NoneType' object is not iterable
10-24-2021 23:26:31 ResourceWatchDog ERROR    Finish time lookup for ubuntu94025/4983dc51-cec6-4705-881e-716eec26575f failed. Reason: 'NoneType' object is not iterable
10-24-2021 23:26:31 ResourceWatchDog ERROR    Finish time lookup for ubuntu94025/99640cdb-4ee8-452e-a898-473b317275d1 failed. Reason: 'NoneType' object is not iterable
10-24-2021 23:26:33 ResourceWatchDog ERROR    Finish time lookup for ubuntu94025/0754b073-be2b-49af-968d-0bb0833e3c0f failed. Reason: 'NoneType' object is not iterable
10-24-2021 23:26:33 ResourceWatchDog ERROR    Finish time lookup for ubuntu94025/12783564-9c99-40b4-93f8-d1d681c227cb failed. Reason: 'NoneType' object is not iterable
10-24-2021 23:26:33 ResourceWatchDog ERROR    Finish time lookup for ubuntu94025/1a67e07a-ae5a-4451-839f-c009da89e925 failed. Reason: 'NoneType' object is not iterable
10-24-2021 23:26:33 ResourceWatchDog ERROR    Finish time lookup for ubuntu94025/4983dc51-cec6-4705-881e-716eec26575f failed. Reason: 'NoneType' object is not iterable
10-24-2021 23:26:35 ResourceWatchDog ERROR    Finish time lookup for ubuntu94025/0754b073-be2b-49af-968d-0bb0833e3c0f failed. Reason: 'NoneType' object is not iterable
10-24-2021 23:26:35 ResourceWatchDog ERROR    Finish time lookup for ubuntu94025/12783564-9c99-40b4-93f8-d1d681c227cb failed. Reason: 'NoneType' object is not iterable
10-24-2021 23:26:35 ResourceWatchDog ERROR    Finish time lookup for ubuntu94025/4983dc51-cec6-4705-881e-716eec26575f failed. Reason: 'NoneType' object is not iterable
10-24-2021 23:26:36 ResourceWatchDog ERROR    Finish time lookup for ubuntu94025/0754b073-be2b-49af-968d-0bb0833e3c0f failed. Reason: 'NoneType' object is not iterable
10-24-2021 23:26:36 ResourceWatchDog ERROR    Finish time lookup for ubuntu94025/4983dc51-cec6-4705-881e-716eec26575f failed. Reason: 'NoneType' object is not iterable
10-24-2021 23:26:38 ResourceWatchDog ERROR    Finish time lookup for ubuntu94025/0754b073-be2b-49af-968d-0bb0833e3c0f failed. Reason: 'NoneType' object is not iterable
10-24-2021 23:26:38 ResourceWatchDog ERROR    Finish time lookup for ubuntu94025/4983dc51-cec6-4705-881e-716eec26575f failed. Reason: 'NoneType' object is not iterable
10-24-2021 23:26:40 ResourceWatchDog ERROR    Finish time lookup for ubuntu94025/0754b073-be2b-49af-968d-0bb0833e3c0f failed. Reason: 'NoneType' object is not iterable
10-24-2021 23:26:40 ResourceWatchDog ERROR    Finish time lookup for ubuntu94025/4983dc51-cec6-4705-881e-716eec26575f failed. Reason: 'NoneType' object is not iterable
10-24-2021 23:26:42 ResourceWatchDog ERROR    Finish time lookup for ubuntu94025/0754b073-be2b-49af-968d-0bb0833e3c0f failed. Reason: 'NoneType' object is not iterable
10-24-2021 23:26:42 ResourceWatchDog ERROR    Finish time lookup for ubuntu94025/4983dc51-cec6-4705-881e-716eec26575f failed. Reason: 'NoneType' object is not iterable
10-24-2021 23:26:44 ResourceWatchDog ERROR    Finish time lookup for ubuntu94025/0754b073-be2b-49af-968d-0bb0833e3c0f failed. Reason: 'NoneType' object is not iterable
10-24-2021 23:26:44 ResourceWatchDog ERROR    Finish time lookup for ubuntu94025/4983dc51-cec6-4705-881e-716eec26575f failed. Reason: 'NoneType' object is not iterable
10-24-2021 23:26:46 ResourceWatchDog ERROR    Finish time lookup for ubuntu94025/0754b073-be2b-49af-968d-0bb0833e3c0f failed. Reason: 'NoneType' object is not iterable
10-24-2021 23:26:46 ResourceWatchDog ERROR    Finish time lookup for ubuntu94025/4983dc51-cec6-4705-881e-716eec26575f failed. Reason: 'NoneType' object is not iterable
10-24-2021 23:26:48 ResourceWatchDog ERROR    Finish time lookup for ubuntu94025/0754b073-be2b-49af-968d-0bb0833e3c0f failed. Reason: 'NoneType' object is not iterable
10-24-2021 23:26:48 ResourceWatchDog ERROR    Finish time lookup for ubuntu94025/4983dc51-cec6-4705-881e-716eec26575f failed. Reason: 'NoneType' object is not iterable
10-24-2021 23:26:50 ResourceWatchDog ERROR    Finish time lookup for ubuntu94025/0754b073-be2b-49af-968d-0bb0833e3c0f failed. Reason: 'NoneType' object is not iterable
10-24-2021 23:26:50 ResourceWatchDog ERROR    Finish time lookup for ubuntu94025/4983dc51-cec6-4705-881e-716eec26575f failed. Reason: 'NoneType' object is not iterable
10-24-2021 23:26:52 ResourceWatchDog ERROR    Finish time lookup for ubuntu94025/8fab970c-8bb9-4029-9b1f-d7853c6dc418 failed. Reason: 'NoneType' object is not iterable
10-24-2021 23:26:52 ResourceWatchDog ERROR    Finish time lookup for ubuntu94025/e46dfb39-3bf8-45d4-a017-5c9472d833fa failed. Reason: 'NoneType' object is not iterable
10-24-2021 23:26:54 ResourceWatchDog ERROR    Finish time lookup for ubuntu94025/8fab970c-8bb9-4029-9b1f-d7853c6dc418 failed. Reason: 'NoneType' object is not iterable
10-24-2021 23:26:54 ResourceWatchDog ERROR    Finish time lookup for ubuntu94025/e46dfb39-3bf8-45d4-a017-5c9472d833fa failed. Reason: 'NoneType' object is not iterable
10-24-2021 23:26:56 ResourceWatchDog ERROR    Finish time lookup for ubuntu94025/8fab970c-8bb9-4029-9b1f-d7853c6dc418 failed. Reason: 'NoneType' object is not iterable
10-24-2021 23:26:56 ResourceWatchDog ERROR    Finish time lookup for ubuntu94025/e46dfb39-3bf8-45d4-a017-5c9472d833fa failed. Reason: 'NoneType' object is not iterable
10-24-2021 23:26:58 ResourceWatchDog ERROR    Finish time lookup for ubuntu94025/574914d5-c2cc-475c-871c-935d07dfe0b4 failed. Reason: 'NoneType' object is not iterable
10-24-2021 23:26:58 ResourceWatchDog ERROR    Finish time lookup for ubuntu94025/8fab970c-8bb9-4029-9b1f-d7853c6dc418 failed. Reason: 'NoneType' object is not iterable
10-24-2021 23:26:58 ResourceWatchDog ERROR    Finish time lookup for ubuntu94025/e46dfb39-3bf8-45d4-a017-5c9472d833fa failed. Reason: 'NoneType' object is not iterable
10-24-2021 23:27:00 ResourceWatchDog ERROR    Finish time lookup for ubuntu94025/4c8b02a5-9c1f-4369-8408-1b80c6d2db24 failed. Reason: 'NoneType' object is not iterable
10-24-2021 23:27:00 ResourceWatchDog ERROR    Finish time lookup for ubuntu94025/574914d5-c2cc-475c-871c-935d07dfe0b4 failed. Reason: 'NoneType' object is not iterable
10-24-2021 23:27:00 ResourceWatchDog ERROR    Finish time lookup for ubuntu94025/8fab970c-8bb9-4029-9b1f-d7853c6dc418 failed. Reason: 'NoneType' object is not iterable
10-24-2021 23:27:00 ResourceWatchDog ERROR    Finish time lookup for ubuntu94025/e46dfb39-3bf8-45d4-a017-5c9472d833fa failed. Reason: 'NoneType' object is not iterable
10-24-2021 23:27:02 ResourceWatchDog ERROR    Finish time lookup for ubuntu94025/4c8b02a5-9c1f-4369-8408-1b80c6d2db24 failed. Reason: 'NoneType' object is not iterable
10-24-2021 23:27:02 ResourceWatchDog ERROR    Finish time lookup for ubuntu94025/574914d5-c2cc-475c-871c-935d07dfe0b4 failed. Reason: 'NoneType' object is not iterable
10-24-2021 23:27:02 ResourceWatchDog ERROR    Finish time lookup for ubuntu94025/8fab970c-8bb9-4029-9b1f-d7853c6dc418 failed. Reason: 'NoneType' object is not iterable
10-24-2021 23:27:02 ResourceWatchDog ERROR    Finish time lookup for ubuntu94025/a3a4ce38-ebfa-4a47-8e4c-b506f576a9f0 failed. Reason: 'NoneType' object is not iterable
10-24-2021 23:27:03 ResourceWatchDog ERROR    Finish time lookup for ubuntu94025/4c8b02a5-9c1f-4369-8408-1b80c6d2db24 failed. Reason: 'NoneType' object is not iterable
10-24-2021 23:27:03 ResourceWatchDog ERROR    Finish time lookup for ubuntu94025/574914d5-c2cc-475c-871c-935d07dfe0b4 failed. Reason: 'NoneType' object is not iterable
10-24-2021 23:27:03 ResourceWatchDog ERROR    Finish time lookup for ubuntu94025/8fab970c-8bb9-4029-9b1f-d7853c6dc418 failed. Reason: 'NoneType' object is not iterable
10-24-2021 23:27:03 ResourceWatchDog ERROR    Finish time lookup for ubuntu94025/a3a4ce38-ebfa-4a47-8e4c-b506f576a9f0 failed. Reason: 'NoneType' object is not iterable
10-24-2021 23:27:03 ResourceWatchDog ERROR    Finish time lookup for ubuntu94025/e7269219-6b8c-468b-80e1-e2a461a5a787 failed. Reason: 'NoneType' object is not iterable
10-24-2021 23:27:05 ResourceWatchDog ERROR    Finish time lookup for ubuntu94025/4c8b02a5-9c1f-4369-8408-1b80c6d2db24 failed. Reason: 'NoneType' object is not iterable
10-24-2021 23:27:05 ResourceWatchDog ERROR    Finish time lookup for ubuntu94025/574914d5-c2cc-475c-871c-935d07dfe0b4 failed. Reason: 'NoneType' object is not iterable
10-24-2021 23:27:05 ResourceWatchDog ERROR    Finish time lookup for ubuntu94025/5b095f4c-0017-4217-b3ed-107d437054d6 failed. Reason: 'NoneType' object is not iterable
10-24-2021 23:27:05 ResourceWatchDog ERROR    Finish time lookup for ubuntu94025/8fab970c-8bb9-4029-9b1f-d7853c6dc418 failed. Reason: 'NoneType' object is not iterable
10-24-2021 23:27:05 ResourceWatchDog ERROR    Finish time lookup for ubuntu94025/a3a4ce38-ebfa-4a47-8e4c-b506f576a9f0 failed. Reason: 'NoneType' object is not iterable
10-24-2021 23:27:05 ResourceWatchDog ERROR    Finish time lookup for ubuntu94025/e7269219-6b8c-468b-80e1-e2a461a5a787 failed. Reason: 'NoneType' object is not iterable
10-24-2021 23:27:07 ResourceWatchDog ERROR    Finish time lookup for ubuntu94025/4c8b02a5-9c1f-4369-8408-1b80c6d2db24 failed. Reason: 'NoneType' object is not iterable
10-24-2021 23:27:07 ResourceWatchDog ERROR    Finish time lookup for ubuntu94025/574914d5-c2cc-475c-871c-935d07dfe0b4 failed. Reason: 'NoneType' object is not iterable
10-24-2021 23:27:07 ResourceWatchDog ERROR    Finish time lookup for ubuntu94025/5b095f4c-0017-4217-b3ed-107d437054d6 failed. Reason: 'NoneType' object is not iterable
10-24-2021 23:27:07 ResourceWatchDog ERROR    Finish time lookup for ubuntu94025/a3a4ce38-ebfa-4a47-8e4c-b506f576a9f0 failed. Reason: 'NoneType' object is not iterable
10-24-2021 23:27:07 ResourceWatchDog ERROR    Finish time lookup for ubuntu94025/e7269219-6b8c-468b-80e1-e2a461a5a787 failed. Reason: 'NoneType' object is not iterable
10-24-2021 23:27:09 ResourceWatchDog ERROR    Finish time lookup for ubuntu94025/4c8b02a5-9c1f-4369-8408-1b80c6d2db24 failed. Reason: 'NoneType' object is not iterable
10-24-2021 23:27:09 ResourceWatchDog ERROR    Finish time lookup for ubuntu94025/574914d5-c2cc-475c-871c-935d07dfe0b4 failed. Reason: 'NoneType' object is not iterable
10-24-2021 23:27:09 ResourceWatchDog ERROR    Finish time lookup for ubuntu94025/5b095f4c-0017-4217-b3ed-107d437054d6 failed. Reason: 'NoneType' object is not iterable
10-24-2021 23:27:09 ResourceWatchDog ERROR    Finish time lookup for ubuntu94025/a3a4ce38-ebfa-4a47-8e4c-b506f576a9f0 failed. Reason: 'NoneType' object is not iterable
10-24-2021 23:27:09 ResourceWatchDog ERROR    Finish time lookup for ubuntu94025/e7269219-6b8c-468b-80e1-e2a461a5a787 failed. Reason: 'NoneType' object is not iterable
10-24-2021 23:27:11 ResourceWatchDog ERROR    Finish time lookup for ubuntu94025/4c8b02a5-9c1f-4369-8408-1b80c6d2db24 failed. Reason: 'NoneType' object is not iterable
10-24-2021 23:27:11 ResourceWatchDog ERROR    Finish time lookup for ubuntu94025/574914d5-c2cc-475c-871c-935d07dfe0b4 failed. Reason: 'NoneType' object is not iterable
10-24-2021 23:27:11 ResourceWatchDog ERROR    Finish time lookup for ubuntu94025/5b095f4c-0017-4217-b3ed-107d437054d6 failed. Reason: 'NoneType' object is not iterable
10-24-2021 23:27:11 ResourceWatchDog ERROR    Finish time lookup for ubuntu94025/a3a4ce38-ebfa-4a47-8e4c-b506f576a9f0 failed. Reason: 'NoneType' object is not iterable
10-24-2021 23:27:11 ResourceWatchDog ERROR    Finish time lookup for ubuntu94025/e7269219-6b8c-468b-80e1-e2a461a5a787 failed. Reason: 'NoneType' object is not iterable
10-24-2021 23:27:13 ResourceWatchDog ERROR    Finish time lookup for ubuntu94025/4c8b02a5-9c1f-4369-8408-1b80c6d2db24 failed. Reason: 'NoneType' object is not iterable
10-24-2021 23:27:13 ResourceWatchDog ERROR    Finish time lookup for ubuntu94025/574914d5-c2cc-475c-871c-935d07dfe0b4 failed. Reason: 'NoneType' object is not iterable
10-24-2021 23:27:13 ResourceWatchDog ERROR    Finish time lookup for ubuntu94025/a3a4ce38-ebfa-4a47-8e4c-b506f576a9f0 failed. Reason: 'NoneType' object is not iterable
10-24-2021 23:27:13 ResourceWatchDog ERROR    Finish time lookup for ubuntu94025/e7269219-6b8c-468b-80e1-e2a461a5a787 failed. Reason: 'NoneType' object is not iterable
10-24-2021 23:27:15 ResourceWatchDog ERROR    Finish time lookup for ubuntu94025/4c8b02a5-9c1f-4369-8408-1b80c6d2db24 failed. Reason: 'NoneType' object is not iterable
10-24-2021 23:27:15 ResourceWatchDog ERROR    Finish time lookup for ubuntu94025/574914d5-c2cc-475c-871c-935d07dfe0b4 failed. Reason: 'NoneType' object is not iterable
10-24-2021 23:27:15 ResourceWatchDog ERROR    Finish time lookup for ubuntu94025/a3a4ce38-ebfa-4a47-8e4c-b506f576a9f0 failed. Reason: 'NoneType' object is not iterable
10-24-2021 23:27:15 ResourceWatchDog ERROR    Finish time lookup for ubuntu94025/e7269219-6b8c-468b-80e1-e2a461a5a787 failed. Reason: 'NoneType' object is not iterable
10-24-2021 23:27:16 ResourceWatchDog ERROR    Finish time lookup for ubuntu94025/4c8b02a5-9c1f-4369-8408-1b80c6d2db24 failed. Reason: 'NoneType' object is not iterable
10-24-2021 23:27:16 ResourceWatchDog ERROR    Finish time lookup for ubuntu94025/574914d5-c2cc-475c-871c-935d07dfe0b4 failed. Reason: 'NoneType' object is not iterable
10-24-2021 23:27:16 ResourceWatchDog ERROR    Finish time lookup for ubuntu94025/a3a4ce38-ebfa-4a47-8e4c-b506f576a9f0 failed. Reason: 'NoneType' object is not iterable
10-24-2021 23:27:16 ResourceWatchDog ERROR    Finish time lookup for ubuntu94025/e7269219-6b8c-468b-80e1-e2a461a5a787 failed. Reason: 'NoneType' object is not iterable
10-24-2021 23:27:18 ResourceWatchDog ERROR    Finish time lookup for ubuntu94025/4c8b02a5-9c1f-4369-8408-1b80c6d2db24 failed. Reason: 'NoneType' object is not iterable
10-24-2021 23:27:18 ResourceWatchDog ERROR    Finish time lookup for ubuntu94025/574914d5-c2cc-475c-871c-935d07dfe0b4 failed. Reason: 'NoneType' object is not iterable
10-24-2021 23:27:18 ResourceWatchDog ERROR    Finish time lookup for ubuntu94025/a3a4ce38-ebfa-4a47-8e4c-b506f576a9f0 failed. Reason: 'NoneType' object is not iterable
10-24-2021 23:27:18 ResourceWatchDog ERROR    Finish time lookup for ubuntu94025/e7269219-6b8c-468b-80e1-e2a461a5a787 failed. Reason: 'NoneType' object is not iterable
10-24-2021 23:27:20 ResourceWatchDog ERROR    Finish time lookup for ubuntu94025/574914d5-c2cc-475c-871c-935d07dfe0b4 failed. Reason: 'NoneType' object is not iterable
10-24-2021 23:27:20 ResourceWatchDog ERROR    Finish time lookup for ubuntu94025/a3a4ce38-ebfa-4a47-8e4c-b506f576a9f0 failed. Reason: 'NoneType' object is not iterable
10-24-2021 23:27:20 ResourceWatchDog ERROR    Finish time lookup for ubuntu94025/bf098a72-644d-4ad5-b1b9-56ed719792a8 failed. Reason: 'NoneType' object is not iterable
10-24-2021 23:27:22 ResourceWatchDog ERROR    Finish time lookup for ubuntu94025/574914d5-c2cc-475c-871c-935d07dfe0b4 failed. Reason: 'NoneType' object is not iterable
10-24-2021 23:27:22 ResourceWatchDog ERROR    Finish time lookup for ubuntu94025/6830d824-a352-4460-baab-0fa1a458026d failed. Reason: 'NoneType' object is not iterable
10-24-2021 23:27:22 ResourceWatchDog ERROR    Finish time lookup for ubuntu94025/bf098a72-644d-4ad5-b1b9-56ed719792a8 failed. Reason: 'NoneType' object is not iterable
10-24-2021 23:27:24 ResourceWatchDog ERROR    Finish time lookup for ubuntu94025/6830d824-a352-4460-baab-0fa1a458026d failed. Reason: 'NoneType' object is not iterable
10-24-2021 23:27:24 ResourceWatchDog ERROR    Finish time lookup for ubuntu94025/bf098a72-644d-4ad5-b1b9-56ed719792a8 failed. Reason: 'NoneType' object is not iterable
10-24-2021 23:27:26 ResourceWatchDog ERROR    Finish time lookup for ubuntu94025/6830d824-a352-4460-baab-0fa1a458026d failed. Reason: 'NoneType' object is not iterable
10-24-2021 23:27:26 ResourceWatchDog ERROR    Finish time lookup for ubuntu94025/bf098a72-644d-4ad5-b1b9-56ed719792a8 failed. Reason: 'NoneType' object is not iterable
10-24-2021 23:27:28 ResourceWatchDog ERROR    Finish time lookup for ubuntu94025/650e5d63-4601-459f-bbc2-8ffbba62a45c failed. Reason: 'NoneType' object is not iterable
10-24-2021 23:27:28 ResourceWatchDog ERROR    Finish time lookup for ubuntu94025/6830d824-a352-4460-baab-0fa1a458026d failed. Reason: 'NoneType' object is not iterable
10-24-2021 23:27:28 ResourceWatchDog ERROR    Finish time lookup for ubuntu94025/bf098a72-644d-4ad5-b1b9-56ed719792a8 failed. Reason: 'NoneType' object is not iterable
10-24-2021 23:27:30 ResourceWatchDog ERROR    Finish time lookup for ubuntu94025/650e5d63-4601-459f-bbc2-8ffbba62a45c failed. Reason: 'NoneType' object is not iterable
10-24-2021 23:27:30 ResourceWatchDog ERROR    Finish time lookup for ubuntu94025/bf098a72-644d-4ad5-b1b9-56ed719792a8 failed. Reason: 'NoneType' object is not iterable
10-24-2021 23:27:32 ResourceWatchDog ERROR    Finish time lookup for ubuntu94025/650e5d63-4601-459f-bbc2-8ffbba62a45c failed. Reason: 'NoneType' object is not iterable
10-24-2021 23:27:32 ResourceWatchDog ERROR    Finish time lookup for ubuntu94025/bf098a72-644d-4ad5-b1b9-56ed719792a8 failed. Reason: 'NoneType' object is not iterable
10-24-2021 23:27:32 ResourceWatchDog ERROR    Finish time lookup for ubuntu94025/e736600c-ef14-4c0d-9391-b7a2953b7b9b failed. Reason: 'NoneType' object is not iterable
10-24-2021 23:27:34 ResourceWatchDog ERROR    Finish time lookup for ubuntu94025/06185735-9913-41f7-a00b-68e881f2e4ba failed. Reason: 'NoneType' object is not iterable
10-24-2021 23:27:34 ResourceWatchDog ERROR    Finish time lookup for ubuntu94025/2f611557-dfe5-496c-81bf-da9da1a30b0b failed. Reason: 'NoneType' object is not iterable
10-24-2021 23:27:34 ResourceWatchDog ERROR    Finish time lookup for ubuntu94025/e736600c-ef14-4c0d-9391-b7a2953b7b9b failed. Reason: 'NoneType' object is not iterable
10-24-2021 23:27:36 ResourceWatchDog ERROR    Finish time lookup for ubuntu94025/06185735-9913-41f7-a00b-68e881f2e4ba failed. Reason: 'NoneType' object is not iterable
10-24-2021 23:27:36 ResourceWatchDog ERROR    Finish time lookup for ubuntu94025/2f611557-dfe5-496c-81bf-da9da1a30b0b failed. Reason: 'NoneType' object is not iterable
10-24-2021 23:27:36 ResourceWatchDog ERROR    Finish time lookup for ubuntu94025/e736600c-ef14-4c0d-9391-b7a2953b7b9b failed. Reason: 'NoneType' object is not iterable
10-24-2021 23:27:38 ResourceWatchDog ERROR    Finish time lookup for ubuntu94025/06185735-9913-41f7-a00b-68e881f2e4ba failed. Reason: 'NoneType' object is not iterable
10-24-2021 23:27:38 ResourceWatchDog ERROR    Finish time lookup for ubuntu94025/2f611557-dfe5-496c-81bf-da9da1a30b0b failed. Reason: 'NoneType' object is not iterable
10-24-2021 23:27:38 ResourceWatchDog ERROR    Finish time lookup for ubuntu94025/e736600c-ef14-4c0d-9391-b7a2953b7b9b failed. Reason: 'NoneType' object is not iterable
10-24-2021 23:27:40 ResourceWatchDog ERROR    Finish time lookup for ubuntu94025/06185735-9913-41f7-a00b-68e881f2e4ba failed. Reason: 'NoneType' object is not iterable
10-24-2021 23:27:40 ResourceWatchDog ERROR    Finish time lookup for ubuntu94025/2f611557-dfe5-496c-81bf-da9da1a30b0b failed. Reason: 'NoneType' object is not iterable
10-24-2021 23:27:40 ResourceWatchDog ERROR    Finish time lookup for ubuntu94025/e736600c-ef14-4c0d-9391-b7a2953b7b9b failed. Reason: 'NoneType' object is not iterable
10-24-2021 23:27:42 ResourceWatchDog ERROR    Finish time lookup for ubuntu94025/06185735-9913-41f7-a00b-68e881f2e4ba failed. Reason: 'NoneType' object is not iterable
10-24-2021 23:27:42 ResourceWatchDog ERROR    Finish time lookup for ubuntu94025/2f611557-dfe5-496c-81bf-da9da1a30b0b failed. Reason: 'NoneType' object is not iterable
10-24-2021 23:27:42 ResourceWatchDog ERROR    Finish time lookup for ubuntu94025/e736600c-ef14-4c0d-9391-b7a2953b7b9b failed. Reason: 'NoneType' object is not iterable
10-24-2021 23:27:44 ResourceWatchDog ERROR    Finish time lookup for ubuntu94025/06185735-9913-41f7-a00b-68e881f2e4ba failed. Reason: 'NoneType' object is not iterable
10-24-2021 23:27:44 ResourceWatchDog ERROR    Finish time lookup for ubuntu94025/2f611557-dfe5-496c-81bf-da9da1a30b0b failed. Reason: 'NoneType' object is not iterable
10-24-2021 23:27:44 ResourceWatchDog ERROR    Finish time lookup for ubuntu94025/e736600c-ef14-4c0d-9391-b7a2953b7b9b failed. Reason: 'NoneType' object is not iterable
10-24-2021 23:27:46 ResourceWatchDog ERROR    Finish time lookup for ubuntu94025/06185735-9913-41f7-a00b-68e881f2e4ba failed. Reason: 'NoneType' object is not iterable
10-24-2021 23:27:46 ResourceWatchDog ERROR    Finish time lookup for ubuntu94025/2f611557-dfe5-496c-81bf-da9da1a30b0b failed. Reason: 'NoneType' object is not iterable
10-24-2021 23:27:46 ResourceWatchDog ERROR    Finish time lookup for ubuntu94025/e736600c-ef14-4c0d-9391-b7a2953b7b9b failed. Reason: 'NoneType' object is not iterable




task_info={UUID('16f7a569-c348-44c9-9bf1-421e6c1ce5e4'): ('style1', 1024, 'random', 800, 'cuda:1', 8, 1), UUID('a875ce2e-82b1-46b5-928f-6ce84845edc3'): ('stylemap', 1024, 'random', 200, 'cuda:0', 8, 1), UUID('3397ae4d-9daa-4e1f-a809-8c2b13b3cb03'): ('anycost', 1024, 'interpolation', 400, 'cuda:0', 8, 1), UUID('42f86dc4-94e4-45a5-bef9-a661792bc54d'): ('style2ada', 1024, 'interpolation', 100, 'cuda:1', 8, 1), UUID('c2ec3684-b3b8-4389-8752-a43718e900f6'): ('anycost', 256, 'interpolation', 100, 'cuda:0', 8, 1), UUID('6f0160af-88b3-484c-b0f2-2970f9eff634'): ('mobile', 1024, 'interpolation', 800, 'cuda:0', 8, 1), UUID('c63a3a31-dec2-45e1-9226-887367a7e1d9'): ('swa', 512, 'interpolation', 800, 'cuda:1', 8, 1), UUID('20f75bbe-d8d1-4a50-b0ab-7a884879fc97'): ('swa', 256, 'interpolation', 200, 'cuda:0', 8, 1), UUID('f562486f-2ff2-4999-8ba5-36443958f634'): ('anycost', 256, 'interpolation', 400, 'cuda:1', 8, 1), UUID('f78b7b8b-89ba-49b5-918a-163dd7c5d167'): ('anycost', 512, 'interpolation', 100, 'cuda:0', 8, 1), UUID('b9ccd223-b6bf-40ff-aa56-7f526a63e8d8'): ('style1', 256, 'interpolation', 800, 'cuda:0', 8, 1), UUID('bd96d836-ac6b-49aa-8278-7013245b96ff'): ('anycost', 1024, 'random', 200, 'cuda:1', 8, 1), UUID('11d48b41-6612-4e3f-ab2c-6ea85f653753'): ('swa', 512, 'random', 200, 'cuda:0', 8, 1), UUID('7f7407b4-0c31-4830-9e55-4d38a43f001c'): ('mobile', 1024, 'random', 200, 'cuda:1', 8, 1), UUID('9ee33f4c-34b3-4beb-b907-4654fd40822a'): ('style1', 512, 'interpolation', 100, 'cuda:0', 8, 1), UUID('3f850f70-e7d9-4256-a214-590b6c535631'): ('mobile', 256, 'interpolation', 100, 'cuda:0', 8, 1), UUID('e63fecf5-4d83-4049-8a73-a1724744d652'): ('anycost', 256, 'interpolation', 800, 'cuda:1', 8, 1), UUID('045d7da3-ad27-4fd0-9ee3-82eafc36a7af'): ('style2', 256, 'random', 800, 'cuda:0', 8, 1), UUID('351dc3dc-5223-494c-8a44-395a23426d1b'): ('style2', 1024, 'random', 200, 'cuda:1', 8, 1), UUID('e7bdaf4e-1cb1-45e2-8fda-70bd6eafd86e'): ('style2ada', 512, 'interpolation', 200, 'cuda:0', 8, 1), UUID('971a0936-1066-4af8-ad90-c6620d3acfe6'): ('style2', 256, 'interpolation', 100, 'cuda:0', 8, 1), UUID('1f7f411b-cc3b-46ae-8772-f581d65c1257'): ('stylemap', 1024, 'random', 200, 'cuda:0', 8, 1), UUID('a416685d-6034-4638-9507-5d5fffe8f0ff'): ('style1', 1024, 'random', 800, 'cuda:0', 8, 1), UUID('25655885-c85a-42f1-9a95-f30d3143527b'): ('style2', 512, 'interpolation', 400, 'cuda:1', 8, 1), UUID('39c6fe06-0052-4a46-8be7-4944a1280951'): ('anycost', 256, 'random', 200, 'cuda:0', 8, 1), UUID('89a30e4c-56e5-4824-a3cc-a83de7a4662e'): ('swa', 256, 'interpolation', 800, 'cuda:1', 8, 1), UUID('cb419dd8-c255-468c-abfb-e031357f8130'): ('mobile', 256, 'random', 800, 'cuda:1', 8, 1), UUID('91fcf514-3a81-4fae-8156-fd11d36ed1fe'): ('swa', 256, 'interpolation', 400, 'cuda:0', 8, 1), UUID('16be33b9-62d4-4f9c-a229-1bf5b21a8e72'): ('stylemap', 256, 'random', 400, 'cuda:0', 8, 1), UUID('ddfcae91-9301-4289-ab1d-6b0f617ff2a3'): ('style1', 256, 'random', 200, 'cuda:0', 8, 1), UUID('928efd0b-45eb-4ea2-b192-41b5779be134'): ('stylemap', 1024, 'random', 800, 'cuda:0', 8, 1), UUID('eafa3fcf-299a-4513-bb87-50219e552175'): ('style2ada', 256, 'interpolation', 800, 'cuda:1', 8, 1), UUID('d039bda8-5142-44eb-bf09-eac9a02b410c'): ('anycost', 256, 'random', 200, 'cuda:1', 8, 1), UUID('66fd7100-c2e6-4ebe-ac52-ad5d61e285d0'): ('style1', 1024, 'interpolation', 100, 'cuda:1', 8, 1), UUID('19f9d7b7-a48f-40b6-8a01-7ef93e2fd608'): ('mobile', 1024, 'interpolation', 800, 'cuda:0', 8, 1), UUID('e3482b8f-b4b2-4e60-86ba-8b1b4d802dd5'): ('style2ada', 512, 'interpolation', 100, 'cuda:0', 8, 1), UUID('6b81578d-1d0c-457e-b4c9-018ec22d4af4'): ('style2', 1024, 'random', 800, 'cuda:1', 8, 1), UUID('9585789f-91c6-485c-b89f-5bed7e5b3878'): ('mobile', 1024, 'random', 200, 'cuda:0', 8, 1), UUID('5d96818b-9f29-48a0-96d2-d93850af8448'): ('mobile', 256, 'random', 200, 'cuda:0', 8, 1), UUID('a0c059a2-5c3a-4cd2-a417-fa5b218f4141'): ('style1', 1024, 'interpolation', 400, 'cuda:1', 8, 1), UUID('4a958161-1e01-4a81-9b30-abe32b9c9fff'): ('anycost', 256, 'random', 200, 'cuda:0', 8, 1), UUID('75bdee95-ce4e-4588-a697-a8e376a91b07'): ('anycost', 512, 'random', 400, 'cuda:1', 8, 1), UUID('c4aec31c-09ef-49ca-afc5-7edd8cd463d4'): ('style1', 256, 'interpolation', 800, 'cuda:0', 8, 1), UUID('faaa2432-0e53-4c09-b0fb-b6d6d02f8eb6'): ('style1', 512, 'random', 400, 'cuda:1', 8, 1), UUID('bcf51c1d-c89a-4154-9642-5548adaccb5c'): ('anycost', 512, 'interpolation', 100, 'cuda:0', 8, 1), UUID('ea73171c-98d3-49d5-b2a7-044a4d7367b1'): ('stylemap', 512, 'interpolation', 100, 'cuda:0', 8, 1), UUID('b66620a6-fbd7-4c91-8866-f781be804410'): ('style1', 512, 'random', 200, 'cuda:1', 8, 1), UUID('4241bd41-5ac8-4139-acf9-84ea284644ef'): ('stylemap', 256, 'random', 200, 'cuda:0', 8, 1), UUID('26216f4f-e018-41e9-be23-6e19de462b78'): ('anycost', 1024, 'random', 400, 'cuda:1', 8, 1), UUID('62bfc264-1ef3-4213-9672-59a6a69d82af'): ('stylemap', 512, 'random', 400, 'cuda:0', 8, 1), UUID('687564b3-e774-41bf-9f75-099c9365758e'): ('mobile', 256, 'interpolation', 400, 'cuda:0', 8, 1), UUID('38ad555f-21c1-4cf6-84aa-751c8877106b'): ('swa', 256, 'random', 200, 'cuda:0', 8, 1), UUID('9e163e4b-fb60-4401-998f-11c5ae3a3a25'): ('style2', 512, 'random', 400, 'cuda:1', 8, 1), UUID('58274033-5072-438e-868d-ea2aac547e47'): ('style1', 256, 'random', 800, 'cuda:0', 8, 1), UUID('c28a5595-9c5d-4abc-84bf-8a88982ba93e'): ('style2', 512, 'interpolation', 800, 'cuda:0', 8, 1), UUID('2d10f9b7-f810-462b-af19-849cc04e08ff'): ('swa', 512, 'interpolation', 100, 'cuda:1', 8, 1), UUID('328b4e66-a0f7-4889-9411-9cf01292ab92'): ('style2', 256, 'random', 200, 'cuda:0', 8, 1), UUID('550695d3-eacc-486d-a727-98e7e0335a32'): ('style2ada', 256, 'random', 400, 'cuda:0', 8, 1), UUID('9f385b46-abde-4cf5-aa8a-a8a99ced5727'): ('anycost', 256, 'interpolation', 200, 'cuda:0', 8, 1), UUID('9f590459-2a82-4bd2-a52f-c4dea35be959'): ('swa', 1024, 'random', 400, 'cuda:1', 8, 1), UUID('bd410af4-5e79-4e53-a89e-ab3bb5583c29'): ('swa', 256, 'random', 200, 'cuda:1', 8, 1), UUID('a265c725-93b1-4339-97e9-1e14738930ec'): ('mobile', 512, 'interpolation', 100, 'cuda:1', 8, 1), UUID('6aa9c5db-e9a6-442a-8aec-04c36946bc08'): ('style1', 256, 'interpolation', 400, 'cuda:1', 8, 1), UUID('e3a45608-c70a-473e-a757-4b1876ade750'): ('style2ada', 512, 'interpolation', 400, 'cuda:0', 8, 1), UUID('79592961-6ebd-45bc-be73-e8a47c2b569d'): ('style2ada', 256, 'random', 400, 'cuda:0', 8, 1), UUID('3fd11507-6085-4c5e-bdea-af2833178f8c'): ('swa', 256, 'random', 800, 'cuda:0', 8, 1), UUID('68bd7fd6-cb33-414b-8274-255c3063f2ac'): ('style2ada', 512, 'interpolation', 800, 'cuda:0', 8, 1), UUID('886f877d-c9e5-494a-84c2-1344a8a9af4e'): ('mobile', 256, 'random', 800, 'cuda:0', 8, 1), UUID('5c71266c-3cee-47e7-8b83-2ab71f230d18'): ('mobile', 256, 'random', 800, 'cuda:0', 8, 1), UUID('f8c79ee0-83bb-4900-ad38-d2c99167e5de'): ('style2ada', 1024, 'interpolation', 200, 'cuda:1', 8, 1), UUID('ec0fbeda-61fd-4b12-8079-00cac47d79d0'): ('style1', 1024, 'random', 800, 'cuda:1', 8, 1), UUID('4a3bc3ff-6c2d-44ae-a4ce-aa8b759ff10c'): ('swa', 512, 'random', 800, 'cuda:0', 8, 1), UUID('c188558c-83d2-45ad-b883-8109d3e8a18b'): ('stylemap', 512, 'interpolation', 200, 'cuda:0', 8, 1), UUID('62bde654-34b3-4ac7-9167-e1e4e33ae36f'): ('stylemap', 256, 'random', 200, 'cuda:1', 8, 1), UUID('125ddb78-e373-422c-856a-bac0cd6b6262'): ('style1', 512, 'random', 800, 'cuda:0', 8, 1), UUID('f789e1d7-2e2e-49eb-86fb-8c6887f2ad9a'): ('stylemap', 1024, 'interpolation', 100, 'cuda:0', 8, 1), UUID('d0cf9dc7-9c63-4d41-b98f-781836e14258'): ('swa', 1024, 'random', 100, 'cuda:0', 8, 1), UUID('b1eb16ab-375a-4fee-b0da-83a747776eb8'): ('style2ada', 256, 'interpolation', 200, 'cuda:0', 8, 1), UUID('bf2e78aa-a8f6-4b9b-9557-430f22ce9a26'): ('anycost', 256, 'random', 100, 'cuda:0', 8, 1), UUID('2e55de56-e342-4a11-be4e-09c0fee85e9a'): ('style2ada', 256, 'random', 400, 'cuda:0', 8, 1), UUID('419cbc9a-522f-4e16-9558-be3c71e19efc'): ('swa', 1024, 'random', 100, 'cuda:0', 8, 1), UUID('083c8811-ec55-4594-b291-06506ce7f9fd'): ('style2ada', 512, 'random', 100, 'cuda:0', 8, 1), UUID('9dd8de44-62fd-45dd-b887-dc03808b92d7'): ('mobile', 256, 'interpolation', 200, 'cuda:1', 8, 1), UUID('11ccd6ed-7492-4217-8cf9-2c5989ebb214'): ('swa', 512, 'random', 100, 'cuda:1', 8, 1), UUID('0ce4df96-eed8-4f47-89c5-5bc90b090033'): ('style1', 512, 'random', 200, 'cuda:0', 8, 1), UUID('2990f94e-f135-4c12-8136-b74f57c19f1f'): ('style2', 512, 'interpolation', 800, 'cuda:0', 8, 1), UUID('dcfe3201-e57e-49ee-b2e7-51b0b085b25d'): ('style2', 256, 'random', 800, 'cuda:1', 8, 1), UUID('527af292-92cb-4877-8baa-541bec1eb863'): ('mobile', 256, 'random', 100, 'cuda:0', 8, 1), UUID('6ab74c85-a5de-4345-9972-883c57783933'): ('anycost', 256, 'random', 200, 'cuda:0', 8, 1), UUID('5debedfd-735d-425d-baad-3d8cf5f7336f'): ('style2', 1024, 'interpolation', 200, 'cuda:0', 8, 1), UUID('0c75c972-a5ba-4629-a3af-cfe3d608611e'): ('swa', 1024, 'random', 400, 'cuda:1', 8, 1), UUID('384c3f3b-8a80-4c8b-a762-3d5e5393d402'): ('style1', 512, 'random', 400, 'cuda:1', 8, 1), UUID('59c66c18-037b-4a70-a964-fd3ea84629c5'): ('anycost', 256, 'interpolation', 800, 'cuda:1', 8, 1), UUID('c5e129ba-0400-4952-bafc-49742310d6ee'): ('stylemap', 1024, 'interpolation', 100, 'cuda:0', 8, 1), UUID('2f99f87d-4969-4154-8480-44f06e1397b6'): ('mobile', 1024, 'interpolation', 400, 'cuda:1', 8, 1), UUID('cbd6a111-be9b-4a02-973d-91135d821b89'): ('stylemap', 1024, 'random', 100, 'cuda:0', 8, 1), UUID('bea30602-94b2-41bb-bb2c-5d2f77201f2b'): ('swa', 256, 'random', 200, 'cuda:0', 8, 1), UUID('2fb00b50-0a3c-4db5-8482-8c3f6a796e40'): ('anycost', 256, 'interpolation', 800, 'cuda:0', 8, 1), UUID('fddd9d56-88e4-4c3a-9dbe-4c352d520989'): ('anycost', 512, 'random', 100, 'cuda:0', 8, 1), UUID('99640cdb-4ee8-452e-a898-473b317275d1'): ('mobile', 512, 'random', 100, 'cuda:1', 8, 1), UUID('d0f98e1a-74e4-4f5c-95ed-bbd6037970c5'): ('style2', 1024, 'random', 100, 'cuda:1', 8, 1), UUID('4983dc51-cec6-4705-881e-716eec26575f'): ('stylemap', 1024, 'random', 200, 'cuda:0', 8, 1), UUID('1a67e07a-ae5a-4451-839f-c009da89e925'): ('style2ada', 1024, 'random', 800, 'cuda:0', 8, 1), UUID('12783564-9c99-40b4-93f8-d1d681c227cb'): ('anycost', 1024, 'interpolation', 400, 'cuda:0', 8, 1), UUID('0754b073-be2b-49af-968d-0bb0833e3c0f'): ('style1', 512, 'interpolation', 100, 'cuda:0', 8, 1), UUID('8fab970c-8bb9-4029-9b1f-d7853c6dc418'): ('style1', 1024, 'random', 800, 'cuda:0', 8, 1), UUID('e46dfb39-3bf8-45d4-a017-5c9472d833fa'): ('stylemap', 512, 'interpolation', 100, 'cuda:1', 8, 1), UUID('574914d5-c2cc-475c-871c-935d07dfe0b4'): ('anycost', 512, 'random', 800, 'cuda:1', 8, 1), UUID('4c8b02a5-9c1f-4369-8408-1b80c6d2db24'): ('style2ada', 1024, 'interpolation', 100, 'cuda:0', 8, 1), UUID('a3a4ce38-ebfa-4a47-8e4c-b506f576a9f0'): ('mobile', 256, 'random', 200, 'cuda:1', 8, 1), UUID('e7269219-6b8c-468b-80e1-e2a461a5a787'): ('swa', 1024, 'interpolation', 200, 'cuda:0', 8, 1), UUID('5b095f4c-0017-4217-b3ed-107d437054d6'): ('style2', 512, 'interpolation', 200, 'cuda:0', 8, 1), UUID('bf098a72-644d-4ad5-b1b9-56ed719792a8'): ('style2', 1024, 'random', 100, 'cuda:0', 8, 1), UUID('6830d824-a352-4460-baab-0fa1a458026d'): ('style1', 256, 'interpolation', 200, 'cuda:0', 8, 1), UUID('650e5d63-4601-459f-bbc2-8ffbba62a45c'): ('style2', 1024, 'random', 200, 'cuda:1', 8, 1), UUID('e736600c-ef14-4c0d-9391-b7a2953b7b9b'): ('stylemap', 256, 'interpolation', 400, 'cuda:0', 8, 1), UUID('06185735-9913-41f7-a00b-68e881f2e4ba'): ('stylemap', 512, 'interpolation', 800, 'cuda:0', 8, 1), UUID('2f611557-dfe5-496c-81bf-da9da1a30b0b'): ('style2ada', 256, 'interpolation', 800, 'cuda:0', 8, 1), UUID('9dfe45ce-17c2-4063-af9c-58ec7dd14e79'): ('mobile', 512, 'random', 400, 'cuda:1', 8, 1), UUID('848d341a-5c3e-4ec8-9c99-61dc84a41e4b'): ('style2ada', 1024, 'random', 200, 'cuda:1', 8, 1), UUID('3e894fc7-6ca0-4066-b03f-c7a40f4ccb18'): ('style1', 256, 'random', 400, 'cuda:1', 8, 1), UUID('88f745e8-026d-4f8e-b267-c159512bb5df'): ('style2', 256, 'random', 800, 'cuda:0', 8, 1)}
arrival_times={UUID('16f7a569-c348-44c9-9bf1-421e6c1ce5e4'): datetime.datetime(2021, 10, 24, 23, 17, 41, 151183), UUID('a875ce2e-82b1-46b5-928f-6ce84845edc3'): datetime.datetime(2021, 10, 24, 23, 17, 46, 165424), UUID('3397ae4d-9daa-4e1f-a809-8c2b13b3cb03'): datetime.datetime(2021, 10, 24, 23, 17, 51, 178604), UUID('42f86dc4-94e4-45a5-bef9-a661792bc54d'): datetime.datetime(2021, 10, 24, 23, 17, 56, 195788), UUID('c2ec3684-b3b8-4389-8752-a43718e900f6'): datetime.datetime(2021, 10, 24, 23, 18, 1, 218661), UUID('6f0160af-88b3-484c-b0f2-2970f9eff634'): datetime.datetime(2021, 10, 24, 23, 18, 6, 230638), UUID('c63a3a31-dec2-45e1-9226-887367a7e1d9'): datetime.datetime(2021, 10, 24, 23, 18, 11, 246660), UUID('20f75bbe-d8d1-4a50-b0ab-7a884879fc97'): datetime.datetime(2021, 10, 24, 23, 18, 11, 246712), UUID('f562486f-2ff2-4999-8ba5-36443958f634'): datetime.datetime(2021, 10, 24, 23, 18, 21, 314600), UUID('f78b7b8b-89ba-49b5-918a-163dd7c5d167'): datetime.datetime(2021, 10, 24, 23, 18, 26, 326628), UUID('b9ccd223-b6bf-40ff-aa56-7f526a63e8d8'): datetime.datetime(2021, 10, 24, 23, 18, 26, 326681), UUID('bd96d836-ac6b-49aa-8278-7013245b96ff'): datetime.datetime(2021, 10, 24, 23, 18, 31, 351826), UUID('11d48b41-6612-4e3f-ab2c-6ea85f653753'): datetime.datetime(2021, 10, 24, 23, 18, 36, 367914), UUID('7f7407b4-0c31-4830-9e55-4d38a43f001c'): datetime.datetime(2021, 10, 24, 23, 18, 46, 382760), UUID('9ee33f4c-34b3-4beb-b907-4654fd40822a'): datetime.datetime(2021, 10, 24, 23, 18, 46, 382816), UUID('3f850f70-e7d9-4256-a214-590b6c535631'): datetime.datetime(2021, 10, 24, 23, 18, 56, 419601), UUID('e63fecf5-4d83-4049-8a73-a1724744d652'): datetime.datetime(2021, 10, 24, 23, 19, 1, 442885), UUID('045d7da3-ad27-4fd0-9ee3-82eafc36a7af'): datetime.datetime(2021, 10, 24, 23, 19, 1, 442942), UUID('351dc3dc-5223-494c-8a44-395a23426d1b'): datetime.datetime(2021, 10, 24, 23, 19, 6, 460442), UUID('e7bdaf4e-1cb1-45e2-8fda-70bd6eafd86e'): datetime.datetime(2021, 10, 24, 23, 19, 11, 470798), UUID('971a0936-1066-4af8-ad90-c6620d3acfe6'): datetime.datetime(2021, 10, 24, 23, 19, 21, 491506), UUID('1f7f411b-cc3b-46ae-8772-f581d65c1257'): datetime.datetime(2021, 10, 24, 23, 19, 26, 507713), UUID('a416685d-6034-4638-9507-5d5fffe8f0ff'): datetime.datetime(2021, 10, 24, 23, 19, 26, 507781), UUID('25655885-c85a-42f1-9a95-f30d3143527b'): datetime.datetime(2021, 10, 24, 23, 19, 36, 541231), UUID('39c6fe06-0052-4a46-8be7-4944a1280951'): datetime.datetime(2021, 10, 24, 23, 19, 41, 572029), UUID('89a30e4c-56e5-4824-a3cc-a83de7a4662e'): datetime.datetime(2021, 10, 24, 23, 19, 41, 572071), UUID('cb419dd8-c255-468c-abfb-e031357f8130'): datetime.datetime(2021, 10, 24, 23, 19, 46, 589779), UUID('91fcf514-3a81-4fae-8156-fd11d36ed1fe'): datetime.datetime(2021, 10, 24, 23, 19, 56, 602671), UUID('16be33b9-62d4-4f9c-a229-1bf5b21a8e72'): datetime.datetime(2021, 10, 24, 23, 19, 56, 602728), UUID('ddfcae91-9301-4289-ab1d-6b0f617ff2a3'): datetime.datetime(2021, 10, 24, 23, 20, 1, 622675), UUID('928efd0b-45eb-4ea2-b192-41b5779be134'): datetime.datetime(2021, 10, 24, 23, 20, 6, 634657), UUID('eafa3fcf-299a-4513-bb87-50219e552175'): datetime.datetime(2021, 10, 24, 23, 20, 6, 634713), UUID('d039bda8-5142-44eb-bf09-eac9a02b410c'): datetime.datetime(2021, 10, 24, 23, 20, 16, 658611), UUID('66fd7100-c2e6-4ebe-ac52-ad5d61e285d0'): datetime.datetime(2021, 10, 24, 23, 20, 26, 676806), UUID('19f9d7b7-a48f-40b6-8a01-7ef93e2fd608'): datetime.datetime(2021, 10, 24, 23, 20, 31, 697095), UUID('e3482b8f-b4b2-4e60-86ba-8b1b4d802dd5'): datetime.datetime(2021, 10, 24, 23, 20, 31, 703051), UUID('6b81578d-1d0c-457e-b4c9-018ec22d4af4'): datetime.datetime(2021, 10, 24, 23, 20, 36, 744072), UUID('9585789f-91c6-485c-b89f-5bed7e5b3878'): datetime.datetime(2021, 10, 24, 23, 20, 41, 754630), UUID('5d96818b-9f29-48a0-96d2-d93850af8448'): datetime.datetime(2021, 10, 24, 23, 20, 51, 770665), UUID('a0c059a2-5c3a-4cd2-a417-fa5b218f4141'): datetime.datetime(2021, 10, 24, 23, 20, 56, 784167), UUID('4a958161-1e01-4a81-9b30-abe32b9c9fff'): datetime.datetime(2021, 10, 24, 23, 20, 56, 784227), UUID('75bdee95-ce4e-4588-a697-a8e376a91b07'): datetime.datetime(2021, 10, 24, 23, 21, 1, 807699), UUID('c4aec31c-09ef-49ca-afc5-7edd8cd463d4'): datetime.datetime(2021, 10, 24, 23, 21, 11, 826597), UUID('faaa2432-0e53-4c09-b0fb-b6d6d02f8eb6'): datetime.datetime(2021, 10, 24, 23, 21, 16, 839717), UUID('bcf51c1d-c89a-4154-9642-5548adaccb5c'): datetime.datetime(2021, 10, 24, 23, 21, 26, 866628), UUID('ea73171c-98d3-49d5-b2a7-044a4d7367b1'): datetime.datetime(2021, 10, 24, 23, 21, 36, 890625), UUID('b66620a6-fbd7-4c91-8866-f781be804410'): datetime.datetime(2021, 10, 24, 23, 21, 41, 969928), UUID('4241bd41-5ac8-4139-acf9-84ea284644ef'): datetime.datetime(2021, 10, 24, 23, 21, 41, 975059), UUID('26216f4f-e018-41e9-be23-6e19de462b78'): datetime.datetime(2021, 10, 24, 23, 21, 47, 14620), UUID('62bfc264-1ef3-4213-9672-59a6a69d82af'): datetime.datetime(2021, 10, 24, 23, 21, 47, 14673), UUID('687564b3-e774-41bf-9f75-099c9365758e'): datetime.datetime(2021, 10, 24, 23, 21, 52, 30610), UUID('38ad555f-21c1-4cf6-84aa-751c8877106b'): datetime.datetime(2021, 10, 24, 23, 21, 57, 42645), UUID('9e163e4b-fb60-4401-998f-11c5ae3a3a25'): datetime.datetime(2021, 10, 24, 23, 22, 2, 59692), UUID('58274033-5072-438e-868d-ea2aac547e47'): datetime.datetime(2021, 10, 24, 23, 22, 7, 82660), UUID('c28a5595-9c5d-4abc-84bf-8a88982ba93e'): datetime.datetime(2021, 10, 24, 23, 22, 12, 94670), UUID('2d10f9b7-f810-462b-af19-849cc04e08ff'): datetime.datetime(2021, 10, 24, 23, 22, 17, 106628), UUID('328b4e66-a0f7-4889-9411-9cf01292ab92'): datetime.datetime(2021, 10, 24, 23, 22, 17, 106681), UUID('550695d3-eacc-486d-a727-98e7e0335a32'): datetime.datetime(2021, 10, 24, 23, 22, 22, 122784), UUID('9f385b46-abde-4cf5-aa8a-a8a99ced5727'): datetime.datetime(2021, 10, 24, 23, 22, 27, 134612), UUID('9f590459-2a82-4bd2-a52f-c4dea35be959'): datetime.datetime(2021, 10, 24, 23, 22, 32, 150688), UUID('bd410af4-5e79-4e53-a89e-ab3bb5583c29'): datetime.datetime(2021, 10, 24, 23, 22, 32, 150752), UUID('a265c725-93b1-4339-97e9-1e14738930ec'): datetime.datetime(2021, 10, 24, 23, 22, 37, 182458), UUID('6aa9c5db-e9a6-442a-8aec-04c36946bc08'): datetime.datetime(2021, 10, 24, 23, 22, 47, 210608), UUID('e3a45608-c70a-473e-a757-4b1876ade750'): datetime.datetime(2021, 10, 24, 23, 22, 47, 210663), UUID('79592961-6ebd-45bc-be73-e8a47c2b569d'): datetime.datetime(2021, 10, 24, 23, 22, 47, 210707), UUID('3fd11507-6085-4c5e-bdea-af2833178f8c'): datetime.datetime(2021, 10, 24, 23, 22, 52, 235341), UUID('68bd7fd6-cb33-414b-8274-255c3063f2ac'): datetime.datetime(2021, 10, 24, 23, 22, 57, 246697), UUID('886f877d-c9e5-494a-84c2-1344a8a9af4e'): datetime.datetime(2021, 10, 24, 23, 23, 2, 275724), UUID('5c71266c-3cee-47e7-8b83-2ab71f230d18'): datetime.datetime(2021, 10, 24, 23, 23, 12, 372689), UUID('f8c79ee0-83bb-4900-ad38-d2c99167e5de'): datetime.datetime(2021, 10, 24, 23, 23, 17, 399591), UUID('ec0fbeda-61fd-4b12-8079-00cac47d79d0'): datetime.datetime(2021, 10, 24, 23, 23, 22, 427679), UUID('4a3bc3ff-6c2d-44ae-a4ce-aa8b759ff10c'): datetime.datetime(2021, 10, 24, 23, 23, 32, 455687), UUID('c188558c-83d2-45ad-b883-8109d3e8a18b'): datetime.datetime(2021, 10, 24, 23, 23, 32, 455738), UUID('62bde654-34b3-4ac7-9167-e1e4e33ae36f'): datetime.datetime(2021, 10, 24, 23, 23, 37, 474589), UUID('125ddb78-e373-422c-856a-bac0cd6b6262'): datetime.datetime(2021, 10, 24, 23, 23, 37, 474641), UUID('f789e1d7-2e2e-49eb-86fb-8c6887f2ad9a'): datetime.datetime(2021, 10, 24, 23, 23, 42, 490676), UUID('d0cf9dc7-9c63-4d41-b98f-781836e14258'): datetime.datetime(2021, 10, 24, 23, 23, 52, 506608), UUID('b1eb16ab-375a-4fee-b0da-83a747776eb8'): datetime.datetime(2021, 10, 24, 23, 23, 52, 506669), UUID('bf2e78aa-a8f6-4b9b-9557-430f22ce9a26'): datetime.datetime(2021, 10, 24, 23, 23, 57, 522636), UUID('2e55de56-e342-4a11-be4e-09c0fee85e9a'): datetime.datetime(2021, 10, 24, 23, 23, 57, 522689), UUID('419cbc9a-522f-4e16-9558-be3c71e19efc'): datetime.datetime(2021, 10, 24, 23, 24, 7, 546584), UUID('083c8811-ec55-4594-b291-06506ce7f9fd'): datetime.datetime(2021, 10, 24, 23, 24, 7, 546642), UUID('9dd8de44-62fd-45dd-b887-dc03808b92d7'): datetime.datetime(2021, 10, 24, 23, 24, 12, 570677), UUID('11ccd6ed-7492-4217-8cf9-2c5989ebb214'): datetime.datetime(2021, 10, 24, 23, 24, 22, 595703), UUID('0ce4df96-eed8-4f47-89c5-5bc90b090033'): datetime.datetime(2021, 10, 24, 23, 24, 27, 709655), UUID('2990f94e-f135-4c12-8136-b74f57c19f1f'): datetime.datetime(2021, 10, 24, 23, 24, 32, 726697), UUID('dcfe3201-e57e-49ee-b2e7-51b0b085b25d'): datetime.datetime(2021, 10, 24, 23, 24, 42, 742619), UUID('527af292-92cb-4877-8baa-541bec1eb863'): datetime.datetime(2021, 10, 24, 23, 24, 47, 754654), UUID('6ab74c85-a5de-4345-9972-883c57783933'): datetime.datetime(2021, 10, 24, 23, 24, 57, 778630), UUID('5debedfd-735d-425d-baad-3d8cf5f7336f'): datetime.datetime(2021, 10, 24, 23, 24, 57, 778682), UUID('0c75c972-a5ba-4629-a3af-cfe3d608611e'): datetime.datetime(2021, 10, 24, 23, 25, 7, 802613), UUID('384c3f3b-8a80-4c8b-a762-3d5e5393d402'): datetime.datetime(2021, 10, 24, 23, 25, 12, 815738), UUID('59c66c18-037b-4a70-a964-fd3ea84629c5'): datetime.datetime(2021, 10, 24, 23, 25, 22, 913830), UUID('c5e129ba-0400-4952-bafc-49742310d6ee'): datetime.datetime(2021, 10, 24, 23, 25, 27, 968564), UUID('2f99f87d-4969-4154-8480-44f06e1397b6'): datetime.datetime(2021, 10, 24, 23, 25, 27, 968617), UUID('cbd6a111-be9b-4a02-973d-91135d821b89'): datetime.datetime(2021, 10, 24, 23, 25, 33, 14659), UUID('bea30602-94b2-41bb-bb2c-5d2f77201f2b'): datetime.datetime(2021, 10, 24, 23, 25, 43, 30686), UUID('2fb00b50-0a3c-4db5-8482-8c3f6a796e40'): datetime.datetime(2021, 10, 24, 23, 25, 48, 42704), UUID('fddd9d56-88e4-4c3a-9dbe-4c352d520989'): datetime.datetime(2021, 10, 24, 23, 25, 53, 54316), UUID('99640cdb-4ee8-452e-a898-473b317275d1'): datetime.datetime(2021, 10, 24, 23, 25, 53, 54400), UUID('d0f98e1a-74e4-4f5c-95ed-bbd6037970c5'): datetime.datetime(2021, 10, 24, 23, 25, 58, 70606), UUID('4983dc51-cec6-4705-881e-716eec26575f'): datetime.datetime(2021, 10, 24, 23, 26, 3, 83910), UUID('1a67e07a-ae5a-4451-839f-c009da89e925'): datetime.datetime(2021, 10, 24, 23, 26, 3, 83979), UUID('12783564-9c99-40b4-93f8-d1d681c227cb'): datetime.datetime(2021, 10, 24, 23, 26, 8, 155647), UUID('0754b073-be2b-49af-968d-0bb0833e3c0f'): datetime.datetime(2021, 10, 24, 23, 26, 18, 186672), UUID('8fab970c-8bb9-4029-9b1f-d7853c6dc418'): datetime.datetime(2021, 10, 24, 23, 26, 23, 203767), UUID('e46dfb39-3bf8-45d4-a017-5c9472d833fa'): datetime.datetime(2021, 10, 24, 23, 26, 23, 203821), UUID('574914d5-c2cc-475c-871c-935d07dfe0b4'): datetime.datetime(2021, 10, 24, 23, 26, 28, 230696), UUID('4c8b02a5-9c1f-4369-8408-1b80c6d2db24'): datetime.datetime(2021, 10, 24, 23, 26, 33, 320926), UUID('a3a4ce38-ebfa-4a47-8e4c-b506f576a9f0'): datetime.datetime(2021, 10, 24, 23, 26, 33, 321017), UUID('e7269219-6b8c-468b-80e1-e2a461a5a787'): datetime.datetime(2021, 10, 24, 23, 26, 43, 370592), UUID('5b095f4c-0017-4217-b3ed-107d437054d6'): datetime.datetime(2021, 10, 24, 23, 26, 48, 388959), UUID('bf098a72-644d-4ad5-b1b9-56ed719792a8'): datetime.datetime(2021, 10, 24, 23, 26, 53, 406610), UUID('6830d824-a352-4460-baab-0fa1a458026d'): datetime.datetime(2021, 10, 24, 23, 26, 53, 406666), UUID('650e5d63-4601-459f-bbc2-8ffbba62a45c'): datetime.datetime(2021, 10, 24, 23, 26, 58, 422584), UUID('e736600c-ef14-4c0d-9391-b7a2953b7b9b'): datetime.datetime(2021, 10, 24, 23, 27, 8, 438666), UUID('06185735-9913-41f7-a00b-68e881f2e4ba'): datetime.datetime(2021, 10, 24, 23, 27, 13, 455392), UUID('2f611557-dfe5-496c-81bf-da9da1a30b0b'): datetime.datetime(2021, 10, 24, 23, 27, 18, 471924), UUID('9dfe45ce-17c2-4063-af9c-58ec7dd14e79'): datetime.datetime(2021, 10, 24, 23, 27, 23, 498658), UUID('848d341a-5c3e-4ec8-9c99-61dc84a41e4b'): datetime.datetime(2021, 10, 24, 23, 27, 23, 498719), UUID('3e894fc7-6ca0-4066-b03f-c7a40f4ccb18'): datetime.datetime(2021, 10, 24, 23, 27, 28, 523737), UUID('88f745e8-026d-4f8e-b267-c159512bb5df'): datetime.datetime(2021, 10, 24, 23, 27, 33, 547425)}
10-24-2021 23:27:48 ResourceWatchDog ERROR    Finish time lookup for ubuntu94025/06185735-9913-41f7-a00b-68e881f2e4ba failed. Reason: 'NoneType' object is not iterable
10-24-2021 23:27:48 ResourceWatchDog ERROR    Finish time lookup for ubuntu94025/2f611557-dfe5-496c-81bf-da9da1a30b0b failed. Reason: 'NoneType' object is not iterable
10-24-2021 23:27:48 ResourceWatchDog ERROR    Finish time lookup for ubuntu94025/e736600c-ef14-4c0d-9391-b7a2953b7b9b failed. Reason: 'NoneType' object is not iterable
finish_times={'045d7da3-ad27-4fd0-9ee3-82eafc36a7af': (datetime.datetime(2021, 10, 24, 23, 19, 5, tzinfo=tzlocal()), datetime.datetime(2021, 10, 24, 23, 19, 26, tzinfo=tzlocal())), '0c75c972-a5ba-4629-a3af-cfe3d608611e': (datetime.datetime(2021, 10, 24, 23, 25, 32, tzinfo=tzlocal()), datetime.datetime(2021, 10, 24, 23, 26, 39, tzinfo=tzlocal())), '11ccd6ed-7492-4217-8cf9-2c5989ebb214': (datetime.datetime(2021, 10, 24, 23, 24, 46, tzinfo=tzlocal()), datetime.datetime(2021, 10, 24, 23, 25, 4, tzinfo=tzlocal())), '11d48b41-6612-4e3f-ab2c-6ea85f653753': (datetime.datetime(2021, 10, 24, 23, 18, 37, tzinfo=tzlocal()), datetime.datetime(2021, 10, 24, 23, 19, tzinfo=tzlocal())), '125ddb78-e373-422c-856a-bac0cd6b6262': (datetime.datetime(2021, 10, 24, 23, 24, 5, tzinfo=tzlocal()), datetime.datetime(2021, 10, 24, 23, 24, 28, tzinfo=tzlocal())), '16be33b9-62d4-4f9c-a229-1bf5b21a8e72': (datetime.datetime(2021, 10, 24, 23, 20, 2, tzinfo=tzlocal()), datetime.datetime(2021, 10, 24, 23, 20, 49, tzinfo=tzlocal())), '16f7a569-c348-44c9-9bf1-421e6c1ce5e4': (datetime.datetime(2021, 10, 24, 23, 17, 42, tzinfo=tzlocal()), datetime.datetime(2021, 10, 24, 23, 18, 36, tzinfo=tzlocal())), '19f9d7b7-a48f-40b6-8a01-7ef93e2fd608': (datetime.datetime(2021, 10, 24, 23, 20, 45, tzinfo=tzlocal()), datetime.datetime(2021, 10, 24, 23, 21, 19, tzinfo=tzlocal())), '1f7f411b-cc3b-46ae-8772-f581d65c1257': (datetime.datetime(2021, 10, 24, 23, 19, 28, tzinfo=tzlocal()), datetime.datetime(2021, 10, 24, 23, 21, tzinfo=tzlocal())), '20f75bbe-d8d1-4a50-b0ab-7a884879fc97': (datetime.datetime(2021, 10, 24, 23, 18, 33, tzinfo=tzlocal()), datetime.datetime(2021, 10, 24, 23, 18, 59, tzinfo=tzlocal())), '25655885-c85a-42f1-9a95-f30d3143527b': (datetime.datetime(2021, 10, 24, 23, 19, 57, tzinfo=tzlocal()), datetime.datetime(2021, 10, 24, 23, 20, 39, tzinfo=tzlocal())), '26216f4f-e018-41e9-be23-6e19de462b78': (datetime.datetime(2021, 10, 24, 23, 21, 48, tzinfo=tzlocal()), datetime.datetime(2021, 10, 24, 23, 22, 56, tzinfo=tzlocal())), '2d10f9b7-f810-462b-af19-849cc04e08ff': (datetime.datetime(2021, 10, 24, 23, 23, 35, tzinfo=tzlocal()), datetime.datetime(2021, 10, 24, 23, 23, 58, tzinfo=tzlocal())), '2e55de56-e342-4a11-be4e-09c0fee85e9a': (datetime.datetime(2021, 10, 24, 23, 26, 25, tzinfo=tzlocal()), datetime.datetime(2021, 10, 24, 23, 27, 11, tzinfo=tzlocal())), '2f99f87d-4969-4154-8480-44f06e1397b6': (datetime.datetime(2021, 10, 24, 23, 26, 31, tzinfo=tzlocal()), datetime.datetime(2021, 10, 24, 23, 27, 9, tzinfo=tzlocal())), '3397ae4d-9daa-4e1f-a809-8c2b13b3cb03': (datetime.datetime(2021, 10, 24, 23, 17, 52, tzinfo=tzlocal()), datetime.datetime(2021, 10, 24, 23, 18, 35, tzinfo=tzlocal())), '351dc3dc-5223-494c-8a44-395a23426d1b': (datetime.datetime(2021, 10, 24, 23, 19, 15, tzinfo=tzlocal()), datetime.datetime(2021, 10, 24, 23, 19, 57, tzinfo=tzlocal())), '384c3f3b-8a80-4c8b-a762-3d5e5393d402': (datetime.datetime(2021, 10, 24, 23, 25, 36, tzinfo=tzlocal()), datetime.datetime(2021, 10, 24, 23, 26, 2, tzinfo=tzlocal())), '38ad555f-21c1-4cf6-84aa-751c8877106b': (datetime.datetime(2021, 10, 24, 23, 22, 13, tzinfo=tzlocal()), datetime.datetime(2021, 10, 24, 23, 22, 49, tzinfo=tzlocal())), '39c6fe06-0052-4a46-8be7-4944a1280951': (datetime.datetime(2021, 10, 24, 23, 19, 43, tzinfo=tzlocal()), datetime.datetime(2021, 10, 24, 23, 20, 4, tzinfo=tzlocal())), '3f850f70-e7d9-4256-a214-590b6c535631': (datetime.datetime(2021, 10, 24, 23, 18, 58, tzinfo=tzlocal()), datetime.datetime(2021, 10, 24, 23, 19, 6, tzinfo=tzlocal())), '3fd11507-6085-4c5e-bdea-af2833178f8c': (datetime.datetime(2021, 10, 24, 23, 23, 45, tzinfo=tzlocal()), datetime.datetime(2021, 10, 24, 23, 25, 35, tzinfo=tzlocal())), '4241bd41-5ac8-4139-acf9-84ea284644ef': (datetime.datetime(2021, 10, 24, 23, 21, 44, tzinfo=tzlocal()), datetime.datetime(2021, 10, 24, 23, 22, 22, tzinfo=tzlocal())), '42f86dc4-94e4-45a5-bef9-a661792bc54d': (datetime.datetime(2021, 10, 24, 23, 17, 57, tzinfo=tzlocal()), datetime.datetime(2021, 10, 24, 23, 18, 28, tzinfo=tzlocal())), '4a3bc3ff-6c2d-44ae-a4ce-aa8b759ff10c': (datetime.datetime(2021, 10, 24, 23, 23, 47, tzinfo=tzlocal()), datetime.datetime(2021, 10, 24, 23, 25, 55, tzinfo=tzlocal())), '4a958161-1e01-4a81-9b30-abe32b9c9fff': (datetime.datetime(2021, 10, 24, 23, 21, 4, tzinfo=tzlocal()), datetime.datetime(2021, 10, 24, 23, 21, 27, tzinfo=tzlocal())), '550695d3-eacc-486d-a727-98e7e0335a32': (datetime.datetime(2021, 10, 24, 23, 22, 45, tzinfo=tzlocal()), datetime.datetime(2021, 10, 24, 23, 23, 13, tzinfo=tzlocal())), '58274033-5072-438e-868d-ea2aac547e47': (datetime.datetime(2021, 10, 24, 23, 22, 11, tzinfo=tzlocal()), datetime.datetime(2021, 10, 24, 23, 22, 30, tzinfo=tzlocal())), '59c66c18-037b-4a70-a964-fd3ea84629c5': (datetime.datetime(2021, 10, 24, 23, 25, 52, tzinfo=tzlocal()), datetime.datetime(2021, 10, 24, 23, 26, 29, tzinfo=tzlocal())), '5c71266c-3cee-47e7-8b83-2ab71f230d18': (datetime.datetime(2021, 10, 24, 23, 23, 33, tzinfo=tzlocal()), datetime.datetime(2021, 10, 24, 23, 23, 55, tzinfo=tzlocal())), '5d96818b-9f29-48a0-96d2-d93850af8448': (datetime.datetime(2021, 10, 24, 23, 21, 1, tzinfo=tzlocal()), datetime.datetime(2021, 10, 24, 23, 21, 14, tzinfo=tzlocal())), '62bde654-34b3-4ac7-9167-e1e4e33ae36f': (datetime.datetime(2021, 10, 24, 23, 23, 56, tzinfo=tzlocal()), datetime.datetime(2021, 10, 24, 23, 25, tzinfo=tzlocal())), '62bfc264-1ef3-4213-9672-59a6a69d82af': (datetime.datetime(2021, 10, 24, 23, 25, 27, tzinfo=tzlocal()), datetime.datetime(2021, 10, 24, 23, 27, 16, tzinfo=tzlocal())), '66fd7100-c2e6-4ebe-ac52-ad5d61e285d0': (datetime.datetime(2021, 10, 24, 23, 21, 26, tzinfo=tzlocal()), datetime.datetime(2021, 10, 24, 23, 21, 57, tzinfo=tzlocal())), '687564b3-e774-41bf-9f75-099c9365758e': (datetime.datetime(2021, 10, 24, 23, 22, 12, tzinfo=tzlocal()), datetime.datetime(2021, 10, 24, 23, 22, 32, tzinfo=tzlocal())), '68bd7fd6-cb33-414b-8274-255c3063f2ac': (datetime.datetime(2021, 10, 24, 23, 23, 48, tzinfo=tzlocal()), datetime.datetime(2021, 10, 24, 23, 25, 58, tzinfo=tzlocal())), '6aa9c5db-e9a6-442a-8aec-04c36946bc08': (datetime.datetime(2021, 10, 24, 23, 22, 52, tzinfo=tzlocal()), datetime.datetime(2021, 10, 24, 23, 23, 12, tzinfo=tzlocal())), '6b81578d-1d0c-457e-b4c9-018ec22d4af4': (datetime.datetime(2021, 10, 24, 23, 20, 38, tzinfo=tzlocal()), datetime.datetime(2021, 10, 24, 23, 22, 31, tzinfo=tzlocal())), '6f0160af-88b3-484c-b0f2-2970f9eff634': (datetime.datetime(2021, 10, 24, 23, 18, 30, tzinfo=tzlocal()), datetime.datetime(2021, 10, 24, 23, 18, 57, tzinfo=tzlocal())), '75bdee95-ce4e-4588-a697-a8e376a91b07': (datetime.datetime(2021, 10, 24, 23, 22, 54, tzinfo=tzlocal()), datetime.datetime(2021, 10, 24, 23, 23, 42, tzinfo=tzlocal())), '79592961-6ebd-45bc-be73-e8a47c2b569d': (datetime.datetime(2021, 10, 24, 23, 23, 3, tzinfo=tzlocal()), datetime.datetime(2021, 10, 24, 23, 23, 32, tzinfo=tzlocal())), '7f7407b4-0c31-4830-9e55-4d38a43f001c': (datetime.datetime(2021, 10, 24, 23, 19, 35, tzinfo=tzlocal()), datetime.datetime(2021, 10, 24, 23, 20, 5, tzinfo=tzlocal())), '886f877d-c9e5-494a-84c2-1344a8a9af4e': (datetime.datetime(2021, 10, 24, 23, 23, 44, tzinfo=tzlocal()), datetime.datetime(2021, 10, 24, 23, 24, 6, tzinfo=tzlocal())), '89a30e4c-56e5-4824-a3cc-a83de7a4662e': (datetime.datetime(2021, 10, 24, 23, 20, 9, tzinfo=tzlocal()), datetime.datetime(2021, 10, 24, 23, 20, 52, tzinfo=tzlocal())), '91fcf514-3a81-4fae-8156-fd11d36ed1fe': (datetime.datetime(2021, 10, 24, 23, 20, 1, tzinfo=tzlocal()), datetime.datetime(2021, 10, 24, 23, 21, 16, tzinfo=tzlocal())), '928efd0b-45eb-4ea2-b192-41b5779be134': (datetime.datetime(2021, 10, 24, 23, 21, tzinfo=tzlocal()), datetime.datetime(2021, 10, 24, 23, 27, 8, tzinfo=tzlocal())), '9585789f-91c6-485c-b89f-5bed7e5b3878': (datetime.datetime(2021, 10, 24, 23, 20, 44, tzinfo=tzlocal()), datetime.datetime(2021, 10, 24, 23, 21, 3, tzinfo=tzlocal())), '971a0936-1066-4af8-ad90-c6620d3acfe6': (datetime.datetime(2021, 10, 24, 23, 19, 26, tzinfo=tzlocal()), datetime.datetime(2021, 10, 24, 23, 19, 40, tzinfo=tzlocal())), '99640cdb-4ee8-452e-a898-473b317275d1': (datetime.datetime(2021, 10, 24, 23, 26, 41, tzinfo=tzlocal()), datetime.datetime(2021, 10, 24, 23, 26, 58, tzinfo=tzlocal())), '9dd8de44-62fd-45dd-b887-dc03808b92d7': (datetime.datetime(2021, 10, 24, 23, 24, 27, tzinfo=tzlocal()), datetime.datetime(2021, 10, 24, 23, 24, 46, tzinfo=tzlocal())), '9e163e4b-fb60-4401-998f-11c5ae3a3a25': (datetime.datetime(2021, 10, 24, 23, 22, 28, tzinfo=tzlocal()), datetime.datetime(2021, 10, 24, 23, 23, 1, tzinfo=tzlocal())), '9ee33f4c-34b3-4beb-b907-4654fd40822a': (datetime.datetime(2021, 10, 24, 23, 18, 47, tzinfo=tzlocal()), datetime.datetime(2021, 10, 24, 23, 18, 57, tzinfo=tzlocal())), '9f385b46-abde-4cf5-aa8a-a8a99ced5727': (datetime.datetime(2021, 10, 24, 23, 22, 40, tzinfo=tzlocal()), datetime.datetime(2021, 10, 24, 23, 23, 5, tzinfo=tzlocal())), '9f590459-2a82-4bd2-a52f-c4dea35be959': (datetime.datetime(2021, 10, 24, 23, 24, 2, tzinfo=tzlocal()), datetime.datetime(2021, 10, 24, 23, 25, 43, tzinfo=tzlocal())), 'a0c059a2-5c3a-4cd2-a417-fa5b218f4141': (datetime.datetime(2021, 10, 24, 23, 23, 9, tzinfo=tzlocal()), datetime.datetime(2021, 10, 24, 23, 23, 49, tzinfo=tzlocal())), 'a265c725-93b1-4339-97e9-1e14738930ec': (datetime.datetime(2021, 10, 24, 23, 22, 53, tzinfo=tzlocal()), datetime.datetime(2021, 10, 24, 23, 23, 14, tzinfo=tzlocal())), 'a3a4ce38-ebfa-4a47-8e4c-b506f576a9f0': (datetime.datetime(2021, 10, 24, 23, 27, 14, tzinfo=tzlocal()), datetime.datetime(2021, 10, 24, 23, 27, 27, tzinfo=tzlocal())), 'a416685d-6034-4638-9507-5d5fffe8f0ff': (datetime.datetime(2021, 10, 24, 23, 19, 29, tzinfo=tzlocal()), datetime.datetime(2021, 10, 24, 23, 20, 4, tzinfo=tzlocal())), 'a875ce2e-82b1-46b5-928f-6ce84845edc3': (datetime.datetime(2021, 10, 24, 23, 17, 47, tzinfo=tzlocal()), datetime.datetime(2021, 10, 24, 23, 18, 29, tzinfo=tzlocal())), 'b66620a6-fbd7-4c91-8866-f781be804410': (datetime.datetime(2021, 10, 24, 23, 21, 52, tzinfo=tzlocal()), datetime.datetime(2021, 10, 24, 23, 22, 11, tzinfo=tzlocal())), 'b9ccd223-b6bf-40ff-aa56-7f526a63e8d8': (datetime.datetime(2021, 10, 24, 23, 18, 27, tzinfo=tzlocal()), datetime.datetime(2021, 10, 24, 23, 18, 39, tzinfo=tzlocal())), 'bcf51c1d-c89a-4154-9642-5548adaccb5c': (datetime.datetime(2021, 10, 24, 23, 21, 33, tzinfo=tzlocal()), datetime.datetime(2021, 10, 24, 23, 21, 56, tzinfo=tzlocal())), 'bd410af4-5e79-4e53-a89e-ab3bb5583c29': (datetime.datetime(2021, 10, 24, 23, 22, 43, tzinfo=tzlocal()), datetime.datetime(2021, 10, 24, 23, 23, 23, tzinfo=tzlocal())), 'bd96d836-ac6b-49aa-8278-7013245b96ff': (datetime.datetime(2021, 10, 24, 23, 18, 33, tzinfo=tzlocal()), datetime.datetime(2021, 10, 24, 23, 19, 17, tzinfo=tzlocal())), 'c188558c-83d2-45ad-b883-8109d3e8a18b': (datetime.datetime(2021, 10, 24, 23, 24, 5, tzinfo=tzlocal()), datetime.datetime(2021, 10, 24, 23, 25, 33, tzinfo=tzlocal())), 'c28a5595-9c5d-4abc-84bf-8a88982ba93e': (datetime.datetime(2021, 10, 24, 23, 22, 32, tzinfo=tzlocal()), datetime.datetime(2021, 10, 24, 23, 24, 9, tzinfo=tzlocal())), 'c2ec3684-b3b8-4389-8752-a43718e900f6': (datetime.datetime(2021, 10, 24, 23, 18, 58, tzinfo=tzlocal()), datetime.datetime(2021, 10, 24, 23, 19, 12, tzinfo=tzlocal())), 'c4aec31c-09ef-49ca-afc5-7edd8cd463d4': (datetime.datetime(2021, 10, 24, 23, 21, 15, tzinfo=tzlocal()), datetime.datetime(2021, 10, 24, 23, 21, 29, tzinfo=tzlocal())), 'c63a3a31-dec2-45e1-9226-887367a7e1d9': (datetime.datetime(2021, 10, 24, 23, 18, 12, tzinfo=tzlocal()), datetime.datetime(2021, 10, 24, 23, 19, 19, tzinfo=tzlocal())), 'cb419dd8-c255-468c-abfb-e031357f8130': (datetime.datetime(2021, 10, 24, 23, 19, 57, tzinfo=tzlocal()), datetime.datetime(2021, 10, 24, 23, 20, 18, tzinfo=tzlocal())), 'd039bda8-5142-44eb-bf09-eac9a02b410c': (datetime.datetime(2021, 10, 24, 23, 20, 39, tzinfo=tzlocal()), datetime.datetime(2021, 10, 24, 23, 21, 10, tzinfo=tzlocal())), 'd0f98e1a-74e4-4f5c-95ed-bbd6037970c5': (datetime.datetime(2021, 10, 24, 23, 26, 30, tzinfo=tzlocal()), datetime.datetime(2021, 10, 24, 23, 26, 58, tzinfo=tzlocal())), 'dcfe3201-e57e-49ee-b2e7-51b0b085b25d': (datetime.datetime(2021, 10, 24, 23, 24, 55, tzinfo=tzlocal()), datetime.datetime(2021, 10, 24, 23, 25, 39, tzinfo=tzlocal())), 'ddfcae91-9301-4289-ab1d-6b0f617ff2a3': (datetime.datetime(2021, 10, 24, 23, 20, 5, tzinfo=tzlocal()), datetime.datetime(2021, 10, 24, 23, 20, 18, tzinfo=tzlocal())), 'e3482b8f-b4b2-4e60-86ba-8b1b4d802dd5': (datetime.datetime(2021, 10, 24, 23, 20, 45, tzinfo=tzlocal()), datetime.datetime(2021, 10, 24, 23, 21, 5, tzinfo=tzlocal())), 'e3a45608-c70a-473e-a757-4b1876ade750': (datetime.datetime(2021, 10, 24, 23, 23, 3, tzinfo=tzlocal()), datetime.datetime(2021, 10, 24, 23, 23, 37, tzinfo=tzlocal())), 'e63fecf5-4d83-4049-8a73-a1724744d652': (datetime.datetime(2021, 10, 24, 23, 19, 3, tzinfo=tzlocal()), datetime.datetime(2021, 10, 24, 23, 19, 51, tzinfo=tzlocal())), 'e7bdaf4e-1cb1-45e2-8fda-70bd6eafd86e': (datetime.datetime(2021, 10, 24, 23, 19, 13, tzinfo=tzlocal()), datetime.datetime(2021, 10, 24, 23, 19, 30, tzinfo=tzlocal())), 'ea73171c-98d3-49d5-b2a7-044a4d7367b1': (datetime.datetime(2021, 10, 24, 23, 21, 38, tzinfo=tzlocal()), datetime.datetime(2021, 10, 24, 23, 22, 21, tzinfo=tzlocal())), 'eafa3fcf-299a-4513-bb87-50219e552175': (datetime.datetime(2021, 10, 24, 23, 20, 31, tzinfo=tzlocal()), datetime.datetime(2021, 10, 24, 23, 21, 30, tzinfo=tzlocal())), 'ec0fbeda-61fd-4b12-8079-00cac47d79d0': (datetime.datetime(2021, 10, 24, 23, 23, 49, tzinfo=tzlocal()), datetime.datetime(2021, 10, 24, 23, 24, 56, tzinfo=tzlocal())), 'f562486f-2ff2-4999-8ba5-36443958f634': (datetime.datetime(2021, 10, 24, 23, 18, 22, tzinfo=tzlocal()), datetime.datetime(2021, 10, 24, 23, 18, 57, tzinfo=tzlocal())), 'f78b7b8b-89ba-49b5-918a-163dd7c5d167': (datetime.datetime(2021, 10, 24, 23, 18, 27, tzinfo=tzlocal()), datetime.datetime(2021, 10, 24, 23, 18, 43, tzinfo=tzlocal())), 'faaa2432-0e53-4c09-b0fb-b6d6d02f8eb6': (datetime.datetime(2021, 10, 24, 23, 21, 26, tzinfo=tzlocal()), datetime.datetime(2021, 10, 24, 23, 21, 54, tzinfo=tzlocal()))}




id,network,job_type,image_size,num_imgs,device,batch_size,data_parallelism,response_time
16f7a569,style1,random,1024,800,cuda:1,8,1,54848
a875ce2e,stylemap,random,1024,200,cuda:0,8,1,42834
3397ae4d,anycost,interpolation,1024,400,cuda:0,8,1,43821
42f86dc4,style2ada,interpolation,1024,100,cuda:1,8,1,31804
c2ec3684,anycost,interpolation,256,100,cuda:0,8,1,70781
6f0160af,mobile,interpolation,1024,800,cuda:0,8,1,50769
c63a3a31,swa,interpolation,512,800,cuda:1,8,1,67753
20f75bbe,swa,interpolation,256,200,cuda:0,8,1,47753
f562486f,anycost,interpolation,256,400,cuda:1,8,1,35685
f78b7b8b,anycost,interpolation,512,100,cuda:0,8,1,16673
b9ccd223,style1,interpolation,256,800,cuda:0,8,1,12673
bd96d836,anycost,random,1024,200,cuda:1,8,1,45648
11d48b41,swa,random,512,200,cuda:0,8,1,23632
7f7407b4,mobile,random,1024,200,cuda:1,8,1,78617
9ee33f4c,style1,interpolation,512,100,cuda:0,8,1,10617
3f850f70,mobile,interpolation,256,100,cuda:0,8,1,9580
e63fecf5,anycost,interpolation,256,800,cuda:1,8,1,49557
045d7da3,style2,random,256,800,cuda:0,8,1,24557
351dc3dc,style2,random,1024,200,cuda:1,8,1,50539
e7bdaf4e,style2ada,interpolation,512,200,cuda:0,8,1,18529
971a0936,style2,interpolation,256,100,cuda:0,8,1,18508
1f7f411b,stylemap,random,1024,200,cuda:0,8,1,93492
a416685d,style1,random,1024,800,cuda:0,8,1,37492
25655885,style2,interpolation,512,400,cuda:1,8,1,62458
39c6fe06,anycost,random,256,200,cuda:0,8,1,22427
89a30e4c,swa,interpolation,256,800,cuda:1,8,1,70427
cb419dd8,mobile,random,256,800,cuda:1,8,1,31410
91fcf514,swa,interpolation,256,400,cuda:0,8,1,79397
16be33b9,stylemap,random,256,400,cuda:0,8,1,52397
ddfcae91,style1,random,256,200,cuda:0,8,1,16377
928efd0b,stylemap,random,1024,800,cuda:0,8,1,421365
eafa3fcf,style2ada,interpolation,256,800,cuda:1,8,1,83365
d039bda8,anycost,random,256,200,cuda:1,8,1,53341
66fd7100,style1,interpolation,1024,100,cuda:1,8,1,90323
19f9d7b7,mobile,interpolation,1024,800,cuda:0,8,1,47302
e3482b8f,style2ada,interpolation,512,100,cuda:0,8,1,33296
6b81578d,style2,random,1024,800,cuda:1,8,1,114255
9585789f,mobile,random,1024,200,cuda:0,8,1,21245
5d96818b,mobile,random,256,200,cuda:0,8,1,22229
a0c059a2,style1,interpolation,1024,400,cuda:1,8,1,172215
4a958161,anycost,random,256,200,cuda:0,8,1,30215
75bdee95,anycost,random,512,400,cuda:1,8,1,160192
c4aec31c,style1,interpolation,256,800,cuda:0,8,1,17173
faaa2432,style1,random,512,400,cuda:1,8,1,37160
bcf51c1d,anycost,interpolation,512,100,cuda:0,8,1,29133
ea73171c,stylemap,interpolation,512,100,cuda:0,8,1,44109
b66620a6,style1,random,512,200,cuda:1,8,1,29030
4241bd41,stylemap,random,256,200,cuda:0,8,1,40024
26216f4f,anycost,random,1024,400,cuda:1,8,1,68985
62bfc264,stylemap,random,512,400,cuda:0,8,1,328985
687564b3,mobile,interpolation,256,400,cuda:0,8,1,39969
38ad555f,swa,random,256,200,cuda:0,8,1,51957
9e163e4b,style2,random,512,400,cuda:1,8,1,58940
58274033,style1,random,256,800,cuda:0,8,1,22917
c28a5595,style2,interpolation,512,800,cuda:0,8,1,116905
2d10f9b7,swa,interpolation,512,100,cuda:1,8,1,100893
328b4e66,style2,random,256,200,cuda:0,8,1,-1
550695d3,style2ada,random,256,400,cuda:0,8,1,50877
9f385b46,anycost,interpolation,256,200,cuda:0,8,1,37865
9f590459,swa,random,1024,400,cuda:1,8,1,190849
bd410af4,swa,random,256,200,cuda:1,8,1,50849
a265c725,mobile,interpolation,512,100,cuda:1,8,1,36817
6aa9c5db,style1,interpolation,256,400,cuda:1,8,1,24789
e3a45608,style2ada,interpolation,512,400,cuda:0,8,1,49789
79592961,style2ada,random,256,400,cuda:0,8,1,44789
3fd11507,swa,random,256,800,cuda:0,8,1,162764
68bd7fd6,style2ada,interpolation,512,800,cuda:0,8,1,180753
886f877d,mobile,random,256,800,cuda:0,8,1,63724
5c71266c,mobile,random,256,800,cuda:0,8,1,42627
f8c79ee0,style2ada,interpolation,1024,200,cuda:1,8,1,-1
ec0fbeda,style1,random,1024,800,cuda:1,8,1,93572
4a3bc3ff,swa,random,512,800,cuda:0,8,1,142544
c188558c,stylemap,interpolation,512,200,cuda:0,8,1,120544
62bde654,stylemap,random,256,200,cuda:1,8,1,82525
125ddb78,style1,random,512,800,cuda:0,8,1,50525
f789e1d7,stylemap,interpolation,1024,100,cuda:0,8,1,-1
d0cf9dc7,swa,random,1024,100,cuda:0,8,1,-1
b1eb16ab,style2ada,interpolation,256,200,cuda:0,8,1,-1
bf2e78aa,anycost,random,256,100,cuda:0,8,1,-1
2e55de56,style2ada,random,256,400,cuda:0,8,1,193477
419cbc9a,swa,random,1024,100,cuda:0,8,1,-1
083c8811,style2ada,random,512,100,cuda:0,8,1,-1
9dd8de44,mobile,interpolation,256,200,cuda:1,8,1,33429
11ccd6ed,swa,random,512,100,cuda:1,8,1,41404
0ce4df96,style1,random,512,200,cuda:0,8,1,-1
2990f94e,style2,interpolation,512,800,cuda:0,8,1,-1
dcfe3201,style2,random,256,800,cuda:1,8,1,56257
527af292,mobile,random,256,100,cuda:0,8,1,-1
6ab74c85,anycost,random,256,200,cuda:0,8,1,-1
5debedfd,style2,interpolation,1024,200,cuda:0,8,1,-1
0c75c972,swa,random,1024,400,cuda:1,8,1,91197
384c3f3b,style1,random,512,400,cuda:1,8,1,49184
59c66c18,anycost,interpolation,256,800,cuda:1,8,1,66086
c5e129ba,stylemap,interpolation,1024,100,cuda:0,8,1,-1
2f99f87d,mobile,interpolation,1024,400,cuda:1,8,1,101031
cbd6a111,stylemap,random,1024,100,cuda:0,8,1,-1
bea30602,swa,random,256,200,cuda:0,8,1,-1
2fb00b50,anycost,interpolation,256,800,cuda:0,8,1,-1
fddd9d56,anycost,random,512,100,cuda:0,8,1,-1
99640cdb,mobile,random,512,100,cuda:1,8,1,64945
d0f98e1a,style2,random,1024,100,cuda:1,8,1,59929
4983dc51,stylemap,random,1024,200,cuda:0,8,1,-1
1a67e07a,style2ada,random,1024,800,cuda:0,8,1,-1
12783564,anycost,interpolation,1024,400,cuda:0,8,1,-1
0754b073,style1,interpolation,512,100,cuda:0,8,1,-1
8fab970c,style1,random,1024,800,cuda:0,8,1,-1
e46dfb39,stylemap,interpolation,512,100,cuda:1,8,1,-1
574914d5,anycost,random,512,800,cuda:1,8,1,-1
4c8b02a5,style2ada,interpolation,1024,100,cuda:0,8,1,-1
a3a4ce38,mobile,random,256,200,cuda:1,8,1,53678
e7269219,swa,interpolation,1024,200,cuda:0,8,1,-1
5b095f4c,style2,interpolation,512,200,cuda:0,8,1,-1
bf098a72,style2,random,1024,100,cuda:0,8,1,-1
6830d824,style1,interpolation,256,200,cuda:0,8,1,-1
650e5d63,style2,random,1024,200,cuda:1,8,1,-1
e736600c,stylemap,interpolation,256,400,cuda:0,8,1,-1
06185735,stylemap,interpolation,512,800,cuda:0,8,1,-1
2f611557,style2ada,interpolation,256,800,cuda:0,8,1,-1
9dfe45ce,mobile,random,512,400,cuda:1,8,1,-1
848d341a,style2ada,random,1024,200,cuda:1,8,1,-1
3e894fc7,style1,random,256,400,cuda:1,8,1,-1
88f745e8,style2,random,256,800,cuda:0,8,1,-1




