/usr/local/lib/python3.8/dist-packages/dataclasses_json/core.py:171: RuntimeWarning: `NoneType` object value of non-optional type config_path detected when decoding BareConfig.
  warnings.warn(f"`NoneType` object {warning}.", RuntimeWarning)
10-24-2021 19:46:25 root         INFO     Starting in cluster mode.
10-24-2021 19:46:25 root         INFO     Starting as Orchestrator
10-24-2021 19:46:25 root         INFO     Starting Orchestrator, initializing resources....
10-24-2021 19:46:25 root         INFO     Loading in cluster configuration file
10-24-2021 19:46:25 root         INFO     Pointing configuration to in cluster configuration.
10-24-2021 19:46:25 root         INFO     Starting cluster manager
10-24-2021 19:46:25 root         INFO     Starting arrival generator
10-24-2021 19:46:25 root         INFO     Starting orchestrator
swa 1024 100 8 cuda:0 14328
10-24-2021 19:46:41 ResourceWatchDog ERROR    Finish time lookup for ubuntu94025/6aab4723-b3de-44a4-b202-75505521868b failed. Reason: 'NoneType' object is not iterable
stylemap 1024 400 1 cuda:0 13216
style2 512 100 8 cuda:0 13608
mobile 256 200 8 cuda:1 1488
mobile 256 100 8 cuda:1 1488
style2 512 200 4 cuda:1 7280
style1 256 800 8 cuda:1 2008
style2ada 256 800 8 cuda:0 8328
swa 1024 400 4 cuda:1 7632
stylemap 512 100 1 cuda:1 7768
style1 1024 200 4 cuda:0 11368
style2ada 256 200 4 cuda:0 4640
style2 256 400 8 cuda:0 7376
style1 512 400 8 cuda:1 5952
mobile 1024 100 4 cuda:1 10096
swa 1024 100 4 cuda:0 7632
style2ada 512 400 4 cuda:1 8312
mobile 512 200 8 cuda:1 5176
swa 512 400 8 cuda:1 7560
style2ada 256 400 8 cuda:0 8328
style1 512 200 8 cuda:1 5952
stylemap 512 200 4 cuda:0 23728
swa 512 400 8 cuda:0 7560
anycost 1024 200 2 cuda:1 7544
style2ada 512 100 4 cuda:1 8312
anycost 512 800 8 cuda:0 13616
style2ada 512 400 4 cuda:0 8312
style2ada 512 800 4 cuda:1 8312
style2ada 1024 100 2 cuda:1 8504
anycost 512 200 8 cuda:0 13616
mobile 1024 400 2 cuda:1 5232
anycost 512 800 8 cuda:0 13616
style2ada 512 400 2 cuda:1 4632
mobile 1024 200 1 cuda:1 2800
anycost 1024 800 4 cuda:0 14072
style2 512 100 8 cuda:0 13608
stylemap 512 800 1 cuda:1 7768
stylemap 512 800 2 cuda:0 13096
style1 512 200 8 cuda:1 5952
style2 512 100 8 cuda:0 13608
style1 256 100 8 cuda:1 2008
style2ada 512 800 4 cuda:0 8312
style2 256 200 8 cuda:1 7376
mobile 1024 400 4 cuda:0 10096
stylemap 256 200 2 cuda:0 7672
style2 256 100 4 cuda:0 4152
style2ada 256 800 4 cuda:1 4640
style2ada 512 100 2 cuda:1 4632
style1 512 800 8 cuda:0 5952
stylemap 256 400 1 cuda:0 5048
swa 512 400 4 cuda:1 4240
style1 1024 400 1 cuda:1 4064
swa 1024 800 2 cuda:0 4296
anycost 512 200 2 cuda:0 4120
mobile 256 800 8 cuda:1 1488
style2 512 800 1 cuda:0 2528
10-24-2021 19:56:09 ResourceWatchDog ERROR    Finish time lookup for ubuntu94025/1b1b3c22-c6c3-4cea-b225-3d77f4b2c850 failed. Reason: 'NoneType' object is not iterable
mobile 256 400 8 cuda:1 1488
mobile 1024 800 1 cuda:1 2800




task_info={UUID('6aab4723-b3de-44a4-b202-75505521868b'): ('swa', 1024, 'interpolation', 100, 'cuda:0', 8, 1), UUID('d1957cac-9526-4460-a003-ff91fe5f6739'): ('stylemap', 1024, 'interpolation', 400, 'cuda:0', 1, 1), UUID('0272b678-bdb6-4153-9bf5-fb6684e051b7'): ('style2', 512, 'interpolation', 100, 'cuda:0', 8, 1), UUID('8a07fed0-9c6b-4fe4-b555-5f80f6daba79'): ('mobile', 256, 'interpolation', 200, 'cuda:1', 8, 1), UUID('50f20617-d8fa-4928-acb0-c3be18cc1c9d'): ('mobile', 256, 'interpolation', 100, 'cuda:1', 8, 1), UUID('57bc5e7f-ef0c-444a-b14b-9b138e6085b0'): ('style2', 512, 'interpolation', 200, 'cuda:1', 4, 1), UUID('00763c53-3cdb-4d7d-a234-fa5f450b120d'): ('style1', 256, 'interpolation', 800, 'cuda:1', 8, 1), UUID('f15f95da-ba8a-48e4-987b-71d86591e1fd'): ('style2ada', 256, 'interpolation', 800, 'cuda:0', 8, 1), UUID('73c1396c-8b38-410c-8de9-a65bf8eca5e8'): ('stylemap', 1024, 'interpolation', 100, -1, -1, 1), UUID('ec81b001-4912-4d6a-9dd7-d0459ee02355'): ('swa', 1024, 'interpolation', 400, 'cuda:1', 4, 1), UUID('628e8742-b1b8-406e-a8b9-fa4c7401c429'): ('stylemap', 512, 'interpolation', 100, 'cuda:1', 1, 1), UUID('cd0399a7-70ee-4047-8bf8-459d8f070b5f'): ('style1', 1024, 'random', 200, 'cuda:0', 4, 1), UUID('2f455fba-f50a-4e8e-9f78-bcd65b8ce86a'): ('style2ada', 256, 'random', 200, 'cuda:0', 4, 1), UUID('b3c7418d-fda0-4ba5-9aa1-e6475ef85598'): ('style2', 256, 'interpolation', 400, 'cuda:0', 8, 1), UUID('bdcf0832-e13c-46eb-ab99-00e85444804b'): ('stylemap', 1024, 'random', 800, -1, -1, 1), UUID('99585f41-0f79-400b-a612-f79eb9ae6ca7'): ('style1', 512, 'random', 400, 'cuda:1', 8, 1), UUID('8afd32bf-f1a3-4f62-a1a6-0181591728b5'): ('mobile', 1024, 'interpolation', 100, 'cuda:1', 4, 1), UUID('40ac17d6-438a-4029-8b00-8de908b3efd8'): ('swa', 1024, 'interpolation', 100, 'cuda:0', 4, 1), UUID('d423dc2c-7a62-4c94-86e5-7f6d16b3ef57'): ('style2ada', 512, 'interpolation', 400, 'cuda:1', 4, 1), UUID('2c582266-a4ed-44de-b902-dfa03c52335a'): ('mobile', 512, 'interpolation', 200, 'cuda:1', 8, 1), UUID('25f7ce95-9f83-4123-9301-f1fd07673494'): ('swa', 512, 'random', 400, 'cuda:1', 8, 1), UUID('dec88000-aef3-4514-b43f-001bcf4e17e8'): ('style2ada', 256, 'random', 400, 'cuda:0', 8, 1), UUID('6d4f323e-36e2-4248-88ed-8169f1abc023'): ('style1', 512, 'interpolation', 200, 'cuda:1', 8, 1), UUID('3482e69a-ec5b-46a1-b424-2c1f09ad0824'): ('stylemap', 512, 'interpolation', 200, 'cuda:0', 4, 1), UUID('baa1eb76-be8c-4553-9c89-c7efd81ab53d'): ('swa', 512, 'random', 400, 'cuda:0', 8, 1), UUID('552a4bc8-2385-4d95-80ac-b77b2676389b'): ('anycost', 1024, 'interpolation', 200, 'cuda:1', 2, 1), UUID('62e01d72-3608-4312-ad97-ada639d42bd6'): ('style2ada', 512, 'interpolation', 100, 'cuda:1', 4, 1), UUID('bda830b7-b8e0-444a-91f1-ad7804b0bafe'): ('anycost', 512, 'random', 800, 'cuda:0', 8, 1), UUID('af8a17c8-7268-40ce-94f9-4753c56be02d'): ('style2ada', 512, 'random', 400, 'cuda:0', 4, 1), UUID('7e32a6ef-149a-4a51-b530-8fda4f48b7c7'): ('style2ada', 512, 'random', 800, 'cuda:1', 4, 1), UUID('abdb657e-e72e-453c-82ee-b0690d10904f'): ('style2ada', 1024, 'interpolation', 100, 'cuda:1', 2, 1), UUID('6bc5d153-e04b-4811-8ec2-b809c6d64125'): ('anycost', 512, 'random', 200, 'cuda:0', 8, 1), UUID('51c7de4e-234a-4c08-b4b7-50818d601e44'): ('mobile', 1024, 'random', 400, 'cuda:1', 2, 1), UUID('d5ad7e24-86db-4f26-8107-7103d2aab6d6'): ('anycost', 512, 'random', 800, 'cuda:0', 8, 1), UUID('66bc1682-95d1-4a16-94c9-b0c6ed8d5048'): ('style2ada', 512, 'random', 400, 'cuda:1', 2, 1), UUID('920d4f0e-a3cb-4d35-8d19-9eab1ec3f0ce'): ('mobile', 1024, 'interpolation', 200, 'cuda:1', 1, 1), UUID('e6a8fa84-a08a-42a0-ad43-90d41433787d'): ('anycost', 1024, 'interpolation', 800, 'cuda:0', 4, 1), UUID('d78a162c-63a4-410f-940f-821be4f6e5ed'): ('style2', 512, 'random', 100, 'cuda:0', 8, 1), UUID('930f02e6-000a-46b8-8873-90b5e7934a87'): ('stylemap', 512, 'interpolation', 800, 'cuda:1', 1, 1), UUID('aa51b1a9-ab61-41eb-8bde-fca92b3bf7f0'): ('stylemap', 512, 'random', 800, 'cuda:0', 2, 1), UUID('86fb0385-03b9-4672-8e7c-b7c12153629b'): ('style1', 512, 'random', 200, 'cuda:1', 8, 1), UUID('a6a440fa-8545-4d34-93c4-3dff4b43eaa8'): ('style2', 512, 'random', 100, 'cuda:0', 8, 1), UUID('a384438a-e7ae-44af-96cc-e9626818f559'): ('style1', 256, 'random', 100, 'cuda:1', 8, 1), UUID('6004950c-0c33-4716-b274-b708f4981f18'): ('style2ada', 512, 'interpolation', 800, 'cuda:0', 4, 1), UUID('65a67747-f31a-4080-9358-147b350d00d8'): ('style2', 256, 'interpolation', 200, 'cuda:1', 8, 1), UUID('d400f0ae-4bfc-49e3-bf50-28c5c5f13a50'): ('mobile', 1024, 'interpolation', 400, 'cuda:0', 4, 1), UUID('61e681bc-0016-4aa3-86b5-48948247d4bf'): ('stylemap', 256, 'random', 200, 'cuda:0', 2, 1), UUID('9610e4da-6300-4298-b834-7575318e26ef'): ('style2', 256, 'interpolation', 100, 'cuda:0', 4, 1), UUID('6368e4af-f995-4c70-a4ef-3cd94fe9b147'): ('style2ada', 256, 'random', 800, 'cuda:1', 4, 1), UUID('6e4ac040-4070-4b9f-9428-30bc3efbc309'): ('style2ada', 512, 'interpolation', 100, 'cuda:1', 2, 1), UUID('ff999e22-aed1-4b4c-838f-292f30ae52e9'): ('style1', 512, 'random', 800, 'cuda:0', 8, 1), UUID('9a3df52e-2192-4bc4-b5e2-85bd1e3cfefe'): ('stylemap', 512, 'random', 200, -1, -1, 1), UUID('dd22fdd0-64f5-455b-8435-6ccfdf5c6956'): ('stylemap', 256, 'random', 400, 'cuda:0', 1, 1), UUID('e95a8785-481f-4197-809f-fb2cc517062f'): ('swa', 512, 'interpolation', 400, 'cuda:1', 4, 1), UUID('b70b52b2-2a6b-4b8c-9b72-b32531e282f2'): ('style1', 1024, 'random', 400, 'cuda:1', 1, 1), UUID('3b7a9c13-c734-4a2e-a2f1-23a0b2c7b0cb'): ('swa', 1024, 'random', 800, 'cuda:0', 2, 1), UUID('2b67f49d-e62c-4796-87c6-1b54693cd01f'): ('anycost', 512, 'interpolation', 200, 'cuda:0', 2, 1), UUID('4f917115-9df9-4cee-8124-f70ec29ab7a9'): ('mobile', 256, 'interpolation', 800, 'cuda:1', 8, 1), UUID('1b1b3c22-c6c3-4cea-b225-3d77f4b2c850'): ('style2', 512, 'interpolation', 800, 'cuda:0', 1, 1), UUID('309ca956-ef0e-4584-aa7f-9bc8fb526de6'): ('mobile', 256, 'random', 400, 'cuda:1', 8, 1), UUID('5cb67d7f-4d21-4d7e-bcc9-2b636516b344'): ('mobile', 1024, 'random', 800, 'cuda:1', 1, 1)}
arrival_times={UUID('6aab4723-b3de-44a4-b202-75505521868b'): datetime.datetime(2021, 10, 24, 19, 46, 41, 18664), UUID('d1957cac-9526-4460-a003-ff91fe5f6739'): datetime.datetime(2021, 10, 24, 19, 46, 46, 35942), UUID('0272b678-bdb6-4153-9bf5-fb6684e051b7'): datetime.datetime(2021, 10, 24, 19, 46, 56, 50727), UUID('8a07fed0-9c6b-4fe4-b555-5f80f6daba79'): datetime.datetime(2021, 10, 24, 19, 47, 11, 72862), UUID('50f20617-d8fa-4928-acb0-c3be18cc1c9d'): datetime.datetime(2021, 10, 24, 19, 47, 16, 91940), UUID('57bc5e7f-ef0c-444a-b14b-9b138e6085b0'): datetime.datetime(2021, 10, 24, 19, 47, 26, 142778), UUID('00763c53-3cdb-4d7d-a234-fa5f450b120d'): datetime.datetime(2021, 10, 24, 19, 47, 36, 162615), UUID('f15f95da-ba8a-48e4-987b-71d86591e1fd'): datetime.datetime(2021, 10, 24, 19, 47, 46, 183772), UUID('73c1396c-8b38-410c-8de9-a65bf8eca5e8'): datetime.datetime(2021, 10, 24, 19, 47, 51, 254487), UUID('ec81b001-4912-4d6a-9dd7-d0459ee02355'): datetime.datetime(2021, 10, 24, 19, 48, 3, 266792), UUID('628e8742-b1b8-406e-a8b9-fa4c7401c429'): datetime.datetime(2021, 10, 24, 19, 48, 8, 285788), UUID('cd0399a7-70ee-4047-8bf8-459d8f070b5f'): datetime.datetime(2021, 10, 24, 19, 48, 23, 311025), UUID('2f455fba-f50a-4e8e-9f78-bcd65b8ce86a'): datetime.datetime(2021, 10, 24, 19, 48, 33, 330593), UUID('b3c7418d-fda0-4ba5-9aa1-e6475ef85598'): datetime.datetime(2021, 10, 24, 19, 48, 38, 347690), UUID('bdcf0832-e13c-46eb-ab99-00e85444804b'): datetime.datetime(2021, 10, 24, 19, 48, 53, 404735), UUID('99585f41-0f79-400b-a612-f79eb9ae6ca7'): datetime.datetime(2021, 10, 24, 19, 49, 0, 410610), UUID('8afd32bf-f1a3-4f62-a1a6-0181591728b5'): datetime.datetime(2021, 10, 24, 19, 49, 5, 426590), UUID('40ac17d6-438a-4029-8b00-8de908b3efd8'): datetime.datetime(2021, 10, 24, 19, 49, 15, 446781), UUID('d423dc2c-7a62-4c94-86e5-7f6d16b3ef57'): datetime.datetime(2021, 10, 24, 19, 49, 25, 462653), UUID('2c582266-a4ed-44de-b902-dfa03c52335a'): datetime.datetime(2021, 10, 24, 19, 49, 30, 483712), UUID('25f7ce95-9f83-4123-9301-f1fd07673494'): datetime.datetime(2021, 10, 24, 19, 49, 30, 483767), UUID('dec88000-aef3-4514-b43f-001bcf4e17e8'): datetime.datetime(2021, 10, 24, 19, 49, 40, 554624), UUID('6d4f323e-36e2-4248-88ed-8169f1abc023'): datetime.datetime(2021, 10, 24, 19, 49, 55, 574719), UUID('3482e69a-ec5b-46a1-b424-2c1f09ad0824'): datetime.datetime(2021, 10, 24, 19, 50, 0, 590783), UUID('baa1eb76-be8c-4553-9c89-c7efd81ab53d'): datetime.datetime(2021, 10, 24, 19, 50, 5, 611899), UUID('552a4bc8-2385-4d95-80ac-b77b2676389b'): datetime.datetime(2021, 10, 24, 19, 50, 20, 647663), UUID('62e01d72-3608-4312-ad97-ada639d42bd6'): datetime.datetime(2021, 10, 24, 19, 50, 30, 665653), UUID('bda830b7-b8e0-444a-91f1-ad7804b0bafe'): datetime.datetime(2021, 10, 24, 19, 50, 45, 733932), UUID('af8a17c8-7268-40ce-94f9-4753c56be02d'): datetime.datetime(2021, 10, 24, 19, 50, 55, 784979), UUID('7e32a6ef-149a-4a51-b530-8fda4f48b7c7'): datetime.datetime(2021, 10, 24, 19, 51, 10, 854594), UUID('abdb657e-e72e-453c-82ee-b0690d10904f'): datetime.datetime(2021, 10, 24, 19, 51, 15, 875682), UUID('6bc5d153-e04b-4811-8ec2-b809c6d64125'): datetime.datetime(2021, 10, 24, 19, 51, 25, 938612), UUID('51c7de4e-234a-4c08-b4b7-50818d601e44'): datetime.datetime(2021, 10, 24, 19, 51, 35, 962776), UUID('d5ad7e24-86db-4f26-8107-7103d2aab6d6'): datetime.datetime(2021, 10, 24, 19, 51, 50, 986851), UUID('66bc1682-95d1-4a16-94c9-b0c6ed8d5048'): datetime.datetime(2021, 10, 24, 19, 52, 6, 11741), UUID('920d4f0e-a3cb-4d35-8d19-9eab1ec3f0ce'): datetime.datetime(2021, 10, 24, 19, 52, 16, 42579), UUID('e6a8fa84-a08a-42a0-ad43-90d41433787d'): datetime.datetime(2021, 10, 24, 19, 52, 26, 67355), UUID('d78a162c-63a4-410f-940f-821be4f6e5ed'): datetime.datetime(2021, 10, 24, 19, 52, 36, 91705), UUID('930f02e6-000a-46b8-8873-90b5e7934a87'): datetime.datetime(2021, 10, 24, 19, 52, 51, 191150), UUID('aa51b1a9-ab61-41eb-8bde-fca92b3bf7f0'): datetime.datetime(2021, 10, 24, 19, 53, 1, 207863), UUID('86fb0385-03b9-4672-8e7c-b7c12153629b'): datetime.datetime(2021, 10, 24, 19, 53, 6, 224290), UUID('a6a440fa-8545-4d34-93c4-3dff4b43eaa8'): datetime.datetime(2021, 10, 24, 19, 53, 16, 239522), UUID('a384438a-e7ae-44af-96cc-e9626818f559'): datetime.datetime(2021, 10, 24, 19, 53, 26, 262772), UUID('6004950c-0c33-4716-b274-b708f4981f18'): datetime.datetime(2021, 10, 24, 19, 53, 41, 286580), UUID('65a67747-f31a-4080-9358-147b350d00d8'): datetime.datetime(2021, 10, 24, 19, 53, 51, 306654), UUID('d400f0ae-4bfc-49e3-bf50-28c5c5f13a50'): datetime.datetime(2021, 10, 24, 19, 53, 56, 318592), UUID('61e681bc-0016-4aa3-86b5-48948247d4bf'): datetime.datetime(2021, 10, 24, 19, 54, 6, 334803), UUID('9610e4da-6300-4298-b834-7575318e26ef'): datetime.datetime(2021, 10, 24, 19, 54, 11, 348031), UUID('6368e4af-f995-4c70-a4ef-3cd94fe9b147'): datetime.datetime(2021, 10, 24, 19, 54, 31, 374592), UUID('6e4ac040-4070-4b9f-9428-30bc3efbc309'): datetime.datetime(2021, 10, 24, 19, 54, 41, 390826), UUID('ff999e22-aed1-4b4c-838f-292f30ae52e9'): datetime.datetime(2021, 10, 24, 19, 54, 56, 410617), UUID('9a3df52e-2192-4bc4-b5e2-85bd1e3cfefe'): datetime.datetime(2021, 10, 24, 19, 55, 6, 442581), UUID('dd22fdd0-64f5-455b-8435-6ccfdf5c6956'): datetime.datetime(2021, 10, 24, 19, 55, 13, 450620), UUID('e95a8785-481f-4197-809f-fb2cc517062f'): datetime.datetime(2021, 10, 24, 19, 55, 28, 507673), UUID('b70b52b2-2a6b-4b8c-9b72-b32531e282f2'): datetime.datetime(2021, 10, 24, 19, 55, 28, 507726), UUID('3b7a9c13-c734-4a2e-a2f1-23a0b2c7b0cb'): datetime.datetime(2021, 10, 24, 19, 55, 43, 551667), UUID('2b67f49d-e62c-4796-87c6-1b54693cd01f'): datetime.datetime(2021, 10, 24, 19, 55, 48, 567768), UUID('4f917115-9df9-4cee-8124-f70ec29ab7a9'): datetime.datetime(2021, 10, 24, 19, 55, 58, 587739), UUID('1b1b3c22-c6c3-4cea-b225-3d77f4b2c850'): datetime.datetime(2021, 10, 24, 19, 56, 8, 747697), UUID('309ca956-ef0e-4584-aa7f-9bc8fb526de6'): datetime.datetime(2021, 10, 24, 19, 56, 18, 768561), UUID('5cb67d7f-4d21-4d7e-bcc9-2b636516b344'): datetime.datetime(2021, 10, 24, 19, 56, 23, 783220)}
finish_times={'00763c53-3cdb-4d7d-a234-fa5f450b120d': (datetime.datetime(2021, 10, 24, 19, 47, 37, tzinfo=tzlocal()), datetime.datetime(2021, 10, 24, 19, 47, 50, tzinfo=tzlocal())), '0272b678-bdb6-4153-9bf5-fb6684e051b7': (datetime.datetime(2021, 10, 24, 19, 46, 57, tzinfo=tzlocal()), datetime.datetime(2021, 10, 24, 19, 47, 15, tzinfo=tzlocal())), '25f7ce95-9f83-4123-9301-f1fd07673494': (datetime.datetime(2021, 10, 24, 19, 49, 31, tzinfo=tzlocal()), datetime.datetime(2021, 10, 24, 19, 50, 5, tzinfo=tzlocal())), '2c582266-a4ed-44de-b902-dfa03c52335a': (datetime.datetime(2021, 10, 24, 19, 49, 31, tzinfo=tzlocal()), datetime.datetime(2021, 10, 24, 19, 49, 47, tzinfo=tzlocal())), '2f455fba-f50a-4e8e-9f78-bcd65b8ce86a': (datetime.datetime(2021, 10, 24, 19, 48, 34, tzinfo=tzlocal()), datetime.datetime(2021, 10, 24, 19, 48, 51, tzinfo=tzlocal())), '309ca956-ef0e-4584-aa7f-9bc8fb526de6': (datetime.datetime(2021, 10, 24, 19, 56, 19, tzinfo=tzlocal()), datetime.datetime(2021, 10, 24, 19, 56, 33, tzinfo=tzlocal())), '3482e69a-ec5b-46a1-b424-2c1f09ad0824': (datetime.datetime(2021, 10, 24, 19, 50, 1, tzinfo=tzlocal()), datetime.datetime(2021, 10, 24, 19, 50, 49, tzinfo=tzlocal())), '40ac17d6-438a-4029-8b00-8de908b3efd8': (datetime.datetime(2021, 10, 24, 19, 49, 16, tzinfo=tzlocal()), datetime.datetime(2021, 10, 24, 19, 49, 30, tzinfo=tzlocal())), '4f917115-9df9-4cee-8124-f70ec29ab7a9': (datetime.datetime(2021, 10, 24, 19, 56, 2, tzinfo=tzlocal()), datetime.datetime(2021, 10, 24, 19, 56, 33, tzinfo=tzlocal())), '50f20617-d8fa-4928-acb0-c3be18cc1c9d': (datetime.datetime(2021, 10, 24, 19, 47, 17, tzinfo=tzlocal()), datetime.datetime(2021, 10, 24, 19, 47, 28, tzinfo=tzlocal())), '51c7de4e-234a-4c08-b4b7-50818d601e44': (datetime.datetime(2021, 10, 24, 19, 51, 37, tzinfo=tzlocal()), datetime.datetime(2021, 10, 24, 19, 52, 24, tzinfo=tzlocal())), '552a4bc8-2385-4d95-80ac-b77b2676389b': (datetime.datetime(2021, 10, 24, 19, 50, 25, tzinfo=tzlocal()), datetime.datetime(2021, 10, 24, 19, 50, 55, tzinfo=tzlocal())), '57bc5e7f-ef0c-444a-b14b-9b138e6085b0': (datetime.datetime(2021, 10, 24, 19, 47, 27, tzinfo=tzlocal()), datetime.datetime(2021, 10, 24, 19, 47, 46, tzinfo=tzlocal())), '6004950c-0c33-4716-b274-b708f4981f18': (datetime.datetime(2021, 10, 24, 19, 53, 42, tzinfo=tzlocal()), datetime.datetime(2021, 10, 24, 19, 56, tzinfo=tzlocal())), '61e681bc-0016-4aa3-86b5-48948247d4bf': (datetime.datetime(2021, 10, 24, 19, 54, 7, tzinfo=tzlocal()), datetime.datetime(2021, 10, 24, 19, 55, 10, tzinfo=tzlocal())), '628e8742-b1b8-406e-a8b9-fa4c7401c429': (datetime.datetime(2021, 10, 24, 19, 48, 9, tzinfo=tzlocal()), datetime.datetime(2021, 10, 24, 19, 48, 45, tzinfo=tzlocal())), '62e01d72-3608-4312-ad97-ada639d42bd6': (datetime.datetime(2021, 10, 24, 19, 50, 31, tzinfo=tzlocal()), datetime.datetime(2021, 10, 24, 19, 50, 52, tzinfo=tzlocal())), '6368e4af-f995-4c70-a4ef-3cd94fe9b147': (datetime.datetime(2021, 10, 24, 19, 54, 32, tzinfo=tzlocal()), datetime.datetime(2021, 10, 24, 19, 55, 30, tzinfo=tzlocal())), '65a67747-f31a-4080-9358-147b350d00d8': (datetime.datetime(2021, 10, 24, 19, 53, 56, tzinfo=tzlocal()), datetime.datetime(2021, 10, 24, 19, 54, 22, tzinfo=tzlocal())), '66bc1682-95d1-4a16-94c9-b0c6ed8d5048': (datetime.datetime(2021, 10, 24, 19, 52, 7, tzinfo=tzlocal()), datetime.datetime(2021, 10, 24, 19, 52, 53, tzinfo=tzlocal())), '6aab4723-b3de-44a4-b202-75505521868b': (datetime.datetime(2021, 10, 24, 19, 46, 42, tzinfo=tzlocal()), datetime.datetime(2021, 10, 24, 19, 46, 59, tzinfo=tzlocal())), '6bc5d153-e04b-4811-8ec2-b809c6d64125': (datetime.datetime(2021, 10, 24, 19, 51, 26, tzinfo=tzlocal()), datetime.datetime(2021, 10, 24, 19, 51, 40, tzinfo=tzlocal())), '6d4f323e-36e2-4248-88ed-8169f1abc023': (datetime.datetime(2021, 10, 24, 19, 49, 56, tzinfo=tzlocal()), datetime.datetime(2021, 10, 24, 19, 50, 8, tzinfo=tzlocal())), '6e4ac040-4070-4b9f-9428-30bc3efbc309': (datetime.datetime(2021, 10, 24, 19, 54, 42, tzinfo=tzlocal()), datetime.datetime(2021, 10, 24, 19, 55, 14, tzinfo=tzlocal())), '7e32a6ef-149a-4a51-b530-8fda4f48b7c7': (datetime.datetime(2021, 10, 24, 19, 51, 11, tzinfo=tzlocal()), datetime.datetime(2021, 10, 24, 19, 52, 15, tzinfo=tzlocal())), '86fb0385-03b9-4672-8e7c-b7c12153629b': (datetime.datetime(2021, 10, 24, 19, 53, 7, tzinfo=tzlocal()), datetime.datetime(2021, 10, 24, 19, 53, 22, tzinfo=tzlocal())), '8a07fed0-9c6b-4fe4-b555-5f80f6daba79': (datetime.datetime(2021, 10, 24, 19, 47, 12, tzinfo=tzlocal()), datetime.datetime(2021, 10, 24, 19, 47, 24, tzinfo=tzlocal())), '8afd32bf-f1a3-4f62-a1a6-0181591728b5': (datetime.datetime(2021, 10, 24, 19, 49, 6, tzinfo=tzlocal()), datetime.datetime(2021, 10, 24, 19, 49, 23, tzinfo=tzlocal())), '920d4f0e-a3cb-4d35-8d19-9eab1ec3f0ce': (datetime.datetime(2021, 10, 24, 19, 52, 17, tzinfo=tzlocal()), datetime.datetime(2021, 10, 24, 19, 52, 44, tzinfo=tzlocal())), '9610e4da-6300-4298-b834-7575318e26ef': (datetime.datetime(2021, 10, 24, 19, 54, 23, tzinfo=tzlocal()), datetime.datetime(2021, 10, 24, 19, 54, 39, tzinfo=tzlocal())), '99585f41-0f79-400b-a612-f79eb9ae6ca7': (datetime.datetime(2021, 10, 24, 19, 49, 1, tzinfo=tzlocal()), datetime.datetime(2021, 10, 24, 19, 49, 15, tzinfo=tzlocal())), 'a384438a-e7ae-44af-96cc-e9626818f559': (datetime.datetime(2021, 10, 24, 19, 53, 27, tzinfo=tzlocal()), datetime.datetime(2021, 10, 24, 19, 53, 40, tzinfo=tzlocal())), 'a6a440fa-8545-4d34-93c4-3dff4b43eaa8': (datetime.datetime(2021, 10, 24, 19, 53, 17, tzinfo=tzlocal()), datetime.datetime(2021, 10, 24, 19, 53, 37, tzinfo=tzlocal())), 'abdb657e-e72e-453c-82ee-b0690d10904f': (datetime.datetime(2021, 10, 24, 19, 51, 17, tzinfo=tzlocal()), datetime.datetime(2021, 10, 24, 19, 51, 44, tzinfo=tzlocal())), 'af8a17c8-7268-40ce-94f9-4753c56be02d': (datetime.datetime(2021, 10, 24, 19, 50, 56, tzinfo=tzlocal()), datetime.datetime(2021, 10, 24, 19, 51, 21, tzinfo=tzlocal())), 'b3c7418d-fda0-4ba5-9aa1-e6475ef85598': (datetime.datetime(2021, 10, 24, 19, 48, 39, tzinfo=tzlocal()), datetime.datetime(2021, 10, 24, 19, 49, 1, tzinfo=tzlocal())), 'b70b52b2-2a6b-4b8c-9b72-b32531e282f2': (datetime.datetime(2021, 10, 24, 19, 55, 29, tzinfo=tzlocal()), datetime.datetime(2021, 10, 24, 19, 56, 13, tzinfo=tzlocal())), 'baa1eb76-be8c-4553-9c89-c7efd81ab53d': (datetime.datetime(2021, 10, 24, 19, 50, 6, tzinfo=tzlocal()), datetime.datetime(2021, 10, 24, 19, 50, 39, tzinfo=tzlocal())), 'bda830b7-b8e0-444a-91f1-ad7804b0bafe': (datetime.datetime(2021, 10, 24, 19, 50, 46, tzinfo=tzlocal()), datetime.datetime(2021, 10, 24, 19, 51, 16, tzinfo=tzlocal())), 'cd0399a7-70ee-4047-8bf8-459d8f070b5f': (datetime.datetime(2021, 10, 24, 19, 48, 24, tzinfo=tzlocal()), datetime.datetime(2021, 10, 24, 19, 48, 39, tzinfo=tzlocal())), 'd1957cac-9526-4460-a003-ff91fe5f6739': (datetime.datetime(2021, 10, 24, 19, 46, 47, tzinfo=tzlocal()), datetime.datetime(2021, 10, 24, 19, 49, 25, tzinfo=tzlocal())), 'd400f0ae-4bfc-49e3-bf50-28c5c5f13a50': (datetime.datetime(2021, 10, 24, 19, 53, 58, tzinfo=tzlocal()), datetime.datetime(2021, 10, 24, 19, 54, 26, tzinfo=tzlocal())), 'd423dc2c-7a62-4c94-86e5-7f6d16b3ef57': (datetime.datetime(2021, 10, 24, 19, 49, 26, tzinfo=tzlocal()), datetime.datetime(2021, 10, 24, 19, 49, 59, tzinfo=tzlocal())), 'd5ad7e24-86db-4f26-8107-7103d2aab6d6': (datetime.datetime(2021, 10, 24, 19, 51, 55, tzinfo=tzlocal()), datetime.datetime(2021, 10, 24, 19, 52, 20, tzinfo=tzlocal())), 'd78a162c-63a4-410f-940f-821be4f6e5ed': (datetime.datetime(2021, 10, 24, 19, 52, 37, tzinfo=tzlocal()), datetime.datetime(2021, 10, 24, 19, 52, 55, tzinfo=tzlocal())), 'dec88000-aef3-4514-b43f-001bcf4e17e8': (datetime.datetime(2021, 10, 24, 19, 49, 41, tzinfo=tzlocal()), datetime.datetime(2021, 10, 24, 19, 49, 52, tzinfo=tzlocal())), 'e6a8fa84-a08a-42a0-ad43-90d41433787d': (datetime.datetime(2021, 10, 24, 19, 52, 29, tzinfo=tzlocal()), datetime.datetime(2021, 10, 24, 19, 53, 8, tzinfo=tzlocal())), 'ec81b001-4912-4d6a-9dd7-d0459ee02355': (datetime.datetime(2021, 10, 24, 19, 48, 4, tzinfo=tzlocal()), datetime.datetime(2021, 10, 24, 19, 49, 2, tzinfo=tzlocal())), 'f15f95da-ba8a-48e4-987b-71d86591e1fd': (datetime.datetime(2021, 10, 24, 19, 47, 47, tzinfo=tzlocal()), datetime.datetime(2021, 10, 24, 19, 48, 13, tzinfo=tzlocal())), 'ff999e22-aed1-4b4c-838f-292f30ae52e9': (datetime.datetime(2021, 10, 24, 19, 54, 58, tzinfo=tzlocal()), datetime.datetime(2021, 10, 24, 19, 55, 16, tzinfo=tzlocal()))}




id,network,job_type,image_size,num_imgs,device,batch_size,data_parallelism,response_time
6aab4723,swa,interpolation,1024,100,cuda:0,8,1,17981
d1957cac,stylemap,interpolation,1024,400,cuda:0,1,1,158964
0272b678,style2,interpolation,512,100,cuda:0,8,1,18949
8a07fed0,mobile,interpolation,256,200,cuda:1,8,1,12927
50f20617,mobile,interpolation,256,100,cuda:1,8,1,11908
57bc5e7f,style2,interpolation,512,200,cuda:1,4,1,19857
00763c53,style1,interpolation,256,800,cuda:1,8,1,13837
f15f95da,style2ada,interpolation,256,800,cuda:0,8,1,26816
73c1396c,stylemap,interpolation,1024,100,-1,-1,1,-1
ec81b001,swa,interpolation,1024,400,cuda:1,4,1,58733
628e8742,stylemap,interpolation,512,100,cuda:1,1,1,36714
cd0399a7,style1,random,1024,200,cuda:0,4,1,15688
2f455fba,style2ada,random,256,200,cuda:0,4,1,17669
b3c7418d,style2,interpolation,256,400,cuda:0,8,1,22652
bdcf0832,stylemap,random,1024,800,-1,-1,1,-1
99585f41,style1,random,512,400,cuda:1,8,1,14589
8afd32bf,mobile,interpolation,1024,100,cuda:1,4,1,17573
40ac17d6,swa,interpolation,1024,100,cuda:0,4,1,14553
d423dc2c,style2ada,interpolation,512,400,cuda:1,4,1,33537
2c582266,mobile,interpolation,512,200,cuda:1,8,1,16516
25f7ce95,swa,random,512,400,cuda:1,8,1,34516
dec88000,style2ada,random,256,400,cuda:0,8,1,11445
6d4f323e,style1,interpolation,512,200,cuda:1,8,1,12425
3482e69a,stylemap,interpolation,512,200,cuda:0,4,1,48409
baa1eb76,swa,random,512,400,cuda:0,8,1,33388
552a4bc8,anycost,interpolation,1024,200,cuda:1,2,1,34352
62e01d72,style2ada,interpolation,512,100,cuda:1,4,1,21334
bda830b7,anycost,random,512,800,cuda:0,8,1,30266
af8a17c8,style2ada,random,512,400,cuda:0,4,1,25215
7e32a6ef,style2ada,random,512,800,cuda:1,4,1,64145
abdb657e,style2ada,interpolation,1024,100,cuda:1,2,1,28124
6bc5d153,anycost,random,512,200,cuda:0,8,1,14061
51c7de4e,mobile,random,1024,400,cuda:1,2,1,48037
d5ad7e24,anycost,random,512,800,cuda:0,8,1,29013
66bc1682,style2ada,random,512,400,cuda:1,2,1,46988
920d4f0e,mobile,interpolation,1024,200,cuda:1,1,1,27957
e6a8fa84,anycost,interpolation,1024,800,cuda:0,4,1,41932
d78a162c,style2,random,512,100,cuda:0,8,1,18908
930f02e6,stylemap,interpolation,512,800,cuda:1,1,1,-1
aa51b1a9,stylemap,random,512,800,cuda:0,2,1,-1
86fb0385,style1,random,512,200,cuda:1,8,1,15775
a6a440fa,style2,random,512,100,cuda:0,8,1,20760
a384438a,style1,random,256,100,cuda:1,8,1,13737
6004950c,style2ada,interpolation,512,800,cuda:0,4,1,138713
65a67747,style2,interpolation,256,200,cuda:1,8,1,30693
d400f0ae,mobile,interpolation,1024,400,cuda:0,4,1,29681
61e681bc,stylemap,random,256,200,cuda:0,2,1,63665
9610e4da,style2,interpolation,256,100,cuda:0,4,1,27651
6368e4af,style2ada,random,256,800,cuda:1,4,1,58625
6e4ac040,style2ada,interpolation,512,100,cuda:1,2,1,32609
ff999e22,style1,random,512,800,cuda:0,8,1,19589
9a3df52e,stylemap,random,512,200,-1,-1,1,-1
dd22fdd0,stylemap,random,256,400,cuda:0,1,1,-1
e95a8785,swa,interpolation,512,400,cuda:1,4,1,-1
b70b52b2,style1,random,1024,400,cuda:1,1,1,44492
3b7a9c13,swa,random,1024,800,cuda:0,2,1,-1
2b67f49d,anycost,interpolation,512,200,cuda:0,2,1,-1
4f917115,mobile,interpolation,256,800,cuda:1,8,1,34412
1b1b3c22,style2,interpolation,512,800,cuda:0,1,1,-1
309ca956,mobile,random,256,400,cuda:1,8,1,14231
5cb67d7f,mobile,random,1024,800,cuda:1,1,1,-1




