/usr/local/lib/python3.8/dist-packages/dataclasses_json/core.py:171: RuntimeWarning: `NoneType` object value of non-optional type config_path detected when decoding BareConfig.
  warnings.warn(f"`NoneType` object {warning}.", RuntimeWarning)
10-24-2021 18:18:15 root         INFO     Starting in cluster mode.
10-24-2021 18:18:15 root         INFO     Starting as Orchestrator
10-24-2021 18:18:15 root         INFO     Starting Orchestrator, initializing resources....
10-24-2021 18:18:15 root         INFO     Loading in cluster configuration file
10-24-2021 18:18:15 root         INFO     Pointing configuration to in cluster configuration.
10-24-2021 18:18:15 root         INFO     Starting cluster manager
10-24-2021 18:18:15 root         INFO     Starting arrival generator
10-24-2021 18:18:15 root         INFO     Starting orchestrator
style1 1024 100 8 cuda:0 21152
stylemap 512 200 2 cuda:0 13096
swa 256 200 8 cuda:1 4152
anycost 512 200 8 cuda:0 13616
anycost 512 400 4 cuda:1 7280
stylemap 256 200 8 cuda:0 23344
swa 256 400 8 cuda:1 4152
stylemap 1024 800 2 cuda:0 23976
mobile 1024 400 4 cuda:1 10096
mobile 512 800 8 cuda:1 5176
style2 512 800 8 cuda:0 13608
mobile 256 100 8 cuda:1 1488
style2ada 1024 200 2 cuda:1 8504
anycost 1024 100 1 cuda:0 4280
style2ada 1024 800 2 cuda:1 8504
style2ada 512 400 4 cuda:0 8312
anycost 512 800 4 cuda:0 7280
swa 256 200 1 cuda:1 1312
style1 256 100 4 cuda:1 1384
swa 256 200 8 cuda:0 4152
anycost 256 200 8 cuda:1 7392
style2 256 800 8 cuda:1 7376
style1 256 400 8 cuda:1 2008
mobile 512 100 8 cuda:1 5176
swa 512 400 8 cuda:1 7560
mobile 1024 400 4 cuda:0 10096
style2ada 256 800 8 cuda:1 8328
style1 512 100 8 cuda:0 5952
swa 1024 100 8 cuda:0 14328
stylemap 256 800 2 cuda:1 7672
anycost 512 200 8 cuda:0 13616
style2 512 100 4 cuda:1 7280
swa 1024 200 8 cuda:0 14328
swa 256 800 8 cuda:1 4152
style1 512 200 8 cuda:0 5952
style1 512 400 8 cuda:0 5952
style1 256 200 8 cuda:1 2008
mobile 1024 100 8 cuda:0 18792




task_info={UUID('c4a3accd-d56a-4a6b-b166-a4570e17ca46'): ('style1', 1024, 'interpolation', 100, 'cuda:0', 8, 1), UUID('b80dc310-fdee-4a45-90e6-0388743494ee'): ('stylemap', 512, 'interpolation', 200, 'cuda:0', 2, 1), UUID('2851ee9c-b36c-419b-a3d4-e98c0f206155'): ('swa', 256, 'interpolation', 200, 'cuda:1', 8, 1), UUID('371ec699-6b8d-47ce-9cb3-5302a3e65448'): ('anycost', 512, 'interpolation', 200, 'cuda:0', 8, 1), UUID('66d7b40b-f5ff-4a21-a61f-0a1057ea9f2a'): ('anycost', 512, 'interpolation', 400, 'cuda:1', 4, 1), UUID('9deb73cc-e2c3-4022-8d32-b3fb2e6ddb16'): ('stylemap', 256, 'interpolation', 200, 'cuda:0', 8, 1), UUID('245d89e7-576c-4388-af4b-06beace61a9f'): ('swa', 256, 'random', 400, 'cuda:1', 8, 1), UUID('0a9bca59-0a4c-43d6-8106-3d9ff78fe866'): ('stylemap', 1024, 'interpolation', 800, 'cuda:0', 2, 1), UUID('b8376f1c-c381-4f80-ae7c-d31a53756c42'): ('mobile', 1024, 'random', 400, 'cuda:1', 4, 1), UUID('a5ff127a-8f5d-4f8f-b596-ebc79baca050'): ('mobile', 512, 'interpolation', 800, 'cuda:1', 8, 1), UUID('b2530643-0e0f-43a0-b5f7-01a753ad1a9f'): ('style2', 512, 'interpolation', 800, 'cuda:0', 8, 1), UUID('e6b6d268-1bc9-4996-98b1-2e6ac16b8dc2'): ('mobile', 256, 'interpolation', 100, 'cuda:1', 8, 1), UUID('8ff5c788-c5ce-4150-8891-d70b95b053ed'): ('style2ada', 1024, 'interpolation', 200, 'cuda:1', 2, 1), UUID('e2302f39-618d-4023-9c79-69057d7277ae'): ('anycost', 1024, 'interpolation', 100, 'cuda:0', 1, 1), UUID('df40d944-476c-49f3-9126-234a5984003f'): ('stylemap', 1024, 'interpolation', 400, -1, -1, 1), UUID('6d3c58cb-1506-4878-b025-5e7e56ce99d6'): ('style2ada', 1024, 'random', 800, 'cuda:1', 2, 1), UUID('4acbdbf4-1226-465c-83e4-f3c4c5aec20e'): ('style2ada', 512, 'interpolation', 400, 'cuda:0', 4, 1), UUID('ce62ca4d-c9a9-4873-a6cd-a60ac2874c5b'): ('anycost', 512, 'interpolation', 800, 'cuda:0', 4, 1), UUID('170013d0-ef8a-42f1-ad7f-13e1adcc104c'): ('stylemap', 256, 'random', 800, -1, -1, 1), UUID('d2bb3f9a-971b-4bdf-87ad-063d132c65dc'): ('swa', 256, 'random', 200, 'cuda:1', 1, 1), UUID('a8fb6396-fb77-43c7-8c79-3573a36f2b7a'): ('style1', 256, 'random', 100, 'cuda:1', 4, 1), UUID('69003ca1-3b89-4797-be0d-fc07cadefdd2'): ('swa', 256, 'interpolation', 200, 'cuda:0', 8, 1), UUID('c1e92a19-4c9c-404f-94cc-1c78ba828d8a'): ('anycost', 256, 'random', 200, 'cuda:1', 8, 1), UUID('740a783c-b20c-43ad-95a3-f10e1b6efad9'): ('style2', 256, 'interpolation', 800, 'cuda:1', 8, 1), UUID('10398b21-afe2-4c0a-a9d0-2818ea54d35b'): ('stylemap', 1024, 'interpolation', 400, -1, -1, 1), UUID('0eec1479-667d-4f39-84c0-f2cbdac1c8d7'): ('style1', 256, 'interpolation', 400, 'cuda:1', 8, 1), UUID('cf1cd587-dcec-440b-a088-9306d7db89cd'): ('mobile', 512, 'interpolation', 100, 'cuda:1', 8, 1), UUID('40b61b5a-0b8b-4f6a-b7f6-aa46fafb8840'): ('swa', 512, 'interpolation', 400, 'cuda:1', 8, 1), UUID('6c7d07e8-9499-419f-8691-356ce30978f0'): ('mobile', 1024, 'interpolation', 400, 'cuda:0', 4, 1), UUID('929bd606-32f3-4309-9292-5edac31350d4'): ('style2ada', 256, 'random', 800, 'cuda:1', 8, 1), UUID('1350ffa2-92a4-4d9d-bdf7-4fd124f18999'): ('style1', 512, 'interpolation', 100, 'cuda:0', 8, 1), UUID('d0d65eb2-4fb9-4440-b6fc-02b2c11f5099'): ('swa', 1024, 'random', 100, 'cuda:0', 8, 1), UUID('d94bdd31-87b1-40e1-9f5b-0321e1395247'): ('stylemap', 256, 'interpolation', 800, 'cuda:1', 2, 1), UUID('a2b03de0-1176-4cf1-9af8-05792d9e54c8'): ('anycost', 512, 'random', 200, 'cuda:0', 8, 1), UUID('507b0991-86a6-44b5-8eb2-c3b20aa461b3'): ('style2', 512, 'random', 100, 'cuda:1', 4, 1), UUID('e5a287fa-982a-41a1-9e05-5aff1242280c'): ('swa', 1024, 'interpolation', 200, 'cuda:0', 8, 1), UUID('0b02fcde-0223-44c4-97aa-b4474532799d'): ('swa', 256, 'interpolation', 800, 'cuda:1', 8, 1), UUID('29ae7ac8-918a-46d3-b393-1d311fab8fa0'): ('style1', 512, 'random', 200, 'cuda:0', 8, 1), UUID('a296a5ba-16b2-473f-af9d-46a23fd2f98c'): ('style1', 512, 'random', 400, 'cuda:0', 8, 1), UUID('aeedb126-be8e-4c49-a2cc-153f8f61a0b2'): ('style1', 256, 'random', 200, 'cuda:1', 8, 1), UUID('da7a7182-159a-427f-a76a-370247ccd6fa'): ('mobile', 1024, 'interpolation', 100, 'cuda:0', 8, 1)}
arrival_times={UUID('c4a3accd-d56a-4a6b-b166-a4570e17ca46'): datetime.datetime(2021, 10, 24, 18, 18, 35, 939015), UUID('b80dc310-fdee-4a45-90e6-0388743494ee'): datetime.datetime(2021, 10, 24, 18, 18, 45, 960262), UUID('2851ee9c-b36c-419b-a3d4-e98c0f206155'): datetime.datetime(2021, 10, 24, 18, 19, 0, 984097), UUID('371ec699-6b8d-47ce-9cb3-5302a3e65448'): datetime.datetime(2021, 10, 24, 18, 19, 21, 23828), UUID('66d7b40b-f5ff-4a21-a61f-0a1057ea9f2a'): datetime.datetime(2021, 10, 24, 18, 19, 31, 78751), UUID('9deb73cc-e2c3-4022-8d32-b3fb2e6ddb16'): datetime.datetime(2021, 10, 24, 18, 19, 46, 108813), UUID('245d89e7-576c-4388-af4b-06beace61a9f'): datetime.datetime(2021, 10, 24, 18, 20, 1, 131637), UUID('0a9bca59-0a4c-43d6-8106-3d9ff78fe866'): datetime.datetime(2021, 10, 24, 18, 20, 16, 162238), UUID('b8376f1c-c381-4f80-ae7c-d31a53756c42'): datetime.datetime(2021, 10, 24, 18, 20, 26, 183722), UUID('a5ff127a-8f5d-4f8f-b596-ebc79baca050'): datetime.datetime(2021, 10, 24, 18, 20, 41, 211697), UUID('b2530643-0e0f-43a0-b5f7-01a753ad1a9f'): datetime.datetime(2021, 10, 24, 18, 20, 51, 298786), UUID('e6b6d268-1bc9-4996-98b1-2e6ac16b8dc2'): datetime.datetime(2021, 10, 24, 18, 21, 6, 324777), UUID('8ff5c788-c5ce-4150-8891-d70b95b053ed'): datetime.datetime(2021, 10, 24, 18, 21, 26, 394579), UUID('e2302f39-618d-4023-9c79-69057d7277ae'): datetime.datetime(2021, 10, 24, 18, 21, 36, 417281), UUID('df40d944-476c-49f3-9126-234a5984003f'): datetime.datetime(2021, 10, 24, 18, 21, 56, 459615), UUID('6d3c58cb-1506-4878-b025-5e7e56ce99d6'): datetime.datetime(2021, 10, 24, 18, 22, 3, 467694), UUID('4acbdbf4-1226-465c-83e4-f3c4c5aec20e'): datetime.datetime(2021, 10, 24, 18, 22, 18, 503778), UUID('ce62ca4d-c9a9-4873-a6cd-a60ac2874c5b'): datetime.datetime(2021, 10, 24, 18, 22, 28, 574643), UUID('170013d0-ef8a-42f1-ad7f-13e1adcc104c'): datetime.datetime(2021, 10, 24, 18, 22, 43, 600602), UUID('d2bb3f9a-971b-4bdf-87ad-063d132c65dc'): datetime.datetime(2021, 10, 24, 18, 22, 55, 611821), UUID('a8fb6396-fb77-43c7-8c79-3573a36f2b7a'): datetime.datetime(2021, 10, 24, 18, 23, 0, 630611), UUID('69003ca1-3b89-4797-be0d-fc07cadefdd2'): datetime.datetime(2021, 10, 24, 18, 23, 15, 650727), UUID('c1e92a19-4c9c-404f-94cc-1c78ba828d8a'): datetime.datetime(2021, 10, 24, 18, 23, 30, 679422), UUID('740a783c-b20c-43ad-95a3-f10e1b6efad9'): datetime.datetime(2021, 10, 24, 18, 23, 45, 709033), UUID('10398b21-afe2-4c0a-a9d0-2818ea54d35b'): datetime.datetime(2021, 10, 24, 18, 23, 55, 730630), UUID('0eec1479-667d-4f39-84c0-f2cbdac1c8d7'): datetime.datetime(2021, 10, 24, 18, 24, 12, 748681), UUID('cf1cd587-dcec-440b-a088-9306d7db89cd'): datetime.datetime(2021, 10, 24, 18, 24, 27, 774698), UUID('40b61b5a-0b8b-4f6a-b7f6-aa46fafb8840'): datetime.datetime(2021, 10, 24, 18, 24, 47, 806611), UUID('6c7d07e8-9499-419f-8691-356ce30978f0'): datetime.datetime(2021, 10, 24, 18, 25, 2, 834695), UUID('929bd606-32f3-4309-9292-5edac31350d4'): datetime.datetime(2021, 10, 24, 18, 25, 22, 870555), UUID('1350ffa2-92a4-4d9d-bdf7-4fd124f18999'): datetime.datetime(2021, 10, 24, 18, 25, 32, 894794), UUID('d0d65eb2-4fb9-4440-b6fc-02b2c11f5099'): datetime.datetime(2021, 10, 24, 18, 25, 47, 929907), UUID('d94bdd31-87b1-40e1-9f5b-0321e1395247'): datetime.datetime(2021, 10, 24, 18, 26, 2, 950612), UUID('a2b03de0-1176-4cf1-9af8-05792d9e54c8'): datetime.datetime(2021, 10, 24, 18, 26, 28, 59675), UUID('507b0991-86a6-44b5-8eb2-c3b20aa461b3'): datetime.datetime(2021, 10, 24, 18, 26, 38, 146652), UUID('e5a287fa-982a-41a1-9e05-5aff1242280c'): datetime.datetime(2021, 10, 24, 18, 26, 53, 179935), UUID('0b02fcde-0223-44c4-97aa-b4474532799d'): datetime.datetime(2021, 10, 24, 18, 27, 13, 206630), UUID('29ae7ac8-918a-46d3-b393-1d311fab8fa0'): datetime.datetime(2021, 10, 24, 18, 27, 28, 233031), UUID('a296a5ba-16b2-473f-af9d-46a23fd2f98c'): datetime.datetime(2021, 10, 24, 18, 27, 38, 309047), UUID('aeedb126-be8e-4c49-a2cc-153f8f61a0b2'): datetime.datetime(2021, 10, 24, 18, 28, 3, 378655), UUID('da7a7182-159a-427f-a76a-370247ccd6fa'): datetime.datetime(2021, 10, 24, 18, 28, 13, 406588)}
finish_times={'0a9bca59-0a4c-43d6-8106-3d9ff78fe866': (datetime.datetime(2021, 10, 24, 18, 20, 17, tzinfo=tzlocal()), datetime.datetime(2021, 10, 24, 18, 25, 36, tzinfo=tzlocal())), '0b02fcde-0223-44c4-97aa-b4474532799d': (datetime.datetime(2021, 10, 24, 18, 27, 14, tzinfo=tzlocal()), datetime.datetime(2021, 10, 24, 18, 27, 59, tzinfo=tzlocal())), '0eec1479-667d-4f39-84c0-f2cbdac1c8d7': (datetime.datetime(2021, 10, 24, 18, 24, 13, tzinfo=tzlocal()), datetime.datetime(2021, 10, 24, 18, 24, 25, tzinfo=tzlocal())), '1350ffa2-92a4-4d9d-bdf7-4fd124f18999': (datetime.datetime(2021, 10, 24, 18, 25, 33, tzinfo=tzlocal()), datetime.datetime(2021, 10, 24, 18, 25, 40, tzinfo=tzlocal())), '245d89e7-576c-4388-af4b-06beace61a9f': (datetime.datetime(2021, 10, 24, 18, 20, 2, tzinfo=tzlocal()), datetime.datetime(2021, 10, 24, 18, 20, 19, tzinfo=tzlocal())), '2851ee9c-b36c-419b-a3d4-e98c0f206155': (datetime.datetime(2021, 10, 24, 18, 19, 2, tzinfo=tzlocal()), datetime.datetime(2021, 10, 24, 18, 19, 17, tzinfo=tzlocal())), '29ae7ac8-918a-46d3-b393-1d311fab8fa0': (datetime.datetime(2021, 10, 24, 18, 27, 29, tzinfo=tzlocal()), datetime.datetime(2021, 10, 24, 18, 27, 36, tzinfo=tzlocal())), '371ec699-6b8d-47ce-9cb3-5302a3e65448': (datetime.datetime(2021, 10, 24, 18, 19, 22, tzinfo=tzlocal()), datetime.datetime(2021, 10, 24, 18, 19, 34, tzinfo=tzlocal())), '40b61b5a-0b8b-4f6a-b7f6-aa46fafb8840': (datetime.datetime(2021, 10, 24, 18, 24, 48, tzinfo=tzlocal()), datetime.datetime(2021, 10, 24, 18, 25, 12, tzinfo=tzlocal())), '4acbdbf4-1226-465c-83e4-f3c4c5aec20e': (datetime.datetime(2021, 10, 24, 18, 22, 19, tzinfo=tzlocal()), datetime.datetime(2021, 10, 24, 18, 23, 2, tzinfo=tzlocal())), '507b0991-86a6-44b5-8eb2-c3b20aa461b3': (datetime.datetime(2021, 10, 24, 18, 26, 39, tzinfo=tzlocal()), datetime.datetime(2021, 10, 24, 18, 27, tzinfo=tzlocal())), '66d7b40b-f5ff-4a21-a61f-0a1057ea9f2a': (datetime.datetime(2021, 10, 24, 18, 19, 32, tzinfo=tzlocal()), datetime.datetime(2021, 10, 24, 18, 19, 57, tzinfo=tzlocal())), '69003ca1-3b89-4797-be0d-fc07cadefdd2': (datetime.datetime(2021, 10, 24, 18, 23, 16, tzinfo=tzlocal()), datetime.datetime(2021, 10, 24, 18, 23, 38, tzinfo=tzlocal())), '6c7d07e8-9499-419f-8691-356ce30978f0': (datetime.datetime(2021, 10, 24, 18, 25, 3, tzinfo=tzlocal()), datetime.datetime(2021, 10, 24, 18, 25, 25, tzinfo=tzlocal())), '6d3c58cb-1506-4878-b025-5e7e56ce99d6': (datetime.datetime(2021, 10, 24, 18, 22, 4, tzinfo=tzlocal()), datetime.datetime(2021, 10, 24, 18, 23, 15, tzinfo=tzlocal())), '740a783c-b20c-43ad-95a3-f10e1b6efad9': (datetime.datetime(2021, 10, 24, 18, 23, 47, tzinfo=tzlocal()), datetime.datetime(2021, 10, 24, 18, 24, 15, tzinfo=tzlocal())), '8ff5c788-c5ce-4150-8891-d70b95b053ed': (datetime.datetime(2021, 10, 24, 18, 21, 27, tzinfo=tzlocal()), datetime.datetime(2021, 10, 24, 18, 21, 54, tzinfo=tzlocal())), '929bd606-32f3-4309-9292-5edac31350d4': (datetime.datetime(2021, 10, 24, 18, 25, 24, tzinfo=tzlocal()), datetime.datetime(2021, 10, 24, 18, 25, 51, tzinfo=tzlocal())), '9deb73cc-e2c3-4022-8d32-b3fb2e6ddb16': (datetime.datetime(2021, 10, 24, 18, 19, 47, tzinfo=tzlocal()), datetime.datetime(2021, 10, 24, 18, 20, 2, tzinfo=tzlocal())), 'a296a5ba-16b2-473f-af9d-46a23fd2f98c': (datetime.datetime(2021, 10, 24, 18, 27, 39, tzinfo=tzlocal()), datetime.datetime(2021, 10, 24, 18, 27, 47, tzinfo=tzlocal())), 'a2b03de0-1176-4cf1-9af8-05792d9e54c8': (datetime.datetime(2021, 10, 24, 18, 26, 29, tzinfo=tzlocal()), datetime.datetime(2021, 10, 24, 18, 26, 41, tzinfo=tzlocal())), 'a5ff127a-8f5d-4f8f-b596-ebc79baca050': (datetime.datetime(2021, 10, 24, 18, 20, 42, tzinfo=tzlocal()), datetime.datetime(2021, 10, 24, 18, 21, 10, tzinfo=tzlocal())), 'a8fb6396-fb77-43c7-8c79-3573a36f2b7a': (datetime.datetime(2021, 10, 24, 18, 23, 24, tzinfo=tzlocal()), datetime.datetime(2021, 10, 24, 18, 23, 36, tzinfo=tzlocal())), 'aeedb126-be8e-4c49-a2cc-153f8f61a0b2': (datetime.datetime(2021, 10, 24, 18, 28, 4, tzinfo=tzlocal()), datetime.datetime(2021, 10, 24, 18, 28, 12, tzinfo=tzlocal())), 'b2530643-0e0f-43a0-b5f7-01a753ad1a9f': (datetime.datetime(2021, 10, 24, 18, 20, 52, tzinfo=tzlocal()), datetime.datetime(2021, 10, 24, 18, 21, 38, tzinfo=tzlocal())), 'b80dc310-fdee-4a45-90e6-0388743494ee': (datetime.datetime(2021, 10, 24, 18, 18, 47, tzinfo=tzlocal()), datetime.datetime(2021, 10, 24, 18, 19, 16, tzinfo=tzlocal())), 'b8376f1c-c381-4f80-ae7c-d31a53756c42': (datetime.datetime(2021, 10, 24, 18, 20, 27, tzinfo=tzlocal()), datetime.datetime(2021, 10, 24, 18, 20, 56, tzinfo=tzlocal())), 'c1e92a19-4c9c-404f-94cc-1c78ba828d8a': (datetime.datetime(2021, 10, 24, 18, 23, 31, tzinfo=tzlocal()), datetime.datetime(2021, 10, 24, 18, 23, 48, tzinfo=tzlocal())), 'c4a3accd-d56a-4a6b-b166-a4570e17ca46': (datetime.datetime(2021, 10, 24, 18, 18, 36, tzinfo=tzlocal()), datetime.datetime(2021, 10, 24, 18, 18, 45, tzinfo=tzlocal())), 'ce62ca4d-c9a9-4873-a6cd-a60ac2874c5b': (datetime.datetime(2021, 10, 24, 18, 22, 29, tzinfo=tzlocal()), datetime.datetime(2021, 10, 24, 18, 24, 20, tzinfo=tzlocal())), 'cf1cd587-dcec-440b-a088-9306d7db89cd': (datetime.datetime(2021, 10, 24, 18, 24, 28, tzinfo=tzlocal()), datetime.datetime(2021, 10, 24, 18, 24, 40, tzinfo=tzlocal())), 'd0d65eb2-4fb9-4440-b6fc-02b2c11f5099': (datetime.datetime(2021, 10, 24, 18, 25, 49, tzinfo=tzlocal()), datetime.datetime(2021, 10, 24, 18, 26, 5, tzinfo=tzlocal())), 'd2bb3f9a-971b-4bdf-87ad-063d132c65dc': (datetime.datetime(2021, 10, 24, 18, 22, 56, tzinfo=tzlocal()), datetime.datetime(2021, 10, 24, 18, 23, 20, tzinfo=tzlocal())), 'd94bdd31-87b1-40e1-9f5b-0321e1395247': (datetime.datetime(2021, 10, 24, 18, 26, 4, tzinfo=tzlocal()), datetime.datetime(2021, 10, 24, 18, 27, 52, tzinfo=tzlocal())), 'da7a7182-159a-427f-a76a-370247ccd6fa': (datetime.datetime(2021, 10, 24, 18, 28, 14, tzinfo=tzlocal()), datetime.datetime(2021, 10, 24, 18, 28, 24, tzinfo=tzlocal())), 'e2302f39-618d-4023-9c79-69057d7277ae': (datetime.datetime(2021, 10, 24, 18, 21, 37, tzinfo=tzlocal()), datetime.datetime(2021, 10, 24, 18, 22, 1, tzinfo=tzlocal())), 'e5a287fa-982a-41a1-9e05-5aff1242280c': (datetime.datetime(2021, 10, 24, 18, 26, 55, tzinfo=tzlocal()), datetime.datetime(2021, 10, 24, 18, 27, 10, tzinfo=tzlocal())), 'e6b6d268-1bc9-4996-98b1-2e6ac16b8dc2': (datetime.datetime(2021, 10, 24, 18, 21, 7, tzinfo=tzlocal()), datetime.datetime(2021, 10, 24, 18, 21, 19, tzinfo=tzlocal()))}




id,network,job_type,image_size,num_imgs,device,batch_size,data_parallelism,response_time
c4a3accd,style1,interpolation,1024,100,cuda:0,8,1,9060
b80dc310,stylemap,interpolation,512,200,cuda:0,2,1,30039
2851ee9c,swa,interpolation,256,200,cuda:1,8,1,16015
371ec699,anycost,interpolation,512,200,cuda:0,8,1,12976
66d7b40b,anycost,interpolation,512,400,cuda:1,4,1,25921
9deb73cc,stylemap,interpolation,256,200,cuda:0,8,1,15891
245d89e7,swa,random,256,400,cuda:1,8,1,17868
0a9bca59,stylemap,interpolation,1024,800,cuda:0,2,1,319837
b8376f1c,mobile,random,1024,400,cuda:1,4,1,29816
a5ff127a,mobile,interpolation,512,800,cuda:1,8,1,28788
b2530643,style2,interpolation,512,800,cuda:0,8,1,46701
e6b6d268,mobile,interpolation,256,100,cuda:1,8,1,12675
8ff5c788,style2ada,interpolation,1024,200,cuda:1,2,1,27605
e2302f39,anycost,interpolation,1024,100,cuda:0,1,1,24582
df40d944,stylemap,interpolation,1024,400,-1,-1,1,-1
6d3c58cb,style2ada,random,1024,800,cuda:1,2,1,71532
4acbdbf4,style2ada,interpolation,512,400,cuda:0,4,1,43496
ce62ca4d,anycost,interpolation,512,800,cuda:0,4,1,111425
170013d0,stylemap,random,256,800,-1,-1,1,-1
d2bb3f9a,swa,random,256,200,cuda:1,1,1,24388
a8fb6396,style1,random,256,100,cuda:1,4,1,35369
69003ca1,swa,interpolation,256,200,cuda:0,8,1,22349
c1e92a19,anycost,random,256,200,cuda:1,8,1,17320
740a783c,style2,interpolation,256,800,cuda:1,8,1,29290
10398b21,stylemap,interpolation,1024,400,-1,-1,1,-1
0eec1479,style1,interpolation,256,400,cuda:1,8,1,12251
cf1cd587,mobile,interpolation,512,100,cuda:1,8,1,12225
40b61b5a,swa,interpolation,512,400,cuda:1,8,1,24193
6c7d07e8,mobile,interpolation,1024,400,cuda:0,4,1,22165
929bd606,style2ada,random,256,800,cuda:1,8,1,28129
1350ffa2,style1,interpolation,512,100,cuda:0,8,1,7105
d0d65eb2,swa,random,1024,100,cuda:0,8,1,17070
d94bdd31,stylemap,interpolation,256,800,cuda:1,2,1,109049
a2b03de0,anycost,random,512,200,cuda:0,8,1,12940
507b0991,style2,random,512,100,cuda:1,4,1,21853
e5a287fa,swa,interpolation,1024,200,cuda:0,8,1,16820
0b02fcde,swa,interpolation,256,800,cuda:1,8,1,45793
29ae7ac8,style1,random,512,200,cuda:0,8,1,7766
a296a5ba,style1,random,512,400,cuda:0,8,1,8690
aeedb126,style1,random,256,200,cuda:1,8,1,8621
da7a7182,mobile,interpolation,1024,100,cuda:0,8,1,10593




