/usr/local/lib/python3.8/dist-packages/dataclasses_json/core.py:171: RuntimeWarning: `NoneType` object value of non-optional type config_path detected when decoding BareConfig.
  warnings.warn(f"`NoneType` object {warning}.", RuntimeWarning)
10-24-2021 20:30:25 root         INFO     Starting in cluster mode.
10-24-2021 20:30:25 root         INFO     Starting as Orchestrator
10-24-2021 20:30:25 root         INFO     Starting Orchestrator, initializing resources....
10-24-2021 20:30:25 root         INFO     Loading in cluster configuration file
10-24-2021 20:30:25 root         INFO     Pointing configuration to in cluster configuration.
10-24-2021 20:30:25 root         INFO     Starting cluster manager
10-24-2021 20:30:25 root         INFO     Starting arrival generator
10-24-2021 20:30:25 root         INFO     Starting orchestrator
stylemap 512 200 4 cuda:0 23728
style2 256 100 8 cuda:1 7376
style2 512 200 8 cuda:0 13608
swa 256 400 8 cuda:1 4152
swa 512 100 8 cuda:1 7560
style2 1024 400 4 cuda:0 14048
stylemap 1024 800 1 cuda:0 13216
style1 512 100 8 cuda:1 5952
anycost 256 200 8 cuda:1 7392
style1 512 400 8 cuda:1 5952
stylemap 1024 100 1 cuda:0 13216
style1 512 100 8 cuda:1 5952
style2ada 512 800 4 cuda:1 8312
swa 512 400 8 cuda:1 7560
anycost 256 100 2 cuda:1 2544
style2ada 1024 200 1 cuda:1 4760
anycost 256 400 2 cuda:0 2544
style2ada 512 100 4 cuda:0 8312
stylemap 256 200 4 cuda:0 12904
mobile 512 400 8 cuda:1 5176
mobile 256 200 8 cuda:1 1488
anycost 512 100 4 cuda:1 7280
stylemap 256 100 2 cuda:1 7672
anycost 512 400 4 cuda:1 7280
style1 1024 800 4 cuda:0 11368
anycost 256 200 8 cuda:1 7392
mobile 256 400 8 cuda:1 1488
stylemap 256 400 2 cuda:0 7672
swa 1024 800 4 cuda:1 7632
anycost 256 400 8 cuda:1 7392
style2ada 256 400 2 cuda:0 2800
style2 256 200 1 cuda:1 1736
mobile 1024 100 1 cuda:1 2800
swa 1024 400 2 cuda:1 4296
anycost 512 100 2 cuda:1 4120
swa 256 200 8 cuda:1 4152
style1 1024 200 4 cuda:0 11368
style1 256 100 8 cuda:1 2008
stylemap 1024 800 1 cuda:0 13216
stylemap 512 800 1 cuda:1 7768
mobile 256 800 8 cuda:1 1488
mobile 512 400 8 cuda:1 5176
stylemap 256 800 1 cuda:1 5048
style2 256 400 4 cuda:1 4152
swa 256 800 8 cuda:0 4152
style2 512 100 1 cuda:0 2528
swa 512 800 2 cuda:0 2584
style2 512 200 4 cuda:0 7280
style1 512 400 8 cuda:0 5952
swa 256 100 8 cuda:1 4152
style2ada 256 400 2 cuda:1 2800
style2 256 100 8 cuda:0 7376
stylemap 256 800 2 cuda:0 7672
anycost 256 800 4 cuda:1 4160
stylemap 512 100 1 cuda:0 7768




task_info={UUID('ad8572ad-2d82-49d4-9568-7ead88ffbb64'): ('stylemap', 512, 'random', 200, 'cuda:0', 4, 1), UUID('97e267d0-5f9c-4dbd-926d-69b8f51ed8fd'): ('style2', 256, 'interpolation', 100, 'cuda:1', 8, 1), UUID('d22ca018-2f6e-4327-99e7-24185e2bfe20'): ('style2', 512, 'interpolation', 200, 'cuda:0', 8, 1), UUID('fdb7b8dd-ef4c-4cd5-b941-79816997cdb6'): ('swa', 256, 'random', 400, 'cuda:1', 8, 1), UUID('f8e365d2-91ea-4e54-84d5-59a4328b9980'): ('swa', 512, 'random', 100, 'cuda:1', 8, 1), UUID('84cac6f3-4839-4699-8353-df38bd93b373'): ('style2', 1024, 'interpolation', 400, 'cuda:0', 4, 1), UUID('ec800092-129e-4023-9d04-14d9ae696cf7'): ('stylemap', 1024, 'interpolation', 800, 'cuda:0', 1, 1), UUID('42188918-20b4-4700-97e3-906175865c40'): ('style1', 512, 'random', 100, 'cuda:1', 8, 1), UUID('cb043a84-b4b0-4fd0-961b-ce50acac10a6'): ('anycost', 256, 'interpolation', 200, 'cuda:1', 8, 1), UUID('3e54a83c-442c-4030-a448-19be83a2b28f'): ('style1', 512, 'random', 400, 'cuda:1', 8, 1), UUID('49696521-8e02-4757-bfb4-09a787dfe9ed'): ('stylemap', 1024, 'random', 100, 'cuda:0', 1, 1), UUID('9dc5b31d-ca42-429f-9a6d-8fd8f81391e1'): ('style1', 512, 'random', 100, 'cuda:1', 8, 1), UUID('79d07fa7-0e55-4f76-9552-572337abf064'): ('style2ada', 512, 'random', 800, 'cuda:1', 4, 1), UUID('1a7995c5-e40d-47ae-a8af-a903b4f8eee7'): ('swa', 512, 'interpolation', 400, 'cuda:1', 8, 1), UUID('ca6db624-f522-4d6c-8b57-416f5a882c06'): ('anycost', 256, 'random', 100, 'cuda:1', 2, 1), UUID('4c82d4b6-4300-48d2-bffe-163cdb358ecb'): ('style2ada', 1024, 'interpolation', 200, 'cuda:1', 1, 1), UUID('5bb66c18-1c2c-4870-b839-82d6329b67ff'): ('style2', 1024, 'random', 400, -1, -1, 1), UUID('f74bfe54-38bb-46ed-ae64-aa33654c4158'): ('anycost', 256, 'random', 400, 'cuda:0', 2, 1), UUID('510f859c-0b4e-42a3-a3d4-4ad2ce3fdf5d'): ('stylemap', 256, 'random', 800, -1, -1, 1), UUID('245e0061-e460-49ea-b18f-644ecf4807e7'): ('style2ada', 512, 'random', 100, 'cuda:0', 4, 1), UUID('5d1daac6-d5b4-4ac0-9ea0-e4ec432d8f10'): ('stylemap', 256, 'interpolation', 200, 'cuda:0', 4, 1), UUID('32db95e9-a5cb-4e25-b8c6-d5d669ee57c1'): ('mobile', 512, 'interpolation', 400, 'cuda:1', 8, 1), UUID('94f3945b-5dc2-4103-b114-b841419ef358'): ('mobile', 256, 'interpolation', 200, 'cuda:1', 8, 1), UUID('292b6396-8e2b-41d1-8d8c-239f1069fdd5'): ('anycost', 512, 'random', 100, 'cuda:1', 4, 1), UUID('95307e8d-a0bd-45d9-bdf7-4b965ac91135'): ('stylemap', 256, 'interpolation', 100, 'cuda:1', 2, 1), UUID('ac952e93-cb9e-414d-b69f-288771655daf'): ('anycost', 512, 'interpolation', 400, 'cuda:1', 4, 1), UUID('52edee41-8646-4884-8679-67da5961865f'): ('stylemap', 1024, 'interpolation', 800, -1, -1, 1), UUID('472493e8-1899-4e28-a956-3d48030ed695'): ('style1', 1024, 'random', 800, 'cuda:0', 4, 1), UUID('d4d15d56-cfe5-4934-880e-17b953e810aa'): ('anycost', 256, 'random', 200, 'cuda:1', 8, 1), UUID('7debd488-2617-4f30-935f-0e0b2695b522'): ('mobile', 256, 'random', 400, 'cuda:1', 8, 1), UUID('89a6afb6-fca2-4036-bafb-a1dc78af3cff'): ('stylemap', 256, 'random', 400, 'cuda:0', 2, 1), UUID('8feca332-074d-4686-8044-0ca70f9d7a11'): ('swa', 1024, 'random', 800, 'cuda:1', 4, 1), UUID('94e7e568-1ee1-4aea-b326-ff405cef16ae'): ('anycost', 256, 'interpolation', 400, 'cuda:1', 8, 1), UUID('11a6a2b0-2e9b-41fb-91d4-eb6d2ffff2b2'): ('style2ada', 256, 'random', 400, 'cuda:0', 2, 1), UUID('caafaecf-9e17-467e-9d11-750fdc452465'): ('style2', 256, 'random', 200, 'cuda:1', 1, 1), UUID('e519dd36-25a7-4fe7-a9cf-c209c1e06868'): ('mobile', 1024, 'interpolation', 100, 'cuda:1', 1, 1), UUID('940c1b95-eb5e-4931-9705-a14961a669ea'): ('swa', 1024, 'interpolation', 400, 'cuda:1', 2, 1), UUID('abfa4f18-513b-4f6f-ae2e-dbfb677e2ad4'): ('anycost', 512, 'random', 100, 'cuda:1', 2, 1), UUID('bfc18603-d9e9-4c3f-a689-0d622a483919'): ('anycost', 1024, 'interpolation', 400, -1, -1, 1), UUID('a97e7a99-0600-44db-abed-3813b18bd83b'): ('swa', 256, 'random', 200, 'cuda:1', 8, 1), UUID('8cf18c8d-9893-41b3-b862-3dcc89036ae3'): ('style1', 1024, 'interpolation', 200, 'cuda:0', 4, 1), UUID('f8dcc2cc-3d53-4c75-8653-809477e4eb17'): ('style1', 256, 'random', 100, 'cuda:1', 8, 1), UUID('4e299023-32d5-4b7b-bb1b-acabcf6c4b74'): ('stylemap', 1024, 'interpolation', 800, 'cuda:0', 1, 1), UUID('b539b3cf-19a2-4127-8526-bc3d782a6313'): ('stylemap', 512, 'random', 800, 'cuda:1', 1, 1), UUID('622c79da-1253-461d-b911-d6f88bfa9201'): ('mobile', 256, 'random', 800, 'cuda:1', 8, 1), UUID('926fb487-84ac-4c60-86fe-442184b411ad'): ('mobile', 512, 'interpolation', 400, 'cuda:1', 8, 1), UUID('3b96a0c1-9745-4d17-b7ed-fbb1292a533b'): ('stylemap', 256, 'interpolation', 800, 'cuda:1', 1, 1), UUID('9a4c8215-abf4-4788-bd94-e7fe879d916a'): ('style2', 256, 'interpolation', 400, 'cuda:1', 4, 1), UUID('9d7493fe-dd34-408d-820d-99cc310cc4f5'): ('swa', 256, 'interpolation', 800, 'cuda:0', 8, 1), UUID('04def4c9-3bf2-4af4-9bb6-8f5041658dc2'): ('style2', 512, 'random', 100, 'cuda:0', 1, 1), UUID('bab740eb-7af7-46f5-a01d-3f9d92f77484'): ('swa', 512, 'random', 800, 'cuda:0', 2, 1), UUID('f7885b90-4e6e-4778-89c0-2c4def639d3f'): ('style2', 512, 'interpolation', 200, 'cuda:0', 4, 1), UUID('8a0b855c-16b3-40b8-bf41-dee8fb839857'): ('style1', 512, 'random', 400, 'cuda:0', 8, 1), UUID('dbfdd7e2-4e09-456e-b257-9a4f539db638'): ('swa', 256, 'interpolation', 100, 'cuda:1', 8, 1), UUID('25ba4de5-9477-438e-9e0f-0fe0772ee20d'): ('style2ada', 256, 'interpolation', 400, 'cuda:1', 2, 1), UUID('b06f0f14-4aa4-40b1-86a5-18adf9f5c67e'): ('style2', 256, 'random', 100, 'cuda:0', 8, 1), UUID('a2eceb52-e891-4f3e-8abf-2c38b0d5bbaa'): ('stylemap', 256, 'interpolation', 800, 'cuda:0', 2, 1), UUID('644c7ce5-f62e-45dd-a993-f742f17d3756'): ('anycost', 256, 'random', 800, 'cuda:1', 4, 1), UUID('4ebc916f-202f-4a68-95e9-e34f69e959f4'): ('stylemap', 512, 'interpolation', 100, 'cuda:0', 1, 1), UUID('3fb69eeb-bbe6-4c3e-bf18-10f24fe44182'): ('style1', 1024, 'interpolation', 100, -1, -1, 1)}
arrival_times={UUID('ad8572ad-2d82-49d4-9568-7ead88ffbb64'): datetime.datetime(2021, 10, 24, 20, 30, 40, 937861), UUID('97e267d0-5f9c-4dbd-926d-69b8f51ed8fd'): datetime.datetime(2021, 10, 24, 20, 30, 45, 959408), UUID('d22ca018-2f6e-4327-99e7-24185e2bfe20'): datetime.datetime(2021, 10, 24, 20, 30, 55, 978621), UUID('fdb7b8dd-ef4c-4cd5-b941-79816997cdb6'): datetime.datetime(2021, 10, 24, 20, 31, 11, 50618), UUID('f8e365d2-91ea-4e54-84d5-59a4328b9980'): datetime.datetime(2021, 10, 24, 20, 31, 16, 70645), UUID('84cac6f3-4839-4699-8353-df38bd93b373'): datetime.datetime(2021, 10, 24, 20, 31, 26, 87729), UUID('ec800092-129e-4023-9d04-14d9ae696cf7'): datetime.datetime(2021, 10, 24, 20, 31, 36, 112850), UUID('42188918-20b4-4700-97e3-906175865c40'): datetime.datetime(2021, 10, 24, 20, 31, 46, 180504), UUID('cb043a84-b4b0-4fd0-961b-ce50acac10a6'): datetime.datetime(2021, 10, 24, 20, 31, 51, 194579), UUID('3e54a83c-442c-4030-a448-19be83a2b28f'): datetime.datetime(2021, 10, 24, 20, 32, 1, 220832), UUID('49696521-8e02-4757-bfb4-09a787dfe9ed'): datetime.datetime(2021, 10, 24, 20, 32, 11, 274798), UUID('9dc5b31d-ca42-429f-9a6d-8fd8f81391e1'): datetime.datetime(2021, 10, 24, 20, 32, 21, 295665), UUID('79d07fa7-0e55-4f76-9552-572337abf064'): datetime.datetime(2021, 10, 24, 20, 32, 31, 359899), UUID('1a7995c5-e40d-47ae-a8af-a903b4f8eee7'): datetime.datetime(2021, 10, 24, 20, 32, 41, 398769), UUID('ca6db624-f522-4d6c-8b57-416f5a882c06'): datetime.datetime(2021, 10, 24, 20, 32, 51, 421479), UUID('4c82d4b6-4300-48d2-bffe-163cdb358ecb'): datetime.datetime(2021, 10, 24, 20, 32, 56, 434762), UUID('5bb66c18-1c2c-4870-b839-82d6329b67ff'): datetime.datetime(2021, 10, 24, 20, 33, 6, 454602), UUID('f74bfe54-38bb-46ed-ae64-aa33654c4158'): datetime.datetime(2021, 10, 24, 20, 33, 13, 462616), UUID('510f859c-0b4e-42a3-a3d4-4ad2ce3fdf5d'): datetime.datetime(2021, 10, 24, 20, 33, 23, 481401), UUID('245e0061-e460-49ea-b18f-644ecf4807e7'): datetime.datetime(2021, 10, 24, 20, 33, 30, 548534), UUID('5d1daac6-d5b4-4ac0-9ea0-e4ec432d8f10'): datetime.datetime(2021, 10, 24, 20, 33, 30, 548599), UUID('32db95e9-a5cb-4e25-b8c6-d5d669ee57c1'): datetime.datetime(2021, 10, 24, 20, 33, 40, 654965), UUID('94f3945b-5dc2-4103-b114-b841419ef358'): datetime.datetime(2021, 10, 24, 20, 33, 55, 681763), UUID('292b6396-8e2b-41d1-8d8c-239f1069fdd5'): datetime.datetime(2021, 10, 24, 20, 34, 0, 704687), UUID('95307e8d-a0bd-45d9-bdf7-4b965ac91135'): datetime.datetime(2021, 10, 24, 20, 34, 5, 750823), UUID('ac952e93-cb9e-414d-b69f-288771655daf'): datetime.datetime(2021, 10, 24, 20, 34, 20, 769281), UUID('52edee41-8646-4884-8679-67da5961865f'): datetime.datetime(2021, 10, 24, 20, 34, 30, 787758), UUID('472493e8-1899-4e28-a956-3d48030ed695'): datetime.datetime(2021, 10, 24, 20, 34, 47, 806636), UUID('d4d15d56-cfe5-4934-880e-17b953e810aa'): datetime.datetime(2021, 10, 24, 20, 34, 52, 825351), UUID('7debd488-2617-4f30-935f-0e0b2695b522'): datetime.datetime(2021, 10, 24, 20, 35, 7, 850771), UUID('89a6afb6-fca2-4036-bafb-a1dc78af3cff'): datetime.datetime(2021, 10, 24, 20, 35, 17, 874647), UUID('8feca332-074d-4686-8044-0ca70f9d7a11'): datetime.datetime(2021, 10, 24, 20, 35, 22, 890625), UUID('94e7e568-1ee1-4aea-b326-ff405cef16ae'): datetime.datetime(2021, 10, 24, 20, 35, 37, 910608), UUID('11a6a2b0-2e9b-41fb-91d4-eb6d2ffff2b2'): datetime.datetime(2021, 10, 24, 20, 35, 52, 937905), UUID('caafaecf-9e17-467e-9d11-750fdc452465'): datetime.datetime(2021, 10, 24, 20, 36, 2, 963844), UUID('e519dd36-25a7-4fe7-a9cf-c209c1e06868'): datetime.datetime(2021, 10, 24, 20, 36, 17, 995853), UUID('940c1b95-eb5e-4931-9705-a14961a669ea'): datetime.datetime(2021, 10, 24, 20, 36, 28, 10593), UUID('abfa4f18-513b-4f6f-ae2e-dbfb677e2ad4'): datetime.datetime(2021, 10, 24, 20, 36, 38, 34630), UUID('bfc18603-d9e9-4c3f-a689-0d622a483919'): datetime.datetime(2021, 10, 24, 20, 36, 53, 60654), UUID('a97e7a99-0600-44db-abed-3813b18bd83b'): datetime.datetime(2021, 10, 24, 20, 37, 0, 66827), UUID('8cf18c8d-9893-41b3-b862-3dcc89036ae3'): datetime.datetime(2021, 10, 24, 20, 37, 5, 82641), UUID('f8dcc2cc-3d53-4c75-8653-809477e4eb17'): datetime.datetime(2021, 10, 24, 20, 37, 15, 102586), UUID('4e299023-32d5-4b7b-bb1b-acabcf6c4b74'): datetime.datetime(2021, 10, 24, 20, 37, 30, 166611), UUID('b539b3cf-19a2-4127-8526-bc3d782a6313'): datetime.datetime(2021, 10, 24, 20, 37, 45, 191695), UUID('622c79da-1253-461d-b911-d6f88bfa9201'): datetime.datetime(2021, 10, 24, 20, 37, 50, 209770), UUID('926fb487-84ac-4c60-86fe-442184b411ad'): datetime.datetime(2021, 10, 24, 20, 38, 0, 236697), UUID('3b96a0c1-9745-4d17-b7ed-fbb1292a533b'): datetime.datetime(2021, 10, 24, 20, 38, 5, 330599), UUID('9a4c8215-abf4-4788-bd94-e7fe879d916a'): datetime.datetime(2021, 10, 24, 20, 38, 15, 378589), UUID('9d7493fe-dd34-408d-820d-99cc310cc4f5'): datetime.datetime(2021, 10, 24, 20, 38, 30, 454631), UUID('04def4c9-3bf2-4af4-9bb6-8f5041658dc2'): datetime.datetime(2021, 10, 24, 20, 38, 40, 475647), UUID('bab740eb-7af7-46f5-a01d-3f9d92f77484'): datetime.datetime(2021, 10, 24, 20, 39, 0, 558633), UUID('f7885b90-4e6e-4778-89c0-2c4def639d3f'): datetime.datetime(2021, 10, 24, 20, 39, 10, 576573), UUID('8a0b855c-16b3-40b8-bf41-dee8fb839857'): datetime.datetime(2021, 10, 24, 20, 39, 15, 591315), UUID('dbfdd7e2-4e09-456e-b257-9a4f539db638'): datetime.datetime(2021, 10, 24, 20, 39, 25, 610605), UUID('25ba4de5-9477-438e-9e0f-0fe0772ee20d'): datetime.datetime(2021, 10, 24, 20, 39, 30, 626591), UUID('b06f0f14-4aa4-40b1-86a5-18adf9f5c67e'): datetime.datetime(2021, 10, 24, 20, 39, 45, 654729), UUID('a2eceb52-e891-4f3e-8abf-2c38b0d5bbaa'): datetime.datetime(2021, 10, 24, 20, 39, 50, 674600), UUID('644c7ce5-f62e-45dd-a993-f742f17d3756'): datetime.datetime(2021, 10, 24, 20, 40, 0, 695728), UUID('4ebc916f-202f-4a68-95e9-e34f69e959f4'): datetime.datetime(2021, 10, 24, 20, 40, 5, 766651), UUID('3fb69eeb-bbe6-4c3e-bf18-10f24fe44182'): datetime.datetime(2021, 10, 24, 20, 40, 20, 795849)}
finish_times={'04def4c9-3bf2-4af4-9bb6-8f5041658dc2': (datetime.datetime(2021, 10, 24, 20, 38, 41, tzinfo=tzlocal()), datetime.datetime(2021, 10, 24, 20, 39, 4, tzinfo=tzlocal())), '11a6a2b0-2e9b-41fb-91d4-eb6d2ffff2b2': (datetime.datetime(2021, 10, 24, 20, 35, 56, tzinfo=tzlocal()), datetime.datetime(2021, 10, 24, 20, 37, 1, tzinfo=tzlocal())), '1a7995c5-e40d-47ae-a8af-a903b4f8eee7': (datetime.datetime(2021, 10, 24, 20, 32, 42, tzinfo=tzlocal()), datetime.datetime(2021, 10, 24, 20, 33, 37, tzinfo=tzlocal())), '245e0061-e460-49ea-b18f-644ecf4807e7': (datetime.datetime(2021, 10, 24, 20, 33, 44, tzinfo=tzlocal()), datetime.datetime(2021, 10, 24, 20, 34, 3, tzinfo=tzlocal())), '292b6396-8e2b-41d1-8d8c-239f1069fdd5': (datetime.datetime(2021, 10, 24, 20, 34, 1, tzinfo=tzlocal()), datetime.datetime(2021, 10, 24, 20, 34, 19, tzinfo=tzlocal())), '32db95e9-a5cb-4e25-b8c6-d5d669ee57c1': (datetime.datetime(2021, 10, 24, 20, 33, 41, tzinfo=tzlocal()), datetime.datetime(2021, 10, 24, 20, 33, 58, tzinfo=tzlocal())), '3e54a83c-442c-4030-a448-19be83a2b28f': (datetime.datetime(2021, 10, 24, 20, 32, 2, tzinfo=tzlocal()), datetime.datetime(2021, 10, 24, 20, 32, 16, tzinfo=tzlocal())), '42188918-20b4-4700-97e3-906175865c40': (datetime.datetime(2021, 10, 24, 20, 31, 47, tzinfo=tzlocal()), datetime.datetime(2021, 10, 24, 20, 31, 59, tzinfo=tzlocal())), '472493e8-1899-4e28-a956-3d48030ed695': (datetime.datetime(2021, 10, 24, 20, 34, 48, tzinfo=tzlocal()), datetime.datetime(2021, 10, 24, 20, 35, 20, tzinfo=tzlocal())), '49696521-8e02-4757-bfb4-09a787dfe9ed': (datetime.datetime(2021, 10, 24, 20, 32, 12, tzinfo=tzlocal()), datetime.datetime(2021, 10, 24, 20, 33, 27, tzinfo=tzlocal())), '4c82d4b6-4300-48d2-bffe-163cdb358ecb': (datetime.datetime(2021, 10, 24, 20, 32, 57, tzinfo=tzlocal()), datetime.datetime(2021, 10, 24, 20, 33, 46, tzinfo=tzlocal())), '5d1daac6-d5b4-4ac0-9ea0-e4ec432d8f10': (datetime.datetime(2021, 10, 24, 20, 33, 32, tzinfo=tzlocal()), datetime.datetime(2021, 10, 24, 20, 34, 32, tzinfo=tzlocal())), '622c79da-1253-461d-b911-d6f88bfa9201': (datetime.datetime(2021, 10, 24, 20, 37, 51, tzinfo=tzlocal()), datetime.datetime(2021, 10, 24, 20, 38, 10, tzinfo=tzlocal())), '79d07fa7-0e55-4f76-9552-572337abf064': (datetime.datetime(2021, 10, 24, 20, 32, 32, tzinfo=tzlocal()), datetime.datetime(2021, 10, 24, 20, 33, 34, tzinfo=tzlocal())), '7debd488-2617-4f30-935f-0e0b2695b522': (datetime.datetime(2021, 10, 24, 20, 35, 8, tzinfo=tzlocal()), datetime.datetime(2021, 10, 24, 20, 35, 22, tzinfo=tzlocal())), '84cac6f3-4839-4699-8353-df38bd93b373': (datetime.datetime(2021, 10, 24, 20, 31, 27, tzinfo=tzlocal()), datetime.datetime(2021, 10, 24, 20, 31, 59, tzinfo=tzlocal())), '89a6afb6-fca2-4036-bafb-a1dc78af3cff': (datetime.datetime(2021, 10, 24, 20, 35, 19, tzinfo=tzlocal()), datetime.datetime(2021, 10, 24, 20, 37, tzinfo=tzlocal())), '8a0b855c-16b3-40b8-bf41-dee8fb839857': (datetime.datetime(2021, 10, 24, 20, 39, 16, tzinfo=tzlocal()), datetime.datetime(2021, 10, 24, 20, 39, 30, tzinfo=tzlocal())), '8cf18c8d-9893-41b3-b862-3dcc89036ae3': (datetime.datetime(2021, 10, 24, 20, 37, 6, tzinfo=tzlocal()), datetime.datetime(2021, 10, 24, 20, 37, 21, tzinfo=tzlocal())), '8feca332-074d-4686-8044-0ca70f9d7a11': (datetime.datetime(2021, 10, 24, 20, 35, 28, tzinfo=tzlocal()), datetime.datetime(2021, 10, 24, 20, 37, 10, tzinfo=tzlocal())), '926fb487-84ac-4c60-86fe-442184b411ad': (datetime.datetime(2021, 10, 24, 20, 38, 1, tzinfo=tzlocal()), datetime.datetime(2021, 10, 24, 20, 38, 30, tzinfo=tzlocal())), '940c1b95-eb5e-4931-9705-a14961a669ea': (datetime.datetime(2021, 10, 24, 20, 36, 29, tzinfo=tzlocal()), datetime.datetime(2021, 10, 24, 20, 37, 21, tzinfo=tzlocal())), '94e7e568-1ee1-4aea-b326-ff405cef16ae': (datetime.datetime(2021, 10, 24, 20, 35, 39, tzinfo=tzlocal()), datetime.datetime(2021, 10, 24, 20, 36, 3, tzinfo=tzlocal())), '94f3945b-5dc2-4103-b114-b841419ef358': (datetime.datetime(2021, 10, 24, 20, 33, 56, tzinfo=tzlocal()), datetime.datetime(2021, 10, 24, 20, 34, 10, tzinfo=tzlocal())), '95307e8d-a0bd-45d9-bdf7-4b965ac91135': (datetime.datetime(2021, 10, 24, 20, 34, 7, tzinfo=tzlocal()), datetime.datetime(2021, 10, 24, 20, 34, 31, tzinfo=tzlocal())), '97e267d0-5f9c-4dbd-926d-69b8f51ed8fd': (datetime.datetime(2021, 10, 24, 20, 30, 47, tzinfo=tzlocal()), datetime.datetime(2021, 10, 24, 20, 31, 7, tzinfo=tzlocal())), '9a4c8215-abf4-4788-bd94-e7fe879d916a': (datetime.datetime(2021, 10, 24, 20, 38, 16, tzinfo=tzlocal()), datetime.datetime(2021, 10, 24, 20, 39, tzinfo=tzlocal())), '9dc5b31d-ca42-429f-9a6d-8fd8f81391e1': (datetime.datetime(2021, 10, 24, 20, 32, 22, tzinfo=tzlocal()), datetime.datetime(2021, 10, 24, 20, 32, 35, tzinfo=tzlocal())), 'a97e7a99-0600-44db-abed-3813b18bd83b': (datetime.datetime(2021, 10, 24, 20, 37, 1, tzinfo=tzlocal()), datetime.datetime(2021, 10, 24, 20, 37, 23, tzinfo=tzlocal())), 'abfa4f18-513b-4f6f-ae2e-dbfb677e2ad4': (datetime.datetime(2021, 10, 24, 20, 36, 39, tzinfo=tzlocal()), datetime.datetime(2021, 10, 24, 20, 36, 54, tzinfo=tzlocal())), 'ac952e93-cb9e-414d-b69f-288771655daf': (datetime.datetime(2021, 10, 24, 20, 34, 26, tzinfo=tzlocal()), datetime.datetime(2021, 10, 24, 20, 34, 52, tzinfo=tzlocal())), 'ad8572ad-2d82-49d4-9568-7ead88ffbb64': (datetime.datetime(2021, 10, 24, 20, 30, 42, tzinfo=tzlocal()), datetime.datetime(2021, 10, 24, 20, 31, 15, tzinfo=tzlocal())), 'b06f0f14-4aa4-40b1-86a5-18adf9f5c67e': (datetime.datetime(2021, 10, 24, 20, 39, 46, tzinfo=tzlocal()), datetime.datetime(2021, 10, 24, 20, 40, 1, tzinfo=tzlocal())), 'ca6db624-f522-4d6c-8b57-416f5a882c06': (datetime.datetime(2021, 10, 24, 20, 32, 52, tzinfo=tzlocal()), datetime.datetime(2021, 10, 24, 20, 33, 24, tzinfo=tzlocal())), 'caafaecf-9e17-467e-9d11-750fdc452465': (datetime.datetime(2021, 10, 24, 20, 36, 4, tzinfo=tzlocal()), datetime.datetime(2021, 10, 24, 20, 36, 18, tzinfo=tzlocal())), 'cb043a84-b4b0-4fd0-961b-ce50acac10a6': (datetime.datetime(2021, 10, 24, 20, 31, 52, tzinfo=tzlocal()), datetime.datetime(2021, 10, 24, 20, 32, 8, tzinfo=tzlocal())), 'd22ca018-2f6e-4327-99e7-24185e2bfe20': (datetime.datetime(2021, 10, 24, 20, 30, 57, tzinfo=tzlocal()), datetime.datetime(2021, 10, 24, 20, 31, 17, tzinfo=tzlocal())), 'd4d15d56-cfe5-4934-880e-17b953e810aa': (datetime.datetime(2021, 10, 24, 20, 34, 58, tzinfo=tzlocal()), datetime.datetime(2021, 10, 24, 20, 35, 18, tzinfo=tzlocal())), 'dbfdd7e2-4e09-456e-b257-9a4f539db638': (datetime.datetime(2021, 10, 24, 20, 39, 29, tzinfo=tzlocal()), datetime.datetime(2021, 10, 24, 20, 39, 58, tzinfo=tzlocal())), 'e519dd36-25a7-4fe7-a9cf-c209c1e06868': (datetime.datetime(2021, 10, 24, 20, 36, 19, tzinfo=tzlocal()), datetime.datetime(2021, 10, 24, 20, 36, 32, tzinfo=tzlocal())), 'ec800092-129e-4023-9d04-14d9ae696cf7': (datetime.datetime(2021, 10, 24, 20, 31, 37, tzinfo=tzlocal()), datetime.datetime(2021, 10, 24, 20, 38, 19, tzinfo=tzlocal())), 'f74bfe54-38bb-46ed-ae64-aa33654c4158': (datetime.datetime(2021, 10, 24, 20, 33, 25, tzinfo=tzlocal()), datetime.datetime(2021, 10, 24, 20, 34, 5, tzinfo=tzlocal())), 'f7885b90-4e6e-4778-89c0-2c4def639d3f': (datetime.datetime(2021, 10, 24, 20, 39, 11, tzinfo=tzlocal()), datetime.datetime(2021, 10, 24, 20, 39, 36, tzinfo=tzlocal())), 'f8dcc2cc-3d53-4c75-8653-809477e4eb17': (datetime.datetime(2021, 10, 24, 20, 37, 16, tzinfo=tzlocal()), datetime.datetime(2021, 10, 24, 20, 37, 27, tzinfo=tzlocal())), 'f8e365d2-91ea-4e54-84d5-59a4328b9980': (datetime.datetime(2021, 10, 24, 20, 31, 17, tzinfo=tzlocal()), datetime.datetime(2021, 10, 24, 20, 31, 35, tzinfo=tzlocal())), 'fdb7b8dd-ef4c-4cd5-b941-79816997cdb6': (datetime.datetime(2021, 10, 24, 20, 31, 12, tzinfo=tzlocal()), datetime.datetime(2021, 10, 24, 20, 31, 33, tzinfo=tzlocal()))}




id,network,job_type,image_size,num_imgs,device,batch_size,data_parallelism,response_time
ad8572ad,stylemap,random,512,200,cuda:0,4,1,34062
97e267d0,style2,interpolation,256,100,cuda:1,8,1,21040
d22ca018,style2,interpolation,512,200,cuda:0,8,1,21021
fdb7b8dd,swa,random,256,400,cuda:1,8,1,21949
f8e365d2,swa,random,512,100,cuda:1,8,1,18929
84cac6f3,style2,interpolation,1024,400,cuda:0,4,1,32912
ec800092,stylemap,interpolation,1024,800,cuda:0,1,1,402887
42188918,style1,random,512,100,cuda:1,8,1,12819
cb043a84,anycost,interpolation,256,200,cuda:1,8,1,16805
3e54a83c,style1,random,512,400,cuda:1,8,1,14779
49696521,stylemap,random,1024,100,cuda:0,1,1,75725
9dc5b31d,style1,random,512,100,cuda:1,8,1,13704
79d07fa7,style2ada,random,512,800,cuda:1,4,1,62640
1a7995c5,swa,interpolation,512,400,cuda:1,8,1,55601
ca6db624,anycost,random,256,100,cuda:1,2,1,32578
4c82d4b6,style2ada,interpolation,1024,200,cuda:1,1,1,49565
5bb66c18,style2,random,1024,400,-1,-1,1,-1
f74bfe54,anycost,random,256,400,cuda:0,2,1,51537
510f859c,stylemap,random,256,800,-1,-1,1,-1
245e0061,style2ada,random,512,100,cuda:0,4,1,32451
5d1daac6,stylemap,interpolation,256,200,cuda:0,4,1,61451
32db95e9,mobile,interpolation,512,400,cuda:1,8,1,17345
94f3945b,mobile,interpolation,256,200,cuda:1,8,1,14318
292b6396,anycost,random,512,100,cuda:1,4,1,18295
95307e8d,stylemap,interpolation,256,100,cuda:1,2,1,25249
ac952e93,anycost,interpolation,512,400,cuda:1,4,1,31230
52edee41,stylemap,interpolation,1024,800,-1,-1,1,-1
472493e8,style1,random,1024,800,cuda:0,4,1,32193
d4d15d56,anycost,random,256,200,cuda:1,8,1,25174
7debd488,mobile,random,256,400,cuda:1,8,1,14149
89a6afb6,stylemap,random,256,400,cuda:0,2,1,102125
8feca332,swa,random,1024,800,cuda:1,4,1,107109
94e7e568,anycost,interpolation,256,400,cuda:1,8,1,25089
11a6a2b0,style2ada,random,256,400,cuda:0,2,1,68062
caafaecf,style2,random,256,200,cuda:1,1,1,15036
e519dd36,mobile,interpolation,1024,100,cuda:1,1,1,14004
940c1b95,swa,interpolation,1024,400,cuda:1,2,1,52989
abfa4f18,anycost,random,512,100,cuda:1,2,1,15965
bfc18603,anycost,interpolation,1024,400,-1,-1,1,-1
a97e7a99,swa,random,256,200,cuda:1,8,1,22933
8cf18c8d,style1,interpolation,1024,200,cuda:0,4,1,15917
f8dcc2cc,style1,random,256,100,cuda:1,8,1,11897
4e299023,stylemap,interpolation,1024,800,cuda:0,1,1,-1
b539b3cf,stylemap,random,512,800,cuda:1,1,1,-1
622c79da,mobile,random,256,800,cuda:1,8,1,19790
926fb487,mobile,interpolation,512,400,cuda:1,8,1,29763
3b96a0c1,stylemap,interpolation,256,800,cuda:1,1,1,-1
9a4c8215,style2,interpolation,256,400,cuda:1,4,1,44621
9d7493fe,swa,interpolation,256,800,cuda:0,8,1,-1
04def4c9,style2,random,512,100,cuda:0,1,1,23524
bab740eb,swa,random,512,800,cuda:0,2,1,-1
f7885b90,style2,interpolation,512,200,cuda:0,4,1,25423
8a0b855c,style1,random,512,400,cuda:0,8,1,14408
dbfdd7e2,swa,interpolation,256,100,cuda:1,8,1,32389
25ba4de5,style2ada,interpolation,256,400,cuda:1,2,1,-1
b06f0f14,style2,random,256,100,cuda:0,8,1,15345
a2eceb52,stylemap,interpolation,256,800,cuda:0,2,1,-1
644c7ce5,anycost,random,256,800,cuda:1,4,1,-1
4ebc916f,stylemap,interpolation,512,100,cuda:0,1,1,-1
3fb69eeb,style1,interpolation,1024,100,-1,-1,1,-1




